"../../../Engine/Content/EditorBlueprintResources/StandardMacros.uasset" 0
"../../../Engine/Content/EditorBlueprintResources/StandardMacros.uexp" 1
"E:/Unreal Projects/Dungeoner/Content/Blueprint/GetNumberLength.uasset" 2
"E:/Unreal Projects/Dungeoner/Content/Blueprint/GetNumberLength.uexp" 3
"E:/Unreal Projects/Dungeoner/Content/Blueprint/Enums/PhysicalDamageScaling.uasset" 4
"E:/Unreal Projects/Dungeoner/Content/Blueprint/Enums/PhysicalDamageScaling.uexp" 5
"../../../Engine/Content/Functions/Engine_MaterialFunctions01/Density/ExponentialDensity.uasset" 6
"../../../Engine/Content/Functions/Engine_MaterialFunctions01/Density/ExponentialDensity.uexp" 7
"../../../Engine/Content/Functions/Engine_MaterialFunctions01/Gradient/RadialGradientExponential.uasset" 8
"../../../Engine/Content/Functions/Engine_MaterialFunctions01/Gradient/RadialGradientExponential.uexp" 9
"E:/Unreal Projects/Dungeoner/Content/Materials/BackgroundWithRoundedCorners.uasset" 10
"E:/Unreal Projects/Dungeoner/Content/Materials/BackgroundWithRoundedCorners.uexp" 11
"E:/Unreal Projects/Dungeoner/Content/Materials/BackgroundWithRoundedCorners_Inst.uasset" 12
"E:/Unreal Projects/Dungeoner/Content/Materials/BackgroundWithRoundedCorners_Inst.uexp" 13
"E:/Unreal Projects/Dungeoner/Content/Textures/BorderElement-1.uasset" 14
"E:/Unreal Projects/Dungeoner/Content/Textures/BorderElement-1.uexp" 15
"E:/Unreal Projects/Dungeoner/Content/Textures/BorderElement-2.uasset" 16
"E:/Unreal Projects/Dungeoner/Content/Textures/BorderElement-2.uexp" 17
"E:/Unreal Projects/Dungeoner/Content/Textures/DecorativePike-1.uasset" 18
"E:/Unreal Projects/Dungeoner/Content/Textures/DecorativePike-1.uexp" 19
"E:/Unreal Projects/Dungeoner/Content/Textures/ProgressBarDelimiter-1.uasset" 20
"E:/Unreal Projects/Dungeoner/Content/Textures/ProgressBarDelimiter-1.uexp" 21
"../../../Engine/Content/EngineMaterials/T_Default_Material_Grid_N.uasset" 22
"../../../Engine/Content/EngineMaterials/T_Default_Material_Grid_N.uexp" 23
"../../../Engine/Content/EngineMaterials/T_Default_Material_Grid_N.ubulk" 24
"../../../Engine/Content/EngineMaterials/T_Default_Material_Grid_M.uasset" 25
"../../../Engine/Content/EngineMaterials/T_Default_Material_Grid_M.uexp" 26
"../../../Engine/Content/EngineMaterials/T_Default_Material_Grid_M.ubulk" 27
"../../../Engine/Content/Functions/Engine_MaterialFunctions01/Opacity/CameraDepthFade.uasset" 28
"../../../Engine/Content/Functions/Engine_MaterialFunctions01/Opacity/CameraDepthFade.uexp" 29
"../../../Engine/Content/EngineMaterials/WorldGridMaterial.uasset" 30
"../../../Engine/Content/EngineMaterials/WorldGridMaterial.uexp" 31
"../../../Engine/Content/ArtTools/RenderToTexture/Meshes/S_1_Unit_Plane.uasset" 32
"../../../Engine/Content/ArtTools/RenderToTexture/Meshes/S_1_Unit_Plane.uexp" 33
"../../../Engine/Content/EngineMaterials/DefaultMaterial.uasset" 34
"../../../Engine/Content/EngineMaterials/DefaultMaterial.uexp" 35
"../../../Engine/Content/BasicShapes/Cone.uasset" 36
"../../../Engine/Content/BasicShapes/Cone.uexp" 37
"../../../Engine/Content/BasicShapes/Cube.uasset" 38
"../../../Engine/Content/BasicShapes/Cube.uexp" 39
"../../../Engine/Content/BasicShapes/Plane.uasset" 40
"../../../Engine/Content/BasicShapes/Plane.uexp" 41
"../../../Engine/Content/BasicShapes/Sphere.uasset" 42
"../../../Engine/Content/BasicShapes/Sphere.uexp" 43
"../../../Engine/Content/EditorLandscapeResources/DataLayer.uasset" 44
"../../../Engine/Content/EditorLandscapeResources/DataLayer.uexp" 45
"../../../Engine/Content/EditorLandscapeResources/DefaultAlphaTexture.uasset" 46
"../../../Engine/Content/EditorLandscapeResources/DefaultAlphaTexture.uexp" 47
"../../../Engine/Content/EditorMaterials/MAT_Groups_Toggle.uasset" 48
"../../../Engine/Content/EditorMaterials/MAT_Groups_Toggle.uexp" 49
"../../../Engine/Content/EditorMaterials/MAT_Groups_Visibility.uasset" 50
"../../../Engine/Content/EditorMaterials/MAT_Groups_Visibility.uexp" 51
"../../../Engine/Content/EditorMaterials/PreviewShadowIndicator.uasset" 52
"../../../Engine/Content/EditorMaterials/PreviewShadowIndicator.uexp" 53
"../../../Engine/Content/EditorMaterials/PreviewShadowIndicator.ubulk" 54
"../../../Engine/Content/EditorMaterials/PreviewShadowIndicatorMaterial.uasset" 55
"../../../Engine/Content/EditorMaterials/PreviewShadowIndicatorMaterial.uexp" 56
"../../../Engine/Content/EditorMaterials/MatineeGroups/MAT_ColorTrack.uasset" 57
"../../../Engine/Content/EditorMaterials/MatineeGroups/MAT_ColorTrack.uexp" 58
"../../../Engine/Content/EditorMaterials/MatineeGroups/MAT_Groups_Anim.uasset" 59
"../../../Engine/Content/EditorMaterials/MatineeGroups/MAT_Groups_Anim.uexp" 60
"../../../Engine/Content/EditorMaterials/MatineeGroups/MAT_Groups_AudioMaster.uasset" 61
"../../../Engine/Content/EditorMaterials/MatineeGroups/MAT_Groups_AudioMaster.uexp" 62
"../../../Engine/Content/EditorMaterials/MatineeGroups/MAT_Groups_Director.uasset" 63
"../../../Engine/Content/EditorMaterials/MatineeGroups/MAT_Groups_Director.uexp" 64
"../../../Engine/Content/EditorMaterials/MatineeGroups/MAT_Groups_Event.uasset" 65
"../../../Engine/Content/EditorMaterials/MatineeGroups/MAT_Groups_Event.uexp" 66
"../../../Engine/Content/EditorMaterials/MatineeGroups/MAT_Groups_Fade.uasset" 67
"../../../Engine/Content/EditorMaterials/MatineeGroups/MAT_Groups_Fade.uexp" 68
"../../../Engine/Content/EditorMaterials/MatineeGroups/MAT_Groups_Float.uasset" 69
"../../../Engine/Content/EditorMaterials/MatineeGroups/MAT_Groups_Float.uexp" 70
"../../../Engine/Content/EditorMaterials/MatineeGroups/MAT_Groups_Move.uasset" 71
"../../../Engine/Content/EditorMaterials/MatineeGroups/MAT_Groups_Move.uexp" 72
"../../../Engine/Content/EditorMaterials/MatineeGroups/MAT_Groups_Slomo.uasset" 73
"../../../Engine/Content/EditorMaterials/MatineeGroups/MAT_Groups_Slomo.uexp" 74
"../../../Engine/Content/EditorMaterials/MatineeGroups/MAT_Groups_Sound.uasset" 75
"../../../Engine/Content/EditorMaterials/MatineeGroups/MAT_Groups_Sound.uexp" 76
"../../../Engine/Content/EditorMaterials/MatineeGroups/MAT_Groups_Vector.uasset" 77
"../../../Engine/Content/EditorMaterials/MatineeGroups/MAT_Groups_Vector.uexp" 78
"../../../Engine/Content/EditorMaterials/ParticleSystems/PSysThumbnail_NoImage.uasset" 79
"../../../Engine/Content/EditorMaterials/ParticleSystems/PSysThumbnail_NoImage.uexp" 80
"../../../Engine/Content/EditorMaterials/ParticleSystems/PSysThumbnail_NoImage.ubulk" 81
"../../../Engine/Content/EditorMaterials/ParticleSystems/PSysThumbnail_OOD.uasset" 82
"../../../Engine/Content/EditorMaterials/ParticleSystems/PSysThumbnail_OOD.uexp" 83
"../../../Engine/Content/EditorMaterials/ParticleSystems/PSysThumbnail_OOD.ubulk" 84
"../../../Engine/Content/EditorMaterials/Camera/CineMat.uasset" 85
"../../../Engine/Content/EditorMaterials/Camera/CineMat.uexp" 86
"../../../Engine/Content/EditorMaterials/Camera/MI_CineMat_Rig.uasset" 87
"../../../Engine/Content/EditorMaterials/Camera/MI_CineMat_Rig.uexp" 88
"../../../Engine/Content/EditorMeshes/Camera/SM_CraneRig_Arm.uasset" 89
"../../../Engine/Content/EditorMeshes/Camera/SM_CraneRig_Arm.uexp" 90
"../../../Engine/Content/EditorMeshes/Camera/SM_CraneRig_Base.uasset" 91
"../../../Engine/Content/EditorMeshes/Camera/SM_CraneRig_Base.uexp" 92
"../../../Engine/Content/EditorMeshes/Camera/SM_CraneRig_Body.uasset" 93
"../../../Engine/Content/EditorMeshes/Camera/SM_CraneRig_Body.uexp" 94
"../../../Engine/Content/EditorMeshes/Camera/SM_CraneRig_Mount.uasset" 95
"../../../Engine/Content/EditorMeshes/Camera/SM_CraneRig_Mount.uexp" 96
"../../../Engine/Content/EditorMeshes/Camera/SM_RailRig_Mount.uasset" 97
"../../../Engine/Content/EditorMeshes/Camera/SM_RailRig_Mount.uexp" 98
"../../../Engine/Content/EditorMeshes/Camera/SM_RailRig_Track.uasset" 99
"../../../Engine/Content/EditorMeshes/Camera/SM_RailRig_Track.uexp" 100
"../../../Engine/Content/EditorResources/BSPVertex.uasset" 101
"../../../Engine/Content/EditorResources/BSPVertex.uexp" 102
"../../../Engine/Content/EditorResources/EmptyActor.uasset" 103
"../../../Engine/Content/EditorResources/EmptyActor.uexp" 104
"../../../Engine/Content/EditorResources/S_Actor.uasset" 105
"../../../Engine/Content/EditorResources/S_Actor.uexp" 106
"../../../Engine/Content/EditorResources/S_Actor.ubulk" 107
"../../../Engine/Content/EditorResources/S_Note.uasset" 108
"../../../Engine/Content/EditorResources/S_Note.uexp" 109
"../../../Engine/Content/EditorResources/S_Note.ubulk" 110
"../../../Engine/Content/EditorResources/S_Solver.uasset" 111
"../../../Engine/Content/EditorResources/S_Solver.uexp" 112
"../../../Engine/Content/EditorResources/S_Solver.ubulk" 113
"../../../Engine/Content/EditorResources/S_Terrain.uasset" 114
"../../../Engine/Content/EditorResources/S_Terrain.uexp" 115
"../../../Engine/Content/EditorResources/S_Terrain.ubulk" 116
"../../../Engine/Content/EditorResources/S_Trigger.uasset" 117
"../../../Engine/Content/EditorResources/S_Trigger.uexp" 118
"../../../Engine/Content/EditorResources/S_Trigger.ubulk" 119
"../../../Engine/Content/EditorResources/SequenceRecorder/Countdown.uasset" 120
"../../../Engine/Content/EditorResources/SequenceRecorder/Countdown.uexp" 121
"../../../Engine/Content/EditorResources/SequenceRecorder/RecordingIndicator.uasset" 122
"../../../Engine/Content/EditorResources/SequenceRecorder/RecordingIndicator.uexp" 123
"../../../Engine/Content/EngineDamageTypes/DmgTypeBP_Environmental.uasset" 124
"../../../Engine/Content/EngineDamageTypes/DmgTypeBP_Environmental.uexp" 125
"../../../Engine/Content/EngineDebugMaterials/DebugEditorMaterial.uasset" 126
"../../../Engine/Content/EngineDebugMaterials/DebugEditorMaterial.uexp" 127
"../../../Engine/Content/EngineDebugMaterials/DebugMeshMaterial.uasset" 128
"../../../Engine/Content/EngineDebugMaterials/DebugMeshMaterial.uexp" 129
"../../../Engine/Content/EngineDebugMaterials/M_SimpleUnlitTranslucent.uasset" 130
"../../../Engine/Content/EngineDebugMaterials/M_SimpleUnlitTranslucent.uexp" 131
"../../../Engine/Content/EngineDebugMaterials/VolumeToRender.uasset" 132
"../../../Engine/Content/EngineDebugMaterials/VolumeToRender.uexp" 133
"../../../Engine/Content/Functions/Engine_MaterialFunctions02/Utility/CameraDirectionVector.uasset" 134
"../../../Engine/Content/Functions/Engine_MaterialFunctions02/Utility/CameraDirectionVector.uexp" 135
"../../../Engine/Content/EngineDebugMaterials/M_VolumeRenderSphereTracePP.uasset" 136
"../../../Engine/Content/EngineDebugMaterials/M_VolumeRenderSphereTracePP.uexp" 137
"../../../Engine/Content/Functions/Engine_MaterialFunctions01/Shading/ConvertFromDiffSpec.uasset" 138
"../../../Engine/Content/Functions/Engine_MaterialFunctions01/Shading/ConvertFromDiffSpec.uexp" 139
"../../../Engine/Content/EngineDebugMaterials/VertexColorMaterial.uasset" 140
"../../../Engine/Content/EngineDebugMaterials/VertexColorMaterial.uexp" 141
"../../../Engine/Content/EngineDebugMaterials/WireframeMaterial.uasset" 142
"../../../Engine/Content/EngineDebugMaterials/WireframeMaterial.uexp" 143
"../../../Engine/Content/EngineFonts/Faces/RobotoRegular.uasset" 144
"../../../Engine/Content/EngineFonts/Faces/RobotoRegular.uexp" 145
"../../../Engine/Content/EngineFonts/Faces/RobotoRegular.ufont" 146
"../../../Engine/Content/EngineFonts/Faces/RobotoLight.uasset" 147
"../../../Engine/Content/EngineFonts/Faces/RobotoLight.uexp" 148
"../../../Engine/Content/EngineFonts/Faces/RobotoLight.ufont" 149
"../../../Engine/Content/EngineFonts/Faces/RobotoItalic.uasset" 150
"../../../Engine/Content/EngineFonts/Faces/RobotoItalic.uexp" 151
"../../../Engine/Content/EngineFonts/Faces/RobotoItalic.ufont" 152
"../../../Engine/Content/EngineFonts/Faces/RobotoBoldItalic.uasset" 153
"../../../Engine/Content/EngineFonts/Faces/RobotoBoldItalic.uexp" 154
"../../../Engine/Content/EngineFonts/Faces/RobotoBoldItalic.ufont" 155
"../../../Engine/Content/EngineFonts/Faces/RobotoBold.uasset" 156
"../../../Engine/Content/EngineFonts/Faces/RobotoBold.uexp" 157
"../../../Engine/Content/EngineFonts/Faces/RobotoBold.ufont" 158
"../../../Engine/Content/EngineFonts/Faces/DroidSansFallback.uasset" 159
"../../../Engine/Content/EngineFonts/Faces/DroidSansFallback.uexp" 160
"../../../Engine/Content/EngineFonts/Faces/DroidSansFallback.ufont" 161
"../../../Engine/Content/EngineFonts/Roboto.uasset" 162
"../../../Engine/Content/EngineFonts/Roboto.uexp" 163
"../../../Engine/Content/EngineMaterials/BaseFlattenNormalMap.uasset" 164
"../../../Engine/Content/EngineMaterials/BaseFlattenNormalMap.uexp" 165
"../../../Engine/Content/EngineMaterials/BaseFlattenGrayscaleMap.uasset" 166
"../../../Engine/Content/EngineMaterials/BaseFlattenGrayscaleMap.uexp" 167
"../../../Engine/Content/EngineMaterials/BaseFlattenEmissiveMap.uasset" 168
"../../../Engine/Content/EngineMaterials/BaseFlattenEmissiveMap.uexp" 169
"../../../Engine/Content/EngineMaterials/BaseFlattenDiffuseMap.uasset" 170
"../../../Engine/Content/EngineMaterials/BaseFlattenDiffuseMap.uexp" 171
"../../../Engine/Content/EngineMaterials/BaseFlattenMaterial.uasset" 172
"../../../Engine/Content/EngineMaterials/BaseFlattenMaterial.uexp" 173
"../../../Engine/Content/EngineMaterials/BlueNoise.uasset" 174
"../../../Engine/Content/EngineMaterials/BlueNoise.uexp" 175
"../../../Engine/Content/EngineMaterials/DefaultBloomKernel.uasset" 176
"../../../Engine/Content/EngineMaterials/DefaultBloomKernel.uexp" 177
"../../../Engine/Content/EngineMaterials/DefaultBokeh.uasset" 178
"../../../Engine/Content/EngineMaterials/DefaultBokeh.uexp" 179
"../../../Engine/Content/EngineMaterials/DefaultDiffuse.uasset" 180
"../../../Engine/Content/EngineMaterials/DefaultDiffuse.uexp" 181
"../../../Engine/Content/EngineMaterials/DefaultDiffuse.ubulk" 182
"../../../Engine/Content/EngineMaterials/DefaultDeferredDecalMaterial.uasset" 183
"../../../Engine/Content/EngineMaterials/DefaultDeferredDecalMaterial.uexp" 184
"../../../Engine/Content/EngineMaterials/DefaultLightFunctionMaterial.uasset" 185
"../../../Engine/Content/EngineMaterials/DefaultLightFunctionMaterial.uexp" 186
"../../../Engine/Content/EngineMaterials/DefaultPhysicalMaterial.uasset" 187
"../../../Engine/Content/EngineMaterials/DefaultPhysicalMaterial.uexp" 188
"../../../Engine/Content/Functions/Engine_MaterialFunctions02/Utility/BreakOutFloat2Components.uasset" 189
"../../../Engine/Content/Functions/Engine_MaterialFunctions02/Utility/BreakOutFloat2Components.uexp" 190
"../../../Engine/Content/EngineMaterials/DefaultPostProcessMaterial.uasset" 191
"../../../Engine/Content/EngineMaterials/DefaultPostProcessMaterial.uexp" 192
"../../../Engine/Content/EngineFonts/RobotoDistanceField.uasset" 193
"../../../Engine/Content/EngineFonts/RobotoDistanceField.uexp" 194
"../../../Engine/Content/EngineMaterials/DefaultTextMaterialOpaque.uasset" 195
"../../../Engine/Content/EngineMaterials/DefaultTextMaterialOpaque.uexp" 196
"../../../Engine/Content/EngineMaterials/DefaultWhiteGrid.uasset" 197
"../../../Engine/Content/EngineMaterials/DefaultWhiteGrid.uexp" 198
"../../../Engine/Content/EngineMaterials/DefaultWhiteGrid.ubulk" 199
"../../../Engine/Content/EngineMaterials/DefaultWhiteGrid_Low.uasset" 200
"../../../Engine/Content/EngineMaterials/DefaultWhiteGrid_Low.uexp" 201
"../../../Engine/Content/EngineMaterials/EmissiveMeshMaterial.uasset" 202
"../../../Engine/Content/EngineMaterials/EmissiveMeshMaterial.uexp" 203
"../../../Engine/Content/EngineMaterials/GizmoMaterial.uasset" 204
"../../../Engine/Content/EngineMaterials/GizmoMaterial.uexp" 205
"../../../Engine/Content/EngineMaterials/Good64x64TilingNoiseHighFreq.uasset" 206
"../../../Engine/Content/EngineMaterials/Good64x64TilingNoiseHighFreq.uexp" 207
"../../../Engine/Content/EngineMaterials/MiniFont.uasset" 208
"../../../Engine/Content/EngineMaterials/MiniFont.uexp" 209
"../../../Engine/Content/EngineMaterials/InvalidLightmapSettings.uasset" 210
"../../../Engine/Content/EngineMaterials/InvalidLightmapSettings.uexp" 211
"../../../Engine/Content/EngineMaterials/InvalidLightmapSettings.ubulk" 212
"../../../Engine/Content/EngineMaterials/M_InvalidLightmapSettings.uasset" 213
"../../../Engine/Content/EngineMaterials/M_InvalidLightmapSettings.uexp" 214
"../../../Engine/Content/Functions/Engine_MaterialFunctions02/WorldPositionOffset/CameraOffset.uasset" 215
"../../../Engine/Content/Functions/Engine_MaterialFunctions02/WorldPositionOffset/CameraOffset.uexp" 216
"../../../Engine/Content/EngineMaterials/PhAT_JointLimitMaterial.uasset" 217
"../../../Engine/Content/EngineMaterials/PhAT_JointLimitMaterial.uexp" 218
"../../../Engine/Content/EngineMaterials/DefaultCalibrationColor.uasset" 219
"../../../Engine/Content/EngineMaterials/DefaultCalibrationColor.uexp" 220
"../../../Engine/Content/EngineMaterials/PPM_DefaultCalibrationColor.uasset" 221
"../../../Engine/Content/EngineMaterials/PPM_DefaultCalibrationColor.uexp" 222
"../../../Engine/Content/EngineMaterials/DefaultCalibrationGrayscale.uasset" 223
"../../../Engine/Content/EngineMaterials/DefaultCalibrationGrayscale.uexp" 224
"../../../Engine/Content/EngineMaterials/PPM_DefaultCalibrationGrayscale.uasset" 225
"../../../Engine/Content/EngineMaterials/PPM_DefaultCalibrationGrayscale.uexp" 226
"../../../Engine/Content/EngineMaterials/PreintegratedSkinBRDF.uasset" 227
"../../../Engine/Content/EngineMaterials/PreintegratedSkinBRDF.uexp" 228
"../../../Engine/Content/EngineMaterials/RemoveSurfaceMaterial.uasset" 229
"../../../Engine/Content/EngineMaterials/RemoveSurfaceMaterial.uexp" 230
"../../../Engine/Content/EngineMaterials/WeightMapPlaceholderTexture.uasset" 231
"../../../Engine/Content/EngineMaterials/WeightMapPlaceholderTexture.uexp" 232
"../../../Engine/Content/EngineResources/WhiteSquareTexture.uasset" 233
"../../../Engine/Content/EngineResources/WhiteSquareTexture.uexp" 234
"../../../Engine/Content/EngineMaterials/Widget3DPassThrough.uasset" 235
"../../../Engine/Content/EngineMaterials/Widget3DPassThrough.uexp" 236
"../../../Engine/Content/EngineMaterials/Widget3DPassThrough_Masked.uasset" 237
"../../../Engine/Content/EngineMaterials/Widget3DPassThrough_Masked.uexp" 238
"../../../Engine/Content/EngineMaterials/Widget3DPassThrough_Opaque.uasset" 239
"../../../Engine/Content/EngineMaterials/Widget3DPassThrough_Opaque.uexp" 240
"../../../Engine/Content/EngineMaterials/Widget3DPassThrough_Masked_OneSided.uasset" 241
"../../../Engine/Content/EngineMaterials/Widget3DPassThrough_Masked_OneSided.uexp" 242
"../../../Engine/Content/EngineMaterials/Widget3DPassThrough_Opaque_OneSided.uasset" 243
"../../../Engine/Content/EngineMaterials/Widget3DPassThrough_Opaque_OneSided.uexp" 244
"../../../Engine/Content/EngineMaterials/Widget3DPassThrough_Translucent.uasset" 245
"../../../Engine/Content/EngineMaterials/Widget3DPassThrough_Translucent.uexp" 246
"../../../Engine/Content/EngineMaterials/Widget3DPassThrough_Translucent_OneSided.uasset" 247
"../../../Engine/Content/EngineMaterials/Widget3DPassThrough_Translucent_OneSided.uexp" 248
"../../../Engine/Content/EngineMeshes/Cube.uasset" 249
"../../../Engine/Content/EngineMeshes/Cube.uexp" 250
"../../../Engine/Content/EngineMeshes/Cylinder.uasset" 251
"../../../Engine/Content/EngineMeshes/Cylinder.uexp" 252
"../../../Engine/Content/EngineMeshes/Sphere.uasset" 253
"../../../Engine/Content/EngineMeshes/Sphere.uexp" 254
"../../../Engine/Content/EngineResources/DefaultTexture.uasset" 255
"../../../Engine/Content/EngineResources/DefaultTexture.uexp" 256
"../../../Engine/Content/EngineResources/DefaultTexture.ubulk" 257
"../../../Engine/Content/EngineResources/DefaultTextureCube.uasset" 258
"../../../Engine/Content/EngineResources/DefaultTextureCube.uexp" 259
"../../../Engine/Content/EngineResources/DefaultVolumeTexture2D.uasset" 260
"../../../Engine/Content/EngineResources/DefaultVolumeTexture2D.uexp" 261
"../../../Engine/Content/EngineResources/DefaultVolumeTexture.uasset" 262
"../../../Engine/Content/EngineResources/DefaultVolumeTexture.uexp" 263
"../../../Engine/Content/EngineResources/GradientTexture0.uasset" 264
"../../../Engine/Content/EngineResources/GradientTexture0.uexp" 265
"../../../Engine/Content/EngineSky/VolumetricClouds/T_NoiseShape64.uasset" 266
"../../../Engine/Content/EngineSky/VolumetricClouds/T_NoiseShape64.uexp" 267
"../../../Engine/Content/EngineSky/VolumetricClouds/T_NoiseShape64.ubulk" 268
"../../../Engine/Content/EngineSky/VolumetricClouds/T_VolumeNoiseShape64.uasset" 269
"../../../Engine/Content/EngineSky/VolumetricClouds/T_VolumeNoiseShape64.uexp" 270
"../../../Engine/Content/EngineSky/VolumetricClouds/T_NoiseErosion.uasset" 271
"../../../Engine/Content/EngineSky/VolumetricClouds/T_NoiseErosion.uexp" 272
"../../../Engine/Content/EngineSky/VolumetricClouds/T_NoiseErosion.ubulk" 273
"../../../Engine/Content/EngineSky/VolumetricClouds/T_VolumeNoiseErosion32.uasset" 274
"../../../Engine/Content/EngineSky/VolumetricClouds/T_VolumeNoiseErosion32.uexp" 275
"../../../Engine/Content/EngineSky/VolumetricClouds/CloudWeatherTexture.uasset" 276
"../../../Engine/Content/EngineSky/VolumetricClouds/CloudWeatherTexture.uexp" 277
"../../../Engine/Content/EngineSky/VolumetricClouds/CloudGradientTexture.uasset" 278
"../../../Engine/Content/EngineSky/VolumetricClouds/CloudGradientTexture.uexp" 279
"../../../Engine/Content/Functions/Engine_MaterialFunctions02/Utility/MakeFloat2.uasset" 280
"../../../Engine/Content/Functions/Engine_MaterialFunctions02/Utility/MakeFloat2.uexp" 281
"../../../Engine/Content/EngineSky/VolumetricClouds/m_SimpleVolumetricCloud.uasset" 282
"../../../Engine/Content/EngineSky/VolumetricClouds/m_SimpleVolumetricCloud.uexp" 283
"../../../Engine/Content/EngineSky/VolumetricClouds/m_SimpleVolumetricCloud_Inst.uasset" 284
"../../../Engine/Content/EngineSky/VolumetricClouds/m_SimpleVolumetricCloud_Inst.uexp" 285
"../../../Engine/Content/EngineSounds/Master.uasset" 286
"../../../Engine/Content/EngineSounds/Master.uexp" 287
"../../../Engine/Content/Functions/Engine_MaterialFunctions01/Shading/PowerToRoughness.uasset" 288
"../../../Engine/Content/Functions/Engine_MaterialFunctions01/Shading/PowerToRoughness.uexp" 289
"../../../Engine/Content/Maps/Templates/Thumbnails/Default.uasset" 290
"../../../Engine/Content/Maps/Templates/Thumbnails/Default.uexp" 291
"../../../Engine/Content/Maps/Templates/Thumbnails/TimeOfDay.uasset" 292
"../../../Engine/Content/Maps/Templates/Thumbnails/TimeOfDay.uexp" 293
"../../../Engine/Content/Maps/Templates/Thumbnails/VR-Basic.uasset" 294
"../../../Engine/Content/Maps/Templates/Thumbnails/VR-Basic.uexp" 295
"../../../Engine/Content/MobileResources/T_MobileControls_texture.uasset" 296
"../../../Engine/Content/MobileResources/T_MobileControls_texture.uexp" 297
"../../../Engine/Content/MobileResources/T_MobileMenu2.uasset" 298
"../../../Engine/Content/MobileResources/T_MobileMenu2.uexp" 299
"../../../Engine/Content/MobileResources/HUD/AnalogHat.uasset" 300
"../../../Engine/Content/MobileResources/HUD/AnalogHat.uexp" 301
"../../../Engine/Content/MobileResources/HUD/VirtualJoystick_Thumb.uasset" 302
"../../../Engine/Content/MobileResources/HUD/VirtualJoystick_Thumb.uexp" 303
"../../../Engine/Content/MobileResources/HUD/VirtualJoystick_Background.uasset" 304
"../../../Engine/Content/MobileResources/HUD/VirtualJoystick_Background.uexp" 305
"../../../Engine/Content/MobileResources/HUD/DefaultVirtualJoysticks.uasset" 306
"../../../Engine/Content/MobileResources/HUD/DefaultVirtualJoysticks.uexp" 307
"../../../Engine/Content/MobileResources/HUD/LeftVirtualJoystickOnly.uasset" 308
"../../../Engine/Content/MobileResources/HUD/LeftVirtualJoystickOnly.uexp" 309
"../../../Engine/Content/MobileResources/HUD/MobileHUDButton1_off.uasset" 310
"../../../Engine/Content/MobileResources/HUD/MobileHUDButton1_off.uexp" 311
"../../../Engine/Content/MobileResources/HUD/MobileHUDButton1_on.uasset" 312
"../../../Engine/Content/MobileResources/HUD/MobileHUDButton1_on.uexp" 313
"../../../Engine/Content/MobileResources/HUD/MobileHUDButton2_off.uasset" 314
"../../../Engine/Content/MobileResources/HUD/MobileHUDButton2_off.uexp" 315
"../../../Engine/Content/MobileResources/HUD/MobileHUDButton2_on.uasset" 316
"../../../Engine/Content/MobileResources/HUD/MobileHUDButton2_on.uexp" 317
"../../../Engine/Content/MobileResources/HUD/MobileHUDButton3.uasset" 318
"../../../Engine/Content/MobileResources/HUD/MobileHUDButton3.uexp" 319
"../../../Engine/Content/MobileResources/HUD/MobileHUDButtonFire.uasset" 320
"../../../Engine/Content/MobileResources/HUD/MobileHUDButtonFire.uexp" 321
"../../../Engine/Content/MobileResources/HUD/MobileHUDDirectionPad.uasset" 322
"../../../Engine/Content/MobileResources/HUD/MobileHUDDirectionPad.uexp" 323
"../../../Engine/Content/MobileResources/HUD/MobileHUDDirectionPad2.uasset" 324
"../../../Engine/Content/MobileResources/HUD/MobileHUDDirectionPad2.uexp" 325
"../../../Engine/Content/MobileResources/HUD/MobileHUDDirectionPad3.uasset" 326
"../../../Engine/Content/MobileResources/HUD/MobileHUDDirectionPad3.uexp" 327
"../../../Engine/Content/MobileResources/HUD/MobileHUDDirectionStick.uasset" 328
"../../../Engine/Content/MobileResources/HUD/MobileHUDDirectionStick.uexp" 329
"../../../Engine/Content/MobileResources/HUD/T_Castle_ThumbstickInner.uasset" 330
"../../../Engine/Content/MobileResources/HUD/T_Castle_ThumbstickInner.uexp" 331
"../../../Engine/Content/MobileResources/HUD/T_Castle_ThumbstickOutter.uasset" 332
"../../../Engine/Content/MobileResources/HUD/T_Castle_ThumbstickOutter.uexp" 333
"../../../Engine/Content/Tutorial/ContentIntroCurve.uasset" 334
"../../../Engine/Content/Tutorial/ContentIntroCurve.uexp" 335
"../../../Engine/Content/Tutorial/Basics/TutorialAssets/icon_tab_Levels_40x.uasset" 336
"../../../Engine/Content/Tutorial/Basics/TutorialAssets/icon_tab_Levels_40x.uexp" 337
"../../../Engine/Content/Tutorial/BlueprintTutorials/TutorialAssets/Blueprint_64x.uasset" 338
"../../../Engine/Content/Tutorial/BlueprintTutorials/TutorialAssets/Blueprint_64x.uexp" 339
"../../../Engine/Content/Tutorial/BlueprintTutorials/TutorialAssets/BlueprintInterface_64x.uasset" 340
"../../../Engine/Content/Tutorial/BlueprintTutorials/TutorialAssets/BlueprintInterface_64x.uexp" 341
"../../../Engine/Content/Tutorial/BlueprintTutorials/TutorialAssets/BlueprintMacroLibrary_64x.uasset" 342
"../../../Engine/Content/Tutorial/BlueprintTutorials/TutorialAssets/BlueprintMacroLibrary_64x.uexp" 343
"../../../Engine/Content/Tutorial/BlueprintTutorials/TutorialAssets/Tutorial_BP_Interface.uasset" 344
"../../../Engine/Content/Tutorial/BlueprintTutorials/TutorialAssets/Tutorial_BP_Interface.uexp" 345
"../../../Engine/Content/Tutorial/SubEditors/TutorialAssets/TutorialMaterial.uasset" 346
"../../../Engine/Content/Tutorial/SubEditors/TutorialAssets/TutorialMaterial.uexp" 347
"../../../Engine/Content/Tutorial/SubEditors/TutorialAssets/T_soft_smoke.uasset" 348
"../../../Engine/Content/Tutorial/SubEditors/TutorialAssets/T_soft_smoke.uexp" 349
"../../../Engine/Content/Tutorial/SubEditors/TutorialAssets/T_soft_smoke.ubulk" 350
"../../../Engine/Content/Tutorial/SubEditors/TutorialAssets/T_SmokeSubUV_8X8.uasset" 351
"../../../Engine/Content/Tutorial/SubEditors/TutorialAssets/T_SmokeSubUV_8X8.uexp" 352
"../../../Engine/Content/Tutorial/SubEditors/TutorialAssets/T_SmokeSubUV_8X8.ubulk" 353
"../../../Engine/Content/Tutorial/SubEditors/TutorialAssets/M_smoke_subUV_blackbody.uasset" 354
"../../../Engine/Content/Tutorial/SubEditors/TutorialAssets/M_smoke_subUV_blackbody.uexp" 355
"../../../Engine/Content/Tutorial/SubEditors/TutorialAssets/TutorialParticleSystem.uasset" 356
"../../../Engine/Content/Tutorial/SubEditors/TutorialAssets/TutorialParticleSystem.uexp" 357
"../../../Engine/Content/VREditor/TransformGizmo/TranslucentTransformGizmoMaterial.uasset" 358
"../../../Engine/Content/VREditor/TransformGizmo/TranslucentTransformGizmoMaterial.uexp" 359
"../../../Engine/Content/VREditor/LaserPointer/VR_LaserPower_01.uasset" 360
"../../../Engine/Content/VREditor/LaserPointer/VR_LaserPower_01.uexp" 361
"../../../Engine/Content/VREditor/LaserPointer/VR_LaserPower_01.ubulk" 362
"../../../Engine/Content/VREditor/TransformGizmo/TransformGizmoMaterial.uasset" 363
"../../../Engine/Content/VREditor/TransformGizmo/TransformGizmoMaterial.uexp" 364
"../../../Engine/Content/VREditor/TransformGizmo/BoundingBoxCorner.uasset" 365
"../../../Engine/Content/VREditor/TransformGizmo/BoundingBoxCorner.uexp" 366
"../../../Engine/Content/VREditor/TransformGizmo/BoundingBoxEdge.uasset" 367
"../../../Engine/Content/VREditor/TransformGizmo/BoundingBoxEdge.uexp" 368
"../../../Engine/Content/VREditor/TransformGizmo/PlaneTranslationHandle.uasset" 369
"../../../Engine/Content/VREditor/TransformGizmo/PlaneTranslationHandle.uexp" 370
"../../../Engine/Content/VREditor/TransformGizmo/Xray.uasset" 371
"../../../Engine/Content/VREditor/TransformGizmo/Xray.uexp" 372
"../../../Engine/Content/VREditor/TransformGizmo/Main.uasset" 373
"../../../Engine/Content/VREditor/TransformGizmo/Main.uexp" 374
"../../../Engine/Content/VREditor/TransformGizmo/SM_Sequencer_Key.uasset" 375
"../../../Engine/Content/VREditor/TransformGizmo/SM_Sequencer_Key.uexp" 376
"../../../Engine/Content/VREditor/TransformGizmo/SM_Sequencer_Node.uasset" 377
"../../../Engine/Content/VREditor/TransformGizmo/SM_Sequencer_Node.uexp" 378
"../../../Engine/Plugins/2D/Paper2D/Content/PlaceholderTextures/DummySpriteTexture.uasset" 379
"../../../Engine/Plugins/2D/Paper2D/Content/PlaceholderTextures/DummySpriteTexture.uexp" 380
"../../../Engine/Plugins/2D/Paper2D/Content/PlaceholderTextures/DummySpriteTexture.ubulk" 381
"../../../Engine/Plugins/2D/Paper2D/Content/DummySprite.uasset" 382
"../../../Engine/Plugins/2D/Paper2D/Content/DummySprite.uexp" 383
"../../../Engine/Plugins/2D/Paper2D/Content/DefaultPaperTerrainMaterial.uasset" 384
"../../../Engine/Plugins/2D/Paper2D/Content/DefaultPaperTerrainMaterial.uexp" 385
"../../../Engine/Plugins/2D/Paper2D/Content/DefaultSpriteMaterial.uasset" 386
"../../../Engine/Plugins/2D/Paper2D/Content/DefaultSpriteMaterial.uexp" 387
"../../../Engine/Plugins/2D/Paper2D/Content/MaskedUnlitSpriteMaterial.uasset" 388
"../../../Engine/Plugins/2D/Paper2D/Content/MaskedUnlitSpriteMaterial.uexp" 389
"../../../Engine/Plugins/2D/Paper2D/Content/OpaqueUnlitSpriteMaterial.uasset" 390
"../../../Engine/Plugins/2D/Paper2D/Content/OpaqueUnlitSpriteMaterial.uexp" 391
"../../../Engine/Content/Functions/Engine_MaterialFunctions02/Utility/BreakOutFloat3Components.uasset" 392
"../../../Engine/Content/Functions/Engine_MaterialFunctions02/Utility/BreakOutFloat3Components.uexp" 393
"../../../Engine/Plugins/Editor/SpeedTreeImporter/Content/SpeedTree9/UnpackInteger3.uasset" 394
"../../../Engine/Plugins/Editor/SpeedTreeImporter/Content/SpeedTree9/UnpackInteger3.uexp" 395
"../../../Engine/Plugins/Editor/SpeedTreeImporter/Content/SpeedTree9/UnpackDirection.uasset" 396
"../../../Engine/Plugins/Editor/SpeedTreeImporter/Content/SpeedTree9/UnpackDirection.uexp" 397
"../../../Engine/Plugins/Editor/SpeedTreeImporter/Content/SpeedTree9/game_wind_noise.uasset" 398
"../../../Engine/Plugins/Editor/SpeedTreeImporter/Content/SpeedTree9/game_wind_noise.uexp" 399
"../../../Engine/Plugins/Editor/SpeedTreeImporter/Content/SpeedTree9/game_wind_noise.ubulk" 400
"../../../Engine/Content/Functions/Engine_MaterialFunctions02/SafeNormalize.uasset" 401
"../../../Engine/Content/Functions/Engine_MaterialFunctions02/SafeNormalize.uexp" 402
"../../../Engine/Plugins/Editor/SpeedTreeImporter/Content/SpeedTree9/SpeedTreeWindMotion.uasset" 403
"../../../Engine/Plugins/Editor/SpeedTreeImporter/Content/SpeedTree9/SpeedTreeWindMotion.uexp" 404
"../../../Engine/Plugins/Editor/SpeedTreeImporter/Content/SpeedTree9/SpeedTreeBranchMotion.uasset" 405
"../../../Engine/Plugins/Editor/SpeedTreeImporter/Content/SpeedTree9/SpeedTreeBranchMotion.uexp" 406
"../../../Engine/Content/Functions/Engine_MaterialFunctions02/ObjectLocalBounds.uasset" 407
"../../../Engine/Content/Functions/Engine_MaterialFunctions02/ObjectLocalBounds.uexp" 408
"../../../Engine/Content/Functions/Engine_MaterialFunctions02/UVs/BoundingBoxBased_0-1_UVW.uasset" 409
"../../../Engine/Content/Functions/Engine_MaterialFunctions02/UVs/BoundingBoxBased_0-1_UVW.uexp" 410
"../../../Engine/Content/Functions/Engine_MaterialFunctions02/Utility/VectorLength.uasset" 411
"../../../Engine/Content/Functions/Engine_MaterialFunctions02/Utility/VectorLength.uexp" 412
"../../../Engine/Content/Functions/Engine_MaterialFunctions02/WorldPositionOffset/ObjectScale.uasset" 413
"../../../Engine/Content/Functions/Engine_MaterialFunctions02/WorldPositionOffset/ObjectScale.uexp" 414
"../../../Engine/Plugins/Editor/SpeedTreeImporter/Content/SpeedTree9/SpeedTreeWind.uasset" 415
"../../../Engine/Plugins/Editor/SpeedTreeImporter/Content/SpeedTree9/SpeedTreeWind.uexp" 416
"../../../Engine/Plugins/Editor/SpeedTreeImporter/Content/SpeedTree9/SpeedTreeBillboard.uasset" 417
"../../../Engine/Plugins/Editor/SpeedTreeImporter/Content/SpeedTree9/SpeedTreeBillboard.uexp" 418
"../../../Engine/Plugins/Editor/SpeedTreeImporter/Content/SpeedTree9/EmptyNormal.uasset" 419
"../../../Engine/Plugins/Editor/SpeedTreeImporter/Content/SpeedTree9/EmptyNormal.uexp" 420
"../../../Engine/Plugins/Editor/SpeedTreeImporter/Content/SpeedTree9/Empty.uasset" 421
"../../../Engine/Plugins/Editor/SpeedTreeImporter/Content/SpeedTree9/Empty.uexp" 422
"../../../Engine/Plugins/Editor/SpeedTreeImporter/Content/SpeedTree9/SpeedTreeBillboardMaster.uasset" 423
"../../../Engine/Plugins/Editor/SpeedTreeImporter/Content/SpeedTree9/SpeedTreeBillboardMaster.uexp" 424
"../../../Engine/Plugins/Editor/SpeedTreeImporter/Content/SpeedTree9/SpeedTreeCameraFacing.uasset" 425
"../../../Engine/Plugins/Editor/SpeedTreeImporter/Content/SpeedTree9/SpeedTreeCameraFacing.uexp" 426
"../../../Engine/Plugins/Editor/SpeedTreeImporter/Content/SpeedTree9/SpeedTreeMaster.uasset" 427
"../../../Engine/Plugins/Editor/SpeedTreeImporter/Content/SpeedTree9/SpeedTreeMaster.uexp" 428
"../../../Engine/Content/BasicShapes/Cylinder.uasset" 429
"../../../Engine/Content/BasicShapes/Cylinder.uexp" 430
"../../../Engine/Content/ArtTools/RenderToTexture/Materials/Debug/M_Emissive_Color.uasset" 431
"../../../Engine/Content/ArtTools/RenderToTexture/Materials/Debug/M_Emissive_Color.uexp" 432
"../../../Engine/Plugins/Lumin/MagicLeapPassableWorld/Content/MagicLeapARPinInfoActor.uasset" 433
"../../../Engine/Plugins/Lumin/MagicLeapPassableWorld/Content/MagicLeapARPinInfoActor.uexp" 434
"../../../Engine/Plugins/Runtime/OpenXR/Content/Devices/GoogleDaydream/MRTexture.uasset" 435
"../../../Engine/Plugins/Runtime/OpenXR/Content/Devices/GoogleDaydream/MRTexture.uexp" 436
"../../../Engine/Plugins/Runtime/OpenXR/Content/Devices/GoogleDaydream/MRTexture.ubulk" 437
"../../../Engine/Plugins/Runtime/OpenXR/Content/Devices/GoogleDaydream/BaseTexture.uasset" 438
"../../../Engine/Plugins/Runtime/OpenXR/Content/Devices/GoogleDaydream/BaseTexture.uexp" 439
"../../../Engine/Plugins/Runtime/OpenXR/Content/Devices/GoogleDaydream/BaseTexture.ubulk" 440
"../../../Engine/Content/EngineResources/Black.uasset" 441
"../../../Engine/Content/EngineResources/Black.uexp" 442
"../../../Engine/Plugins/Runtime/OpenXR/Content/Devices/M_XRController.uasset" 443
"../../../Engine/Plugins/Runtime/OpenXR/Content/Devices/M_XRController.uexp" 444
"../../../Engine/Plugins/Runtime/OpenXR/Content/Devices/GoogleDaydream/MI_GoogleDaydream.uasset" 445
"../../../Engine/Plugins/Runtime/OpenXR/Content/Devices/GoogleDaydream/MI_GoogleDaydream.uexp" 446
"../../../Engine/Plugins/Runtime/OpenXR/Content/Devices/GoogleDaydream/GoogleDaydreamController.uasset" 447
"../../../Engine/Plugins/Runtime/OpenXR/Content/Devices/GoogleDaydream/GoogleDaydreamController.uexp" 448
"../../../Engine/Plugins/Runtime/OpenXR/Content/Devices/HTCVive/BaseTexture.uasset" 449
"../../../Engine/Plugins/Runtime/OpenXR/Content/Devices/HTCVive/BaseTexture.uexp" 450
"../../../Engine/Plugins/Runtime/OpenXR/Content/Devices/HTCVive/BaseTexture.ubulk" 451
"../../../Engine/Plugins/Runtime/OpenXR/Content/Devices/HTCVive/MI_HTCVive.uasset" 452
"../../../Engine/Plugins/Runtime/OpenXR/Content/Devices/HTCVive/MI_HTCVive.uexp" 453
"../../../Engine/Plugins/Runtime/OpenXR/Content/Devices/HTCVive/HTCViveController.uasset" 454
"../../../Engine/Plugins/Runtime/OpenXR/Content/Devices/HTCVive/HTCViveController.uexp" 455
"../../../Engine/Plugins/Runtime/OpenXR/Content/Devices/MicrosoftMixedReality/NormalTexture.uasset" 456
"../../../Engine/Plugins/Runtime/OpenXR/Content/Devices/MicrosoftMixedReality/NormalTexture.uexp" 457
"../../../Engine/Plugins/Runtime/OpenXR/Content/Devices/MicrosoftMixedReality/NormalTexture.ubulk" 458
"../../../Engine/Plugins/Runtime/OpenXR/Content/Devices/MicrosoftMixedReality/MRTexture.uasset" 459
"../../../Engine/Plugins/Runtime/OpenXR/Content/Devices/MicrosoftMixedReality/MRTexture.uexp" 460
"../../../Engine/Plugins/Runtime/OpenXR/Content/Devices/MicrosoftMixedReality/MRTexture.ubulk" 461
"../../../Engine/Plugins/Runtime/OpenXR/Content/Devices/MicrosoftMixedReality/EmissiveTexture.uasset" 462
"../../../Engine/Plugins/Runtime/OpenXR/Content/Devices/MicrosoftMixedReality/EmissiveTexture.uexp" 463
"../../../Engine/Plugins/Runtime/OpenXR/Content/Devices/MicrosoftMixedReality/EmissiveTexture.ubulk" 464
"../../../Engine/Plugins/Runtime/OpenXR/Content/Devices/MicrosoftMixedReality/BaseTexture.uasset" 465
"../../../Engine/Plugins/Runtime/OpenXR/Content/Devices/MicrosoftMixedReality/BaseTexture.uexp" 466
"../../../Engine/Plugins/Runtime/OpenXR/Content/Devices/MicrosoftMixedReality/BaseTexture.ubulk" 467
"../../../Engine/Plugins/Runtime/OpenXR/Content/Devices/MicrosoftMixedReality/MI_MicrosoftMixedReality.uasset" 468
"../../../Engine/Plugins/Runtime/OpenXR/Content/Devices/MicrosoftMixedReality/MI_MicrosoftMixedReality.uexp" 469
"../../../Engine/Plugins/Runtime/OpenXR/Content/Devices/MicrosoftMixedReality/Left/left_MicrosoftMixedRealityController.uasset" 470
"../../../Engine/Plugins/Runtime/OpenXR/Content/Devices/MicrosoftMixedReality/Left/left_MicrosoftMixedRealityController.uexp" 471
"../../../Engine/Plugins/Runtime/OpenXR/Content/Devices/MicrosoftMixedReality/Right/right_MicrosoftMixedRealityController.uasset" 472
"../../../Engine/Plugins/Runtime/OpenXR/Content/Devices/MicrosoftMixedReality/Right/right_MicrosoftMixedRealityController.uexp" 473
"../../../Engine/Plugins/Runtime/OpenXR/Content/Devices/OculusGo/BaseTexture.uasset" 474
"../../../Engine/Plugins/Runtime/OpenXR/Content/Devices/OculusGo/BaseTexture.uexp" 475
"../../../Engine/Plugins/Runtime/OpenXR/Content/Devices/OculusGo/BaseTexture.ubulk" 476
"../../../Engine/Plugins/Runtime/OpenXR/Content/Devices/OculusGo/MI_OculusGo.uasset" 477
"../../../Engine/Plugins/Runtime/OpenXR/Content/Devices/OculusGo/MI_OculusGo.uexp" 478
"../../../Engine/Plugins/Runtime/OpenXR/Content/Devices/OculusGo/OculusGoController.uasset" 479
"../../../Engine/Plugins/Runtime/OpenXR/Content/Devices/OculusGo/OculusGoController.uexp" 480
"../../../Engine/Plugins/Runtime/OpenXR/Content/Devices/OculusTouch/MRTexture.uasset" 481
"../../../Engine/Plugins/Runtime/OpenXR/Content/Devices/OculusTouch/MRTexture.uexp" 482
"../../../Engine/Plugins/Runtime/OpenXR/Content/Devices/OculusTouch/MRTexture.ubulk" 483
"../../../Engine/Plugins/Runtime/OpenXR/Content/Devices/OculusTouch/BaseTexture.uasset" 484
"../../../Engine/Plugins/Runtime/OpenXR/Content/Devices/OculusTouch/BaseTexture.uexp" 485
"../../../Engine/Plugins/Runtime/OpenXR/Content/Devices/OculusTouch/BaseTexture.ubulk" 486
"../../../Engine/Plugins/Runtime/OpenXR/Content/Devices/OculusTouch/MI_OculusTouch.uasset" 487
"../../../Engine/Plugins/Runtime/OpenXR/Content/Devices/OculusTouch/MI_OculusTouch.uexp" 488
"../../../Engine/Plugins/Runtime/OpenXR/Content/Devices/OculusTouch/Left/left_OculusTouchController.uasset" 489
"../../../Engine/Plugins/Runtime/OpenXR/Content/Devices/OculusTouch/Left/left_OculusTouchController.uexp" 490
"../../../Engine/Plugins/Runtime/OpenXR/Content/Devices/OculusTouch/Right/right_OculusTouchController.uasset" 491
"../../../Engine/Plugins/Runtime/OpenXR/Content/Devices/OculusTouch/Right/right_OculusTouchController.uexp" 492
"../../../Engine/Plugins/Runtime/OpenXR/Content/Devices/OculusTouch_v2/MRTexture.uasset" 493
"../../../Engine/Plugins/Runtime/OpenXR/Content/Devices/OculusTouch_v2/MRTexture.uexp" 494
"../../../Engine/Plugins/Runtime/OpenXR/Content/Devices/OculusTouch_v2/MRTexture.ubulk" 495
"../../../Engine/Plugins/Runtime/OpenXR/Content/Devices/OculusTouch_v2/BaseTexture.uasset" 496
"../../../Engine/Plugins/Runtime/OpenXR/Content/Devices/OculusTouch_v2/BaseTexture.uexp" 497
"../../../Engine/Plugins/Runtime/OpenXR/Content/Devices/OculusTouch_v2/BaseTexture.ubulk" 498
"../../../Engine/Plugins/Runtime/OpenXR/Content/Devices/OculusTouch_v2/MI_OculusTouch_v2.uasset" 499
"../../../Engine/Plugins/Runtime/OpenXR/Content/Devices/OculusTouch_v2/MI_OculusTouch_v2.uexp" 500
"../../../Engine/Plugins/Runtime/OpenXR/Content/Devices/OculusTouch_v2/Left/left_OculusTouch_v2Controller.uasset" 501
"../../../Engine/Plugins/Runtime/OpenXR/Content/Devices/OculusTouch_v2/Left/left_OculusTouch_v2Controller.uexp" 502
"../../../Engine/Plugins/Runtime/OpenXR/Content/Devices/OculusTouch_v2/Right/right_OculusTouch_v2Controller.uasset" 503
"../../../Engine/Plugins/Runtime/OpenXR/Content/Devices/OculusTouch_v2/Right/right_OculusTouch_v2Controller.uexp" 504
"../../../Engine/Plugins/Runtime/OpenXR/Content/Devices/OculusTouch_v3/MRTexture.uasset" 505
"../../../Engine/Plugins/Runtime/OpenXR/Content/Devices/OculusTouch_v3/MRTexture.uexp" 506
"../../../Engine/Plugins/Runtime/OpenXR/Content/Devices/OculusTouch_v3/MRTexture.ubulk" 507
"../../../Engine/Plugins/Runtime/OpenXR/Content/Devices/OculusTouch_v3/BaseTexture.uasset" 508
"../../../Engine/Plugins/Runtime/OpenXR/Content/Devices/OculusTouch_v3/BaseTexture.uexp" 509
"../../../Engine/Plugins/Runtime/OpenXR/Content/Devices/OculusTouch_v3/BaseTexture.ubulk" 510
"../../../Engine/Plugins/Runtime/OpenXR/Content/Devices/OculusTouch_v3/MI_OculusTouch_v3.uasset" 511
"../../../Engine/Plugins/Runtime/OpenXR/Content/Devices/OculusTouch_v3/MI_OculusTouch_v3.uexp" 512
"../../../Engine/Plugins/Runtime/OpenXR/Content/Devices/OculusTouch_v3/Left/left_OculusTouch_v3Controller.uasset" 513
"../../../Engine/Plugins/Runtime/OpenXR/Content/Devices/OculusTouch_v3/Left/left_OculusTouch_v3Controller.uexp" 514
"../../../Engine/Plugins/Runtime/OpenXR/Content/Devices/OculusTouch_v3/Right/right_OculusTouch_v3Controller.uasset" 515
"../../../Engine/Plugins/Runtime/OpenXR/Content/Devices/OculusTouch_v3/Right/right_OculusTouch_v3Controller.uexp" 516
"../../../Engine/Plugins/Runtime/OpenXR/Content/Devices/ValveIndex/MRTexture.uasset" 517
"../../../Engine/Plugins/Runtime/OpenXR/Content/Devices/ValveIndex/MRTexture.uexp" 518
"../../../Engine/Plugins/Runtime/OpenXR/Content/Devices/ValveIndex/MRTexture.ubulk" 519
"../../../Engine/Plugins/Runtime/OpenXR/Content/Devices/ValveIndex/BaseTexture.uasset" 520
"../../../Engine/Plugins/Runtime/OpenXR/Content/Devices/ValveIndex/BaseTexture.uexp" 521
"../../../Engine/Plugins/Runtime/OpenXR/Content/Devices/ValveIndex/BaseTexture.ubulk" 522
"../../../Engine/Plugins/Runtime/OpenXR/Content/Devices/ValveIndex/Left/MI_left_ValveIndex.uasset" 523
"../../../Engine/Plugins/Runtime/OpenXR/Content/Devices/ValveIndex/Left/MI_left_ValveIndex.uexp" 524
"../../../Engine/Plugins/Runtime/OpenXR/Content/Devices/ValveIndex/Left/left_ValveIndexController.uasset" 525
"../../../Engine/Plugins/Runtime/OpenXR/Content/Devices/ValveIndex/Left/left_ValveIndexController.uexp" 526
"../../../Engine/Plugins/Runtime/OpenXR/Content/Devices/ValveIndex/Right/MI_right_ValveIndex.uasset" 527
"../../../Engine/Plugins/Runtime/OpenXR/Content/Devices/ValveIndex/Right/MI_right_ValveIndex.uexp" 528
"../../../Engine/Plugins/Runtime/OpenXR/Content/Devices/ValveIndex/Right/right_ValveIndexController.uasset" 529
"../../../Engine/Plugins/Runtime/OpenXR/Content/Devices/ValveIndex/Right/right_ValveIndexController.uexp" 530
"../../../Engine/Content/Functions/Engine_MaterialFunctions02/Utility/BreakOutFloat4Components.uasset" 531
"../../../Engine/Content/Functions/Engine_MaterialFunctions02/Utility/BreakOutFloat4Components.uexp" 532
"../../../Engine/Content/Functions/Engine_MaterialFunctions02/Utility/MakeFloat3.uasset" 533
"../../../Engine/Content/Functions/Engine_MaterialFunctions02/Utility/MakeFloat3.uexp" 534
"../../../Engine/Plugins/Runtime/Oculus/OculusVR/Content/Materials/OculusMR_ChromaKey.uasset" 535
"../../../Engine/Plugins/Runtime/Oculus/OculusVR/Content/Materials/OculusMR_ChromaKey.uexp" 536
"../../../Engine/Plugins/Runtime/Oculus/OculusVR/Content/Materials/OculusMR_OpaqueColoredMaterial.uasset" 537
"../../../Engine/Plugins/Runtime/Oculus/OculusVR/Content/Materials/OculusMR_OpaqueColoredMaterial.uexp" 538
"../../../Engine/Plugins/Runtime/Oculus/OculusVR/Content/Materials/PokeAHoleMaterial.uasset" 539
"../../../Engine/Plugins/Runtime/Oculus/OculusVR/Content/Materials/PokeAHoleMaterial.uexp" 540
"../../../Engine/Plugins/Runtime/Oculus/OculusVR/Content/Textures/touchController_controlmap.uasset" 541
"../../../Engine/Plugins/Runtime/Oculus/OculusVR/Content/Textures/touchController_controlmap.uexp" 542
"../../../Engine/Plugins/Runtime/Oculus/OculusVR/Content/Textures/touchController_controlmap.ubulk" 543
"../../../Engine/Plugins/Runtime/Oculus/OculusVR/Content/Textures/touchController_albedo.uasset" 544
"../../../Engine/Plugins/Runtime/Oculus/OculusVR/Content/Textures/touchController_albedo.uexp" 545
"../../../Engine/Plugins/Runtime/Oculus/OculusVR/Content/Textures/touchController_albedo.ubulk" 546
"../../../Engine/Plugins/Runtime/Oculus/OculusVR/Content/Materials/touchController_mat.uasset" 547
"../../../Engine/Plugins/Runtime/Oculus/OculusVR/Content/Materials/touchController_mat.uexp" 548
"../../../Engine/Plugins/Runtime/Oculus/OculusVR/Content/Meshes/LeftTouchController.uasset" 549
"../../../Engine/Plugins/Runtime/Oculus/OculusVR/Content/Meshes/LeftTouchController.uexp" 550
"../../../Engine/Plugins/Runtime/Oculus/OculusVR/Content/Textures/TouchForQuestRiftSController_albedo.uasset" 551
"../../../Engine/Plugins/Runtime/Oculus/OculusVR/Content/Textures/TouchForQuestRiftSController_albedo.uexp" 552
"../../../Engine/Plugins/Runtime/Oculus/OculusVR/Content/Textures/TouchForQuestRiftSController_albedo.ubulk" 553
"../../../Engine/Plugins/Runtime/Oculus/OculusVR/Content/Materials/TouchForQuestRiftSControllerMaterial.uasset" 554
"../../../Engine/Plugins/Runtime/Oculus/OculusVR/Content/Materials/TouchForQuestRiftSControllerMaterial.uexp" 555
"../../../Engine/Plugins/Runtime/Oculus/OculusVR/Content/Meshes/LeftTouchForQuestRiftSController.uasset" 556
"../../../Engine/Plugins/Runtime/Oculus/OculusVR/Content/Meshes/LeftTouchForQuestRiftSController.uexp" 557
"../../../Engine/Plugins/Runtime/Oculus/OculusVR/Content/Meshes/RiftHMD.uasset" 558
"../../../Engine/Plugins/Runtime/Oculus/OculusVR/Content/Meshes/RiftHMD.uexp" 559
"../../../Engine/Plugins/Runtime/Oculus/OculusVR/Content/Meshes/RightTouchController.uasset" 560
"../../../Engine/Plugins/Runtime/Oculus/OculusVR/Content/Meshes/RightTouchController.uexp" 561
"../../../Engine/Plugins/Runtime/Oculus/OculusVR/Content/Meshes/RightTouchForQuestRiftSController.uasset" 562
"../../../Engine/Plugins/Runtime/Oculus/OculusVR/Content/Meshes/RightTouchForQuestRiftSController.uexp" 563
"E:/Unreal Projects/Dungeoner/Content/Textures/ProgressBarHighlight-1.uasset" 564
"E:/Unreal Projects/Dungeoner/Content/Textures/ProgressBarHighlight-1.uexp" 565
"E:/Unreal Projects/Dungeoner/Content/Blueprint/AddingSeparatorsToGroupingNumber.uasset" 566
"E:/Unreal Projects/Dungeoner/Content/Blueprint/AddingSeparatorsToGroupingNumber.uexp" 567
"E:/Unreal Projects/Dungeoner/Content/Fonts/NumbersFont.uasset" 568
"E:/Unreal Projects/Dungeoner/Content/Fonts/NumbersFont.uexp" 569
"E:/Unreal Projects/Dungeoner/Content/Fonts/NumbersFont.ufont" 570
"E:/Unreal Projects/Dungeoner/Content/Fonts/NumbersFont_Font.uasset" 571
"E:/Unreal Projects/Dungeoner/Content/Fonts/NumbersFont_Font.uexp" 572
"E:/Unreal Projects/Dungeoner/Content/Blueprint/GetNumberLengthInt64.uasset" 573
"E:/Unreal Projects/Dungeoner/Content/Blueprint/GetNumberLengthInt64.uexp" 574
"E:/Unreal Projects/Dungeoner/Content/UI/View/AnimatedNumberTextBlock.uasset" 575
"E:/Unreal Projects/Dungeoner/Content/UI/View/AnimatedNumberTextBlock.uexp" 576
"E:/Unreal Projects/Dungeoner/Content/Textures/ProgressBarTip-1.uasset" 577
"E:/Unreal Projects/Dungeoner/Content/Textures/ProgressBarTip-1.uexp" 578
"E:/Unreal Projects/Dungeoner/Content/Textures/ProgressBarInnerShadow-1.uasset" 579
"E:/Unreal Projects/Dungeoner/Content/Textures/ProgressBarInnerShadow-1.uexp" 580
"E:/Unreal Projects/Dungeoner/Content/Textures/ProgressBarBody-1.uasset" 581
"E:/Unreal Projects/Dungeoner/Content/Textures/ProgressBarBody-1.uexp" 582
"E:/Unreal Projects/Dungeoner/Content/Textures/Border-4.uasset" 583
"E:/Unreal Projects/Dungeoner/Content/Textures/Border-4.uexp" 584
"E:/Unreal Projects/Dungeoner/Content/UI/View/ProgressBar.uasset" 585
"E:/Unreal Projects/Dungeoner/Content/UI/View/ProgressBar.uexp" 586
"E:/Unreal Projects/Dungeoner/Content/Textures/Border-2.uasset" 587
"E:/Unreal Projects/Dungeoner/Content/Textures/Border-2.uexp" 588
"E:/Unreal Projects/Dungeoner/Content/Textures/Angle-2.uasset" 589
"E:/Unreal Projects/Dungeoner/Content/Textures/Angle-2.uexp" 590
"E:/Unreal Projects/Dungeoner/Content/UI/Blanks/PanelDecoration/BGWithFrames-2.uasset" 591
"E:/Unreal Projects/Dungeoner/Content/UI/Blanks/PanelDecoration/BGWithFrames-2.uexp" 592
"E:/Unreal Projects/Dungeoner/Content/Textures/Decorative-element-1.uasset" 593
"E:/Unreal Projects/Dungeoner/Content/Textures/Decorative-element-1.uexp" 594
"E:/Unreal Projects/Dungeoner/Content/Fonts/TextFont.uasset" 595
"E:/Unreal Projects/Dungeoner/Content/Fonts/TextFont.uexp" 596
"E:/Unreal Projects/Dungeoner/Content/Fonts/TextFont.ufont" 597
"E:/Unreal Projects/Dungeoner/Content/Fonts/TextFont_Font.uasset" 598
"E:/Unreal Projects/Dungeoner/Content/Fonts/TextFont_Font.uexp" 599
"E:/Unreal Projects/Dungeoner/Content/UI/View/StatsTooltip.uasset" 600
"E:/Unreal Projects/Dungeoner/Content/UI/View/StatsTooltip.uexp" 601
"E:/Unreal Projects/Dungeoner/Content/Textures/SliderPike.uasset" 602
"E:/Unreal Projects/Dungeoner/Content/Textures/SliderPike.uexp" 603
"E:/Unreal Projects/Dungeoner/Content/Textures/SliderButtonPressed.uasset" 604
"E:/Unreal Projects/Dungeoner/Content/Textures/SliderButtonPressed.uexp" 605
"E:/Unreal Projects/Dungeoner/Content/Textures/SliderButtonHovering.uasset" 606
"E:/Unreal Projects/Dungeoner/Content/Textures/SliderButtonHovering.uexp" 607
"E:/Unreal Projects/Dungeoner/Content/Textures/SliderButton.uasset" 608
"E:/Unreal Projects/Dungeoner/Content/Textures/SliderButton.uexp" 609
"E:/Unreal Projects/Dungeoner/Content/Textures/SliderBody.uasset" 610
"E:/Unreal Projects/Dungeoner/Content/Textures/SliderBody.uexp" 611
"E:/Unreal Projects/Dungeoner/Content/UI/View/Slider.uasset" 612
"E:/Unreal Projects/Dungeoner/Content/UI/View/Slider.uexp" 613
"E:/Unreal Projects/Dungeoner/Content/UI/View/SimpleTooltip.uasset" 614
"E:/Unreal Projects/Dungeoner/Content/UI/View/SimpleTooltip.uexp" 615
"E:/Unreal Projects/Dungeoner/Content/Textures/Angle-7.uasset" 616
"E:/Unreal Projects/Dungeoner/Content/Textures/Angle-7.uexp" 617
"E:/Unreal Projects/Dungeoner/Content/Textures/Border-3.uasset" 618
"E:/Unreal Projects/Dungeoner/Content/Textures/Border-3.uexp" 619
"E:/Unreal Projects/Dungeoner/Content/Materials/Border-3-Rotate-90.uasset" 620
"E:/Unreal Projects/Dungeoner/Content/Materials/Border-3-Rotate-90.uexp" 621
"E:/Unreal Projects/Dungeoner/Content/UI/Blanks/PanelDecoration/BGWithFrames-1.uasset" 622
"E:/Unreal Projects/Dungeoner/Content/UI/Blanks/PanelDecoration/BGWithFrames-1.uexp" 623
"E:/Unreal Projects/Dungeoner/Content/UI/View/SecondaryStat.uasset" 624
"E:/Unreal Projects/Dungeoner/Content/UI/View/SecondaryStat.uexp" 625
"E:/Unreal Projects/Dungeoner/Content/Textures/Text-Block-Pressed-1-T.uasset" 626
"E:/Unreal Projects/Dungeoner/Content/Textures/Text-Block-Pressed-1-T.uexp" 627
"E:/Unreal Projects/Dungeoner/Content/Textures/Text-Block-Hovered-1-T.uasset" 628
"E:/Unreal Projects/Dungeoner/Content/Textures/Text-Block-Hovered-1-T.uexp" 629
"E:/Unreal Projects/Dungeoner/Content/Textures/Text-Block-1-T.uasset" 630
"E:/Unreal Projects/Dungeoner/Content/Textures/Text-Block-1-T.uexp" 631
"E:/Unreal Projects/Dungeoner/Content/Textures/Text-Block-1-L.uasset" 632
"E:/Unreal Projects/Dungeoner/Content/Textures/Text-Block-1-L.uexp" 633
"E:/Unreal Projects/Dungeoner/Content/Textures/Text-Block-1-BG.uasset" 634
"E:/Unreal Projects/Dungeoner/Content/Textures/Text-Block-1-BG.uexp" 635
"E:/Unreal Projects/Dungeoner/Content/Textures/Border-1.uasset" 636
"E:/Unreal Projects/Dungeoner/Content/Textures/Border-1.uexp" 637
"E:/Unreal Projects/Dungeoner/Content/UI/View/TextAreaWithButtons-1.uasset" 638
"E:/Unreal Projects/Dungeoner/Content/UI/View/TextAreaWithButtons-1.uexp" 639
"E:/Unreal Projects/Dungeoner/Content/Textures/Angle-1.uasset" 640
"E:/Unreal Projects/Dungeoner/Content/Textures/Angle-1.uexp" 641
"../../../Engine/Content/Functions/Engine_MaterialFunctions01/Gradient/LinearGradient.uasset" 642
"../../../Engine/Content/Functions/Engine_MaterialFunctions01/Gradient/LinearGradient.uexp" 643
"E:/Unreal Projects/Dungeoner/Content/Materials/Gradient.uasset" 644
"E:/Unreal Projects/Dungeoner/Content/Materials/Gradient.uexp" 645
"E:/Unreal Projects/Dungeoner/Content/UI/View/OffsetNumberTextPanel-1.uasset" 646
"E:/Unreal Projects/Dungeoner/Content/UI/View/OffsetNumberTextPanel-1.uexp" 647
"E:/Unreal Projects/Dungeoner/Content/UI/View/PrimaryStat.uasset" 648
"E:/Unreal Projects/Dungeoner/Content/UI/View/PrimaryStat.uexp" 649
"E:/Unreal Projects/Dungeoner/Content/Enums/PhysicalDamageScaling.uasset" 650
"E:/Unreal Projects/Dungeoner/Content/Enums/PhysicalDamageScaling.uexp" 651
"E:/Unreal Projects/Dungeoner/Content/UI/Windows/CharacterWindow.uasset" 652
"E:/Unreal Projects/Dungeoner/Content/UI/Windows/CharacterWindow.uexp" 653
"E:/Unreal Projects/Dungeoner/Content/Map/Map_BuiltData.uasset" 654
"E:/Unreal Projects/Dungeoner/Content/Map/Map_BuiltData.uexp" 655
"E:/Unreal Projects/Dungeoner/Content/Blueprint/BP_GameManager.uasset" 656
"E:/Unreal Projects/Dungeoner/Content/Blueprint/BP_GameManager.uexp" 657
"E:/Unreal Projects/Dungeoner/Content/GameMode/BaseGameMode.uasset" 658
"E:/Unreal Projects/Dungeoner/Content/GameMode/BaseGameMode.uexp" 659
"E:/Unreal Projects/Dungeoner/Content/Map/Map.uexp" 660
"E:/Unreal Projects/Dungeoner/Content/Map/Map.umap" 661
