Log file open, 01/04/22 21:15:25
LogWindows: Failed to load 'aqProf.dll' (GetLastError=126)
LogWindows: File 'aqProf.dll' does not exist
LogWindows: Failed to load 'VtuneApi.dll' (GetLastError=126)
LogWindows: File 'VtuneApi.dll' does not exist
LogWindows: Failed to load 'VtuneApi32e.dll' (GetLastError=126)
LogWindows: File 'VtuneApi32e.dll' does not exist
LogConsoleResponse: Display: Failed to find resolution value strings in scalability ini. Falling back to default.
LogConsoleResponse: Display: Failed to find resolution value strings in scalability ini. Falling back to default.
LogInit: Display: Running engine for game: Dungeoner
LogPlatformFile: Not using cached read wrapper
LogTaskGraph: Started task graph with 5 named threads and 14 total threads with 3 sets of task threads.
LogStats: Stats thread started at 2.685473
LogICUInternationalization: ICU TimeZone Detection - Raw Offset: +4:00, Platform Override: ''
LogInit: Display: Loading text-based GConfig....
LogPluginManager: Mounting plugin MeshPainting
LogPluginManager: Mounting plugin XGEController
LogPluginManager: Mounting plugin Paper2D
LogPluginManager: Mounting plugin AISupport
LogPluginManager: Mounting plugin EnvironmentQueryEditor
LogPluginManager: Mounting plugin LightPropagationVolume
LogPluginManager: Mounting plugin CameraShakePreviewer
LogPluginManager: Mounting plugin GameplayCameras
LogPluginManager: Mounting plugin LiveLink
LogPluginManager: Mounting plugin OodleData
LogPluginManager: Mounting plugin OodleNetwork
LogPluginManager: Mounting plugin AnimationSharing
LogPluginManager: Mounting plugin CLionSourceCodeAccess
LogPluginManager: Mounting plugin CodeLiteSourceCodeAccess
LogPluginManager: Mounting plugin KDevelopSourceCodeAccess
LogPluginManager: Mounting plugin GitSourceControl
LogPluginManager: Mounting plugin NullSourceCodeAccess
LogPluginManager: Mounting plugin PerforceSourceControl
LogPluginManager: Mounting plugin PixWinPlugin
LogPluginManager: Mounting plugin PlasticSourceControl
LogPluginManager: Mounting plugin PluginUtils
LogPluginManager: Mounting plugin PropertyAccessNode
LogPluginManager: Mounting plugin RiderSourceCodeAccess
LogPluginManager: Mounting plugin SubversionSourceControl
LogPluginManager: Mounting plugin TextureFormatOodle
LogPluginManager: Mounting plugin UObjectPlugin
LogPluginManager: Mounting plugin VisualStudioCodeSourceCodeAccess
LogPluginManager: Mounting plugin VisualStudioSourceCodeAccess
LogPluginManager: Mounting plugin XCodeSourceCodeAccess
LogPluginManager: Mounting plugin DatasmithContent
LogPluginManager: Mounting plugin VariantManagerContent
LogPluginManager: Mounting plugin AssetManagerEditor
LogPluginManager: Mounting plugin CryptoKeys
LogPluginManager: Mounting plugin CurveEditorTools
LogPluginManager: Mounting plugin DataValidation
LogPluginManager: Mounting plugin FacialAnimation
LogPluginManager: Mounting plugin GameplayTagsEditor
LogPluginManager: Mounting plugin GeometryMode
LogPluginManager: Mounting plugin MacGraphicsSwitching
LogPluginManager: Mounting plugin AlembicImporter
LogPluginManager: Mounting plugin MaterialAnalyzer
LogPluginManager: Mounting plugin AutomationUtils
LogPluginManager: Mounting plugin BackChannel
LogPluginManager: Mounting plugin MobileLauncherProfileWizard
LogPluginManager: Mounting plugin PluginBrowser
LogPluginManager: Mounting plugin SpeedTreeImporter
LogPluginManager: Mounting plugin ChaosCloth
LogPluginManager: Mounting plugin ChaosClothEditor
LogPluginManager: Mounting plugin ChaosEditor
LogPluginManager: Mounting plugin ChaosNiagara
LogPluginManager: Mounting plugin ChaosSolverPlugin
LogPluginManager: Mounting plugin CharacterAI
LogPluginManager: Mounting plugin GeometryCache
LogPluginManager: Mounting plugin GeometryCollectionPlugin
LogPluginManager: Mounting plugin Niagara
LogPluginManager: Mounting plugin GeometryProcessing
LogPluginManager: Mounting plugin MotoSynth
LogPluginManager: Mounting plugin OpenImageDenoise
LogPluginManager: Mounting plugin PlanarCut
LogPluginManager: Mounting plugin ProxyLODPlugin
LogPluginManager: Mounting plugin PlatformCrypto
LogPluginManager: Mounting plugin PythonScriptPlugin
LogPluginManager: Mounting plugin SkeletalReduction
LogPluginManager: Mounting plugin LuminPlatformFeatures
LogPluginManager: Mounting plugin MagicLeap
LogPluginManager: Mounting plugin MagicLeapLightEstimation
LogPluginManager: Mounting plugin MagicLeapMedia
LogPluginManager: Mounting plugin MagicLeapPassableWorld
LogPluginManager: Mounting plugin MLSDK
LogPluginManager: Mounting plugin AndroidMedia
LogPluginManager: Mounting plugin AvfMedia
LogPluginManager: Mounting plugin ImgMedia
LogPluginManager: Mounting plugin MediaCompositing
LogPluginManager: Mounting plugin MediaPlayerEditor
LogPluginManager: Mounting plugin WebMMedia
LogPluginManager: Mounting plugin WmfMedia
LogPluginManager: Mounting plugin TcpMessaging
LogPluginManager: Mounting plugin UdpMessaging
LogPluginManager: Mounting plugin LevelSequenceEditor
LogPluginManager: Mounting plugin MatineeToLevelSequence
LogPluginManager: Mounting plugin ActorSequence
LogPluginManager: Mounting plugin TemplateSequence
LogPluginManager: Mounting plugin OnlineSubsystem
LogPluginManager: Mounting plugin OnlineSubsystemNull
LogPluginManager: Mounting plugin OnlineSubsystemUtils
LogPluginManager: Mounting plugin ActorLayerUtilities
LogPluginManager: Mounting plugin LauncherChunkInstaller
LogPluginManager: Mounting plugin AndroidDeviceProfileSelector
LogPluginManager: Mounting plugin AndroidMoviePlayer
LogPluginManager: Mounting plugin AndroidPermission
LogPluginManager: Mounting plugin AppleImageUtils
LogPluginManager: Mounting plugin AppleMoviePlayer
LogPluginManager: Mounting plugin ArchVisCharacter
LogPluginManager: Mounting plugin AssetTags
LogPluginManager: Mounting plugin AudioCapture
LogPluginManager: Mounting plugin AudioSynesthesia
LogPluginManager: Mounting plugin CableComponent
LogPluginManager: Mounting plugin ChunkDownloader
LogPluginManager: Mounting plugin CustomMeshComponent
LogPluginManager: Mounting plugin EditableMesh
LogPluginManager: Mounting plugin ExampleDeviceProfileSelector
LogPluginManager: Mounting plugin GoogleCloudMessaging
LogPluginManager: Mounting plugin GooglePAD
LogPluginManager: Mounting plugin IOSDeviceProfileSelector
LogPluginManager: Mounting plugin LinuxDeviceProfileSelector
LogPluginManager: Mounting plugin LocationServicesBPLibrary
LogPluginManager: Mounting plugin MobilePatchingUtils
LogPluginManager: Mounting plugin OpenXR
LogPluginManager: Mounting plugin OpenXREyeTracker
LogPluginManager: Mounting plugin OpenXRHandTracking
LogPluginManager: Mounting plugin PhysXVehicles
LogPluginManager: Mounting plugin PostSplashScreen
LogPluginManager: Mounting plugin ProceduralMeshComponent
LogPluginManager: Mounting plugin PropertyAccessEditor
LogPluginManager: Mounting plugin RuntimePhysXCooking
LogPluginManager: Mounting plugin SignificanceManager
LogPluginManager: Mounting plugin SoundFields
LogPluginManager: Mounting plugin Synthesis
LogPluginManager: Mounting plugin WebMMoviePlayer
LogPluginManager: Mounting plugin WindowsMoviePlayer
LogPluginManager: Mounting plugin ScreenshotTools
LogPluginManager: Mounting plugin Takes
LogPluginManager: Mounting plugin ContentBrowserClassDataSource
LogPluginManager: Mounting plugin ContentBrowserAssetDataSource
LogPluginManager: Mounting plugin ContentBrowserFileDataSource
LogPluginManager: Mounting plugin OnlineSubsystemGooglePlay
LogPluginManager: Mounting plugin OnlineSubsystemIOS
LogPluginManager: Mounting plugin OculusVR
LogPluginManager: Mounting plugin SteamVR
PixWinPlugin: PIX capture plugin failed to initialize! Check that the process is launched from PIX.
LogInit: Using libcurl 7.55.1-DEV
LogInit:  - built for x86_64-pc-win32
LogInit:  - supports SSL with OpenSSL/1.1.1
LogInit:  - supports HTTP deflate (compression) using libz 1.2.8
LogInit:  - other features:
LogInit:      CURL_VERSION_SSL
LogInit:      CURL_VERSION_LIBZ
LogInit:      CURL_VERSION_IPV6
LogInit:      CURL_VERSION_ASYNCHDNS
LogInit:      CURL_VERSION_LARGEFILE
LogInit:      CURL_VERSION_IDN
LogInit:  CurlRequestOptions (configurable via config and command line):
LogInit:  - bVerifyPeer = true  - Libcurl will verify peer certificate
LogInit:  - bUseHttpProxy = false  - Libcurl will NOT use HTTP proxy
LogInit:  - bDontReuseConnections = false  - Libcurl will reuse connections
LogInit:  - MaxHostConnections = 16  - Libcurl will limit the number of connections to a host
LogInit:  - LocalHostAddr = Default
LogInit:  - BufferSize = 65536
LogOnline: OSS: Creating online subsystem instance for: NULL
LogInit: WinSock: version 1.1 (2.2), MaxSocks=32767, MaxUdp=65467
LogOnline: OSS: TryLoadSubsystemAndSetDefault: Loaded subsystem for module [NULL]
LogOculusPluginWrapper: OculusPlugin initialized successfully
LogHMD: Failed initializing OVRPlugin 1.59.0
LogInit: Build: ++UE4+Release-4.27-CL-18319896
LogInit: Engine Version: 4.27.2-18319896+++UE4+Release-4.27
LogInit: Compatible Engine Version: 4.27.0-17155196+++UE4+Release-4.27
LogInit: Net CL: 17155196
LogInit: OS: Windows 10 (Release 2004) (), CPU:         Intel(R) Core(TM) i5-2400 CPU @ 3.10GHz, GPU: NVIDIA GeForce GTX 550 Ti
LogInit: Compiled (64-bit): Nov 30 2021 07:12:08
LogInit: Compiled with Visual C++: 19.24.28315.00
LogInit: Build Configuration: Development
LogInit: Branch Name: ++UE4+Release-4.27
LogInit: Command Line: 
LogInit: Base Directory: E:/UE_4.27/Engine/Binaries/Win64/
LogInit: Allocator: TBB
LogInit: Installed Engine Build: 1
LogDevObjectVersion: Number of dev versions registered: 29
LogDevObjectVersion:   Dev-Blueprints (B0D832E4-1F89-4F0D-ACCF-7EB736FD4AA2): 10
LogDevObjectVersion:   Dev-Build (E1C64328-A22C-4D53-A36C-8E866417BD8C): 0
LogDevObjectVersion:   Dev-Core (375EC13C-06E4-48FB-B500-84F0262A717E): 4
LogDevObjectVersion:   Dev-Editor (E4B068ED-F494-42E9-A231-DA0B2E46BB41): 40
LogDevObjectVersion:   Dev-Framework (CFFC743F-43B0-4480-9391-14DF171D2073): 37
LogDevObjectVersion:   Dev-Mobile (B02B49B5-BB20-44E9-A304-32B752E40360): 3
LogDevObjectVersion:   Dev-Networking (A4E4105C-59A1-49B5-A7C5-40C4547EDFEE): 0
LogDevObjectVersion:   Dev-Online (39C831C9-5AE6-47DC-9A44-9C173E1C8E7C): 0
LogDevObjectVersion:   Dev-Physics (78F01B33-EBEA-4F98-B9B4-84EACCB95AA2): 14
LogDevObjectVersion:   Dev-Platform (6631380F-2D4D-43E0-8009-CF276956A95A): 0
LogDevObjectVersion:   Dev-Rendering (12F88B9F-8875-4AFC-A67C-D90C383ABD29): 45
LogDevObjectVersion:   Dev-Sequencer (7B5AE74C-D270-4C10-A958-57980B212A5A): 13
LogDevObjectVersion:   Dev-VR (D7296918-1DD6-4BDD-9DE2-64A83CC13884): 3
LogDevObjectVersion:   Dev-LoadTimes (C2A15278-BFE7-4AFE-6C17-90FF531DF755): 1
LogDevObjectVersion:   Private-Geometry (6EACA3D4-40EC-4CC1-B786-8BED09428FC5): 3
LogDevObjectVersion:   Dev-AnimPhys (29E575DD-E0A3-4627-9D10-D276232CDCEA): 17
LogDevObjectVersion:   Dev-Anim (AF43A65D-7FD3-4947-9873-3E8ED9C1BB05): 15
LogDevObjectVersion:   Dev-ReflectionCapture (6B266CEC-1EC7-4B8F-A30B-E4D90942FC07): 1
LogDevObjectVersion:   Dev-Automation (0DF73D61-A23F-47EA-B727-89E90C41499A): 1
LogDevObjectVersion:   FortniteMain (601D1886-AC64-4F84-AA16-D3DE0DEAC7D6): 47
LogDevObjectVersion:   FortniteRelease (E7086368-6B23-4C58-8439-1B7016265E91): 1
LogDevObjectVersion:   Dev-Enterprise (9DFFBCD6-494F-0158-E221-12823C92A888): 10
LogDevObjectVersion:   Dev-Niagara (F2AED0AC-9AFE-416F-8664-AA7FFA26D6FC): 1
LogDevObjectVersion:   Dev-Destruction (174F1F0B-B4C6-45A5-B13F-2EE8D0FB917D): 10
LogDevObjectVersion:   Dev-Physics-Ext (35F94A83-E258-406C-A318-09F59610247C): 41
LogDevObjectVersion:   Dev-PhysicsMaterial-Chaos (B68FC16E-8B1B-42E2-B453-215C058844FE): 1
LogDevObjectVersion:   Dev-CineCamera (B2E18506-4273-CFC2-A54E-F4BB758BBA07): 1
LogDevObjectVersion:   Dev-VirtualProduction (64F58936-FD1B-42BA-BA96-7289D5D0FA4E): 1
LogDevObjectVersion:   Dev-MediaFramework (6F0ED827-A609-4895-9C91-998D90180EA4): 2
LogInit: Presizing for max 25165824 objects, including 0 objects not considered by GC, pre-allocating 0 bytes for permanent pool.
LogConfig: Applying CVar settings from Section [/Script/Engine.StreamingSettings] File [E:/Unreal Projects/Dungeoner/Saved/Config/Windows/Engine.ini]
LogConfig: Setting CVar [[s.MinBulkDataSizeForAsyncLoading:131072]]
LogConfig: Setting CVar [[s.AsyncLoadingThreadEnabled:0]]
LogConfig: Setting CVar [[s.EventDrivenLoaderEnabled:1]]
LogConfig: Setting CVar [[s.WarnIfTimeLimitExceeded:0]]
LogConfig: Setting CVar [[s.TimeLimitExceededMultiplier:1.5]]
LogConfig: Setting CVar [[s.TimeLimitExceededMinTime:0.005]]
LogConfig: Setting CVar [[s.UseBackgroundLevelStreaming:1]]
LogConfig: Setting CVar [[s.PriorityAsyncLoadingExtraTime:15.0]]
LogConfig: Setting CVar [[s.LevelStreamingActorsUpdateTimeLimit:5.0]]
LogConfig: Setting CVar [[s.PriorityLevelStreamingActorsUpdateExtraTime:5.0]]
LogConfig: Setting CVar [[s.LevelStreamingComponentsRegistrationGranularity:10]]
LogConfig: Setting CVar [[s.UnregisterComponentsTimeLimit:1.0]]
LogConfig: Setting CVar [[s.LevelStreamingComponentsUnregistrationGranularity:5]]
LogConfig: Setting CVar [[s.FlushStreamingOnExit:1]]
LogInit: Object subsystem initialized
LogConfig: Setting CVar [[con.DebugEarlyDefault:1]]
LogConfig: Setting CVar [[r.setres:1280x720]]
[2022.01.04-17.15.28:371][  0]LogConfig: Setting CVar [[r.VSync:0]]
[2022.01.04-17.15.28:371][  0]LogConfig: Setting CVar [[r.RHICmdBypass:0]]
[2022.01.04-17.15.28:371][  0]LogConfig: Applying CVar settings from Section [/Script/Engine.RendererSettings] File [E:/Unreal Projects/Dungeoner/Saved/Config/Windows/Engine.ini]
[2022.01.04-17.15.28:371][  0]LogConfig: Setting CVar [[r.GPUCrashDebugging:0]]
[2022.01.04-17.15.28:371][  0]LogConfig: Applying CVar settings from Section [/Script/Engine.RendererOverrideSettings] File [E:/Unreal Projects/Dungeoner/Saved/Config/Windows/Engine.ini]
[2022.01.04-17.15.28:371][  0]LogConfig: Applying CVar settings from Section [/Script/Engine.StreamingSettings] File [E:/Unreal Projects/Dungeoner/Saved/Config/Windows/Engine.ini]
[2022.01.04-17.15.28:371][  0]LogConfig: Setting CVar [[s.MinBulkDataSizeForAsyncLoading:131072]]
[2022.01.04-17.15.28:371][  0]LogConfig: Setting CVar [[s.AsyncLoadingThreadEnabled:0]]
[2022.01.04-17.15.28:371][  0]LogConfig: Setting CVar [[s.EventDrivenLoaderEnabled:1]]
[2022.01.04-17.15.28:371][  0]LogConfig: Setting CVar [[s.WarnIfTimeLimitExceeded:0]]
[2022.01.04-17.15.28:371][  0]LogConfig: Setting CVar [[s.TimeLimitExceededMultiplier:1.5]]
[2022.01.04-17.15.28:371][  0]LogConfig: Setting CVar [[s.TimeLimitExceededMinTime:0.005]]
[2022.01.04-17.15.28:371][  0]LogConfig: Setting CVar [[s.UseBackgroundLevelStreaming:1]]
[2022.01.04-17.15.28:371][  0]LogConfig: Setting CVar [[s.PriorityAsyncLoadingExtraTime:15.0]]
[2022.01.04-17.15.28:372][  0]LogConfig: Setting CVar [[s.LevelStreamingActorsUpdateTimeLimit:5.0]]
[2022.01.04-17.15.28:372][  0]LogConfig: Setting CVar [[s.PriorityLevelStreamingActorsUpdateExtraTime:5.0]]
[2022.01.04-17.15.28:372][  0]LogConfig: Setting CVar [[s.LevelStreamingComponentsRegistrationGranularity:10]]
[2022.01.04-17.15.28:372][  0]LogConfig: Setting CVar [[s.UnregisterComponentsTimeLimit:1.0]]
[2022.01.04-17.15.28:372][  0]LogConfig: Setting CVar [[s.LevelStreamingComponentsUnregistrationGranularity:5]]
[2022.01.04-17.15.28:372][  0]LogConfig: Setting CVar [[s.FlushStreamingOnExit:1]]
[2022.01.04-17.15.28:372][  0]LogConfig: Applying CVar settings from Section [/Script/Engine.GarbageCollectionSettings] File [E:/Unreal Projects/Dungeoner/Saved/Config/Windows/Engine.ini]
[2022.01.04-17.15.28:372][  0]LogConfig: Setting CVar [[gc.MaxObjectsNotConsideredByGC:1]]
[2022.01.04-17.15.28:372][  0]LogConfig: Setting CVar [[gc.SizeOfPermanentObjectPool:0]]
[2022.01.04-17.15.28:372][  0]LogConfig: Setting CVar [[gc.FlushStreamingOnGC:0]]
[2022.01.04-17.15.28:372][  0]LogConfig: Setting CVar [[gc.NumRetriesBeforeForcingGC:10]]
[2022.01.04-17.15.28:372][  0]LogConfig: Setting CVar [[gc.AllowParallelGC:1]]
[2022.01.04-17.15.28:372][  0]LogConfig: Setting CVar [[gc.TimeBetweenPurgingPendingKillObjects:61.1]]
[2022.01.04-17.15.28:372][  0]LogConfig: Setting CVar [[gc.MaxObjectsInEditor:25165824]]
[2022.01.04-17.15.28:372][  0]LogConfig: Setting CVar [[gc.IncrementalBeginDestroyEnabled:1]]
[2022.01.04-17.15.28:372][  0]LogConfig: Setting CVar [[gc.CreateGCClusters:1]]
[2022.01.04-17.15.28:372][  0]LogConfig: Setting CVar [[gc.MinGCClusterSize:5]]
[2022.01.04-17.15.28:372][  0]LogConfig: Setting CVar [[gc.ActorClusteringEnabled:0]]
[2022.01.04-17.15.28:372][  0]LogConfig: Setting CVar [[gc.BlueprintClusteringEnabled:0]]
[2022.01.04-17.15.28:372][  0]LogConfig: Setting CVar [[gc.UseDisregardForGCOnDedicatedServers:0]]
[2022.01.04-17.15.28:372][  0]LogConfig: Setting CVar [[gc.MultithreadedDestructionEnabled:1]]
[2022.01.04-17.15.28:372][  0]LogConfig: Applying CVar settings from Section [/Script/Engine.NetworkSettings] File [E:/Unreal Projects/Dungeoner/Saved/Config/Windows/Engine.ini]
[2022.01.04-17.15.28:372][  0]LogConfig: Applying CVar settings from Section [/Script/UnrealEd.CookerSettings] File [E:/Unreal Projects/Dungeoner/Saved/Config/Windows/Engine.ini]
[2022.01.04-17.15.28:379][  0]LogConfig: Applying CVar settings from Section [ViewDistanceQuality@3] File [E:/Unreal Projects/Dungeoner/Saved/Config/Windows/Scalability.ini]
[2022.01.04-17.15.28:380][  0]LogConfig: Setting CVar [[r.SkeletalMeshLODBias:0]]
[2022.01.04-17.15.28:380][  0]LogConfig: Setting CVar [[r.ViewDistanceScale:1.0]]
[2022.01.04-17.15.28:380][  0]LogConfig: Applying CVar settings from Section [AntiAliasingQuality@3] File [E:/Unreal Projects/Dungeoner/Saved/Config/Windows/Scalability.ini]
[2022.01.04-17.15.28:380][  0]LogConfig: Setting CVar [[r.PostProcessAAQuality:4]]
[2022.01.04-17.15.28:380][  0]LogConfig: Applying CVar settings from Section [ShadowQuality@3] File [E:/Unreal Projects/Dungeoner/Saved/Config/Windows/Scalability.ini]
[2022.01.04-17.15.28:380][  0]LogConfig: Setting CVar [[r.LightFunctionQuality:1]]
[2022.01.04-17.15.28:380][  0]LogConfig: Setting CVar [[r.ShadowQuality:5]]
[2022.01.04-17.15.28:380][  0]LogConfig: Setting CVar [[r.Shadow.CSM.MaxCascades:10]]
[2022.01.04-17.15.28:380][  0]LogConfig: Setting CVar [[r.Shadow.MaxResolution:2048]]
[2022.01.04-17.15.28:380][  0]LogConfig: Setting CVar [[r.Shadow.MaxCSMResolution:2048]]
[2022.01.04-17.15.28:380][  0]LogConfig: Setting CVar [[r.Shadow.RadiusThreshold:0.01]]
[2022.01.04-17.15.28:380][  0]LogConfig: Setting CVar [[r.Shadow.DistanceScale:1.0]]
[2022.01.04-17.15.28:380][  0]LogConfig: Setting CVar [[r.Shadow.CSM.TransitionScale:1.0]]
[2022.01.04-17.15.28:380][  0]LogConfig: Setting CVar [[r.Shadow.PreShadowResolutionFactor:1.0]]
[2022.01.04-17.15.28:380][  0]LogConfig: Setting CVar [[r.DistanceFieldShadowing:1]]
[2022.01.04-17.15.28:380][  0]LogConfig: Setting CVar [[r.DistanceFieldAO:1]]
[2022.01.04-17.15.28:380][  0]LogConfig: Setting CVar [[r.AOQuality:2]]
[2022.01.04-17.15.28:380][  0]LogConfig: Setting CVar [[r.VolumetricFog:1]]
[2022.01.04-17.15.28:380][  0]LogConfig: Setting CVar [[r.VolumetricFog.GridPixelSize:8]]
[2022.01.04-17.15.28:380][  0]LogConfig: Setting CVar [[r.VolumetricFog.GridSizeZ:128]]
[2022.01.04-17.15.28:380][  0]LogConfig: Setting CVar [[r.VolumetricFog.HistoryMissSupersampleCount:4]]
[2022.01.04-17.15.28:380][  0]LogConfig: Setting CVar [[r.LightMaxDrawDistanceScale:1]]
[2022.01.04-17.15.28:380][  0]LogConfig: Setting CVar [[r.CapsuleShadows:1]]
[2022.01.04-17.15.28:380][  0]LogConfig: Applying CVar settings from Section [PostProcessQuality@3] File [E:/Unreal Projects/Dungeoner/Saved/Config/Windows/Scalability.ini]
[2022.01.04-17.15.28:380][  0]LogConfig: Setting CVar [[r.MotionBlurQuality:4]]
[2022.01.04-17.15.28:380][  0]LogConfig: Setting CVar [[r.AmbientOcclusionMipLevelFactor:0.4]]
[2022.01.04-17.15.28:380][  0]LogConfig: Setting CVar [[r.AmbientOcclusionMaxQuality:100]]
[2022.01.04-17.15.28:380][  0]LogConfig: Setting CVar [[r.AmbientOcclusionLevels:-1]]
[2022.01.04-17.15.28:380][  0]LogConfig: Setting CVar [[r.AmbientOcclusionRadiusScale:1.0]]
[2022.01.04-17.15.28:380][  0]LogConfig: Setting CVar [[r.DepthOfFieldQuality:2]]
[2022.01.04-17.15.28:380][  0]LogConfig: Setting CVar [[r.RenderTargetPoolMin:400]]
[2022.01.04-17.15.28:380][  0]LogConfig: Setting CVar [[r.LensFlareQuality:2]]
[2022.01.04-17.15.28:380][  0]LogConfig: Setting CVar [[r.SceneColorFringeQuality:1]]
[2022.01.04-17.15.28:380][  0]LogConfig: Setting CVar [[r.EyeAdaptationQuality:2]]
[2022.01.04-17.15.28:380][  0]LogConfig: Setting CVar [[r.BloomQuality:5]]
[2022.01.04-17.15.28:380][  0]LogConfig: Setting CVar [[r.FastBlurThreshold:100]]
[2022.01.04-17.15.28:380][  0]LogConfig: Setting CVar [[r.Upscale.Quality:3]]
[2022.01.04-17.15.28:380][  0]LogConfig: Setting CVar [[r.Tonemapper.GrainQuantization:1]]
[2022.01.04-17.15.28:380][  0]LogConfig: Setting CVar [[r.LightShaftQuality:1]]
[2022.01.04-17.15.28:380][  0]LogConfig: Setting CVar [[r.Filter.SizeScale:1]]
[2022.01.04-17.15.28:380][  0]LogConfig: Setting CVar [[r.Tonemapper.Quality:5]]
[2022.01.04-17.15.28:380][  0]LogConfig: Setting CVar [[r.DOF.Gather.AccumulatorQuality:1        ; higher gathering accumulator quality]]
[2022.01.04-17.15.28:380][  0]LogConfig: Setting CVar [[r.DOF.Gather.PostfilterMethod:1          ; Median3x3 postfilering method]]
[2022.01.04-17.15.28:380][  0]LogConfig: Setting CVar [[r.DOF.Gather.EnableBokehSettings:0       ; no bokeh simulation when gathering]]
[2022.01.04-17.15.28:380][  0]LogConfig: Setting CVar [[r.DOF.Gather.RingCount:4                 ; medium number of samples when gathering]]
[2022.01.04-17.15.28:380][  0]LogConfig: Setting CVar [[r.DOF.Scatter.ForegroundCompositing:1    ; additive foreground scattering]]
[2022.01.04-17.15.28:380][  0]LogConfig: Setting CVar [[r.DOF.Scatter.BackgroundCompositing:2    ; additive background scattering]]
[2022.01.04-17.15.28:380][  0]LogConfig: Setting CVar [[r.DOF.Scatter.EnableBokehSettings:1      ; bokeh simulation when scattering]]
[2022.01.04-17.15.28:380][  0]LogConfig: Setting CVar [[r.DOF.Scatter.MaxSpriteRatio:0.1         ; only a maximum of 10% of scattered bokeh]]
[2022.01.04-17.15.28:380][  0]LogConfig: Setting CVar [[r.DOF.Recombine.Quality:1                ; cheap slight out of focus]]
[2022.01.04-17.15.28:380][  0]LogConfig: Setting CVar [[r.DOF.Recombine.EnableBokehSettings:0    ; no bokeh simulation on slight out of focus]]
[2022.01.04-17.15.28:380][  0]LogConfig: Setting CVar [[r.DOF.TemporalAAQuality:1                ; more stable temporal accumulation]]
[2022.01.04-17.15.28:380][  0]LogConfig: Setting CVar [[r.DOF.Kernel.MaxForegroundRadius:0.025]]
[2022.01.04-17.15.28:380][  0]LogConfig: Setting CVar [[r.DOF.Kernel.MaxBackgroundRadius:0.025]]
[2022.01.04-17.15.28:380][  0]LogConfig: Applying CVar settings from Section [TextureQuality@3] File [E:/Unreal Projects/Dungeoner/Saved/Config/Windows/Scalability.ini]
[2022.01.04-17.15.28:380][  0]LogConfig: Setting CVar [[r.Streaming.MipBias:0]]
[2022.01.04-17.15.28:380][  0]LogConfig: Setting CVar [[r.Streaming.AmortizeCPUToGPUCopy:0]]
[2022.01.04-17.15.28:380][  0]LogConfig: Setting CVar [[r.Streaming.MaxNumTexturesToStreamPerFrame:0]]
[2022.01.04-17.15.28:381][  0]LogConfig: Setting CVar [[r.Streaming.Boost:1]]
[2022.01.04-17.15.28:381][  0]LogConfig: Setting CVar [[r.MaxAnisotropy:8]]
[2022.01.04-17.15.28:381][  0]LogConfig: Setting CVar [[r.VT.MaxAnisotropy:8]]
[2022.01.04-17.15.28:381][  0]LogConfig: Setting CVar [[r.Streaming.LimitPoolSizeToVRAM:0]]
[2022.01.04-17.15.28:381][  0]LogConfig: Setting CVar [[r.Streaming.PoolSize:1000]]
[2022.01.04-17.15.28:381][  0]LogConfig: Setting CVar [[r.Streaming.MaxEffectiveScreenSize:0]]
[2022.01.04-17.15.28:381][  0]LogConfig: Applying CVar settings from Section [EffectsQuality@3] File [E:/Unreal Projects/Dungeoner/Saved/Config/Windows/Scalability.ini]
[2022.01.04-17.15.28:381][  0]LogConfig: Setting CVar [[r.TranslucencyLightingVolumeDim:64]]
[2022.01.04-17.15.28:381][  0]LogConfig: Setting CVar [[r.RefractionQuality:2]]
[2022.01.04-17.15.28:381][  0]LogConfig: Setting CVar [[r.SSR.Quality:3]]
[2022.01.04-17.15.28:381][  0]LogConfig: Setting CVar [[r.SSR.HalfResSceneColor:0]]
[2022.01.04-17.15.28:381][  0]LogConfig: Setting CVar [[r.SceneColorFormat:4]]
[2022.01.04-17.15.28:381][  0]LogConfig: Setting CVar [[r.DetailMode:2]]
[2022.01.04-17.15.28:381][  0]LogConfig: Setting CVar [[r.TranslucencyVolumeBlur:1]]
[2022.01.04-17.15.28:381][  0]LogConfig: Setting CVar [[r.MaterialQualityLevel:1 ; High quality]]
[2022.01.04-17.15.28:381][  0]LogConfig: Setting CVar [[r.AnisotropicMaterials:1]]
[2022.01.04-17.15.28:381][  0]LogConfig: Setting CVar [[r.SSS.Scale:1]]
[2022.01.04-17.15.28:381][  0]LogConfig: Setting CVar [[r.SSS.SampleSet:2]]
[2022.01.04-17.15.28:381][  0]LogConfig: Setting CVar [[r.SSS.Quality:1]]
[2022.01.04-17.15.28:381][  0]LogConfig: Setting CVar [[r.SSS.HalfRes:0]]
[2022.01.04-17.15.28:381][  0]LogConfig: Setting CVar [[r.SSGI.Quality:3]]
[2022.01.04-17.15.28:381][  0]LogConfig: Setting CVar [[r.EmitterSpawnRateScale:1.0]]
[2022.01.04-17.15.28:381][  0]LogConfig: Setting CVar [[r.ParticleLightQuality:2]]
[2022.01.04-17.15.28:381][  0]LogConfig: Setting CVar [[r.SkyAtmosphere.AerialPerspectiveLUT.FastApplyOnOpaque:1 ; Always have FastSkyLUT 1 in this case to avoid wrong sky]]
[2022.01.04-17.15.28:381][  0]LogConfig: Setting CVar [[r.SkyAtmosphere.AerialPerspectiveLUT.SampleCountMaxPerSlice:4]]
[2022.01.04-17.15.28:381][  0]LogConfig: Setting CVar [[r.SkyAtmosphere.AerialPerspectiveLUT.DepthResolution:16.0]]
[2022.01.04-17.15.28:381][  0]LogConfig: Setting CVar [[r.SkyAtmosphere.FastSkyLUT:1]]
[2022.01.04-17.15.28:381][  0]LogConfig: Setting CVar [[r.SkyAtmosphere.FastSkyLUT.SampleCountMin:4.0]]
[2022.01.04-17.15.28:381][  0]LogConfig: Setting CVar [[r.SkyAtmosphere.FastSkyLUT.SampleCountMax:128.0]]
[2022.01.04-17.15.28:381][  0]LogConfig: Setting CVar [[r.SkyAtmosphere.SampleCountMin:4.0]]
[2022.01.04-17.15.28:381][  0]LogConfig: Setting CVar [[r.SkyAtmosphere.SampleCountMax:128.0]]
[2022.01.04-17.15.28:381][  0]LogConfig: Setting CVar [[r.SkyAtmosphere.TransmittanceLUT.UseSmallFormat:0]]
[2022.01.04-17.15.28:381][  0]LogConfig: Setting CVar [[r.SkyAtmosphere.TransmittanceLUT.SampleCount:10.0]]
[2022.01.04-17.15.28:381][  0]LogConfig: Setting CVar [[r.SkyAtmosphere.MultiScatteringLUT.SampleCount:15.0]]
[2022.01.04-17.15.28:381][  0]LogConfig: Setting CVar [[r.SkyLight.RealTimeReflectionCapture:1]]
[2022.01.04-17.15.28:381][  0]LogConfig: Applying CVar settings from Section [FoliageQuality@3] File [E:/Unreal Projects/Dungeoner/Saved/Config/Windows/Scalability.ini]
[2022.01.04-17.15.28:381][  0]LogConfig: Setting CVar [[foliage.DensityScale:1.0]]
[2022.01.04-17.15.28:381][  0]LogConfig: Setting CVar [[grass.DensityScale:1.0]]
[2022.01.04-17.15.28:381][  0]LogConfig: Applying CVar settings from Section [ShadingQuality@3] File [E:/Unreal Projects/Dungeoner/Saved/Config/Windows/Scalability.ini]
[2022.01.04-17.15.28:381][  0]LogConfig: Setting CVar [[r.HairStrands.SkyLighting.IntegrationType:2]]
[2022.01.04-17.15.28:381][  0]LogConfig: Setting CVar [[r.HairStrands.SkyAO.SampleCount:4]]
[2022.01.04-17.15.28:381][  0]LogConfig: Setting CVar [[r.HairStrands.Visibility.MSAA.SamplePerPixel:4]]
[2022.01.04-17.15.28:381][  0]LogInit: Selected Device Profile: [Windows]
[2022.01.04-17.15.28:381][  0]LogInit: Applying CVar settings loaded from the selected device profile: [Windows]
[2022.01.04-17.15.28:381][  0]LogHAL: Display: Platform has ~ 8 GB [8569896960 / 8589934592 / 8], which maps to Default [LargestMinGB=32, LargerMinGB=12, DefaultMinGB=8, SmallerMinGB=6, SmallestMinGB=0)
[2022.01.04-17.15.28:381][  0]LogInit: Going up to parent DeviceProfile []
[2022.01.04-17.15.28:381][  0]LogConfig: Applying CVar settings from Section [ViewDistanceQuality@Cine] File [E:/Unreal Projects/Dungeoner/Saved/Config/Windows/Scalability.ini]
[2022.01.04-17.15.28:381][  0]LogConfig: Setting CVar [[r.SkeletalMeshLODBias:0]]
[2022.01.04-17.15.28:381][  0]LogConfig: Setting CVar [[r.ViewDistanceScale:10.0]]
[2022.01.04-17.15.28:381][  0]LogConfig: Applying CVar settings from Section [AntiAliasingQuality@Cine] File [E:/Unreal Projects/Dungeoner/Saved/Config/Windows/Scalability.ini]
[2022.01.04-17.15.28:382][  0]LogConfig: Setting CVar [[r.PostProcessAAQuality:6]]
[2022.01.04-17.15.28:382][  0]LogConfig: Applying CVar settings from Section [ShadowQuality@Cine] File [E:/Unreal Projects/Dungeoner/Saved/Config/Windows/Scalability.ini]
[2022.01.04-17.15.28:382][  0]LogConfig: Setting CVar [[r.LightFunctionQuality:1]]
[2022.01.04-17.15.28:382][  0]LogConfig: Setting CVar [[r.ShadowQuality:5]]
[2022.01.04-17.15.28:382][  0]LogConfig: Setting CVar [[r.Shadow.CSM.MaxCascades:10]]
[2022.01.04-17.15.28:382][  0]LogConfig: Setting CVar [[r.Shadow.MaxResolution:4096]]
[2022.01.04-17.15.28:382][  0]LogConfig: Setting CVar [[r.Shadow.MaxCSMResolution:4096]]
[2022.01.04-17.15.28:382][  0]LogConfig: Setting CVar [[r.Shadow.RadiusThreshold:0]]
[2022.01.04-17.15.28:382][  0]LogConfig: Setting CVar [[r.Shadow.DistanceScale:1.0]]
[2022.01.04-17.15.28:382][  0]LogConfig: Setting CVar [[r.Shadow.CSM.TransitionScale:1.0]]
[2022.01.04-17.15.28:382][  0]LogConfig: Setting CVar [[r.Shadow.PreShadowResolutionFactor:1.0]]
[2022.01.04-17.15.28:382][  0]LogConfig: Setting CVar [[r.DistanceFieldShadowing:1]]
[2022.01.04-17.15.28:382][  0]LogConfig: Setting CVar [[r.DistanceFieldAO:1]]
[2022.01.04-17.15.28:382][  0]LogConfig: Setting CVar [[r.AOQuality:2]]
[2022.01.04-17.15.28:382][  0]LogConfig: Setting CVar [[r.VolumetricFog:1]]
[2022.01.04-17.15.28:382][  0]LogConfig: Setting CVar [[r.VolumetricFog.GridPixelSize:4]]
[2022.01.04-17.15.28:382][  0]LogConfig: Setting CVar [[r.VolumetricFog.GridSizeZ:128]]
[2022.01.04-17.15.28:382][  0]LogConfig: Setting CVar [[r.VolumetricFog.HistoryMissSupersampleCount:16]]
[2022.01.04-17.15.28:382][  0]LogConfig: Setting CVar [[r.LightMaxDrawDistanceScale:1]]
[2022.01.04-17.15.28:382][  0]LogConfig: Setting CVar [[r.CapsuleShadows:1]]
[2022.01.04-17.15.28:382][  0]LogConfig: Applying CVar settings from Section [PostProcessQuality@Cine] File [E:/Unreal Projects/Dungeoner/Saved/Config/Windows/Scalability.ini]
[2022.01.04-17.15.28:382][  0]LogConfig: Setting CVar [[r.MotionBlurQuality:4]]
[2022.01.04-17.15.28:382][  0]LogConfig: Setting CVar [[r.AmbientOcclusionMipLevelFactor:0.4]]
[2022.01.04-17.15.28:382][  0]LogConfig: Setting CVar [[r.AmbientOcclusionMaxQuality:100]]
[2022.01.04-17.15.28:382][  0]LogConfig: Setting CVar [[r.AmbientOcclusionLevels:-1]]
[2022.01.04-17.15.28:382][  0]LogConfig: Setting CVar [[r.AmbientOcclusionRadiusScale:1.0]]
[2022.01.04-17.15.28:382][  0]LogConfig: Setting CVar [[r.GTAO.Numangles:4]]
[2022.01.04-17.15.28:382][  0]LogConfig: Setting CVar [[r.DepthOfFieldQuality:4]]
[2022.01.04-17.15.28:382][  0]LogConfig: Setting CVar [[r.RenderTargetPoolMin:1000]]
[2022.01.04-17.15.28:382][  0]LogConfig: Setting CVar [[r.LensFlareQuality:3]]
[2022.01.04-17.15.28:382][  0]LogConfig: Setting CVar [[r.SceneColorFringeQuality:1]]
[2022.01.04-17.15.28:382][  0]LogConfig: Setting CVar [[r.EyeAdaptationQuality:2]]
[2022.01.04-17.15.28:382][  0]LogConfig: Setting CVar [[r.BloomQuality:5]]
[2022.01.04-17.15.28:382][  0]LogConfig: Setting CVar [[r.FastBlurThreshold:100]]
[2022.01.04-17.15.28:382][  0]LogConfig: Setting CVar [[r.Upscale.Quality:3]]
[2022.01.04-17.15.28:382][  0]LogConfig: Setting CVar [[r.Tonemapper.GrainQuantization:1]]
[2022.01.04-17.15.28:382][  0]LogConfig: Setting CVar [[r.LightShaftQuality:1]]
[2022.01.04-17.15.28:382][  0]LogConfig: Setting CVar [[r.Filter.SizeScale:1]]
[2022.01.04-17.15.28:382][  0]LogConfig: Setting CVar [[r.Tonemapper.Quality:5]]
[2022.01.04-17.15.28:382][  0]LogConfig: Setting CVar [[r.DOF.Gather.AccumulatorQuality:1        ; higher gathering accumulator quality]]
[2022.01.04-17.15.28:382][  0]LogConfig: Setting CVar [[r.DOF.Gather.PostfilterMethod:1          ; Median3x3 postfilering method]]
[2022.01.04-17.15.28:382][  0]LogConfig: Setting CVar [[r.DOF.Gather.EnableBokehSettings:1       ; bokeh simulation when gathering]]
[2022.01.04-17.15.28:382][  0]LogConfig: Setting CVar [[r.DOF.Gather.RingCount:5                 ; high number of samples when gathering]]
[2022.01.04-17.15.28:382][  0]LogConfig: Setting CVar [[r.DOF.Scatter.ForegroundCompositing:1    ; additive foreground scattering]]
[2022.01.04-17.15.28:382][  0]LogConfig: Setting CVar [[r.DOF.Scatter.BackgroundCompositing:2    ; background scattering occlusion]]
[2022.01.04-17.15.28:382][  0]LogConfig: Setting CVar [[r.DOF.Scatter.EnableBokehSettings:1      ; no bokeh simulation when scattering]]
[2022.01.04-17.15.28:382][  0]LogConfig: Setting CVar [[r.DOF.Scatter.MaxSpriteRatio:0.25        ; only a maximum of 10% of scattered bokeh]]
[2022.01.04-17.15.28:382][  0]LogConfig: Setting CVar [[r.DOF.Recombine.Quality:2                ; highest slight out of focus]]
[2022.01.04-17.15.28:382][  0]LogConfig: Setting CVar [[r.DOF.Recombine.EnableBokehSettings:1    ; bokeh simulation on slight out of focus]]
[2022.01.04-17.15.28:382][  0]LogConfig: Setting CVar [[r.DOF.TemporalAAQuality:1                ; more stable temporal accumulation]]
[2022.01.04-17.15.28:382][  0]LogConfig: Setting CVar [[r.DOF.Kernel.MaxForegroundRadius:0.025]]
[2022.01.04-17.15.28:382][  0]LogConfig: Setting CVar [[r.DOF.Kernel.MaxBackgroundRadius:0.025]]
[2022.01.04-17.15.28:382][  0]LogConfig: Applying CVar settings from Section [TextureQuality@Cine] File [E:/Unreal Projects/Dungeoner/Saved/Config/Windows/Scalability.ini]
[2022.01.04-17.15.28:382][  0]LogConfig: Setting CVar [[r.Streaming.MipBias:0]]
[2022.01.04-17.15.28:382][  0]LogConfig: Setting CVar [[r.Streaming.AmortizeCPUToGPUCopy:0]]
[2022.01.04-17.15.28:382][  0]LogConfig: Setting CVar [[r.Streaming.MaxNumTexturesToStreamPerFrame:0]]
[2022.01.04-17.15.28:382][  0]LogConfig: Setting CVar [[r.Streaming.Boost:1]]
[2022.01.04-17.15.28:382][  0]LogConfig: Setting CVar [[r.MaxAnisotropy:8]]
[2022.01.04-17.15.28:382][  0]LogConfig: Setting CVar [[r.VT.MaxAnisotropy:8]]
[2022.01.04-17.15.28:383][  0]LogConfig: Setting CVar [[r.Streaming.LimitPoolSizeToVRAM:0]]
[2022.01.04-17.15.28:383][  0]LogConfig: Setting CVar [[r.Streaming.PoolSize:3000]]
[2022.01.04-17.15.28:383][  0]LogConfig: Setting CVar [[r.Streaming.MaxEffectiveScreenSize:0]]
[2022.01.04-17.15.28:383][  0]LogConfig: Applying CVar settings from Section [EffectsQuality@Cine] File [E:/Unreal Projects/Dungeoner/Saved/Config/Windows/Scalability.ini]
[2022.01.04-17.15.28:383][  0]LogConfig: Setting CVar [[r.TranslucencyLightingVolumeDim:64]]
[2022.01.04-17.15.28:383][  0]LogConfig: Setting CVar [[r.RefractionQuality:2]]
[2022.01.04-17.15.28:383][  0]LogConfig: Setting CVar [[r.SSR.Quality:4]]
[2022.01.04-17.15.28:383][  0]LogConfig: Setting CVar [[r.SSR.HalfResSceneColor:0]]
[2022.01.04-17.15.28:383][  0]LogConfig: Setting CVar [[r.SceneColorFormat:4]]
[2022.01.04-17.15.28:383][  0]LogConfig: Setting CVar [[r.DetailMode:2]]
[2022.01.04-17.15.28:383][  0]LogConfig: Setting CVar [[r.TranslucencyVolumeBlur:1]]
[2022.01.04-17.15.28:383][  0]LogConfig: Setting CVar [[r.MaterialQualityLevel:1 ; High quality]]
[2022.01.04-17.15.28:383][  0]LogConfig: Setting CVar [[r.AnisotropicMaterials:1]]
[2022.01.04-17.15.28:383][  0]LogConfig: Setting CVar [[r.SSS.Scale:1]]
[2022.01.04-17.15.28:383][  0]LogConfig: Setting CVar [[r.SSS.SampleSet:2]]
[2022.01.04-17.15.28:383][  0]LogConfig: Setting CVar [[r.SSS.Quality:1]]
[2022.01.04-17.15.28:383][  0]LogConfig: Setting CVar [[r.SSS.HalfRes:0]]
[2022.01.04-17.15.28:383][  0]LogConfig: Setting CVar [[r.SSGI.Quality:4]]
[2022.01.04-17.15.28:383][  0]LogConfig: Setting CVar [[r.EmitterSpawnRateScale:1.0]]
[2022.01.04-17.15.28:383][  0]LogConfig: Setting CVar [[r.ParticleLightQuality:2]]
[2022.01.04-17.15.28:383][  0]LogConfig: Setting CVar [[r.SkyAtmosphere.AerialPerspectiveLUT.FastApplyOnOpaque:0]]
[2022.01.04-17.15.28:383][  0]LogConfig: Setting CVar [[r.SkyAtmosphere.AerialPerspectiveLUT.SampleCountMaxPerSlice:8]]
[2022.01.04-17.15.28:383][  0]LogConfig: Setting CVar [[r.SkyAtmosphere.AerialPerspectiveLUT.DepthResolution:32.0]]
[2022.01.04-17.15.28:383][  0]LogConfig: Setting CVar [[r.SkyAtmosphere.FastSkyLUT:0]]
[2022.01.04-17.15.28:383][  0]LogConfig: Setting CVar [[r.SkyAtmosphere.FastSkyLUT.SampleCountMin:4.0]]
[2022.01.04-17.15.28:383][  0]LogConfig: Setting CVar [[r.SkyAtmosphere.FastSkyLUT.SampleCountMax:256.0]]
[2022.01.04-17.15.28:383][  0]LogConfig: Setting CVar [[r.SkyAtmosphere.SampleCountMin:8.0]]
[2022.01.04-17.15.28:383][  0]LogConfig: Setting CVar [[r.SkyAtmosphere.SampleCountMax:256.0]]
[2022.01.04-17.15.28:383][  0]LogConfig: Setting CVar [[r.SkyAtmosphere.TransmittanceLUT.UseSmallFormat:0]]
[2022.01.04-17.15.28:383][  0]LogConfig: Setting CVar [[r.SkyAtmosphere.TransmittanceLUT.SampleCount:30.0]]
[2022.01.04-17.15.28:383][  0]LogConfig: Setting CVar [[r.SkyAtmosphere.MultiScatteringLUT.SampleCount:20.0]]
[2022.01.04-17.15.28:383][  0]LogConfig: Setting CVar [[r.SkyLight.RealTimeReflectionCapture:1]]
[2022.01.04-17.15.28:383][  0]LogConfig: Applying CVar settings from Section [FoliageQuality@Cine] File [E:/Unreal Projects/Dungeoner/Saved/Config/Windows/Scalability.ini]
[2022.01.04-17.15.28:383][  0]LogConfig: Setting CVar [[foliage.DensityScale:1.0]]
[2022.01.04-17.15.28:383][  0]LogConfig: Setting CVar [[grass.DensityScale:1.0]]
[2022.01.04-17.15.28:383][  0]LogConfig: Applying CVar settings from Section [ShadingQuality@Cine] File [E:/Unreal Projects/Dungeoner/Saved/Config/Windows/Scalability.ini]
[2022.01.04-17.15.28:383][  0]LogConfig: Setting CVar [[r.HairStrands.SkyLighting.IntegrationType:0]]
[2022.01.04-17.15.28:383][  0]LogConfig: Setting CVar [[r.HairStrands.SkyAO.SampleCount:8]]
[2022.01.04-17.15.28:383][  0]LogConfig: Setting CVar [[r.HairStrands.Visibility.MSAA.SamplePerPixel:8]]
[2022.01.04-17.15.28:383][  0]LogConfig: Applying CVar settings from Section [Startup] File [../../../Engine/Config/ConsoleVariables.ini]
[2022.01.04-17.15.28:383][  0]LogConfig: Setting CVar [[net.UseAdaptiveNetUpdateFrequency:0]]
[2022.01.04-17.15.28:383][  0]LogConfig: Setting CVar [[p.chaos.AllowCreatePhysxBodies:1]]
[2022.01.04-17.15.28:384][  0]LogConfig: Setting CVar [[fx.SkipVectorVMBackendOptimizations:1]]
[2022.01.04-17.15.28:384][  0]LogConfig: Applying CVar settings from Section [ConsoleVariables] File [E:/Unreal Projects/Dungeoner/Saved/Config/Windows/Engine.ini]
[2022.01.04-17.15.28:384][  0]LogConfig: Applying CVar settings from Section [ConsoleVariables] File [E:/Unreal Projects/Dungeoner/Saved/Config/Windows/Editor.ini]
[2022.01.04-17.15.28:384][  0]LogInit: Computer: HOME-PC
[2022.01.04-17.15.28:384][  0]LogInit: User: Denis
[2022.01.04-17.15.28:384][  0]LogInit: CPU Page size=4096, Cores=4
[2022.01.04-17.15.28:384][  0]LogInit: High frequency timer resolution =10.000000 MHz
[2022.01.04-17.15.28:384][  0]LogMemory: Memory total: Physical=8.0GB (8GB approx)
[2022.01.04-17.15.28:384][  0]LogMemory: Platform Memory Stats for Windows
[2022.01.04-17.15.28:384][  0]LogMemory: Process Physical Memory: 139.91 MB used, 139.92 MB peak
[2022.01.04-17.15.28:384][  0]LogMemory: Process Virtual Memory: 110.93 MB used, 110.93 MB peak
[2022.01.04-17.15.28:384][  0]LogMemory: Physical Memory: 4451.36 MB used,  3721.54 MB free, 8172.89 MB total
[2022.01.04-17.15.28:384][  0]LogMemory: Virtual Memory: 134209496.00 MB used,  8233.16 MB free, 134217728.00 MB total
[2022.01.04-17.15.28:392][  0]LogWindows: WindowsPlatformFeatures enabled
[2022.01.04-17.15.28:569][  0]LogInit: Physics initialised using underlying interface: PhysX
[2022.01.04-17.15.28:610][  0]LogInit: Using OS detected language (ru-RU).
[2022.01.04-17.15.28:610][  0]LogInit: Using OS detected locale (ru-RU).
[2022.01.04-17.15.28:613][  0]LogTextLocalizationManager: No specific localization for 'ru-RU' exists, so the 'ru' localization will be used.
[2022.01.04-17.15.28:613][  0]LogTextLocalizationResource: LocRes '../../../Engine/Content/Localization/Editor/ru/Editor.locres' could not be opened for reading!
[2022.01.04-17.15.28:613][  0]LogTextLocalizationResource: LocRes '../../../Engine/Content/Localization/EditorTutorials/ru/EditorTutorials.locres' could not be opened for reading!
[2022.01.04-17.15.28:613][  0]LogTextLocalizationResource: LocRes '../../../Engine/Content/Localization/Keywords/ru/Keywords.locres' could not be opened for reading!
[2022.01.04-17.15.28:613][  0]LogTextLocalizationResource: LocRes '../../../Engine/Content/Localization/Category/ru/Category.locres' could not be opened for reading!
[2022.01.04-17.15.28:613][  0]LogTextLocalizationResource: LocRes '../../../Engine/Content/Localization/ToolTips/ru/ToolTips.locres' could not be opened for reading!
[2022.01.04-17.15.28:613][  0]LogTextLocalizationResource: LocRes '../../../Engine/Content/Localization/PropertyNames/ru/PropertyNames.locres' could not be opened for reading!
[2022.01.04-17.15.28:614][  0]LogTextLocalizationResource: LocRes '../../../Engine/Content/Localization/Engine/ru/Engine.locres' could not be opened for reading!
[2022.01.04-17.15.28:614][  0]LogInit: Setting process to per monitor DPI aware
[2022.01.04-17.15.28:626][  0]LogWindowsTextInputMethodSystem: Display: IME system deactivated.
[2022.01.04-17.15.28:640][  0]LogSlate: New Slate User Created.  User Index 0, Is Virtual User: 0
[2022.01.04-17.15.28:640][  0]LogSlate: Slate User Registered.  User Index 0, Is Virtual User: 0
[2022.01.04-17.15.28:782][  0]LogD3D11RHI: Loaded GFSDK_Aftermath_Lib.x64.dll
[2022.01.04-17.15.28:784][  0]LogHMD: Failed to initialize OpenVR with code 110
[2022.01.04-17.15.28:784][  0]LogD3D11RHI: D3D11 min allowed feature level: 11_0
[2022.01.04-17.15.28:784][  0]LogD3D11RHI: D3D11 max allowed feature level: 11_0
[2022.01.04-17.15.28:784][  0]LogD3D11RHI: D3D11 adapters:
[2022.01.04-17.15.28:855][  0]LogD3D11RHI:    0. 'NVIDIA GeForce GTX 550 Ti' (Feature Level 11_0)
[2022.01.04-17.15.28:855][  0]LogD3D11RHI:       959/0/4086 MB DedicatedVideo/DedicatedSystem/SharedSystem, Outputs:1, VendorId:0x10de
[2022.01.04-17.15.28:857][  0]LogD3D11RHI:    1. 'Microsoft Basic Render Driver' (Feature Level 11_0)
[2022.01.04-17.15.28:857][  0]LogD3D11RHI:       0/0/4086 MB DedicatedVideo/DedicatedSystem/SharedSystem, Outputs:0, VendorId:0x1414
[2022.01.04-17.15.28:857][  0]LogD3D11RHI: Chosen D3D11 Adapter:
[2022.01.04-17.15.28:857][  0]LogD3D11RHI:     Description : NVIDIA GeForce GTX 550 Ti
[2022.01.04-17.15.28:857][  0]LogD3D11RHI:     VendorId    : 10de
[2022.01.04-17.15.28:857][  0]LogD3D11RHI:     DeviceId    : 1244
[2022.01.04-17.15.28:857][  0]LogD3D11RHI:     SubSysId    : 0000
[2022.01.04-17.15.28:857][  0]LogD3D11RHI:     Revision    : 00a1
[2022.01.04-17.15.28:857][  0]LogD3D11RHI:     DedicatedVideoMemory : 1005780992 bytes
[2022.01.04-17.15.28:857][  0]LogD3D11RHI:     DedicatedSystemMemory : 0 bytes
[2022.01.04-17.15.28:858][  0]LogD3D11RHI:     SharedSystemMemory : 4284948480 bytes
[2022.01.04-17.15.28:858][  0]LogD3D11RHI:     AdapterLuid : 0 39137
[2022.01.04-17.15.28:863][  0]LogD3D11RHI: Creating new Direct3DDevice
[2022.01.04-17.15.28:863][  0]LogD3D11RHI:     GPU DeviceId: 0x1244 (for the marketing name, search the web for "GPU Device Id")
[2022.01.04-17.15.28:863][  0]LogWindows: EnumDisplayDevices:
[2022.01.04-17.15.28:864][  0]LogWindows:    0. 'NVIDIA GeForce GTX 550 Ti' (P:1 D:1)
[2022.01.04-17.15.28:864][  0]LogWindows:    1. 'NVIDIA GeForce GTX 550 Ti' (P:0 D:0)
[2022.01.04-17.15.28:864][  0]LogWindows: DebugString: FoundDriverCount:2 
[2022.01.04-17.15.28:864][  0]LogD3D11RHI:     Adapter Name: NVIDIA GeForce GTX 550 Ti
[2022.01.04-17.15.28:864][  0]LogD3D11RHI:   Driver Version: 391.35 (internal:23.21.13.9135, unified:391.35)
[2022.01.04-17.15.28:864][  0]LogD3D11RHI:      Driver Date: 3-23-2018
[2022.01.04-17.15.28:864][  0]LogRHI: Texture pool is 671 MB (70% of 959 MB)
[2022.01.04-17.15.28:864][  0]LogD3D11RHI: Creating D3DDevice using adapter:
[2022.01.04-17.15.28:864][  0]LogD3D11RHI:     Description : NVIDIA GeForce GTX 550 Ti
[2022.01.04-17.15.28:864][  0]LogD3D11RHI:     VendorId    : 10de
[2022.01.04-17.15.28:864][  0]LogD3D11RHI:     DeviceId    : 1244
[2022.01.04-17.15.28:864][  0]LogD3D11RHI:     SubSysId    : 0000
[2022.01.04-17.15.28:864][  0]LogD3D11RHI:     Revision    : 00a1
[2022.01.04-17.15.28:864][  0]LogD3D11RHI:     DedicatedVideoMemory : 1005780992 bytes
[2022.01.04-17.15.28:864][  0]LogD3D11RHI:     DedicatedSystemMemory : 0 bytes
[2022.01.04-17.15.28:864][  0]LogD3D11RHI:     SharedSystemMemory : 4284948480 bytes
[2022.01.04-17.15.28:864][  0]LogD3D11RHI:     AdapterLuid : 0 39137
[2022.01.04-17.15.28:912][  0]LogD3D11RHI: Display: Timestamp queries are currently disabled on this hardware due to instability. Realtime GPU stats will not be available. You can override this behaviour by setting r.NVIDIATimestampWorkaround to 0
[2022.01.04-17.15.28:912][  0]LogD3D11RHI: RHI does not have support for 64 bit atomics
[2022.01.04-17.15.28:912][  0]LogD3D11RHI: Async texture creation enabled
[2022.01.04-17.15.28:933][  0]LogD3D11RHI: GPU Timing Frequency: 1000.000000 (Debug: 2 2)
[2022.01.04-17.15.28:998][  0]LogRHI: GeForceNow SDK initialized: 1
[2022.01.04-17.15.30:022][  0]LogTargetPlatformManager: Display: Loaded TargetPlatform 'AllDesktop'
[2022.01.04-17.15.30:049][  0]LogTargetPlatformManager: Display: Loaded TargetPlatform 'Android'
[2022.01.04-17.15.30:049][  0]LogTargetPlatformManager: Display: Loaded TargetPlatform 'Android_ASTC'
[2022.01.04-17.15.30:049][  0]LogTargetPlatformManager: Display: Loaded TargetPlatform 'Android_DXT'
[2022.01.04-17.15.30:049][  0]LogTargetPlatformManager: Display: Loaded TargetPlatform 'Android_ETC2'
[2022.01.04-17.15.30:049][  0]LogTargetPlatformManager: Display: Loaded TargetPlatform 'AndroidClient'
[2022.01.04-17.15.30:049][  0]LogTargetPlatformManager: Display: Loaded TargetPlatform 'Android_ASTCClient'
[2022.01.04-17.15.30:049][  0]LogTargetPlatformManager: Display: Loaded TargetPlatform 'Android_DXTClient'
[2022.01.04-17.15.30:049][  0]LogTargetPlatformManager: Display: Loaded TargetPlatform 'Android_ETC2Client'
[2022.01.04-17.15.30:049][  0]LogTargetPlatformManager: Display: Loaded TargetPlatform 'Android_Multi'
[2022.01.04-17.15.30:049][  0]LogTargetPlatformManager: Display: Loaded TargetPlatform 'Android_MultiClient'
[2022.01.04-17.15.30:070][  0]LogTargetPlatformManager: Display: Loaded TargetPlatform 'IOSClient'
[2022.01.04-17.15.30:071][  0]LogTargetPlatformManager: Display: Loaded TargetPlatform 'IOS'
[2022.01.04-17.15.30:082][  0]LogTargetPlatformManager: Display: Loaded TargetPlatform 'Linux'
[2022.01.04-17.15.30:088][  0]LogTargetPlatformManager: Display: Loaded TargetPlatform 'LinuxNoEditor'
[2022.01.04-17.15.30:093][  0]LogTargetPlatformManager: Display: Loaded TargetPlatform 'LinuxClient'
[2022.01.04-17.15.30:098][  0]LogTargetPlatformManager: Display: Loaded TargetPlatform 'LinuxServer'
[2022.01.04-17.15.30:110][  0]LogTargetPlatformManager: Display: Loaded TargetPlatform 'LinuxAArch64NoEditor'
[2022.01.04-17.15.30:115][  0]LogTargetPlatformManager: Display: Loaded TargetPlatform 'LinuxAArch64Client'
[2022.01.04-17.15.30:121][  0]LogTargetPlatformManager: Display: Loaded TargetPlatform 'LinuxAArch64Server'
[2022.01.04-17.15.30:152][  0]LogTargetPlatformManager: Display: Loaded TargetPlatform 'Lumin'
[2022.01.04-17.15.30:152][  0]LogTargetPlatformManager: Display: Loaded TargetPlatform 'LuminClient'
[2022.01.04-17.15.30:162][  0]LogTargetPlatformManager: Display: Loaded TargetPlatform 'MacNoEditor'
[2022.01.04-17.15.30:168][  0]LogTargetPlatformManager: Display: Loaded TargetPlatform 'Mac'
[2022.01.04-17.15.30:173][  0]LogTargetPlatformManager: Display: Loaded TargetPlatform 'MacClient'
[2022.01.04-17.15.30:178][  0]LogTargetPlatformManager: Display: Loaded TargetPlatform 'MacServer'
[2022.01.04-17.15.30:191][  0]LogTargetPlatformManager: Display: Loaded TargetPlatform 'TVOSClient'
[2022.01.04-17.15.30:191][  0]LogTargetPlatformManager: Display: Loaded TargetPlatform 'TVOS'
[2022.01.04-17.15.30:202][  0]LogTargetPlatformManager: Display: Loaded TargetPlatform 'WindowsNoEditor'
[2022.01.04-17.15.30:207][  0]LogTargetPlatformManager: Display: Loaded TargetPlatform 'Windows'
[2022.01.04-17.15.30:213][  0]LogTargetPlatformManager: Display: Loaded TargetPlatform 'WindowsClient'
[2022.01.04-17.15.30:218][  0]LogTargetPlatformManager: Display: Loaded TargetPlatform 'WindowsServer'
[2022.01.04-17.15.30:218][  0]LogTargetPlatformManager: Display: Building Assets For Windows
[2022.01.04-17.15.30:226][  0]LogAudioDebug: Display: Lib vorbis DLL was dynamically loaded.
[2022.01.04-17.15.30:260][  0]LogTextureFormatOodle: Display: Oodle Texture 2.9.0 init RDO Off
[2022.01.04-17.15.30:295][  0]LogRendererCore: Ray tracing is disabled. Reason: r.RayTracing=0.
[2022.01.04-17.15.30:295][  0]LogShaderCompilers: Guid format shader working directory is 8 characters bigger than the processId version (../../../../Unreal Projects/Dungeoner/Intermediate/Shaders/WorkingDirectory/15644/).
[2022.01.04-17.15.30:295][  0]LogShaderCompilers: Cleaned the shader compiler working directory 'C:/Users/Denis/AppData/Local/Temp/UnrealShaderWorkingDir/8172CB0B48487CCA1B7ECC908203EEA4/'.
[2022.01.04-17.15.30:295][  0]LogXGEController: Cleaning working directory: C:/Users/Denis/AppData/Local/Temp/UnrealXGEWorkingDir/
[2022.01.04-17.15.30:296][  0]LogShaderCompilers: Display: Using XGE Controller for Shader Compilation.
[2022.01.04-17.15.31:300][  0]LogDerivedDataCache: Display: Max Cache Size: 512 MB
[2022.01.04-17.15.31:374][  0]LogDerivedDataCache: Loaded boot cache 0.07s 94MB C:/Users/Denis/AppData/Local/UnrealEngine/4.27/DerivedDataCache/Boot.ddc.
[2022.01.04-17.15.31:374][  0]LogDerivedDataCache: Display: Loaded Boot cache: C:/Users/Denis/AppData/Local/UnrealEngine/4.27/DerivedDataCache/Boot.ddc
[2022.01.04-17.15.31:374][  0]LogDerivedDataCache: FDerivedDataBackendGraph:  Pak pak cache file ../../../../Unreal Projects/Dungeoner/DerivedDataCache/DDC.ddp not found, will not use a pak cache.
[2022.01.04-17.15.31:374][  0]LogDerivedDataCache: Unable to find inner node Pak for hierarchical cache Hierarchy.
[2022.01.04-17.15.31:374][  0]LogDerivedDataCache: FDerivedDataBackendGraph:  CompressedPak pak cache file ../../../../Unreal Projects/Dungeoner/DerivedDataCache/Compressed.ddp not found, will not use a pak cache.
[2022.01.04-17.15.31:374][  0]LogDerivedDataCache: Unable to find inner node CompressedPak for hierarchical cache Hierarchy.
[2022.01.04-17.15.31:398][  0]LogDerivedDataCache: Display: Pak cache opened for reading ../../../Engine/DerivedDataCache/Compressed.ddp.
[2022.01.04-17.15.31:398][  0]LogDerivedDataCache: FDerivedDataBackendGraph:  EnterprisePak pak cache file ../../../Enterprise/DerivedDataCache/Compressed.ddp not found, will not use a pak cache.
[2022.01.04-17.15.31:398][  0]LogDerivedDataCache: Unable to find inner node EnterprisePak for hierarchical cache Hierarchy.
[2022.01.04-17.15.31:480][  0]LogDerivedDataCache: Speed tests for C:/Users/Denis/AppData/Local/UnrealEngine/Common/DerivedDataCache took 0.08 seconds
[2022.01.04-17.15.31:480][  0]LogDerivedDataCache: Display: Performance to C:/Users/Denis/AppData/Local/UnrealEngine/Common/DerivedDataCache: Latency=0.03ms. RandomReadSpeed=1286.05MBs, RandomWriteSpeed=11.64MBs. Assigned SpeedClass 'Local'
[2022.01.04-17.15.31:481][  0]LogDerivedDataCache: Using Local data cache path C:/Users/Denis/AppData/Local/UnrealEngine/Common/DerivedDataCache: Writable
[2022.01.04-17.15.31:481][  0]LogDerivedDataCache: Shared data cache path not found in *engine.ini, will not use an Shared cache.
[2022.01.04-17.15.31:481][  0]LogDerivedDataCache: Unable to find inner node Shared for hierarchical cache Hierarchy.
[2022.01.04-17.15.31:547][  0]LogSlate: Using FreeType 2.10.0
[2022.01.04-17.15.31:547][  0]LogSlate: SlateFontServices - WITH_FREETYPE: 1, WITH_HARFBUZZ: 1
[2022.01.04-17.15.31:579][  0]LogAssetRegistry: FAssetRegistry took 0.0043 seconds to start up
[2022.01.04-17.15.31:909][  0]LogInit: Selected Device Profile: [Windows]
[2022.01.04-17.15.31:910][  0]LogInit: Active device profile: [0000019C7D962E00][0000019C7C1F72C0 49] Windows
[2022.01.04-17.15.31:910][  0]LogInit: Profiles: [0000019C7D962E00][0000019C7C1F72C0 49] Windows, [0000019C7D8FD400][0000019C7C1FB440 49] WindowsNoEditor, [0000019C7D961400][0000019C769615C0 49] WindowsServer, [0000019C7D8FE600][0000019C76965740 49] WindowsClient, [0000019C7D962500][0000019C769458C0 49] IOS, [0000019C7D8FDD00][0000019C7E6A5A40 49] iPadAir, [0000019C7D961C00][0000019C7E6A9BC0 49] iPadAir2, [0000019C7D8AF500][0000019C6ED74300 49] IPadPro, [0000019C7D8AF600][0000019C7E6AC340 49] iPadAir3, [0000019C7D963200][0000019C6ED784C0 49] iPadAir4, [0000019C7D8AD900][0000019C6ED7C640 49] iPadMini2, [0000019C7D962B00][0000019C6D90E780 49] iPadMini3, [0000019C7D8AF900][0000019C6ED808C0 49] iPadMini4, [0000019C7D960100][0000019C6ED84A00 49] iPadMini5, [0000019C7D8F6E00][0000019C6EDD4C80 49] iPhone6, [0000019C7D8F6F00][0000019C6EDCCCC0 49] iPodTouch6, [0000019C7D8ACA00][0000019C6EDDCF80 49] iPhone7, [0000019C7D8AC900][0000019C6EDD8FC0 49] iPodTouch7, [0000019C7D8F5800][0000019C6EDE1140 49] iPhone5S, [0000019C7D8AEE00][0000019C6EDE52C0 49] iPhone6Plus, [0000019C7D8F6100][0000019C6EDE9440 49] iPhone6S, [0000019C7D8AE100][0000019C6EDED5C0 49] iPhone6SPlus, [0000019C7D8F5500][0000019C7C441740 49] iPhone7Plus, [0000019C7D8AF700][0000019C7C4458C0 49] iPhoneSE, [0000019C7D8F5A00][0000019C7C449A40 49] iPhone8, [0000019C7D8AEC00][0000019C7C44DBC0 49] iPhone8Plus, [0000019C7D8F6000][0000019C7C4501C0 49] iPhoneX, [0000019C7D8AE700][0000019C7C454340 49] iPhoneXS, [0000019C7D8F7200][0000019C7C4584C0 49] iPhoneXSMax, [0000019C7D8AE200][0000019C7C45C640 49] iPhoneXR, [0000019C7D8F6700][0000019C7C4607C0 49] iPhone11, [0000019C7D8AC500][0000019C7C464940 49] iPhone11Pro, [0000019C7D8F6600][0000019C6EDD0A80 49] iPhone11ProMax, [0000019C7D8AC200][0000019C7C468BC0 49] iPhoneSE2, [0000019C7D8F5B00][0000019C7C46CD00 49] iPhone12Mini, [0000019C7D8AFF00][0000019C7C474E80 49] iPhone12, [0000019C7D8F6400][0000019C7C479000 49] iPhone12Pro, [0000019C7D8AD000][0000019C7C47D180 49] iPhone12ProMax, [0000019C7D8F7800][0000019C7C481300 49] iPadPro105, [0000019C7D8AEA00][0000019C768DB480 49] iPadPro129, [0000019C7D8F4B00][0000019C768DF600 49] iPadPro97, [0000019C7D8AFA00][0000019C768E3780 49] iPadPro2_129, [0000019C7D8F7D00][0000019C768E7900 49] iPad5, [0000019C7D8AFD00][0000019C768EBA80 49] iPad6, [0000019C7D8F6200][0000019C768EFC00 49] iPad7, [0000019C7D8AC800][0000019C768F2200 49] iPad8, [0000019C7D8F6C00][0000019C768F6380 49] iPadPro11, [0000019C7D8AFB00][0000019C768FA500 49] iPadPro2_11, [0000019C7D8F7500][0000019C768FE680 49] iPadPro3_129, [0000019C7D8ACE00][0000019C76902800 49] iPadPro4_129, [0000019C7D8F6300][0000019C76906980 49] AppleTV, [0000019C7D8AE800][0000019C7690AB00 49] AppleTV4K, [0000019C7D8FF600][0000019C7C470C40 49] TVOS, [0000019C7D995100][0000019C7690ED80 49] Mac, [0000019C7D8FFA00][0000019C76912EC0 49] MacClient, [0000019C7D995900][0000019C7691B040 49] MacNoEditor, [0000019C7D8FE500][0000019C7691F1C0 49] MacServer, [0000019C7D995800][0000019C76923340 49] Linux, [0000019C7D8FD200][0000019C769274C0 49] LinuxAArch64, [0000019C7D994C00][0000019C7692B640 49] LinuxNoEditor, [0000019C7D8FC900][0000019C7692F7C0 49] LinuxAArch64NoEditor, [0000019C7D995600][0000019C76933940 49] LinuxClient, [0000019C7D8FDF00][0000019C76937AC0 49] LinuxAArch64Client, [0000019C7D994200][0000019C7693A0C0 49] LinuxServer, [0000019C7D8FC200][0000019C7F200240 49] LinuxAArch64Server, [0000019C7D995700][0000019C7F2043C0 49] Android, [0000019C7D8FE300][0000019C7F208540 49] Android_Low, [0000019C7D995300][0000019C7F20C6C0 49] Android_Mid, [0000019C7D8FDA00][0000019C7F210840 49] Android_High, [0000019C7D995C00][0000019C7F2149C0 49] Android_Default, [0000019C7D8FFF00][0000019C7F218B40 49] Android_Adreno4xx, [0000019C7D996100][0000019C7F21CCC0 49] Android_Adreno5xx_Low, [0000019C7D8AF400][0000019C76916E00 49] Android_Adreno5xx, [0000019C7D8F4100][0000019C7F220F40 49] Android_Adreno6xx, [0000019C7D8AFC00][0000019C7F225080 49] Android_Adreno6xx_Vulkan, [0000019C7D8F6B00][0000019C7F2291C0 49] Android_Mali_T6xx, [0000019C7D8AE900][0000019C7F231340 49] Android_Mali_T7xx, [0000019C7D8F4900][0000019C7F2354C0 49] Android_Mali_T8xx, [0000019C7D8ACB00][0000019C7F239640 49] Android_Mali_G71, [0000019C7D8F4300][0000019C7F23D7C0 49] Android_Mali_G72, [0000019C7D8AD200][0000019C7F241940 49] Android_Mali_G72_Vulkan, [0000019C7D8F7000][0000019C7F245AC0 49] Android_Mali_G76, [0000019C7D8ADE00][0000019C7F2480C0 49] Android_Mali_G76_Vulkan, [0000019C7D8F5300][0000019C7F24C240 49] Android_Mali_G77, [0000019C7D8AC400][0000019C7F2503C0 49] Android_Mali_G77_Vulkan, [0000019C7D8F6500][0000019C7F254540 49] Android_Mali_G78, [0000019C7D8AF300][0000019C7F2586C0 49] Android_Mali_G78_Vulkan, [0000019C7D8F7700][0000019C7F25C840 49] Android_Mali_G710, [0000019C7D8AE500][0000019C7F2609C0 49] Android_Mali_G710_Vulkan, [0000019C7D995D00][0000019C7F264B40 49] Android_Vulkan_SM5, [0000019C7D8AD300][0000019C7F268CC0 49] Android_PowerVR_G6xxx, [0000019C7D995200][0000019C7F26CE40 49] Android_PowerVR_GT7xxx, [0000019C7D8AF100][0000019C7F22CF80 49] Android_PowerVR_GE8xxx, [0000019C7D994B00][0000019C7F2710C0 49] Android_PowerVR_GM9xxx, [0000019C7D8ADF00][0000019C7F275200 49] Android_PowerVR_GM9xxx_Vulkan, [0000019C7D994700][0000019C7F279340 49] Android_TegraK1, [0000019C7D8AC300][0000019C7F2814C0 49] Android_Unknown_Vulkan, [0000019C7D8F6A00][0000019C7F285640 49] Lumin, [0000019C7D8AD100][0000019C7F2897C0 49] Lumin_Desktop, [0000019C7D8F4700][0000019C7F28D940 49] HoloLens, 
[2022.01.04-17.15.32:089][  0]LogMeshReduction: Using QuadricMeshReduction for automatic static mesh reduction
[2022.01.04-17.15.32:089][  0]LogMeshReduction: Using SimplygonMeshReduction for automatic skeletal mesh reduction
[2022.01.04-17.15.32:089][  0]LogMeshReduction: Using ProxyLODMeshReduction for automatic mesh merging
[2022.01.04-17.15.32:089][  0]LogMeshReduction: No distributed automatic mesh merging module available
[2022.01.04-17.15.32:089][  0]LogMeshMerging: No distributed automatic mesh merging module available
[2022.01.04-17.15.32:107][  0]LogNetVersion: Dungeoner 1.0.0, NetCL: 17155196, EngineNetVer: 17, GameNetVer: 0 (Checksum: 1542495505)
[2022.01.04-17.15.32:606][  0]LogTexture: Default maximum texture size for cubemaps generated from long-lat sources has been changed from 512 to unlimited. In order to preserve old behaiour for '/Engine/MapTemplates/Sky/DaylightAmbientCubemap.DaylightAmbientCubemap', its maximum texture size has been explicitly set to 512.
[2022.01.04-17.15.32:687][  0]LogHMD: PokeAHoleMaterial loaded successfully
[2022.01.04-17.15.32:695][  0]LogUObjectArray: 17178 objects as part of root set at end of initial load.
[2022.01.04-17.15.32:695][  0]LogUObjectAllocator: 4302048 out of 0 bytes used by permanent object pool.
[2022.01.04-17.15.32:695][  0]LogUObjectArray: CloseDisregardForGC: 0/0 objects in disregard for GC pool
[2022.01.04-17.15.33:020][  0]LogNiagaraDebuggerClient: Niagara Debugger Client Initialized | Session: 6D8EF4074B8009193FC21EA469348F72 | Instance: 8B87B0B44E13BFA338FE4980355AEE38 (HOME-PC-15644).
[2022.01.04-17.15.33:062][  0]LogPython: Using Python 3.7.7
[2022.01.04-17.15.34:032][  0]LogTcpMessaging: Initializing TcpMessaging bridge
[2022.01.04-17.15.34:038][  0]LogUdpMessaging: Initializing bridge on interface 0.0.0.0:0 to multicast group 230.0.0.1:6666.
[2022.01.04-17.15.34:250][  0]SourceControl: Source control is disabled
[2022.01.04-17.15.34:250][  0]SourceControl: Source control is disabled
[2022.01.04-17.15.34:254][  0]SourceControl: Source control is disabled
[2022.01.04-17.15.34:257][  0]SourceControl: Source control is disabled
[2022.01.04-17.15.34:267][  0]SourceControl: Source control is disabled
[2022.01.04-17.15.34:274][  0]LogUProjectInfo: Found projects:
[2022.01.04-17.15.34:529][  0]LogOpenImageDenoise: OIDN starting up
[2022.01.04-17.15.34:585][  0]LogAndroidPermission: UAndroidPermissionCallbackProxy::GetInstance
[2022.01.04-17.15.34:615][  0]LogAudioCaptureCore: Display: No Audio Capture implementations found. Audio input will be silent.
[2022.01.04-17.15.34:615][  0]LogAudioCaptureCore: Display: No Audio Capture implementations found. Audio input will be silent.
[2022.01.04-17.15.34:778][  0]LogCollectionManager: Loaded 0 collections in 0.000901 seconds
[2022.01.04-17.15.34:816][  0]LogFileCache: Scanning file cache for directory 'E:/Unreal Projects/Dungeoner/Saved/Collections/' took 0.00s
[2022.01.04-17.15.34:816][  0]LogFileCache: Scanning file cache for directory 'E:/Unreal Projects/Dungeoner/Content/Developers/Denis/Collections/' took 0.00s
[2022.01.04-17.15.34:816][  0]LogFileCache: Scanning file cache for directory 'E:/Unreal Projects/Dungeoner/Content/Collections/' took 0.00s
[2022.01.04-17.15.34:816][  0]LogOcInput: OculusInput pre-init called
[2022.01.04-17.15.35:122][  0]LogEngine: Initializing Engine...
[2022.01.04-17.15.35:125][  0]LogHMD: Failed to enumerate extensions. Please check that you have a valid OpenXR runtime installed.
[2022.01.04-17.15.35:125][  0]LogHMD: Failed to initialize OpenVR with code 110
[2022.01.04-17.15.35:125][  0]LogMagicLeap: Warning: VR disabled because ZI is not enabled.  To enable, in the editor, Edit -> Project Settings -> Plugins -> Magic Leap Plugin -> Enable Zero Iteration
[2022.01.04-17.15.35:126][  0]LogStats: UGameplayTagsManager::InitializeManager -  0.000 s
[2022.01.04-17.15.35:304][  0]LogInit: Initializing FReadOnlyCVARCache
[2022.01.04-17.15.35:316][  0]LogAIModule: Creating AISystem for world Untitled
[2022.01.04-17.15.35:317][  0]LogAudio: Display: Initializing Audio Device Manager...
[2022.01.04-17.15.35:320][  0]LogAudio: Display: Loading Default Audio Settings Objects...
[2022.01.04-17.15.35:321][  0]LogAudio: Display: No default SoundConcurrencyObject specified (or failed to load).
[2022.01.04-17.15.35:321][  0]LogAudio: Display: Audio Device Manager Initialized
[2022.01.04-17.15.35:322][  0]LogAudio: Display: Creating Audio Device:                 Id: 1, Scope: Shared, Realtime: True
[2022.01.04-17.15.35:322][  0]LogAudioMixer: Display: Audio Mixer Platform Settings:
[2022.01.04-17.15.35:322][  0]LogAudioMixer: Display: 	Sample Rate:						  48000
[2022.01.04-17.15.35:322][  0]LogAudioMixer: Display: 	Callback Buffer Frame Size Requested: 1024
[2022.01.04-17.15.35:322][  0]LogAudioMixer: Display: 	Callback Buffer Frame Size To Use:	  1024
[2022.01.04-17.15.35:322][  0]LogAudioMixer: Display: 	Number of buffers to queue:			  2
[2022.01.04-17.15.35:322][  0]LogAudioMixer: Display: 	Max Channels (voices):				  32
[2022.01.04-17.15.35:322][  0]LogAudioMixer: Display: 	Number of Async Source Workers:		  0
[2022.01.04-17.15.35:322][  0]LogAudio: Display: AudioDevice MaxSources: 32
[2022.01.04-17.15.35:322][  0]LogAudio: Display: Audio Spatialization Plugin: None (built-in).
[2022.01.04-17.15.35:322][  0]LogAudio: Display: Audio Reverb Plugin: None (built-in).
[2022.01.04-17.15.35:322][  0]LogAudio: Display: Audio Occlusion Plugin: None (built-in).
[2022.01.04-17.15.35:322][  0]LogAudioMixer: Display: Initializing audio mixer.
[2022.01.04-17.15.35:333][  0]LogAudioMixer: Display: 0: FrontLeft
[2022.01.04-17.15.35:333][  0]LogAudioMixer: Display: 1: FrontRight
[2022.01.04-17.15.35:365][  0]LogAudioMixer: Display: Using Audio Device Динамики (Bloody Gaming Audio Device)
[2022.01.04-17.15.35:366][  0]LogAudioMixer: Display: Initializing Sound Submixes...
[2022.01.04-17.15.35:368][  0]LogAudioMixer: Display: Creating Master Submix 'MasterSubmixDefault'
[2022.01.04-17.15.35:368][  0]LogAudioMixer: Display: Creating Master Submix 'MasterReverbSubmixDefault'
[2022.01.04-17.15.35:369][  0]LogAudioMixer: Display: Creating Master Submix 'MasterEQSubmixDefault'
[2022.01.04-17.15.35:369][  0]LogAudioMixer: FMixerPlatformXAudio2::StartAudioStream() called
[2022.01.04-17.15.35:369][  0]LogAudioMixer: Display: Output buffers initialized: Frames=1024, Channels=2, Samples=2048
[2022.01.04-17.15.35:371][  0]LogAudioMixer: Display: Starting AudioMixerPlatformInterface::RunInternal()
[2022.01.04-17.15.35:371][  0]LogAudioMixer: Display: FMixerPlatformXAudio2::SubmitBuffer() called for the first time
[2022.01.04-17.15.35:371][  0]LogInit: FAudioDevice initialized.
[2022.01.04-17.15.35:371][  0]LogAudio: Display: Audio Device (ID: 1) registered with world 'Untitled'.
[2022.01.04-17.15.35:371][  0]LogNetVersion: Set ProjectVersion to 1.0.0.0. Version Checksum will be recalculated on next use.
[2022.01.04-17.15.35:611][  0]LogDerivedDataCache: Saved boot cache 0.24s 94MB C:/Users/Denis/AppData/Local/UnrealEngine/4.27/DerivedDataCache/Boot.ddc.
[2022.01.04-17.15.35:612][  0]LogInit: Texture streaming: Enabled
[2022.01.04-17.15.35:627][  0]LogAnalytics: Display: [UEEditor.Rocket.Release] APIServer = https://datarouter.ol.epicgames.com/. AppVersion = 4.27.2-18319896+++UE4+Release-4.27
[2022.01.04-17.15.35:632][  0]LogEngineSessionManager: EngineSessionManager initialized
[2022.01.04-17.15.35:632][  0]LogEngineSessionManager: EngineSessionManager sent abnormal shutdown report. Type=Crashed, SessionId={6127A49B-44F3-BE2B-16A7-81A6CF636CB5}
[2022.01.04-17.15.35:632][  0]LogEditorSessionSummary: Verbose: Initializing EditorSessionSummaryWriter for editor session tracking
[2022.01.04-17.15.35:701][  0]LogEditorSessionSummary: EditorSessionSummaryWriter initialized
[2022.01.04-17.15.35:742][  0]LogInit: Transaction tracking system initialized
[2022.01.04-17.15.35:765][  0]BlueprintLog: New page: Editor Load
[2022.01.04-17.15.35:867][  0]LocalizationService: Localization service is disabled
[2022.01.04-17.15.35:895][  0]TimingProfiler: Initialize
[2022.01.04-17.15.35:895][  0]TimingProfiler: OnSessionChanged
[2022.01.04-17.15.35:895][  0]LoadingProfiler: Initialize
[2022.01.04-17.15.35:895][  0]LoadingProfiler: OnSessionChanged
[2022.01.04-17.15.35:895][  0]NetworkingProfiler: Initialize
[2022.01.04-17.15.35:895][  0]NetworkingProfiler: OnSessionChanged
[2022.01.04-17.15.35:895][  0]MemoryProfiler: Initialize
[2022.01.04-17.15.35:895][  0]MemoryProfiler: OnSessionChanged
[2022.01.04-17.15.36:061][  0]LogCook: Display: CookSettings for Memory: MemoryMaxUsedVirtual 0MiB, MemoryMaxUsedPhysical 16384MiB, MemoryMinFreeVirtual 0MiB, MemoryMinFreePhysical 1024MiB
[2022.01.04-17.15.36:061][  0]LogCook: Display: Mobile HDR setting 1
[2022.01.04-17.15.36:164][  0]LogFileCache: Scanning file cache for directory 'E:/Unreal Projects/Dungeoner/Content/' took 0.00s
[2022.01.04-17.15.36:544][  0]LogInit: Display: Engine is initialized. Leaving FEngineLoop::Init()
[2022.01.04-17.15.36:548][  0]SourceControl: Source control is disabled
[2022.01.04-17.15.36:832][  0]LogSlate: Took 0.000182 seconds to synchronously load lazily loaded font '../../../Engine/Content/Slate/Fonts/Roboto-Regular.ttf' (155K)
[2022.01.04-17.28.00:146][  0]LogSlate: Window 'Restore Packages' being destroyed
[2022.01.04-17.28.00:156][  0]LogUnrealEdMisc: Loading editor; pre map load, took 770.846
[2022.01.04-17.28.00:157][  0]Cmd: MAP LOAD FILE="../../../../Unreal Projects/Dungeoner/Content/Map/Map.umap" TEMPLATE=0 SHOWPROGRESS=1 FEATURELEVEL=3
[2022.01.04-17.28.00:158][  0]LightingResults: New page: Lighting Build
[2022.01.04-17.28.00:160][  0]LogWorld: UWorld::CleanupWorld for Untitled, bSessionEnded=true, bCleanupResources=true
[2022.01.04-17.28.00:160][  0]LogSlate: InvalidateAllWidgets triggered.  All widgets were invalidated
[2022.01.04-17.28.00:160][  0]MapCheck: New page: Map Check
[2022.01.04-17.28.00:160][  0]LightingResults: New page: Lighting Build
[2022.01.04-17.28.00:167][  0]LogAudio: Display: Audio Device unregistered from world 'None'.
[2022.01.04-17.28.00:171][  0]LogUObjectHash: Compacting FUObjectHashTables data took   1.48ms
[2022.01.04-17.28.00:806][  0]LogAudio: Display: Audio Device (ID: 1) registered with world 'Map'.
[2022.01.04-17.28.00:807][  0]LogAIModule: Creating AISystem for world Map
[2022.01.04-17.28.00:810][  0]LogEditorServer: Finished looking for orphan Actors (0.000 secs)
[2022.01.04-17.28.00:827][  0]LogUObjectHash: Compacting FUObjectHashTables data took   1.97ms
[2022.01.04-17.28.00:828][  0]Cmd: MAP CHECKDEP NOCLEARLOG
[2022.01.04-17.28.00:828][  0]MapCheck: Map check complete: 0 Error(s), 0 Warning(s), took 0,156ms to complete.
[2022.01.04-17.28.00:828][  0]LogFileHelpers: Loading map 'Map' took 0.671
[2022.01.04-17.28.00:832][  0]LogUnrealEdMisc: Total Editor Startup Time, took 771.521
[2022.01.04-17.28.00:922][  0]LogSlate: Updating window title bar state: overlay mode, drag disabled, window buttons hidden, title bar hidden
[2022.01.04-17.28.00:931][  0]LogSlate: Updating window title bar state: overlay mode, drag disabled, window buttons hidden, title bar hidden
[2022.01.04-17.28.00:942][  0]LogSlate: Updating window title bar state: overlay mode, drag disabled, window buttons hidden, title bar hidden
[2022.01.04-17.28.00:952][  0]LogSlate: Updating window title bar state: overlay mode, drag disabled, window buttons hidden, title bar hidden
[2022.01.04-17.28.00:974][  0]LogNativeClassHierarchy: Verbose: Native class hierarchy populated in 0.0144 seconds. Added 3824 classes and 931 folders.
[2022.01.04-17.28.00:977][  0]LogNativeClassHierarchy: Verbose: Native class hierarchy updated for 'WidgetCarousel' in 0.0003 seconds. Added 0 classes and 0 folders.
[2022.01.04-17.28.00:978][  0]LogPakFile: PakFile PrimaryIndexSize=187
[2022.01.04-17.28.00:978][  0]LogPakFile: PakFile PathHashIndexSize=101
[2022.01.04-17.28.00:978][  0]LogPakFile: PakFile FullDirectoryIndexSize=148
[2022.01.04-17.28.00:978][  0]LogShaderLibrary: Display: ShaderCodeLibraryPakFileMountedCallback: PakFile 'E:/UE_4.27/FeaturePacks/FP_FirstPerson.upack' (chunk index -1, root 'root:/') mounted
[2022.01.04-17.28.00:978][  0]LogShaderLibrary: Display: ShaderCodeLibraryPakFileMountedCallback: pending pak file info (ChunkID:-1 Root:root:/ File:E:/UE_4.27/FeaturePacks/FP_FirstPerson.upack)
[2022.01.04-17.28.00:978][  0]LogPakFile: OnPakFileMounted2Time == 0.000075
[2022.01.04-17.28.00:979][  0]LogPakFile: PakFile PrimaryIndexSize=189
[2022.01.04-17.28.00:979][  0]LogPakFile: PakFile PathHashIndexSize=101
[2022.01.04-17.28.00:979][  0]LogPakFile: PakFile FullDirectoryIndexSize=152
[2022.01.04-17.28.00:979][  0]LogShaderLibrary: Display: ShaderCodeLibraryPakFileMountedCallback: PakFile 'E:/UE_4.27/FeaturePacks/FP_FirstPersonBP.upack' (chunk index -1, root 'root:/') mounted
[2022.01.04-17.28.00:979][  0]LogShaderLibrary: Display: ShaderCodeLibraryPakFileMountedCallback: pending pak file info (ChunkID:-1 Root:root:/ File:E:/UE_4.27/FeaturePacks/FP_FirstPersonBP.upack)
[2022.01.04-17.28.00:979][  0]LogPakFile: OnPakFileMounted2Time == 0.000055
[2022.01.04-17.28.00:980][  0]LogPakFile: PakFile PrimaryIndexSize=191
[2022.01.04-17.28.00:980][  0]LogPakFile: PakFile PathHashIndexSize=101
[2022.01.04-17.28.00:980][  0]LogPakFile: PakFile FullDirectoryIndexSize=160
[2022.01.04-17.28.00:980][  0]LogShaderLibrary: Display: ShaderCodeLibraryPakFileMountedCallback: PakFile 'E:/UE_4.27/FeaturePacks/MobileStarterContent.upack' (chunk index -1, root 'root:/') mounted
[2022.01.04-17.28.00:980][  0]LogShaderLibrary: Display: ShaderCodeLibraryPakFileMountedCallback: pending pak file info (ChunkID:-1 Root:root:/ File:E:/UE_4.27/FeaturePacks/MobileStarterContent.upack)
[2022.01.04-17.28.00:980][  0]LogPakFile: OnPakFileMounted2Time == 0.000048
[2022.01.04-17.28.00:980][  0]LogPakFile: PakFile PrimaryIndexSize=185
[2022.01.04-17.28.00:980][  0]LogPakFile: PakFile PathHashIndexSize=101
[2022.01.04-17.28.00:980][  0]LogPakFile: PakFile FullDirectoryIndexSize=148
[2022.01.04-17.28.00:980][  0]LogShaderLibrary: Display: ShaderCodeLibraryPakFileMountedCallback: PakFile 'E:/UE_4.27/FeaturePacks/StarterContent.upack' (chunk index -1, root 'root:/') mounted
[2022.01.04-17.28.00:980][  0]LogShaderLibrary: Display: ShaderCodeLibraryPakFileMountedCallback: pending pak file info (ChunkID:-1 Root:root:/ File:E:/UE_4.27/FeaturePacks/StarterContent.upack)
[2022.01.04-17.28.00:981][  0]LogPakFile: OnPakFileMounted2Time == 0.000051
[2022.01.04-17.28.00:981][  0]LogPakFile: PakFile PrimaryIndexSize=190
[2022.01.04-17.28.00:981][  0]LogPakFile: PakFile PathHashIndexSize=101
[2022.01.04-17.28.00:981][  0]LogPakFile: PakFile FullDirectoryIndexSize=154
[2022.01.04-17.28.00:981][  0]LogShaderLibrary: Display: ShaderCodeLibraryPakFileMountedCallback: PakFile 'E:/UE_4.27/FeaturePacks/TP_2DSideScroller.upack' (chunk index -1, root 'root:/') mounted
[2022.01.04-17.28.00:981][  0]LogShaderLibrary: Display: ShaderCodeLibraryPakFileMountedCallback: pending pak file info (ChunkID:-1 Root:root:/ File:E:/UE_4.27/FeaturePacks/TP_2DSideScroller.upack)
[2022.01.04-17.28.00:981][  0]LogPakFile: OnPakFileMounted2Time == 0.000048
[2022.01.04-17.28.00:982][  0]LogPakFile: PakFile PrimaryIndexSize=192
[2022.01.04-17.28.00:982][  0]LogPakFile: PakFile PathHashIndexSize=101
[2022.01.04-17.28.00:982][  0]LogPakFile: PakFile FullDirectoryIndexSize=158
[2022.01.04-17.28.00:982][  0]LogShaderLibrary: Display: ShaderCodeLibraryPakFileMountedCallback: PakFile 'E:/UE_4.27/FeaturePacks/TP_2DSideScrollerBP.upack' (chunk index -1, root 'root:/') mounted
[2022.01.04-17.28.00:982][  0]LogShaderLibrary: Display: ShaderCodeLibraryPakFileMountedCallback: pending pak file info (ChunkID:-1 Root:root:/ File:E:/UE_4.27/FeaturePacks/TP_2DSideScrollerBP.upack)
[2022.01.04-17.28.00:982][  0]LogPakFile: OnPakFileMounted2Time == 0.000048
[2022.01.04-17.28.00:982][  0]LogPakFile: PakFile PrimaryIndexSize=182
[2022.01.04-17.28.00:982][  0]LogPakFile: PakFile PathHashIndexSize=101
[2022.01.04-17.28.00:982][  0]LogPakFile: PakFile FullDirectoryIndexSize=138
[2022.01.04-17.28.00:982][  0]LogShaderLibrary: Display: ShaderCodeLibraryPakFileMountedCallback: PakFile 'E:/UE_4.27/FeaturePacks/TP_Flying.upack' (chunk index -1, root 'root:/') mounted
[2022.01.04-17.28.00:982][  0]LogShaderLibrary: Display: ShaderCodeLibraryPakFileMountedCallback: pending pak file info (ChunkID:-1 Root:root:/ File:E:/UE_4.27/FeaturePacks/TP_Flying.upack)
[2022.01.04-17.28.00:982][  0]LogPakFile: OnPakFileMounted2Time == 0.000053
[2022.01.04-17.28.00:983][  0]LogPakFile: PakFile PrimaryIndexSize=184
[2022.01.04-17.28.00:983][  0]LogPakFile: PakFile PathHashIndexSize=101
[2022.01.04-17.28.00:983][  0]LogPakFile: PakFile FullDirectoryIndexSize=142
[2022.01.04-17.28.00:983][  0]LogShaderLibrary: Display: ShaderCodeLibraryPakFileMountedCallback: PakFile 'E:/UE_4.27/FeaturePacks/TP_FlyingBP.upack' (chunk index -1, root 'root:/') mounted
[2022.01.04-17.28.00:983][  0]LogShaderLibrary: Display: ShaderCodeLibraryPakFileMountedCallback: pending pak file info (ChunkID:-1 Root:root:/ File:E:/UE_4.27/FeaturePacks/TP_FlyingBP.upack)
[2022.01.04-17.28.00:983][  0]LogPakFile: OnPakFileMounted2Time == 0.000045
[2022.01.04-17.28.00:984][  0]LogPakFile: PakFile PrimaryIndexSize=188
[2022.01.04-17.28.00:984][  0]LogPakFile: PakFile PathHashIndexSize=101
[2022.01.04-17.28.00:984][  0]LogPakFile: PakFile FullDirectoryIndexSize=150
[2022.01.04-17.28.00:984][  0]LogShaderLibrary: Display: ShaderCodeLibraryPakFileMountedCallback: PakFile 'E:/UE_4.27/FeaturePacks/TP_HandheldARBP.upack' (chunk index -1, root 'root:/') mounted
[2022.01.04-17.28.00:984][  0]LogShaderLibrary: Display: ShaderCodeLibraryPakFileMountedCallback: pending pak file info (ChunkID:-1 Root:root:/ File:E:/UE_4.27/FeaturePacks/TP_HandheldARBP.upack)
[2022.01.04-17.28.00:984][  0]LogPakFile: OnPakFileMounted2Time == 0.000046
[2022.01.04-17.28.00:985][  0]LogPakFile: PakFile PrimaryIndexSize=182
[2022.01.04-17.28.00:985][  0]LogPakFile: PakFile PathHashIndexSize=101
[2022.01.04-17.28.00:985][  0]LogPakFile: PakFile FullDirectoryIndexSize=138
[2022.01.04-17.28.00:985][  0]LogShaderLibrary: Display: ShaderCodeLibraryPakFileMountedCallback: PakFile 'E:/UE_4.27/FeaturePacks/TP_Puzzle.upack' (chunk index -1, root 'root:/') mounted
[2022.01.04-17.28.00:985][  0]LogShaderLibrary: Display: ShaderCodeLibraryPakFileMountedCallback: pending pak file info (ChunkID:-1 Root:root:/ File:E:/UE_4.27/FeaturePacks/TP_Puzzle.upack)
[2022.01.04-17.28.00:985][  0]LogPakFile: OnPakFileMounted2Time == 0.000056
[2022.01.04-17.28.00:986][  0]LogPakFile: PakFile PrimaryIndexSize=184
[2022.01.04-17.28.00:986][  0]LogPakFile: PakFile PathHashIndexSize=101
[2022.01.04-17.28.00:986][  0]LogPakFile: PakFile FullDirectoryIndexSize=142
[2022.01.04-17.28.00:986][  0]LogShaderLibrary: Display: ShaderCodeLibraryPakFileMountedCallback: PakFile 'E:/UE_4.27/FeaturePacks/TP_PuzzleBP.upack' (chunk index -1, root 'root:/') mounted
[2022.01.04-17.28.00:986][  0]LogShaderLibrary: Display: ShaderCodeLibraryPakFileMountedCallback: pending pak file info (ChunkID:-1 Root:root:/ File:E:/UE_4.27/FeaturePacks/TP_PuzzleBP.upack)
[2022.01.04-17.28.00:986][  0]LogPakFile: OnPakFileMounted2Time == 0.000046
[2022.01.04-17.28.00:986][  0]LogPakFile: PakFile PrimaryIndexSize=183
[2022.01.04-17.28.00:986][  0]LogPakFile: PakFile PathHashIndexSize=101
[2022.01.04-17.28.00:986][  0]LogPakFile: PakFile FullDirectoryIndexSize=140
[2022.01.04-17.28.00:986][  0]LogShaderLibrary: Display: ShaderCodeLibraryPakFileMountedCallback: PakFile 'E:/UE_4.27/FeaturePacks/TP_Rolling.upack' (chunk index -1, root 'root:/') mounted
[2022.01.04-17.28.00:986][  0]LogShaderLibrary: Display: ShaderCodeLibraryPakFileMountedCallback: pending pak file info (ChunkID:-1 Root:root:/ File:E:/UE_4.27/FeaturePacks/TP_Rolling.upack)
[2022.01.04-17.28.00:986][  0]LogPakFile: OnPakFileMounted2Time == 0.000045
[2022.01.04-17.28.00:987][  0]LogPakFile: PakFile PrimaryIndexSize=185
[2022.01.04-17.28.00:987][  0]LogPakFile: PakFile PathHashIndexSize=101
[2022.01.04-17.28.00:987][  0]LogPakFile: PakFile FullDirectoryIndexSize=144
[2022.01.04-17.28.00:987][  0]LogShaderLibrary: Display: ShaderCodeLibraryPakFileMountedCallback: PakFile 'E:/UE_4.27/FeaturePacks/TP_RollingBP.upack' (chunk index -1, root 'root:/') mounted
[2022.01.04-17.28.00:987][  0]LogShaderLibrary: Display: ShaderCodeLibraryPakFileMountedCallback: pending pak file info (ChunkID:-1 Root:root:/ File:E:/UE_4.27/FeaturePacks/TP_RollingBP.upack)
[2022.01.04-17.28.00:987][  0]LogPakFile: OnPakFileMounted2Time == 0.000047
[2022.01.04-17.28.00:988][  0]LogPakFile: PakFile PrimaryIndexSize=188
[2022.01.04-17.28.00:988][  0]LogPakFile: PakFile PathHashIndexSize=101
[2022.01.04-17.28.00:988][  0]LogPakFile: PakFile FullDirectoryIndexSize=150
[2022.01.04-17.28.00:988][  0]LogShaderLibrary: Display: ShaderCodeLibraryPakFileMountedCallback: PakFile 'E:/UE_4.27/FeaturePacks/TP_SideScroller.upack' (chunk index -1, root 'root:/') mounted
[2022.01.04-17.28.00:988][  0]LogShaderLibrary: Display: ShaderCodeLibraryPakFileMountedCallback: pending pak file info (ChunkID:-1 Root:root:/ File:E:/UE_4.27/FeaturePacks/TP_SideScroller.upack)
[2022.01.04-17.28.00:988][  0]LogPakFile: OnPakFileMounted2Time == 0.000047
[2022.01.04-17.28.00:988][  0]LogPakFile: PakFile PrimaryIndexSize=190
[2022.01.04-17.28.00:988][  0]LogPakFile: PakFile PathHashIndexSize=101
[2022.01.04-17.28.00:988][  0]LogPakFile: PakFile FullDirectoryIndexSize=154
[2022.01.04-17.28.00:988][  0]LogShaderLibrary: Display: ShaderCodeLibraryPakFileMountedCallback: PakFile 'E:/UE_4.27/FeaturePacks/TP_SideScrollerBP.upack' (chunk index -1, root 'root:/') mounted
[2022.01.04-17.28.00:988][  0]LogShaderLibrary: Display: ShaderCodeLibraryPakFileMountedCallback: pending pak file info (ChunkID:-1 Root:root:/ File:E:/UE_4.27/FeaturePacks/TP_SideScrollerBP.upack)
[2022.01.04-17.28.00:988][  0]LogPakFile: OnPakFileMounted2Time == 0.000048
[2022.01.04-17.28.00:989][  0]LogPakFile: PakFile PrimaryIndexSize=187
[2022.01.04-17.28.00:989][  0]LogPakFile: PakFile PathHashIndexSize=101
[2022.01.04-17.28.00:989][  0]LogPakFile: PakFile FullDirectoryIndexSize=148
[2022.01.04-17.28.00:989][  0]LogShaderLibrary: Display: ShaderCodeLibraryPakFileMountedCallback: PakFile 'E:/UE_4.27/FeaturePacks/TP_ThirdPerson.upack' (chunk index -1, root 'root:/') mounted
[2022.01.04-17.28.00:989][  0]LogShaderLibrary: Display: ShaderCodeLibraryPakFileMountedCallback: pending pak file info (ChunkID:-1 Root:root:/ File:E:/UE_4.27/FeaturePacks/TP_ThirdPerson.upack)
[2022.01.04-17.28.00:989][  0]LogPakFile: OnPakFileMounted2Time == 0.000049
[2022.01.04-17.28.00:990][  0]LogPakFile: PakFile PrimaryIndexSize=189
[2022.01.04-17.28.00:990][  0]LogPakFile: PakFile PathHashIndexSize=101
[2022.01.04-17.28.00:990][  0]LogPakFile: PakFile FullDirectoryIndexSize=152
[2022.01.04-17.28.00:990][  0]LogShaderLibrary: Display: ShaderCodeLibraryPakFileMountedCallback: PakFile 'E:/UE_4.27/FeaturePacks/TP_ThirdPersonBP.upack' (chunk index -1, root 'root:/') mounted
[2022.01.04-17.28.00:990][  0]LogShaderLibrary: Display: ShaderCodeLibraryPakFileMountedCallback: pending pak file info (ChunkID:-1 Root:root:/ File:E:/UE_4.27/FeaturePacks/TP_ThirdPersonBP.upack)
[2022.01.04-17.28.00:990][  0]LogPakFile: OnPakFileMounted2Time == 0.000048
[2022.01.04-17.28.00:990][  0]LogPakFile: PakFile PrimaryIndexSize=183
[2022.01.04-17.28.00:990][  0]LogPakFile: PakFile PathHashIndexSize=101
[2022.01.04-17.28.00:990][  0]LogPakFile: PakFile FullDirectoryIndexSize=140
[2022.01.04-17.28.00:990][  0]LogShaderLibrary: Display: ShaderCodeLibraryPakFileMountedCallback: PakFile 'E:/UE_4.27/FeaturePacks/TP_TopDown.upack' (chunk index -1, root 'root:/') mounted
[2022.01.04-17.28.00:990][  0]LogShaderLibrary: Display: ShaderCodeLibraryPakFileMountedCallback: pending pak file info (ChunkID:-1 Root:root:/ File:E:/UE_4.27/FeaturePacks/TP_TopDown.upack)
[2022.01.04-17.28.00:990][  0]LogPakFile: OnPakFileMounted2Time == 0.000056
[2022.01.04-17.28.00:991][  0]LogPakFile: PakFile PrimaryIndexSize=185
[2022.01.04-17.28.00:991][  0]LogPakFile: PakFile PathHashIndexSize=101
[2022.01.04-17.28.00:991][  0]LogPakFile: PakFile FullDirectoryIndexSize=144
[2022.01.04-17.28.00:991][  0]LogShaderLibrary: Display: ShaderCodeLibraryPakFileMountedCallback: PakFile 'E:/UE_4.27/FeaturePacks/TP_TopDownBP.upack' (chunk index -1, root 'root:/') mounted
[2022.01.04-17.28.00:991][  0]LogShaderLibrary: Display: ShaderCodeLibraryPakFileMountedCallback: pending pak file info (ChunkID:-1 Root:root:/ File:E:/UE_4.27/FeaturePacks/TP_TopDownBP.upack)
[2022.01.04-17.28.00:991][  0]LogPakFile: OnPakFileMounted2Time == 0.000048
[2022.01.04-17.28.00:992][  0]LogPakFile: PakFile PrimaryIndexSize=185
[2022.01.04-17.28.00:992][  0]LogPakFile: PakFile PathHashIndexSize=101
[2022.01.04-17.28.00:992][  0]LogPakFile: PakFile FullDirectoryIndexSize=144
[2022.01.04-17.28.00:992][  0]LogShaderLibrary: Display: ShaderCodeLibraryPakFileMountedCallback: PakFile 'E:/UE_4.27/FeaturePacks/TP_TwinStick.upack' (chunk index -1, root 'root:/') mounted
[2022.01.04-17.28.00:992][  0]LogShaderLibrary: Display: ShaderCodeLibraryPakFileMountedCallback: pending pak file info (ChunkID:-1 Root:root:/ File:E:/UE_4.27/FeaturePacks/TP_TwinStick.upack)
[2022.01.04-17.28.00:992][  0]LogPakFile: OnPakFileMounted2Time == 0.000048
[2022.01.04-17.28.00:992][  0]LogPakFile: PakFile PrimaryIndexSize=187
[2022.01.04-17.28.00:992][  0]LogPakFile: PakFile PathHashIndexSize=101
[2022.01.04-17.28.00:992][  0]LogPakFile: PakFile FullDirectoryIndexSize=148
[2022.01.04-17.28.00:992][  0]LogShaderLibrary: Display: ShaderCodeLibraryPakFileMountedCallback: PakFile 'E:/UE_4.27/FeaturePacks/TP_TwinStickBP.upack' (chunk index -1, root 'root:/') mounted
[2022.01.04-17.28.00:992][  0]LogShaderLibrary: Display: ShaderCodeLibraryPakFileMountedCallback: pending pak file info (ChunkID:-1 Root:root:/ File:E:/UE_4.27/FeaturePacks/TP_TwinStickBP.upack)
[2022.01.04-17.28.00:992][  0]LogPakFile: OnPakFileMounted2Time == 0.000047
[2022.01.04-17.28.00:993][  0]LogPakFile: PakFile PrimaryIndexSize=183
[2022.01.04-17.28.00:993][  0]LogPakFile: PakFile PathHashIndexSize=101
[2022.01.04-17.28.00:993][  0]LogPakFile: PakFile FullDirectoryIndexSize=140
[2022.01.04-17.28.00:993][  0]LogShaderLibrary: Display: ShaderCodeLibraryPakFileMountedCallback: PakFile 'E:/UE_4.27/FeaturePacks/TP_Vehicle.upack' (chunk index -1, root 'root:/') mounted
[2022.01.04-17.28.00:993][  0]LogShaderLibrary: Display: ShaderCodeLibraryPakFileMountedCallback: pending pak file info (ChunkID:-1 Root:root:/ File:E:/UE_4.27/FeaturePacks/TP_Vehicle.upack)
[2022.01.04-17.28.00:993][  0]LogPakFile: OnPakFileMounted2Time == 0.000047
[2022.01.04-17.28.00:994][  0]LogPakFile: PakFile PrimaryIndexSize=186
[2022.01.04-17.28.00:994][  0]LogPakFile: PakFile PathHashIndexSize=101
[2022.01.04-17.28.00:994][  0]LogPakFile: PakFile FullDirectoryIndexSize=146
[2022.01.04-17.28.00:994][  0]LogShaderLibrary: Display: ShaderCodeLibraryPakFileMountedCallback: PakFile 'E:/UE_4.27/FeaturePacks/TP_VehicleAdv.upack' (chunk index -1, root 'root:/') mounted
[2022.01.04-17.28.00:994][  0]LogShaderLibrary: Display: ShaderCodeLibraryPakFileMountedCallback: pending pak file info (ChunkID:-1 Root:root:/ File:E:/UE_4.27/FeaturePacks/TP_VehicleAdv.upack)
[2022.01.04-17.28.00:994][  0]LogPakFile: OnPakFileMounted2Time == 0.000048
[2022.01.04-17.28.00:994][  0]LogPakFile: PakFile PrimaryIndexSize=188
[2022.01.04-17.28.00:994][  0]LogPakFile: PakFile PathHashIndexSize=101
[2022.01.04-17.28.00:994][  0]LogPakFile: PakFile FullDirectoryIndexSize=150
[2022.01.04-17.28.00:994][  0]LogShaderLibrary: Display: ShaderCodeLibraryPakFileMountedCallback: PakFile 'E:/UE_4.27/FeaturePacks/TP_VehicleAdvBP.upack' (chunk index -1, root 'root:/') mounted
[2022.01.04-17.28.00:994][  0]LogShaderLibrary: Display: ShaderCodeLibraryPakFileMountedCallback: pending pak file info (ChunkID:-1 Root:root:/ File:E:/UE_4.27/FeaturePacks/TP_VehicleAdvBP.upack)
[2022.01.04-17.28.00:994][  0]LogPakFile: OnPakFileMounted2Time == 0.000054
[2022.01.04-17.28.00:995][  0]LogPakFile: PakFile PrimaryIndexSize=185
[2022.01.04-17.28.00:995][  0]LogPakFile: PakFile PathHashIndexSize=101
[2022.01.04-17.28.00:995][  0]LogPakFile: PakFile FullDirectoryIndexSize=144
[2022.01.04-17.28.00:995][  0]LogShaderLibrary: Display: ShaderCodeLibraryPakFileMountedCallback: PakFile 'E:/UE_4.27/FeaturePacks/TP_VehicleBP.upack' (chunk index -1, root 'root:/') mounted
[2022.01.04-17.28.00:995][  0]LogShaderLibrary: Display: ShaderCodeLibraryPakFileMountedCallback: pending pak file info (ChunkID:-1 Root:root:/ File:E:/UE_4.27/FeaturePacks/TP_VehicleBP.upack)
[2022.01.04-17.28.00:995][  0]LogPakFile: OnPakFileMounted2Time == 0.000046
[2022.01.04-17.28.00:996][  0]LogPakFile: PakFile PrimaryIndexSize=192
[2022.01.04-17.28.00:996][  0]LogPakFile: PakFile PathHashIndexSize=101
[2022.01.04-17.28.00:996][  0]LogPakFile: PakFile FullDirectoryIndexSize=158
[2022.01.04-17.28.00:996][  0]LogShaderLibrary: Display: ShaderCodeLibraryPakFileMountedCallback: PakFile 'E:/UE_4.27/FeaturePacks/TP_VirtualRealityBP.upack' (chunk index -1, root 'root:/') mounted
[2022.01.04-17.28.00:996][  0]LogShaderLibrary: Display: ShaderCodeLibraryPakFileMountedCallback: pending pak file info (ChunkID:-1 Root:root:/ File:E:/UE_4.27/FeaturePacks/TP_VirtualRealityBP.upack)
[2022.01.04-17.28.00:996][  0]LogPakFile: OnPakFileMounted2Time == 0.000046
[2022.01.04-17.28.01:045][  0]LogNativeClassHierarchy: Verbose: Native class hierarchy updated for 'AddContentDialog' in 0.0004 seconds. Added 0 classes and 0 folders.
[2022.01.04-17.28.01:047][  0]LogNativeClassHierarchy: Verbose: Native class hierarchy updated for 'SceneOutliner' in 0.0003 seconds. Added 2 classes and 0 folders.
[2022.01.04-17.28.02:425][  0]LogSlate: Only BGRA pngs, bmps or icos are supported in by External Image Picker
[2022.01.04-17.28.02:552][  0]LogSlate: Took 0.000171 seconds to synchronously load lazily loaded font '../../../Engine/Content/Editor/Slate/Fonts/FontAwesome.ttf' (139K)
[2022.01.04-17.28.02:553][  0]LogSlate: Took 0.000118 seconds to synchronously load lazily loaded font '../../../Engine/Content/Slate/Fonts/Roboto-Bold.ttf' (160K)
[2022.01.04-17.28.02:635][  0]LogRenderer: Reallocating scene render targets to support 1208x572 Format 10 NumSamples 1 (Frame:1).
[2022.01.04-17.28.02:678][  0]LogSlate: Took 0.000166 seconds to synchronously load lazily loaded font '../../../Engine/Content/Slate/Fonts/Roboto-Light.ttf' (167K)
[2022.01.04-17.28.02:735][  0]LogNativeClassHierarchy: Verbose: Native class hierarchy updated for 'HierarchicalLODOutliner' in 0.0004 seconds. Added 0 classes and 0 folders.
[2022.01.04-17.28.02:735][  0]LogLoad: (Engine Initialization) Total time: 773.42 seconds
[2022.01.04-17.28.02:735][  0]LogLoad: (Engine Initialization) Total Blueprint compile time: 0.00 seconds
[2022.01.04-17.28.02:805][  0]LogAssetRegistry: Asset discovery search completed in 751.2281 seconds
[2022.01.04-17.28.02:812][  0]LogCollectionManager: Fixed up redirectors for 0 collections in 0.000007 seconds (updated 0 objects)
[2022.01.04-17.28.02:813][  0]LogContentStreaming: Texture pool size now 3000 MB
[2022.01.04-17.28.04:352][  4]LogSlate: Took 0.000234 seconds to synchronously load lazily loaded font '../../../Engine/Content/Slate/Fonts/Roboto-Light.ttf' (167K)
[2022.01.04-17.28.06:125][ 18]LogAssetEditorSubsystem: Opening Asset editor for WidgetBlueprint /Game/UI/View/OffsetNumberTextPanel-1.OffsetNumberTextPanel-1
[2022.01.04-17.28.06:232][ 18]LogEnum: Warning: Enum name collision: 'PhysicalDamageScaling::NewEnumerator0' is in both '/Game/Blueprint/Enums/PhysicalDamageScaling.PhysicalDamageScaling' and '/Game/Enums/PhysicalDamageScaling.PhysicalDamageScaling'
[2022.01.04-17.28.06:232][ 18]LogEnum: Warning: Enum name collision: 'PhysicalDamageScaling::NewEnumerator1' is in both '/Game/Blueprint/Enums/PhysicalDamageScaling.PhysicalDamageScaling' and '/Game/Enums/PhysicalDamageScaling.PhysicalDamageScaling'
[2022.01.04-17.28.06:232][ 18]LogEnum: Warning: Enum name collision: 'PhysicalDamageScaling::NewEnumerator2' is in both '/Game/Blueprint/Enums/PhysicalDamageScaling.PhysicalDamageScaling' and '/Game/Enums/PhysicalDamageScaling.PhysicalDamageScaling'
[2022.01.04-17.28.06:232][ 18]LogEnum: Warning: Enum name collision: 'PhysicalDamageScaling::PhysicalDamageScaling_MAX' is in both '/Game/Blueprint/Enums/PhysicalDamageScaling.PhysicalDamageScaling' and '/Game/Enums/PhysicalDamageScaling.PhysicalDamageScaling'
[2022.01.04-17.28.06:232][ 18]LogEnum: Warning: Enum name collision: 'PhysicalDamageScaling::NewEnumerator0' is in both '/Game/Blueprint/Enums/PhysicalDamageScaling.PhysicalDamageScaling' and '/Game/Enums/PhysicalDamageScaling.PhysicalDamageScaling'
[2022.01.04-17.28.06:232][ 18]LogEnum: Warning: Enum name collision: 'PhysicalDamageScaling::NewEnumerator1' is in both '/Game/Blueprint/Enums/PhysicalDamageScaling.PhysicalDamageScaling' and '/Game/Enums/PhysicalDamageScaling.PhysicalDamageScaling'
[2022.01.04-17.28.06:232][ 18]LogEnum: Warning: Enum name collision: 'PhysicalDamageScaling::NewEnumerator2' is in both '/Game/Blueprint/Enums/PhysicalDamageScaling.PhysicalDamageScaling' and '/Game/Enums/PhysicalDamageScaling.PhysicalDamageScaling'
[2022.01.04-17.28.06:293][ 18]LogNativeClassHierarchy: Verbose: Native class hierarchy updated for 'BlueprintGraph' in 0.0008 seconds. Added 126 classes and 0 folders.
[2022.01.04-17.28.07:838][ 18]LogAssetEditorSubsystem: Opening Asset editor for WidgetBlueprint /Game/UI/View/TextArea-1.TextArea-1
[2022.01.04-17.28.08:405][ 18]LogAssetEditorSubsystem: Opening Asset editor for WidgetBlueprint /Game/UI/View/StatsTooltip.StatsTooltip
[2022.01.04-17.28.08:972][ 18]LogAssetEditorSubsystem: Opening Asset editor for WidgetBlueprint /Game/UI/View/PrimaryStat.PrimaryStat
[2022.01.04-17.28.09:705][ 18]LogAssetEditorSubsystem: Opening Asset editor for WidgetBlueprint /Game/UI/Windows/CharacterWindow.CharacterWindow
[2022.01.04-17.28.10:305][ 18]LogAssetEditorSubsystem: Opening Asset editor for WidgetBlueprint /Game/UI/View/SecondaryStatPanel.SecondaryStatPanel
[2022.01.04-17.28.10:920][ 18]LogAssetEditorSubsystem: Opening Asset editor for Blueprint /Game/Blueprint/BP_GameManager.BP_GameManager
[2022.01.04-17.28.16:721][ 18]LogBlueprintEditor: Perf: 5.6 total seconds to load all 6 blueprint libraries in project. Avoid references to content in blueprint libraries to shorten this time.
[2022.01.04-17.28.16:721][ 18]LogBlueprintEditor: Perf: 3.0 seconds loading: /Engine/ArtTools/RenderToTexture/Macros/RenderToTextureMacros
[2022.01.04-17.28.16:721][ 18]LogBlueprintEditor: Perf: 1.8 seconds loading: /Engine/ArtTools/RenderToTexture/Macros/RenderToTextureFunctionLibrary
[2022.01.04-17.28.16:721][ 18]LogBlueprintEditor: Perf: 0.3 seconds loading: /Engine/Tutorial/BlueprintTutorials/TutorialAssets/Tutorial_BP_MacroLib
[2022.01.04-17.28.16:721][ 18]LogBlueprintEditor: Perf: 0.2 seconds loading: /Engine/EditorBlueprintResources/StandardMacros
[2022.01.04-17.28.16:721][ 18]LogBlueprintEditor: Perf: 0.2 seconds loading: /Engine/EditorBlueprintResources/ActorMacros
[2022.01.04-17.28.49:177][ 18]LogSlate: Took 0.184253 seconds to synchronously load lazily loaded font '../../../Engine/Content/Slate/Fonts/Roboto-BoldCondensed.ttf' (158K)
[2022.01.04-17.29.27:245][ 19]LogSlate: Took 0.107369 seconds to synchronously load lazily loaded font '../../../Engine/Content/Slate/Fonts/Roboto-Italic.ttf' (157K)
[2022.01.04-17.29.42:405][ 49]LogD3D11RHI: Timed out while waiting for GPU to catch up. (0.5 s) (ErrorCode 00000001) (00000000)
[2022.01.04-17.30.01:023][ 88]LogSlate: Window 'BP_GameManager' being destroyed
[2022.01.04-17.30.01:027][ 88]LogSlate: Window 'BP_GameManager' being destroyed
[2022.01.04-17.30.08:965][ 88]LogWorld: UWorld::CleanupWorld for World_2, bSessionEnded=true, bCleanupResources=true
