Log file open, 01/06/22 15:05:38
LogWindows: Failed to load 'aqProf.dll' (GetLastError=126)
LogWindows: File 'aqProf.dll' does not exist
LogWindows: Failed to load 'VtuneApi.dll' (GetLastError=126)
LogWindows: File 'VtuneApi.dll' does not exist
LogWindows: Failed to load 'VtuneApi32e.dll' (GetLastError=126)
LogWindows: File 'VtuneApi32e.dll' does not exist
LogConsoleResponse: Display: Failed to find resolution value strings in scalability ini. Falling back to default.
LogConsoleResponse: Display: Failed to find resolution value strings in scalability ini. Falling back to default.
LogInit: Display: Running engine for game: Dungeoner
LogPlatformFile: Not using cached read wrapper
LogTaskGraph: Started task graph with 5 named threads and 14 total threads with 3 sets of task threads.
LogStats: Stats thread started at 14.836049
LogICUInternationalization: ICU TimeZone Detection - Raw Offset: +4:00, Platform Override: ''
LogInit: Display: Loading text-based GConfig....
LogPluginManager: Mounting plugin MeshPainting
LogPluginManager: Mounting plugin XGEController
LogPluginManager: Mounting plugin Paper2D
LogPluginManager: Mounting plugin AISupport
LogPluginManager: Mounting plugin EnvironmentQueryEditor
LogPluginManager: Mounting plugin LiveLink
LogPluginManager: Mounting plugin LightPropagationVolume
LogPluginManager: Mounting plugin CameraShakePreviewer
LogPluginManager: Mounting plugin GameplayCameras
LogPluginManager: Mounting plugin OodleData
LogPluginManager: Mounting plugin OodleNetwork
LogPluginManager: Mounting plugin AnimationSharing
LogPluginManager: Mounting plugin CLionSourceCodeAccess
LogPluginManager: Mounting plugin CodeLiteSourceCodeAccess
LogPluginManager: Mounting plugin GitSourceControl
LogPluginManager: Mounting plugin NullSourceCodeAccess
LogPluginManager: Mounting plugin PerforceSourceControl
LogPluginManager: Mounting plugin PixWinPlugin
LogPluginManager: Mounting plugin PlasticSourceControl
LogPluginManager: Mounting plugin PluginUtils
LogPluginManager: Mounting plugin PropertyAccessNode
LogPluginManager: Mounting plugin RiderSourceCodeAccess
LogPluginManager: Mounting plugin SubversionSourceControl
LogPluginManager: Mounting plugin TextureFormatOodle
LogPluginManager: Mounting plugin UObjectPlugin
LogPluginManager: Mounting plugin VisualStudioCodeSourceCodeAccess
LogPluginManager: Mounting plugin VisualStudioSourceCodeAccess
LogPluginManager: Mounting plugin XCodeSourceCodeAccess
LogPluginManager: Mounting plugin AssetManagerEditor
LogPluginManager: Mounting plugin CryptoKeys
LogPluginManager: Mounting plugin CurveEditorTools
LogPluginManager: Mounting plugin DataValidation
LogPluginManager: Mounting plugin FacialAnimation
LogPluginManager: Mounting plugin GameplayTagsEditor
LogPluginManager: Mounting plugin GeometryMode
LogPluginManager: Mounting plugin MacGraphicsSwitching
LogPluginManager: Mounting plugin MaterialAnalyzer
LogPluginManager: Mounting plugin MobileLauncherProfileWizard
LogPluginManager: Mounting plugin PluginBrowser
LogPluginManager: Mounting plugin SpeedTreeImporter
LogPluginManager: Mounting plugin DatasmithContent
LogPluginManager: Mounting plugin VariantManagerContent
LogPluginManager: Mounting plugin AlembicImporter
LogPluginManager: Mounting plugin AutomationUtils
LogPluginManager: Mounting plugin BackChannel
LogPluginManager: Mounting plugin ChaosCloth
LogPluginManager: Mounting plugin ChaosClothEditor
LogPluginManager: Mounting plugin ChaosEditor
LogPluginManager: Mounting plugin ChaosNiagara
LogPluginManager: Mounting plugin ChaosSolverPlugin
LogPluginManager: Mounting plugin CharacterAI
LogPluginManager: Mounting plugin GeometryCache
LogPluginManager: Mounting plugin GeometryCollectionPlugin
LogPluginManager: Mounting plugin GeometryProcessing
LogPluginManager: Mounting plugin MotoSynth
LogPluginManager: Mounting plugin OpenImageDenoise
LogPluginManager: Mounting plugin PlanarCut
LogPluginManager: Mounting plugin PlatformCrypto
LogPluginManager: Mounting plugin ProxyLODPlugin
LogPluginManager: Mounting plugin PythonScriptPlugin
LogPluginManager: Mounting plugin SkeletalReduction
LogPluginManager: Mounting plugin Niagara
LogPluginManager: Mounting plugin LuminPlatformFeatures
LogPluginManager: Mounting plugin MagicLeap
LogPluginManager: Mounting plugin MagicLeapLightEstimation
LogPluginManager: Mounting plugin MagicLeapMedia
LogPluginManager: Mounting plugin MagicLeapPassableWorld
LogPluginManager: Mounting plugin MLSDK
LogPluginManager: Mounting plugin AndroidMedia
LogPluginManager: Mounting plugin AvfMedia
LogPluginManager: Mounting plugin ImgMedia
LogPluginManager: Mounting plugin MediaCompositing
LogPluginManager: Mounting plugin MediaPlayerEditor
LogPluginManager: Mounting plugin WebMMedia
LogPluginManager: Mounting plugin WmfMedia
LogPluginManager: Mounting plugin TcpMessaging
LogPluginManager: Mounting plugin UdpMessaging
LogPluginManager: Mounting plugin ActorSequence
LogPluginManager: Mounting plugin LevelSequenceEditor
LogPluginManager: Mounting plugin MatineeToLevelSequence
LogPluginManager: Mounting plugin TemplateSequence
LogPluginManager: Mounting plugin OnlineSubsystem
LogPluginManager: Mounting plugin OnlineSubsystemNull
LogPluginManager: Mounting plugin OnlineSubsystemUtils
LogPluginManager: Mounting plugin LauncherChunkInstaller
LogPluginManager: Mounting plugin ActorLayerUtilities
LogPluginManager: Mounting plugin AndroidDeviceProfileSelector
LogPluginManager: Mounting plugin AndroidMoviePlayer
LogPluginManager: Mounting plugin AndroidPermission
LogPluginManager: Mounting plugin AppleImageUtils
LogPluginManager: Mounting plugin AppleMoviePlayer
LogPluginManager: Mounting plugin ArchVisCharacter
LogPluginManager: Mounting plugin AssetTags
LogPluginManager: Mounting plugin AudioCapture
LogPluginManager: Mounting plugin AudioSynesthesia
LogPluginManager: Mounting plugin CableComponent
LogPluginManager: Mounting plugin ChunkDownloader
LogPluginManager: Mounting plugin CustomMeshComponent
LogPluginManager: Mounting plugin EditableMesh
LogPluginManager: Mounting plugin ExampleDeviceProfileSelector
LogPluginManager: Mounting plugin GoogleCloudMessaging
LogPluginManager: Mounting plugin GooglePAD
LogPluginManager: Mounting plugin IOSDeviceProfileSelector
LogPluginManager: Mounting plugin LinuxDeviceProfileSelector
LogPluginManager: Mounting plugin LocationServicesBPLibrary
LogPluginManager: Mounting plugin MobilePatchingUtils
LogPluginManager: Mounting plugin OpenXR
LogPluginManager: Mounting plugin OpenXREyeTracker
LogPluginManager: Mounting plugin OpenXRHandTracking
LogPluginManager: Mounting plugin PhysXVehicles
LogPluginManager: Mounting plugin PostSplashScreen
LogPluginManager: Mounting plugin ProceduralMeshComponent
LogPluginManager: Mounting plugin PropertyAccessEditor
LogPluginManager: Mounting plugin RuntimePhysXCooking
LogPluginManager: Mounting plugin SignificanceManager
LogPluginManager: Mounting plugin SoundFields
LogPluginManager: Mounting plugin Synthesis
LogPluginManager: Mounting plugin WebMMoviePlayer
LogPluginManager: Mounting plugin WindowsMoviePlayer
LogPluginManager: Mounting plugin ScreenshotTools
LogPluginManager: Mounting plugin Takes
LogPluginManager: Mounting plugin KDevelopSourceCodeAccess
LogPluginManager: Mounting plugin ContentBrowserAssetDataSource
LogPluginManager: Mounting plugin ContentBrowserClassDataSource
LogPluginManager: Mounting plugin ContentBrowserFileDataSource
LogPluginManager: Mounting plugin OnlineSubsystemGooglePlay
LogPluginManager: Mounting plugin OnlineSubsystemIOS
LogPluginManager: Mounting plugin OculusVR
LogPluginManager: Mounting plugin SteamVR
PixWinPlugin: PIX capture plugin failed to initialize! Check that the process is launched from PIX.
LogInit: Using libcurl 7.55.1-DEV
LogInit:  - built for x86_64-pc-win32
LogInit:  - supports SSL with OpenSSL/1.1.1
LogInit:  - supports HTTP deflate (compression) using libz 1.2.8
LogInit:  - other features:
LogInit:      CURL_VERSION_SSL
LogInit:      CURL_VERSION_LIBZ
LogInit:      CURL_VERSION_IPV6
LogInit:      CURL_VERSION_ASYNCHDNS
LogInit:      CURL_VERSION_LARGEFILE
LogInit:      CURL_VERSION_IDN
LogInit:  CurlRequestOptions (configurable via config and command line):
LogInit:  - bVerifyPeer = true  - Libcurl will verify peer certificate
LogInit:  - bUseHttpProxy = false  - Libcurl will NOT use HTTP proxy
LogInit:  - bDontReuseConnections = false  - Libcurl will reuse connections
LogInit:  - MaxHostConnections = 16  - Libcurl will limit the number of connections to a host
LogInit:  - LocalHostAddr = Default
LogInit:  - BufferSize = 65536
LogOnline: OSS: Creating online subsystem instance for: NULL
LogInit: WinSock: version 1.1 (2.2), MaxSocks=32767, MaxUdp=65467
LogOnline: OSS: TryLoadSubsystemAndSetDefault: Loaded subsystem for module [NULL]
LogOculusPluginWrapper: OculusPlugin initialized successfully
LogHMD: Failed initializing OVRPlugin 1.59.0
LogInit: Build: ++UE4+Release-4.27-CL-18319896
LogInit: Engine Version: 4.27.2-18319896+++UE4+Release-4.27
LogInit: Compatible Engine Version: 4.27.0-17155196+++UE4+Release-4.27
LogInit: Net CL: 17155196
LogInit: OS: Windows 10 (Release 2004) (), CPU:         Intel(R) Core(TM) i5-2400 CPU @ 3.10GHz, GPU: NVIDIA GeForce GTX 550 Ti
LogInit: Compiled (64-bit): Nov 30 2021 07:12:08
LogInit: Compiled with Visual C++: 19.24.28315.00
LogInit: Build Configuration: Development
LogInit: Branch Name: ++UE4+Release-4.27
LogInit: Command Line:  /Game/Map/Map -game -PIEVIACONSOLE -Multiprocess "GameUserSettingsINI=E:/Unreal Projects/Dungeoner/Saved/Config/Windows/PIEGameUserSettings0.ini" -MultiprocessSaveConfig -forcepassthrough -messaging -SessionName="Play in Standalone Game" -windowed -WinX=0 -WinY=24 SAVEWINPOS=1 -ResX=1910 -ResY=1006
LogInit: Base Directory: E:/UE_4.27/Engine/Binaries/Win64/
LogInit: Allocator: TBB
LogInit: Installed Engine Build: 1
LogDevObjectVersion: Number of dev versions registered: 29
LogDevObjectVersion:   Dev-Blueprints (B0D832E4-1F89-4F0D-ACCF-7EB736FD4AA2): 10
LogDevObjectVersion:   Dev-Build (E1C64328-A22C-4D53-A36C-8E866417BD8C): 0
LogDevObjectVersion:   Dev-Core (375EC13C-06E4-48FB-B500-84F0262A717E): 4
LogDevObjectVersion:   Dev-Editor (E4B068ED-F494-42E9-A231-DA0B2E46BB41): 40
LogDevObjectVersion:   Dev-Framework (CFFC743F-43B0-4480-9391-14DF171D2073): 37
LogDevObjectVersion:   Dev-Mobile (B02B49B5-BB20-44E9-A304-32B752E40360): 3
LogDevObjectVersion:   Dev-Networking (A4E4105C-59A1-49B5-A7C5-40C4547EDFEE): 0
LogDevObjectVersion:   Dev-Online (39C831C9-5AE6-47DC-9A44-9C173E1C8E7C): 0
LogDevObjectVersion:   Dev-Physics (78F01B33-EBEA-4F98-B9B4-84EACCB95AA2): 14
LogDevObjectVersion:   Dev-Platform (6631380F-2D4D-43E0-8009-CF276956A95A): 0
LogDevObjectVersion:   Dev-Rendering (12F88B9F-8875-4AFC-A67C-D90C383ABD29): 45
LogDevObjectVersion:   Dev-Sequencer (7B5AE74C-D270-4C10-A958-57980B212A5A): 13
LogDevObjectVersion:   Dev-VR (D7296918-1DD6-4BDD-9DE2-64A83CC13884): 3
LogDevObjectVersion:   Dev-LoadTimes (C2A15278-BFE7-4AFE-6C17-90FF531DF755): 1
LogDevObjectVersion:   Private-Geometry (6EACA3D4-40EC-4CC1-B786-8BED09428FC5): 3
LogDevObjectVersion:   Dev-AnimPhys (29E575DD-E0A3-4627-9D10-D276232CDCEA): 17
LogDevObjectVersion:   Dev-Anim (AF43A65D-7FD3-4947-9873-3E8ED9C1BB05): 15
LogDevObjectVersion:   Dev-ReflectionCapture (6B266CEC-1EC7-4B8F-A30B-E4D90942FC07): 1
LogDevObjectVersion:   Dev-Automation (0DF73D61-A23F-47EA-B727-89E90C41499A): 1
LogDevObjectVersion:   FortniteMain (601D1886-AC64-4F84-AA16-D3DE0DEAC7D6): 47
LogDevObjectVersion:   FortniteRelease (E7086368-6B23-4C58-8439-1B7016265E91): 1
LogDevObjectVersion:   Dev-Enterprise (9DFFBCD6-494F-0158-E221-12823C92A888): 10
LogDevObjectVersion:   Dev-Niagara (F2AED0AC-9AFE-416F-8664-AA7FFA26D6FC): 1
LogDevObjectVersion:   Dev-Destruction (174F1F0B-B4C6-45A5-B13F-2EE8D0FB917D): 10
LogDevObjectVersion:   Dev-Physics-Ext (35F94A83-E258-406C-A318-09F59610247C): 41
LogDevObjectVersion:   Dev-PhysicsMaterial-Chaos (B68FC16E-8B1B-42E2-B453-215C058844FE): 1
LogDevObjectVersion:   Dev-CineCamera (B2E18506-4273-CFC2-A54E-F4BB758BBA07): 1
LogDevObjectVersion:   Dev-VirtualProduction (64F58936-FD1B-42BA-BA96-7289D5D0FA4E): 1
LogDevObjectVersion:   Dev-MediaFramework (6F0ED827-A609-4895-9C91-998D90180EA4): 2
LogInit: Presizing for max 25165824 objects, including 0 objects not considered by GC, pre-allocating 0 bytes for permanent pool.
LogConfig: Applying CVar settings from Section [/Script/Engine.StreamingSettings] File [E:/Unreal Projects/Dungeoner/Saved/Config/Windows/Engine.ini]
LogConfig: Setting CVar [[s.MinBulkDataSizeForAsyncLoading:131072]]
LogConfig: Setting CVar [[s.AsyncLoadingThreadEnabled:0]]
LogConfig: Setting CVar [[s.EventDrivenLoaderEnabled:1]]
LogConfig: Setting CVar [[s.WarnIfTimeLimitExceeded:0]]
LogConfig: Setting CVar [[s.TimeLimitExceededMultiplier:1.5]]
LogConfig: Setting CVar [[s.TimeLimitExceededMinTime:0.005]]
LogConfig: Setting CVar [[s.UseBackgroundLevelStreaming:1]]
LogConfig: Setting CVar [[s.PriorityAsyncLoadingExtraTime:15.0]]
LogConfig: Setting CVar [[s.LevelStreamingActorsUpdateTimeLimit:5.0]]
LogConfig: Setting CVar [[s.PriorityLevelStreamingActorsUpdateExtraTime:5.0]]
LogConfig: Setting CVar [[s.LevelStreamingComponentsRegistrationGranularity:10]]
LogConfig: Setting CVar [[s.UnregisterComponentsTimeLimit:1.0]]
LogConfig: Setting CVar [[s.LevelStreamingComponentsUnregistrationGranularity:5]]
LogConfig: Setting CVar [[s.FlushStreamingOnExit:1]]
LogInit: Object subsystem initialized
LogConfig: Setting CVar [[con.DebugEarlyDefault:1]]
LogConfig: Setting CVar [[r.setres:1280x720]]
[2022.01.06-11.05.42:773][  0]LogConfig: Setting CVar [[con.DebugEarlyDefault:1]]
[2022.01.06-11.05.42:773][  0]LogConfig: Setting CVar [[r.setres:1280x720]]
[2022.01.06-11.05.42:773][  0]LogConfig: Applying CVar settings from Section [/Script/Engine.RendererSettings] File [E:/Unreal Projects/Dungeoner/Saved/Config/Windows/Engine.ini]
[2022.01.06-11.05.42:773][  0]LogConfig: Setting CVar [[r.GPUCrashDebugging:0]]
[2022.01.06-11.05.42:773][  0]LogConfig: Applying CVar settings from Section [/Script/Engine.RendererOverrideSettings] File [E:/Unreal Projects/Dungeoner/Saved/Config/Windows/Engine.ini]
[2022.01.06-11.05.42:773][  0]LogConfig: Applying CVar settings from Section [/Script/Engine.StreamingSettings] File [E:/Unreal Projects/Dungeoner/Saved/Config/Windows/Engine.ini]
[2022.01.06-11.05.42:773][  0]LogConfig: Setting CVar [[s.MinBulkDataSizeForAsyncLoading:131072]]
[2022.01.06-11.05.42:773][  0]LogConfig: Setting CVar [[s.AsyncLoadingThreadEnabled:0]]
[2022.01.06-11.05.42:773][  0]LogConfig: Setting CVar [[s.EventDrivenLoaderEnabled:1]]
[2022.01.06-11.05.42:773][  0]LogConfig: Setting CVar [[s.WarnIfTimeLimitExceeded:0]]
[2022.01.06-11.05.42:773][  0]LogConfig: Setting CVar [[s.TimeLimitExceededMultiplier:1.5]]
[2022.01.06-11.05.42:773][  0]LogConfig: Setting CVar [[s.TimeLimitExceededMinTime:0.005]]
[2022.01.06-11.05.42:773][  0]LogConfig: Setting CVar [[s.UseBackgroundLevelStreaming:1]]
[2022.01.06-11.05.42:773][  0]LogConfig: Setting CVar [[s.PriorityAsyncLoadingExtraTime:15.0]]
[2022.01.06-11.05.42:774][  0]LogConfig: Setting CVar [[s.LevelStreamingActorsUpdateTimeLimit:5.0]]
[2022.01.06-11.05.42:774][  0]LogConfig: Setting CVar [[s.PriorityLevelStreamingActorsUpdateExtraTime:5.0]]
[2022.01.06-11.05.42:774][  0]LogConfig: Setting CVar [[s.LevelStreamingComponentsRegistrationGranularity:10]]
[2022.01.06-11.05.42:774][  0]LogConfig: Setting CVar [[s.UnregisterComponentsTimeLimit:1.0]]
[2022.01.06-11.05.42:774][  0]LogConfig: Setting CVar [[s.LevelStreamingComponentsUnregistrationGranularity:5]]
[2022.01.06-11.05.42:774][  0]LogConfig: Setting CVar [[s.FlushStreamingOnExit:1]]
[2022.01.06-11.05.42:774][  0]LogConfig: Applying CVar settings from Section [/Script/Engine.GarbageCollectionSettings] File [E:/Unreal Projects/Dungeoner/Saved/Config/Windows/Engine.ini]
[2022.01.06-11.05.42:774][  0]LogConfig: Setting CVar [[gc.MaxObjectsNotConsideredByGC:1]]
[2022.01.06-11.05.42:774][  0]LogConfig: Setting CVar [[gc.SizeOfPermanentObjectPool:0]]
[2022.01.06-11.05.42:774][  0]LogConfig: Setting CVar [[gc.FlushStreamingOnGC:0]]
[2022.01.06-11.05.42:774][  0]LogConfig: Setting CVar [[gc.NumRetriesBeforeForcingGC:10]]
[2022.01.06-11.05.42:774][  0]LogConfig: Setting CVar [[gc.AllowParallelGC:1]]
[2022.01.06-11.05.42:774][  0]LogConfig: Setting CVar [[gc.TimeBetweenPurgingPendingKillObjects:61.1]]
[2022.01.06-11.05.42:774][  0]LogConfig: Setting CVar [[gc.MaxObjectsInEditor:25165824]]
[2022.01.06-11.05.42:774][  0]LogConfig: Setting CVar [[gc.IncrementalBeginDestroyEnabled:1]]
[2022.01.06-11.05.42:774][  0]LogConfig: Setting CVar [[gc.CreateGCClusters:1]]
[2022.01.06-11.05.42:774][  0]LogConfig: Setting CVar [[gc.MinGCClusterSize:5]]
[2022.01.06-11.05.42:774][  0]LogConfig: Setting CVar [[gc.ActorClusteringEnabled:0]]
[2022.01.06-11.05.42:774][  0]LogConfig: Setting CVar [[gc.BlueprintClusteringEnabled:0]]
[2022.01.06-11.05.42:774][  0]LogConfig: Setting CVar [[gc.UseDisregardForGCOnDedicatedServers:0]]
[2022.01.06-11.05.42:774][  0]LogConfig: Setting CVar [[gc.MultithreadedDestructionEnabled:1]]
[2022.01.06-11.05.42:774][  0]LogConfig: Applying CVar settings from Section [/Script/Engine.NetworkSettings] File [E:/Unreal Projects/Dungeoner/Saved/Config/Windows/Engine.ini]
[2022.01.06-11.05.42:774][  0]LogConfig: Applying CVar settings from Section [/Script/UnrealEd.CookerSettings] File [E:/Unreal Projects/Dungeoner/Saved/Config/Windows/Engine.ini]
[2022.01.06-11.05.42:784][  0]LogConfig: Applying CVar settings from Section [ViewDistanceQuality@3] File [E:/Unreal Projects/Dungeoner/Saved/Config/Windows/Scalability.ini]
[2022.01.06-11.05.42:784][  0]LogConfig: Setting CVar [[r.SkeletalMeshLODBias:0]]
[2022.01.06-11.05.42:784][  0]LogConfig: Setting CVar [[r.ViewDistanceScale:1.0]]
[2022.01.06-11.05.42:784][  0]LogConfig: Applying CVar settings from Section [AntiAliasingQuality@3] File [E:/Unreal Projects/Dungeoner/Saved/Config/Windows/Scalability.ini]
[2022.01.06-11.05.42:784][  0]LogConfig: Setting CVar [[r.PostProcessAAQuality:4]]
[2022.01.06-11.05.42:784][  0]LogConfig: Applying CVar settings from Section [ShadowQuality@3] File [E:/Unreal Projects/Dungeoner/Saved/Config/Windows/Scalability.ini]
[2022.01.06-11.05.42:784][  0]LogConfig: Setting CVar [[r.LightFunctionQuality:1]]
[2022.01.06-11.05.42:784][  0]LogConfig: Setting CVar [[r.ShadowQuality:5]]
[2022.01.06-11.05.42:784][  0]LogConfig: Setting CVar [[r.Shadow.CSM.MaxCascades:10]]
[2022.01.06-11.05.42:784][  0]LogConfig: Setting CVar [[r.Shadow.MaxResolution:2048]]
[2022.01.06-11.05.42:784][  0]LogConfig: Setting CVar [[r.Shadow.MaxCSMResolution:2048]]
[2022.01.06-11.05.42:784][  0]LogConfig: Setting CVar [[r.Shadow.RadiusThreshold:0.01]]
[2022.01.06-11.05.42:784][  0]LogConfig: Setting CVar [[r.Shadow.DistanceScale:1.0]]
[2022.01.06-11.05.42:784][  0]LogConfig: Setting CVar [[r.Shadow.CSM.TransitionScale:1.0]]
[2022.01.06-11.05.42:784][  0]LogConfig: Setting CVar [[r.Shadow.PreShadowResolutionFactor:1.0]]
[2022.01.06-11.05.42:784][  0]LogConfig: Setting CVar [[r.DistanceFieldShadowing:1]]
[2022.01.06-11.05.42:784][  0]LogConfig: Setting CVar [[r.DistanceFieldAO:1]]
[2022.01.06-11.05.42:784][  0]LogConfig: Setting CVar [[r.AOQuality:2]]
[2022.01.06-11.05.42:784][  0]LogConfig: Setting CVar [[r.VolumetricFog:1]]
[2022.01.06-11.05.42:784][  0]LogConfig: Setting CVar [[r.VolumetricFog.GridPixelSize:8]]
[2022.01.06-11.05.42:784][  0]LogConfig: Setting CVar [[r.VolumetricFog.GridSizeZ:128]]
[2022.01.06-11.05.42:784][  0]LogConfig: Setting CVar [[r.VolumetricFog.HistoryMissSupersampleCount:4]]
[2022.01.06-11.05.42:784][  0]LogConfig: Setting CVar [[r.LightMaxDrawDistanceScale:1]]
[2022.01.06-11.05.42:784][  0]LogConfig: Setting CVar [[r.CapsuleShadows:1]]
[2022.01.06-11.05.42:784][  0]LogConfig: Applying CVar settings from Section [PostProcessQuality@3] File [E:/Unreal Projects/Dungeoner/Saved/Config/Windows/Scalability.ini]
[2022.01.06-11.05.42:784][  0]LogConfig: Setting CVar [[r.MotionBlurQuality:4]]
[2022.01.06-11.05.42:784][  0]LogConfig: Setting CVar [[r.AmbientOcclusionMipLevelFactor:0.4]]
[2022.01.06-11.05.42:784][  0]LogConfig: Setting CVar [[r.AmbientOcclusionMaxQuality:100]]
[2022.01.06-11.05.42:784][  0]LogConfig: Setting CVar [[r.AmbientOcclusionLevels:-1]]
[2022.01.06-11.05.42:784][  0]LogConfig: Setting CVar [[r.AmbientOcclusionRadiusScale:1.0]]
[2022.01.06-11.05.42:784][  0]LogConfig: Setting CVar [[r.DepthOfFieldQuality:2]]
[2022.01.06-11.05.42:784][  0]LogConfig: Setting CVar [[r.RenderTargetPoolMin:400]]
[2022.01.06-11.05.42:784][  0]LogConfig: Setting CVar [[r.LensFlareQuality:2]]
[2022.01.06-11.05.42:784][  0]LogConfig: Setting CVar [[r.SceneColorFringeQuality:1]]
[2022.01.06-11.05.42:784][  0]LogConfig: Setting CVar [[r.EyeAdaptationQuality:2]]
[2022.01.06-11.05.42:784][  0]LogConfig: Setting CVar [[r.BloomQuality:5]]
[2022.01.06-11.05.42:784][  0]LogConfig: Setting CVar [[r.FastBlurThreshold:100]]
[2022.01.06-11.05.42:784][  0]LogConfig: Setting CVar [[r.Upscale.Quality:3]]
[2022.01.06-11.05.42:784][  0]LogConfig: Setting CVar [[r.Tonemapper.GrainQuantization:1]]
[2022.01.06-11.05.42:784][  0]LogConfig: Setting CVar [[r.LightShaftQuality:1]]
[2022.01.06-11.05.42:784][  0]LogConfig: Setting CVar [[r.Filter.SizeScale:1]]
[2022.01.06-11.05.42:784][  0]LogConfig: Setting CVar [[r.Tonemapper.Quality:5]]
[2022.01.06-11.05.42:784][  0]LogConfig: Setting CVar [[r.DOF.Gather.AccumulatorQuality:1        ; higher gathering accumulator quality]]
[2022.01.06-11.05.42:784][  0]LogConfig: Setting CVar [[r.DOF.Gather.PostfilterMethod:1          ; Median3x3 postfilering method]]
[2022.01.06-11.05.42:784][  0]LogConfig: Setting CVar [[r.DOF.Gather.EnableBokehSettings:0       ; no bokeh simulation when gathering]]
[2022.01.06-11.05.42:784][  0]LogConfig: Setting CVar [[r.DOF.Gather.RingCount:4                 ; medium number of samples when gathering]]
[2022.01.06-11.05.42:784][  0]LogConfig: Setting CVar [[r.DOF.Scatter.ForegroundCompositing:1    ; additive foreground scattering]]
[2022.01.06-11.05.42:784][  0]LogConfig: Setting CVar [[r.DOF.Scatter.BackgroundCompositing:2    ; additive background scattering]]
[2022.01.06-11.05.42:785][  0]LogConfig: Setting CVar [[r.DOF.Scatter.EnableBokehSettings:1      ; bokeh simulation when scattering]]
[2022.01.06-11.05.42:785][  0]LogConfig: Setting CVar [[r.DOF.Scatter.MaxSpriteRatio:0.1         ; only a maximum of 10% of scattered bokeh]]
[2022.01.06-11.05.42:785][  0]LogConfig: Setting CVar [[r.DOF.Recombine.Quality:1                ; cheap slight out of focus]]
[2022.01.06-11.05.42:785][  0]LogConfig: Setting CVar [[r.DOF.Recombine.EnableBokehSettings:0    ; no bokeh simulation on slight out of focus]]
[2022.01.06-11.05.42:785][  0]LogConfig: Setting CVar [[r.DOF.TemporalAAQuality:1                ; more stable temporal accumulation]]
[2022.01.06-11.05.42:785][  0]LogConfig: Setting CVar [[r.DOF.Kernel.MaxForegroundRadius:0.025]]
[2022.01.06-11.05.42:785][  0]LogConfig: Setting CVar [[r.DOF.Kernel.MaxBackgroundRadius:0.025]]
[2022.01.06-11.05.42:785][  0]LogConfig: Applying CVar settings from Section [TextureQuality@3] File [E:/Unreal Projects/Dungeoner/Saved/Config/Windows/Scalability.ini]
[2022.01.06-11.05.42:785][  0]LogConfig: Setting CVar [[r.Streaming.MipBias:0]]
[2022.01.06-11.05.42:785][  0]LogConfig: Setting CVar [[r.Streaming.AmortizeCPUToGPUCopy:0]]
[2022.01.06-11.05.42:785][  0]LogConfig: Setting CVar [[r.Streaming.MaxNumTexturesToStreamPerFrame:0]]
[2022.01.06-11.05.42:785][  0]LogConfig: Setting CVar [[r.Streaming.Boost:1]]
[2022.01.06-11.05.42:785][  0]LogConfig: Setting CVar [[r.MaxAnisotropy:8]]
[2022.01.06-11.05.42:785][  0]LogConfig: Setting CVar [[r.VT.MaxAnisotropy:8]]
[2022.01.06-11.05.42:785][  0]LogConfig: Setting CVar [[r.Streaming.LimitPoolSizeToVRAM:0]]
[2022.01.06-11.05.42:785][  0]LogConfig: Setting CVar [[r.Streaming.PoolSize:1000]]
[2022.01.06-11.05.42:785][  0]LogConfig: Setting CVar [[r.Streaming.MaxEffectiveScreenSize:0]]
[2022.01.06-11.05.42:785][  0]LogConfig: Applying CVar settings from Section [EffectsQuality@3] File [E:/Unreal Projects/Dungeoner/Saved/Config/Windows/Scalability.ini]
[2022.01.06-11.05.42:785][  0]LogConfig: Setting CVar [[r.TranslucencyLightingVolumeDim:64]]
[2022.01.06-11.05.42:785][  0]LogConfig: Setting CVar [[r.RefractionQuality:2]]
[2022.01.06-11.05.42:785][  0]LogConfig: Setting CVar [[r.SSR.Quality:3]]
[2022.01.06-11.05.42:785][  0]LogConfig: Setting CVar [[r.SSR.HalfResSceneColor:0]]
[2022.01.06-11.05.42:785][  0]LogConfig: Setting CVar [[r.SceneColorFormat:4]]
[2022.01.06-11.05.42:785][  0]LogConfig: Setting CVar [[r.DetailMode:2]]
[2022.01.06-11.05.42:785][  0]LogConfig: Setting CVar [[r.TranslucencyVolumeBlur:1]]
[2022.01.06-11.05.42:785][  0]LogConfig: Setting CVar [[r.MaterialQualityLevel:1 ; High quality]]
[2022.01.06-11.05.42:785][  0]LogConfig: Setting CVar [[r.AnisotropicMaterials:1]]
[2022.01.06-11.05.42:785][  0]LogConfig: Setting CVar [[r.SSS.Scale:1]]
[2022.01.06-11.05.42:785][  0]LogConfig: Setting CVar [[r.SSS.SampleSet:2]]
[2022.01.06-11.05.42:785][  0]LogConfig: Setting CVar [[r.SSS.Quality:1]]
[2022.01.06-11.05.42:785][  0]LogConfig: Setting CVar [[r.SSS.HalfRes:0]]
[2022.01.06-11.05.42:785][  0]LogConfig: Setting CVar [[r.SSGI.Quality:3]]
[2022.01.06-11.05.42:785][  0]LogConfig: Setting CVar [[r.EmitterSpawnRateScale:1.0]]
[2022.01.06-11.05.42:785][  0]LogConfig: Setting CVar [[r.ParticleLightQuality:2]]
[2022.01.06-11.05.42:785][  0]LogConfig: Setting CVar [[r.SkyAtmosphere.AerialPerspectiveLUT.FastApplyOnOpaque:1 ; Always have FastSkyLUT 1 in this case to avoid wrong sky]]
[2022.01.06-11.05.42:785][  0]LogConfig: Setting CVar [[r.SkyAtmosphere.AerialPerspectiveLUT.SampleCountMaxPerSlice:4]]
[2022.01.06-11.05.42:785][  0]LogConfig: Setting CVar [[r.SkyAtmosphere.AerialPerspectiveLUT.DepthResolution:16.0]]
[2022.01.06-11.05.42:785][  0]LogConfig: Setting CVar [[r.SkyAtmosphere.FastSkyLUT:1]]
[2022.01.06-11.05.42:785][  0]LogConfig: Setting CVar [[r.SkyAtmosphere.FastSkyLUT.SampleCountMin:4.0]]
[2022.01.06-11.05.42:785][  0]LogConfig: Setting CVar [[r.SkyAtmosphere.FastSkyLUT.SampleCountMax:128.0]]
[2022.01.06-11.05.42:785][  0]LogConfig: Setting CVar [[r.SkyAtmosphere.SampleCountMin:4.0]]
[2022.01.06-11.05.42:785][  0]LogConfig: Setting CVar [[r.SkyAtmosphere.SampleCountMax:128.0]]
[2022.01.06-11.05.42:785][  0]LogConfig: Setting CVar [[r.SkyAtmosphere.TransmittanceLUT.UseSmallFormat:0]]
[2022.01.06-11.05.42:785][  0]LogConfig: Setting CVar [[r.SkyAtmosphere.TransmittanceLUT.SampleCount:10.0]]
[2022.01.06-11.05.42:785][  0]LogConfig: Setting CVar [[r.SkyAtmosphere.MultiScatteringLUT.SampleCount:15.0]]
[2022.01.06-11.05.42:785][  0]LogConfig: Setting CVar [[r.SkyLight.RealTimeReflectionCapture:1]]
[2022.01.06-11.05.42:785][  0]LogConfig: Applying CVar settings from Section [FoliageQuality@3] File [E:/Unreal Projects/Dungeoner/Saved/Config/Windows/Scalability.ini]
[2022.01.06-11.05.42:785][  0]LogConfig: Setting CVar [[foliage.DensityScale:1.0]]
[2022.01.06-11.05.42:785][  0]LogConfig: Setting CVar [[grass.DensityScale:1.0]]
[2022.01.06-11.05.42:785][  0]LogConfig: Applying CVar settings from Section [ShadingQuality@3] File [E:/Unreal Projects/Dungeoner/Saved/Config/Windows/Scalability.ini]
[2022.01.06-11.05.42:785][  0]LogConfig: Setting CVar [[r.HairStrands.SkyLighting.IntegrationType:2]]
[2022.01.06-11.05.42:785][  0]LogConfig: Setting CVar [[r.HairStrands.SkyAO.SampleCount:4]]
[2022.01.06-11.05.42:785][  0]LogConfig: Setting CVar [[r.HairStrands.Visibility.MSAA.SamplePerPixel:4]]
[2022.01.06-11.05.42:785][  0]LogInit: Selected Device Profile: [Windows]
[2022.01.06-11.05.42:785][  0]LogInit: Applying CVar settings loaded from the selected device profile: [Windows]
[2022.01.06-11.05.42:786][  0]LogHAL: Display: Platform has ~ 8 GB [8569896960 / 8589934592 / 8], which maps to Default [LargestMinGB=32, LargerMinGB=12, DefaultMinGB=8, SmallerMinGB=6, SmallestMinGB=0)
[2022.01.06-11.05.42:786][  0]LogInit: Going up to parent DeviceProfile []
[2022.01.06-11.05.42:786][  0]LogConfig: Applying CVar settings from Section [ViewDistanceQuality@3] File [E:/Unreal Projects/Dungeoner/Saved/Config/Windows/Scalability.ini]
[2022.01.06-11.05.42:786][  0]LogConfig: Setting CVar [[r.SkeletalMeshLODBias:0]]
[2022.01.06-11.05.42:786][  0]LogConfig: Setting CVar [[r.ViewDistanceScale:1.0]]
[2022.01.06-11.05.42:786][  0]LogConfig: Applying CVar settings from Section [AntiAliasingQuality@3] File [E:/Unreal Projects/Dungeoner/Saved/Config/Windows/Scalability.ini]
[2022.01.06-11.05.42:786][  0]LogConfig: Setting CVar [[r.PostProcessAAQuality:4]]
[2022.01.06-11.05.42:786][  0]LogConfig: Applying CVar settings from Section [ShadowQuality@3] File [E:/Unreal Projects/Dungeoner/Saved/Config/Windows/Scalability.ini]
[2022.01.06-11.05.42:786][  0]LogConfig: Setting CVar [[r.LightFunctionQuality:1]]
[2022.01.06-11.05.42:786][  0]LogConfig: Setting CVar [[r.ShadowQuality:5]]
[2022.01.06-11.05.42:786][  0]LogConfig: Setting CVar [[r.Shadow.CSM.MaxCascades:10]]
[2022.01.06-11.05.42:786][  0]LogConfig: Setting CVar [[r.Shadow.MaxResolution:2048]]
[2022.01.06-11.05.42:786][  0]LogConfig: Setting CVar [[r.Shadow.MaxCSMResolution:2048]]
[2022.01.06-11.05.42:786][  0]LogConfig: Setting CVar [[r.Shadow.RadiusThreshold:0.01]]
[2022.01.06-11.05.42:786][  0]LogConfig: Setting CVar [[r.Shadow.DistanceScale:1.0]]
[2022.01.06-11.05.42:786][  0]LogConfig: Setting CVar [[r.Shadow.CSM.TransitionScale:1.0]]
[2022.01.06-11.05.42:786][  0]LogConfig: Setting CVar [[r.Shadow.PreShadowResolutionFactor:1.0]]
[2022.01.06-11.05.42:786][  0]LogConfig: Setting CVar [[r.DistanceFieldShadowing:1]]
[2022.01.06-11.05.42:786][  0]LogConfig: Setting CVar [[r.DistanceFieldAO:1]]
[2022.01.06-11.05.42:786][  0]LogConfig: Setting CVar [[r.AOQuality:2]]
[2022.01.06-11.05.42:786][  0]LogConfig: Setting CVar [[r.VolumetricFog:1]]
[2022.01.06-11.05.42:786][  0]LogConfig: Setting CVar [[r.VolumetricFog.GridPixelSize:8]]
[2022.01.06-11.05.42:786][  0]LogConfig: Setting CVar [[r.VolumetricFog.GridSizeZ:128]]
[2022.01.06-11.05.42:786][  0]LogConfig: Setting CVar [[r.VolumetricFog.HistoryMissSupersampleCount:4]]
[2022.01.06-11.05.42:786][  0]LogConfig: Setting CVar [[r.LightMaxDrawDistanceScale:1]]
[2022.01.06-11.05.42:786][  0]LogConfig: Setting CVar [[r.CapsuleShadows:1]]
[2022.01.06-11.05.42:786][  0]LogConfig: Applying CVar settings from Section [PostProcessQuality@3] File [E:/Unreal Projects/Dungeoner/Saved/Config/Windows/Scalability.ini]
[2022.01.06-11.05.42:786][  0]LogConfig: Setting CVar [[r.MotionBlurQuality:4]]
[2022.01.06-11.05.42:786][  0]LogConfig: Setting CVar [[r.AmbientOcclusionMipLevelFactor:0.4]]
[2022.01.06-11.05.42:786][  0]LogConfig: Setting CVar [[r.AmbientOcclusionMaxQuality:100]]
[2022.01.06-11.05.42:786][  0]LogConfig: Setting CVar [[r.AmbientOcclusionLevels:-1]]
[2022.01.06-11.05.42:786][  0]LogConfig: Setting CVar [[r.AmbientOcclusionRadiusScale:1.0]]
[2022.01.06-11.05.42:786][  0]LogConfig: Setting CVar [[r.DepthOfFieldQuality:2]]
[2022.01.06-11.05.42:786][  0]LogConfig: Setting CVar [[r.RenderTargetPoolMin:400]]
[2022.01.06-11.05.42:786][  0]LogConfig: Setting CVar [[r.LensFlareQuality:2]]
[2022.01.06-11.05.42:786][  0]LogConfig: Setting CVar [[r.SceneColorFringeQuality:1]]
[2022.01.06-11.05.42:786][  0]LogConfig: Setting CVar [[r.EyeAdaptationQuality:2]]
[2022.01.06-11.05.42:786][  0]LogConfig: Setting CVar [[r.BloomQuality:5]]
[2022.01.06-11.05.42:786][  0]LogConfig: Setting CVar [[r.FastBlurThreshold:100]]
[2022.01.06-11.05.42:786][  0]LogConfig: Setting CVar [[r.Upscale.Quality:3]]
[2022.01.06-11.05.42:786][  0]LogConfig: Setting CVar [[r.Tonemapper.GrainQuantization:1]]
[2022.01.06-11.05.42:786][  0]LogConfig: Setting CVar [[r.LightShaftQuality:1]]
[2022.01.06-11.05.42:786][  0]LogConfig: Setting CVar [[r.Filter.SizeScale:1]]
[2022.01.06-11.05.42:786][  0]LogConfig: Setting CVar [[r.Tonemapper.Quality:5]]
[2022.01.06-11.05.42:786][  0]LogConfig: Setting CVar [[r.DOF.Gather.AccumulatorQuality:1        ; higher gathering accumulator quality]]
[2022.01.06-11.05.42:786][  0]LogConfig: Setting CVar [[r.DOF.Gather.PostfilterMethod:1          ; Median3x3 postfilering method]]
[2022.01.06-11.05.42:786][  0]LogConfig: Setting CVar [[r.DOF.Gather.EnableBokehSettings:0       ; no bokeh simulation when gathering]]
[2022.01.06-11.05.42:786][  0]LogConfig: Setting CVar [[r.DOF.Gather.RingCount:4                 ; medium number of samples when gathering]]
[2022.01.06-11.05.42:786][  0]LogConfig: Setting CVar [[r.DOF.Scatter.ForegroundCompositing:1    ; additive foreground scattering]]
[2022.01.06-11.05.42:786][  0]LogConfig: Setting CVar [[r.DOF.Scatter.BackgroundCompositing:2    ; additive background scattering]]
[2022.01.06-11.05.42:786][  0]LogConfig: Setting CVar [[r.DOF.Scatter.EnableBokehSettings:1      ; bokeh simulation when scattering]]
[2022.01.06-11.05.42:786][  0]LogConfig: Setting CVar [[r.DOF.Scatter.MaxSpriteRatio:0.1         ; only a maximum of 10% of scattered bokeh]]
[2022.01.06-11.05.42:786][  0]LogConfig: Setting CVar [[r.DOF.Recombine.Quality:1                ; cheap slight out of focus]]
[2022.01.06-11.05.42:786][  0]LogConfig: Setting CVar [[r.DOF.Recombine.EnableBokehSettings:0    ; no bokeh simulation on slight out of focus]]
[2022.01.06-11.05.42:786][  0]LogConfig: Setting CVar [[r.DOF.TemporalAAQuality:1                ; more stable temporal accumulation]]
[2022.01.06-11.05.42:786][  0]LogConfig: Setting CVar [[r.DOF.Kernel.MaxForegroundRadius:0.025]]
[2022.01.06-11.05.42:787][  0]LogConfig: Setting CVar [[r.DOF.Kernel.MaxBackgroundRadius:0.025]]
[2022.01.06-11.05.42:787][  0]LogConfig: Applying CVar settings from Section [TextureQuality@3] File [E:/Unreal Projects/Dungeoner/Saved/Config/Windows/Scalability.ini]
[2022.01.06-11.05.42:787][  0]LogConfig: Setting CVar [[r.Streaming.MipBias:0]]
[2022.01.06-11.05.42:787][  0]LogConfig: Setting CVar [[r.Streaming.AmortizeCPUToGPUCopy:0]]
[2022.01.06-11.05.42:787][  0]LogConfig: Setting CVar [[r.Streaming.MaxNumTexturesToStreamPerFrame:0]]
[2022.01.06-11.05.42:787][  0]LogConfig: Setting CVar [[r.Streaming.Boost:1]]
[2022.01.06-11.05.42:787][  0]LogConfig: Setting CVar [[r.MaxAnisotropy:8]]
[2022.01.06-11.05.42:787][  0]LogConfig: Setting CVar [[r.VT.MaxAnisotropy:8]]
[2022.01.06-11.05.42:787][  0]LogConfig: Setting CVar [[r.Streaming.LimitPoolSizeToVRAM:0]]
[2022.01.06-11.05.42:787][  0]LogConfig: Setting CVar [[r.Streaming.PoolSize:1000]]
[2022.01.06-11.05.42:787][  0]LogConfig: Setting CVar [[r.Streaming.MaxEffectiveScreenSize:0]]
[2022.01.06-11.05.42:787][  0]LogConfig: Applying CVar settings from Section [EffectsQuality@3] File [E:/Unreal Projects/Dungeoner/Saved/Config/Windows/Scalability.ini]
[2022.01.06-11.05.42:787][  0]LogConfig: Setting CVar [[r.TranslucencyLightingVolumeDim:64]]
[2022.01.06-11.05.42:787][  0]LogConfig: Setting CVar [[r.RefractionQuality:2]]
[2022.01.06-11.05.42:787][  0]LogConfig: Setting CVar [[r.SSR.Quality:3]]
[2022.01.06-11.05.42:787][  0]LogConfig: Setting CVar [[r.SSR.HalfResSceneColor:0]]
[2022.01.06-11.05.42:787][  0]LogConfig: Setting CVar [[r.SceneColorFormat:4]]
[2022.01.06-11.05.42:787][  0]LogConfig: Setting CVar [[r.DetailMode:2]]
[2022.01.06-11.05.42:787][  0]LogConfig: Setting CVar [[r.TranslucencyVolumeBlur:1]]
[2022.01.06-11.05.42:787][  0]LogConfig: Setting CVar [[r.MaterialQualityLevel:1 ; High quality]]
[2022.01.06-11.05.42:787][  0]LogConfig: Setting CVar [[r.AnisotropicMaterials:1]]
[2022.01.06-11.05.42:787][  0]LogConfig: Setting CVar [[r.SSS.Scale:1]]
[2022.01.06-11.05.42:787][  0]LogConfig: Setting CVar [[r.SSS.SampleSet:2]]
[2022.01.06-11.05.42:787][  0]LogConfig: Setting CVar [[r.SSS.Quality:1]]
[2022.01.06-11.05.42:787][  0]LogConfig: Setting CVar [[r.SSS.HalfRes:0]]
[2022.01.06-11.05.42:787][  0]LogConfig: Setting CVar [[r.SSGI.Quality:3]]
[2022.01.06-11.05.42:787][  0]LogConfig: Setting CVar [[r.EmitterSpawnRateScale:1.0]]
[2022.01.06-11.05.42:787][  0]LogConfig: Setting CVar [[r.ParticleLightQuality:2]]
[2022.01.06-11.05.42:787][  0]LogConfig: Setting CVar [[r.SkyAtmosphere.AerialPerspectiveLUT.FastApplyOnOpaque:1 ; Always have FastSkyLUT 1 in this case to avoid wrong sky]]
[2022.01.06-11.05.42:787][  0]LogConfig: Setting CVar [[r.SkyAtmosphere.AerialPerspectiveLUT.SampleCountMaxPerSlice:4]]
[2022.01.06-11.05.42:787][  0]LogConfig: Setting CVar [[r.SkyAtmosphere.AerialPerspectiveLUT.DepthResolution:16.0]]
[2022.01.06-11.05.42:787][  0]LogConfig: Setting CVar [[r.SkyAtmosphere.FastSkyLUT:1]]
[2022.01.06-11.05.42:787][  0]LogConfig: Setting CVar [[r.SkyAtmosphere.FastSkyLUT.SampleCountMin:4.0]]
[2022.01.06-11.05.42:787][  0]LogConfig: Setting CVar [[r.SkyAtmosphere.FastSkyLUT.SampleCountMax:128.0]]
[2022.01.06-11.05.42:787][  0]LogConfig: Setting CVar [[r.SkyAtmosphere.SampleCountMin:4.0]]
[2022.01.06-11.05.42:787][  0]LogConfig: Setting CVar [[r.SkyAtmosphere.SampleCountMax:128.0]]
[2022.01.06-11.05.42:787][  0]LogConfig: Setting CVar [[r.SkyAtmosphere.TransmittanceLUT.UseSmallFormat:0]]
[2022.01.06-11.05.42:787][  0]LogConfig: Setting CVar [[r.SkyAtmosphere.TransmittanceLUT.SampleCount:10.0]]
[2022.01.06-11.05.42:787][  0]LogConfig: Setting CVar [[r.SkyAtmosphere.MultiScatteringLUT.SampleCount:15.0]]
[2022.01.06-11.05.42:787][  0]LogConfig: Setting CVar [[r.SkyLight.RealTimeReflectionCapture:1]]
[2022.01.06-11.05.42:787][  0]LogConfig: Applying CVar settings from Section [FoliageQuality@3] File [E:/Unreal Projects/Dungeoner/Saved/Config/Windows/Scalability.ini]
[2022.01.06-11.05.42:787][  0]LogConfig: Setting CVar [[foliage.DensityScale:1.0]]
[2022.01.06-11.05.42:787][  0]LogConfig: Setting CVar [[grass.DensityScale:1.0]]
[2022.01.06-11.05.42:787][  0]LogConfig: Applying CVar settings from Section [ShadingQuality@3] File [E:/Unreal Projects/Dungeoner/Saved/Config/Windows/Scalability.ini]
[2022.01.06-11.05.42:787][  0]LogConfig: Setting CVar [[r.HairStrands.SkyLighting.IntegrationType:2]]
[2022.01.06-11.05.42:787][  0]LogConfig: Setting CVar [[r.HairStrands.SkyAO.SampleCount:4]]
[2022.01.06-11.05.42:787][  0]LogConfig: Setting CVar [[r.HairStrands.Visibility.MSAA.SamplePerPixel:4]]
[2022.01.06-11.05.42:787][  0]LogConfig: Applying CVar settings from Section [Startup] File [../../../Engine/Config/ConsoleVariables.ini]
[2022.01.06-11.05.42:798][  0]LogConfig: Setting CVar [[net.UseAdaptiveNetUpdateFrequency:0]]
[2022.01.06-11.05.42:798][  0]LogConfig: Setting CVar [[p.chaos.AllowCreatePhysxBodies:1]]
[2022.01.06-11.05.42:798][  0]LogConfig: Setting CVar [[fx.SkipVectorVMBackendOptimizations:1]]
[2022.01.06-11.05.42:798][  0]LogConfig: Applying CVar settings from Section [ConsoleVariables] File [E:/Unreal Projects/Dungeoner/Saved/Config/Windows/Engine.ini]
[2022.01.06-11.05.42:798][  0]LogConfig: Applying CVar settings from Section [ConsoleVariables] File [E:/Unreal Projects/Dungeoner/Saved/Config/Windows/Editor.ini]
[2022.01.06-11.05.42:798][  0]LogInit: Computer: HOME-PC
[2022.01.06-11.05.42:798][  0]LogInit: User: Denis
[2022.01.06-11.05.42:798][  0]LogInit: CPU Page size=4096, Cores=4
[2022.01.06-11.05.42:798][  0]LogInit: High frequency timer resolution =10.000000 MHz
[2022.01.06-11.05.42:798][  0]LogMemory: Memory total: Physical=8.0GB (8GB approx)
[2022.01.06-11.05.42:798][  0]LogMemory: Platform Memory Stats for Windows
[2022.01.06-11.05.42:798][  0]LogMemory: Process Physical Memory: 140.39 MB used, 140.39 MB peak
[2022.01.06-11.05.42:798][  0]LogMemory: Process Virtual Memory: 112.99 MB used, 112.99 MB peak
[2022.01.06-11.05.42:798][  0]LogMemory: Physical Memory: 5832.29 MB used,  2340.60 MB free, 8172.89 MB total
[2022.01.06-11.05.42:798][  0]LogMemory: Virtual Memory: 134211072.00 MB used,  6653.54 MB free, 134217728.00 MB total
[2022.01.06-11.05.42:827][  0]LogWindows: WindowsPlatformFeatures enabled
[2022.01.06-11.05.43:363][  0]LogInit: Physics initialised using underlying interface: PhysX
[2022.01.06-11.05.43:363][  0]LogInit: Using OS detected language (ru-RU).
[2022.01.06-11.05.43:363][  0]LogInit: Using OS detected locale (ru-RU).
[2022.01.06-11.05.43:811][  0]LogTextLocalizationManager: No specific localization for 'ru-RU' exists, so the 'ru' localization will be used.
[2022.01.06-11.05.43:813][  0]LogTextLocalizationResource: LocRes '../../../Engine/Content/Localization/Editor/ru/Editor.locres' could not be opened for reading!
[2022.01.06-11.05.43:813][  0]LogTextLocalizationResource: LocRes '../../../Engine/Content/Localization/EditorTutorials/ru/EditorTutorials.locres' could not be opened for reading!
[2022.01.06-11.05.43:813][  0]LogTextLocalizationResource: LocRes '../../../Engine/Content/Localization/Keywords/ru/Keywords.locres' could not be opened for reading!
[2022.01.06-11.05.43:813][  0]LogTextLocalizationResource: LocRes '../../../Engine/Content/Localization/Category/ru/Category.locres' could not be opened for reading!
[2022.01.06-11.05.43:813][  0]LogTextLocalizationResource: LocRes '../../../Engine/Content/Localization/ToolTips/ru/ToolTips.locres' could not be opened for reading!
[2022.01.06-11.05.43:814][  0]LogTextLocalizationResource: LocRes '../../../Engine/Content/Localization/PropertyNames/ru/PropertyNames.locres' could not be opened for reading!
[2022.01.06-11.05.43:814][  0]LogTextLocalizationResource: LocRes '../../../Engine/Content/Localization/Engine/ru/Engine.locres' could not be opened for reading!
[2022.01.06-11.05.44:102][  0]LogWindowsTextInputMethodSystem: Display: IME system deactivated.
[2022.01.06-11.05.44:332][  0]LogSlate: New Slate User Created.  User Index 0, Is Virtual User: 0
[2022.01.06-11.05.44:332][  0]LogSlate: Slate User Registered.  User Index 0, Is Virtual User: 0
[2022.01.06-11.05.44:393][  0]LogD3D11RHI: Loaded GFSDK_Aftermath_Lib.x64.dll
[2022.01.06-11.05.44:463][  0]LogHMD: Failed to initialize OpenVR with code 110
[2022.01.06-11.05.44:464][  0]LogD3D11RHI: D3D11 min allowed feature level: 11_0
[2022.01.06-11.05.44:464][  0]LogD3D11RHI: D3D11 max allowed feature level: 11_0
[2022.01.06-11.05.44:464][  0]LogD3D11RHI: D3D11 adapters:
[2022.01.06-11.05.44:920][  0]LogD3D11RHI:    0. 'NVIDIA GeForce GTX 550 Ti' (Feature Level 11_0)
[2022.01.06-11.05.44:920][  0]LogD3D11RHI:       959/0/4086 MB DedicatedVideo/DedicatedSystem/SharedSystem, Outputs:1, VendorId:0x10de
[2022.01.06-11.05.45:038][  0]LogD3D11RHI:    1. 'Microsoft Basic Render Driver' (Feature Level 11_0)
[2022.01.06-11.05.45:038][  0]LogD3D11RHI:       0/0/4086 MB DedicatedVideo/DedicatedSystem/SharedSystem, Outputs:0, VendorId:0x1414
[2022.01.06-11.05.45:038][  0]LogD3D11RHI: Chosen D3D11 Adapter:
[2022.01.06-11.05.45:038][  0]LogD3D11RHI:     Description : NVIDIA GeForce GTX 550 Ti
[2022.01.06-11.05.45:038][  0]LogD3D11RHI:     VendorId    : 10de
[2022.01.06-11.05.45:038][  0]LogD3D11RHI:     DeviceId    : 1244
[2022.01.06-11.05.45:038][  0]LogD3D11RHI:     SubSysId    : 0000
[2022.01.06-11.05.45:038][  0]LogD3D11RHI:     Revision    : 00a1
[2022.01.06-11.05.45:038][  0]LogD3D11RHI:     DedicatedVideoMemory : 1005780992 bytes
[2022.01.06-11.05.45:038][  0]LogD3D11RHI:     DedicatedSystemMemory : 0 bytes
[2022.01.06-11.05.45:038][  0]LogD3D11RHI:     SharedSystemMemory : 4284948480 bytes
[2022.01.06-11.05.45:038][  0]LogD3D11RHI:     AdapterLuid : 0 39137
[2022.01.06-11.05.45:046][  0]LogD3D11RHI: Creating new Direct3DDevice
[2022.01.06-11.05.45:046][  0]LogD3D11RHI:     GPU DeviceId: 0x1244 (for the marketing name, search the web for "GPU Device Id")
[2022.01.06-11.05.45:046][  0]LogWindows: EnumDisplayDevices:
[2022.01.06-11.05.45:047][  0]LogWindows:    0. 'NVIDIA GeForce GTX 550 Ti' (P:1 D:1)
[2022.01.06-11.05.45:047][  0]LogWindows:    1. 'NVIDIA GeForce GTX 550 Ti' (P:0 D:0)
[2022.01.06-11.05.45:047][  0]LogWindows: DebugString: FoundDriverCount:2 
[2022.01.06-11.05.45:047][  0]LogD3D11RHI:     Adapter Name: NVIDIA GeForce GTX 550 Ti
[2022.01.06-11.05.45:047][  0]LogD3D11RHI:   Driver Version: 391.35 (internal:23.21.13.9135, unified:391.35)
[2022.01.06-11.05.45:047][  0]LogD3D11RHI:      Driver Date: 3-23-2018
[2022.01.06-11.05.45:047][  0]LogRHI: Texture pool is 671 MB (70% of 959 MB)
[2022.01.06-11.05.45:047][  0]LogD3D11RHI: Creating D3DDevice using adapter:
[2022.01.06-11.05.45:047][  0]LogD3D11RHI:     Description : NVIDIA GeForce GTX 550 Ti
[2022.01.06-11.05.45:047][  0]LogD3D11RHI:     VendorId    : 10de
[2022.01.06-11.05.45:047][  0]LogD3D11RHI:     DeviceId    : 1244
[2022.01.06-11.05.45:047][  0]LogD3D11RHI:     SubSysId    : 0000
[2022.01.06-11.05.45:047][  0]LogD3D11RHI:     Revision    : 00a1
[2022.01.06-11.05.45:047][  0]LogD3D11RHI:     DedicatedVideoMemory : 1005780992 bytes
[2022.01.06-11.05.45:047][  0]LogD3D11RHI:     DedicatedSystemMemory : 0 bytes
[2022.01.06-11.05.45:047][  0]LogD3D11RHI:     SharedSystemMemory : 4284948480 bytes
[2022.01.06-11.05.45:047][  0]LogD3D11RHI:     AdapterLuid : 0 39137
[2022.01.06-11.05.45:121][  0]LogD3D11RHI: Display: Timestamp queries are currently disabled on this hardware due to instability. Realtime GPU stats will not be available. You can override this behaviour by setting r.NVIDIATimestampWorkaround to 0
[2022.01.06-11.05.45:121][  0]LogD3D11RHI: RHI does not have support for 64 bit atomics
[2022.01.06-11.05.45:121][  0]LogD3D11RHI: Async texture creation enabled
[2022.01.06-11.05.45:147][  0]LogD3D11RHI: GPU Timing Frequency: 1000.000000 (Debug: 2 2)
[2022.01.06-11.05.45:374][  0]LogRHI: GeForceNow SDK initialized: 1
[2022.01.06-11.05.52:709][  0]LogTargetPlatformManager: Display: Loaded TargetPlatform 'WindowsNoEditor'
[2022.01.06-11.05.52:731][  0]LogTargetPlatformManager: Display: Loaded TargetPlatform 'Windows'
[2022.01.06-11.05.52:755][  0]LogTargetPlatformManager: Display: Loaded TargetPlatform 'WindowsClient'
[2022.01.06-11.05.52:804][  0]LogTargetPlatformManager: Display: Loaded TargetPlatform 'WindowsServer'
[2022.01.06-11.05.52:804][  0]LogTargetPlatformManager: Display: Building Assets For Windows
[2022.01.06-11.05.52:900][  0]LogAudioDebug: Display: Lib vorbis DLL was dynamically loaded.
[2022.01.06-11.05.54:176][  0]LogTextureFormatOodle: Display: Oodle Texture 2.9.0 init RDO Off
[2022.01.06-11.05.54:808][  0]LogRendererCore: Ray tracing is disabled. Reason: r.RayTracing=0.
[2022.01.06-11.05.54:808][  0]LogShaderCompilers: Guid format shader working directory is 8 characters bigger than the processId version (../../../../Unreal Projects/Dungeoner/Intermediate/Shaders/WorkingDirectory/13184/).
[2022.01.06-11.05.54:808][  0]LogShaderCompilers: Cleaned the shader compiler working directory 'C:/Users/Denis/AppData/Local/Temp/UnrealShaderWorkingDir/DAA9901F48ED4917B2179C8D0A22483F/'.
[2022.01.06-11.05.54:809][  0]LogShaderCompilers: Display: Using XGE Controller for Shader Compilation.
[2022.01.06-11.05.57:801][  0]LogDerivedDataCache: Display: Max Cache Size: 512 MB
[2022.01.06-11.05.59:133][  0]LogDerivedDataCache: Loaded boot cache 1.33s 94MB C:/Users/Denis/AppData/Local/UnrealEngine/4.27/DerivedDataCache/Boot.ddc.
[2022.01.06-11.05.59:133][  0]LogDerivedDataCache: Display: Loaded Boot cache: C:/Users/Denis/AppData/Local/UnrealEngine/4.27/DerivedDataCache/Boot.ddc
[2022.01.06-11.05.59:133][  0]LogDerivedDataCache: FDerivedDataBackendGraph:  Pak pak cache file ../../../../Unreal Projects/Dungeoner/DerivedDataCache/DDC.ddp not found, will not use a pak cache.
[2022.01.06-11.05.59:133][  0]LogDerivedDataCache: Unable to find inner node Pak for hierarchical cache Hierarchy.
[2022.01.06-11.05.59:134][  0]LogDerivedDataCache: FDerivedDataBackendGraph:  CompressedPak pak cache file ../../../../Unreal Projects/Dungeoner/DerivedDataCache/Compressed.ddp not found, will not use a pak cache.
[2022.01.06-11.05.59:134][  0]LogDerivedDataCache: Unable to find inner node CompressedPak for hierarchical cache Hierarchy.
[2022.01.06-11.05.59:189][  0]LogDerivedDataCache: Display: Pak cache opened for reading ../../../Engine/DerivedDataCache/Compressed.ddp.
[2022.01.06-11.05.59:190][  0]LogDerivedDataCache: FDerivedDataBackendGraph:  EnterprisePak pak cache file ../../../Enterprise/DerivedDataCache/Compressed.ddp not found, will not use a pak cache.
[2022.01.06-11.05.59:190][  0]LogDerivedDataCache: Unable to find inner node EnterprisePak for hierarchical cache Hierarchy.
[2022.01.06-11.05.59:467][  0]LogDerivedDataCache: Speed tests for C:/Users/Denis/AppData/Local/UnrealEngine/Common/DerivedDataCache took 0.28 seconds
[2022.01.06-11.05.59:467][  0]LogDerivedDataCache: Display: Performance to C:/Users/Denis/AppData/Local/UnrealEngine/Common/DerivedDataCache: Latency=0.03ms. RandomReadSpeed=3.69MBs, RandomWriteSpeed=36.33MBs. Assigned SpeedClass 'Local'
[2022.01.06-11.05.59:468][  0]LogDerivedDataCache: Using Local data cache path C:/Users/Denis/AppData/Local/UnrealEngine/Common/DerivedDataCache: Writable
[2022.01.06-11.05.59:468][  0]LogDerivedDataCache: Shared data cache path not found in *engine.ini, will not use an Shared cache.
[2022.01.06-11.05.59:468][  0]LogDerivedDataCache: Unable to find inner node Shared for hierarchical cache Hierarchy.
[2022.01.06-11.05.59:738][  0]LogSlate: Using FreeType 2.10.0
[2022.01.06-11.05.59:810][  0]LogSlate: SlateFontServices - WITH_FREETYPE: 1, WITH_HARFBUZZ: 1
[2022.01.06-11.06.00:720][  0]LogInit: Using OS detected language (ru-RU).
[2022.01.06-11.06.00:720][  0]LogInit: Using OS detected locale (ru-RU).
[2022.01.06-11.06.00:721][  0]LogTextLocalizationManager: No localization for 'ru-RU' exists, so 'en' will be used for the language.
[2022.01.06-11.06.00:721][  0]LogTextLocalizationManager: No localization for 'ru-RU' exists, so 'en' will be used for the locale.
[2022.01.06-11.06.00:721][  0]LogSlate: FontCache flush requested. Reason: Culture for localization was changed
[2022.01.06-11.06.00:721][  0]LogSlate: FontCache flush requested. Reason: Culture for localization was changed
[2022.01.06-11.06.00:856][  0]LogAssetRegistry: FAssetRegistry took 0.0022 seconds to start up
[2022.01.06-11.06.01:234][  0]LogTextLocalizationManager: Compacting localization data took   0.01ms
[2022.01.06-11.06.01:234][  0]LogPackageLocalizationCache: Processed 27 localized package path(s) for 1 prioritized culture(s) in 0.036629 seconds
[2022.01.06-11.06.01:367][  0]LogInit: Selected Device Profile: [Windows]
[2022.01.06-11.06.01:367][  0]LogInit: Active device profile: [0000025B22D5E900][0000025B16885540 49] Windows
[2022.01.06-11.06.01:367][  0]LogInit: Profiles: [0000025B22D5E900][0000025B16885540 49] Windows, [0000025B22D15900][0000025B16881680 49] WindowsNoEditor, [0000025B22D5D900][0000025B1C2D57C0 49] WindowsServer, [0000025B22D16900][0000025B1C2D9900 49] WindowsClient, [0000025B22D5EC00][0000025B1C2E1A80 49] IOS, [0000025B22D17F00][0000025B1C2E5C00 49] iPadAir, [0000025B22D5E600][0000025B1C2E8200 49] iPadAir2, [0000025B22CC6C00][0000025B1C2F04C0 49] IPadPro, [0000025B22CC6D00][0000025B1C2EC500 49] iPadAir3, [0000025B22D5DC00][0000025B1C2F4680 49] iPadAir4, [0000025B22CC7300][0000025B1C2F8800 49] iPadMini2, [0000025B22D5DE00][0000025B1C2FC980 49] iPadMini3, [0000025B22CC5600][0000025B1C300B00 49] iPadMini4, [0000025B22D5EE00][0000025B1C1DEC80 49] iPadMini5, [0000025B22D0A500][0000025B1C1E6F40 49] iPhone6, [0000025B22D0A600][0000025B1C1E2F80 49] iPodTouch6, [0000025B22CC5300][0000025B1C1EF240 49] iPhone7, [0000025B22CC5200][0000025B1C1EB280 49] iPodTouch7, [0000025B22D0AB00][0000025B1C1F3400 49] iPhone5S, [0000025B22CC4C00][0000025B1C1F7580 49] iPhone6Plus, [0000025B22D09600][0000025B1C2DD6C0 49] iPhone6S, [0000025B22CC6700][0000025B1C1FB800 49] iPhone6SPlus, [0000025B22D09400][0000025B1C1FF940 49] iPhone7Plus, [0000025B22CC6600][0000025B1C203A80 49] iPhoneSE, [0000025B22D0A300][0000025B1C20BC00 49] iPhone8, [0000025B22CC6F00][0000025B1C20E200 49] iPhone8Plus, [0000025B22D08100][0000025B1C212380 49] iPhoneX, [0000025B22CC6400][0000025B1C216500 49] iPhoneXS, [0000025B22D08200][0000025B1C21A680 49] iPhoneXSMax, [0000025B22CC7200][0000025B1C21E800 49] iPhoneXR, [0000025B22D0AF00][0000025B1C222980 49] iPhone11, [0000025B22CC7700][0000025B1C226B00 49] iPhone11Pro, [0000025B22D09000][0000025B1C22AC80 49] iPhone11ProMax, [0000025B22CC6A00][0000025B1C22EE00 49] iPhoneSE2, [0000025B22D0B900][0000025B1C232F80 49] iPhone12Mini, [0000025B22CC5B00][0000025B1C237100 49] iPhone12, [0000025B22D08C00][0000025B1C23B280 49] iPhone12Pro, [0000025B22CC7C00][0000025B1C23F400 49] iPhone12ProMax, [0000025B22D09B00][0000025B1C243580 49] iPadPro105, [0000025B22CC5800][0000025B1C247700 49] iPadPro129, [0000025B22D0AC00][0000025B1C24B880 49] iPadPro97, [0000025B22CC7A00][0000025B1C2079C0 49] iPadPro2_129, [0000025B22D0A700][0000025B1C24FB00 49] iPad5, [0000025B22CC6800][0000025B1C2520C0 49] iPad6, [0000025B22D0B400][0000025B1C25A240 49] iPad7, [0000025B22CC5D00][0000025B1C25E3C0 49] iPad8, [0000025B22D09900][0000025B1C262540 49] iPadPro11, [0000025B22CC7B00][0000025B1C2666C0 49] iPadPro2_11, [0000025B22D0A800][0000025B1C26A840 49] iPadPro3_129, [0000025B22D16400][0000025B1C26E9C0 49] iPadPro4_129, [0000025B22D9D500][0000025B1C272B40 49] AppleTV, [0000025B22D17400][0000025B1C276CC0 49] AppleTV4K, [0000025B22D9C900][0000025B1C27AE40 49] TVOS, [0000025B22D17100][0000025B1C27EFC0 49] Mac, [0000025B22D9D000][0000025B22703140 49] MacClient, [0000025B22D16800][0000025B227072C0 49] MacNoEditor, [0000025B22D9CB00][0000025B2270B440 49] MacServer, [0000025B22D17C00][0000025B2270F5C0 49] Linux, [0000025B22D9D200][0000025B22713740 49] LinuxAArch64, [0000025B22D16F00][0000025B227178C0 49] LinuxNoEditor, [0000025B22D9C500][0000025B2271BA40 49] LinuxAArch64NoEditor, [0000025B22D09800][0000025B1C257B80 49] LinuxClient, [0000025B22CC6200][0000025B2271E140 49] LinuxAArch64Client, [0000025B22D08900][0000025B22722280 49] LinuxServer, [0000025B22CC4300][0000025B227263C0 49] LinuxAArch64Server, [0000025B22D08E00][0000025B2272E540 49] Android, [0000025B22CC6300][0000025B227326C0 49] Android_Low, [0000025B22D0A000][0000025B22736840 49] Android_Mid, [0000025B22CC6B00][0000025B2273A9C0 49] Android_High, [0000025B22D09300][0000025B2273EB40 49] Android_Default, [0000025B22CC7600][0000025B22742CC0 49] Android_Adreno4xx, [0000025B22D08600][0000025B22746E40 49] Android_Adreno5xx_Low, [0000025B22CC7900][0000025B2274AFC0 49] Android_Adreno5xx, [0000025B22D0BC00][0000025B2274F140 49] Android_Adreno6xx, [0000025B22CC7400][0000025B227532C0 49] Android_Adreno6xx_Vulkan, [0000025B22D0B500][0000025B22757440 49] Android_Mali_T6xx, [0000025B22CC7100][0000025B2275B5C0 49] Android_Mali_T7xx, [0000025B22D09D00][0000025B2275F740 49] Android_Mali_T8xx, [0000025B22CC7E00][0000025B227638C0 49] Android_Mali_G71, [0000025B22D0B200][0000025B22767A40 49] Android_Mali_G72, [0000025B22CC7F00][0000025B2276BBC0 49] Android_Mali_G72_Vulkan, [0000025B22D08800][0000025B2272A180 49] Android_Mali_G76, [0000025B22CC4400][0000025B2276E2C0 49] Android_Mali_G76_Vulkan, [0000025B22D09700][0000025B22772400 49] Android_Mali_G77, [0000025B22CC4100][0000025B22776540 49] Android_Mali_G77_Vulkan, [0000025B22D9C600][0000025B2277E6C0 49] Android_Mali_G78, [0000025B22CC5500][0000025B22782840 49] Android_Mali_G78_Vulkan, [0000025B22D9CE00][0000025B227869C0 49] Android_Mali_G710, [0000025B22CC4900][0000025B2278AB40 49] Android_Mali_G710_Vulkan, [0000025B22D9D100][0000025B2278ECC0 49] Android_Vulkan_SM5, [0000025B22CC5900][0000025B22792E40 49] Android_PowerVR_G6xxx, [0000025B22D0AE00][0000025B22796FC0 49] Android_PowerVR_GT7xxx, [0000025B22CC5C00][0000025B2279B140 49] Android_PowerVR_GE8xxx, [0000025B22D0B800][0000025B2279F2C0 49] Android_PowerVR_GM9xxx, [0000025B22CC5F00][0000025B227A3440 49] Android_PowerVR_GM9xxx_Vulkan, [0000025B22D0BB00][0000025B227A75C0 49] Android_TegraK1, [0000025B22CC6100][0000025B227AB740 49] Android_Unknown_Vulkan, [0000025B22D09C00][0000025B227AF8C0 49] Lumin, [0000025B22CC4500][0000025B227B3A40 49] Lumin_Desktop, [0000025B22D0A200][0000025B227B7BC0 49] HoloLens, 
[2022.01.06-11.06.03:221][  0]LogMeshReduction: Using QuadricMeshReduction for automatic static mesh reduction
[2022.01.06-11.06.03:221][  0]LogMeshReduction: Using SimplygonMeshReduction for automatic skeletal mesh reduction
[2022.01.06-11.06.03:221][  0]LogMeshReduction: Using ProxyLODMeshReduction for automatic mesh merging
[2022.01.06-11.06.03:221][  0]LogMeshReduction: No distributed automatic mesh merging module available
[2022.01.06-11.06.03:221][  0]LogMeshMerging: No distributed automatic mesh merging module available
[2022.01.06-11.06.03:629][  0]LogNetVersion: Dungeoner 1.0.0, NetCL: 17155196, EngineNetVer: 17, GameNetVer: 0 (Checksum: 1542495505)
[2022.01.06-11.06.14:925][  0]LogTexture: Default maximum texture size for cubemaps generated from long-lat sources has been changed from 512 to unlimited. In order to preserve old behaiour for '/Engine/MapTemplates/Sky/DaylightAmbientCubemap.DaylightAmbientCubemap', its maximum texture size has been explicitly set to 512.
[2022.01.06-11.06.15:600][  0]LogHMD: PokeAHoleMaterial loaded successfully
[2022.01.06-11.06.21:725][  0]LogMoviePlayer: Initializing movie player
[2022.01.06-11.06.24:183][  0]LogPython: Using Python 3.7.7
[2022.01.06-11.06.26:652][  0]LogNiagaraDebuggerClient: Niagara Debugger Client Initialized | Session: 6D2875CF4A456DBCF46DE18FB8842229 | Instance: 2B1AA9B34592627F529DC4B93C56A621 (HOME-PC-13184).
[2022.01.06-11.06.27:168][  0]LogCollectionManager: Loaded 0 collections in 0.042539 seconds
[2022.01.06-11.06.27:229][  0]LogFileCache: Scanning file cache for directory 'E:/Unreal Projects/Dungeoner/Saved/Collections/' took 0.00s
[2022.01.06-11.06.27:229][  0]LogFileCache: Scanning file cache for directory 'E:/Unreal Projects/Dungeoner/Content/Developers/Denis/Collections/' took 0.00s
[2022.01.06-11.06.27:229][  0]LogFileCache: Scanning file cache for directory 'E:/Unreal Projects/Dungeoner/Content/Collections/' took 0.00s
[2022.01.06-11.06.27:229][  0]LogCollectionManager: Fixed up redirectors for 0 collections in 0.000002 seconds (updated 0 objects)
[2022.01.06-11.06.29:710][  0]LogTcpMessaging: Initializing TcpMessaging bridge
[2022.01.06-11.06.29:819][  0]LogUdpMessaging: Initializing bridge on interface 0.0.0.0:0 to multicast group 230.0.0.1:6666.
[2022.01.06-11.06.33:070][  0]SourceControl: Source control is disabled
[2022.01.06-11.06.33:071][  0]SourceControl: Source control is disabled
[2022.01.06-11.06.33:206][  0]SourceControl: Source control is disabled
[2022.01.06-11.06.33:316][  0]LogUProjectInfo: Found projects:
[2022.01.06-11.06.36:138][  0]LogOpenImageDenoise: OIDN starting up
[2022.01.06-11.06.36:710][  0]LogAndroidPermission: UAndroidPermissionCallbackProxy::GetInstance
[2022.01.06-11.06.36:805][  0]LogAudioCaptureCore: Display: No Audio Capture implementations found. Audio input will be silent.
[2022.01.06-11.06.36:805][  0]LogAudioCaptureCore: Display: No Audio Capture implementations found. Audio input will be silent.
[2022.01.06-11.06.37:358][  0]LogOcInput: OculusInput pre-init called
[2022.01.06-11.06.37:369][  0]LogUObjectArray: 22132 objects as part of root set at end of initial load.
[2022.01.06-11.06.37:369][  0]LogUObjectAllocator: 5979488 out of 0 bytes used by permanent object pool.
[2022.01.06-11.06.37:369][  0]LogUObjectArray: CloseDisregardForGC: 0/0 objects in disregard for GC pool
[2022.01.06-11.06.37:714][  0]LogEngine: Initializing Engine...
[2022.01.06-11.06.37:767][  0]LogHMD: Failed to enumerate extensions. Please check that you have a valid OpenXR runtime installed.
[2022.01.06-11.06.37:768][  0]LogHMD: Failed to initialize OpenVR with code 110
[2022.01.06-11.06.37:768][  0]LogMagicLeap: Warning: VR disabled because ZI is not enabled.  To enable, in the editor, Edit -> Project Settings -> Plugins -> Magic Leap Plugin -> Enable Zero Iteration
[2022.01.06-11.06.37:769][  0]LogStats: UGameplayTagsManager::InitializeManager -  0.000 s
[2022.01.06-11.06.38:501][  0]LogInit: Initializing FReadOnlyCVARCache
[2022.01.06-11.06.38:501][  0]LogAudio: Display: Initializing Audio Device Manager...
[2022.01.06-11.06.38:532][  0]LogAudio: Display: Loading Default Audio Settings Objects...
[2022.01.06-11.06.38:549][  0]LogAudio: Display: No default SoundConcurrencyObject specified (or failed to load).
[2022.01.06-11.06.38:549][  0]LogAudio: Display: Audio Device Manager Initialized
[2022.01.06-11.06.38:549][  0]LogAudio: Display: Creating Audio Device:                 Id: 1, Scope: Shared, Realtime: True
[2022.01.06-11.06.38:549][  0]LogAudioMixer: Display: Audio Mixer Platform Settings:
[2022.01.06-11.06.38:549][  0]LogAudioMixer: Display: 	Sample Rate:						  48000
[2022.01.06-11.06.38:549][  0]LogAudioMixer: Display: 	Callback Buffer Frame Size Requested: 1024
[2022.01.06-11.06.38:549][  0]LogAudioMixer: Display: 	Callback Buffer Frame Size To Use:	  1024
[2022.01.06-11.06.38:549][  0]LogAudioMixer: Display: 	Number of buffers to queue:			  2
[2022.01.06-11.06.38:550][  0]LogAudioMixer: Display: 	Max Channels (voices):				  32
[2022.01.06-11.06.38:550][  0]LogAudioMixer: Display: 	Number of Async Source Workers:		  0
[2022.01.06-11.06.38:550][  0]LogAudio: Display: AudioDevice MaxSources: 32
[2022.01.06-11.06.38:550][  0]LogAudio: Display: Audio Spatialization Plugin: None (built-in).
[2022.01.06-11.06.38:550][  0]LogAudio: Display: Audio Reverb Plugin: None (built-in).
[2022.01.06-11.06.38:550][  0]LogAudio: Display: Audio Occlusion Plugin: None (built-in).
[2022.01.06-11.06.38:550][  0]LogAudioMixer: Display: Initializing audio mixer.
[2022.01.06-11.06.38:816][  0]LogAudioMixer: Display: 0: FrontLeft
[2022.01.06-11.06.38:816][  0]LogAudioMixer: Display: 1: FrontRight
[2022.01.06-11.06.39:162][  0]LogAudioMixer: Display: Using Audio Device Динамики (Bloody Gaming Audio Device)
[2022.01.06-11.06.39:162][  0]LogAudioMixer: Display: Initializing Sound Submixes...
[2022.01.06-11.06.39:249][  0]LogAudioMixer: Display: Creating Master Submix 'MasterSubmixDefault'
[2022.01.06-11.06.39:249][  0]LogAudioMixer: Display: Creating Master Submix 'MasterReverbSubmixDefault'
[2022.01.06-11.06.39:251][  0]LogAudioMixer: Display: Creating Master Submix 'MasterEQSubmixDefault'
[2022.01.06-11.06.39:251][  0]LogAudioMixer: FMixerPlatformXAudio2::StartAudioStream() called
[2022.01.06-11.06.39:251][  0]LogAudioMixer: Display: Output buffers initialized: Frames=1024, Channels=2, Samples=2048
[2022.01.06-11.06.39:252][  0]LogAudioMixer: Display: Starting AudioMixerPlatformInterface::RunInternal()
[2022.01.06-11.06.39:252][  0]LogAudioMixer: Display: FMixerPlatformXAudio2::SubmitBuffer() called for the first time
[2022.01.06-11.06.39:252][  0]LogInit: FAudioDevice initialized.
[2022.01.06-11.06.39:278][  0]LogNetVersion: Set ProjectVersion to 1.0.0.0. Version Checksum will be recalculated on next use.
[2022.01.06-11.06.39:278][  0]LogInit: Texture streaming: Enabled
[2022.01.06-11.06.40:156][  0]LogAudio: Display: Audio Device (ID: 1) registered with world 'Untitled'.
[2022.01.06-11.06.40:170][  0]LogSlate: Updating window title bar state: overlay mode, drag disabled, window buttons hidden, title bar hidden
[2022.01.06-11.06.40:231][  0]LogInit: Display: Game Engine Initialized.
[2022.01.06-11.06.40:248][  0]LogNiagaraEditor: GEditor isn't valid! Particle reset commands will not work for Niagara components!
[2022.01.06-11.06.41:304][  0]LogInit: Display: Starting Game.
[2022.01.06-11.06.41:324][  0]LogNet: Browse: /Game/Map/Map?Name=Player
[2022.01.06-11.06.41:346][  0]LogLoad: LoadMap: /Game/Map/Map?Name=Player
[2022.01.06-11.06.41:346][  0]LogWorld: BeginTearingDown for /Temp/Untitled_0
[2022.01.06-11.06.41:353][  0]LogWorld: UWorld::CleanupWorld for Untitled, bSessionEnded=true, bCleanupResources=true
[2022.01.06-11.06.41:353][  0]LogSlate: InvalidateAllWidgets triggered.  All widgets were invalidated
[2022.01.06-11.06.41:362][  0]LogAudio: Display: Audio Device unregistered from world 'None'.
[2022.01.06-11.06.41:389][  0]LogUObjectHash: Compacting FUObjectHashTables data took   1.25ms
[2022.01.06-11.06.43:494][  0]LogBlueprint: Warning: [AssetLog] E:\Unreal Projects\Dungeoner\Content\UI\Windows\CharacterWindow.uasset: [Compiler] On Removed from Focus (WillValue)  does not have a valid matching component!
[2022.01.06-11.06.43:495][  0]LogBlueprint: Warning: [AssetLog] E:\Unreal Projects\Dungeoner\Content\UI\Windows\CharacterWindow.uasset: [Compiler] On Removed from Focus (ConstitutionValue)  does not have a valid matching component!
[2022.01.06-11.06.43:495][  0]LogBlueprint: Warning: [AssetLog] E:\Unreal Projects\Dungeoner\Content\UI\Windows\CharacterWindow.uasset: [Compiler] On Removed from Focus (MagicValue)  does not have a valid matching component!
[2022.01.06-11.06.43:496][  0]LogBlueprint: Warning: [AssetLog] E:\Unreal Projects\Dungeoner\Content\UI\Windows\CharacterWindow.uasset: [Compiler] On Removed from Focus (IntelligenceValue)  does not have a valid matching component!
[2022.01.06-11.06.43:496][  0]LogBlueprint: Warning: [AssetLog] E:\Unreal Projects\Dungeoner\Content\UI\Windows\CharacterWindow.uasset: [Compiler] On Removed from Focus (AgilityValue)  does not have a valid matching component!
[2022.01.06-11.06.43:496][  0]LogBlueprint: Warning: [AssetLog] E:\Unreal Projects\Dungeoner\Content\UI\Windows\CharacterWindow.uasset: [Compiler] On Removed from Focus (StrengthValue)  does not have a valid matching component!
[2022.01.06-11.06.44:527][  0]LogAudio: Display: Audio Device (ID: 1) registered with world 'Map'.
[2022.01.06-11.06.44:591][  0]LogAIModule: Creating AISystem for world Map
[2022.01.06-11.06.44:591][  0]LogLoad: Game class is 'BaseGameMode_C'
[2022.01.06-11.06.44:609][  0]LogWorld: Bringing World /Game/Map/Map.Map up for play (max tick rate 0) at 2022.01.06-15.06.44
[2022.01.06-11.06.44:609][  0]LogWorld: Bringing up level for play took: 0.000857
[2022.01.06-11.06.44:610][  0]LogGameMode: FindPlayerStart: PATHS NOT DEFINED or NO PLAYERSTART with positive rating
[2022.01.06-11.06.44:626][  0]LogViewport: Display: Viewport MouseLockMode Changed, LockOnCapture -> DoNotLock
[2022.01.06-11.06.44:626][  0]LogViewport: Display: Viewport MouseCaptureMode Changed, CapturePermanently_IncludingInitialMouseDown -> NoCapture
[2022.01.06-11.06.44:627][  0]r.SetRes = "1920 x 1080f"
[2022.01.06-11.06.44:693][  0]LogLoad: Took 3.344153 seconds to LoadMap(/Game/Map/Map)
[2022.01.06-11.06.44:983][  0]LogRenderer: Reallocating scene render targets to support 1920x1080 Format 10 NumSamples 1 (Frame:1).
[2022.01.06-11.06.44:983][  0]LogSlate: Took 0.050815 seconds to synchronously load lazily loaded font '../../../Engine/Content/Slate/Fonts/Roboto-Regular.ttf' (155K)
[2022.01.06-11.06.45:395][  0]LogInit: Display: Engine is initialized. Leaving FEngineLoop::Init()
[2022.01.06-11.06.45:395][  0]LogLoad: (Engine Initialization) Total time: 110.50 seconds
[2022.01.06-11.06.45:395][  0]LogLoad: (Engine Initialization) Total Blueprint compile time: 0.00 seconds
[2022.01.06-11.06.45:420][  0]LogContentStreaming: Texture pool size now 1000 MB
[2022.01.06-11.06.45:479][  0]LogSlate: InvalidateAllWidgets triggered.  All widgets were invalidated
[2022.01.06-11.06.45:557][  1]LogSlate: Took 0.000165 seconds to synchronously load lazily loaded font '../../../Engine/Content/Slate/Fonts/Roboto-Regular.ttf' (155K)
