Log file open, 12/26/21 23:32:53
LogWindows: Failed to load 'aqProf.dll' (GetLastError=126)
LogWindows: File 'aqProf.dll' does not exist
LogWindows: Failed to load 'VtuneApi.dll' (GetLastError=126)
LogWindows: File 'VtuneApi.dll' does not exist
LogWindows: Failed to load 'VtuneApi32e.dll' (GetLastError=126)
LogWindows: File 'VtuneApi32e.dll' does not exist
LogConsoleResponse: Display: Failed to find resolution value strings in scalability ini. Falling back to default.
LogConsoleResponse: Display: Failed to find resolution value strings in scalability ini. Falling back to default.
LogInit: Display: Running engine for game: Dungeoner
LogPlatformFile: Not using cached read wrapper
LogTaskGraph: Started task graph with 5 named threads and 14 total threads with 3 sets of task threads.
LogStats: Stats thread started at 0.250826
LogICUInternationalization: ICU TimeZone Detection - Raw Offset: +4:00, Platform Override: ''
LogInit: Display: Loading text-based GConfig....
LogPluginManager: Mounting plugin MeshPainting
LogPluginManager: Mounting plugin XGEController
LogPluginManager: Mounting plugin Paper2D
LogPluginManager: Mounting plugin AISupport
LogPluginManager: Mounting plugin EnvironmentQueryEditor
LogPluginManager: Mounting plugin LiveLink
LogPluginManager: Mounting plugin LightPropagationVolume
LogPluginManager: Mounting plugin CameraShakePreviewer
LogPluginManager: Mounting plugin GameplayCameras
LogPluginManager: Mounting plugin OodleData
LogPluginManager: Mounting plugin AnimationSharing
LogPluginManager: Mounting plugin OodleNetwork
LogPluginManager: Mounting plugin CLionSourceCodeAccess
LogPluginManager: Mounting plugin CodeLiteSourceCodeAccess
LogPluginManager: Mounting plugin GitSourceControl
LogPluginManager: Mounting plugin KDevelopSourceCodeAccess
LogPluginManager: Mounting plugin NullSourceCodeAccess
LogPluginManager: Mounting plugin PerforceSourceControl
LogPluginManager: Mounting plugin PixWinPlugin
LogPluginManager: Mounting plugin PlasticSourceControl
LogPluginManager: Mounting plugin PluginUtils
LogPluginManager: Mounting plugin PropertyAccessNode
LogPluginManager: Mounting plugin SubversionSourceControl
LogPluginManager: Mounting plugin RiderSourceCodeAccess
LogPluginManager: Mounting plugin TextureFormatOodle
LogPluginManager: Mounting plugin UObjectPlugin
LogPluginManager: Mounting plugin VisualStudioCodeSourceCodeAccess
LogPluginManager: Mounting plugin VisualStudioSourceCodeAccess
LogPluginManager: Mounting plugin XCodeSourceCodeAccess
LogPluginManager: Mounting plugin DatasmithContent
LogPluginManager: Mounting plugin VariantManagerContent
LogPluginManager: Mounting plugin AlembicImporter
LogPluginManager: Mounting plugin AutomationUtils
LogPluginManager: Mounting plugin BackChannel
LogPluginManager: Mounting plugin ChaosCloth
LogPluginManager: Mounting plugin ChaosClothEditor
LogPluginManager: Mounting plugin ChaosEditor
LogPluginManager: Mounting plugin ChaosNiagara
LogPluginManager: Mounting plugin ChaosSolverPlugin
LogPluginManager: Mounting plugin CharacterAI
LogPluginManager: Mounting plugin GeometryCache
LogPluginManager: Mounting plugin GeometryCollectionPlugin
LogPluginManager: Mounting plugin GeometryProcessing
LogPluginManager: Mounting plugin MotoSynth
LogPluginManager: Mounting plugin OpenImageDenoise
LogPluginManager: Mounting plugin PlanarCut
LogPluginManager: Mounting plugin PlatformCrypto
LogPluginManager: Mounting plugin ProxyLODPlugin
LogPluginManager: Mounting plugin PythonScriptPlugin
LogPluginManager: Mounting plugin SkeletalReduction
LogPluginManager: Mounting plugin Niagara
LogPluginManager: Mounting plugin LuminPlatformFeatures
LogPluginManager: Mounting plugin MagicLeap
LogPluginManager: Mounting plugin MagicLeapMedia
LogPluginManager: Mounting plugin MagicLeapPassableWorld
LogPluginManager: Mounting plugin MagicLeapLightEstimation
LogPluginManager: Mounting plugin MLSDK
LogPluginManager: Mounting plugin AndroidMedia
LogPluginManager: Mounting plugin AvfMedia
LogPluginManager: Mounting plugin ImgMedia
LogPluginManager: Mounting plugin MediaCompositing
LogPluginManager: Mounting plugin MediaPlayerEditor
LogPluginManager: Mounting plugin WebMMedia
LogPluginManager: Mounting plugin WmfMedia
LogPluginManager: Mounting plugin AssetManagerEditor
LogPluginManager: Mounting plugin CryptoKeys
LogPluginManager: Mounting plugin CurveEditorTools
LogPluginManager: Mounting plugin DataValidation
LogPluginManager: Mounting plugin FacialAnimation
LogPluginManager: Mounting plugin GameplayTagsEditor
LogPluginManager: Mounting plugin GeometryMode
LogPluginManager: Mounting plugin MacGraphicsSwitching
LogPluginManager: Mounting plugin MaterialAnalyzer
LogPluginManager: Mounting plugin MobileLauncherProfileWizard
LogPluginManager: Mounting plugin PluginBrowser
LogPluginManager: Mounting plugin SpeedTreeImporter
LogPluginManager: Mounting plugin TcpMessaging
LogPluginManager: Mounting plugin UdpMessaging
LogPluginManager: Mounting plugin ActorSequence
LogPluginManager: Mounting plugin LevelSequenceEditor
LogPluginManager: Mounting plugin MatineeToLevelSequence
LogPluginManager: Mounting plugin TemplateSequence
LogPluginManager: Mounting plugin OnlineSubsystem
LogPluginManager: Mounting plugin OnlineSubsystemNull
LogPluginManager: Mounting plugin OnlineSubsystemUtils
LogPluginManager: Mounting plugin ActorLayerUtilities
LogPluginManager: Mounting plugin LauncherChunkInstaller
LogPluginManager: Mounting plugin AndroidDeviceProfileSelector
LogPluginManager: Mounting plugin AndroidMoviePlayer
LogPluginManager: Mounting plugin AndroidPermission
LogPluginManager: Mounting plugin AppleImageUtils
LogPluginManager: Mounting plugin AppleMoviePlayer
LogPluginManager: Mounting plugin ArchVisCharacter
LogPluginManager: Mounting plugin AssetTags
LogPluginManager: Mounting plugin AudioCapture
LogPluginManager: Mounting plugin AudioSynesthesia
LogPluginManager: Mounting plugin CableComponent
LogPluginManager: Mounting plugin ChunkDownloader
LogPluginManager: Mounting plugin CustomMeshComponent
LogPluginManager: Mounting plugin EditableMesh
LogPluginManager: Mounting plugin ExampleDeviceProfileSelector
LogPluginManager: Mounting plugin GoogleCloudMessaging
LogPluginManager: Mounting plugin GooglePAD
LogPluginManager: Mounting plugin IOSDeviceProfileSelector
LogPluginManager: Mounting plugin LinuxDeviceProfileSelector
LogPluginManager: Mounting plugin LocationServicesBPLibrary
LogPluginManager: Mounting plugin MobilePatchingUtils
LogPluginManager: Mounting plugin OpenXR
LogPluginManager: Mounting plugin OpenXREyeTracker
LogPluginManager: Mounting plugin OpenXRHandTracking
LogPluginManager: Mounting plugin PhysXVehicles
LogPluginManager: Mounting plugin PostSplashScreen
LogPluginManager: Mounting plugin ProceduralMeshComponent
LogPluginManager: Mounting plugin RuntimePhysXCooking
LogPluginManager: Mounting plugin SignificanceManager
LogPluginManager: Mounting plugin SoundFields
LogPluginManager: Mounting plugin Synthesis
LogPluginManager: Mounting plugin WebMMoviePlayer
LogPluginManager: Mounting plugin WindowsMoviePlayer
LogPluginManager: Mounting plugin ScreenshotTools
LogPluginManager: Mounting plugin Takes
LogPluginManager: Mounting plugin PropertyAccessEditor
LogPluginManager: Mounting plugin ContentBrowserAssetDataSource
LogPluginManager: Mounting plugin ContentBrowserFileDataSource
LogPluginManager: Mounting plugin ContentBrowserClassDataSource
LogPluginManager: Mounting plugin OnlineSubsystemIOS
LogPluginManager: Mounting plugin OculusVR
LogPluginManager: Mounting plugin OnlineSubsystemGooglePlay
LogPluginManager: Mounting plugin SteamVR
PixWinPlugin: PIX capture plugin failed to initialize! Check that the process is launched from PIX.
LogInit: Using libcurl 7.55.1-DEV
LogInit:  - built for x86_64-pc-win32
LogInit:  - supports SSL with OpenSSL/1.1.1
LogInit:  - supports HTTP deflate (compression) using libz 1.2.8
LogInit:  - other features:
LogInit:      CURL_VERSION_SSL
LogInit:      CURL_VERSION_LIBZ
LogInit:      CURL_VERSION_IPV6
LogInit:      CURL_VERSION_ASYNCHDNS
LogInit:      CURL_VERSION_LARGEFILE
LogInit:      CURL_VERSION_IDN
LogInit:  CurlRequestOptions (configurable via config and command line):
LogInit:  - bVerifyPeer = true  - Libcurl will verify peer certificate
LogInit:  - bUseHttpProxy = false  - Libcurl will NOT use HTTP proxy
LogInit:  - bDontReuseConnections = false  - Libcurl will reuse connections
LogInit:  - MaxHostConnections = 16  - Libcurl will limit the number of connections to a host
LogInit:  - LocalHostAddr = Default
LogInit:  - BufferSize = 65536
LogOnline: OSS: Creating online subsystem instance for: NULL
LogInit: WinSock: version 1.1 (2.2), MaxSocks=32767, MaxUdp=65467
LogOnline: OSS: TryLoadSubsystemAndSetDefault: Loaded subsystem for module [NULL]
LogOculusPluginWrapper: OculusPlugin initialized successfully
LogHMD: Failed initializing OVRPlugin 1.59.0
LogInit: Build: ++UE4+Release-4.27-CL-18319896
LogInit: Engine Version: 4.27.2-18319896+++UE4+Release-4.27
LogInit: Compatible Engine Version: 4.27.0-17155196+++UE4+Release-4.27
LogInit: Net CL: 17155196
LogInit: OS: Windows 10 (Release 2004) (), CPU:         Intel(R) Core(TM) i5-2400 CPU @ 3.10GHz, GPU: NVIDIA GeForce GTX 550 Ti
LogInit: Compiled (64-bit): Nov 30 2021 07:12:08
LogInit: Compiled with Visual C++: 19.24.28315.00
LogInit: Build Configuration: Development
LogInit: Branch Name: ++UE4+Release-4.27
LogInit: Command Line:  /Game/Map/Map -game -PIEVIACONSOLE -Multiprocess "GameUserSettingsINI=E:/Unreal Projects/Dungeoner/Saved/Config/Windows/PIEGameUserSettings0.ini" -MultiprocessSaveConfig -forcepassthrough -messaging -SessionName="Play in Standalone Game" -windowed -WinX=0 -WinY=24 SAVEWINPOS=1 -ResX=1910 -ResY=1006
LogInit: Base Directory: E:/UE_4.27/Engine/Binaries/Win64/
LogInit: Allocator: TBB
LogInit: Installed Engine Build: 1
LogDevObjectVersion: Number of dev versions registered: 29
LogDevObjectVersion:   Dev-Blueprints (B0D832E4-1F89-4F0D-ACCF-7EB736FD4AA2): 10
LogDevObjectVersion:   Dev-Build (E1C64328-A22C-4D53-A36C-8E866417BD8C): 0
LogDevObjectVersion:   Dev-Core (375EC13C-06E4-48FB-B500-84F0262A717E): 4
LogDevObjectVersion:   Dev-Editor (E4B068ED-F494-42E9-A231-DA0B2E46BB41): 40
LogDevObjectVersion:   Dev-Framework (CFFC743F-43B0-4480-9391-14DF171D2073): 37
LogDevObjectVersion:   Dev-Mobile (B02B49B5-BB20-44E9-A304-32B752E40360): 3
LogDevObjectVersion:   Dev-Networking (A4E4105C-59A1-49B5-A7C5-40C4547EDFEE): 0
LogDevObjectVersion:   Dev-Online (39C831C9-5AE6-47DC-9A44-9C173E1C8E7C): 0
LogDevObjectVersion:   Dev-Physics (78F01B33-EBEA-4F98-B9B4-84EACCB95AA2): 14
LogDevObjectVersion:   Dev-Platform (6631380F-2D4D-43E0-8009-CF276956A95A): 0
LogDevObjectVersion:   Dev-Rendering (12F88B9F-8875-4AFC-A67C-D90C383ABD29): 45
LogDevObjectVersion:   Dev-Sequencer (7B5AE74C-D270-4C10-A958-57980B212A5A): 13
LogDevObjectVersion:   Dev-VR (D7296918-1DD6-4BDD-9DE2-64A83CC13884): 3
LogDevObjectVersion:   Dev-LoadTimes (C2A15278-BFE7-4AFE-6C17-90FF531DF755): 1
LogDevObjectVersion:   Private-Geometry (6EACA3D4-40EC-4CC1-B786-8BED09428FC5): 3
LogDevObjectVersion:   Dev-AnimPhys (29E575DD-E0A3-4627-9D10-D276232CDCEA): 17
LogDevObjectVersion:   Dev-Anim (AF43A65D-7FD3-4947-9873-3E8ED9C1BB05): 15
LogDevObjectVersion:   Dev-ReflectionCapture (6B266CEC-1EC7-4B8F-A30B-E4D90942FC07): 1
LogDevObjectVersion:   Dev-Automation (0DF73D61-A23F-47EA-B727-89E90C41499A): 1
LogDevObjectVersion:   FortniteMain (601D1886-AC64-4F84-AA16-D3DE0DEAC7D6): 47
LogDevObjectVersion:   FortniteRelease (E7086368-6B23-4C58-8439-1B7016265E91): 1
LogDevObjectVersion:   Dev-Enterprise (9DFFBCD6-494F-0158-E221-12823C92A888): 10
LogDevObjectVersion:   Dev-Niagara (F2AED0AC-9AFE-416F-8664-AA7FFA26D6FC): 1
LogDevObjectVersion:   Dev-Destruction (174F1F0B-B4C6-45A5-B13F-2EE8D0FB917D): 10
LogDevObjectVersion:   Dev-Physics-Ext (35F94A83-E258-406C-A318-09F59610247C): 41
LogDevObjectVersion:   Dev-PhysicsMaterial-Chaos (B68FC16E-8B1B-42E2-B453-215C058844FE): 1
LogDevObjectVersion:   Dev-CineCamera (B2E18506-4273-CFC2-A54E-F4BB758BBA07): 1
LogDevObjectVersion:   Dev-VirtualProduction (64F58936-FD1B-42BA-BA96-7289D5D0FA4E): 1
LogDevObjectVersion:   Dev-MediaFramework (6F0ED827-A609-4895-9C91-998D90180EA4): 2
LogInit: Presizing for max 25165824 objects, including 0 objects not considered by GC, pre-allocating 0 bytes for permanent pool.
LogConfig: Applying CVar settings from Section [/Script/Engine.StreamingSettings] File [E:/Unreal Projects/Dungeoner/Saved/Config/Windows/Engine.ini]
LogConfig: Setting CVar [[s.MinBulkDataSizeForAsyncLoading:131072]]
LogConfig: Setting CVar [[s.AsyncLoadingThreadEnabled:0]]
LogConfig: Setting CVar [[s.EventDrivenLoaderEnabled:1]]
LogConfig: Setting CVar [[s.WarnIfTimeLimitExceeded:0]]
LogConfig: Setting CVar [[s.TimeLimitExceededMultiplier:1.5]]
LogConfig: Setting CVar [[s.TimeLimitExceededMinTime:0.005]]
LogConfig: Setting CVar [[s.UseBackgroundLevelStreaming:1]]
LogConfig: Setting CVar [[s.PriorityAsyncLoadingExtraTime:15.0]]
LogConfig: Setting CVar [[s.LevelStreamingActorsUpdateTimeLimit:5.0]]
LogConfig: Setting CVar [[s.PriorityLevelStreamingActorsUpdateExtraTime:5.0]]
LogConfig: Setting CVar [[s.LevelStreamingComponentsRegistrationGranularity:10]]
LogConfig: Setting CVar [[s.UnregisterComponentsTimeLimit:1.0]]
LogConfig: Setting CVar [[s.LevelStreamingComponentsUnregistrationGranularity:5]]
LogConfig: Setting CVar [[s.FlushStreamingOnExit:1]]
LogInit: Object subsystem initialized
LogConfig: Setting CVar [[con.DebugEarlyDefault:1]]
LogConfig: Setting CVar [[r.setres:1280x720]]
[2021.12.26-19.32.55:240][  0]LogConfig: Setting CVar [[con.DebugEarlyDefault:1]]
[2021.12.26-19.32.55:240][  0]LogConfig: Setting CVar [[r.setres:1280x720]]
[2021.12.26-19.32.55:267][  0]LogConfig: Applying CVar settings from Section [/Script/Engine.RendererSettings] File [E:/Unreal Projects/Dungeoner/Saved/Config/Windows/Engine.ini]
[2021.12.26-19.32.55:267][  0]LogConfig: Setting CVar [[r.GPUCrashDebugging:0]]
[2021.12.26-19.32.55:267][  0]LogConfig: Applying CVar settings from Section [/Script/Engine.RendererOverrideSettings] File [E:/Unreal Projects/Dungeoner/Saved/Config/Windows/Engine.ini]
[2021.12.26-19.32.55:267][  0]LogConfig: Applying CVar settings from Section [/Script/Engine.StreamingSettings] File [E:/Unreal Projects/Dungeoner/Saved/Config/Windows/Engine.ini]
[2021.12.26-19.32.55:267][  0]LogConfig: Setting CVar [[s.MinBulkDataSizeForAsyncLoading:131072]]
[2021.12.26-19.32.55:267][  0]LogConfig: Setting CVar [[s.AsyncLoadingThreadEnabled:0]]
[2021.12.26-19.32.55:267][  0]LogConfig: Setting CVar [[s.EventDrivenLoaderEnabled:1]]
[2021.12.26-19.32.55:267][  0]LogConfig: Setting CVar [[s.WarnIfTimeLimitExceeded:0]]
[2021.12.26-19.32.55:267][  0]LogConfig: Setting CVar [[s.TimeLimitExceededMultiplier:1.5]]
[2021.12.26-19.32.55:268][  0]LogConfig: Setting CVar [[s.TimeLimitExceededMinTime:0.005]]
[2021.12.26-19.32.55:268][  0]LogConfig: Setting CVar [[s.UseBackgroundLevelStreaming:1]]
[2021.12.26-19.32.55:268][  0]LogConfig: Setting CVar [[s.PriorityAsyncLoadingExtraTime:15.0]]
[2021.12.26-19.32.55:268][  0]LogConfig: Setting CVar [[s.LevelStreamingActorsUpdateTimeLimit:5.0]]
[2021.12.26-19.32.55:268][  0]LogConfig: Setting CVar [[s.PriorityLevelStreamingActorsUpdateExtraTime:5.0]]
[2021.12.26-19.32.55:268][  0]LogConfig: Setting CVar [[s.LevelStreamingComponentsRegistrationGranularity:10]]
[2021.12.26-19.32.55:268][  0]LogConfig: Setting CVar [[s.UnregisterComponentsTimeLimit:1.0]]
[2021.12.26-19.32.55:268][  0]LogConfig: Setting CVar [[s.LevelStreamingComponentsUnregistrationGranularity:5]]
[2021.12.26-19.32.55:268][  0]LogConfig: Setting CVar [[s.FlushStreamingOnExit:1]]
[2021.12.26-19.32.55:268][  0]LogConfig: Applying CVar settings from Section [/Script/Engine.GarbageCollectionSettings] File [E:/Unreal Projects/Dungeoner/Saved/Config/Windows/Engine.ini]
[2021.12.26-19.32.55:268][  0]LogConfig: Setting CVar [[gc.MaxObjectsNotConsideredByGC:1]]
[2021.12.26-19.32.55:268][  0]LogConfig: Setting CVar [[gc.SizeOfPermanentObjectPool:0]]
[2021.12.26-19.32.55:268][  0]LogConfig: Setting CVar [[gc.FlushStreamingOnGC:0]]
[2021.12.26-19.32.55:268][  0]LogConfig: Setting CVar [[gc.NumRetriesBeforeForcingGC:10]]
[2021.12.26-19.32.55:268][  0]LogConfig: Setting CVar [[gc.AllowParallelGC:1]]
[2021.12.26-19.32.55:268][  0]LogConfig: Setting CVar [[gc.TimeBetweenPurgingPendingKillObjects:61.1]]
[2021.12.26-19.32.55:268][  0]LogConfig: Setting CVar [[gc.MaxObjectsInEditor:25165824]]
[2021.12.26-19.32.55:268][  0]LogConfig: Setting CVar [[gc.IncrementalBeginDestroyEnabled:1]]
[2021.12.26-19.32.55:268][  0]LogConfig: Setting CVar [[gc.CreateGCClusters:1]]
[2021.12.26-19.32.55:268][  0]LogConfig: Setting CVar [[gc.MinGCClusterSize:5]]
[2021.12.26-19.32.55:268][  0]LogConfig: Setting CVar [[gc.ActorClusteringEnabled:0]]
[2021.12.26-19.32.55:268][  0]LogConfig: Setting CVar [[gc.BlueprintClusteringEnabled:0]]
[2021.12.26-19.32.55:268][  0]LogConfig: Setting CVar [[gc.UseDisregardForGCOnDedicatedServers:0]]
[2021.12.26-19.32.55:268][  0]LogConfig: Setting CVar [[gc.MultithreadedDestructionEnabled:1]]
[2021.12.26-19.32.55:268][  0]LogConfig: Applying CVar settings from Section [/Script/Engine.NetworkSettings] File [E:/Unreal Projects/Dungeoner/Saved/Config/Windows/Engine.ini]
[2021.12.26-19.32.55:268][  0]LogConfig: Applying CVar settings from Section [/Script/UnrealEd.CookerSettings] File [E:/Unreal Projects/Dungeoner/Saved/Config/Windows/Engine.ini]
[2021.12.26-19.32.55:380][  0]LogConfig: Applying CVar settings from Section [ViewDistanceQuality@3] File [E:/Unreal Projects/Dungeoner/Saved/Config/Windows/Scalability.ini]
[2021.12.26-19.32.55:380][  0]LogConfig: Setting CVar [[r.SkeletalMeshLODBias:0]]
[2021.12.26-19.32.55:380][  0]LogConfig: Setting CVar [[r.ViewDistanceScale:1.0]]
[2021.12.26-19.32.55:380][  0]LogConfig: Applying CVar settings from Section [AntiAliasingQuality@3] File [E:/Unreal Projects/Dungeoner/Saved/Config/Windows/Scalability.ini]
[2021.12.26-19.32.55:380][  0]LogConfig: Setting CVar [[r.PostProcessAAQuality:4]]
[2021.12.26-19.32.55:380][  0]LogConfig: Applying CVar settings from Section [ShadowQuality@3] File [E:/Unreal Projects/Dungeoner/Saved/Config/Windows/Scalability.ini]
[2021.12.26-19.32.55:380][  0]LogConfig: Setting CVar [[r.LightFunctionQuality:1]]
[2021.12.26-19.32.55:380][  0]LogConfig: Setting CVar [[r.ShadowQuality:5]]
[2021.12.26-19.32.55:380][  0]LogConfig: Setting CVar [[r.Shadow.CSM.MaxCascades:10]]
[2021.12.26-19.32.55:380][  0]LogConfig: Setting CVar [[r.Shadow.MaxResolution:2048]]
[2021.12.26-19.32.55:380][  0]LogConfig: Setting CVar [[r.Shadow.MaxCSMResolution:2048]]
[2021.12.26-19.32.55:380][  0]LogConfig: Setting CVar [[r.Shadow.RadiusThreshold:0.01]]
[2021.12.26-19.32.55:380][  0]LogConfig: Setting CVar [[r.Shadow.DistanceScale:1.0]]
[2021.12.26-19.32.55:380][  0]LogConfig: Setting CVar [[r.Shadow.CSM.TransitionScale:1.0]]
[2021.12.26-19.32.55:380][  0]LogConfig: Setting CVar [[r.Shadow.PreShadowResolutionFactor:1.0]]
[2021.12.26-19.32.55:380][  0]LogConfig: Setting CVar [[r.DistanceFieldShadowing:1]]
[2021.12.26-19.32.55:380][  0]LogConfig: Setting CVar [[r.DistanceFieldAO:1]]
[2021.12.26-19.32.55:380][  0]LogConfig: Setting CVar [[r.AOQuality:2]]
[2021.12.26-19.32.55:380][  0]LogConfig: Setting CVar [[r.VolumetricFog:1]]
[2021.12.26-19.32.55:380][  0]LogConfig: Setting CVar [[r.VolumetricFog.GridPixelSize:8]]
[2021.12.26-19.32.55:380][  0]LogConfig: Setting CVar [[r.VolumetricFog.GridSizeZ:128]]
[2021.12.26-19.32.55:380][  0]LogConfig: Setting CVar [[r.VolumetricFog.HistoryMissSupersampleCount:4]]
[2021.12.26-19.32.55:380][  0]LogConfig: Setting CVar [[r.LightMaxDrawDistanceScale:1]]
[2021.12.26-19.32.55:380][  0]LogConfig: Setting CVar [[r.CapsuleShadows:1]]
[2021.12.26-19.32.55:380][  0]LogConfig: Applying CVar settings from Section [PostProcessQuality@3] File [E:/Unreal Projects/Dungeoner/Saved/Config/Windows/Scalability.ini]
[2021.12.26-19.32.55:380][  0]LogConfig: Setting CVar [[r.MotionBlurQuality:4]]
[2021.12.26-19.32.55:380][  0]LogConfig: Setting CVar [[r.AmbientOcclusionMipLevelFactor:0.4]]
[2021.12.26-19.32.55:380][  0]LogConfig: Setting CVar [[r.AmbientOcclusionMaxQuality:100]]
[2021.12.26-19.32.55:380][  0]LogConfig: Setting CVar [[r.AmbientOcclusionLevels:-1]]
[2021.12.26-19.32.55:381][  0]LogConfig: Setting CVar [[r.AmbientOcclusionRadiusScale:1.0]]
[2021.12.26-19.32.55:381][  0]LogConfig: Setting CVar [[r.DepthOfFieldQuality:2]]
[2021.12.26-19.32.55:381][  0]LogConfig: Setting CVar [[r.RenderTargetPoolMin:400]]
[2021.12.26-19.32.55:381][  0]LogConfig: Setting CVar [[r.LensFlareQuality:2]]
[2021.12.26-19.32.55:381][  0]LogConfig: Setting CVar [[r.SceneColorFringeQuality:1]]
[2021.12.26-19.32.55:381][  0]LogConfig: Setting CVar [[r.EyeAdaptationQuality:2]]
[2021.12.26-19.32.55:381][  0]LogConfig: Setting CVar [[r.BloomQuality:5]]
[2021.12.26-19.32.55:381][  0]LogConfig: Setting CVar [[r.FastBlurThreshold:100]]
[2021.12.26-19.32.55:381][  0]LogConfig: Setting CVar [[r.Upscale.Quality:3]]
[2021.12.26-19.32.55:381][  0]LogConfig: Setting CVar [[r.Tonemapper.GrainQuantization:1]]
[2021.12.26-19.32.55:381][  0]LogConfig: Setting CVar [[r.LightShaftQuality:1]]
[2021.12.26-19.32.55:381][  0]LogConfig: Setting CVar [[r.Filter.SizeScale:1]]
[2021.12.26-19.32.55:381][  0]LogConfig: Setting CVar [[r.Tonemapper.Quality:5]]
[2021.12.26-19.32.55:381][  0]LogConfig: Setting CVar [[r.DOF.Gather.AccumulatorQuality:1        ; higher gathering accumulator quality]]
[2021.12.26-19.32.55:381][  0]LogConfig: Setting CVar [[r.DOF.Gather.PostfilterMethod:1          ; Median3x3 postfilering method]]
[2021.12.26-19.32.55:381][  0]LogConfig: Setting CVar [[r.DOF.Gather.EnableBokehSettings:0       ; no bokeh simulation when gathering]]
[2021.12.26-19.32.55:381][  0]LogConfig: Setting CVar [[r.DOF.Gather.RingCount:4                 ; medium number of samples when gathering]]
[2021.12.26-19.32.55:381][  0]LogConfig: Setting CVar [[r.DOF.Scatter.ForegroundCompositing:1    ; additive foreground scattering]]
[2021.12.26-19.32.55:381][  0]LogConfig: Setting CVar [[r.DOF.Scatter.BackgroundCompositing:2    ; additive background scattering]]
[2021.12.26-19.32.55:381][  0]LogConfig: Setting CVar [[r.DOF.Scatter.EnableBokehSettings:1      ; bokeh simulation when scattering]]
[2021.12.26-19.32.55:381][  0]LogConfig: Setting CVar [[r.DOF.Scatter.MaxSpriteRatio:0.1         ; only a maximum of 10% of scattered bokeh]]
[2021.12.26-19.32.55:381][  0]LogConfig: Setting CVar [[r.DOF.Recombine.Quality:1                ; cheap slight out of focus]]
[2021.12.26-19.32.55:381][  0]LogConfig: Setting CVar [[r.DOF.Recombine.EnableBokehSettings:0    ; no bokeh simulation on slight out of focus]]
[2021.12.26-19.32.55:381][  0]LogConfig: Setting CVar [[r.DOF.TemporalAAQuality:1                ; more stable temporal accumulation]]
[2021.12.26-19.32.55:381][  0]LogConfig: Setting CVar [[r.DOF.Kernel.MaxForegroundRadius:0.025]]
[2021.12.26-19.32.55:381][  0]LogConfig: Setting CVar [[r.DOF.Kernel.MaxBackgroundRadius:0.025]]
[2021.12.26-19.32.55:381][  0]LogConfig: Applying CVar settings from Section [TextureQuality@3] File [E:/Unreal Projects/Dungeoner/Saved/Config/Windows/Scalability.ini]
[2021.12.26-19.32.55:381][  0]LogConfig: Setting CVar [[r.Streaming.MipBias:0]]
[2021.12.26-19.32.55:381][  0]LogConfig: Setting CVar [[r.Streaming.AmortizeCPUToGPUCopy:0]]
[2021.12.26-19.32.55:381][  0]LogConfig: Setting CVar [[r.Streaming.MaxNumTexturesToStreamPerFrame:0]]
[2021.12.26-19.32.55:381][  0]LogConfig: Setting CVar [[r.Streaming.Boost:1]]
[2021.12.26-19.32.55:381][  0]LogConfig: Setting CVar [[r.MaxAnisotropy:8]]
[2021.12.26-19.32.55:381][  0]LogConfig: Setting CVar [[r.VT.MaxAnisotropy:8]]
[2021.12.26-19.32.55:381][  0]LogConfig: Setting CVar [[r.Streaming.LimitPoolSizeToVRAM:0]]
[2021.12.26-19.32.55:381][  0]LogConfig: Setting CVar [[r.Streaming.PoolSize:1000]]
[2021.12.26-19.32.55:381][  0]LogConfig: Setting CVar [[r.Streaming.MaxEffectiveScreenSize:0]]
[2021.12.26-19.32.55:381][  0]LogConfig: Applying CVar settings from Section [EffectsQuality@3] File [E:/Unreal Projects/Dungeoner/Saved/Config/Windows/Scalability.ini]
[2021.12.26-19.32.55:381][  0]LogConfig: Setting CVar [[r.TranslucencyLightingVolumeDim:64]]
[2021.12.26-19.32.55:381][  0]LogConfig: Setting CVar [[r.RefractionQuality:2]]
[2021.12.26-19.32.55:381][  0]LogConfig: Setting CVar [[r.SSR.Quality:3]]
[2021.12.26-19.32.55:381][  0]LogConfig: Setting CVar [[r.SSR.HalfResSceneColor:0]]
[2021.12.26-19.32.55:381][  0]LogConfig: Setting CVar [[r.SceneColorFormat:4]]
[2021.12.26-19.32.55:381][  0]LogConfig: Setting CVar [[r.DetailMode:2]]
[2021.12.26-19.32.55:381][  0]LogConfig: Setting CVar [[r.TranslucencyVolumeBlur:1]]
[2021.12.26-19.32.55:381][  0]LogConfig: Setting CVar [[r.MaterialQualityLevel:1 ; High quality]]
[2021.12.26-19.32.55:381][  0]LogConfig: Setting CVar [[r.AnisotropicMaterials:1]]
[2021.12.26-19.32.55:381][  0]LogConfig: Setting CVar [[r.SSS.Scale:1]]
[2021.12.26-19.32.55:381][  0]LogConfig: Setting CVar [[r.SSS.SampleSet:2]]
[2021.12.26-19.32.55:381][  0]LogConfig: Setting CVar [[r.SSS.Quality:1]]
[2021.12.26-19.32.55:382][  0]LogConfig: Setting CVar [[r.SSS.HalfRes:0]]
[2021.12.26-19.32.55:382][  0]LogConfig: Setting CVar [[r.SSGI.Quality:3]]
[2021.12.26-19.32.55:382][  0]LogConfig: Setting CVar [[r.EmitterSpawnRateScale:1.0]]
[2021.12.26-19.32.55:382][  0]LogConfig: Setting CVar [[r.ParticleLightQuality:2]]
[2021.12.26-19.32.55:382][  0]LogConfig: Setting CVar [[r.SkyAtmosphere.AerialPerspectiveLUT.FastApplyOnOpaque:1 ; Always have FastSkyLUT 1 in this case to avoid wrong sky]]
[2021.12.26-19.32.55:382][  0]LogConfig: Setting CVar [[r.SkyAtmosphere.AerialPerspectiveLUT.SampleCountMaxPerSlice:4]]
[2021.12.26-19.32.55:382][  0]LogConfig: Setting CVar [[r.SkyAtmosphere.AerialPerspectiveLUT.DepthResolution:16.0]]
[2021.12.26-19.32.55:382][  0]LogConfig: Setting CVar [[r.SkyAtmosphere.FastSkyLUT:1]]
[2021.12.26-19.32.55:382][  0]LogConfig: Setting CVar [[r.SkyAtmosphere.FastSkyLUT.SampleCountMin:4.0]]
[2021.12.26-19.32.55:382][  0]LogConfig: Setting CVar [[r.SkyAtmosphere.FastSkyLUT.SampleCountMax:128.0]]
[2021.12.26-19.32.55:382][  0]LogConfig: Setting CVar [[r.SkyAtmosphere.SampleCountMin:4.0]]
[2021.12.26-19.32.55:382][  0]LogConfig: Setting CVar [[r.SkyAtmosphere.SampleCountMax:128.0]]
[2021.12.26-19.32.55:382][  0]LogConfig: Setting CVar [[r.SkyAtmosphere.TransmittanceLUT.UseSmallFormat:0]]
[2021.12.26-19.32.55:382][  0]LogConfig: Setting CVar [[r.SkyAtmosphere.TransmittanceLUT.SampleCount:10.0]]
[2021.12.26-19.32.55:382][  0]LogConfig: Setting CVar [[r.SkyAtmosphere.MultiScatteringLUT.SampleCount:15.0]]
[2021.12.26-19.32.55:382][  0]LogConfig: Setting CVar [[r.SkyLight.RealTimeReflectionCapture:1]]
[2021.12.26-19.32.55:382][  0]LogConfig: Applying CVar settings from Section [FoliageQuality@3] File [E:/Unreal Projects/Dungeoner/Saved/Config/Windows/Scalability.ini]
[2021.12.26-19.32.55:382][  0]LogConfig: Setting CVar [[foliage.DensityScale:1.0]]
[2021.12.26-19.32.55:382][  0]LogConfig: Setting CVar [[grass.DensityScale:1.0]]
[2021.12.26-19.32.55:382][  0]LogConfig: Applying CVar settings from Section [ShadingQuality@3] File [E:/Unreal Projects/Dungeoner/Saved/Config/Windows/Scalability.ini]
[2021.12.26-19.32.55:382][  0]LogConfig: Setting CVar [[r.HairStrands.SkyLighting.IntegrationType:2]]
[2021.12.26-19.32.55:382][  0]LogConfig: Setting CVar [[r.HairStrands.SkyAO.SampleCount:4]]
[2021.12.26-19.32.55:382][  0]LogConfig: Setting CVar [[r.HairStrands.Visibility.MSAA.SamplePerPixel:4]]
[2021.12.26-19.32.55:382][  0]LogInit: Selected Device Profile: [Windows]
[2021.12.26-19.32.55:382][  0]LogInit: Applying CVar settings loaded from the selected device profile: [Windows]
[2021.12.26-19.32.55:421][  0]LogHAL: Display: Platform has ~ 8 GB [8569896960 / 8589934592 / 8], which maps to Default [LargestMinGB=32, LargerMinGB=12, DefaultMinGB=8, SmallerMinGB=6, SmallestMinGB=0)
[2021.12.26-19.32.55:446][  0]LogInit: Going up to parent DeviceProfile []
[2021.12.26-19.32.55:446][  0]LogConfig: Applying CVar settings from Section [ViewDistanceQuality@3] File [E:/Unreal Projects/Dungeoner/Saved/Config/Windows/Scalability.ini]
[2021.12.26-19.32.55:446][  0]LogConfig: Setting CVar [[r.SkeletalMeshLODBias:0]]
[2021.12.26-19.32.55:446][  0]LogConfig: Setting CVar [[r.ViewDistanceScale:1.0]]
[2021.12.26-19.32.55:446][  0]LogConfig: Applying CVar settings from Section [AntiAliasingQuality@3] File [E:/Unreal Projects/Dungeoner/Saved/Config/Windows/Scalability.ini]
[2021.12.26-19.32.55:446][  0]LogConfig: Setting CVar [[r.PostProcessAAQuality:4]]
[2021.12.26-19.32.55:446][  0]LogConfig: Applying CVar settings from Section [ShadowQuality@3] File [E:/Unreal Projects/Dungeoner/Saved/Config/Windows/Scalability.ini]
[2021.12.26-19.32.55:446][  0]LogConfig: Setting CVar [[r.LightFunctionQuality:1]]
[2021.12.26-19.32.55:446][  0]LogConfig: Setting CVar [[r.ShadowQuality:5]]
[2021.12.26-19.32.55:446][  0]LogConfig: Setting CVar [[r.Shadow.CSM.MaxCascades:10]]
[2021.12.26-19.32.55:446][  0]LogConfig: Setting CVar [[r.Shadow.MaxResolution:2048]]
[2021.12.26-19.32.55:446][  0]LogConfig: Setting CVar [[r.Shadow.MaxCSMResolution:2048]]
[2021.12.26-19.32.55:446][  0]LogConfig: Setting CVar [[r.Shadow.RadiusThreshold:0.01]]
[2021.12.26-19.32.55:446][  0]LogConfig: Setting CVar [[r.Shadow.DistanceScale:1.0]]
[2021.12.26-19.32.55:446][  0]LogConfig: Setting CVar [[r.Shadow.CSM.TransitionScale:1.0]]
[2021.12.26-19.32.55:446][  0]LogConfig: Setting CVar [[r.Shadow.PreShadowResolutionFactor:1.0]]
[2021.12.26-19.32.55:446][  0]LogConfig: Setting CVar [[r.DistanceFieldShadowing:1]]
[2021.12.26-19.32.55:446][  0]LogConfig: Setting CVar [[r.DistanceFieldAO:1]]
[2021.12.26-19.32.55:446][  0]LogConfig: Setting CVar [[r.AOQuality:2]]
[2021.12.26-19.32.55:446][  0]LogConfig: Setting CVar [[r.VolumetricFog:1]]
[2021.12.26-19.32.55:446][  0]LogConfig: Setting CVar [[r.VolumetricFog.GridPixelSize:8]]
[2021.12.26-19.32.55:446][  0]LogConfig: Setting CVar [[r.VolumetricFog.GridSizeZ:128]]
[2021.12.26-19.32.55:446][  0]LogConfig: Setting CVar [[r.VolumetricFog.HistoryMissSupersampleCount:4]]
[2021.12.26-19.32.55:446][  0]LogConfig: Setting CVar [[r.LightMaxDrawDistanceScale:1]]
[2021.12.26-19.32.55:446][  0]LogConfig: Setting CVar [[r.CapsuleShadows:1]]
[2021.12.26-19.32.55:446][  0]LogConfig: Applying CVar settings from Section [PostProcessQuality@3] File [E:/Unreal Projects/Dungeoner/Saved/Config/Windows/Scalability.ini]
[2021.12.26-19.32.55:446][  0]LogConfig: Setting CVar [[r.MotionBlurQuality:4]]
[2021.12.26-19.32.55:446][  0]LogConfig: Setting CVar [[r.AmbientOcclusionMipLevelFactor:0.4]]
[2021.12.26-19.32.55:446][  0]LogConfig: Setting CVar [[r.AmbientOcclusionMaxQuality:100]]
[2021.12.26-19.32.55:446][  0]LogConfig: Setting CVar [[r.AmbientOcclusionLevels:-1]]
[2021.12.26-19.32.55:446][  0]LogConfig: Setting CVar [[r.AmbientOcclusionRadiusScale:1.0]]
[2021.12.26-19.32.55:446][  0]LogConfig: Setting CVar [[r.DepthOfFieldQuality:2]]
[2021.12.26-19.32.55:446][  0]LogConfig: Setting CVar [[r.RenderTargetPoolMin:400]]
[2021.12.26-19.32.55:446][  0]LogConfig: Setting CVar [[r.LensFlareQuality:2]]
[2021.12.26-19.32.55:447][  0]LogConfig: Setting CVar [[r.SceneColorFringeQuality:1]]
[2021.12.26-19.32.55:447][  0]LogConfig: Setting CVar [[r.EyeAdaptationQuality:2]]
[2021.12.26-19.32.55:447][  0]LogConfig: Setting CVar [[r.BloomQuality:5]]
[2021.12.26-19.32.55:447][  0]LogConfig: Setting CVar [[r.FastBlurThreshold:100]]
[2021.12.26-19.32.55:447][  0]LogConfig: Setting CVar [[r.Upscale.Quality:3]]
[2021.12.26-19.32.55:447][  0]LogConfig: Setting CVar [[r.Tonemapper.GrainQuantization:1]]
[2021.12.26-19.32.55:447][  0]LogConfig: Setting CVar [[r.LightShaftQuality:1]]
[2021.12.26-19.32.55:447][  0]LogConfig: Setting CVar [[r.Filter.SizeScale:1]]
[2021.12.26-19.32.55:447][  0]LogConfig: Setting CVar [[r.Tonemapper.Quality:5]]
[2021.12.26-19.32.55:447][  0]LogConfig: Setting CVar [[r.DOF.Gather.AccumulatorQuality:1        ; higher gathering accumulator quality]]
[2021.12.26-19.32.55:447][  0]LogConfig: Setting CVar [[r.DOF.Gather.PostfilterMethod:1          ; Median3x3 postfilering method]]
[2021.12.26-19.32.55:447][  0]LogConfig: Setting CVar [[r.DOF.Gather.EnableBokehSettings:0       ; no bokeh simulation when gathering]]
[2021.12.26-19.32.55:447][  0]LogConfig: Setting CVar [[r.DOF.Gather.RingCount:4                 ; medium number of samples when gathering]]
[2021.12.26-19.32.55:447][  0]LogConfig: Setting CVar [[r.DOF.Scatter.ForegroundCompositing:1    ; additive foreground scattering]]
[2021.12.26-19.32.55:447][  0]LogConfig: Setting CVar [[r.DOF.Scatter.BackgroundCompositing:2    ; additive background scattering]]
[2021.12.26-19.32.55:447][  0]LogConfig: Setting CVar [[r.DOF.Scatter.EnableBokehSettings:1      ; bokeh simulation when scattering]]
[2021.12.26-19.32.55:447][  0]LogConfig: Setting CVar [[r.DOF.Scatter.MaxSpriteRatio:0.1         ; only a maximum of 10% of scattered bokeh]]
[2021.12.26-19.32.55:447][  0]LogConfig: Setting CVar [[r.DOF.Recombine.Quality:1                ; cheap slight out of focus]]
[2021.12.26-19.32.55:447][  0]LogConfig: Setting CVar [[r.DOF.Recombine.EnableBokehSettings:0    ; no bokeh simulation on slight out of focus]]
[2021.12.26-19.32.55:447][  0]LogConfig: Setting CVar [[r.DOF.TemporalAAQuality:1                ; more stable temporal accumulation]]
[2021.12.26-19.32.55:447][  0]LogConfig: Setting CVar [[r.DOF.Kernel.MaxForegroundRadius:0.025]]
[2021.12.26-19.32.55:447][  0]LogConfig: Setting CVar [[r.DOF.Kernel.MaxBackgroundRadius:0.025]]
[2021.12.26-19.32.55:447][  0]LogConfig: Applying CVar settings from Section [TextureQuality@3] File [E:/Unreal Projects/Dungeoner/Saved/Config/Windows/Scalability.ini]
[2021.12.26-19.32.55:447][  0]LogConfig: Setting CVar [[r.Streaming.MipBias:0]]
[2021.12.26-19.32.55:447][  0]LogConfig: Setting CVar [[r.Streaming.AmortizeCPUToGPUCopy:0]]
[2021.12.26-19.32.55:447][  0]LogConfig: Setting CVar [[r.Streaming.MaxNumTexturesToStreamPerFrame:0]]
[2021.12.26-19.32.55:447][  0]LogConfig: Setting CVar [[r.Streaming.Boost:1]]
[2021.12.26-19.32.55:447][  0]LogConfig: Setting CVar [[r.MaxAnisotropy:8]]
[2021.12.26-19.32.55:447][  0]LogConfig: Setting CVar [[r.VT.MaxAnisotropy:8]]
[2021.12.26-19.32.55:447][  0]LogConfig: Setting CVar [[r.Streaming.LimitPoolSizeToVRAM:0]]
[2021.12.26-19.32.55:447][  0]LogConfig: Setting CVar [[r.Streaming.PoolSize:1000]]
[2021.12.26-19.32.55:447][  0]LogConfig: Setting CVar [[r.Streaming.MaxEffectiveScreenSize:0]]
[2021.12.26-19.32.55:447][  0]LogConfig: Applying CVar settings from Section [EffectsQuality@3] File [E:/Unreal Projects/Dungeoner/Saved/Config/Windows/Scalability.ini]
[2021.12.26-19.32.55:447][  0]LogConfig: Setting CVar [[r.TranslucencyLightingVolumeDim:64]]
[2021.12.26-19.32.55:447][  0]LogConfig: Setting CVar [[r.RefractionQuality:2]]
[2021.12.26-19.32.55:447][  0]LogConfig: Setting CVar [[r.SSR.Quality:3]]
[2021.12.26-19.32.55:447][  0]LogConfig: Setting CVar [[r.SSR.HalfResSceneColor:0]]
[2021.12.26-19.32.55:447][  0]LogConfig: Setting CVar [[r.SceneColorFormat:4]]
[2021.12.26-19.32.55:447][  0]LogConfig: Setting CVar [[r.DetailMode:2]]
[2021.12.26-19.32.55:447][  0]LogConfig: Setting CVar [[r.TranslucencyVolumeBlur:1]]
[2021.12.26-19.32.55:447][  0]LogConfig: Setting CVar [[r.MaterialQualityLevel:1 ; High quality]]
[2021.12.26-19.32.55:447][  0]LogConfig: Setting CVar [[r.AnisotropicMaterials:1]]
[2021.12.26-19.32.55:447][  0]LogConfig: Setting CVar [[r.SSS.Scale:1]]
[2021.12.26-19.32.55:447][  0]LogConfig: Setting CVar [[r.SSS.SampleSet:2]]
[2021.12.26-19.32.55:447][  0]LogConfig: Setting CVar [[r.SSS.Quality:1]]
[2021.12.26-19.32.55:447][  0]LogConfig: Setting CVar [[r.SSS.HalfRes:0]]
[2021.12.26-19.32.55:447][  0]LogConfig: Setting CVar [[r.SSGI.Quality:3]]
[2021.12.26-19.32.55:447][  0]LogConfig: Setting CVar [[r.EmitterSpawnRateScale:1.0]]
[2021.12.26-19.32.55:447][  0]LogConfig: Setting CVar [[r.ParticleLightQuality:2]]
[2021.12.26-19.32.55:447][  0]LogConfig: Setting CVar [[r.SkyAtmosphere.AerialPerspectiveLUT.FastApplyOnOpaque:1 ; Always have FastSkyLUT 1 in this case to avoid wrong sky]]
[2021.12.26-19.32.55:447][  0]LogConfig: Setting CVar [[r.SkyAtmosphere.AerialPerspectiveLUT.SampleCountMaxPerSlice:4]]
[2021.12.26-19.32.55:447][  0]LogConfig: Setting CVar [[r.SkyAtmosphere.AerialPerspectiveLUT.DepthResolution:16.0]]
[2021.12.26-19.32.55:447][  0]LogConfig: Setting CVar [[r.SkyAtmosphere.FastSkyLUT:1]]
[2021.12.26-19.32.55:447][  0]LogConfig: Setting CVar [[r.SkyAtmosphere.FastSkyLUT.SampleCountMin:4.0]]
[2021.12.26-19.32.55:447][  0]LogConfig: Setting CVar [[r.SkyAtmosphere.FastSkyLUT.SampleCountMax:128.0]]
[2021.12.26-19.32.55:447][  0]LogConfig: Setting CVar [[r.SkyAtmosphere.SampleCountMin:4.0]]
[2021.12.26-19.32.55:447][  0]LogConfig: Setting CVar [[r.SkyAtmosphere.SampleCountMax:128.0]]
[2021.12.26-19.32.55:448][  0]LogConfig: Setting CVar [[r.SkyAtmosphere.TransmittanceLUT.UseSmallFormat:0]]
[2021.12.26-19.32.55:448][  0]LogConfig: Setting CVar [[r.SkyAtmosphere.TransmittanceLUT.SampleCount:10.0]]
[2021.12.26-19.32.55:448][  0]LogConfig: Setting CVar [[r.SkyAtmosphere.MultiScatteringLUT.SampleCount:15.0]]
[2021.12.26-19.32.55:448][  0]LogConfig: Setting CVar [[r.SkyLight.RealTimeReflectionCapture:1]]
[2021.12.26-19.32.55:448][  0]LogConfig: Applying CVar settings from Section [FoliageQuality@3] File [E:/Unreal Projects/Dungeoner/Saved/Config/Windows/Scalability.ini]
[2021.12.26-19.32.55:448][  0]LogConfig: Setting CVar [[foliage.DensityScale:1.0]]
[2021.12.26-19.32.55:448][  0]LogConfig: Setting CVar [[grass.DensityScale:1.0]]
[2021.12.26-19.32.55:448][  0]LogConfig: Applying CVar settings from Section [ShadingQuality@3] File [E:/Unreal Projects/Dungeoner/Saved/Config/Windows/Scalability.ini]
[2021.12.26-19.32.55:448][  0]LogConfig: Setting CVar [[r.HairStrands.SkyLighting.IntegrationType:2]]
[2021.12.26-19.32.55:448][  0]LogConfig: Setting CVar [[r.HairStrands.SkyAO.SampleCount:4]]
[2021.12.26-19.32.55:448][  0]LogConfig: Setting CVar [[r.HairStrands.Visibility.MSAA.SamplePerPixel:4]]
[2021.12.26-19.32.55:448][  0]LogConfig: Applying CVar settings from Section [Startup] File [../../../Engine/Config/ConsoleVariables.ini]
[2021.12.26-19.32.55:496][  0]LogConfig: Setting CVar [[net.UseAdaptiveNetUpdateFrequency:0]]
[2021.12.26-19.32.55:496][  0]LogConfig: Setting CVar [[p.chaos.AllowCreatePhysxBodies:1]]
[2021.12.26-19.32.55:496][  0]LogConfig: Setting CVar [[fx.SkipVectorVMBackendOptimizations:1]]
[2021.12.26-19.32.55:496][  0]LogConfig: Applying CVar settings from Section [ConsoleVariables] File [E:/Unreal Projects/Dungeoner/Saved/Config/Windows/Engine.ini]
[2021.12.26-19.32.55:496][  0]LogConfig: Applying CVar settings from Section [ConsoleVariables] File [E:/Unreal Projects/Dungeoner/Saved/Config/Windows/Editor.ini]
[2021.12.26-19.32.55:589][  0]LogInit: Computer: HOME-PC
[2021.12.26-19.32.55:589][  0]LogInit: User: Denis
[2021.12.26-19.32.55:589][  0]LogInit: CPU Page size=4096, Cores=4
[2021.12.26-19.32.55:589][  0]LogInit: High frequency timer resolution =10.000000 MHz
[2021.12.26-19.32.55:589][  0]LogMemory: Memory total: Physical=8.0GB (8GB approx)
[2021.12.26-19.32.55:589][  0]LogMemory: Platform Memory Stats for Windows
[2021.12.26-19.32.55:589][  0]LogMemory: Process Physical Memory: 138.47 MB used, 138.47 MB peak
[2021.12.26-19.32.55:589][  0]LogMemory: Process Virtual Memory: 118.44 MB used, 118.44 MB peak
[2021.12.26-19.32.55:589][  0]LogMemory: Physical Memory: 5274.36 MB used,  2898.53 MB free, 8172.89 MB total
[2021.12.26-19.32.55:589][  0]LogMemory: Virtual Memory: 134215800.00 MB used,  1929.89 MB free, 134217728.00 MB total
[2021.12.26-19.32.55:716][  0]LogWindows: WindowsPlatformFeatures enabled
[2021.12.26-19.33.00:265][  0]LogInit: Physics initialised using underlying interface: PhysX
[2021.12.26-19.33.00:321][  0]LogInit: Using OS detected language (ru-RU).
[2021.12.26-19.33.00:321][  0]LogInit: Using OS detected locale (ru-RU).
[2021.12.26-19.33.02:135][  0]LogTextLocalizationManager: No specific localization for 'ru-RU' exists, so the 'ru' localization will be used.
[2021.12.26-19.33.02:176][  0]LogTextLocalizationResource: LocRes '../../../Engine/Content/Localization/Editor/ru/Editor.locres' could not be opened for reading!
[2021.12.26-19.33.02:176][  0]LogTextLocalizationResource: LocRes '../../../Engine/Content/Localization/EditorTutorials/ru/EditorTutorials.locres' could not be opened for reading!
[2021.12.26-19.33.02:176][  0]LogTextLocalizationResource: LocRes '../../../Engine/Content/Localization/Keywords/ru/Keywords.locres' could not be opened for reading!
[2021.12.26-19.33.02:177][  0]LogTextLocalizationResource: LocRes '../../../Engine/Content/Localization/Category/ru/Category.locres' could not be opened for reading!
[2021.12.26-19.33.02:219][  0]LogTextLocalizationResource: LocRes '../../../Engine/Content/Localization/ToolTips/ru/ToolTips.locres' could not be opened for reading!
[2021.12.26-19.33.02:260][  0]LogTextLocalizationResource: LocRes '../../../Engine/Content/Localization/PropertyNames/ru/PropertyNames.locres' could not be opened for reading!
[2021.12.26-19.33.02:261][  0]LogTextLocalizationResource: LocRes '../../../Engine/Content/Localization/Engine/ru/Engine.locres' could not be opened for reading!
[2021.12.26-19.33.02:996][  0]LogWindowsTextInputMethodSystem: Display: IME system deactivated.
[2021.12.26-19.33.04:612][  0]LogSlate: New Slate User Created.  User Index 0, Is Virtual User: 0
[2021.12.26-19.33.04:613][  0]LogSlate: Slate User Registered.  User Index 0, Is Virtual User: 0
[2021.12.26-19.33.04:854][  0]LogD3D11RHI: Loaded GFSDK_Aftermath_Lib.x64.dll
[2021.12.26-19.33.04:910][  0]LogHMD: Failed to initialize OpenVR with code 110
[2021.12.26-19.33.04:910][  0]LogD3D11RHI: D3D11 min allowed feature level: 11_0
[2021.12.26-19.33.04:910][  0]LogD3D11RHI: D3D11 max allowed feature level: 11_0
[2021.12.26-19.33.04:910][  0]LogD3D11RHI: D3D11 adapters:
[2021.12.26-19.33.07:408][  0]LogD3D11RHI:    0. 'NVIDIA GeForce GTX 550 Ti' (Feature Level 11_0)
[2021.12.26-19.33.07:432][  0]LogD3D11RHI:       959/0/4086 MB DedicatedVideo/DedicatedSystem/SharedSystem, Outputs:1, VendorId:0x10de
[2021.12.26-19.33.07:518][  0]LogD3D11RHI:    1. 'Microsoft Basic Render Driver' (Feature Level 11_0)
[2021.12.26-19.33.07:518][  0]LogD3D11RHI:       0/0/4086 MB DedicatedVideo/DedicatedSystem/SharedSystem, Outputs:0, VendorId:0x1414
[2021.12.26-19.33.07:518][  0]LogD3D11RHI: Chosen D3D11 Adapter:
[2021.12.26-19.33.07:518][  0]LogD3D11RHI:     Description : NVIDIA GeForce GTX 550 Ti
[2021.12.26-19.33.07:518][  0]LogD3D11RHI:     VendorId    : 10de
[2021.12.26-19.33.07:518][  0]LogD3D11RHI:     DeviceId    : 1244
[2021.12.26-19.33.07:518][  0]LogD3D11RHI:     SubSysId    : 0000
[2021.12.26-19.33.07:518][  0]LogD3D11RHI:     Revision    : 00a1
[2021.12.26-19.33.07:518][  0]LogD3D11RHI:     DedicatedVideoMemory : 1005780992 bytes
[2021.12.26-19.33.07:518][  0]LogD3D11RHI:     DedicatedSystemMemory : 0 bytes
[2021.12.26-19.33.07:518][  0]LogD3D11RHI:     SharedSystemMemory : 4284948480 bytes
[2021.12.26-19.33.07:518][  0]LogD3D11RHI:     AdapterLuid : 0 38711
[2021.12.26-19.33.07:525][  0]LogD3D11RHI: Creating new Direct3DDevice
[2021.12.26-19.33.07:525][  0]LogD3D11RHI:     GPU DeviceId: 0x1244 (for the marketing name, search the web for "GPU Device Id")
[2021.12.26-19.33.07:525][  0]LogWindows: EnumDisplayDevices:
[2021.12.26-19.33.07:525][  0]LogWindows:    0. 'NVIDIA GeForce GTX 550 Ti' (P:1 D:1)
[2021.12.26-19.33.07:525][  0]LogWindows:    1. 'NVIDIA GeForce GTX 550 Ti' (P:0 D:0)
[2021.12.26-19.33.07:526][  0]LogWindows: DebugString: FoundDriverCount:2 
[2021.12.26-19.33.07:526][  0]LogD3D11RHI:     Adapter Name: NVIDIA GeForce GTX 550 Ti
[2021.12.26-19.33.07:526][  0]LogD3D11RHI:   Driver Version: 391.35 (internal:23.21.13.9135, unified:391.35)
[2021.12.26-19.33.07:526][  0]LogD3D11RHI:      Driver Date: 3-23-2018
[2021.12.26-19.33.07:526][  0]LogRHI: Texture pool is 671 MB (70% of 959 MB)
[2021.12.26-19.33.07:532][  0]LogD3D11RHI: Creating D3DDevice using adapter:
[2021.12.26-19.33.07:532][  0]LogD3D11RHI:     Description : NVIDIA GeForce GTX 550 Ti
[2021.12.26-19.33.07:532][  0]LogD3D11RHI:     VendorId    : 10de
[2021.12.26-19.33.07:532][  0]LogD3D11RHI:     DeviceId    : 1244
[2021.12.26-19.33.07:532][  0]LogD3D11RHI:     SubSysId    : 0000
[2021.12.26-19.33.07:532][  0]LogD3D11RHI:     Revision    : 00a1
[2021.12.26-19.33.07:532][  0]LogD3D11RHI:     DedicatedVideoMemory : 1005780992 bytes
[2021.12.26-19.33.07:532][  0]LogD3D11RHI:     DedicatedSystemMemory : 0 bytes
[2021.12.26-19.33.07:532][  0]LogD3D11RHI:     SharedSystemMemory : 4284948480 bytes
[2021.12.26-19.33.07:532][  0]LogD3D11RHI:     AdapterLuid : 0 38711
[2021.12.26-19.33.07:848][  0]LogD3D11RHI: Display: Timestamp queries are currently disabled on this hardware due to instability. Realtime GPU stats will not be available. You can override this behaviour by setting r.NVIDIATimestampWorkaround to 0
[2021.12.26-19.33.07:848][  0]LogD3D11RHI: RHI does not have support for 64 bit atomics
[2021.12.26-19.33.07:864][  0]LogD3D11RHI: Async texture creation enabled
[2021.12.26-19.33.09:182][  0]LogD3D11RHI: GPU Timing Frequency: 1000.000000 (Debug: 2 2)
[2021.12.26-19.33.09:873][  0]LogRHI: GeForceNow SDK initialized: 1
[2021.12.26-19.33.11:179][  0]LogTargetPlatformManager: Display: Loaded TargetPlatform 'WindowsNoEditor'
[2021.12.26-19.33.11:247][  0]LogTargetPlatformManager: Display: Loaded TargetPlatform 'Windows'
[2021.12.26-19.33.11:314][  0]LogTargetPlatformManager: Display: Loaded TargetPlatform 'WindowsClient'
[2021.12.26-19.33.11:435][  0]LogTargetPlatformManager: Display: Loaded TargetPlatform 'WindowsServer'
[2021.12.26-19.33.11:435][  0]LogTargetPlatformManager: Display: Building Assets For Windows
[2021.12.26-19.33.11:608][  0]LogAudioDebug: Display: Lib vorbis DLL was dynamically loaded.
[2021.12.26-19.33.12:436][  0]LogTextureFormatOodle: Display: Oodle Texture 2.9.0 init RDO Off
[2021.12.26-19.33.17:411][  0]LogRendererCore: Ray tracing is disabled. Reason: r.RayTracing=0.
[2021.12.26-19.33.17:458][  0]LogShaderCompilers: Guid format shader working directory is 8 characters bigger than the processId version (../../../../Unreal Projects/Dungeoner/Intermediate/Shaders/WorkingDirectory/10748/).
[2021.12.26-19.33.17:808][  0]LogShaderCompilers: Cleaned the shader compiler working directory 'C:/Users/Denis/AppData/Local/Temp/UnrealShaderWorkingDir/43914FA543148268729BED9F48CB0AC2/'.
[2021.12.26-19.33.17:884][  0]LogShaderCompilers: Display: Using XGE Controller for Shader Compilation.
[2021.12.26-19.33.34:102][  0]LogDerivedDataCache: Display: Max Cache Size: 512 MB
[2021.12.26-19.33.35:204][  0]LogDerivedDataCache: Loaded boot cache 1.10s 94MB C:/Users/Denis/AppData/Local/UnrealEngine/4.27/DerivedDataCache/Boot.ddc.
[2021.12.26-19.33.35:204][  0]LogDerivedDataCache: Display: Loaded Boot cache: C:/Users/Denis/AppData/Local/UnrealEngine/4.27/DerivedDataCache/Boot.ddc
[2021.12.26-19.33.35:204][  0]LogDerivedDataCache: FDerivedDataBackendGraph:  Pak pak cache file ../../../../Unreal Projects/Dungeoner/DerivedDataCache/DDC.ddp not found, will not use a pak cache.
[2021.12.26-19.33.35:204][  0]LogDerivedDataCache: Unable to find inner node Pak for hierarchical cache Hierarchy.
[2021.12.26-19.33.35:204][  0]LogDerivedDataCache: FDerivedDataBackendGraph:  CompressedPak pak cache file ../../../../Unreal Projects/Dungeoner/DerivedDataCache/Compressed.ddp not found, will not use a pak cache.
[2021.12.26-19.33.35:204][  0]LogDerivedDataCache: Unable to find inner node CompressedPak for hierarchical cache Hierarchy.
[2021.12.26-19.33.35:256][  0]LogDerivedDataCache: Display: Pak cache opened for reading ../../../Engine/DerivedDataCache/Compressed.ddp.
[2021.12.26-19.33.35:256][  0]LogDerivedDataCache: FDerivedDataBackendGraph:  EnterprisePak pak cache file ../../../Enterprise/DerivedDataCache/Compressed.ddp not found, will not use a pak cache.
[2021.12.26-19.33.35:256][  0]LogDerivedDataCache: Unable to find inner node EnterprisePak for hierarchical cache Hierarchy.
[2021.12.26-19.33.35:512][  0]LogDerivedDataCache: Speed tests for C:/Users/Denis/AppData/Local/UnrealEngine/Common/DerivedDataCache took 0.23 seconds
[2021.12.26-19.33.35:512][  0]LogDerivedDataCache: Display: Performance to C:/Users/Denis/AppData/Local/UnrealEngine/Common/DerivedDataCache: Latency=6.64ms. RandomReadSpeed=8.32MBs, RandomWriteSpeed=25.15MBs. Assigned SpeedClass 'Fast'
[2021.12.26-19.33.35:513][  0]LogDerivedDataCache: Using Local data cache path C:/Users/Denis/AppData/Local/UnrealEngine/Common/DerivedDataCache: Writable
[2021.12.26-19.33.35:513][  0]LogDerivedDataCache: Shared data cache path not found in *engine.ini, will not use an Shared cache.
[2021.12.26-19.33.35:513][  0]LogDerivedDataCache: Unable to find inner node Shared for hierarchical cache Hierarchy.
[2021.12.26-19.33.35:703][  0]LogSlate: Using FreeType 2.10.0
[2021.12.26-19.33.35:744][  0]LogSlate: SlateFontServices - WITH_FREETYPE: 1, WITH_HARFBUZZ: 1
[2021.12.26-19.33.37:463][  0]LogInit: Using OS detected language (ru-RU).
[2021.12.26-19.33.37:463][  0]LogInit: Using OS detected locale (ru-RU).
[2021.12.26-19.33.37:463][  0]LogTextLocalizationManager: No localization for 'ru-RU' exists, so 'en' will be used for the language.
[2021.12.26-19.33.37:463][  0]LogTextLocalizationManager: No localization for 'ru-RU' exists, so 'en' will be used for the locale.
[2021.12.26-19.33.37:463][  0]LogSlate: FontCache flush requested. Reason: Culture for localization was changed
[2021.12.26-19.33.37:463][  0]LogSlate: FontCache flush requested. Reason: Culture for localization was changed
[2021.12.26-19.33.37:488][  0]LogAssetRegistry: FAssetRegistry took 0.0025 seconds to start up
[2021.12.26-19.33.40:488][  0]LogTextLocalizationManager: Compacting localization data took   0.01ms
[2021.12.26-19.33.40:488][  0]LogPackageLocalizationCache: Processed 27 localized package path(s) for 1 prioritized culture(s) in 0.001886 seconds
[2021.12.26-19.33.40:678][  0]LogInit: Selected Device Profile: [Windows]
[2021.12.26-19.33.40:678][  0]LogInit: Active device profile: [000001961DC42900][0000019617688340 49] Windows
[2021.12.26-19.33.40:678][  0]LogInit: Profiles: [000001961DC42900][0000019617688340 49] Windows, [000001961DBF9900][0000019616E8A4C0 49] WindowsNoEditor, [000001961DC41900][0000019616E8E640 49] WindowsServer, [000001961DBFA900][0000019616E927C0 49] WindowsClient, [000001961DC42C00][0000019616E96940 49] IOS, [000001961DBFBF00][0000019616E9AAC0 49] iPadAir, [000001961DC42600][0000019616E9EC40 49] iPadAir2, [000001961DBA6C00][0000019616EA6F00 49] IPadPro, [000001961DBA6D00][0000019616EA2F40 49] iPadAir3, [000001961DC41C00][0000019616EAB0C0 49] iPadAir4, [000001961DBA7300][0000019616EAF240 49] iPadMini2, [000001961DC41E00][0000019616EB33C0 49] iPadMini3, [000001961DBA5600][000001961768D500 49] iPadMini4, [000001961DC42E00][0000019616EB7640 49] iPadMini5, [000001961DBCE500][0000019612A57880 49] iPhone6, [000001961DBCE600][0000019612A538C0 49] iPodTouch6, [000001961DBA5300][0000019612A63B80 49] iPhone7, [000001961DBA5200][0000019612A5FBC0 49] iPodTouch7, [000001961DBCEB00][0000019612A661C0 49] iPhone5S, [000001961DBA4C00][0000019612A6A340 49] iPhone6Plus, [000001961DBCD600][0000019612A6E4C0 49] iPhone6S, [000001961DBA6700][0000019612A72640 49] iPhone6SPlus, [000001961DBCD400][0000019612A767C0 49] iPhone7Plus, [000001961DBA6600][0000019612A7A940 49] iPhoneSE, [000001961DBCE300][0000019612A7EAC0 49] iPhone8, [000001961DBA6F00][0000019612A82C40 49] iPhone8Plus, [000001961DBCC100][0000019612A86DC0 49] iPhoneX, [000001961DBA6400][0000019612A8AF40 49] iPhoneXS, [000001961DBCC200][0000019612A8F0C0 49] iPhoneXSMax, [000001961DBA7200][0000019612A93240 49] iPhoneXR, [000001961DBCEF00][0000019612A973C0 49] iPhone11, [000001961DBA7700][0000019612A9B540 49] iPhone11Pro, [000001961DBCD000][0000019612A9F6C0 49] iPhone11ProMax, [000001961DBA6A00][0000019612A5B800 49] iPhoneSE2, [000001961DBCF900][0000019612AA3940 49] iPhone12Mini, [000001961DBA5B00][0000019612AA7A80 49] iPhone12, [000001961DBCCC00][0000019612AAFC00 49] iPhone12Pro, [000001961DBA7C00][0000019612AB2200 49] iPhone12ProMax, [000001961DBCDB00][0000019612AB6380 49] iPadPro105, [000001961DBA5800][0000019612ABA500 49] iPadPro129, [000001961DBCEC00][0000019612ABE680 49] iPadPro97, [000001961DBA7A00][0000019612AC2800 49] iPadPro2_129, [000001961DBCE700][0000019612AC6980 49] iPad5, [000001961DBA6800][0000019612ACAB00 49] iPad6, [000001961DBCF400][0000019612ACEC80 49] iPad7, [000001961DBA5D00][0000019612AD2E00 49] iPad8, [000001961DBCD900][0000019612AD6F80 49] iPadPro11, [000001961DBA7B00][0000019612ADB100 49] iPadPro2_11, [000001961DBCE800][0000019612ADF280 49] iPadPro3_129, [000001961DBFA400][0000019612AE3400 49] iPadPro4_129, [000001961DC75500][0000019612AE7580 49] AppleTV, [000001961DBFB400][0000019612AEB700 49] AppleTV4K, [000001961DC74900][0000019612AEF880 49] TVOS, [000001961DBFB100][0000019612AAB9C0 49] Mac, [000001961DC75000][0000019612AF3B00 49] MacClient, [000001961DBFA800][000001961D5120C0 49] MacNoEditor, [000001961DC74B00][000001961D51A240 49] MacServer, [000001961DBFBC00][000001961D51E3C0 49] Linux, [000001961DC75200][000001961D522540 49] LinuxAArch64, [000001961DBFAF00][000001961D5266C0 49] LinuxNoEditor, [000001961DC74500][000001961D52A840 49] LinuxAArch64NoEditor, [000001961DBCD800][000001961D52E9C0 49] LinuxClient, [000001961DBA6200][000001961D532B40 49] LinuxAArch64Client, [000001961DBCC900][000001961D536CC0 49] LinuxServer, [000001961DBA4300][000001961D53AE40 49] LinuxAArch64Server, [000001961DBCCE00][000001961D53EFC0 49] Android, [000001961DBA6300][000001961D543140 49] Android_Low, [000001961DBCE000][000001961D5472C0 49] Android_Mid, [000001961DBA6B00][000001961D54B440 49] Android_High, [000001961DBCD300][000001961D54F5C0 49] Android_Default, [000001961DBA7600][000001961D553740 49] Android_Adreno4xx, [000001961DBCC600][000001961D5578C0 49] Android_Adreno5xx_Low, [000001961DBA7900][000001961D55BA40 49] Android_Adreno5xx, [000001961DBCFC00][000001961D517B80 49] Android_Adreno6xx, [000001961DBA7400][000001961D55E140 49] Android_Adreno6xx_Vulkan, [000001961DBCF500][000001961D562280 49] Android_Mali_T6xx, [000001961DBA7100][000001961D5663C0 49] Android_Mali_T7xx, [000001961DBCDD00][000001961D56E540 49] Android_Mali_T8xx, [000001961DBA7E00][000001961D5726C0 49] Android_Mali_G71, [000001961DBCF200][000001961D576840 49] Android_Mali_G72, [000001961DBA7F00][000001961D57A9C0 49] Android_Mali_G72_Vulkan, [000001961DBCC800][000001961D57EB40 49] Android_Mali_G76, [000001961DBA4400][000001961D582CC0 49] Android_Mali_G76_Vulkan, [000001961DBCD700][000001961D586E40 49] Android_Mali_G77, [000001961DBA4100][000001961D58AFC0 49] Android_Mali_G77_Vulkan, [000001961DC74600][000001961D58F140 49] Android_Mali_G78, [000001961DBA5500][000001961D5932C0 49] Android_Mali_G78_Vulkan, [000001961DC74E00][000001961D597440 49] Android_Mali_G710, [000001961DBA4900][000001961D59B5C0 49] Android_Mali_G710_Vulkan, [000001961DC75100][000001961D59F740 49] Android_Vulkan_SM5, [000001961DBA5900][000001961D5A38C0 49] Android_PowerVR_G6xxx, [000001961DBCEE00][000001961D5A7A40 49] Android_PowerVR_GT7xxx, [000001961DBA5C00][000001961D5ABBC0 49] Android_PowerVR_GE8xxx, [000001961DBCF800][000001961D56A180 49] Android_PowerVR_GM9xxx, [000001961DBA5F00][000001961D5AE2C0 49] Android_PowerVR_GM9xxx_Vulkan, [000001961DBCFB00][000001961D5B2400 49] Android_TegraK1, [000001961DBA6100][000001961D5B6540 49] Android_Unknown_Vulkan, [000001961DBCDC00][000001961D5BE6C0 49] Lumin, [000001961DBA4500][000001961D5C2840 49] Lumin_Desktop, [000001961DBCE200][000001961D5C69C0 49] HoloLens, 
[2021.12.26-19.33.41:731][  0]LogMeshReduction: Using QuadricMeshReduction for automatic static mesh reduction
[2021.12.26-19.33.41:731][  0]LogMeshReduction: Using SimplygonMeshReduction for automatic skeletal mesh reduction
[2021.12.26-19.33.41:731][  0]LogMeshReduction: Using ProxyLODMeshReduction for automatic mesh merging
[2021.12.26-19.33.41:731][  0]LogMeshReduction: No distributed automatic mesh merging module available
[2021.12.26-19.33.41:779][  0]LogMeshMerging: No distributed automatic mesh merging module available
[2021.12.26-19.33.42:737][  0]LogNetVersion: Dungeoner 1.0.0, NetCL: 17155196, EngineNetVer: 17, GameNetVer: 0 (Checksum: 1542495505)
[2021.12.26-19.33.49:628][  0]LogTexture: Default maximum texture size for cubemaps generated from long-lat sources has been changed from 512 to unlimited. In order to preserve old behaiour for '/Engine/MapTemplates/Sky/DaylightAmbientCubemap.DaylightAmbientCubemap', its maximum texture size has been explicitly set to 512.
[2021.12.26-19.33.50:341][  0]LogHMD: PokeAHoleMaterial loaded successfully
[2021.12.26-19.33.52:535][  0]LogMoviePlayer: Initializing movie player
[2021.12.26-19.33.53:271][  0]LogPython: Using Python 3.7.7
[2021.12.26-19.33.55:915][  0]LogNiagaraDebuggerClient: Niagara Debugger Client Initialized | Session: 50347BA742B3675A94F324B21773548E | Instance: ECE79DB94D97FC5315F742BC59379330 (HOME-PC-10748).
[2021.12.26-19.33.56:449][  0]LogCollectionManager: Loaded 0 collections in 0.002341 seconds
[2021.12.26-19.33.56:506][  0]LogFileCache: Scanning file cache for directory 'E:/Unreal Projects/Dungeoner/Saved/Collections/' took 0.02s
[2021.12.26-19.33.56:506][  0]LogFileCache: Scanning file cache for directory 'E:/Unreal Projects/Dungeoner/Content/Developers/Denis/Collections/' took 0.00s
[2021.12.26-19.33.56:506][  0]LogFileCache: Scanning file cache for directory 'E:/Unreal Projects/Dungeoner/Content/Collections/' took 0.00s
[2021.12.26-19.33.56:506][  0]LogCollectionManager: Fixed up redirectors for 0 collections in 0.000004 seconds (updated 0 objects)
[2021.12.26-19.33.58:443][  0]LogTcpMessaging: Initializing TcpMessaging bridge
[2021.12.26-19.33.58:520][  0]LogUdpMessaging: Initializing bridge on interface 0.0.0.0:0 to multicast group 230.0.0.1:6666.
[2021.12.26-19.33.59:671][  0]SourceControl: Source control is disabled
[2021.12.26-19.33.59:671][  0]SourceControl: Source control is disabled
[2021.12.26-19.33.59:702][  0]SourceControl: Source control is disabled
[2021.12.26-19.33.59:728][  0]LogUProjectInfo: Found projects:
[2021.12.26-19.34.00:934][  0]LogOpenImageDenoise: OIDN starting up
[2021.12.26-19.34.01:171][  0]LogAndroidPermission: UAndroidPermissionCallbackProxy::GetInstance
[2021.12.26-19.34.01:309][  0]LogAudioCaptureCore: Display: No Audio Capture implementations found. Audio input will be silent.
[2021.12.26-19.34.01:309][  0]LogAudioCaptureCore: Display: No Audio Capture implementations found. Audio input will be silent.
[2021.12.26-19.34.01:929][  0]LogOcInput: OculusInput pre-init called
[2021.12.26-19.34.01:979][  0]LogUObjectArray: 22132 objects as part of root set at end of initial load.
[2021.12.26-19.34.01:979][  0]LogUObjectAllocator: 5979488 out of 0 bytes used by permanent object pool.
[2021.12.26-19.34.01:979][  0]LogUObjectArray: CloseDisregardForGC: 0/0 objects in disregard for GC pool
[2021.12.26-19.34.04:331][  0]LogEngine: Initializing Engine...
[2021.12.26-19.34.04:522][  0]LogHMD: Failed to enumerate extensions. Please check that you have a valid OpenXR runtime installed.
[2021.12.26-19.34.04:538][  0]LogHMD: Failed to initialize OpenVR with code 110
[2021.12.26-19.34.04:545][  0]LogMagicLeap: Warning: VR disabled because ZI is not enabled.  To enable, in the editor, Edit -> Project Settings -> Plugins -> Magic Leap Plugin -> Enable Zero Iteration
[2021.12.26-19.34.04:593][  0]LogStats: UGameplayTagsManager::InitializeManager -  0.009 s
[2021.12.26-19.34.05:343][  0]LogInit: Initializing FReadOnlyCVARCache
[2021.12.26-19.34.05:343][  0]LogAudio: Display: Initializing Audio Device Manager...
[2021.12.26-19.34.05:407][  0]LogAudio: Display: Loading Default Audio Settings Objects...
[2021.12.26-19.34.05:433][  0]LogAudio: Display: No default SoundConcurrencyObject specified (or failed to load).
[2021.12.26-19.34.05:491][  0]LogAudio: Display: Audio Device Manager Initialized
[2021.12.26-19.34.05:491][  0]LogAudio: Display: Creating Audio Device:                 Id: 1, Scope: Shared, Realtime: True
[2021.12.26-19.34.05:491][  0]LogAudioMixer: Display: Audio Mixer Platform Settings:
[2021.12.26-19.34.05:492][  0]LogAudioMixer: Display: 	Sample Rate:						  48000
[2021.12.26-19.34.05:492][  0]LogAudioMixer: Display: 	Callback Buffer Frame Size Requested: 1024
[2021.12.26-19.34.05:492][  0]LogAudioMixer: Display: 	Callback Buffer Frame Size To Use:	  1024
[2021.12.26-19.34.05:492][  0]LogAudioMixer: Display: 	Number of buffers to queue:			  2
[2021.12.26-19.34.05:492][  0]LogAudioMixer: Display: 	Max Channels (voices):				  32
[2021.12.26-19.34.05:492][  0]LogAudioMixer: Display: 	Number of Async Source Workers:		  0
[2021.12.26-19.34.05:492][  0]LogAudio: Display: AudioDevice MaxSources: 32
[2021.12.26-19.34.05:492][  0]LogAudio: Display: Audio Spatialization Plugin: None (built-in).
[2021.12.26-19.34.05:493][  0]LogAudio: Display: Audio Reverb Plugin: None (built-in).
[2021.12.26-19.34.05:493][  0]LogAudio: Display: Audio Occlusion Plugin: None (built-in).
[2021.12.26-19.34.05:493][  0]LogAudioMixer: Display: Initializing audio mixer.
[2021.12.26-19.34.05:758][  0]LogAudioMixer: Display: 0: FrontLeft
[2021.12.26-19.34.05:758][  0]LogAudioMixer: Display: 1: FrontRight
[2021.12.26-19.34.05:894][  0]LogAudioMixer: Display: Using Audio Device Динамики (Bloody Gaming Audio Device)
[2021.12.26-19.34.05:909][  0]LogAudioMixer: Display: Initializing Sound Submixes...
[2021.12.26-19.34.05:952][  0]LogAudioMixer: Display: Creating Master Submix 'MasterSubmixDefault'
[2021.12.26-19.34.05:952][  0]LogAudioMixer: Display: Creating Master Submix 'MasterReverbSubmixDefault'
[2021.12.26-19.34.05:954][  0]LogAudioMixer: Display: Creating Master Submix 'MasterEQSubmixDefault'
[2021.12.26-19.34.05:954][  0]LogAudioMixer: FMixerPlatformXAudio2::StartAudioStream() called
[2021.12.26-19.34.05:954][  0]LogAudioMixer: Display: Output buffers initialized: Frames=1024, Channels=2, Samples=2048
[2021.12.26-19.34.05:956][  0]LogAudioMixer: Display: Starting AudioMixerPlatformInterface::RunInternal()
[2021.12.26-19.34.05:956][  0]LogAudioMixer: Display: FMixerPlatformXAudio2::SubmitBuffer() called for the first time
[2021.12.26-19.34.05:957][  0]LogInit: FAudioDevice initialized.
[2021.12.26-19.34.06:003][  0]LogNetVersion: Set ProjectVersion to 1.0.0.0. Version Checksum will be recalculated on next use.
[2021.12.26-19.34.06:004][  0]LogInit: Texture streaming: Enabled
[2021.12.26-19.34.07:280][  0]LogAudio: Display: Audio Device (ID: 1) registered with world 'Untitled'.
[2021.12.26-19.34.07:308][  0]LogSlate: Updating window title bar state: overlay mode, drag disabled, window buttons hidden, title bar hidden
[2021.12.26-19.34.07:309][  0]LogInit: Display: Game Engine Initialized.
[2021.12.26-19.34.07:398][  0]LogNiagaraEditor: GEditor isn't valid! Particle reset commands will not work for Niagara components!
[2021.12.26-19.34.08:534][  0]LogInit: Display: Starting Game.
[2021.12.26-19.34.08:543][  0]LogNet: Browse: /Game/Map/Map?Name=Player
[2021.12.26-19.34.08:562][  0]LogLoad: LoadMap: /Game/Map/Map?Name=Player
[2021.12.26-19.34.08:562][  0]LogWorld: BeginTearingDown for /Temp/Untitled_0
[2021.12.26-19.34.08:574][  0]LogWorld: UWorld::CleanupWorld for Untitled, bSessionEnded=true, bCleanupResources=true
[2021.12.26-19.34.08:574][  0]LogSlate: InvalidateAllWidgets triggered.  All widgets were invalidated
[2021.12.26-19.34.08:597][  0]LogAudio: Display: Audio Device unregistered from world 'None'.
[2021.12.26-19.34.08:636][  0]LogUObjectHash: Compacting FUObjectHashTables data took   1.30ms
[2021.12.26-19.34.11:119][  0]LogAudio: Display: Audio Device (ID: 1) registered with world 'Map'.
[2021.12.26-19.34.11:260][  0]LogAIModule: Creating AISystem for world Map
[2021.12.26-19.34.11:260][  0]LogLoad: Game class is 'BaseGameMode_C'
[2021.12.26-19.34.11:363][  0]LogWorld: Bringing World /Game/Map/Map.Map up for play (max tick rate 0) at 2021.12.26-23.34.11
[2021.12.26-19.34.11:364][  0]LogWorld: Bringing up level for play took: 0.101534
[2021.12.26-19.34.11:364][  0]LogGameMode: FindPlayerStart: PATHS NOT DEFINED or NO PLAYERSTART with positive rating
[2021.12.26-19.34.11:787][  0]LogViewport: Display: Viewport MouseLockMode Changed, LockOnCapture -> DoNotLock
[2021.12.26-19.34.11:787][  0]LogViewport: Display: Viewport MouseCaptureMode Changed, CapturePermanently_IncludingInitialMouseDown -> NoCapture
[2021.12.26-19.34.11:787][  0]r.SetRes = "1920 x 1080f"
[2021.12.26-19.34.11:819][  0]LogLoad: Took 3.252518 seconds to LoadMap(/Game/Map/Map)
[2021.12.26-19.34.15:606][  0]LogSlate: Took 0.824795 seconds to synchronously load lazily loaded font '../../../Engine/Content/Slate/Fonts/Roboto-Regular.ttf' (155K)
[2021.12.26-19.34.20:833][  0]LogRenderer: Reallocating scene render targets to support 1920x1080 Format 10 NumSamples 1 (Frame:1).
[2021.12.26-19.34.20:833][  0]LogInit: Display: Engine is initialized. Leaving FEngineLoop::Init()
[2021.12.26-19.34.20:834][  0]LogLoad: (Engine Initialization) Total time: 88.13 seconds
[2021.12.26-19.34.20:834][  0]LogLoad: (Engine Initialization) Total Blueprint compile time: 0.00 seconds
[2021.12.26-19.34.22:418][  0]LogContentStreaming: Texture pool size now 1000 MB
[2021.12.26-19.34.22:765][  0]LogSlate: InvalidateAllWidgets triggered.  All widgets were invalidated
[2021.12.26-19.34.25:163][  1]LogSlate: Took 0.000196 seconds to synchronously load lazily loaded font '../../../Engine/Content/Slate/Fonts/Roboto-Regular.ttf' (155K)
[2021.12.26-19.34.55:267][184]LogWindowsDesktop: Alt-F4 pressed!
[2021.12.26-19.34.55:295][184]LogSlate: Window 'Dungeoner (64-bit Development PCD3D_SM5) ' being destroyed
[2021.12.26-19.34.55:456][184]LogWindowsTextInputMethodSystem: Display: IME system deactivated.
[2021.12.26-19.34.55:465][184]LogSlate: Updating window title bar state: overlay mode, drag disabled, window buttons hidden, title bar hidden
[2021.12.26-19.34.55:465][184]LogEngine: All Windows Closed
[2021.12.26-19.34.55:465][184]LogWindows: FPlatformMisc::RequestExit(0)
[2021.12.26-19.34.55:465][184]LogWindows: FPlatformMisc::RequestExitWithStatus(0, 0)
[2021.12.26-19.34.55:465][184]LogCore: Engine exit requested (reason: Win RequestExit)
[2021.12.26-19.34.55:487][185]LogCore: Engine exit requested (reason: EngineExit() was called; note: exit was already requested)
[2021.12.26-19.34.55:523][185]LogInit: Display: PreExit Game.
[2021.12.26-19.34.55:523][185]LogWorld: BeginTearingDown for /Game/Map/Map
[2021.12.26-19.34.55:523][185]LogWorld: UWorld::CleanupWorld for Map, bSessionEnded=true, bCleanupResources=true
[2021.12.26-19.34.55:523][185]LogSlate: InvalidateAllWidgets triggered.  All widgets were invalidated
[2021.12.26-19.34.56:655][185]LogAudio: Display: Beginning Audio Device Manager Shutdown (Module: AudioMixerXAudio2)...
[2021.12.26-19.34.56:655][185]LogAudio: Display: Destroying 1 Remaining Audio Device(s)...
[2021.12.26-19.34.56:655][185]LogAudio: Display: Audio Device unregistered from world 'Map'.
[2021.12.26-19.34.56:665][185]LogAudioMixer: FMixerPlatformXAudio2::StopAudioStream() called
[2021.12.26-19.34.56:667][185]LogAudioMixer: FMixerPlatformXAudio2::StopAudioStream() called
[2021.12.26-19.34.56:712][185]LogAudio: Display: Audio Device Manager Shutdown
[2021.12.26-19.34.56:746][185]LogExit: Preparing to exit.
[2021.12.26-19.34.57:652][185]LogSlate: Updating window title bar state: overlay mode, drag disabled, window buttons hidden, title bar hidden
[2021.12.26-19.34.57:736][185]LogUObjectHash: Compacting FUObjectHashTables data took   1.72ms
[2021.12.26-19.34.57:804][185]LogMoviePlayer: Shutting down movie player
[2021.12.26-19.34.58:967][185]LogDemo: Cleaned up 0 splitscreen connections with owner deletion
[2021.12.26-19.34.59:206][185]LogExit: Game engine shut down
[2021.12.26-19.35.01:742][185]LogExit: Object subsystem successfully closed.
[2021.12.26-19.35.01:749][185]LogShaderCompilers: Display: === FShaderJobCache stats ===
[2021.12.26-19.35.01:749][185]LogShaderCompilers: Display: Total job queries 0, among them cache hits 0 (0.00%)
[2021.12.26-19.35.01:749][185]LogShaderCompilers: Display: Tracking 0 distinct input hashes that result in 0 distinct outputs (0.00%)
[2021.12.26-19.35.01:791][185]LogShaderCompilers: Display: RAM used: 0.00 MB (0.00 GB) of 409.60 MB (0.40 GB) budget. Usage: 0.00%
[2021.12.26-19.35.01:791][185]LogShaderCompilers: Display: ================================================
[2021.12.26-19.35.02:053][185]LogShaderCompilers: Display: Shaders left to compile 0
[2021.12.26-19.35.02:053][185]LogShaderCompilers: Display: Shaders left to compile 0
[2021.12.26-19.35.03:606][185]LogModuleManager: Shutting down and abandoning module SequenceRecorderSections (560)
[2021.12.26-19.35.03:623][185]LogModuleManager: Shutting down and abandoning module SequenceRecorder (558)
[2021.12.26-19.35.03:628][185]LogModuleManager: Shutting down and abandoning module AutomationController (556)
[2021.12.26-19.35.03:648][185]LogModuleManager: Shutting down and abandoning module AutomationWorker (554)
[2021.12.26-19.35.03:667][185]LogModuleManager: Shutting down and abandoning module Voice (552)
[2021.12.26-19.35.03:677][185]LogModuleManager: Shutting down and abandoning module AIModule (550)
[2021.12.26-19.35.03:702][185]LogModuleManager: Shutting down and abandoning module GameplayDebugger (549)
[2021.12.26-19.35.03:702][185]LogModuleManager: Shutting down and abandoning module AITestSuite (547)
[2021.12.26-19.35.03:713][185]LogModuleManager: Shutting down and abandoning module NavigationSystem (545)
[2021.12.26-19.35.03:713][185]LogModuleManager: Shutting down and abandoning module SteamVREditor (542)
[2021.12.26-19.35.03:713][185]LogModuleManager: Shutting down and abandoning module ToolMenus (541)
[2021.12.26-19.35.03:713][185]LogModuleManager: Shutting down and abandoning module OculusMR (538)
[2021.12.26-19.35.03:713][185]LogModuleManager: Shutting down and abandoning module TakeRecorderSources (536)
[2021.12.26-19.35.03:778][185]LogModuleManager: Shutting down and abandoning module TakeRecorder (535)
[2021.12.26-19.35.03:797][185]LogModuleManager: Shutting down and abandoning module TakeTrackRecorders (532)
[2021.12.26-19.35.03:806][185]LogModuleManager: Shutting down and abandoning module TakesCore (530)
[2021.12.26-19.35.03:806][185]LogModuleManager: Shutting down and abandoning module OpenXRInput (528)
[2021.12.26-19.35.03:831][185]LogModuleManager: Shutting down and abandoning module WmfMediaFactory (526)
[2021.12.26-19.35.03:831][185]LogModuleManager: Shutting down and abandoning module WebMMediaFactory (524)
[2021.12.26-19.35.03:831][185]LogModuleManager: Shutting down and abandoning module WebMMedia (522)
[2021.12.26-19.35.03:850][185]LogModuleManager: Shutting down and abandoning module OpenExrWrapper (520)
[2021.12.26-19.35.03:850][185]LogModuleManager: Shutting down and abandoning module ImgMediaFactory (518)
[2021.12.26-19.35.03:850][185]LogModuleManager: Shutting down and abandoning module AvfMediaFactory (516)
[2021.12.26-19.35.03:850][185]LogModuleManager: Shutting down and abandoning module MagicLeapMediaCodecFactory (514)
[2021.12.26-19.35.03:850][185]LogModuleManager: Shutting down and abandoning module MagicLeapMediaFactory (512)
[2021.12.26-19.35.03:850][185]LogModuleManager: Shutting down and abandoning module PlanarCut (510)
[2021.12.26-19.35.03:867][185]LogModuleManager: Shutting down and abandoning module CharacterAI (508)
[2021.12.26-19.35.03:867][185]LogModuleManager: Shutting down and abandoning module SessionServices (506)
[2021.12.26-19.35.03:867][185]LogModuleManager: Shutting down and abandoning module MovieSceneCapture (504)
[2021.12.26-19.35.03:881][185]LogModuleManager: Shutting down and abandoning module LiveCoding (502)
[2021.12.26-19.35.03:908][185]LogModuleManager: Shutting down and abandoning module LevelSequence (500)
[2021.12.26-19.35.03:908][185]LogModuleManager: Shutting down and abandoning module MovieSceneTracks (498)
[2021.12.26-19.35.03:908][185]LogModuleManager: Shutting down and abandoning module MovieScene (496)
[2021.12.26-19.35.03:909][185]LogModuleManager: Shutting down and abandoning module StreamingPauseRendering (494)
[2021.12.26-19.35.03:921][185]LogModuleManager: Shutting down and abandoning module PortalServices (492)
[2021.12.26-19.35.03:921][185]LogModuleManager: Shutting down and abandoning module PortalRpc (490)
[2021.12.26-19.35.03:921][185]LogModuleManager: Shutting down and abandoning module MessagingRpc (488)
[2021.12.26-19.35.03:921][185]LogModuleManager: Shutting down and abandoning module AudioMixerXAudio2 (486)
[2021.12.26-19.35.03:921][185]LogModuleManager: Shutting down and abandoning module AudioMixerCore (485)
[2021.12.26-19.35.03:921][185]LogModuleManager: Shutting down and abandoning module ImageWriteQueue (482)
[2021.12.26-19.35.03:921][185]LogModuleManager: Shutting down and abandoning module ProfilerService (480)
[2021.12.26-19.35.03:985][185]LogModuleManager: Shutting down and abandoning module TaskGraph (478)
[2021.12.26-19.35.04:044][185]LogModuleManager: Shutting down and abandoning module OculusInput (476)
[2021.12.26-19.35.04:044][185]LogModuleManager: Shutting down and abandoning module TakeMovieScene (474)
[2021.12.26-19.35.04:044][185]LogModuleManager: Shutting down and abandoning module Synthesis (472)
[2021.12.26-19.35.04:061][185]LogModuleManager: Shutting down and abandoning module ProceduralMeshComponent (470)
[2021.12.26-19.35.04:061][185]LogModuleManager: Shutting down and abandoning module MobilePatchingUtils (468)
[2021.12.26-19.35.04:061][185]LogModuleManager: Shutting down and abandoning module GooglePAD (466)
[2021.12.26-19.35.04:061][185]LogModuleManager: Shutting down and abandoning module EditableMesh (464)
[2021.12.26-19.35.04:070][185]LogModuleManager: Shutting down and abandoning module CustomMeshComponent (462)
[2021.12.26-19.35.04:070][185]LogModuleManager: Shutting down and abandoning module CableComponent (460)
[2021.12.26-19.35.04:070][185]LogModuleManager: Shutting down and abandoning module AudioCapture (458)
[2021.12.26-19.35.04:070][185]LogModuleManager: Shutting down and abandoning module AudioCaptureRtAudio (457)
[2021.12.26-19.35.04:085][185]LogModuleManager: Shutting down and abandoning module AssetTags (454)
[2021.12.26-19.35.04:085][185]LogModuleManager: Shutting down and abandoning module ArchVisCharacter (452)
[2021.12.26-19.35.04:085][185]LogModuleManager: Shutting down and abandoning module AppleImageUtilsBlueprintSupport (450)
[2021.12.26-19.35.04:085][185]LogModuleManager: Shutting down and abandoning module AppleImageUtils (448)
[2021.12.26-19.35.04:085][185]LogModuleManager: Shutting down and abandoning module AndroidPermission (446)
[2021.12.26-19.35.04:085][185]LogModuleManager: Shutting down and abandoning module ActorLayerUtilities (444)
[2021.12.26-19.35.04:085][185]LogModuleManager: Shutting down and abandoning module TemplateSequence (442)
[2021.12.26-19.35.04:102][185]LogModuleManager: Shutting down and abandoning module MediaCompositing (440)
[2021.12.26-19.35.04:102][185]LogModuleManager: Shutting down and abandoning module ImgMedia (438)
[2021.12.26-19.35.04:102][185]LogModuleManager: Shutting down and abandoning module MagicLeapLightEstimation (436)
[2021.12.26-19.35.04:102][185]LogModuleManager: Shutting down and abandoning module MagicLeapSharedWorld (434)
[2021.12.26-19.35.04:102][185]LogModuleManager: Shutting down and abandoning module MagicLeapHelperVulkan (432)
[2021.12.26-19.35.04:102][185]LogModuleManager: Shutting down and abandoning module MagicLeapHelperOpenGL (430)
[2021.12.26-19.35.04:102][185]LogModuleManager: Shutting down and abandoning module MagicLeapAudio (428)
[2021.12.26-19.35.04:117][185]LogModuleManager: Shutting down and abandoning module OpenImageDenoise (426)
[2021.12.26-19.35.04:117][185]LogOpenImageDenoise: OIDN shutting down
[2021.12.26-19.35.04:117][185]LogModuleManager: Shutting down and abandoning module MotoSynth (424)
[2021.12.26-19.35.04:117][185]LogModuleManager: Shutting down and abandoning module MeshConversion (422)
[2021.12.26-19.35.04:123][185]LogModuleManager: Shutting down and abandoning module DynamicMesh (420)
[2021.12.26-19.35.04:142][185]LogModuleManager: Shutting down and abandoning module GeometryAlgorithms (418)
[2021.12.26-19.35.04:157][185]LogModuleManager: Shutting down and abandoning module GeometricObjects (416)
[2021.12.26-19.35.04:166][185]LogModuleManager: Shutting down and abandoning module GeometryCollectionTracks (414)
[2021.12.26-19.35.04:166][185]LogModuleManager: Shutting down and abandoning module GeometryCollectionSequencer (413)
[2021.12.26-19.35.04:182][185]LogModuleManager: Shutting down and abandoning module GeometryCacheTracks (410)
[2021.12.26-19.35.04:182][185]LogModuleManager: Shutting down and abandoning module GeometryCacheSequencer (409)
[2021.12.26-19.35.04:182][185]LogModuleManager: Shutting down and abandoning module GeometryCache (406)
[2021.12.26-19.35.04:182][185]LogModuleManager: Shutting down and abandoning module GeometryCacheEd (405)
[2021.12.26-19.35.04:182][185]LogModuleManager: Shutting down and abandoning module ChaosNiagara (402)
[2021.12.26-19.35.04:197][185]LogModuleManager: Shutting down and abandoning module FieldSystemEngine (401)
[2021.12.26-19.35.04:197][185]LogModuleManager: Shutting down and abandoning module BackChannel (398)
[2021.12.26-19.35.04:213][185]LogModuleManager: Shutting down and abandoning module AutomationUtils (396)
[2021.12.26-19.35.04:213][185]LogModuleManager: Shutting down and abandoning module VisualStudioSourceCodeAccess (394)
[2021.12.26-19.35.04:213][185]LogModuleManager: Shutting down and abandoning module HotReload (393)
[2021.12.26-19.35.04:213][185]LogModuleManager: Shutting down and abandoning module VisualStudioCodeSourceCodeAccess (390)
[2021.12.26-19.35.04:213][185]LogModuleManager: Shutting down and abandoning module UObjectPlugin (388)
[2021.12.26-19.35.04:213][185]LogModuleManager: Shutting down and abandoning module SubversionSourceControl (386)
[2021.12.26-19.35.04:229][185]LogModuleManager: Shutting down and abandoning module PerforceSourceControl (384)
[2021.12.26-19.35.04:244][185]LogModuleManager: Shutting down and abandoning module SourceControl (383)
[2021.12.26-19.35.04:256][185]LogModuleManager: Shutting down and abandoning module CLionSourceCodeAccess (380)
[2021.12.26-19.35.04:256][185]LogModuleManager: Shutting down and abandoning module OodleNetworkHandlerComponent (378)
[2021.12.26-19.35.04:256][185]LogModuleManager: Shutting down and abandoning module LiveLinkSequencer (376)
[2021.12.26-19.35.04:256][185]LogModuleManager: Shutting down and abandoning module LiveLinkMovieScene (374)
[2021.12.26-19.35.04:256][185]LogModuleManager: Shutting down and abandoning module LiveLinkGraphNode (372)
[2021.12.26-19.35.04:256][185]LogModuleManager: Shutting down and abandoning module LiveLinkComponents (370)
[2021.12.26-19.35.04:256][185]LogModuleManager: Shutting down and abandoning module LiveLink (368)
