Log file open, 01/04/22 02:30:38
LogWindows: Failed to load 'aqProf.dll' (GetLastError=126)
LogWindows: File 'aqProf.dll' does not exist
LogWindows: Failed to load 'VtuneApi.dll' (GetLastError=126)
LogWindows: File 'VtuneApi.dll' does not exist
LogWindows: Failed to load 'VtuneApi32e.dll' (GetLastError=126)
LogWindows: File 'VtuneApi32e.dll' does not exist
LogConsoleResponse: Display: Failed to find resolution value strings in scalability ini. Falling back to default.
LogConsoleResponse: Display: Failed to find resolution value strings in scalability ini. Falling back to default.
LogInit: Display: Running engine for game: Dungeoner
LogPlatformFile: Not using cached read wrapper
LogTaskGraph: Started task graph with 5 named threads and 14 total threads with 3 sets of task threads.
LogStats: Stats thread started at 0.251763
LogICUInternationalization: ICU TimeZone Detection - Raw Offset: +4:00, Platform Override: ''
LogInit: Display: Loading text-based GConfig....
LogPluginManager: Mounting plugin MeshPainting
LogPluginManager: Mounting plugin XGEController
LogPluginManager: Mounting plugin Paper2D
LogPluginManager: Mounting plugin LiveLink
LogPluginManager: Mounting plugin AISupport
LogPluginManager: Mounting plugin EnvironmentQueryEditor
LogPluginManager: Mounting plugin LightPropagationVolume
LogPluginManager: Mounting plugin CameraShakePreviewer
LogPluginManager: Mounting plugin GameplayCameras
LogPluginManager: Mounting plugin OodleData
LogPluginManager: Mounting plugin OodleNetwork
LogPluginManager: Mounting plugin AnimationSharing
LogPluginManager: Mounting plugin CLionSourceCodeAccess
LogPluginManager: Mounting plugin CodeLiteSourceCodeAccess
LogPluginManager: Mounting plugin GitSourceControl
LogPluginManager: Mounting plugin KDevelopSourceCodeAccess
LogPluginManager: Mounting plugin NullSourceCodeAccess
LogPluginManager: Mounting plugin PixWinPlugin
LogPluginManager: Mounting plugin PerforceSourceControl
LogPluginManager: Mounting plugin PlasticSourceControl
LogPluginManager: Mounting plugin PluginUtils
LogPluginManager: Mounting plugin PropertyAccessNode
LogPluginManager: Mounting plugin RiderSourceCodeAccess
LogPluginManager: Mounting plugin SubversionSourceControl
LogPluginManager: Mounting plugin TextureFormatOodle
LogPluginManager: Mounting plugin UObjectPlugin
LogPluginManager: Mounting plugin VisualStudioCodeSourceCodeAccess
LogPluginManager: Mounting plugin VisualStudioSourceCodeAccess
LogPluginManager: Mounting plugin XCodeSourceCodeAccess
LogPluginManager: Mounting plugin AssetManagerEditor
LogPluginManager: Mounting plugin CryptoKeys
LogPluginManager: Mounting plugin CurveEditorTools
LogPluginManager: Mounting plugin DataValidation
LogPluginManager: Mounting plugin FacialAnimation
LogPluginManager: Mounting plugin GameplayTagsEditor
LogPluginManager: Mounting plugin GeometryMode
LogPluginManager: Mounting plugin MacGraphicsSwitching
LogPluginManager: Mounting plugin MaterialAnalyzer
LogPluginManager: Mounting plugin MobileLauncherProfileWizard
LogPluginManager: Mounting plugin PluginBrowser
LogPluginManager: Mounting plugin SpeedTreeImporter
LogPluginManager: Mounting plugin DatasmithContent
LogPluginManager: Mounting plugin VariantManagerContent
LogPluginManager: Mounting plugin AlembicImporter
LogPluginManager: Mounting plugin AutomationUtils
LogPluginManager: Mounting plugin BackChannel
LogPluginManager: Mounting plugin ChaosCloth
LogPluginManager: Mounting plugin ChaosEditor
LogPluginManager: Mounting plugin ChaosClothEditor
LogPluginManager: Mounting plugin ChaosNiagara
LogPluginManager: Mounting plugin ChaosSolverPlugin
LogPluginManager: Mounting plugin CharacterAI
LogPluginManager: Mounting plugin GeometryCache
LogPluginManager: Mounting plugin Niagara
LogPluginManager: Mounting plugin GeometryCollectionPlugin
LogPluginManager: Mounting plugin GeometryProcessing
LogPluginManager: Mounting plugin OpenImageDenoise
LogPluginManager: Mounting plugin MotoSynth
LogPluginManager: Mounting plugin PlanarCut
LogPluginManager: Mounting plugin PlatformCrypto
LogPluginManager: Mounting plugin ProxyLODPlugin
LogPluginManager: Mounting plugin PythonScriptPlugin
LogPluginManager: Mounting plugin SkeletalReduction
LogPluginManager: Mounting plugin LuminPlatformFeatures
LogPluginManager: Mounting plugin MagicLeap
LogPluginManager: Mounting plugin MagicLeapLightEstimation
LogPluginManager: Mounting plugin MagicLeapMedia
LogPluginManager: Mounting plugin MagicLeapPassableWorld
LogPluginManager: Mounting plugin MLSDK
LogPluginManager: Mounting plugin AndroidMedia
LogPluginManager: Mounting plugin AvfMedia
LogPluginManager: Mounting plugin ImgMedia
LogPluginManager: Mounting plugin MediaCompositing
LogPluginManager: Mounting plugin MediaPlayerEditor
LogPluginManager: Mounting plugin WebMMedia
LogPluginManager: Mounting plugin WmfMedia
LogPluginManager: Mounting plugin TcpMessaging
LogPluginManager: Mounting plugin UdpMessaging
LogPluginManager: Mounting plugin ActorSequence
LogPluginManager: Mounting plugin LevelSequenceEditor
LogPluginManager: Mounting plugin MatineeToLevelSequence
LogPluginManager: Mounting plugin TemplateSequence
LogPluginManager: Mounting plugin OnlineSubsystem
LogPluginManager: Mounting plugin OnlineSubsystemNull
LogPluginManager: Mounting plugin OnlineSubsystemUtils
LogPluginManager: Mounting plugin LauncherChunkInstaller
LogPluginManager: Mounting plugin ActorLayerUtilities
LogPluginManager: Mounting plugin AndroidDeviceProfileSelector
LogPluginManager: Mounting plugin AndroidMoviePlayer
LogPluginManager: Mounting plugin AndroidPermission
LogPluginManager: Mounting plugin AppleImageUtils
LogPluginManager: Mounting plugin AppleMoviePlayer
LogPluginManager: Mounting plugin ArchVisCharacter
LogPluginManager: Mounting plugin AssetTags
LogPluginManager: Mounting plugin AudioCapture
LogPluginManager: Mounting plugin AudioSynesthesia
LogPluginManager: Mounting plugin CableComponent
LogPluginManager: Mounting plugin ChunkDownloader
LogPluginManager: Mounting plugin CustomMeshComponent
LogPluginManager: Mounting plugin EditableMesh
LogPluginManager: Mounting plugin ExampleDeviceProfileSelector
LogPluginManager: Mounting plugin GoogleCloudMessaging
LogPluginManager: Mounting plugin GooglePAD
LogPluginManager: Mounting plugin IOSDeviceProfileSelector
LogPluginManager: Mounting plugin LinuxDeviceProfileSelector
LogPluginManager: Mounting plugin LocationServicesBPLibrary
LogPluginManager: Mounting plugin MobilePatchingUtils
LogPluginManager: Mounting plugin OpenXR
LogPluginManager: Mounting plugin OpenXREyeTracker
LogPluginManager: Mounting plugin OpenXRHandTracking
LogPluginManager: Mounting plugin PhysXVehicles
LogPluginManager: Mounting plugin PostSplashScreen
LogPluginManager: Mounting plugin ProceduralMeshComponent
LogPluginManager: Mounting plugin PropertyAccessEditor
LogPluginManager: Mounting plugin RuntimePhysXCooking
LogPluginManager: Mounting plugin SignificanceManager
LogPluginManager: Mounting plugin SoundFields
LogPluginManager: Mounting plugin Synthesis
LogPluginManager: Mounting plugin WebMMoviePlayer
LogPluginManager: Mounting plugin WindowsMoviePlayer
LogPluginManager: Mounting plugin ScreenshotTools
LogPluginManager: Mounting plugin Takes
LogPluginManager: Mounting plugin ContentBrowserAssetDataSource
LogPluginManager: Mounting plugin ContentBrowserClassDataSource
LogPluginManager: Mounting plugin ContentBrowserFileDataSource
LogPluginManager: Mounting plugin OnlineSubsystemGooglePlay
LogPluginManager: Mounting plugin OnlineSubsystemIOS
LogPluginManager: Mounting plugin OculusVR
LogPluginManager: Mounting plugin SteamVR
PixWinPlugin: PIX capture plugin failed to initialize! Check that the process is launched from PIX.
LogInit: Using libcurl 7.55.1-DEV
LogInit:  - built for x86_64-pc-win32
LogInit:  - supports SSL with OpenSSL/1.1.1
LogInit:  - supports HTTP deflate (compression) using libz 1.2.8
LogInit:  - other features:
LogInit:      CURL_VERSION_SSL
LogInit:      CURL_VERSION_LIBZ
LogInit:      CURL_VERSION_IPV6
LogInit:      CURL_VERSION_ASYNCHDNS
LogInit:      CURL_VERSION_LARGEFILE
LogInit:      CURL_VERSION_IDN
LogInit:  CurlRequestOptions (configurable via config and command line):
LogInit:  - bVerifyPeer = true  - Libcurl will verify peer certificate
LogInit:  - bUseHttpProxy = false  - Libcurl will NOT use HTTP proxy
LogInit:  - bDontReuseConnections = false  - Libcurl will reuse connections
LogInit:  - MaxHostConnections = 16  - Libcurl will limit the number of connections to a host
LogInit:  - LocalHostAddr = Default
LogInit:  - BufferSize = 65536
LogOnline: OSS: Creating online subsystem instance for: NULL
LogInit: WinSock: version 1.1 (2.2), MaxSocks=32767, MaxUdp=65467
LogOnline: OSS: TryLoadSubsystemAndSetDefault: Loaded subsystem for module [NULL]
LogOculusPluginWrapper: OculusPlugin initialized successfully
LogHMD: Failed initializing OVRPlugin 1.59.0
LogInit: Build: ++UE4+Release-4.27-CL-18319896
LogInit: Engine Version: 4.27.2-18319896+++UE4+Release-4.27
LogInit: Compatible Engine Version: 4.27.0-17155196+++UE4+Release-4.27
LogInit: Net CL: 17155196
LogInit: OS: Windows 10 (Release 2004) (), CPU:         Intel(R) Core(TM) i5-2400 CPU @ 3.10GHz, GPU: NVIDIA GeForce GTX 550 Ti
LogInit: Compiled (64-bit): Nov 30 2021 07:12:08
LogInit: Compiled with Visual C++: 19.24.28315.00
LogInit: Build Configuration: Development
LogInit: Branch Name: ++UE4+Release-4.27
LogInit: Command Line: 
LogInit: Base Directory: E:/UE_4.27/Engine/Binaries/Win64/
LogInit: Allocator: TBB
LogInit: Installed Engine Build: 1
LogDevObjectVersion: Number of dev versions registered: 29
LogDevObjectVersion:   Dev-Blueprints (B0D832E4-1F89-4F0D-ACCF-7EB736FD4AA2): 10
LogDevObjectVersion:   Dev-Build (E1C64328-A22C-4D53-A36C-8E866417BD8C): 0
LogDevObjectVersion:   Dev-Core (375EC13C-06E4-48FB-B500-84F0262A717E): 4
LogDevObjectVersion:   Dev-Editor (E4B068ED-F494-42E9-A231-DA0B2E46BB41): 40
LogDevObjectVersion:   Dev-Framework (CFFC743F-43B0-4480-9391-14DF171D2073): 37
LogDevObjectVersion:   Dev-Mobile (B02B49B5-BB20-44E9-A304-32B752E40360): 3
LogDevObjectVersion:   Dev-Networking (A4E4105C-59A1-49B5-A7C5-40C4547EDFEE): 0
LogDevObjectVersion:   Dev-Online (39C831C9-5AE6-47DC-9A44-9C173E1C8E7C): 0
LogDevObjectVersion:   Dev-Physics (78F01B33-EBEA-4F98-B9B4-84EACCB95AA2): 14
LogDevObjectVersion:   Dev-Platform (6631380F-2D4D-43E0-8009-CF276956A95A): 0
LogDevObjectVersion:   Dev-Rendering (12F88B9F-8875-4AFC-A67C-D90C383ABD29): 45
LogDevObjectVersion:   Dev-Sequencer (7B5AE74C-D270-4C10-A958-57980B212A5A): 13
LogDevObjectVersion:   Dev-VR (D7296918-1DD6-4BDD-9DE2-64A83CC13884): 3
LogDevObjectVersion:   Dev-LoadTimes (C2A15278-BFE7-4AFE-6C17-90FF531DF755): 1
LogDevObjectVersion:   Private-Geometry (6EACA3D4-40EC-4CC1-B786-8BED09428FC5): 3
LogDevObjectVersion:   Dev-AnimPhys (29E575DD-E0A3-4627-9D10-D276232CDCEA): 17
LogDevObjectVersion:   Dev-Anim (AF43A65D-7FD3-4947-9873-3E8ED9C1BB05): 15
LogDevObjectVersion:   Dev-ReflectionCapture (6B266CEC-1EC7-4B8F-A30B-E4D90942FC07): 1
LogDevObjectVersion:   Dev-Automation (0DF73D61-A23F-47EA-B727-89E90C41499A): 1
LogDevObjectVersion:   FortniteMain (601D1886-AC64-4F84-AA16-D3DE0DEAC7D6): 47
LogDevObjectVersion:   FortniteRelease (E7086368-6B23-4C58-8439-1B7016265E91): 1
LogDevObjectVersion:   Dev-Enterprise (9DFFBCD6-494F-0158-E221-12823C92A888): 10
LogDevObjectVersion:   Dev-Niagara (F2AED0AC-9AFE-416F-8664-AA7FFA26D6FC): 1
LogDevObjectVersion:   Dev-Destruction (174F1F0B-B4C6-45A5-B13F-2EE8D0FB917D): 10
LogDevObjectVersion:   Dev-Physics-Ext (35F94A83-E258-406C-A318-09F59610247C): 41
LogDevObjectVersion:   Dev-PhysicsMaterial-Chaos (B68FC16E-8B1B-42E2-B453-215C058844FE): 1
LogDevObjectVersion:   Dev-CineCamera (B2E18506-4273-CFC2-A54E-F4BB758BBA07): 1
LogDevObjectVersion:   Dev-VirtualProduction (64F58936-FD1B-42BA-BA96-7289D5D0FA4E): 1
LogDevObjectVersion:   Dev-MediaFramework (6F0ED827-A609-4895-9C91-998D90180EA4): 2
LogInit: Presizing for max 25165824 objects, including 0 objects not considered by GC, pre-allocating 0 bytes for permanent pool.
LogConfig: Applying CVar settings from Section [/Script/Engine.StreamingSettings] File [E:/Unreal Projects/Dungeoner/Saved/Config/Windows/Engine.ini]
LogConfig: Setting CVar [[s.MinBulkDataSizeForAsyncLoading:131072]]
LogConfig: Setting CVar [[s.AsyncLoadingThreadEnabled:0]]
LogConfig: Setting CVar [[s.EventDrivenLoaderEnabled:1]]
LogConfig: Setting CVar [[s.WarnIfTimeLimitExceeded:0]]
LogConfig: Setting CVar [[s.TimeLimitExceededMultiplier:1.5]]
LogConfig: Setting CVar [[s.TimeLimitExceededMinTime:0.005]]
LogConfig: Setting CVar [[s.UseBackgroundLevelStreaming:1]]
LogConfig: Setting CVar [[s.PriorityAsyncLoadingExtraTime:15.0]]
LogConfig: Setting CVar [[s.LevelStreamingActorsUpdateTimeLimit:5.0]]
LogConfig: Setting CVar [[s.PriorityLevelStreamingActorsUpdateExtraTime:5.0]]
LogConfig: Setting CVar [[s.LevelStreamingComponentsRegistrationGranularity:10]]
LogConfig: Setting CVar [[s.UnregisterComponentsTimeLimit:1.0]]
LogConfig: Setting CVar [[s.LevelStreamingComponentsUnregistrationGranularity:5]]
LogConfig: Setting CVar [[s.FlushStreamingOnExit:1]]
LogInit: Object subsystem initialized
LogConfig: Setting CVar [[con.DebugEarlyDefault:1]]
LogConfig: Setting CVar [[r.setres:1280x720]]
[2022.01.03-22.30.38:824][  0]LogConfig: Setting CVar [[r.VSync:0]]
[2022.01.03-22.30.38:824][  0]LogConfig: Setting CVar [[r.RHICmdBypass:0]]
[2022.01.03-22.30.38:824][  0]LogConfig: Applying CVar settings from Section [/Script/Engine.RendererSettings] File [E:/Unreal Projects/Dungeoner/Saved/Config/Windows/Engine.ini]
[2022.01.03-22.30.38:824][  0]LogConfig: Setting CVar [[r.GPUCrashDebugging:0]]
[2022.01.03-22.30.38:824][  0]LogConfig: Applying CVar settings from Section [/Script/Engine.RendererOverrideSettings] File [E:/Unreal Projects/Dungeoner/Saved/Config/Windows/Engine.ini]
[2022.01.03-22.30.38:824][  0]LogConfig: Applying CVar settings from Section [/Script/Engine.StreamingSettings] File [E:/Unreal Projects/Dungeoner/Saved/Config/Windows/Engine.ini]
[2022.01.03-22.30.38:824][  0]LogConfig: Setting CVar [[s.MinBulkDataSizeForAsyncLoading:131072]]
[2022.01.03-22.30.38:824][  0]LogConfig: Setting CVar [[s.AsyncLoadingThreadEnabled:0]]
[2022.01.03-22.30.38:824][  0]LogConfig: Setting CVar [[s.EventDrivenLoaderEnabled:1]]
[2022.01.03-22.30.38:824][  0]LogConfig: Setting CVar [[s.WarnIfTimeLimitExceeded:0]]
[2022.01.03-22.30.38:824][  0]LogConfig: Setting CVar [[s.TimeLimitExceededMultiplier:1.5]]
[2022.01.03-22.30.38:824][  0]LogConfig: Setting CVar [[s.TimeLimitExceededMinTime:0.005]]
[2022.01.03-22.30.38:824][  0]LogConfig: Setting CVar [[s.UseBackgroundLevelStreaming:1]]
[2022.01.03-22.30.38:824][  0]LogConfig: Setting CVar [[s.PriorityAsyncLoadingExtraTime:15.0]]
[2022.01.03-22.30.38:824][  0]LogConfig: Setting CVar [[s.LevelStreamingActorsUpdateTimeLimit:5.0]]
[2022.01.03-22.30.38:825][  0]LogConfig: Setting CVar [[s.PriorityLevelStreamingActorsUpdateExtraTime:5.0]]
[2022.01.03-22.30.38:825][  0]LogConfig: Setting CVar [[s.LevelStreamingComponentsRegistrationGranularity:10]]
[2022.01.03-22.30.38:825][  0]LogConfig: Setting CVar [[s.UnregisterComponentsTimeLimit:1.0]]
[2022.01.03-22.30.38:825][  0]LogConfig: Setting CVar [[s.LevelStreamingComponentsUnregistrationGranularity:5]]
[2022.01.03-22.30.38:825][  0]LogConfig: Setting CVar [[s.FlushStreamingOnExit:1]]
[2022.01.03-22.30.38:825][  0]LogConfig: Applying CVar settings from Section [/Script/Engine.GarbageCollectionSettings] File [E:/Unreal Projects/Dungeoner/Saved/Config/Windows/Engine.ini]
[2022.01.03-22.30.38:825][  0]LogConfig: Setting CVar [[gc.MaxObjectsNotConsideredByGC:1]]
[2022.01.03-22.30.38:825][  0]LogConfig: Setting CVar [[gc.SizeOfPermanentObjectPool:0]]
[2022.01.03-22.30.38:825][  0]LogConfig: Setting CVar [[gc.FlushStreamingOnGC:0]]
[2022.01.03-22.30.38:825][  0]LogConfig: Setting CVar [[gc.NumRetriesBeforeForcingGC:10]]
[2022.01.03-22.30.38:825][  0]LogConfig: Setting CVar [[gc.AllowParallelGC:1]]
[2022.01.03-22.30.38:825][  0]LogConfig: Setting CVar [[gc.TimeBetweenPurgingPendingKillObjects:61.1]]
[2022.01.03-22.30.38:825][  0]LogConfig: Setting CVar [[gc.MaxObjectsInEditor:25165824]]
[2022.01.03-22.30.38:825][  0]LogConfig: Setting CVar [[gc.IncrementalBeginDestroyEnabled:1]]
[2022.01.03-22.30.38:825][  0]LogConfig: Setting CVar [[gc.CreateGCClusters:1]]
[2022.01.03-22.30.38:825][  0]LogConfig: Setting CVar [[gc.MinGCClusterSize:5]]
[2022.01.03-22.30.38:825][  0]LogConfig: Setting CVar [[gc.ActorClusteringEnabled:0]]
[2022.01.03-22.30.38:825][  0]LogConfig: Setting CVar [[gc.BlueprintClusteringEnabled:0]]
[2022.01.03-22.30.38:825][  0]LogConfig: Setting CVar [[gc.UseDisregardForGCOnDedicatedServers:0]]
[2022.01.03-22.30.38:825][  0]LogConfig: Setting CVar [[gc.MultithreadedDestructionEnabled:1]]
[2022.01.03-22.30.38:825][  0]LogConfig: Applying CVar settings from Section [/Script/Engine.NetworkSettings] File [E:/Unreal Projects/Dungeoner/Saved/Config/Windows/Engine.ini]
[2022.01.03-22.30.38:825][  0]LogConfig: Applying CVar settings from Section [/Script/UnrealEd.CookerSettings] File [E:/Unreal Projects/Dungeoner/Saved/Config/Windows/Engine.ini]
[2022.01.03-22.30.38:831][  0]LogConfig: Applying CVar settings from Section [ViewDistanceQuality@3] File [E:/Unreal Projects/Dungeoner/Saved/Config/Windows/Scalability.ini]
[2022.01.03-22.30.38:831][  0]LogConfig: Setting CVar [[r.SkeletalMeshLODBias:0]]
[2022.01.03-22.30.38:831][  0]LogConfig: Setting CVar [[r.ViewDistanceScale:1.0]]
[2022.01.03-22.30.38:831][  0]LogConfig: Applying CVar settings from Section [AntiAliasingQuality@3] File [E:/Unreal Projects/Dungeoner/Saved/Config/Windows/Scalability.ini]
[2022.01.03-22.30.38:831][  0]LogConfig: Setting CVar [[r.PostProcessAAQuality:4]]
[2022.01.03-22.30.38:831][  0]LogConfig: Applying CVar settings from Section [ShadowQuality@3] File [E:/Unreal Projects/Dungeoner/Saved/Config/Windows/Scalability.ini]
[2022.01.03-22.30.38:832][  0]LogConfig: Setting CVar [[r.LightFunctionQuality:1]]
[2022.01.03-22.30.38:832][  0]LogConfig: Setting CVar [[r.ShadowQuality:5]]
[2022.01.03-22.30.38:832][  0]LogConfig: Setting CVar [[r.Shadow.CSM.MaxCascades:10]]
[2022.01.03-22.30.38:832][  0]LogConfig: Setting CVar [[r.Shadow.MaxResolution:2048]]
[2022.01.03-22.30.38:832][  0]LogConfig: Setting CVar [[r.Shadow.MaxCSMResolution:2048]]
[2022.01.03-22.30.38:832][  0]LogConfig: Setting CVar [[r.Shadow.RadiusThreshold:0.01]]
[2022.01.03-22.30.38:832][  0]LogConfig: Setting CVar [[r.Shadow.DistanceScale:1.0]]
[2022.01.03-22.30.38:832][  0]LogConfig: Setting CVar [[r.Shadow.CSM.TransitionScale:1.0]]
[2022.01.03-22.30.38:832][  0]LogConfig: Setting CVar [[r.Shadow.PreShadowResolutionFactor:1.0]]
[2022.01.03-22.30.38:832][  0]LogConfig: Setting CVar [[r.DistanceFieldShadowing:1]]
[2022.01.03-22.30.38:832][  0]LogConfig: Setting CVar [[r.DistanceFieldAO:1]]
[2022.01.03-22.30.38:832][  0]LogConfig: Setting CVar [[r.AOQuality:2]]
[2022.01.03-22.30.38:832][  0]LogConfig: Setting CVar [[r.VolumetricFog:1]]
[2022.01.03-22.30.38:832][  0]LogConfig: Setting CVar [[r.VolumetricFog.GridPixelSize:8]]
[2022.01.03-22.30.38:832][  0]LogConfig: Setting CVar [[r.VolumetricFog.GridSizeZ:128]]
[2022.01.03-22.30.38:832][  0]LogConfig: Setting CVar [[r.VolumetricFog.HistoryMissSupersampleCount:4]]
[2022.01.03-22.30.38:832][  0]LogConfig: Setting CVar [[r.LightMaxDrawDistanceScale:1]]
[2022.01.03-22.30.38:832][  0]LogConfig: Setting CVar [[r.CapsuleShadows:1]]
[2022.01.03-22.30.38:832][  0]LogConfig: Applying CVar settings from Section [PostProcessQuality@3] File [E:/Unreal Projects/Dungeoner/Saved/Config/Windows/Scalability.ini]
[2022.01.03-22.30.38:832][  0]LogConfig: Setting CVar [[r.MotionBlurQuality:4]]
[2022.01.03-22.30.38:832][  0]LogConfig: Setting CVar [[r.AmbientOcclusionMipLevelFactor:0.4]]
[2022.01.03-22.30.38:832][  0]LogConfig: Setting CVar [[r.AmbientOcclusionMaxQuality:100]]
[2022.01.03-22.30.38:832][  0]LogConfig: Setting CVar [[r.AmbientOcclusionLevels:-1]]
[2022.01.03-22.30.38:832][  0]LogConfig: Setting CVar [[r.AmbientOcclusionRadiusScale:1.0]]
[2022.01.03-22.30.38:832][  0]LogConfig: Setting CVar [[r.DepthOfFieldQuality:2]]
[2022.01.03-22.30.38:832][  0]LogConfig: Setting CVar [[r.RenderTargetPoolMin:400]]
[2022.01.03-22.30.38:832][  0]LogConfig: Setting CVar [[r.LensFlareQuality:2]]
[2022.01.03-22.30.38:832][  0]LogConfig: Setting CVar [[r.SceneColorFringeQuality:1]]
[2022.01.03-22.30.38:832][  0]LogConfig: Setting CVar [[r.EyeAdaptationQuality:2]]
[2022.01.03-22.30.38:832][  0]LogConfig: Setting CVar [[r.BloomQuality:5]]
[2022.01.03-22.30.38:832][  0]LogConfig: Setting CVar [[r.FastBlurThreshold:100]]
[2022.01.03-22.30.38:832][  0]LogConfig: Setting CVar [[r.Upscale.Quality:3]]
[2022.01.03-22.30.38:832][  0]LogConfig: Setting CVar [[r.Tonemapper.GrainQuantization:1]]
[2022.01.03-22.30.38:832][  0]LogConfig: Setting CVar [[r.LightShaftQuality:1]]
[2022.01.03-22.30.38:832][  0]LogConfig: Setting CVar [[r.Filter.SizeScale:1]]
[2022.01.03-22.30.38:832][  0]LogConfig: Setting CVar [[r.Tonemapper.Quality:5]]
[2022.01.03-22.30.38:832][  0]LogConfig: Setting CVar [[r.DOF.Gather.AccumulatorQuality:1        ; higher gathering accumulator quality]]
[2022.01.03-22.30.38:832][  0]LogConfig: Setting CVar [[r.DOF.Gather.PostfilterMethod:1          ; Median3x3 postfilering method]]
[2022.01.03-22.30.38:832][  0]LogConfig: Setting CVar [[r.DOF.Gather.EnableBokehSettings:0       ; no bokeh simulation when gathering]]
[2022.01.03-22.30.38:832][  0]LogConfig: Setting CVar [[r.DOF.Gather.RingCount:4                 ; medium number of samples when gathering]]
[2022.01.03-22.30.38:832][  0]LogConfig: Setting CVar [[r.DOF.Scatter.ForegroundCompositing:1    ; additive foreground scattering]]
[2022.01.03-22.30.38:832][  0]LogConfig: Setting CVar [[r.DOF.Scatter.BackgroundCompositing:2    ; additive background scattering]]
[2022.01.03-22.30.38:832][  0]LogConfig: Setting CVar [[r.DOF.Scatter.EnableBokehSettings:1      ; bokeh simulation when scattering]]
[2022.01.03-22.30.38:832][  0]LogConfig: Setting CVar [[r.DOF.Scatter.MaxSpriteRatio:0.1         ; only a maximum of 10% of scattered bokeh]]
[2022.01.03-22.30.38:832][  0]LogConfig: Setting CVar [[r.DOF.Recombine.Quality:1                ; cheap slight out of focus]]
[2022.01.03-22.30.38:832][  0]LogConfig: Setting CVar [[r.DOF.Recombine.EnableBokehSettings:0    ; no bokeh simulation on slight out of focus]]
[2022.01.03-22.30.38:832][  0]LogConfig: Setting CVar [[r.DOF.TemporalAAQuality:1                ; more stable temporal accumulation]]
[2022.01.03-22.30.38:832][  0]LogConfig: Setting CVar [[r.DOF.Kernel.MaxForegroundRadius:0.025]]
[2022.01.03-22.30.38:832][  0]LogConfig: Setting CVar [[r.DOF.Kernel.MaxBackgroundRadius:0.025]]
[2022.01.03-22.30.38:832][  0]LogConfig: Applying CVar settings from Section [TextureQuality@3] File [E:/Unreal Projects/Dungeoner/Saved/Config/Windows/Scalability.ini]
[2022.01.03-22.30.38:832][  0]LogConfig: Setting CVar [[r.Streaming.MipBias:0]]
[2022.01.03-22.30.38:832][  0]LogConfig: Setting CVar [[r.Streaming.AmortizeCPUToGPUCopy:0]]
[2022.01.03-22.30.38:832][  0]LogConfig: Setting CVar [[r.Streaming.MaxNumTexturesToStreamPerFrame:0]]
[2022.01.03-22.30.38:832][  0]LogConfig: Setting CVar [[r.Streaming.Boost:1]]
[2022.01.03-22.30.38:832][  0]LogConfig: Setting CVar [[r.MaxAnisotropy:8]]
[2022.01.03-22.30.38:832][  0]LogConfig: Setting CVar [[r.VT.MaxAnisotropy:8]]
[2022.01.03-22.30.38:832][  0]LogConfig: Setting CVar [[r.Streaming.LimitPoolSizeToVRAM:0]]
[2022.01.03-22.30.38:832][  0]LogConfig: Setting CVar [[r.Streaming.PoolSize:1000]]
[2022.01.03-22.30.38:833][  0]LogConfig: Setting CVar [[r.Streaming.MaxEffectiveScreenSize:0]]
[2022.01.03-22.30.38:833][  0]LogConfig: Applying CVar settings from Section [EffectsQuality@3] File [E:/Unreal Projects/Dungeoner/Saved/Config/Windows/Scalability.ini]
[2022.01.03-22.30.38:833][  0]LogConfig: Setting CVar [[r.TranslucencyLightingVolumeDim:64]]
[2022.01.03-22.30.38:833][  0]LogConfig: Setting CVar [[r.RefractionQuality:2]]
[2022.01.03-22.30.38:833][  0]LogConfig: Setting CVar [[r.SSR.Quality:3]]
[2022.01.03-22.30.38:833][  0]LogConfig: Setting CVar [[r.SSR.HalfResSceneColor:0]]
[2022.01.03-22.30.38:833][  0]LogConfig: Setting CVar [[r.SceneColorFormat:4]]
[2022.01.03-22.30.38:833][  0]LogConfig: Setting CVar [[r.DetailMode:2]]
[2022.01.03-22.30.38:833][  0]LogConfig: Setting CVar [[r.TranslucencyVolumeBlur:1]]
[2022.01.03-22.30.38:833][  0]LogConfig: Setting CVar [[r.MaterialQualityLevel:1 ; High quality]]
[2022.01.03-22.30.38:833][  0]LogConfig: Setting CVar [[r.AnisotropicMaterials:1]]
[2022.01.03-22.30.38:833][  0]LogConfig: Setting CVar [[r.SSS.Scale:1]]
[2022.01.03-22.30.38:833][  0]LogConfig: Setting CVar [[r.SSS.SampleSet:2]]
[2022.01.03-22.30.38:833][  0]LogConfig: Setting CVar [[r.SSS.Quality:1]]
[2022.01.03-22.30.38:833][  0]LogConfig: Setting CVar [[r.SSS.HalfRes:0]]
[2022.01.03-22.30.38:833][  0]LogConfig: Setting CVar [[r.SSGI.Quality:3]]
[2022.01.03-22.30.38:833][  0]LogConfig: Setting CVar [[r.EmitterSpawnRateScale:1.0]]
[2022.01.03-22.30.38:833][  0]LogConfig: Setting CVar [[r.ParticleLightQuality:2]]
[2022.01.03-22.30.38:833][  0]LogConfig: Setting CVar [[r.SkyAtmosphere.AerialPerspectiveLUT.FastApplyOnOpaque:1 ; Always have FastSkyLUT 1 in this case to avoid wrong sky]]
[2022.01.03-22.30.38:833][  0]LogConfig: Setting CVar [[r.SkyAtmosphere.AerialPerspectiveLUT.SampleCountMaxPerSlice:4]]
[2022.01.03-22.30.38:833][  0]LogConfig: Setting CVar [[r.SkyAtmosphere.AerialPerspectiveLUT.DepthResolution:16.0]]
[2022.01.03-22.30.38:833][  0]LogConfig: Setting CVar [[r.SkyAtmosphere.FastSkyLUT:1]]
[2022.01.03-22.30.38:833][  0]LogConfig: Setting CVar [[r.SkyAtmosphere.FastSkyLUT.SampleCountMin:4.0]]
[2022.01.03-22.30.38:833][  0]LogConfig: Setting CVar [[r.SkyAtmosphere.FastSkyLUT.SampleCountMax:128.0]]
[2022.01.03-22.30.38:833][  0]LogConfig: Setting CVar [[r.SkyAtmosphere.SampleCountMin:4.0]]
[2022.01.03-22.30.38:833][  0]LogConfig: Setting CVar [[r.SkyAtmosphere.SampleCountMax:128.0]]
[2022.01.03-22.30.38:833][  0]LogConfig: Setting CVar [[r.SkyAtmosphere.TransmittanceLUT.UseSmallFormat:0]]
[2022.01.03-22.30.38:833][  0]LogConfig: Setting CVar [[r.SkyAtmosphere.TransmittanceLUT.SampleCount:10.0]]
[2022.01.03-22.30.38:833][  0]LogConfig: Setting CVar [[r.SkyAtmosphere.MultiScatteringLUT.SampleCount:15.0]]
[2022.01.03-22.30.38:833][  0]LogConfig: Setting CVar [[r.SkyLight.RealTimeReflectionCapture:1]]
[2022.01.03-22.30.38:833][  0]LogConfig: Applying CVar settings from Section [FoliageQuality@3] File [E:/Unreal Projects/Dungeoner/Saved/Config/Windows/Scalability.ini]
[2022.01.03-22.30.38:833][  0]LogConfig: Setting CVar [[foliage.DensityScale:1.0]]
[2022.01.03-22.30.38:833][  0]LogConfig: Setting CVar [[grass.DensityScale:1.0]]
[2022.01.03-22.30.38:833][  0]LogConfig: Applying CVar settings from Section [ShadingQuality@3] File [E:/Unreal Projects/Dungeoner/Saved/Config/Windows/Scalability.ini]
[2022.01.03-22.30.38:833][  0]LogConfig: Setting CVar [[r.HairStrands.SkyLighting.IntegrationType:2]]
[2022.01.03-22.30.38:833][  0]LogConfig: Setting CVar [[r.HairStrands.SkyAO.SampleCount:4]]
[2022.01.03-22.30.38:833][  0]LogConfig: Setting CVar [[r.HairStrands.Visibility.MSAA.SamplePerPixel:4]]
[2022.01.03-22.30.38:833][  0]LogInit: Selected Device Profile: [Windows]
[2022.01.03-22.30.38:833][  0]LogInit: Applying CVar settings loaded from the selected device profile: [Windows]
[2022.01.03-22.30.38:833][  0]LogHAL: Display: Platform has ~ 8 GB [8569896960 / 8589934592 / 8], which maps to Default [LargestMinGB=32, LargerMinGB=12, DefaultMinGB=8, SmallerMinGB=6, SmallestMinGB=0)
[2022.01.03-22.30.38:833][  0]LogInit: Going up to parent DeviceProfile []
[2022.01.03-22.30.38:833][  0]LogConfig: Applying CVar settings from Section [ViewDistanceQuality@Cine] File [E:/Unreal Projects/Dungeoner/Saved/Config/Windows/Scalability.ini]
[2022.01.03-22.30.38:833][  0]LogConfig: Setting CVar [[r.SkeletalMeshLODBias:0]]
[2022.01.03-22.30.38:833][  0]LogConfig: Setting CVar [[r.ViewDistanceScale:10.0]]
[2022.01.03-22.30.38:833][  0]LogConfig: Applying CVar settings from Section [AntiAliasingQuality@Cine] File [E:/Unreal Projects/Dungeoner/Saved/Config/Windows/Scalability.ini]
[2022.01.03-22.30.38:833][  0]LogConfig: Setting CVar [[r.PostProcessAAQuality:6]]
[2022.01.03-22.30.38:833][  0]LogConfig: Applying CVar settings from Section [ShadowQuality@Cine] File [E:/Unreal Projects/Dungeoner/Saved/Config/Windows/Scalability.ini]
[2022.01.03-22.30.38:833][  0]LogConfig: Setting CVar [[r.LightFunctionQuality:1]]
[2022.01.03-22.30.38:833][  0]LogConfig: Setting CVar [[r.ShadowQuality:5]]
[2022.01.03-22.30.38:833][  0]LogConfig: Setting CVar [[r.Shadow.CSM.MaxCascades:10]]
[2022.01.03-22.30.38:834][  0]LogConfig: Setting CVar [[r.Shadow.MaxResolution:4096]]
[2022.01.03-22.30.38:834][  0]LogConfig: Setting CVar [[r.Shadow.MaxCSMResolution:4096]]
[2022.01.03-22.30.38:834][  0]LogConfig: Setting CVar [[r.Shadow.RadiusThreshold:0]]
[2022.01.03-22.30.38:834][  0]LogConfig: Setting CVar [[r.Shadow.DistanceScale:1.0]]
[2022.01.03-22.30.38:834][  0]LogConfig: Setting CVar [[r.Shadow.CSM.TransitionScale:1.0]]
[2022.01.03-22.30.38:834][  0]LogConfig: Setting CVar [[r.Shadow.PreShadowResolutionFactor:1.0]]
[2022.01.03-22.30.38:834][  0]LogConfig: Setting CVar [[r.DistanceFieldShadowing:1]]
[2022.01.03-22.30.38:834][  0]LogConfig: Setting CVar [[r.DistanceFieldAO:1]]
[2022.01.03-22.30.38:834][  0]LogConfig: Setting CVar [[r.AOQuality:2]]
[2022.01.03-22.30.38:834][  0]LogConfig: Setting CVar [[r.VolumetricFog:1]]
[2022.01.03-22.30.38:834][  0]LogConfig: Setting CVar [[r.VolumetricFog.GridPixelSize:4]]
[2022.01.03-22.30.38:834][  0]LogConfig: Setting CVar [[r.VolumetricFog.GridSizeZ:128]]
[2022.01.03-22.30.38:834][  0]LogConfig: Setting CVar [[r.VolumetricFog.HistoryMissSupersampleCount:16]]
[2022.01.03-22.30.38:834][  0]LogConfig: Setting CVar [[r.LightMaxDrawDistanceScale:1]]
[2022.01.03-22.30.38:834][  0]LogConfig: Setting CVar [[r.CapsuleShadows:1]]
[2022.01.03-22.30.38:834][  0]LogConfig: Applying CVar settings from Section [PostProcessQuality@Cine] File [E:/Unreal Projects/Dungeoner/Saved/Config/Windows/Scalability.ini]
[2022.01.03-22.30.38:834][  0]LogConfig: Setting CVar [[r.MotionBlurQuality:4]]
[2022.01.03-22.30.38:834][  0]LogConfig: Setting CVar [[r.AmbientOcclusionMipLevelFactor:0.4]]
[2022.01.03-22.30.38:834][  0]LogConfig: Setting CVar [[r.AmbientOcclusionMaxQuality:100]]
[2022.01.03-22.30.38:834][  0]LogConfig: Setting CVar [[r.AmbientOcclusionLevels:-1]]
[2022.01.03-22.30.38:834][  0]LogConfig: Setting CVar [[r.AmbientOcclusionRadiusScale:1.0]]
[2022.01.03-22.30.38:834][  0]LogConfig: Setting CVar [[r.GTAO.Numangles:4]]
[2022.01.03-22.30.38:834][  0]LogConfig: Setting CVar [[r.DepthOfFieldQuality:4]]
[2022.01.03-22.30.38:834][  0]LogConfig: Setting CVar [[r.RenderTargetPoolMin:1000]]
[2022.01.03-22.30.38:834][  0]LogConfig: Setting CVar [[r.LensFlareQuality:3]]
[2022.01.03-22.30.38:834][  0]LogConfig: Setting CVar [[r.SceneColorFringeQuality:1]]
[2022.01.03-22.30.38:834][  0]LogConfig: Setting CVar [[r.EyeAdaptationQuality:2]]
[2022.01.03-22.30.38:834][  0]LogConfig: Setting CVar [[r.BloomQuality:5]]
[2022.01.03-22.30.38:834][  0]LogConfig: Setting CVar [[r.FastBlurThreshold:100]]
[2022.01.03-22.30.38:834][  0]LogConfig: Setting CVar [[r.Upscale.Quality:3]]
[2022.01.03-22.30.38:834][  0]LogConfig: Setting CVar [[r.Tonemapper.GrainQuantization:1]]
[2022.01.03-22.30.38:834][  0]LogConfig: Setting CVar [[r.LightShaftQuality:1]]
[2022.01.03-22.30.38:834][  0]LogConfig: Setting CVar [[r.Filter.SizeScale:1]]
[2022.01.03-22.30.38:834][  0]LogConfig: Setting CVar [[r.Tonemapper.Quality:5]]
[2022.01.03-22.30.38:834][  0]LogConfig: Setting CVar [[r.DOF.Gather.AccumulatorQuality:1        ; higher gathering accumulator quality]]
[2022.01.03-22.30.38:834][  0]LogConfig: Setting CVar [[r.DOF.Gather.PostfilterMethod:1          ; Median3x3 postfilering method]]
[2022.01.03-22.30.38:834][  0]LogConfig: Setting CVar [[r.DOF.Gather.EnableBokehSettings:1       ; bokeh simulation when gathering]]
[2022.01.03-22.30.38:834][  0]LogConfig: Setting CVar [[r.DOF.Gather.RingCount:5                 ; high number of samples when gathering]]
[2022.01.03-22.30.38:834][  0]LogConfig: Setting CVar [[r.DOF.Scatter.ForegroundCompositing:1    ; additive foreground scattering]]
[2022.01.03-22.30.38:834][  0]LogConfig: Setting CVar [[r.DOF.Scatter.BackgroundCompositing:2    ; background scattering occlusion]]
[2022.01.03-22.30.38:834][  0]LogConfig: Setting CVar [[r.DOF.Scatter.EnableBokehSettings:1      ; no bokeh simulation when scattering]]
[2022.01.03-22.30.38:834][  0]LogConfig: Setting CVar [[r.DOF.Scatter.MaxSpriteRatio:0.25        ; only a maximum of 10% of scattered bokeh]]
[2022.01.03-22.30.38:834][  0]LogConfig: Setting CVar [[r.DOF.Recombine.Quality:2                ; highest slight out of focus]]
[2022.01.03-22.30.38:834][  0]LogConfig: Setting CVar [[r.DOF.Recombine.EnableBokehSettings:1    ; bokeh simulation on slight out of focus]]
[2022.01.03-22.30.38:834][  0]LogConfig: Setting CVar [[r.DOF.TemporalAAQuality:1                ; more stable temporal accumulation]]
[2022.01.03-22.30.38:834][  0]LogConfig: Setting CVar [[r.DOF.Kernel.MaxForegroundRadius:0.025]]
[2022.01.03-22.30.38:834][  0]LogConfig: Setting CVar [[r.DOF.Kernel.MaxBackgroundRadius:0.025]]
[2022.01.03-22.30.38:834][  0]LogConfig: Applying CVar settings from Section [TextureQuality@Cine] File [E:/Unreal Projects/Dungeoner/Saved/Config/Windows/Scalability.ini]
[2022.01.03-22.30.38:834][  0]LogConfig: Setting CVar [[r.Streaming.MipBias:0]]
[2022.01.03-22.30.38:834][  0]LogConfig: Setting CVar [[r.Streaming.AmortizeCPUToGPUCopy:0]]
[2022.01.03-22.30.38:834][  0]LogConfig: Setting CVar [[r.Streaming.MaxNumTexturesToStreamPerFrame:0]]
[2022.01.03-22.30.38:834][  0]LogConfig: Setting CVar [[r.Streaming.Boost:1]]
[2022.01.03-22.30.38:834][  0]LogConfig: Setting CVar [[r.MaxAnisotropy:8]]
[2022.01.03-22.30.38:834][  0]LogConfig: Setting CVar [[r.VT.MaxAnisotropy:8]]
[2022.01.03-22.30.38:834][  0]LogConfig: Setting CVar [[r.Streaming.LimitPoolSizeToVRAM:0]]
[2022.01.03-22.30.38:834][  0]LogConfig: Setting CVar [[r.Streaming.PoolSize:3000]]
[2022.01.03-22.30.38:834][  0]LogConfig: Setting CVar [[r.Streaming.MaxEffectiveScreenSize:0]]
[2022.01.03-22.30.38:834][  0]LogConfig: Applying CVar settings from Section [EffectsQuality@Cine] File [E:/Unreal Projects/Dungeoner/Saved/Config/Windows/Scalability.ini]
[2022.01.03-22.30.38:834][  0]LogConfig: Setting CVar [[r.TranslucencyLightingVolumeDim:64]]
[2022.01.03-22.30.38:834][  0]LogConfig: Setting CVar [[r.RefractionQuality:2]]
[2022.01.03-22.30.38:834][  0]LogConfig: Setting CVar [[r.SSR.Quality:4]]
[2022.01.03-22.30.38:835][  0]LogConfig: Setting CVar [[r.SSR.HalfResSceneColor:0]]
[2022.01.03-22.30.38:835][  0]LogConfig: Setting CVar [[r.SceneColorFormat:4]]
[2022.01.03-22.30.38:835][  0]LogConfig: Setting CVar [[r.DetailMode:2]]
[2022.01.03-22.30.38:835][  0]LogConfig: Setting CVar [[r.TranslucencyVolumeBlur:1]]
[2022.01.03-22.30.38:835][  0]LogConfig: Setting CVar [[r.MaterialQualityLevel:1 ; High quality]]
[2022.01.03-22.30.38:835][  0]LogConfig: Setting CVar [[r.AnisotropicMaterials:1]]
[2022.01.03-22.30.38:835][  0]LogConfig: Setting CVar [[r.SSS.Scale:1]]
[2022.01.03-22.30.38:835][  0]LogConfig: Setting CVar [[r.SSS.SampleSet:2]]
[2022.01.03-22.30.38:835][  0]LogConfig: Setting CVar [[r.SSS.Quality:1]]
[2022.01.03-22.30.38:835][  0]LogConfig: Setting CVar [[r.SSS.HalfRes:0]]
[2022.01.03-22.30.38:835][  0]LogConfig: Setting CVar [[r.SSGI.Quality:4]]
[2022.01.03-22.30.38:835][  0]LogConfig: Setting CVar [[r.EmitterSpawnRateScale:1.0]]
[2022.01.03-22.30.38:835][  0]LogConfig: Setting CVar [[r.ParticleLightQuality:2]]
[2022.01.03-22.30.38:835][  0]LogConfig: Setting CVar [[r.SkyAtmosphere.AerialPerspectiveLUT.FastApplyOnOpaque:0]]
[2022.01.03-22.30.38:835][  0]LogConfig: Setting CVar [[r.SkyAtmosphere.AerialPerspectiveLUT.SampleCountMaxPerSlice:8]]
[2022.01.03-22.30.38:835][  0]LogConfig: Setting CVar [[r.SkyAtmosphere.AerialPerspectiveLUT.DepthResolution:32.0]]
[2022.01.03-22.30.38:835][  0]LogConfig: Setting CVar [[r.SkyAtmosphere.FastSkyLUT:0]]
[2022.01.03-22.30.38:835][  0]LogConfig: Setting CVar [[r.SkyAtmosphere.FastSkyLUT.SampleCountMin:4.0]]
[2022.01.03-22.30.38:835][  0]LogConfig: Setting CVar [[r.SkyAtmosphere.FastSkyLUT.SampleCountMax:256.0]]
[2022.01.03-22.30.38:835][  0]LogConfig: Setting CVar [[r.SkyAtmosphere.SampleCountMin:8.0]]
[2022.01.03-22.30.38:835][  0]LogConfig: Setting CVar [[r.SkyAtmosphere.SampleCountMax:256.0]]
[2022.01.03-22.30.38:835][  0]LogConfig: Setting CVar [[r.SkyAtmosphere.TransmittanceLUT.UseSmallFormat:0]]
[2022.01.03-22.30.38:835][  0]LogConfig: Setting CVar [[r.SkyAtmosphere.TransmittanceLUT.SampleCount:30.0]]
[2022.01.03-22.30.38:835][  0]LogConfig: Setting CVar [[r.SkyAtmosphere.MultiScatteringLUT.SampleCount:20.0]]
[2022.01.03-22.30.38:835][  0]LogConfig: Setting CVar [[r.SkyLight.RealTimeReflectionCapture:1]]
[2022.01.03-22.30.38:835][  0]LogConfig: Applying CVar settings from Section [FoliageQuality@Cine] File [E:/Unreal Projects/Dungeoner/Saved/Config/Windows/Scalability.ini]
[2022.01.03-22.30.38:835][  0]LogConfig: Setting CVar [[foliage.DensityScale:1.0]]
[2022.01.03-22.30.38:835][  0]LogConfig: Setting CVar [[grass.DensityScale:1.0]]
[2022.01.03-22.30.38:835][  0]LogConfig: Applying CVar settings from Section [ShadingQuality@Cine] File [E:/Unreal Projects/Dungeoner/Saved/Config/Windows/Scalability.ini]
[2022.01.03-22.30.38:835][  0]LogConfig: Setting CVar [[r.HairStrands.SkyLighting.IntegrationType:0]]
[2022.01.03-22.30.38:835][  0]LogConfig: Setting CVar [[r.HairStrands.SkyAO.SampleCount:8]]
[2022.01.03-22.30.38:835][  0]LogConfig: Setting CVar [[r.HairStrands.Visibility.MSAA.SamplePerPixel:8]]
[2022.01.03-22.30.38:835][  0]LogConfig: Applying CVar settings from Section [Startup] File [../../../Engine/Config/ConsoleVariables.ini]
[2022.01.03-22.30.38:835][  0]LogConfig: Setting CVar [[net.UseAdaptiveNetUpdateFrequency:0]]
[2022.01.03-22.30.38:835][  0]LogConfig: Setting CVar [[p.chaos.AllowCreatePhysxBodies:1]]
[2022.01.03-22.30.38:835][  0]LogConfig: Setting CVar [[fx.SkipVectorVMBackendOptimizations:1]]
[2022.01.03-22.30.38:835][  0]LogConfig: Applying CVar settings from Section [ConsoleVariables] File [E:/Unreal Projects/Dungeoner/Saved/Config/Windows/Engine.ini]
[2022.01.03-22.30.38:835][  0]LogConfig: Applying CVar settings from Section [ConsoleVariables] File [E:/Unreal Projects/Dungeoner/Saved/Config/Windows/Editor.ini]
[2022.01.03-22.30.38:835][  0]LogInit: Computer: HOME-PC
[2022.01.03-22.30.38:835][  0]LogInit: User: Denis
[2022.01.03-22.30.38:835][  0]LogInit: CPU Page size=4096, Cores=4
[2022.01.03-22.30.38:835][  0]LogInit: High frequency timer resolution =10.000000 MHz
[2022.01.03-22.30.38:836][  0]LogMemory: Memory total: Physical=8.0GB (8GB approx)
[2022.01.03-22.30.38:836][  0]LogMemory: Platform Memory Stats for Windows
[2022.01.03-22.30.38:836][  0]LogMemory: Process Physical Memory: 141.09 MB used, 141.09 MB peak
[2022.01.03-22.30.38:836][  0]LogMemory: Process Virtual Memory: 119.13 MB used, 119.13 MB peak
[2022.01.03-22.30.38:836][  0]LogMemory: Physical Memory: 5320.81 MB used,  2852.08 MB free, 8172.89 MB total
[2022.01.03-22.30.38:836][  0]LogMemory: Virtual Memory: 134209712.00 MB used,  8019.84 MB free, 134217728.00 MB total
[2022.01.03-22.30.38:843][  0]LogWindows: WindowsPlatformFeatures enabled
[2022.01.03-22.30.38:864][  0]LogInit: Physics initialised using underlying interface: PhysX
[2022.01.03-22.30.38:865][  0]LogInit: Using OS detected language (ru-RU).
[2022.01.03-22.30.38:865][  0]LogInit: Using OS detected locale (ru-RU).
[2022.01.03-22.30.38:867][  0]LogTextLocalizationManager: No specific localization for 'ru-RU' exists, so the 'ru' localization will be used.
[2022.01.03-22.30.38:867][  0]LogTextLocalizationResource: LocRes '../../../Engine/Content/Localization/Editor/ru/Editor.locres' could not be opened for reading!
[2022.01.03-22.30.38:868][  0]LogTextLocalizationResource: LocRes '../../../Engine/Content/Localization/EditorTutorials/ru/EditorTutorials.locres' could not be opened for reading!
[2022.01.03-22.30.38:868][  0]LogTextLocalizationResource: LocRes '../../../Engine/Content/Localization/Keywords/ru/Keywords.locres' could not be opened for reading!
[2022.01.03-22.30.38:868][  0]LogTextLocalizationResource: LocRes '../../../Engine/Content/Localization/Category/ru/Category.locres' could not be opened for reading!
[2022.01.03-22.30.38:868][  0]LogTextLocalizationResource: LocRes '../../../Engine/Content/Localization/ToolTips/ru/ToolTips.locres' could not be opened for reading!
[2022.01.03-22.30.38:868][  0]LogTextLocalizationResource: LocRes '../../../Engine/Content/Localization/PropertyNames/ru/PropertyNames.locres' could not be opened for reading!
[2022.01.03-22.30.38:868][  0]LogTextLocalizationResource: LocRes '../../../Engine/Content/Localization/Engine/ru/Engine.locres' could not be opened for reading!
[2022.01.03-22.30.38:869][  0]LogInit: Setting process to per monitor DPI aware
[2022.01.03-22.30.38:878][  0]LogWindowsTextInputMethodSystem: Display: IME system deactivated.
[2022.01.03-22.30.38:889][  0]LogSlate: New Slate User Created.  User Index 0, Is Virtual User: 0
[2022.01.03-22.30.38:889][  0]LogSlate: Slate User Registered.  User Index 0, Is Virtual User: 0
[2022.01.03-22.30.39:027][  0]LogD3D11RHI: Loaded GFSDK_Aftermath_Lib.x64.dll
[2022.01.03-22.30.39:030][  0]LogHMD: Failed to initialize OpenVR with code 110
[2022.01.03-22.30.39:030][  0]LogD3D11RHI: D3D11 min allowed feature level: 11_0
[2022.01.03-22.30.39:030][  0]LogD3D11RHI: D3D11 max allowed feature level: 11_0
[2022.01.03-22.30.39:030][  0]LogD3D11RHI: D3D11 adapters:
[2022.01.03-22.30.39:108][  0]LogD3D11RHI:    0. 'NVIDIA GeForce GTX 550 Ti' (Feature Level 11_0)
[2022.01.03-22.30.39:108][  0]LogD3D11RHI:       959/0/4086 MB DedicatedVideo/DedicatedSystem/SharedSystem, Outputs:1, VendorId:0x10de
[2022.01.03-22.30.39:110][  0]LogD3D11RHI:    1. 'Microsoft Basic Render Driver' (Feature Level 11_0)
[2022.01.03-22.30.39:110][  0]LogD3D11RHI:       0/0/4086 MB DedicatedVideo/DedicatedSystem/SharedSystem, Outputs:0, VendorId:0x1414
[2022.01.03-22.30.39:110][  0]LogD3D11RHI: Chosen D3D11 Adapter:
[2022.01.03-22.30.39:110][  0]LogD3D11RHI:     Description : NVIDIA GeForce GTX 550 Ti
[2022.01.03-22.30.39:110][  0]LogD3D11RHI:     VendorId    : 10de
[2022.01.03-22.30.39:110][  0]LogD3D11RHI:     DeviceId    : 1244
[2022.01.03-22.30.39:110][  0]LogD3D11RHI:     SubSysId    : 0000
[2022.01.03-22.30.39:110][  0]LogD3D11RHI:     Revision    : 00a1
[2022.01.03-22.30.39:110][  0]LogD3D11RHI:     DedicatedVideoMemory : 1005780992 bytes
[2022.01.03-22.30.39:110][  0]LogD3D11RHI:     DedicatedSystemMemory : 0 bytes
[2022.01.03-22.30.39:110][  0]LogD3D11RHI:     SharedSystemMemory : 4284948480 bytes
[2022.01.03-22.30.39:110][  0]LogD3D11RHI:     AdapterLuid : 0 39137
[2022.01.03-22.30.39:116][  0]LogD3D11RHI: Creating new Direct3DDevice
[2022.01.03-22.30.39:117][  0]LogD3D11RHI:     GPU DeviceId: 0x1244 (for the marketing name, search the web for "GPU Device Id")
[2022.01.03-22.30.39:117][  0]LogWindows: EnumDisplayDevices:
[2022.01.03-22.30.39:117][  0]LogWindows:    0. 'NVIDIA GeForce GTX 550 Ti' (P:1 D:1)
[2022.01.03-22.30.39:117][  0]LogWindows:    1. 'NVIDIA GeForce GTX 550 Ti' (P:0 D:0)
[2022.01.03-22.30.39:117][  0]LogWindows: DebugString: FoundDriverCount:2 
[2022.01.03-22.30.39:117][  0]LogD3D11RHI:     Adapter Name: NVIDIA GeForce GTX 550 Ti
[2022.01.03-22.30.39:117][  0]LogD3D11RHI:   Driver Version: 391.35 (internal:23.21.13.9135, unified:391.35)
[2022.01.03-22.30.39:117][  0]LogD3D11RHI:      Driver Date: 3-23-2018
[2022.01.03-22.30.39:117][  0]LogRHI: Texture pool is 671 MB (70% of 959 MB)
[2022.01.03-22.30.39:117][  0]LogD3D11RHI: Creating D3DDevice using adapter:
[2022.01.03-22.30.39:117][  0]LogD3D11RHI:     Description : NVIDIA GeForce GTX 550 Ti
[2022.01.03-22.30.39:117][  0]LogD3D11RHI:     VendorId    : 10de
[2022.01.03-22.30.39:117][  0]LogD3D11RHI:     DeviceId    : 1244
[2022.01.03-22.30.39:117][  0]LogD3D11RHI:     SubSysId    : 0000
[2022.01.03-22.30.39:117][  0]LogD3D11RHI:     Revision    : 00a1
[2022.01.03-22.30.39:117][  0]LogD3D11RHI:     DedicatedVideoMemory : 1005780992 bytes
[2022.01.03-22.30.39:117][  0]LogD3D11RHI:     DedicatedSystemMemory : 0 bytes
[2022.01.03-22.30.39:117][  0]LogD3D11RHI:     SharedSystemMemory : 4284948480 bytes
[2022.01.03-22.30.39:117][  0]LogD3D11RHI:     AdapterLuid : 0 39137
[2022.01.03-22.30.39:167][  0]LogD3D11RHI: Display: Timestamp queries are currently disabled on this hardware due to instability. Realtime GPU stats will not be available. You can override this behaviour by setting r.NVIDIATimestampWorkaround to 0
[2022.01.03-22.30.39:167][  0]LogD3D11RHI: RHI does not have support for 64 bit atomics
[2022.01.03-22.30.39:167][  0]LogD3D11RHI: Async texture creation enabled
[2022.01.03-22.30.39:188][  0]LogD3D11RHI: GPU Timing Frequency: 1000.000000 (Debug: 2 2)
[2022.01.03-22.30.39:234][  0]LogRHI: GeForceNow SDK initialized: 1
[2022.01.03-22.30.41:677][  0]LogTargetPlatformManager: Display: Loaded TargetPlatform 'AllDesktop'
[2022.01.03-22.30.41:703][  0]LogTargetPlatformManager: Display: Loaded TargetPlatform 'Android'
[2022.01.03-22.30.41:704][  0]LogTargetPlatformManager: Display: Loaded TargetPlatform 'Android_ASTC'
[2022.01.03-22.30.41:704][  0]LogTargetPlatformManager: Display: Loaded TargetPlatform 'Android_DXT'
[2022.01.03-22.30.41:704][  0]LogTargetPlatformManager: Display: Loaded TargetPlatform 'Android_ETC2'
[2022.01.03-22.30.41:704][  0]LogTargetPlatformManager: Display: Loaded TargetPlatform 'AndroidClient'
[2022.01.03-22.30.41:704][  0]LogTargetPlatformManager: Display: Loaded TargetPlatform 'Android_ASTCClient'
[2022.01.03-22.30.41:704][  0]LogTargetPlatformManager: Display: Loaded TargetPlatform 'Android_DXTClient'
[2022.01.03-22.30.41:704][  0]LogTargetPlatformManager: Display: Loaded TargetPlatform 'Android_ETC2Client'
[2022.01.03-22.30.41:704][  0]LogTargetPlatformManager: Display: Loaded TargetPlatform 'Android_Multi'
[2022.01.03-22.30.41:704][  0]LogTargetPlatformManager: Display: Loaded TargetPlatform 'Android_MultiClient'
[2022.01.03-22.30.41:725][  0]LogTargetPlatformManager: Display: Loaded TargetPlatform 'IOSClient'
[2022.01.03-22.30.41:725][  0]LogTargetPlatformManager: Display: Loaded TargetPlatform 'IOS'
[2022.01.03-22.30.41:737][  0]LogTargetPlatformManager: Display: Loaded TargetPlatform 'Linux'
[2022.01.03-22.30.41:742][  0]LogTargetPlatformManager: Display: Loaded TargetPlatform 'LinuxNoEditor'
[2022.01.03-22.30.41:748][  0]LogTargetPlatformManager: Display: Loaded TargetPlatform 'LinuxClient'
[2022.01.03-22.30.41:754][  0]LogTargetPlatformManager: Display: Loaded TargetPlatform 'LinuxServer'
[2022.01.03-22.30.41:766][  0]LogTargetPlatformManager: Display: Loaded TargetPlatform 'LinuxAArch64NoEditor'
[2022.01.03-22.30.41:771][  0]LogTargetPlatformManager: Display: Loaded TargetPlatform 'LinuxAArch64Client'
[2022.01.03-22.30.41:777][  0]LogTargetPlatformManager: Display: Loaded TargetPlatform 'LinuxAArch64Server'
[2022.01.03-22.30.41:807][  0]LogTargetPlatformManager: Display: Loaded TargetPlatform 'Lumin'
[2022.01.03-22.30.41:807][  0]LogTargetPlatformManager: Display: Loaded TargetPlatform 'LuminClient'
[2022.01.03-22.30.41:817][  0]LogTargetPlatformManager: Display: Loaded TargetPlatform 'MacNoEditor'
[2022.01.03-22.30.41:823][  0]LogTargetPlatformManager: Display: Loaded TargetPlatform 'Mac'
[2022.01.03-22.30.41:828][  0]LogTargetPlatformManager: Display: Loaded TargetPlatform 'MacClient'
[2022.01.03-22.30.41:833][  0]LogTargetPlatformManager: Display: Loaded TargetPlatform 'MacServer'
[2022.01.03-22.30.41:846][  0]LogTargetPlatformManager: Display: Loaded TargetPlatform 'TVOSClient'
[2022.01.03-22.30.41:846][  0]LogTargetPlatformManager: Display: Loaded TargetPlatform 'TVOS'
[2022.01.03-22.30.41:857][  0]LogTargetPlatformManager: Display: Loaded TargetPlatform 'WindowsNoEditor'
[2022.01.03-22.30.41:862][  0]LogTargetPlatformManager: Display: Loaded TargetPlatform 'Windows'
[2022.01.03-22.30.41:868][  0]LogTargetPlatformManager: Display: Loaded TargetPlatform 'WindowsClient'
[2022.01.03-22.30.41:873][  0]LogTargetPlatformManager: Display: Loaded TargetPlatform 'WindowsServer'
[2022.01.03-22.30.41:873][  0]LogTargetPlatformManager: Display: Building Assets For Windows
[2022.01.03-22.30.41:896][  0]LogAudioDebug: Display: Lib vorbis DLL was dynamically loaded.
[2022.01.03-22.30.41:984][  0]LogTextureFormatOodle: Display: Oodle Texture 2.9.0 init RDO Off
[2022.01.03-22.30.42:018][  0]LogRendererCore: Ray tracing is disabled. Reason: r.RayTracing=0.
[2022.01.03-22.30.42:018][  0]LogShaderCompilers: Guid format shader working directory is 8 characters bigger than the processId version (../../../../Unreal Projects/Dungeoner/Intermediate/Shaders/WorkingDirectory/12128/).
[2022.01.03-22.30.42:018][  0]LogShaderCompilers: Cleaned the shader compiler working directory 'C:/Users/Denis/AppData/Local/Temp/UnrealShaderWorkingDir/4650236041101BBC2ACD57B0F4985746/'.
[2022.01.03-22.30.42:019][  0]LogShaderCompilers: Display: Using XGE Controller for Shader Compilation.
[2022.01.03-22.30.43:011][  0]LogDerivedDataCache: Display: Max Cache Size: 512 MB
[2022.01.03-22.30.43:087][  0]LogDerivedDataCache: Loaded boot cache 0.08s 94MB C:/Users/Denis/AppData/Local/UnrealEngine/4.27/DerivedDataCache/Boot.ddc.
[2022.01.03-22.30.43:087][  0]LogDerivedDataCache: Display: Loaded Boot cache: C:/Users/Denis/AppData/Local/UnrealEngine/4.27/DerivedDataCache/Boot.ddc
[2022.01.03-22.30.43:087][  0]LogDerivedDataCache: FDerivedDataBackendGraph:  Pak pak cache file ../../../../Unreal Projects/Dungeoner/DerivedDataCache/DDC.ddp not found, will not use a pak cache.
[2022.01.03-22.30.43:087][  0]LogDerivedDataCache: Unable to find inner node Pak for hierarchical cache Hierarchy.
[2022.01.03-22.30.43:087][  0]LogDerivedDataCache: FDerivedDataBackendGraph:  CompressedPak pak cache file ../../../../Unreal Projects/Dungeoner/DerivedDataCache/Compressed.ddp not found, will not use a pak cache.
[2022.01.03-22.30.43:087][  0]LogDerivedDataCache: Unable to find inner node CompressedPak for hierarchical cache Hierarchy.
[2022.01.03-22.30.43:113][  0]LogDerivedDataCache: Display: Pak cache opened for reading ../../../Engine/DerivedDataCache/Compressed.ddp.
[2022.01.03-22.30.43:113][  0]LogDerivedDataCache: FDerivedDataBackendGraph:  EnterprisePak pak cache file ../../../Enterprise/DerivedDataCache/Compressed.ddp not found, will not use a pak cache.
[2022.01.03-22.30.43:113][  0]LogDerivedDataCache: Unable to find inner node EnterprisePak for hierarchical cache Hierarchy.
[2022.01.03-22.30.43:136][  0]LogDerivedDataCache: Speed tests for C:/Users/Denis/AppData/Local/UnrealEngine/Common/DerivedDataCache took 0.02 seconds
[2022.01.03-22.30.43:136][  0]LogDerivedDataCache: Display: Performance to C:/Users/Denis/AppData/Local/UnrealEngine/Common/DerivedDataCache: Latency=0.03ms. RandomReadSpeed=1197.28MBs, RandomWriteSpeed=43.41MBs. Assigned SpeedClass 'Local'
[2022.01.03-22.30.43:137][  0]LogDerivedDataCache: Using Local data cache path C:/Users/Denis/AppData/Local/UnrealEngine/Common/DerivedDataCache: Writable
[2022.01.03-22.30.43:137][  0]LogDerivedDataCache: Shared data cache path not found in *engine.ini, will not use an Shared cache.
[2022.01.03-22.30.43:137][  0]LogDerivedDataCache: Unable to find inner node Shared for hierarchical cache Hierarchy.
[2022.01.03-22.30.43:204][  0]LogSlate: Using FreeType 2.10.0
[2022.01.03-22.30.43:204][  0]LogSlate: SlateFontServices - WITH_FREETYPE: 1, WITH_HARFBUZZ: 1
[2022.01.03-22.30.43:233][  0]LogAssetRegistry: FAssetRegistry took 0.0034 seconds to start up
[2022.01.03-22.30.43:566][  0]LogInit: Selected Device Profile: [Windows]
[2022.01.03-22.30.43:566][  0]LogInit: Active device profile: [000002218C31AE00][000002218011B200 49] Windows
[2022.01.03-22.30.43:566][  0]LogInit: Profiles: [000002218C31AE00][000002218011B200 49] Windows, [000002218C2D1400][0000022180709380 49] WindowsNoEditor, [000002218C319400][000002218070D500 49] WindowsServer, [000002218C2D2600][000002218D04F680 49] WindowsClient, [000002218C31A500][000002218D053800 49] IOS, [000002218C2D1D00][000002218D057980 49] iPadAir, [000002218C319C00][000002218D05BB00 49] iPadAir2, [000002218C263500][0000022183186240 49] IPadPro, [000002218C263600][0000022183182280 49] iPadAir3, [000002218C31B200][000002218318A400 49] iPadAir4, [000002218C261900][000002218318E580 49] iPadMini2, [000002218C31AB00][0000022183192700 49] iPadMini3, [000002218C263900][000002218D04A840 49] iPadMini4, [000002218C318100][0000022183196980 49] iPadMini5, [000002218C2B2E00][000002218319EBC0 49] iPhone6, [000002218C2B2F00][000002218319AC00 49] iPodTouch6, [000002218C260A00][000002218009EEC0 49] iPhone7, [000002218C260900][00000221831BCF00 49] iPodTouch7, [000002218C2B1800][000002218D0FF080 49] iPhone5S, [000002218C262E00][000002218D11B200 49] iPhone6Plus, [000002218C2B2100][000002218D1BD380 49] iPhone6S, [000002218C262100][000002218D271500 49] iPhone6SPlus, [000002218C2B1500][000002218367D680 49] iPhone7Plus, [000002218C263700][0000022183685800 49] iPhoneSE, [000002218C2B1A00][000002218D3F9980 49] iPhone8, [000002218C262C00][000002218D3FDB00 49] iPhone8Plus, [000002218C2B2000][000002218D456100 49] iPhoneX, [000002218C262700][000002218D45E280 49] iPhoneXS, [000002218C2B3200][000002218D46A400 49] iPhoneXSMax, [000002218C262200][00000221836CE580 49] iPhoneXR, [000002218C2B2700][00000221836D2700 49] iPhone11, [000002218C260500][0000022183710880 49] iPhone11Pro, [000002218C2B2600][00000221831B89C0 49] iPhone11ProMax, [000002218C260200][0000022183714B00 49] iPhoneSE2, [000002218C2B1B00][0000022183718C40 49] iPhone12Mini, [000002218C263F00][000002218371CD80 49] iPhone12, [000002218C2B2400][0000022183724F00 49] iPhone12Pro, [000002218C261000][000002218D1B9080 49] iPhone12ProMax, [000002218C2B3800][0000022183729200 49] iPadPro105, [000002218C262A00][000002218D257380 49] iPadPro129, [000002218C2B0B00][000002218D25B500 49] iPadPro97, [000002218C263A00][000002218D25F680 49] iPadPro2_129, [000002218C2B3D00][000002218D263800 49] iPad5, [000002218C263D00][000002218D267980 49] iPad6, [000002218C2B2200][000002218AAD7B00 49] iPad7, [000002218C260800][000002218AAE6100 49] iPad8, [000002218C2B2C00][000002218AAEA280 49] iPadPro11, [000002218C263B00][000002218AAEE400 49] iPadPro2_11, [000002218C2B3500][000002218D304580 49] iPadPro3_129, [000002218C260E00][000002218D308700 49] iPadPro4_129, [000002218C2B2300][000002218D30C880 49] AppleTV, [000002218C262800][000002218D310A00 49] AppleTV4K, [000002218C2D3600][0000022183720B40 49] TVOS, [000002218C355100][000002218D322C80 49] Mac, [000002218C2D3A00][000002218D326DC0 49] MacClient, [000002218C355900][000002218D32AF00 49] MacNoEditor, [000002218C2D2500][000002218E681080 49] MacServer, [000002218C355800][000002218E685200 49] Linux, [000002218C2D1200][000002218E689380 49] LinuxAArch64, [000002218C354C00][000002218E811500 49] LinuxNoEditor, [000002218C2D0900][000002218E829680 49] LinuxAArch64NoEditor, [000002218C355600][000002218E869800 49] LinuxClient, [000002218C2D1F00][000002218E871980 49] LinuxAArch64Client, [000002218C354200][000002218E875B00 49] LinuxServer, [000002218C2D0200][000002218E878100 49] LinuxAArch64Server, [000002218C355700][000002218E8F2280 49] Android, [000002218C2D2300][000002218E8F6400 49] Android_Low, [000002218C355300][000002218E926580 49] Android_Mid, [000002218C2D1A00][000002218E92A700 49] Android_High, [000002218C355C00][000002218E92E880 49] Android_Default, [000002218C2D3F00][0000022180020A00 49] Android_Adreno4xx, [000002218C356100][0000022180024B80 49] Android_Adreno5xx_Low, [000002218C263400][0000022180034D00 49] Android_Adreno5xx, [000002218C2B0100][000002218D32EE40 49] Android_Adreno6xx, [000002218C263C00][0000022180038F80 49] Android_Adreno6xx_Vulkan, [000002218C2B2B00][000002218003D0C0 49] Android_Mali_T6xx, [000002218C262900][000002218D28F240 49] Android_Mali_T7xx, [000002218C2B0900][000002218D2933C0 49] Android_Mali_T8xx, [000002218C260B00][000002218D297540 49] Android_Mali_G71, [000002218C2B0300][000002218D29B6C0 49] Android_Mali_G72, [000002218C261200][000002218D29F840 49] Android_Mali_G72_Vulkan, [000002218C2B3000][000002218D2A39C0 49] Android_Mali_G76, [000002218C261E00][000002218D2A7B40 49] Android_Mali_G76_Vulkan, [000002218C2B1300][000002218D2AA140 49] Android_Mali_G77, [000002218C260400][000002218D2262C0 49] Android_Mali_G77_Vulkan, [000002218C2B2500][000002218D22A440 49] Android_Mali_G78, [000002218C263300][000002218D22E5C0 49] Android_Mali_G78_Vulkan, [000002218C2B3700][000002218D232740 49] Android_Mali_G710, [000002218C262500][000002218D2368C0 49] Android_Mali_G710_Vulkan, [000002218C355D00][000002218D23AA40 49] Android_Vulkan_SM5, [000002218C261300][000002218D23EBC0 49] Android_PowerVR_G6xxx, [000002218C355200][000002218D242D40 49] Android_PowerVR_GT7xxx, [000002218C263100][000002218D246EC0 49] Android_PowerVR_GE8xxx, [000002218C354B00][000002218D28B000 49] Android_PowerVR_GM9xxx, [000002218C261F00][000002218D24B140 49] Android_PowerVR_GM9xxx_Vulkan, [000002218C354700][000002218D24F280 49] Android_TegraK1, [000002218C260300][000002218D2533C0 49] Android_Unknown_Vulkan, [000002218C2B2A00][000002218E511540 49] Lumin, [000002218C261100][000002218E5156C0 49] Lumin_Desktop, [000002218C2B0700][000002218E519840 49] HoloLens, 
[2022.01.03-22.30.43:752][  0]LogMeshReduction: Using QuadricMeshReduction for automatic static mesh reduction
[2022.01.03-22.30.43:752][  0]LogMeshReduction: Using SimplygonMeshReduction for automatic skeletal mesh reduction
[2022.01.03-22.30.43:752][  0]LogMeshReduction: Using ProxyLODMeshReduction for automatic mesh merging
[2022.01.03-22.30.43:752][  0]LogMeshReduction: No distributed automatic mesh merging module available
[2022.01.03-22.30.43:752][  0]LogMeshMerging: No distributed automatic mesh merging module available
[2022.01.03-22.30.43:770][  0]LogNetVersion: Dungeoner 1.0.0, NetCL: 17155196, EngineNetVer: 17, GameNetVer: 0 (Checksum: 1542495505)
[2022.01.03-22.30.44:277][  0]LogTexture: Default maximum texture size for cubemaps generated from long-lat sources has been changed from 512 to unlimited. In order to preserve old behaiour for '/Engine/MapTemplates/Sky/DaylightAmbientCubemap.DaylightAmbientCubemap', its maximum texture size has been explicitly set to 512.
[2022.01.03-22.30.44:360][  0]LogHMD: PokeAHoleMaterial loaded successfully
[2022.01.03-22.30.44:368][  0]LogUObjectArray: 17178 objects as part of root set at end of initial load.
[2022.01.03-22.30.44:368][  0]LogUObjectAllocator: 4302048 out of 0 bytes used by permanent object pool.
[2022.01.03-22.30.44:368][  0]LogUObjectArray: CloseDisregardForGC: 0/0 objects in disregard for GC pool
[2022.01.03-22.30.44:734][  0]LogNiagaraDebuggerClient: Niagara Debugger Client Initialized | Session: 5787BFF544E0785D2E7ABAB5463C4A0A | Instance: FB65CAE84C6DC052AC65F49BF9F7E84B (HOME-PC-12128).
[2022.01.03-22.30.44:778][  0]LogPython: Using Python 3.7.7
[2022.01.03-22.30.45:679][  0]LogTcpMessaging: Initializing TcpMessaging bridge
[2022.01.03-22.30.45:685][  0]LogUdpMessaging: Initializing bridge on interface 0.0.0.0:0 to multicast group 230.0.0.1:6666.
[2022.01.03-22.30.45:877][  0]SourceControl: Source control is disabled
[2022.01.03-22.30.45:877][  0]SourceControl: Source control is disabled
[2022.01.03-22.30.45:881][  0]SourceControl: Source control is disabled
[2022.01.03-22.30.45:884][  0]SourceControl: Source control is disabled
[2022.01.03-22.30.45:894][  0]SourceControl: Source control is disabled
[2022.01.03-22.30.45:901][  0]LogUProjectInfo: Found projects:
[2022.01.03-22.30.46:157][  0]LogOpenImageDenoise: OIDN starting up
[2022.01.03-22.30.46:218][  0]LogAndroidPermission: UAndroidPermissionCallbackProxy::GetInstance
[2022.01.03-22.30.46:245][  0]LogAudioCaptureCore: Display: No Audio Capture implementations found. Audio input will be silent.
[2022.01.03-22.30.46:245][  0]LogAudioCaptureCore: Display: No Audio Capture implementations found. Audio input will be silent.
[2022.01.03-22.30.46:399][  0]LogCollectionManager: Loaded 0 collections in 0.000949 seconds
[2022.01.03-22.30.46:432][  0]LogFileCache: Scanning file cache for directory 'E:/Unreal Projects/Dungeoner/Saved/Collections/' took 0.00s
[2022.01.03-22.30.46:432][  0]LogFileCache: Scanning file cache for directory 'E:/Unreal Projects/Dungeoner/Content/Developers/Denis/Collections/' took 0.00s
[2022.01.03-22.30.46:432][  0]LogFileCache: Scanning file cache for directory 'E:/Unreal Projects/Dungeoner/Content/Collections/' took 0.00s
[2022.01.03-22.30.46:432][  0]LogOcInput: OculusInput pre-init called
[2022.01.03-22.30.46:749][  0]LogEngine: Initializing Engine...
[2022.01.03-22.30.46:752][  0]LogHMD: Failed to enumerate extensions. Please check that you have a valid OpenXR runtime installed.
[2022.01.03-22.30.46:752][  0]LogHMD: Failed to initialize OpenVR with code 110
[2022.01.03-22.30.46:752][  0]LogMagicLeap: Warning: VR disabled because ZI is not enabled.  To enable, in the editor, Edit -> Project Settings -> Plugins -> Magic Leap Plugin -> Enable Zero Iteration
[2022.01.03-22.30.46:753][  0]LogStats: UGameplayTagsManager::InitializeManager -  0.000 s
[2022.01.03-22.30.46:926][  0]LogInit: Initializing FReadOnlyCVARCache
[2022.01.03-22.30.46:936][  0]LogAIModule: Creating AISystem for world Untitled
[2022.01.03-22.30.46:937][  0]LogAudio: Display: Initializing Audio Device Manager...
[2022.01.03-22.30.46:941][  0]LogAudio: Display: Loading Default Audio Settings Objects...
[2022.01.03-22.30.46:942][  0]LogAudio: Display: No default SoundConcurrencyObject specified (or failed to load).
[2022.01.03-22.30.46:942][  0]LogAudio: Display: Audio Device Manager Initialized
[2022.01.03-22.30.46:942][  0]LogAudio: Display: Creating Audio Device:                 Id: 1, Scope: Shared, Realtime: True
[2022.01.03-22.30.46:942][  0]LogAudioMixer: Display: Audio Mixer Platform Settings:
[2022.01.03-22.30.46:942][  0]LogAudioMixer: Display: 	Sample Rate:						  48000
[2022.01.03-22.30.46:942][  0]LogAudioMixer: Display: 	Callback Buffer Frame Size Requested: 1024
[2022.01.03-22.30.46:942][  0]LogAudioMixer: Display: 	Callback Buffer Frame Size To Use:	  1024
[2022.01.03-22.30.46:942][  0]LogAudioMixer: Display: 	Number of buffers to queue:			  2
[2022.01.03-22.30.46:942][  0]LogAudioMixer: Display: 	Max Channels (voices):				  32
[2022.01.03-22.30.46:942][  0]LogAudioMixer: Display: 	Number of Async Source Workers:		  0
[2022.01.03-22.30.46:942][  0]LogAudio: Display: AudioDevice MaxSources: 32
[2022.01.03-22.30.46:943][  0]LogAudio: Display: Audio Spatialization Plugin: None (built-in).
[2022.01.03-22.30.46:943][  0]LogAudio: Display: Audio Reverb Plugin: None (built-in).
[2022.01.03-22.30.46:943][  0]LogAudio: Display: Audio Occlusion Plugin: None (built-in).
[2022.01.03-22.30.46:943][  0]LogAudioMixer: Display: Initializing audio mixer.
[2022.01.03-22.30.46:954][  0]LogAudioMixer: Display: 0: FrontLeft
[2022.01.03-22.30.46:954][  0]LogAudioMixer: Display: 1: FrontRight
[2022.01.03-22.30.47:019][  0]LogAudioMixer: Display: Using Audio Device Динамики (Bloody Gaming Audio Device)
[2022.01.03-22.30.47:020][  0]LogAudioMixer: Display: Initializing Sound Submixes...
[2022.01.03-22.30.47:022][  0]LogAudioMixer: Display: Creating Master Submix 'MasterSubmixDefault'
[2022.01.03-22.30.47:022][  0]LogAudioMixer: Display: Creating Master Submix 'MasterReverbSubmixDefault'
[2022.01.03-22.30.47:024][  0]LogAudioMixer: Display: Creating Master Submix 'MasterEQSubmixDefault'
[2022.01.03-22.30.47:025][  0]LogAudioMixer: FMixerPlatformXAudio2::StartAudioStream() called
[2022.01.03-22.30.47:025][  0]LogAudioMixer: Display: Output buffers initialized: Frames=1024, Channels=2, Samples=2048
[2022.01.03-22.30.47:026][  0]LogAudioMixer: Display: Starting AudioMixerPlatformInterface::RunInternal()
[2022.01.03-22.30.47:026][  0]LogAudioMixer: Display: FMixerPlatformXAudio2::SubmitBuffer() called for the first time
[2022.01.03-22.30.47:026][  0]LogInit: FAudioDevice initialized.
[2022.01.03-22.30.47:027][  0]LogAudio: Display: Audio Device (ID: 1) registered with world 'Untitled'.
[2022.01.03-22.30.47:027][  0]LogNetVersion: Set ProjectVersion to 1.0.0.0. Version Checksum will be recalculated on next use.
[2022.01.03-22.30.47:225][  0]LogDerivedDataCache: Saved boot cache 0.20s 94MB C:/Users/Denis/AppData/Local/UnrealEngine/4.27/DerivedDataCache/Boot.ddc.
[2022.01.03-22.30.47:225][  0]LogInit: Texture streaming: Enabled
[2022.01.03-22.30.47:239][  0]LogAnalytics: Display: [UEEditor.Rocket.Release] APIServer = https://datarouter.ol.epicgames.com/. AppVersion = 4.27.2-18319896+++UE4+Release-4.27
[2022.01.03-22.30.47:244][  0]LogEngineSessionManager: EngineSessionManager initialized
[2022.01.03-22.30.47:244][  0]LogEditorSessionSummary: Verbose: Initializing EditorSessionSummaryWriter for editor session tracking
[2022.01.03-22.30.47:292][  0]LogEditorSessionSummary: EditorSessionSummaryWriter initialized
[2022.01.03-22.30.47:322][  0]LogInit: Transaction tracking system initialized
[2022.01.03-22.30.47:348][  0]BlueprintLog: New page: Editor Load
[2022.01.03-22.30.47:436][  0]LocalizationService: Localization service is disabled
[2022.01.03-22.30.47:461][  0]TimingProfiler: Initialize
[2022.01.03-22.30.47:462][  0]TimingProfiler: OnSessionChanged
[2022.01.03-22.30.47:462][  0]LoadingProfiler: Initialize
[2022.01.03-22.30.47:462][  0]LoadingProfiler: OnSessionChanged
[2022.01.03-22.30.47:462][  0]NetworkingProfiler: Initialize
[2022.01.03-22.30.47:462][  0]NetworkingProfiler: OnSessionChanged
[2022.01.03-22.30.47:462][  0]MemoryProfiler: Initialize
[2022.01.03-22.30.47:462][  0]MemoryProfiler: OnSessionChanged
[2022.01.03-22.30.47:787][  0]LogCook: Display: CookSettings for Memory: MemoryMaxUsedVirtual 0MiB, MemoryMaxUsedPhysical 16384MiB, MemoryMinFreeVirtual 0MiB, MemoryMinFreePhysical 1024MiB
[2022.01.03-22.30.47:787][  0]LogCook: Display: Mobile HDR setting 1
[2022.01.03-22.30.48:004][  0]LogFileCache: Scanning file cache for directory 'E:/Unreal Projects/Dungeoner/Content/' took 0.16s
[2022.01.03-22.30.48:245][  0]LogInit: Display: Engine is initialized. Leaving FEngineLoop::Init()
[2022.01.03-22.30.48:249][  0]SourceControl: Source control is disabled
[2022.01.03-22.30.48:249][  0]LogUnrealEdMisc: Loading editor; pre map load, took 10.999
[2022.01.03-22.30.48:249][  0]Cmd: MAP LOAD FILE="../../../../Unreal Projects/Dungeoner/Content/Map/Map.umap" TEMPLATE=0 SHOWPROGRESS=1 FEATURELEVEL=3
[2022.01.03-22.30.48:249][  0]LightingResults: New page: Lighting Build
[2022.01.03-22.30.48:251][  0]LogWorld: UWorld::CleanupWorld for Untitled, bSessionEnded=true, bCleanupResources=true
[2022.01.03-22.30.48:251][  0]LogSlate: InvalidateAllWidgets triggered.  All widgets were invalidated
[2022.01.03-22.30.48:251][  0]MapCheck: New page: Map Check
[2022.01.03-22.30.48:251][  0]LightingResults: New page: Lighting Build
[2022.01.03-22.30.48:258][  0]LogAudio: Display: Audio Device unregistered from world 'None'.
[2022.01.03-22.30.48:262][  0]LogUObjectHash: Compacting FUObjectHashTables data took   1.28ms
[2022.01.03-22.30.48:945][  0]LogAudio: Display: Audio Device (ID: 1) registered with world 'Map'.
[2022.01.03-22.30.48:947][  0]LogAIModule: Creating AISystem for world Map
[2022.01.03-22.30.48:950][  0]LogEditorServer: Finished looking for orphan Actors (0.000 secs)
[2022.01.03-22.30.48:966][  0]LogUObjectHash: Compacting FUObjectHashTables data took   1.71ms
[2022.01.03-22.30.48:967][  0]Cmd: MAP CHECKDEP NOCLEARLOG
[2022.01.03-22.30.48:967][  0]MapCheck: Map check complete: 0 Error(s), 0 Warning(s), took 0,133ms to complete.
[2022.01.03-22.30.48:967][  0]LogFileHelpers: Loading map 'Map' took 0.719
[2022.01.03-22.30.49:061][  0]LogUnrealEdMisc: Total Editor Startup Time, took 11.812
[2022.01.03-22.30.49:788][  0]LogSlate: Updating window title bar state: overlay mode, drag disabled, window buttons hidden, title bar hidden
[2022.01.03-22.30.49:799][  0]LogSlate: Updating window title bar state: overlay mode, drag disabled, window buttons hidden, title bar hidden
[2022.01.03-22.30.49:809][  0]LogSlate: Updating window title bar state: overlay mode, drag disabled, window buttons hidden, title bar hidden
[2022.01.03-22.30.49:818][  0]LogSlate: Updating window title bar state: overlay mode, drag disabled, window buttons hidden, title bar hidden
[2022.01.03-22.30.50:067][  0]LogNativeClassHierarchy: Verbose: Native class hierarchy populated in 0.0294 seconds. Added 3824 classes and 931 folders.
[2022.01.03-22.30.50:179][  0]LogNativeClassHierarchy: Verbose: Native class hierarchy updated for 'WidgetCarousel' in 0.0006 seconds. Added 0 classes and 0 folders.
[2022.01.03-22.30.50:276][  0]LogPakFile: PakFile PrimaryIndexSize=187
[2022.01.03-22.30.50:276][  0]LogPakFile: PakFile PathHashIndexSize=101
[2022.01.03-22.30.50:276][  0]LogPakFile: PakFile FullDirectoryIndexSize=148
[2022.01.03-22.30.50:276][  0]LogShaderLibrary: Display: ShaderCodeLibraryPakFileMountedCallback: PakFile 'E:/UE_4.27/FeaturePacks/FP_FirstPerson.upack' (chunk index -1, root 'root:/') mounted
[2022.01.03-22.30.50:276][  0]LogShaderLibrary: Display: ShaderCodeLibraryPakFileMountedCallback: pending pak file info (ChunkID:-1 Root:root:/ File:E:/UE_4.27/FeaturePacks/FP_FirstPerson.upack)
[2022.01.03-22.30.50:276][  0]LogPakFile: OnPakFileMounted2Time == 0.000146
[2022.01.03-22.30.50:315][  0]LogPakFile: PakFile PrimaryIndexSize=189
[2022.01.03-22.30.50:315][  0]LogPakFile: PakFile PathHashIndexSize=101
[2022.01.03-22.30.50:315][  0]LogPakFile: PakFile FullDirectoryIndexSize=152
[2022.01.03-22.30.50:315][  0]LogShaderLibrary: Display: ShaderCodeLibraryPakFileMountedCallback: PakFile 'E:/UE_4.27/FeaturePacks/FP_FirstPersonBP.upack' (chunk index -1, root 'root:/') mounted
[2022.01.03-22.30.50:315][  0]LogShaderLibrary: Display: ShaderCodeLibraryPakFileMountedCallback: pending pak file info (ChunkID:-1 Root:root:/ File:E:/UE_4.27/FeaturePacks/FP_FirstPersonBP.upack)
[2022.01.03-22.30.50:315][  0]LogPakFile: OnPakFileMounted2Time == 0.000124
[2022.01.03-22.30.50:336][  0]LogPakFile: PakFile PrimaryIndexSize=191
[2022.01.03-22.30.50:336][  0]LogPakFile: PakFile PathHashIndexSize=101
[2022.01.03-22.30.50:336][  0]LogPakFile: PakFile FullDirectoryIndexSize=160
[2022.01.03-22.30.50:336][  0]LogShaderLibrary: Display: ShaderCodeLibraryPakFileMountedCallback: PakFile 'E:/UE_4.27/FeaturePacks/MobileStarterContent.upack' (chunk index -1, root 'root:/') mounted
[2022.01.03-22.30.50:336][  0]LogShaderLibrary: Display: ShaderCodeLibraryPakFileMountedCallback: pending pak file info (ChunkID:-1 Root:root:/ File:E:/UE_4.27/FeaturePacks/MobileStarterContent.upack)
[2022.01.03-22.30.50:336][  0]LogPakFile: OnPakFileMounted2Time == 0.000109
[2022.01.03-22.30.50:373][  0]LogPakFile: PakFile PrimaryIndexSize=185
[2022.01.03-22.30.50:373][  0]LogPakFile: PakFile PathHashIndexSize=101
[2022.01.03-22.30.50:373][  0]LogPakFile: PakFile FullDirectoryIndexSize=148
[2022.01.03-22.30.50:373][  0]LogShaderLibrary: Display: ShaderCodeLibraryPakFileMountedCallback: PakFile 'E:/UE_4.27/FeaturePacks/StarterContent.upack' (chunk index -1, root 'root:/') mounted
[2022.01.03-22.30.50:373][  0]LogShaderLibrary: Display: ShaderCodeLibraryPakFileMountedCallback: pending pak file info (ChunkID:-1 Root:root:/ File:E:/UE_4.27/FeaturePacks/StarterContent.upack)
[2022.01.03-22.30.50:373][  0]LogPakFile: OnPakFileMounted2Time == 0.000110
[2022.01.03-22.30.50:403][  0]LogPakFile: PakFile PrimaryIndexSize=190
[2022.01.03-22.30.50:404][  0]LogPakFile: PakFile PathHashIndexSize=101
[2022.01.03-22.30.50:404][  0]LogPakFile: PakFile FullDirectoryIndexSize=154
[2022.01.03-22.30.50:404][  0]LogShaderLibrary: Display: ShaderCodeLibraryPakFileMountedCallback: PakFile 'E:/UE_4.27/FeaturePacks/TP_2DSideScroller.upack' (chunk index -1, root 'root:/') mounted
[2022.01.03-22.30.50:404][  0]LogShaderLibrary: Display: ShaderCodeLibraryPakFileMountedCallback: pending pak file info (ChunkID:-1 Root:root:/ File:E:/UE_4.27/FeaturePacks/TP_2DSideScroller.upack)
[2022.01.03-22.30.50:404][  0]LogPakFile: OnPakFileMounted2Time == 0.000105
[2022.01.03-22.30.50:468][  0]LogPakFile: PakFile PrimaryIndexSize=192
[2022.01.03-22.30.50:469][  0]LogPakFile: PakFile PathHashIndexSize=101
[2022.01.03-22.30.50:469][  0]LogPakFile: PakFile FullDirectoryIndexSize=158
[2022.01.03-22.30.50:469][  0]LogShaderLibrary: Display: ShaderCodeLibraryPakFileMountedCallback: PakFile 'E:/UE_4.27/FeaturePacks/TP_2DSideScrollerBP.upack' (chunk index -1, root 'root:/') mounted
[2022.01.03-22.30.50:469][  0]LogShaderLibrary: Display: ShaderCodeLibraryPakFileMountedCallback: pending pak file info (ChunkID:-1 Root:root:/ File:E:/UE_4.27/FeaturePacks/TP_2DSideScrollerBP.upack)
[2022.01.03-22.30.50:469][  0]LogPakFile: OnPakFileMounted2Time == 0.000106
[2022.01.03-22.30.50:477][  0]LogPakFile: PakFile PrimaryIndexSize=182
[2022.01.03-22.30.50:477][  0]LogPakFile: PakFile PathHashIndexSize=101
[2022.01.03-22.30.50:477][  0]LogPakFile: PakFile FullDirectoryIndexSize=138
[2022.01.03-22.30.50:477][  0]LogShaderLibrary: Display: ShaderCodeLibraryPakFileMountedCallback: PakFile 'E:/UE_4.27/FeaturePacks/TP_Flying.upack' (chunk index -1, root 'root:/') mounted
[2022.01.03-22.30.50:477][  0]LogShaderLibrary: Display: ShaderCodeLibraryPakFileMountedCallback: pending pak file info (ChunkID:-1 Root:root:/ File:E:/UE_4.27/FeaturePacks/TP_Flying.upack)
[2022.01.03-22.30.50:477][  0]LogPakFile: OnPakFileMounted2Time == 0.000106
[2022.01.03-22.30.50:616][  0]LogPakFile: PakFile PrimaryIndexSize=184
[2022.01.03-22.30.50:617][  0]LogPakFile: PakFile PathHashIndexSize=101
[2022.01.03-22.30.50:617][  0]LogPakFile: PakFile FullDirectoryIndexSize=142
[2022.01.03-22.30.50:617][  0]LogShaderLibrary: Display: ShaderCodeLibraryPakFileMountedCallback: PakFile 'E:/UE_4.27/FeaturePacks/TP_FlyingBP.upack' (chunk index -1, root 'root:/') mounted
[2022.01.03-22.30.50:617][  0]LogShaderLibrary: Display: ShaderCodeLibraryPakFileMountedCallback: pending pak file info (ChunkID:-1 Root:root:/ File:E:/UE_4.27/FeaturePacks/TP_FlyingBP.upack)
[2022.01.03-22.30.50:617][  0]LogPakFile: OnPakFileMounted2Time == 0.000105
[2022.01.03-22.30.50:657][  0]LogPakFile: PakFile PrimaryIndexSize=188
[2022.01.03-22.30.50:657][  0]LogPakFile: PakFile PathHashIndexSize=101
[2022.01.03-22.30.50:657][  0]LogPakFile: PakFile FullDirectoryIndexSize=150
[2022.01.03-22.30.50:657][  0]LogShaderLibrary: Display: ShaderCodeLibraryPakFileMountedCallback: PakFile 'E:/UE_4.27/FeaturePacks/TP_HandheldARBP.upack' (chunk index -1, root 'root:/') mounted
[2022.01.03-22.30.50:657][  0]LogShaderLibrary: Display: ShaderCodeLibraryPakFileMountedCallback: pending pak file info (ChunkID:-1 Root:root:/ File:E:/UE_4.27/FeaturePacks/TP_HandheldARBP.upack)
[2022.01.03-22.30.50:657][  0]LogPakFile: OnPakFileMounted2Time == 0.000106
[2022.01.03-22.30.50:676][  0]LogPakFile: PakFile PrimaryIndexSize=182
[2022.01.03-22.30.50:676][  0]LogPakFile: PakFile PathHashIndexSize=101
[2022.01.03-22.30.50:676][  0]LogPakFile: PakFile FullDirectoryIndexSize=138
[2022.01.03-22.30.50:676][  0]LogShaderLibrary: Display: ShaderCodeLibraryPakFileMountedCallback: PakFile 'E:/UE_4.27/FeaturePacks/TP_Puzzle.upack' (chunk index -1, root 'root:/') mounted
[2022.01.03-22.30.50:676][  0]LogShaderLibrary: Display: ShaderCodeLibraryPakFileMountedCallback: pending pak file info (ChunkID:-1 Root:root:/ File:E:/UE_4.27/FeaturePacks/TP_Puzzle.upack)
[2022.01.03-22.30.50:676][  0]LogPakFile: OnPakFileMounted2Time == 0.000106
[2022.01.03-22.30.50:688][  0]LogPakFile: PakFile PrimaryIndexSize=184
[2022.01.03-22.30.50:688][  0]LogPakFile: PakFile PathHashIndexSize=101
[2022.01.03-22.30.50:688][  0]LogPakFile: PakFile FullDirectoryIndexSize=142
[2022.01.03-22.30.50:688][  0]LogShaderLibrary: Display: ShaderCodeLibraryPakFileMountedCallback: PakFile 'E:/UE_4.27/FeaturePacks/TP_PuzzleBP.upack' (chunk index -1, root 'root:/') mounted
[2022.01.03-22.30.50:688][  0]LogShaderLibrary: Display: ShaderCodeLibraryPakFileMountedCallback: pending pak file info (ChunkID:-1 Root:root:/ File:E:/UE_4.27/FeaturePacks/TP_PuzzleBP.upack)
[2022.01.03-22.30.50:688][  0]LogPakFile: OnPakFileMounted2Time == 0.000101
[2022.01.03-22.30.50:707][  0]LogPakFile: PakFile PrimaryIndexSize=183
[2022.01.03-22.30.50:707][  0]LogPakFile: PakFile PathHashIndexSize=101
[2022.01.03-22.30.50:707][  0]LogPakFile: PakFile FullDirectoryIndexSize=140
[2022.01.03-22.30.50:708][  0]LogShaderLibrary: Display: ShaderCodeLibraryPakFileMountedCallback: PakFile 'E:/UE_4.27/FeaturePacks/TP_Rolling.upack' (chunk index -1, root 'root:/') mounted
[2022.01.03-22.30.50:708][  0]LogShaderLibrary: Display: ShaderCodeLibraryPakFileMountedCallback: pending pak file info (ChunkID:-1 Root:root:/ File:E:/UE_4.27/FeaturePacks/TP_Rolling.upack)
[2022.01.03-22.30.50:708][  0]LogPakFile: OnPakFileMounted2Time == 0.000111
[2022.01.03-22.30.50:711][  0]LogPakFile: PakFile PrimaryIndexSize=185
[2022.01.03-22.30.50:711][  0]LogPakFile: PakFile PathHashIndexSize=101
[2022.01.03-22.30.50:711][  0]LogPakFile: PakFile FullDirectoryIndexSize=144
[2022.01.03-22.30.50:711][  0]LogShaderLibrary: Display: ShaderCodeLibraryPakFileMountedCallback: PakFile 'E:/UE_4.27/FeaturePacks/TP_RollingBP.upack' (chunk index -1, root 'root:/') mounted
[2022.01.03-22.30.50:711][  0]LogShaderLibrary: Display: ShaderCodeLibraryPakFileMountedCallback: pending pak file info (ChunkID:-1 Root:root:/ File:E:/UE_4.27/FeaturePacks/TP_RollingBP.upack)
[2022.01.03-22.30.50:711][  0]LogPakFile: OnPakFileMounted2Time == 0.000102
[2022.01.03-22.30.50:714][  0]LogPakFile: PakFile PrimaryIndexSize=188
[2022.01.03-22.30.50:714][  0]LogPakFile: PakFile PathHashIndexSize=101
[2022.01.03-22.30.50:714][  0]LogPakFile: PakFile FullDirectoryIndexSize=150
[2022.01.03-22.30.50:714][  0]LogShaderLibrary: Display: ShaderCodeLibraryPakFileMountedCallback: PakFile 'E:/UE_4.27/FeaturePacks/TP_SideScroller.upack' (chunk index -1, root 'root:/') mounted
[2022.01.03-22.30.50:714][  0]LogShaderLibrary: Display: ShaderCodeLibraryPakFileMountedCallback: pending pak file info (ChunkID:-1 Root:root:/ File:E:/UE_4.27/FeaturePacks/TP_SideScroller.upack)
[2022.01.03-22.30.50:714][  0]LogPakFile: OnPakFileMounted2Time == 0.000100
[2022.01.03-22.30.50:717][  0]LogPakFile: PakFile PrimaryIndexSize=190
[2022.01.03-22.30.50:717][  0]LogPakFile: PakFile PathHashIndexSize=101
[2022.01.03-22.30.50:717][  0]LogPakFile: PakFile FullDirectoryIndexSize=154
[2022.01.03-22.30.50:717][  0]LogShaderLibrary: Display: ShaderCodeLibraryPakFileMountedCallback: PakFile 'E:/UE_4.27/FeaturePacks/TP_SideScrollerBP.upack' (chunk index -1, root 'root:/') mounted
[2022.01.03-22.30.50:717][  0]LogShaderLibrary: Display: ShaderCodeLibraryPakFileMountedCallback: pending pak file info (ChunkID:-1 Root:root:/ File:E:/UE_4.27/FeaturePacks/TP_SideScrollerBP.upack)
[2022.01.03-22.30.50:717][  0]LogPakFile: OnPakFileMounted2Time == 0.000103
[2022.01.03-22.30.50:724][  0]LogPakFile: PakFile PrimaryIndexSize=187
[2022.01.03-22.30.50:724][  0]LogPakFile: PakFile PathHashIndexSize=101
[2022.01.03-22.30.50:724][  0]LogPakFile: PakFile FullDirectoryIndexSize=148
[2022.01.03-22.30.50:724][  0]LogShaderLibrary: Display: ShaderCodeLibraryPakFileMountedCallback: PakFile 'E:/UE_4.27/FeaturePacks/TP_ThirdPerson.upack' (chunk index -1, root 'root:/') mounted
[2022.01.03-22.30.50:724][  0]LogShaderLibrary: Display: ShaderCodeLibraryPakFileMountedCallback: pending pak file info (ChunkID:-1 Root:root:/ File:E:/UE_4.27/FeaturePacks/TP_ThirdPerson.upack)
[2022.01.03-22.30.50:724][  0]LogPakFile: OnPakFileMounted2Time == 0.000105
[2022.01.03-22.30.50:728][  0]LogPakFile: PakFile PrimaryIndexSize=189
[2022.01.03-22.30.50:728][  0]LogPakFile: PakFile PathHashIndexSize=101
[2022.01.03-22.30.50:728][  0]LogPakFile: PakFile FullDirectoryIndexSize=152
[2022.01.03-22.30.50:728][  0]LogShaderLibrary: Display: ShaderCodeLibraryPakFileMountedCallback: PakFile 'E:/UE_4.27/FeaturePacks/TP_ThirdPersonBP.upack' (chunk index -1, root 'root:/') mounted
[2022.01.03-22.30.50:728][  0]LogShaderLibrary: Display: ShaderCodeLibraryPakFileMountedCallback: pending pak file info (ChunkID:-1 Root:root:/ File:E:/UE_4.27/FeaturePacks/TP_ThirdPersonBP.upack)
[2022.01.03-22.30.50:728][  0]LogPakFile: OnPakFileMounted2Time == 0.000098
[2022.01.03-22.30.50:731][  0]LogPakFile: PakFile PrimaryIndexSize=183
[2022.01.03-22.30.50:731][  0]LogPakFile: PakFile PathHashIndexSize=101
[2022.01.03-22.30.50:731][  0]LogPakFile: PakFile FullDirectoryIndexSize=140
[2022.01.03-22.30.50:731][  0]LogShaderLibrary: Display: ShaderCodeLibraryPakFileMountedCallback: PakFile 'E:/UE_4.27/FeaturePacks/TP_TopDown.upack' (chunk index -1, root 'root:/') mounted
[2022.01.03-22.30.50:731][  0]LogShaderLibrary: Display: ShaderCodeLibraryPakFileMountedCallback: pending pak file info (ChunkID:-1 Root:root:/ File:E:/UE_4.27/FeaturePacks/TP_TopDown.upack)
[2022.01.03-22.30.50:731][  0]LogPakFile: OnPakFileMounted2Time == 0.000111
[2022.01.03-22.30.50:734][  0]LogPakFile: PakFile PrimaryIndexSize=185
[2022.01.03-22.30.50:734][  0]LogPakFile: PakFile PathHashIndexSize=101
[2022.01.03-22.30.50:734][  0]LogPakFile: PakFile FullDirectoryIndexSize=144
[2022.01.03-22.30.50:734][  0]LogShaderLibrary: Display: ShaderCodeLibraryPakFileMountedCallback: PakFile 'E:/UE_4.27/FeaturePacks/TP_TopDownBP.upack' (chunk index -1, root 'root:/') mounted
[2022.01.03-22.30.50:734][  0]LogShaderLibrary: Display: ShaderCodeLibraryPakFileMountedCallback: pending pak file info (ChunkID:-1 Root:root:/ File:E:/UE_4.27/FeaturePacks/TP_TopDownBP.upack)
[2022.01.03-22.30.50:734][  0]LogPakFile: OnPakFileMounted2Time == 0.000095
[2022.01.03-22.30.50:753][  0]LogPakFile: PakFile PrimaryIndexSize=185
[2022.01.03-22.30.50:754][  0]LogPakFile: PakFile PathHashIndexSize=101
[2022.01.03-22.30.50:754][  0]LogPakFile: PakFile FullDirectoryIndexSize=144
[2022.01.03-22.30.50:754][  0]LogShaderLibrary: Display: ShaderCodeLibraryPakFileMountedCallback: PakFile 'E:/UE_4.27/FeaturePacks/TP_TwinStick.upack' (chunk index -1, root 'root:/') mounted
[2022.01.03-22.30.50:754][  0]LogShaderLibrary: Display: ShaderCodeLibraryPakFileMountedCallback: pending pak file info (ChunkID:-1 Root:root:/ File:E:/UE_4.27/FeaturePacks/TP_TwinStick.upack)
[2022.01.03-22.30.50:754][  0]LogPakFile: OnPakFileMounted2Time == 0.000103
[2022.01.03-22.30.50:757][  0]LogPakFile: PakFile PrimaryIndexSize=187
[2022.01.03-22.30.50:757][  0]LogPakFile: PakFile PathHashIndexSize=101
[2022.01.03-22.30.50:757][  0]LogPakFile: PakFile FullDirectoryIndexSize=148
[2022.01.03-22.30.50:757][  0]LogShaderLibrary: Display: ShaderCodeLibraryPakFileMountedCallback: PakFile 'E:/UE_4.27/FeaturePacks/TP_TwinStickBP.upack' (chunk index -1, root 'root:/') mounted
[2022.01.03-22.30.50:757][  0]LogShaderLibrary: Display: ShaderCodeLibraryPakFileMountedCallback: pending pak file info (ChunkID:-1 Root:root:/ File:E:/UE_4.27/FeaturePacks/TP_TwinStickBP.upack)
[2022.01.03-22.30.50:758][  0]LogPakFile: OnPakFileMounted2Time == 0.000103
[2022.01.03-22.30.50:789][  0]LogPakFile: PakFile PrimaryIndexSize=183
[2022.01.03-22.30.50:789][  0]LogPakFile: PakFile PathHashIndexSize=101
[2022.01.03-22.30.50:789][  0]LogPakFile: PakFile FullDirectoryIndexSize=140
[2022.01.03-22.30.50:789][  0]LogShaderLibrary: Display: ShaderCodeLibraryPakFileMountedCallback: PakFile 'E:/UE_4.27/FeaturePacks/TP_Vehicle.upack' (chunk index -1, root 'root:/') mounted
[2022.01.03-22.30.50:789][  0]LogShaderLibrary: Display: ShaderCodeLibraryPakFileMountedCallback: pending pak file info (ChunkID:-1 Root:root:/ File:E:/UE_4.27/FeaturePacks/TP_Vehicle.upack)
[2022.01.03-22.30.50:789][  0]LogPakFile: OnPakFileMounted2Time == 0.000106
[2022.01.03-22.30.50:799][  0]LogPakFile: PakFile PrimaryIndexSize=186
[2022.01.03-22.30.50:800][  0]LogPakFile: PakFile PathHashIndexSize=101
[2022.01.03-22.30.50:800][  0]LogPakFile: PakFile FullDirectoryIndexSize=146
[2022.01.03-22.30.50:800][  0]LogShaderLibrary: Display: ShaderCodeLibraryPakFileMountedCallback: PakFile 'E:/UE_4.27/FeaturePacks/TP_VehicleAdv.upack' (chunk index -1, root 'root:/') mounted
[2022.01.03-22.30.50:800][  0]LogShaderLibrary: Display: ShaderCodeLibraryPakFileMountedCallback: pending pak file info (ChunkID:-1 Root:root:/ File:E:/UE_4.27/FeaturePacks/TP_VehicleAdv.upack)
[2022.01.03-22.30.50:800][  0]LogPakFile: OnPakFileMounted2Time == 0.000111
[2022.01.03-22.30.50:866][  0]LogPakFile: PakFile PrimaryIndexSize=188
[2022.01.03-22.30.50:866][  0]LogPakFile: PakFile PathHashIndexSize=101
[2022.01.03-22.30.50:866][  0]LogPakFile: PakFile FullDirectoryIndexSize=150
[2022.01.03-22.30.50:866][  0]LogShaderLibrary: Display: ShaderCodeLibraryPakFileMountedCallback: PakFile 'E:/UE_4.27/FeaturePacks/TP_VehicleAdvBP.upack' (chunk index -1, root 'root:/') mounted
[2022.01.03-22.30.50:866][  0]LogShaderLibrary: Display: ShaderCodeLibraryPakFileMountedCallback: pending pak file info (ChunkID:-1 Root:root:/ File:E:/UE_4.27/FeaturePacks/TP_VehicleAdvBP.upack)
[2022.01.03-22.30.50:866][  0]LogPakFile: OnPakFileMounted2Time == 0.000116
[2022.01.03-22.30.50:869][  0]LogPakFile: PakFile PrimaryIndexSize=185
[2022.01.03-22.30.50:869][  0]LogPakFile: PakFile PathHashIndexSize=101
[2022.01.03-22.30.50:869][  0]LogPakFile: PakFile FullDirectoryIndexSize=144
[2022.01.03-22.30.50:869][  0]LogShaderLibrary: Display: ShaderCodeLibraryPakFileMountedCallback: PakFile 'E:/UE_4.27/FeaturePacks/TP_VehicleBP.upack' (chunk index -1, root 'root:/') mounted
[2022.01.03-22.30.50:870][  0]LogShaderLibrary: Display: ShaderCodeLibraryPakFileMountedCallback: pending pak file info (ChunkID:-1 Root:root:/ File:E:/UE_4.27/FeaturePacks/TP_VehicleBP.upack)
[2022.01.03-22.30.50:870][  0]LogPakFile: OnPakFileMounted2Time == 0.000101
[2022.01.03-22.30.50:873][  0]LogPakFile: PakFile PrimaryIndexSize=192
[2022.01.03-22.30.50:873][  0]LogPakFile: PakFile PathHashIndexSize=101
[2022.01.03-22.30.50:873][  0]LogPakFile: PakFile FullDirectoryIndexSize=158
[2022.01.03-22.30.50:873][  0]LogShaderLibrary: Display: ShaderCodeLibraryPakFileMountedCallback: PakFile 'E:/UE_4.27/FeaturePacks/TP_VirtualRealityBP.upack' (chunk index -1, root 'root:/') mounted
[2022.01.03-22.30.50:873][  0]LogShaderLibrary: Display: ShaderCodeLibraryPakFileMountedCallback: pending pak file info (ChunkID:-1 Root:root:/ File:E:/UE_4.27/FeaturePacks/TP_VirtualRealityBP.upack)
[2022.01.03-22.30.50:873][  0]LogPakFile: OnPakFileMounted2Time == 0.000098
[2022.01.03-22.30.52:928][  0]LogNativeClassHierarchy: Verbose: Native class hierarchy updated for 'AddContentDialog' in 0.0004 seconds. Added 0 classes and 0 folders.
[2022.01.03-22.30.52:939][  0]LogNativeClassHierarchy: Verbose: Native class hierarchy updated for 'SceneOutliner' in 0.0003 seconds. Added 2 classes and 0 folders.
[2022.01.03-22.30.53:849][  0]LogSlate: Took 0.000191 seconds to synchronously load lazily loaded font '../../../Engine/Content/Slate/Fonts/Roboto-Regular.ttf' (155K)
[2022.01.03-22.30.56:607][  0]LogSlate: Only BGRA pngs, bmps or icos are supported in by External Image Picker
[2022.01.03-22.30.56:841][  0]LogSlate: Took 0.000185 seconds to synchronously load lazily loaded font '../../../Engine/Content/Editor/Slate/Fonts/FontAwesome.ttf' (139K)
[2022.01.03-22.30.56:842][  0]LogSlate: Took 0.000143 seconds to synchronously load lazily loaded font '../../../Engine/Content/Slate/Fonts/Roboto-Bold.ttf' (160K)
[2022.01.03-22.30.57:087][  0]LogRenderer: Reallocating scene render targets to support 1208x572 Format 10 NumSamples 1 (Frame:1).
[2022.01.03-22.30.57:241][  0]LogSlate: Took 0.000208 seconds to synchronously load lazily loaded font '../../../Engine/Content/Slate/Fonts/Roboto-Light.ttf' (167K)
[2022.01.03-22.30.57:299][  0]LogNativeClassHierarchy: Verbose: Native class hierarchy updated for 'HierarchicalLODOutliner' in 0.0004 seconds. Added 0 classes and 0 folders.
[2022.01.03-22.30.57:299][  0]LogLoad: (Engine Initialization) Total time: 20.05 seconds
[2022.01.03-22.30.57:299][  0]LogLoad: (Engine Initialization) Total Blueprint compile time: 0.00 seconds
[2022.01.03-22.30.57:383][  0]LogAssetRegistry: Asset discovery search completed in 14.1514 seconds
[2022.01.03-22.30.57:390][  0]LogCollectionManager: Fixed up redirectors for 0 collections in 0.000005 seconds (updated 0 objects)
[2022.01.03-22.30.57:393][  0]LogContentStreaming: Texture pool size now 3000 MB
[2022.01.03-22.31.54:941][308]LogTemp: Repeating last play command: Standalone Game
[2022.01.03-22.31.54:959][308]LogUObjectHash: Compacting FUObjectHashTables data took   1.17ms
[2022.01.03-22.32.03:745][433]LogRenderer: Reallocating scene render targets to support 1208x600 Format 10 NumSamples 1 (Frame:245).
[2022.01.03-22.32.12:385][479]LogFactory: FactoryCreateFile: FontFace with FontFileImportFactory (0 0 C:\Users\Denis\Desktop\Algerian\OpenType-TT\TextFont.ttf)
[2022.01.03-22.32.12:386][479]LogSlate: FontCache flush requested. Reason: UFontFace::PostEditChangeProperty
[2022.01.03-22.32.12:398][479]LogSlate: Took 0.000174 seconds to synchronously load lazily loaded font '../../../Engine/Content/Slate/Fonts/Roboto-Light.ttf' (167K)
[2022.01.03-22.32.12:427][479]LogSlate: InvalidateAllWidgets triggered.  All widgets were invalidated
[2022.01.03-22.32.12:739][480]LogSlate: Took 0.000436 seconds to synchronously load lazily loaded font '../../../Engine/Content/Slate/Fonts/Roboto-Regular.ttf' (155K)
[2022.01.03-22.32.12:775][480]LogSlate: Took 0.000300 seconds to synchronously load lazily loaded font '../../../Engine/Content/Editor/Slate/Fonts/FontAwesome.ttf' (139K)
[2022.01.03-22.32.12:777][480]LogSlate: Took 0.000225 seconds to synchronously load lazily loaded font '../../../Engine/Content/Slate/Fonts/Roboto-Bold.ttf' (160K)
[2022.01.03-22.32.12:791][480]LogSlate: Took 0.000173 seconds to synchronously load lazily loaded font '../../../Engine/Content/Slate/Fonts/Roboto-Light.ttf' (167K)
[2022.01.03-22.32.12:799][480]LogSlate: Took 0.000173 seconds to synchronously load lazily loaded font '../../../Engine/Content/Slate/Fonts/Roboto-Light.ttf' (167K)
[2022.01.03-22.32.14:282][543]Cmd: OBJ SAVEPACKAGE PACKAGE="/Game/Map/Map" FILE="../../../../Unreal Projects/Dungeoner/Content/Map/Map.umap" SILENT=true AUTOSAVING=false KEEPDIRTY=false
[2022.01.03-22.32.14:304][543]LogUObjectHash: Compacting FUObjectHashTables data took   1.16ms
[2022.01.03-22.32.14:310][543]LogSavePackage: Moving '../../../../Unreal Projects/Dungeoner/Saved/Map21CD8DF24A262FFD40BAC2B87F61DB89.tmp' to '../../../../Unreal Projects/Dungeoner/Content/Map/Map.umap'
[2022.01.03-22.32.14:323][543]Cmd: OBJ SAVEPACKAGE PACKAGE="/Game/Map/Map_BuiltData" FILE="../../../../Unreal Projects/Dungeoner/Content/Map/Map_BuiltData.uasset" SILENT=true
[2022.01.03-22.32.14:324][543]LogSavePackage: Moving '../../../../Unreal Projects/Dungeoner/Saved/Map_BuiltData3A871382401E3CE3678E4FAB3EC0C9F6.tmp' to '../../../../Unreal Projects/Dungeoner/Content/Map/Map_BuiltData.uasset'
[2022.01.03-22.32.14:336][543]AssetCheck: New page: Asset Save: multiple assets
[2022.01.03-22.32.14:337][543]LogContentValidation: Display: Validating MapBuildDataRegistry /Game/Map/Map_BuiltData.Map_BuiltData
[2022.01.03-22.32.14:337][543]LogContentValidation: Display: Validating World /Game/Map/Map.Map
[2022.01.03-22.32.15:101][596]LogUObjectHash: Compacting FUObjectHashTables data took   0.37ms
[2022.01.03-22.32.15:132][596]Cmd: OBJ SAVEPACKAGE PACKAGE="/Game/Fonts/TextFont" FILE="../../../../Unreal Projects/Dungeoner/Content/Fonts/TextFont.uasset" SILENT=true
[2022.01.03-22.32.15:133][596]LogSavePackage: Moving '../../../../Unreal Projects/Dungeoner/Saved/TextFontD34EC9854C348CE2830A06B441B03B3D.tmp' to '../../../../Unreal Projects/Dungeoner/Content/Fonts/TextFont.uasset'
[2022.01.03-22.32.15:147][596]AssetCheck: New page: Asset Save: TextFont
[2022.01.03-22.32.15:147][596]LogContentValidation: Display: Validating FontFace /Game/Fonts/TextFont.TextFont
[2022.01.03-22.32.58:046][564]LogAssetEditorSubsystem: Opening Asset editor for WidgetBlueprint /Game/UI/Windows/CharacterWindow.CharacterWindow
[2022.01.03-22.32.58:232][564]LogEnum: Warning: Enum name collision: 'PhysicalDamageScaling::NewEnumerator0' is in both '/Game/Blueprint/Enums/PhysicalDamageScaling.PhysicalDamageScaling' and '/Game/Enums/PhysicalDamageScaling.PhysicalDamageScaling'
[2022.01.03-22.32.58:232][564]LogEnum: Warning: Enum name collision: 'PhysicalDamageScaling::NewEnumerator1' is in both '/Game/Blueprint/Enums/PhysicalDamageScaling.PhysicalDamageScaling' and '/Game/Enums/PhysicalDamageScaling.PhysicalDamageScaling'
[2022.01.03-22.32.58:232][564]LogEnum: Warning: Enum name collision: 'PhysicalDamageScaling::NewEnumerator2' is in both '/Game/Blueprint/Enums/PhysicalDamageScaling.PhysicalDamageScaling' and '/Game/Enums/PhysicalDamageScaling.PhysicalDamageScaling'
[2022.01.03-22.32.58:232][564]LogEnum: Warning: Enum name collision: 'PhysicalDamageScaling::PhysicalDamageScaling_MAX' is in both '/Game/Blueprint/Enums/PhysicalDamageScaling.PhysicalDamageScaling' and '/Game/Enums/PhysicalDamageScaling.PhysicalDamageScaling'
[2022.01.03-22.32.58:232][564]LogEnum: Warning: Enum name collision: 'PhysicalDamageScaling::NewEnumerator0' is in both '/Game/Blueprint/Enums/PhysicalDamageScaling.PhysicalDamageScaling' and '/Game/Enums/PhysicalDamageScaling.PhysicalDamageScaling'
[2022.01.03-22.32.58:232][564]LogEnum: Warning: Enum name collision: 'PhysicalDamageScaling::NewEnumerator1' is in both '/Game/Blueprint/Enums/PhysicalDamageScaling.PhysicalDamageScaling' and '/Game/Enums/PhysicalDamageScaling.PhysicalDamageScaling'
[2022.01.03-22.32.58:232][564]LogEnum: Warning: Enum name collision: 'PhysicalDamageScaling::NewEnumerator2' is in both '/Game/Blueprint/Enums/PhysicalDamageScaling.PhysicalDamageScaling' and '/Game/Enums/PhysicalDamageScaling.PhysicalDamageScaling'
[2022.01.03-22.32.58:395][564]LogNativeClassHierarchy: Verbose: Native class hierarchy updated for 'BlueprintGraph' in 0.0007 seconds. Added 126 classes and 0 folders.
[2022.01.03-22.33.01:565][564]LogSlate: Took 0.000239 seconds to synchronously load lazily loaded font '../../../Engine/Content/Slate/Fonts/Roboto-BoldCondensed.ttf' (158K)
[2022.01.03-22.33.10:480][ 98]LogAssetEditorSubsystem: Opening Asset editor for WidgetBlueprint /Game/UI/View/OffsetNumberTextPanel-1.OffsetNumberTextPanel-1
[2022.01.03-22.33.13:134][210]LogWorld: UWorld::CleanupWorld for World_4, bSessionEnded=true, bCleanupResources=true
[2022.01.03-22.33.13:134][210]LogSlate: InvalidateAllWidgets triggered.  All widgets were invalidated
[2022.01.03-22.33.13:146][210]LogWorld: UWorld::CleanupWorld for World_3, bSessionEnded=true, bCleanupResources=true
[2022.01.03-22.33.13:147][210]LogSlate: InvalidateAllWidgets triggered.  All widgets were invalidated
[2022.01.03-22.33.16:013][372]LogAssetEditorSubsystem: Opening Asset editor for WidgetBlueprint /Game/UI/View/StatsTooltip.StatsTooltip
[2022.01.03-22.33.17:918][437]LogSlate: Took 0.000183 seconds to synchronously load lazily loaded font '../../../Engine/Content/Slate/Fonts/Roboto-Italic.ttf' (157K)
[2022.01.03-22.33.32:528][171]LogSlate: Took 0.001762 seconds to synchronously load lazily loaded font '../../../Engine/Content/Slate/Fonts/DroidSansFallback.ttf' (3848K)
[2022.01.03-22.34.10:294][903]LogUObjectHash: Compacting FUObjectHashTables data took   6.85ms
[2022.01.03-22.34.10:313][903]Cmd: OBJ SAVEPACKAGE PACKAGE="/Game/UI/Windows/CharacterWindow" FILE="../../../../Unreal Projects/Dungeoner/Content/UI/Windows/CharacterWindow.uasset" SILENT=true
[2022.01.03-22.34.10:699][903]LogSavePackage: Moving '../../../../Unreal Projects/Dungeoner/Saved/CharacterWindowECB8A5074CEF980F99A685A1CF0B7AAC.tmp' to '../../../../Unreal Projects/Dungeoner/Content/UI/Windows/CharacterWindow.uasset'
[2022.01.03-22.34.10:700][903]Cmd: OBJ SAVEPACKAGE PACKAGE="/Game/UI/View/StatsTooltip" FILE="../../../../Unreal Projects/Dungeoner/Content/UI/View/StatsTooltip.uasset" SILENT=true
[2022.01.03-22.34.10:802][903]LogSavePackage: Moving '../../../../Unreal Projects/Dungeoner/Saved/StatsTooltipCD7D5ED6482D0CCA3804B1B9365913F1.tmp' to '../../../../Unreal Projects/Dungeoner/Content/UI/View/StatsTooltip.uasset'
[2022.01.03-22.34.10:819][903]AssetCheck: New page: Asset Save: multiple assets
[2022.01.03-22.34.10:819][903]LogContentValidation: Display: Validating WidgetBlueprint /Game/UI/View/StatsTooltip.StatsTooltip
[2022.01.03-22.34.10:821][903]LogContentValidation: Display: Validating WidgetBlueprint /Game/UI/Windows/CharacterWindow.CharacterWindow
[2022.01.03-22.34.12:800][  3]BlueprintLog: New page: Compile CharacterWindow
[2022.01.03-22.34.12:994][  3]LogUObjectHash: Compacting FUObjectHashTables data took   6.08ms
[2022.01.03-22.34.14:016][ 48]LogTemp: Repeating last play command: Standalone Game
[2022.01.03-22.34.14:076][ 48]LogUObjectHash: Compacting FUObjectHashTables data took   6.49ms
