Log file open, 01/05/22 23:24:17
LogWindows: Failed to load 'aqProf.dll' (GetLastError=126)
LogWindows: File 'aqProf.dll' does not exist
LogWindows: Failed to load 'VtuneApi.dll' (GetLastError=126)
LogWindows: File 'VtuneApi.dll' does not exist
LogWindows: Failed to load 'VtuneApi32e.dll' (GetLastError=126)
LogWindows: File 'VtuneApi32e.dll' does not exist
LogConsoleResponse: Display: Failed to find resolution value strings in scalability ini. Falling back to default.
LogConsoleResponse: Display: Failed to find resolution value strings in scalability ini. Falling back to default.
LogInit: Display: Running engine for game: Dungeoner
LogPlatformFile: Not using cached read wrapper
LogTaskGraph: Started task graph with 5 named threads and 14 total threads with 3 sets of task threads.
LogStats: Stats thread started at 0.412788
LogICUInternationalization: ICU TimeZone Detection - Raw Offset: +4:00, Platform Override: ''
LogInit: Display: Loading text-based GConfig....
LogPluginManager: Mounting plugin MeshPainting
LogPluginManager: Mounting plugin XGEController
LogPluginManager: Mounting plugin Paper2D
LogPluginManager: Mounting plugin AISupport
LogPluginManager: Mounting plugin EnvironmentQueryEditor
LogPluginManager: Mounting plugin LightPropagationVolume
LogPluginManager: Mounting plugin LiveLink
LogPluginManager: Mounting plugin CameraShakePreviewer
LogPluginManager: Mounting plugin GameplayCameras
LogPluginManager: Mounting plugin OodleData
LogPluginManager: Mounting plugin OodleNetwork
LogPluginManager: Mounting plugin AnimationSharing
LogPluginManager: Mounting plugin CLionSourceCodeAccess
LogPluginManager: Mounting plugin CodeLiteSourceCodeAccess
LogPluginManager: Mounting plugin GitSourceControl
LogPluginManager: Mounting plugin KDevelopSourceCodeAccess
LogPluginManager: Mounting plugin NullSourceCodeAccess
LogPluginManager: Mounting plugin PerforceSourceControl
LogPluginManager: Mounting plugin PixWinPlugin
LogPluginManager: Mounting plugin PlasticSourceControl
LogPluginManager: Mounting plugin PluginUtils
LogPluginManager: Mounting plugin PropertyAccessNode
LogPluginManager: Mounting plugin RiderSourceCodeAccess
LogPluginManager: Mounting plugin SubversionSourceControl
LogPluginManager: Mounting plugin TextureFormatOodle
LogPluginManager: Mounting plugin UObjectPlugin
LogPluginManager: Mounting plugin VisualStudioCodeSourceCodeAccess
LogPluginManager: Mounting plugin VisualStudioSourceCodeAccess
LogPluginManager: Mounting plugin XCodeSourceCodeAccess
LogPluginManager: Mounting plugin AlembicImporter
LogPluginManager: Mounting plugin AutomationUtils
LogPluginManager: Mounting plugin BackChannel
LogPluginManager: Mounting plugin ChaosCloth
LogPluginManager: Mounting plugin ChaosClothEditor
LogPluginManager: Mounting plugin ChaosEditor
LogPluginManager: Mounting plugin ChaosNiagara
LogPluginManager: Mounting plugin ChaosSolverPlugin
LogPluginManager: Mounting plugin CharacterAI
LogPluginManager: Mounting plugin AssetManagerEditor
LogPluginManager: Mounting plugin GeometryCache
LogPluginManager: Mounting plugin CryptoKeys
LogPluginManager: Mounting plugin GeometryCollectionPlugin
LogPluginManager: Mounting plugin CurveEditorTools
LogPluginManager: Mounting plugin DataValidation
LogPluginManager: Mounting plugin FacialAnimation
LogPluginManager: Mounting plugin GameplayTagsEditor
LogPluginManager: Mounting plugin GeometryMode
LogPluginManager: Mounting plugin MacGraphicsSwitching
LogPluginManager: Mounting plugin MaterialAnalyzer
LogPluginManager: Mounting plugin DatasmithContent
LogPluginManager: Mounting plugin MobileLauncherProfileWizard
LogPluginManager: Mounting plugin PluginBrowser
LogPluginManager: Mounting plugin SpeedTreeImporter
LogPluginManager: Mounting plugin VariantManagerContent
LogPluginManager: Mounting plugin GeometryProcessing
LogPluginManager: Mounting plugin MotoSynth
LogPluginManager: Mounting plugin OpenImageDenoise
LogPluginManager: Mounting plugin PlanarCut
LogPluginManager: Mounting plugin PlatformCrypto
LogPluginManager: Mounting plugin ProxyLODPlugin
LogPluginManager: Mounting plugin PythonScriptPlugin
LogPluginManager: Mounting plugin SkeletalReduction
LogPluginManager: Mounting plugin LuminPlatformFeatures
LogPluginManager: Mounting plugin MagicLeap
LogPluginManager: Mounting plugin MagicLeapLightEstimation
LogPluginManager: Mounting plugin MagicLeapMedia
LogPluginManager: Mounting plugin Niagara
LogPluginManager: Mounting plugin MagicLeapPassableWorld
LogPluginManager: Mounting plugin MLSDK
LogPluginManager: Mounting plugin AndroidMedia
LogPluginManager: Mounting plugin AvfMedia
LogPluginManager: Mounting plugin ImgMedia
LogPluginManager: Mounting plugin MediaCompositing
LogPluginManager: Mounting plugin MediaPlayerEditor
LogPluginManager: Mounting plugin WebMMedia
LogPluginManager: Mounting plugin WmfMedia
LogPluginManager: Mounting plugin TcpMessaging
LogPluginManager: Mounting plugin UdpMessaging
LogPluginManager: Mounting plugin ActorSequence
LogPluginManager: Mounting plugin LevelSequenceEditor
LogPluginManager: Mounting plugin MatineeToLevelSequence
LogPluginManager: Mounting plugin TemplateSequence
LogPluginManager: Mounting plugin OnlineSubsystem
LogPluginManager: Mounting plugin OnlineSubsystemNull
LogPluginManager: Mounting plugin OnlineSubsystemUtils
LogPluginManager: Mounting plugin LauncherChunkInstaller
LogPluginManager: Mounting plugin ActorLayerUtilities
LogPluginManager: Mounting plugin AndroidDeviceProfileSelector
LogPluginManager: Mounting plugin AndroidMoviePlayer
LogPluginManager: Mounting plugin AndroidPermission
LogPluginManager: Mounting plugin AppleImageUtils
LogPluginManager: Mounting plugin AppleMoviePlayer
LogPluginManager: Mounting plugin ArchVisCharacter
LogPluginManager: Mounting plugin AssetTags
LogPluginManager: Mounting plugin AudioCapture
LogPluginManager: Mounting plugin AudioSynesthesia
LogPluginManager: Mounting plugin CableComponent
LogPluginManager: Mounting plugin ChunkDownloader
LogPluginManager: Mounting plugin CustomMeshComponent
LogPluginManager: Mounting plugin EditableMesh
LogPluginManager: Mounting plugin ExampleDeviceProfileSelector
LogPluginManager: Mounting plugin GoogleCloudMessaging
LogPluginManager: Mounting plugin GooglePAD
LogPluginManager: Mounting plugin IOSDeviceProfileSelector
LogPluginManager: Mounting plugin LinuxDeviceProfileSelector
LogPluginManager: Mounting plugin LocationServicesBPLibrary
LogPluginManager: Mounting plugin MobilePatchingUtils
LogPluginManager: Mounting plugin OpenXR
LogPluginManager: Mounting plugin OpenXREyeTracker
LogPluginManager: Mounting plugin OpenXRHandTracking
LogPluginManager: Mounting plugin PhysXVehicles
LogPluginManager: Mounting plugin PostSplashScreen
LogPluginManager: Mounting plugin PropertyAccessEditor
LogPluginManager: Mounting plugin ProceduralMeshComponent
LogPluginManager: Mounting plugin RuntimePhysXCooking
LogPluginManager: Mounting plugin SignificanceManager
LogPluginManager: Mounting plugin SoundFields
LogPluginManager: Mounting plugin Synthesis
LogPluginManager: Mounting plugin WebMMoviePlayer
LogPluginManager: Mounting plugin WindowsMoviePlayer
LogPluginManager: Mounting plugin ScreenshotTools
LogPluginManager: Mounting plugin Takes
LogPluginManager: Mounting plugin ContentBrowserAssetDataSource
LogPluginManager: Mounting plugin ContentBrowserFileDataSource
LogPluginManager: Mounting plugin ContentBrowserClassDataSource
LogPluginManager: Mounting plugin OnlineSubsystemIOS
LogPluginManager: Mounting plugin OnlineSubsystemGooglePlay
LogPluginManager: Mounting plugin OculusVR
LogPluginManager: Mounting plugin SteamVR
PixWinPlugin: PIX capture plugin failed to initialize! Check that the process is launched from PIX.
LogInit: Using libcurl 7.55.1-DEV
LogInit:  - built for x86_64-pc-win32
LogInit:  - supports SSL with OpenSSL/1.1.1
LogInit:  - supports HTTP deflate (compression) using libz 1.2.8
LogInit:  - other features:
LogInit:      CURL_VERSION_SSL
LogInit:      CURL_VERSION_LIBZ
LogInit:      CURL_VERSION_IPV6
LogInit:      CURL_VERSION_ASYNCHDNS
LogInit:      CURL_VERSION_LARGEFILE
LogInit:      CURL_VERSION_IDN
LogInit:  CurlRequestOptions (configurable via config and command line):
LogInit:  - bVerifyPeer = true  - Libcurl will verify peer certificate
LogInit:  - bUseHttpProxy = false  - Libcurl will NOT use HTTP proxy
LogInit:  - bDontReuseConnections = false  - Libcurl will reuse connections
LogInit:  - MaxHostConnections = 16  - Libcurl will limit the number of connections to a host
LogInit:  - LocalHostAddr = Default
LogInit:  - BufferSize = 65536
LogOnline: OSS: Creating online subsystem instance for: NULL
LogInit: WinSock: version 1.1 (2.2), MaxSocks=32767, MaxUdp=65467
LogOnline: OSS: TryLoadSubsystemAndSetDefault: Loaded subsystem for module [NULL]
LogOculusPluginWrapper: OculusPlugin initialized successfully
LogHMD: Failed initializing OVRPlugin 1.59.0
LogInit: Build: ++UE4+Release-4.27-CL-18319896
LogInit: Engine Version: 4.27.2-18319896+++UE4+Release-4.27
LogInit: Compatible Engine Version: 4.27.0-17155196+++UE4+Release-4.27
LogInit: Net CL: 17155196
LogInit: OS: Windows 10 (Release 2004) (), CPU:         Intel(R) Core(TM) i5-2400 CPU @ 3.10GHz, GPU: NVIDIA GeForce GTX 550 Ti
LogInit: Compiled (64-bit): Nov 30 2021 07:12:08
LogInit: Compiled with Visual C++: 19.24.28315.00
LogInit: Build Configuration: Development
LogInit: Branch Name: ++UE4+Release-4.27
LogInit: Command Line:  /Game/Map/Map -game -PIEVIACONSOLE -Multiprocess "GameUserSettingsINI=E:/Unreal Projects/Dungeoner/Saved/Config/Windows/PIEGameUserSettings0.ini" -MultiprocessSaveConfig -forcepassthrough -messaging -SessionName="Play in Standalone Game" -windowed -WinX=0 -WinY=25 SAVEWINPOS=1 -ResX=1910 -ResY=1005
LogInit: Base Directory: E:/UE_4.27/Engine/Binaries/Win64/
LogInit: Allocator: TBB
LogInit: Installed Engine Build: 1
LogDevObjectVersion: Number of dev versions registered: 29
LogDevObjectVersion:   Dev-Blueprints (B0D832E4-1F89-4F0D-ACCF-7EB736FD4AA2): 10
LogDevObjectVersion:   Dev-Build (E1C64328-A22C-4D53-A36C-8E866417BD8C): 0
LogDevObjectVersion:   Dev-Core (375EC13C-06E4-48FB-B500-84F0262A717E): 4
LogDevObjectVersion:   Dev-Editor (E4B068ED-F494-42E9-A231-DA0B2E46BB41): 40
LogDevObjectVersion:   Dev-Framework (CFFC743F-43B0-4480-9391-14DF171D2073): 37
LogDevObjectVersion:   Dev-Mobile (B02B49B5-BB20-44E9-A304-32B752E40360): 3
LogDevObjectVersion:   Dev-Networking (A4E4105C-59A1-49B5-A7C5-40C4547EDFEE): 0
LogDevObjectVersion:   Dev-Online (39C831C9-5AE6-47DC-9A44-9C173E1C8E7C): 0
LogDevObjectVersion:   Dev-Physics (78F01B33-EBEA-4F98-B9B4-84EACCB95AA2): 14
LogDevObjectVersion:   Dev-Platform (6631380F-2D4D-43E0-8009-CF276956A95A): 0
LogDevObjectVersion:   Dev-Rendering (12F88B9F-8875-4AFC-A67C-D90C383ABD29): 45
LogDevObjectVersion:   Dev-Sequencer (7B5AE74C-D270-4C10-A958-57980B212A5A): 13
LogDevObjectVersion:   Dev-VR (D7296918-1DD6-4BDD-9DE2-64A83CC13884): 3
LogDevObjectVersion:   Dev-LoadTimes (C2A15278-BFE7-4AFE-6C17-90FF531DF755): 1
LogDevObjectVersion:   Private-Geometry (6EACA3D4-40EC-4CC1-B786-8BED09428FC5): 3
LogDevObjectVersion:   Dev-AnimPhys (29E575DD-E0A3-4627-9D10-D276232CDCEA): 17
LogDevObjectVersion:   Dev-Anim (AF43A65D-7FD3-4947-9873-3E8ED9C1BB05): 15
LogDevObjectVersion:   Dev-ReflectionCapture (6B266CEC-1EC7-4B8F-A30B-E4D90942FC07): 1
LogDevObjectVersion:   Dev-Automation (0DF73D61-A23F-47EA-B727-89E90C41499A): 1
LogDevObjectVersion:   FortniteMain (601D1886-AC64-4F84-AA16-D3DE0DEAC7D6): 47
LogDevObjectVersion:   FortniteRelease (E7086368-6B23-4C58-8439-1B7016265E91): 1
LogDevObjectVersion:   Dev-Enterprise (9DFFBCD6-494F-0158-E221-12823C92A888): 10
LogDevObjectVersion:   Dev-Niagara (F2AED0AC-9AFE-416F-8664-AA7FFA26D6FC): 1
LogDevObjectVersion:   Dev-Destruction (174F1F0B-B4C6-45A5-B13F-2EE8D0FB917D): 10
LogDevObjectVersion:   Dev-Physics-Ext (35F94A83-E258-406C-A318-09F59610247C): 41
LogDevObjectVersion:   Dev-PhysicsMaterial-Chaos (B68FC16E-8B1B-42E2-B453-215C058844FE): 1
LogDevObjectVersion:   Dev-CineCamera (B2E18506-4273-CFC2-A54E-F4BB758BBA07): 1
LogDevObjectVersion:   Dev-VirtualProduction (64F58936-FD1B-42BA-BA96-7289D5D0FA4E): 1
LogDevObjectVersion:   Dev-MediaFramework (6F0ED827-A609-4895-9C91-998D90180EA4): 2
LogInit: Presizing for max 25165824 objects, including 0 objects not considered by GC, pre-allocating 0 bytes for permanent pool.
LogConfig: Applying CVar settings from Section [/Script/Engine.StreamingSettings] File [E:/Unreal Projects/Dungeoner/Saved/Config/Windows/Engine.ini]
LogConfig: Setting CVar [[s.MinBulkDataSizeForAsyncLoading:131072]]
LogConfig: Setting CVar [[s.AsyncLoadingThreadEnabled:0]]
LogConfig: Setting CVar [[s.EventDrivenLoaderEnabled:1]]
LogConfig: Setting CVar [[s.WarnIfTimeLimitExceeded:0]]
LogConfig: Setting CVar [[s.TimeLimitExceededMultiplier:1.5]]
LogConfig: Setting CVar [[s.TimeLimitExceededMinTime:0.005]]
LogConfig: Setting CVar [[s.UseBackgroundLevelStreaming:1]]
LogConfig: Setting CVar [[s.PriorityAsyncLoadingExtraTime:15.0]]
LogConfig: Setting CVar [[s.LevelStreamingActorsUpdateTimeLimit:5.0]]
LogConfig: Setting CVar [[s.PriorityLevelStreamingActorsUpdateExtraTime:5.0]]
LogConfig: Setting CVar [[s.LevelStreamingComponentsRegistrationGranularity:10]]
LogConfig: Setting CVar [[s.UnregisterComponentsTimeLimit:1.0]]
LogConfig: Setting CVar [[s.LevelStreamingComponentsUnregistrationGranularity:5]]
LogConfig: Setting CVar [[s.FlushStreamingOnExit:1]]
LogInit: Object subsystem initialized
LogConfig: Setting CVar [[con.DebugEarlyDefault:1]]
LogConfig: Setting CVar [[r.setres:1280x720]]
[2022.01.05-19.24.18:408][  0]LogConfig: Setting CVar [[con.DebugEarlyDefault:1]]
[2022.01.05-19.24.18:408][  0]LogConfig: Setting CVar [[r.setres:1280x720]]
[2022.01.05-19.24.18:408][  0]LogConfig: Applying CVar settings from Section [/Script/Engine.RendererSettings] File [E:/Unreal Projects/Dungeoner/Saved/Config/Windows/Engine.ini]
[2022.01.05-19.24.18:408][  0]LogConfig: Setting CVar [[r.GPUCrashDebugging:0]]
[2022.01.05-19.24.18:408][  0]LogConfig: Applying CVar settings from Section [/Script/Engine.RendererOverrideSettings] File [E:/Unreal Projects/Dungeoner/Saved/Config/Windows/Engine.ini]
[2022.01.05-19.24.18:408][  0]LogConfig: Applying CVar settings from Section [/Script/Engine.StreamingSettings] File [E:/Unreal Projects/Dungeoner/Saved/Config/Windows/Engine.ini]
[2022.01.05-19.24.18:408][  0]LogConfig: Setting CVar [[s.MinBulkDataSizeForAsyncLoading:131072]]
[2022.01.05-19.24.18:408][  0]LogConfig: Setting CVar [[s.AsyncLoadingThreadEnabled:0]]
[2022.01.05-19.24.18:408][  0]LogConfig: Setting CVar [[s.EventDrivenLoaderEnabled:1]]
[2022.01.05-19.24.18:408][  0]LogConfig: Setting CVar [[s.WarnIfTimeLimitExceeded:0]]
[2022.01.05-19.24.18:408][  0]LogConfig: Setting CVar [[s.TimeLimitExceededMultiplier:1.5]]
[2022.01.05-19.24.18:408][  0]LogConfig: Setting CVar [[s.TimeLimitExceededMinTime:0.005]]
[2022.01.05-19.24.18:408][  0]LogConfig: Setting CVar [[s.UseBackgroundLevelStreaming:1]]
[2022.01.05-19.24.18:408][  0]LogConfig: Setting CVar [[s.PriorityAsyncLoadingExtraTime:15.0]]
[2022.01.05-19.24.18:408][  0]LogConfig: Setting CVar [[s.LevelStreamingActorsUpdateTimeLimit:5.0]]
[2022.01.05-19.24.18:408][  0]LogConfig: Setting CVar [[s.PriorityLevelStreamingActorsUpdateExtraTime:5.0]]
[2022.01.05-19.24.18:408][  0]LogConfig: Setting CVar [[s.LevelStreamingComponentsRegistrationGranularity:10]]
[2022.01.05-19.24.18:408][  0]LogConfig: Setting CVar [[s.UnregisterComponentsTimeLimit:1.0]]
[2022.01.05-19.24.18:408][  0]LogConfig: Setting CVar [[s.LevelStreamingComponentsUnregistrationGranularity:5]]
[2022.01.05-19.24.18:408][  0]LogConfig: Setting CVar [[s.FlushStreamingOnExit:1]]
[2022.01.05-19.24.18:408][  0]LogConfig: Applying CVar settings from Section [/Script/Engine.GarbageCollectionSettings] File [E:/Unreal Projects/Dungeoner/Saved/Config/Windows/Engine.ini]
[2022.01.05-19.24.18:408][  0]LogConfig: Setting CVar [[gc.MaxObjectsNotConsideredByGC:1]]
[2022.01.05-19.24.18:408][  0]LogConfig: Setting CVar [[gc.SizeOfPermanentObjectPool:0]]
[2022.01.05-19.24.18:409][  0]LogConfig: Setting CVar [[gc.FlushStreamingOnGC:0]]
[2022.01.05-19.24.18:409][  0]LogConfig: Setting CVar [[gc.NumRetriesBeforeForcingGC:10]]
[2022.01.05-19.24.18:409][  0]LogConfig: Setting CVar [[gc.AllowParallelGC:1]]
[2022.01.05-19.24.18:409][  0]LogConfig: Setting CVar [[gc.TimeBetweenPurgingPendingKillObjects:61.1]]
[2022.01.05-19.24.18:409][  0]LogConfig: Setting CVar [[gc.MaxObjectsInEditor:25165824]]
[2022.01.05-19.24.18:409][  0]LogConfig: Setting CVar [[gc.IncrementalBeginDestroyEnabled:1]]
[2022.01.05-19.24.18:409][  0]LogConfig: Setting CVar [[gc.CreateGCClusters:1]]
[2022.01.05-19.24.18:409][  0]LogConfig: Setting CVar [[gc.MinGCClusterSize:5]]
[2022.01.05-19.24.18:409][  0]LogConfig: Setting CVar [[gc.ActorClusteringEnabled:0]]
[2022.01.05-19.24.18:409][  0]LogConfig: Setting CVar [[gc.BlueprintClusteringEnabled:0]]
[2022.01.05-19.24.18:409][  0]LogConfig: Setting CVar [[gc.UseDisregardForGCOnDedicatedServers:0]]
[2022.01.05-19.24.18:409][  0]LogConfig: Setting CVar [[gc.MultithreadedDestructionEnabled:1]]
[2022.01.05-19.24.18:409][  0]LogConfig: Applying CVar settings from Section [/Script/Engine.NetworkSettings] File [E:/Unreal Projects/Dungeoner/Saved/Config/Windows/Engine.ini]
[2022.01.05-19.24.18:409][  0]LogConfig: Applying CVar settings from Section [/Script/UnrealEd.CookerSettings] File [E:/Unreal Projects/Dungeoner/Saved/Config/Windows/Engine.ini]
[2022.01.05-19.24.18:416][  0]LogConfig: Applying CVar settings from Section [ViewDistanceQuality@3] File [E:/Unreal Projects/Dungeoner/Saved/Config/Windows/Scalability.ini]
[2022.01.05-19.24.18:416][  0]LogConfig: Setting CVar [[r.SkeletalMeshLODBias:0]]
[2022.01.05-19.24.18:416][  0]LogConfig: Setting CVar [[r.ViewDistanceScale:1.0]]
[2022.01.05-19.24.18:416][  0]LogConfig: Applying CVar settings from Section [AntiAliasingQuality@3] File [E:/Unreal Projects/Dungeoner/Saved/Config/Windows/Scalability.ini]
[2022.01.05-19.24.18:416][  0]LogConfig: Setting CVar [[r.PostProcessAAQuality:4]]
[2022.01.05-19.24.18:416][  0]LogConfig: Applying CVar settings from Section [ShadowQuality@3] File [E:/Unreal Projects/Dungeoner/Saved/Config/Windows/Scalability.ini]
[2022.01.05-19.24.18:416][  0]LogConfig: Setting CVar [[r.LightFunctionQuality:1]]
[2022.01.05-19.24.18:416][  0]LogConfig: Setting CVar [[r.ShadowQuality:5]]
[2022.01.05-19.24.18:416][  0]LogConfig: Setting CVar [[r.Shadow.CSM.MaxCascades:10]]
[2022.01.05-19.24.18:416][  0]LogConfig: Setting CVar [[r.Shadow.MaxResolution:2048]]
[2022.01.05-19.24.18:416][  0]LogConfig: Setting CVar [[r.Shadow.MaxCSMResolution:2048]]
[2022.01.05-19.24.18:416][  0]LogConfig: Setting CVar [[r.Shadow.RadiusThreshold:0.01]]
[2022.01.05-19.24.18:416][  0]LogConfig: Setting CVar [[r.Shadow.DistanceScale:1.0]]
[2022.01.05-19.24.18:416][  0]LogConfig: Setting CVar [[r.Shadow.CSM.TransitionScale:1.0]]
[2022.01.05-19.24.18:416][  0]LogConfig: Setting CVar [[r.Shadow.PreShadowResolutionFactor:1.0]]
[2022.01.05-19.24.18:416][  0]LogConfig: Setting CVar [[r.DistanceFieldShadowing:1]]
[2022.01.05-19.24.18:416][  0]LogConfig: Setting CVar [[r.DistanceFieldAO:1]]
[2022.01.05-19.24.18:416][  0]LogConfig: Setting CVar [[r.AOQuality:2]]
[2022.01.05-19.24.18:416][  0]LogConfig: Setting CVar [[r.VolumetricFog:1]]
[2022.01.05-19.24.18:416][  0]LogConfig: Setting CVar [[r.VolumetricFog.GridPixelSize:8]]
[2022.01.05-19.24.18:416][  0]LogConfig: Setting CVar [[r.VolumetricFog.GridSizeZ:128]]
[2022.01.05-19.24.18:416][  0]LogConfig: Setting CVar [[r.VolumetricFog.HistoryMissSupersampleCount:4]]
[2022.01.05-19.24.18:416][  0]LogConfig: Setting CVar [[r.LightMaxDrawDistanceScale:1]]
[2022.01.05-19.24.18:416][  0]LogConfig: Setting CVar [[r.CapsuleShadows:1]]
[2022.01.05-19.24.18:416][  0]LogConfig: Applying CVar settings from Section [PostProcessQuality@3] File [E:/Unreal Projects/Dungeoner/Saved/Config/Windows/Scalability.ini]
[2022.01.05-19.24.18:416][  0]LogConfig: Setting CVar [[r.MotionBlurQuality:4]]
[2022.01.05-19.24.18:416][  0]LogConfig: Setting CVar [[r.AmbientOcclusionMipLevelFactor:0.4]]
[2022.01.05-19.24.18:416][  0]LogConfig: Setting CVar [[r.AmbientOcclusionMaxQuality:100]]
[2022.01.05-19.24.18:416][  0]LogConfig: Setting CVar [[r.AmbientOcclusionLevels:-1]]
[2022.01.05-19.24.18:416][  0]LogConfig: Setting CVar [[r.AmbientOcclusionRadiusScale:1.0]]
[2022.01.05-19.24.18:416][  0]LogConfig: Setting CVar [[r.DepthOfFieldQuality:2]]
[2022.01.05-19.24.18:416][  0]LogConfig: Setting CVar [[r.RenderTargetPoolMin:400]]
[2022.01.05-19.24.18:416][  0]LogConfig: Setting CVar [[r.LensFlareQuality:2]]
[2022.01.05-19.24.18:416][  0]LogConfig: Setting CVar [[r.SceneColorFringeQuality:1]]
[2022.01.05-19.24.18:416][  0]LogConfig: Setting CVar [[r.EyeAdaptationQuality:2]]
[2022.01.05-19.24.18:416][  0]LogConfig: Setting CVar [[r.BloomQuality:5]]
[2022.01.05-19.24.18:416][  0]LogConfig: Setting CVar [[r.FastBlurThreshold:100]]
[2022.01.05-19.24.18:416][  0]LogConfig: Setting CVar [[r.Upscale.Quality:3]]
[2022.01.05-19.24.18:416][  0]LogConfig: Setting CVar [[r.Tonemapper.GrainQuantization:1]]
[2022.01.05-19.24.18:416][  0]LogConfig: Setting CVar [[r.LightShaftQuality:1]]
[2022.01.05-19.24.18:416][  0]LogConfig: Setting CVar [[r.Filter.SizeScale:1]]
[2022.01.05-19.24.18:416][  0]LogConfig: Setting CVar [[r.Tonemapper.Quality:5]]
[2022.01.05-19.24.18:416][  0]LogConfig: Setting CVar [[r.DOF.Gather.AccumulatorQuality:1        ; higher gathering accumulator quality]]
[2022.01.05-19.24.18:416][  0]LogConfig: Setting CVar [[r.DOF.Gather.PostfilterMethod:1          ; Median3x3 postfilering method]]
[2022.01.05-19.24.18:416][  0]LogConfig: Setting CVar [[r.DOF.Gather.EnableBokehSettings:0       ; no bokeh simulation when gathering]]
[2022.01.05-19.24.18:416][  0]LogConfig: Setting CVar [[r.DOF.Gather.RingCount:4                 ; medium number of samples when gathering]]
[2022.01.05-19.24.18:416][  0]LogConfig: Setting CVar [[r.DOF.Scatter.ForegroundCompositing:1    ; additive foreground scattering]]
[2022.01.05-19.24.18:416][  0]LogConfig: Setting CVar [[r.DOF.Scatter.BackgroundCompositing:2    ; additive background scattering]]
[2022.01.05-19.24.18:417][  0]LogConfig: Setting CVar [[r.DOF.Scatter.EnableBokehSettings:1      ; bokeh simulation when scattering]]
[2022.01.05-19.24.18:417][  0]LogConfig: Setting CVar [[r.DOF.Scatter.MaxSpriteRatio:0.1         ; only a maximum of 10% of scattered bokeh]]
[2022.01.05-19.24.18:417][  0]LogConfig: Setting CVar [[r.DOF.Recombine.Quality:1                ; cheap slight out of focus]]
[2022.01.05-19.24.18:417][  0]LogConfig: Setting CVar [[r.DOF.Recombine.EnableBokehSettings:0    ; no bokeh simulation on slight out of focus]]
[2022.01.05-19.24.18:417][  0]LogConfig: Setting CVar [[r.DOF.TemporalAAQuality:1                ; more stable temporal accumulation]]
[2022.01.05-19.24.18:417][  0]LogConfig: Setting CVar [[r.DOF.Kernel.MaxForegroundRadius:0.025]]
[2022.01.05-19.24.18:417][  0]LogConfig: Setting CVar [[r.DOF.Kernel.MaxBackgroundRadius:0.025]]
[2022.01.05-19.24.18:417][  0]LogConfig: Applying CVar settings from Section [TextureQuality@3] File [E:/Unreal Projects/Dungeoner/Saved/Config/Windows/Scalability.ini]
[2022.01.05-19.24.18:417][  0]LogConfig: Setting CVar [[r.Streaming.MipBias:0]]
[2022.01.05-19.24.18:417][  0]LogConfig: Setting CVar [[r.Streaming.AmortizeCPUToGPUCopy:0]]
[2022.01.05-19.24.18:417][  0]LogConfig: Setting CVar [[r.Streaming.MaxNumTexturesToStreamPerFrame:0]]
[2022.01.05-19.24.18:417][  0]LogConfig: Setting CVar [[r.Streaming.Boost:1]]
[2022.01.05-19.24.18:417][  0]LogConfig: Setting CVar [[r.MaxAnisotropy:8]]
[2022.01.05-19.24.18:417][  0]LogConfig: Setting CVar [[r.VT.MaxAnisotropy:8]]
[2022.01.05-19.24.18:417][  0]LogConfig: Setting CVar [[r.Streaming.LimitPoolSizeToVRAM:0]]
[2022.01.05-19.24.18:417][  0]LogConfig: Setting CVar [[r.Streaming.PoolSize:1000]]
[2022.01.05-19.24.18:417][  0]LogConfig: Setting CVar [[r.Streaming.MaxEffectiveScreenSize:0]]
[2022.01.05-19.24.18:417][  0]LogConfig: Applying CVar settings from Section [EffectsQuality@3] File [E:/Unreal Projects/Dungeoner/Saved/Config/Windows/Scalability.ini]
[2022.01.05-19.24.18:417][  0]LogConfig: Setting CVar [[r.TranslucencyLightingVolumeDim:64]]
[2022.01.05-19.24.18:417][  0]LogConfig: Setting CVar [[r.RefractionQuality:2]]
[2022.01.05-19.24.18:417][  0]LogConfig: Setting CVar [[r.SSR.Quality:3]]
[2022.01.05-19.24.18:417][  0]LogConfig: Setting CVar [[r.SSR.HalfResSceneColor:0]]
[2022.01.05-19.24.18:417][  0]LogConfig: Setting CVar [[r.SceneColorFormat:4]]
[2022.01.05-19.24.18:417][  0]LogConfig: Setting CVar [[r.DetailMode:2]]
[2022.01.05-19.24.18:417][  0]LogConfig: Setting CVar [[r.TranslucencyVolumeBlur:1]]
[2022.01.05-19.24.18:417][  0]LogConfig: Setting CVar [[r.MaterialQualityLevel:1 ; High quality]]
[2022.01.05-19.24.18:417][  0]LogConfig: Setting CVar [[r.AnisotropicMaterials:1]]
[2022.01.05-19.24.18:417][  0]LogConfig: Setting CVar [[r.SSS.Scale:1]]
[2022.01.05-19.24.18:417][  0]LogConfig: Setting CVar [[r.SSS.SampleSet:2]]
[2022.01.05-19.24.18:417][  0]LogConfig: Setting CVar [[r.SSS.Quality:1]]
[2022.01.05-19.24.18:417][  0]LogConfig: Setting CVar [[r.SSS.HalfRes:0]]
[2022.01.05-19.24.18:417][  0]LogConfig: Setting CVar [[r.SSGI.Quality:3]]
[2022.01.05-19.24.18:417][  0]LogConfig: Setting CVar [[r.EmitterSpawnRateScale:1.0]]
[2022.01.05-19.24.18:417][  0]LogConfig: Setting CVar [[r.ParticleLightQuality:2]]
[2022.01.05-19.24.18:417][  0]LogConfig: Setting CVar [[r.SkyAtmosphere.AerialPerspectiveLUT.FastApplyOnOpaque:1 ; Always have FastSkyLUT 1 in this case to avoid wrong sky]]
[2022.01.05-19.24.18:417][  0]LogConfig: Setting CVar [[r.SkyAtmosphere.AerialPerspectiveLUT.SampleCountMaxPerSlice:4]]
[2022.01.05-19.24.18:417][  0]LogConfig: Setting CVar [[r.SkyAtmosphere.AerialPerspectiveLUT.DepthResolution:16.0]]
[2022.01.05-19.24.18:417][  0]LogConfig: Setting CVar [[r.SkyAtmosphere.FastSkyLUT:1]]
[2022.01.05-19.24.18:417][  0]LogConfig: Setting CVar [[r.SkyAtmosphere.FastSkyLUT.SampleCountMin:4.0]]
[2022.01.05-19.24.18:417][  0]LogConfig: Setting CVar [[r.SkyAtmosphere.FastSkyLUT.SampleCountMax:128.0]]
[2022.01.05-19.24.18:417][  0]LogConfig: Setting CVar [[r.SkyAtmosphere.SampleCountMin:4.0]]
[2022.01.05-19.24.18:417][  0]LogConfig: Setting CVar [[r.SkyAtmosphere.SampleCountMax:128.0]]
[2022.01.05-19.24.18:417][  0]LogConfig: Setting CVar [[r.SkyAtmosphere.TransmittanceLUT.UseSmallFormat:0]]
[2022.01.05-19.24.18:417][  0]LogConfig: Setting CVar [[r.SkyAtmosphere.TransmittanceLUT.SampleCount:10.0]]
[2022.01.05-19.24.18:417][  0]LogConfig: Setting CVar [[r.SkyAtmosphere.MultiScatteringLUT.SampleCount:15.0]]
[2022.01.05-19.24.18:417][  0]LogConfig: Setting CVar [[r.SkyLight.RealTimeReflectionCapture:1]]
[2022.01.05-19.24.18:417][  0]LogConfig: Applying CVar settings from Section [FoliageQuality@3] File [E:/Unreal Projects/Dungeoner/Saved/Config/Windows/Scalability.ini]
[2022.01.05-19.24.18:417][  0]LogConfig: Setting CVar [[foliage.DensityScale:1.0]]
[2022.01.05-19.24.18:417][  0]LogConfig: Setting CVar [[grass.DensityScale:1.0]]
[2022.01.05-19.24.18:417][  0]LogConfig: Applying CVar settings from Section [ShadingQuality@3] File [E:/Unreal Projects/Dungeoner/Saved/Config/Windows/Scalability.ini]
[2022.01.05-19.24.18:417][  0]LogConfig: Setting CVar [[r.HairStrands.SkyLighting.IntegrationType:2]]
[2022.01.05-19.24.18:417][  0]LogConfig: Setting CVar [[r.HairStrands.SkyAO.SampleCount:4]]
[2022.01.05-19.24.18:417][  0]LogConfig: Setting CVar [[r.HairStrands.Visibility.MSAA.SamplePerPixel:4]]
[2022.01.05-19.24.18:417][  0]LogInit: Selected Device Profile: [Windows]
[2022.01.05-19.24.18:417][  0]LogInit: Applying CVar settings loaded from the selected device profile: [Windows]
[2022.01.05-19.24.18:418][  0]LogHAL: Display: Platform has ~ 8 GB [8569896960 / 8589934592 / 8], which maps to Default [LargestMinGB=32, LargerMinGB=12, DefaultMinGB=8, SmallerMinGB=6, SmallestMinGB=0)
[2022.01.05-19.24.18:418][  0]LogInit: Going up to parent DeviceProfile []
[2022.01.05-19.24.18:418][  0]LogConfig: Applying CVar settings from Section [ViewDistanceQuality@3] File [E:/Unreal Projects/Dungeoner/Saved/Config/Windows/Scalability.ini]
[2022.01.05-19.24.18:418][  0]LogConfig: Setting CVar [[r.SkeletalMeshLODBias:0]]
[2022.01.05-19.24.18:418][  0]LogConfig: Setting CVar [[r.ViewDistanceScale:1.0]]
[2022.01.05-19.24.18:418][  0]LogConfig: Applying CVar settings from Section [AntiAliasingQuality@3] File [E:/Unreal Projects/Dungeoner/Saved/Config/Windows/Scalability.ini]
[2022.01.05-19.24.18:418][  0]LogConfig: Setting CVar [[r.PostProcessAAQuality:4]]
[2022.01.05-19.24.18:418][  0]LogConfig: Applying CVar settings from Section [ShadowQuality@3] File [E:/Unreal Projects/Dungeoner/Saved/Config/Windows/Scalability.ini]
[2022.01.05-19.24.18:418][  0]LogConfig: Setting CVar [[r.LightFunctionQuality:1]]
[2022.01.05-19.24.18:418][  0]LogConfig: Setting CVar [[r.ShadowQuality:5]]
[2022.01.05-19.24.18:418][  0]LogConfig: Setting CVar [[r.Shadow.CSM.MaxCascades:10]]
[2022.01.05-19.24.18:418][  0]LogConfig: Setting CVar [[r.Shadow.MaxResolution:2048]]
[2022.01.05-19.24.18:418][  0]LogConfig: Setting CVar [[r.Shadow.MaxCSMResolution:2048]]
[2022.01.05-19.24.18:418][  0]LogConfig: Setting CVar [[r.Shadow.RadiusThreshold:0.01]]
[2022.01.05-19.24.18:418][  0]LogConfig: Setting CVar [[r.Shadow.DistanceScale:1.0]]
[2022.01.05-19.24.18:418][  0]LogConfig: Setting CVar [[r.Shadow.CSM.TransitionScale:1.0]]
[2022.01.05-19.24.18:418][  0]LogConfig: Setting CVar [[r.Shadow.PreShadowResolutionFactor:1.0]]
[2022.01.05-19.24.18:418][  0]LogConfig: Setting CVar [[r.DistanceFieldShadowing:1]]
[2022.01.05-19.24.18:418][  0]LogConfig: Setting CVar [[r.DistanceFieldAO:1]]
[2022.01.05-19.24.18:418][  0]LogConfig: Setting CVar [[r.AOQuality:2]]
[2022.01.05-19.24.18:418][  0]LogConfig: Setting CVar [[r.VolumetricFog:1]]
[2022.01.05-19.24.18:418][  0]LogConfig: Setting CVar [[r.VolumetricFog.GridPixelSize:8]]
[2022.01.05-19.24.18:418][  0]LogConfig: Setting CVar [[r.VolumetricFog.GridSizeZ:128]]
[2022.01.05-19.24.18:418][  0]LogConfig: Setting CVar [[r.VolumetricFog.HistoryMissSupersampleCount:4]]
[2022.01.05-19.24.18:418][  0]LogConfig: Setting CVar [[r.LightMaxDrawDistanceScale:1]]
[2022.01.05-19.24.18:418][  0]LogConfig: Setting CVar [[r.CapsuleShadows:1]]
[2022.01.05-19.24.18:418][  0]LogConfig: Applying CVar settings from Section [PostProcessQuality@3] File [E:/Unreal Projects/Dungeoner/Saved/Config/Windows/Scalability.ini]
[2022.01.05-19.24.18:418][  0]LogConfig: Setting CVar [[r.MotionBlurQuality:4]]
[2022.01.05-19.24.18:418][  0]LogConfig: Setting CVar [[r.AmbientOcclusionMipLevelFactor:0.4]]
[2022.01.05-19.24.18:418][  0]LogConfig: Setting CVar [[r.AmbientOcclusionMaxQuality:100]]
[2022.01.05-19.24.18:418][  0]LogConfig: Setting CVar [[r.AmbientOcclusionLevels:-1]]
[2022.01.05-19.24.18:418][  0]LogConfig: Setting CVar [[r.AmbientOcclusionRadiusScale:1.0]]
[2022.01.05-19.24.18:418][  0]LogConfig: Setting CVar [[r.DepthOfFieldQuality:2]]
[2022.01.05-19.24.18:418][  0]LogConfig: Setting CVar [[r.RenderTargetPoolMin:400]]
[2022.01.05-19.24.18:418][  0]LogConfig: Setting CVar [[r.LensFlareQuality:2]]
[2022.01.05-19.24.18:418][  0]LogConfig: Setting CVar [[r.SceneColorFringeQuality:1]]
[2022.01.05-19.24.18:418][  0]LogConfig: Setting CVar [[r.EyeAdaptationQuality:2]]
[2022.01.05-19.24.18:418][  0]LogConfig: Setting CVar [[r.BloomQuality:5]]
[2022.01.05-19.24.18:418][  0]LogConfig: Setting CVar [[r.FastBlurThreshold:100]]
[2022.01.05-19.24.18:418][  0]LogConfig: Setting CVar [[r.Upscale.Quality:3]]
[2022.01.05-19.24.18:418][  0]LogConfig: Setting CVar [[r.Tonemapper.GrainQuantization:1]]
[2022.01.05-19.24.18:418][  0]LogConfig: Setting CVar [[r.LightShaftQuality:1]]
[2022.01.05-19.24.18:418][  0]LogConfig: Setting CVar [[r.Filter.SizeScale:1]]
[2022.01.05-19.24.18:418][  0]LogConfig: Setting CVar [[r.Tonemapper.Quality:5]]
[2022.01.05-19.24.18:418][  0]LogConfig: Setting CVar [[r.DOF.Gather.AccumulatorQuality:1        ; higher gathering accumulator quality]]
[2022.01.05-19.24.18:418][  0]LogConfig: Setting CVar [[r.DOF.Gather.PostfilterMethod:1          ; Median3x3 postfilering method]]
[2022.01.05-19.24.18:419][  0]LogConfig: Setting CVar [[r.DOF.Gather.EnableBokehSettings:0       ; no bokeh simulation when gathering]]
[2022.01.05-19.24.18:419][  0]LogConfig: Setting CVar [[r.DOF.Gather.RingCount:4                 ; medium number of samples when gathering]]
[2022.01.05-19.24.18:419][  0]LogConfig: Setting CVar [[r.DOF.Scatter.ForegroundCompositing:1    ; additive foreground scattering]]
[2022.01.05-19.24.18:419][  0]LogConfig: Setting CVar [[r.DOF.Scatter.BackgroundCompositing:2    ; additive background scattering]]
[2022.01.05-19.24.18:419][  0]LogConfig: Setting CVar [[r.DOF.Scatter.EnableBokehSettings:1      ; bokeh simulation when scattering]]
[2022.01.05-19.24.18:419][  0]LogConfig: Setting CVar [[r.DOF.Scatter.MaxSpriteRatio:0.1         ; only a maximum of 10% of scattered bokeh]]
[2022.01.05-19.24.18:419][  0]LogConfig: Setting CVar [[r.DOF.Recombine.Quality:1                ; cheap slight out of focus]]
[2022.01.05-19.24.18:419][  0]LogConfig: Setting CVar [[r.DOF.Recombine.EnableBokehSettings:0    ; no bokeh simulation on slight out of focus]]
[2022.01.05-19.24.18:419][  0]LogConfig: Setting CVar [[r.DOF.TemporalAAQuality:1                ; more stable temporal accumulation]]
[2022.01.05-19.24.18:419][  0]LogConfig: Setting CVar [[r.DOF.Kernel.MaxForegroundRadius:0.025]]
[2022.01.05-19.24.18:419][  0]LogConfig: Setting CVar [[r.DOF.Kernel.MaxBackgroundRadius:0.025]]
[2022.01.05-19.24.18:419][  0]LogConfig: Applying CVar settings from Section [TextureQuality@3] File [E:/Unreal Projects/Dungeoner/Saved/Config/Windows/Scalability.ini]
[2022.01.05-19.24.18:419][  0]LogConfig: Setting CVar [[r.Streaming.MipBias:0]]
[2022.01.05-19.24.18:419][  0]LogConfig: Setting CVar [[r.Streaming.AmortizeCPUToGPUCopy:0]]
[2022.01.05-19.24.18:419][  0]LogConfig: Setting CVar [[r.Streaming.MaxNumTexturesToStreamPerFrame:0]]
[2022.01.05-19.24.18:419][  0]LogConfig: Setting CVar [[r.Streaming.Boost:1]]
[2022.01.05-19.24.18:419][  0]LogConfig: Setting CVar [[r.MaxAnisotropy:8]]
[2022.01.05-19.24.18:419][  0]LogConfig: Setting CVar [[r.VT.MaxAnisotropy:8]]
[2022.01.05-19.24.18:419][  0]LogConfig: Setting CVar [[r.Streaming.LimitPoolSizeToVRAM:0]]
[2022.01.05-19.24.18:419][  0]LogConfig: Setting CVar [[r.Streaming.PoolSize:1000]]
[2022.01.05-19.24.18:419][  0]LogConfig: Setting CVar [[r.Streaming.MaxEffectiveScreenSize:0]]
[2022.01.05-19.24.18:419][  0]LogConfig: Applying CVar settings from Section [EffectsQuality@3] File [E:/Unreal Projects/Dungeoner/Saved/Config/Windows/Scalability.ini]
[2022.01.05-19.24.18:419][  0]LogConfig: Setting CVar [[r.TranslucencyLightingVolumeDim:64]]
[2022.01.05-19.24.18:419][  0]LogConfig: Setting CVar [[r.RefractionQuality:2]]
[2022.01.05-19.24.18:419][  0]LogConfig: Setting CVar [[r.SSR.Quality:3]]
[2022.01.05-19.24.18:419][  0]LogConfig: Setting CVar [[r.SSR.HalfResSceneColor:0]]
[2022.01.05-19.24.18:419][  0]LogConfig: Setting CVar [[r.SceneColorFormat:4]]
[2022.01.05-19.24.18:419][  0]LogConfig: Setting CVar [[r.DetailMode:2]]
[2022.01.05-19.24.18:419][  0]LogConfig: Setting CVar [[r.TranslucencyVolumeBlur:1]]
[2022.01.05-19.24.18:419][  0]LogConfig: Setting CVar [[r.MaterialQualityLevel:1 ; High quality]]
[2022.01.05-19.24.18:419][  0]LogConfig: Setting CVar [[r.AnisotropicMaterials:1]]
[2022.01.05-19.24.18:419][  0]LogConfig: Setting CVar [[r.SSS.Scale:1]]
[2022.01.05-19.24.18:419][  0]LogConfig: Setting CVar [[r.SSS.SampleSet:2]]
[2022.01.05-19.24.18:419][  0]LogConfig: Setting CVar [[r.SSS.Quality:1]]
[2022.01.05-19.24.18:419][  0]LogConfig: Setting CVar [[r.SSS.HalfRes:0]]
[2022.01.05-19.24.18:419][  0]LogConfig: Setting CVar [[r.SSGI.Quality:3]]
[2022.01.05-19.24.18:419][  0]LogConfig: Setting CVar [[r.EmitterSpawnRateScale:1.0]]
[2022.01.05-19.24.18:419][  0]LogConfig: Setting CVar [[r.ParticleLightQuality:2]]
[2022.01.05-19.24.18:419][  0]LogConfig: Setting CVar [[r.SkyAtmosphere.AerialPerspectiveLUT.FastApplyOnOpaque:1 ; Always have FastSkyLUT 1 in this case to avoid wrong sky]]
[2022.01.05-19.24.18:419][  0]LogConfig: Setting CVar [[r.SkyAtmosphere.AerialPerspectiveLUT.SampleCountMaxPerSlice:4]]
[2022.01.05-19.24.18:419][  0]LogConfig: Setting CVar [[r.SkyAtmosphere.AerialPerspectiveLUT.DepthResolution:16.0]]
[2022.01.05-19.24.18:419][  0]LogConfig: Setting CVar [[r.SkyAtmosphere.FastSkyLUT:1]]
[2022.01.05-19.24.18:419][  0]LogConfig: Setting CVar [[r.SkyAtmosphere.FastSkyLUT.SampleCountMin:4.0]]
[2022.01.05-19.24.18:419][  0]LogConfig: Setting CVar [[r.SkyAtmosphere.FastSkyLUT.SampleCountMax:128.0]]
[2022.01.05-19.24.18:419][  0]LogConfig: Setting CVar [[r.SkyAtmosphere.SampleCountMin:4.0]]
[2022.01.05-19.24.18:419][  0]LogConfig: Setting CVar [[r.SkyAtmosphere.SampleCountMax:128.0]]
[2022.01.05-19.24.18:419][  0]LogConfig: Setting CVar [[r.SkyAtmosphere.TransmittanceLUT.UseSmallFormat:0]]
[2022.01.05-19.24.18:419][  0]LogConfig: Setting CVar [[r.SkyAtmosphere.TransmittanceLUT.SampleCount:10.0]]
[2022.01.05-19.24.18:419][  0]LogConfig: Setting CVar [[r.SkyAtmosphere.MultiScatteringLUT.SampleCount:15.0]]
[2022.01.05-19.24.18:419][  0]LogConfig: Setting CVar [[r.SkyLight.RealTimeReflectionCapture:1]]
[2022.01.05-19.24.18:419][  0]LogConfig: Applying CVar settings from Section [FoliageQuality@3] File [E:/Unreal Projects/Dungeoner/Saved/Config/Windows/Scalability.ini]
[2022.01.05-19.24.18:419][  0]LogConfig: Setting CVar [[foliage.DensityScale:1.0]]
[2022.01.05-19.24.18:419][  0]LogConfig: Setting CVar [[grass.DensityScale:1.0]]
[2022.01.05-19.24.18:419][  0]LogConfig: Applying CVar settings from Section [ShadingQuality@3] File [E:/Unreal Projects/Dungeoner/Saved/Config/Windows/Scalability.ini]
[2022.01.05-19.24.18:420][  0]LogConfig: Setting CVar [[r.HairStrands.SkyLighting.IntegrationType:2]]
[2022.01.05-19.24.18:420][  0]LogConfig: Setting CVar [[r.HairStrands.SkyAO.SampleCount:4]]
[2022.01.05-19.24.18:420][  0]LogConfig: Setting CVar [[r.HairStrands.Visibility.MSAA.SamplePerPixel:4]]
[2022.01.05-19.24.18:420][  0]LogConfig: Applying CVar settings from Section [Startup] File [../../../Engine/Config/ConsoleVariables.ini]
[2022.01.05-19.24.18:420][  0]LogConfig: Setting CVar [[net.UseAdaptiveNetUpdateFrequency:0]]
[2022.01.05-19.24.18:420][  0]LogConfig: Setting CVar [[p.chaos.AllowCreatePhysxBodies:1]]
[2022.01.05-19.24.18:420][  0]LogConfig: Setting CVar [[fx.SkipVectorVMBackendOptimizations:1]]
[2022.01.05-19.24.18:420][  0]LogConfig: Applying CVar settings from Section [ConsoleVariables] File [E:/Unreal Projects/Dungeoner/Saved/Config/Windows/Engine.ini]
[2022.01.05-19.24.18:420][  0]LogConfig: Applying CVar settings from Section [ConsoleVariables] File [E:/Unreal Projects/Dungeoner/Saved/Config/Windows/Editor.ini]
[2022.01.05-19.24.18:420][  0]LogInit: Computer: HOME-PC
[2022.01.05-19.24.18:420][  0]LogInit: User: Denis
[2022.01.05-19.24.18:420][  0]LogInit: CPU Page size=4096, Cores=4
[2022.01.05-19.24.18:420][  0]LogInit: High frequency timer resolution =10.000000 MHz
[2022.01.05-19.24.18:420][  0]LogMemory: Memory total: Physical=8.0GB (8GB approx)
[2022.01.05-19.24.18:420][  0]LogMemory: Platform Memory Stats for Windows
[2022.01.05-19.24.18:420][  0]LogMemory: Process Physical Memory: 140.63 MB used, 140.63 MB peak
[2022.01.05-19.24.18:420][  0]LogMemory: Process Virtual Memory: 113.12 MB used, 113.12 MB peak
[2022.01.05-19.24.18:420][  0]LogMemory: Physical Memory: 5598.54 MB used,  2574.35 MB free, 8172.89 MB total
[2022.01.05-19.24.18:420][  0]LogMemory: Virtual Memory: 134215008.00 MB used,  2717.21 MB free, 134217728.00 MB total
[2022.01.05-19.24.18:430][  0]LogWindows: WindowsPlatformFeatures enabled
[2022.01.05-19.24.18:459][  0]LogInit: Physics initialised using underlying interface: PhysX
[2022.01.05-19.24.18:460][  0]LogInit: Using OS detected language (ru-RU).
[2022.01.05-19.24.18:460][  0]LogInit: Using OS detected locale (ru-RU).
[2022.01.05-19.24.18:462][  0]LogTextLocalizationManager: No specific localization for 'ru-RU' exists, so the 'ru' localization will be used.
[2022.01.05-19.24.18:464][  0]LogTextLocalizationResource: LocRes '../../../Engine/Content/Localization/Editor/ru/Editor.locres' could not be opened for reading!
[2022.01.05-19.24.18:464][  0]LogTextLocalizationResource: LocRes '../../../Engine/Content/Localization/EditorTutorials/ru/EditorTutorials.locres' could not be opened for reading!
[2022.01.05-19.24.18:464][  0]LogTextLocalizationResource: LocRes '../../../Engine/Content/Localization/Keywords/ru/Keywords.locres' could not be opened for reading!
[2022.01.05-19.24.18:465][  0]LogTextLocalizationResource: LocRes '../../../Engine/Content/Localization/Category/ru/Category.locres' could not be opened for reading!
[2022.01.05-19.24.18:465][  0]LogTextLocalizationResource: LocRes '../../../Engine/Content/Localization/ToolTips/ru/ToolTips.locres' could not be opened for reading!
[2022.01.05-19.24.18:465][  0]LogTextLocalizationResource: LocRes '../../../Engine/Content/Localization/PropertyNames/ru/PropertyNames.locres' could not be opened for reading!
[2022.01.05-19.24.18:465][  0]LogTextLocalizationResource: LocRes '../../../Engine/Content/Localization/Engine/ru/Engine.locres' could not be opened for reading!
[2022.01.05-19.24.18:478][  0]LogWindowsTextInputMethodSystem: Display: IME system deactivated.
[2022.01.05-19.24.18:503][  0]LogSlate: New Slate User Created.  User Index 0, Is Virtual User: 0
[2022.01.05-19.24.18:503][  0]LogSlate: Slate User Registered.  User Index 0, Is Virtual User: 0
[2022.01.05-19.24.18:520][  0]LogD3D11RHI: Loaded GFSDK_Aftermath_Lib.x64.dll
[2022.01.05-19.24.18:523][  0]LogHMD: Failed to initialize OpenVR with code 110
[2022.01.05-19.24.18:523][  0]LogD3D11RHI: D3D11 min allowed feature level: 11_0
[2022.01.05-19.24.18:523][  0]LogD3D11RHI: D3D11 max allowed feature level: 11_0
[2022.01.05-19.24.18:523][  0]LogD3D11RHI: D3D11 adapters:
[2022.01.05-19.24.18:595][  0]LogD3D11RHI:    0. 'NVIDIA GeForce GTX 550 Ti' (Feature Level 11_0)
[2022.01.05-19.24.18:595][  0]LogD3D11RHI:       959/0/4086 MB DedicatedVideo/DedicatedSystem/SharedSystem, Outputs:1, VendorId:0x10de
[2022.01.05-19.24.18:598][  0]LogD3D11RHI:    1. 'Microsoft Basic Render Driver' (Feature Level 11_0)
[2022.01.05-19.24.18:598][  0]LogD3D11RHI:       0/0/4086 MB DedicatedVideo/DedicatedSystem/SharedSystem, Outputs:0, VendorId:0x1414
[2022.01.05-19.24.18:598][  0]LogD3D11RHI: Chosen D3D11 Adapter:
[2022.01.05-19.24.18:598][  0]LogD3D11RHI:     Description : NVIDIA GeForce GTX 550 Ti
[2022.01.05-19.24.18:598][  0]LogD3D11RHI:     VendorId    : 10de
[2022.01.05-19.24.18:598][  0]LogD3D11RHI:     DeviceId    : 1244
[2022.01.05-19.24.18:598][  0]LogD3D11RHI:     SubSysId    : 0000
[2022.01.05-19.24.18:598][  0]LogD3D11RHI:     Revision    : 00a1
[2022.01.05-19.24.18:598][  0]LogD3D11RHI:     DedicatedVideoMemory : 1005780992 bytes
[2022.01.05-19.24.18:598][  0]LogD3D11RHI:     DedicatedSystemMemory : 0 bytes
[2022.01.05-19.24.18:598][  0]LogD3D11RHI:     SharedSystemMemory : 4284948480 bytes
[2022.01.05-19.24.18:598][  0]LogD3D11RHI:     AdapterLuid : 0 39137
[2022.01.05-19.24.18:606][  0]LogD3D11RHI: Creating new Direct3DDevice
[2022.01.05-19.24.18:606][  0]LogD3D11RHI:     GPU DeviceId: 0x1244 (for the marketing name, search the web for "GPU Device Id")
[2022.01.05-19.24.18:606][  0]LogWindows: EnumDisplayDevices:
[2022.01.05-19.24.18:606][  0]LogWindows:    0. 'NVIDIA GeForce GTX 550 Ti' (P:1 D:1)
[2022.01.05-19.24.18:607][  0]LogWindows:    1. 'NVIDIA GeForce GTX 550 Ti' (P:0 D:0)
[2022.01.05-19.24.18:607][  0]LogWindows: DebugString: FoundDriverCount:2 
[2022.01.05-19.24.18:607][  0]LogD3D11RHI:     Adapter Name: NVIDIA GeForce GTX 550 Ti
[2022.01.05-19.24.18:607][  0]LogD3D11RHI:   Driver Version: 391.35 (internal:23.21.13.9135, unified:391.35)
[2022.01.05-19.24.18:607][  0]LogD3D11RHI:      Driver Date: 3-23-2018
[2022.01.05-19.24.18:607][  0]LogRHI: Texture pool is 671 MB (70% of 959 MB)
[2022.01.05-19.24.18:607][  0]LogD3D11RHI: Creating D3DDevice using adapter:
[2022.01.05-19.24.18:607][  0]LogD3D11RHI:     Description : NVIDIA GeForce GTX 550 Ti
[2022.01.05-19.24.18:607][  0]LogD3D11RHI:     VendorId    : 10de
[2022.01.05-19.24.18:607][  0]LogD3D11RHI:     DeviceId    : 1244
[2022.01.05-19.24.18:607][  0]LogD3D11RHI:     SubSysId    : 0000
[2022.01.05-19.24.18:607][  0]LogD3D11RHI:     Revision    : 00a1
[2022.01.05-19.24.18:607][  0]LogD3D11RHI:     DedicatedVideoMemory : 1005780992 bytes
[2022.01.05-19.24.18:607][  0]LogD3D11RHI:     DedicatedSystemMemory : 0 bytes
[2022.01.05-19.24.18:607][  0]LogD3D11RHI:     SharedSystemMemory : 4284948480 bytes
[2022.01.05-19.24.18:607][  0]LogD3D11RHI:     AdapterLuid : 0 39137
[2022.01.05-19.24.18:661][  0]LogD3D11RHI: Display: Timestamp queries are currently disabled on this hardware due to instability. Realtime GPU stats will not be available. You can override this behaviour by setting r.NVIDIATimestampWorkaround to 0
[2022.01.05-19.24.18:661][  0]LogD3D11RHI: RHI does not have support for 64 bit atomics
[2022.01.05-19.24.18:661][  0]LogD3D11RHI: Async texture creation enabled
[2022.01.05-19.24.18:687][  0]LogD3D11RHI: GPU Timing Frequency: 1000.000000 (Debug: 2 2)
[2022.01.05-19.24.18:737][  0]LogRHI: GeForceNow SDK initialized: 1
[2022.01.05-19.24.19:857][  0]LogTargetPlatformManager: Display: Loaded TargetPlatform 'WindowsNoEditor'
[2022.01.05-19.24.19:863][  0]LogTargetPlatformManager: Display: Loaded TargetPlatform 'Windows'
[2022.01.05-19.24.19:869][  0]LogTargetPlatformManager: Display: Loaded TargetPlatform 'WindowsClient'
[2022.01.05-19.24.19:875][  0]LogTargetPlatformManager: Display: Loaded TargetPlatform 'WindowsServer'
[2022.01.05-19.24.19:875][  0]LogTargetPlatformManager: Display: Building Assets For Windows
[2022.01.05-19.24.19:882][  0]LogAudioDebug: Display: Lib vorbis DLL was dynamically loaded.
[2022.01.05-19.24.19:917][  0]LogTextureFormatOodle: Display: Oodle Texture 2.9.0 init RDO Off
[2022.01.05-19.24.20:025][  0]LogRendererCore: Ray tracing is disabled. Reason: r.RayTracing=0.
[2022.01.05-19.24.20:083][  0]LogShaderCompilers: Guid format shader working directory is 8 characters bigger than the processId version (../../../../Unreal Projects/Dungeoner/Intermediate/Shaders/WorkingDirectory/15872/).
[2022.01.05-19.24.20:125][  0]LogShaderCompilers: Cleaned the shader compiler working directory 'C:/Users/Denis/AppData/Local/Temp/UnrealShaderWorkingDir/8C61D5534280EFB6BDF29F9894E40E74/'.
[2022.01.05-19.24.20:190][  0]LogShaderCompilers: Display: Using XGE Controller for Shader Compilation.
[2022.01.05-19.24.33:088][  0]LogDerivedDataCache: Display: Max Cache Size: 512 MB
[2022.01.05-19.24.34:553][  0]LogDerivedDataCache: Loaded boot cache 1.47s 94MB C:/Users/Denis/AppData/Local/UnrealEngine/4.27/DerivedDataCache/Boot.ddc.
[2022.01.05-19.24.34:554][  0]LogDerivedDataCache: Display: Loaded Boot cache: C:/Users/Denis/AppData/Local/UnrealEngine/4.27/DerivedDataCache/Boot.ddc
[2022.01.05-19.24.34:554][  0]LogDerivedDataCache: FDerivedDataBackendGraph:  Pak pak cache file ../../../../Unreal Projects/Dungeoner/DerivedDataCache/DDC.ddp not found, will not use a pak cache.
[2022.01.05-19.24.34:554][  0]LogDerivedDataCache: Unable to find inner node Pak for hierarchical cache Hierarchy.
[2022.01.05-19.24.34:554][  0]LogDerivedDataCache: FDerivedDataBackendGraph:  CompressedPak pak cache file ../../../../Unreal Projects/Dungeoner/DerivedDataCache/Compressed.ddp not found, will not use a pak cache.
[2022.01.05-19.24.34:554][  0]LogDerivedDataCache: Unable to find inner node CompressedPak for hierarchical cache Hierarchy.
[2022.01.05-19.24.34:654][  0]LogDerivedDataCache: Display: Pak cache opened for reading ../../../Engine/DerivedDataCache/Compressed.ddp.
[2022.01.05-19.24.34:654][  0]LogDerivedDataCache: FDerivedDataBackendGraph:  EnterprisePak pak cache file ../../../Enterprise/DerivedDataCache/Compressed.ddp not found, will not use a pak cache.
[2022.01.05-19.24.34:654][  0]LogDerivedDataCache: Unable to find inner node EnterprisePak for hierarchical cache Hierarchy.
[2022.01.05-19.24.35:142][  0]LogDerivedDataCache: Speed tests for C:/Users/Denis/AppData/Local/UnrealEngine/Common/DerivedDataCache took 0.42 seconds
[2022.01.05-19.24.35:142][  0]LogDerivedDataCache: Display: Performance to C:/Users/Denis/AppData/Local/UnrealEngine/Common/DerivedDataCache: Latency=7.63ms. RandomReadSpeed=3.39MBs, RandomWriteSpeed=16.27MBs. Assigned SpeedClass 'Fast'
[2022.01.05-19.24.35:143][  0]LogDerivedDataCache: Using Local data cache path C:/Users/Denis/AppData/Local/UnrealEngine/Common/DerivedDataCache: Writable
[2022.01.05-19.24.35:143][  0]LogDerivedDataCache: Shared data cache path not found in *engine.ini, will not use an Shared cache.
[2022.01.05-19.24.35:143][  0]LogDerivedDataCache: Unable to find inner node Shared for hierarchical cache Hierarchy.
[2022.01.05-19.24.35:520][  0]LogSlate: Using FreeType 2.10.0
[2022.01.05-19.24.35:611][  0]LogSlate: SlateFontServices - WITH_FREETYPE: 1, WITH_HARFBUZZ: 1
[2022.01.05-19.24.37:032][  0]LogInit: Using OS detected language (ru-RU).
[2022.01.05-19.24.37:032][  0]LogInit: Using OS detected locale (ru-RU).
[2022.01.05-19.24.37:032][  0]LogTextLocalizationManager: No localization for 'ru-RU' exists, so 'en' will be used for the language.
[2022.01.05-19.24.37:032][  0]LogTextLocalizationManager: No localization for 'ru-RU' exists, so 'en' will be used for the locale.
[2022.01.05-19.24.37:032][  0]LogSlate: FontCache flush requested. Reason: Culture for localization was changed
[2022.01.05-19.24.37:032][  0]LogSlate: FontCache flush requested. Reason: Culture for localization was changed
[2022.01.05-19.24.37:055][  0]LogAssetRegistry: FAssetRegistry took 0.0026 seconds to start up
[2022.01.05-19.24.39:790][  0]LogTextLocalizationManager: Compacting localization data took  18.61ms
[2022.01.05-19.24.39:790][  0]LogPackageLocalizationCache: Processed 27 localized package path(s) for 1 prioritized culture(s) in 0.001867 seconds
[2022.01.05-19.24.39:942][  0]LogInit: Selected Device Profile: [Windows]
[2022.01.05-19.24.39:942][  0]LogInit: Active device profile: [00000172885F6D00][0000017281C1A880 49] Windows
[2022.01.05-19.24.39:942][  0]LogInit: Profiles: [00000172885F6D00][0000017281C1A880 49] Windows, [0000017288599100][00000172FF89EA00 49] WindowsNoEditor, [00000172885F5100][00000172FF8A2B80 49] WindowsServer, [000001728859AC00][00000172FF8A6D00 49] WindowsClient, [00000172885F4F00][00000172FF8AAE80 49] IOS, [0000017288583F00][00000172FF8AF000 49] iPadAir, [000001728859BE00][00000172FF8B3180 49] iPadAir2, [0000017288540A00][00000172FF8BB440 49] IPadPro, [0000017288540B00][00000172FF8B7480 49] iPadAir3, [0000017288580200][00000172FF89B5C0 49] iPadAir4, [0000017288541B00][00000172FF8BF700 49] iPadMini2, [0000017288581200][00000172FF8C3840 49] iPadMini3, [0000017288540E00][0000017287F719C0 49] iPadMini4, [0000017288583900][0000017287F75B40 49] iPadMini5, [00000172885F7700][0000017287F7C280 49] iPhone6, [00000172885F4E00][0000017287F782C0 49] iPodTouch6, [000001728859A700][0000017287F84580 49] iPhone7, [000001728859AA00][0000017287F805C0 49] iPodTouch7, [0000017288541F00][0000017287F88740 49] iPhone5S, [0000017288599700][0000017287F8C8C0 49] iPhone6Plus, [0000017288542A00][0000017287F90A40 49] iPhone6S, [0000017288599B00][0000017287F94BC0 49] iPhone6SPlus, [0000017288542900][0000017287F98D40 49] iPhone7Plus, [0000017288598B00][0000017287F9CEC0 49] iPhoneSE, [00000172885F7400][0000017287FA1040 49] iPhone8, [0000017288599400][0000017287FA51C0 49] iPhone8Plus, [00000172885F6600][0000017287FA9340 49] iPhoneX, [000001728859BF00][0000017287FAD4C0 49] iPhoneXS, [00000172885F4D00][0000017287FB1640 49] iPhoneXSMax, [000001728859A900][00000172FF8C7780 49] iPhoneXR, [00000172885F4A00][0000017287FB58C0 49] iPhone11, [000001728859AE00][0000017287FB9A00 49] iPhone11Pro, [00000172885F6B00][0000017287FBDB40 49] iPhone11ProMax, [000001728859BD00][0000017287FC4140 49] iPhoneSE2, [00000172885F7300][0000017287FC82C0 49] iPhone12Mini, [0000017288599800][0000017287FCC440 49] iPhone12, [00000172885F4B00][0000017287FD05C0 49] iPhone12Pro, [0000017288598700][0000017287FD4740 49] iPhone12ProMax, [00000172885F4900][0000017287FD88C0 49] iPadPro105, [000001728859B100][0000017287FDCA40 49] iPadPro129, [00000172885F5300][0000017287FE0BC0 49] iPadPro97, [0000017288598200][0000017287FE4D40 49] iPadPro2_129, [00000172885F4800][0000017287FE8EC0 49] iPad5, [0000017288598E00][0000017287FED040 49] iPad6, [00000172885F4100][0000017287FF11C0 49] iPad7, [0000017288599300][0000017287FF5340 49] iPad8, [00000172885F7200][0000017287FF94C0 49] iPadPro11, [000001728859A600][0000017287FFD640 49] iPadPro2_11, [00000172885F6700][00000172880017C0 49] iPadPro3_129, [0000017288598400][0000017287FC1900 49] iPadPro4_129, [00000172885F4C00][0000017288005A40 49] AppleTV, [0000017288599900][0000017288009B80 49] AppleTV4K, [00000172885F6800][000001728800C140 49] TVOS, [0000017288599500][00000172880142C0 49] Mac, [00000172885F6100][0000017288018440 49] MacClient, [000001728859B800][000001728801C5C0 49] MacNoEditor, [00000172885F5200][0000017288020740 49] MacServer, [000001728859AB00][00000172880248C0 49] Linux, [00000172885F5E00][0000017288028A40 49] LinuxAArch64, [000001728859AF00][000001728802CBC0 49] LinuxNoEditor, [00000172885F4600][0000017288030D40 49] LinuxAArch64NoEditor, [0000017288598A00][0000017288034EC0 49] LinuxClient, [00000172885F7500][0000017288039040 49] LinuxAArch64Client, [000001728859A200][000001728803D1C0 49] LinuxServer, [00000172885F4700][000001728022B340 49] LinuxAArch64Server, [000001728859A100][000001728022F4C0 49] Android, [0000017288582500][0000017280233640 49] Android_Low, [0000017288542400][00000172802377C0 49] Android_Mid, [0000017288582A00][000001728023B940 49] Android_High, [0000017288541100][000001728023FAC0 49] Android_Default, [0000017288580C00][0000017288011C00 49] Android_Adreno4xx, [0000017288542C00][00000172802421C0 49] Android_Adreno5xx_Low, [0000017288581C00][0000017280246300 49] Android_Adreno5xx, [0000017288541400][000001728024E480 49] Android_Adreno6xx, [0000017288580E00][0000017280252600 49] Android_Adreno6xx_Vulkan, [0000017288543B00][0000017280256780 49] Android_Mali_T6xx, [0000017288582700][000001728025A900 49] Android_Mali_T7xx, [0000017288542800][000001728025EA80 49] Android_Mali_T8xx, [0000017288583600][0000017280262C00 49] Android_Mali_G71, [0000017288542E00][0000017280266D80 49] Android_Mali_G72, [0000017288581400][000001728026AF00 49] Android_Mali_G72_Vulkan, [0000017288543900][000001728026F080 49] Android_Mali_G76, [0000017288581000][0000017280273200 49] Android_Mali_G76_Vulkan, [0000017288543200][0000017280277380 49] Android_Mali_G77, [0000017288582200][000001728027B500 49] Android_Mali_G77_Vulkan, [0000017288541900][000001728027F680 49] Android_Mali_G78, [0000017288583400][0000017280283800 49] Android_Mali_G78_Vulkan, [0000017288542700][0000017280287980 49] Android_Mali_G710, [0000017288580600][000001728028BB00 49] Android_Mali_G710_Vulkan, [0000017288541200][000001728028E100 49] Android_Vulkan_SM5, [0000017288582000][000001728024A240 49] Android_PowerVR_G6xxx, [0000017288540C00][0000017280292380 49] Android_PowerVR_GT7xxx, [0000017288583100][00000172802964C0 49] Android_PowerVR_GE8xxx, [0000017288540600][000001728029E640 49] Android_PowerVR_GM9xxx, [0000017288582E00][00000172802A27C0 49] Android_PowerVR_GM9xxx_Vulkan, [000001728859A500][00000172802A6940 49] Android_TegraK1, [0000017288580B00][00000172802AAAC0 49] Android_Unknown_Vulkan, [0000017288599600][00000172802AEC40 49] Lumin, [0000017288581A00][00000172802B2DC0 49] Lumin_Desktop, [0000017288598D00][00000172802B6F40 49] HoloLens, 
[2022.01.05-19.24.41:401][  0]LogMeshReduction: Using QuadricMeshReduction for automatic static mesh reduction
[2022.01.05-19.24.41:401][  0]LogMeshReduction: Using SimplygonMeshReduction for automatic skeletal mesh reduction
[2022.01.05-19.24.41:401][  0]LogMeshReduction: Using ProxyLODMeshReduction for automatic mesh merging
[2022.01.05-19.24.41:401][  0]LogMeshReduction: No distributed automatic mesh merging module available
[2022.01.05-19.24.41:412][  0]LogMeshMerging: No distributed automatic mesh merging module available
[2022.01.05-19.24.42:446][  0]LogNetVersion: Dungeoner 1.0.0, NetCL: 17155196, EngineNetVer: 17, GameNetVer: 0 (Checksum: 1542495505)
[2022.01.05-19.24.47:363][  0]LogTexture: Default maximum texture size for cubemaps generated from long-lat sources has been changed from 512 to unlimited. In order to preserve old behaiour for '/Engine/MapTemplates/Sky/DaylightAmbientCubemap.DaylightAmbientCubemap', its maximum texture size has been explicitly set to 512.
[2022.01.05-19.24.48:012][  0]LogHMD: PokeAHoleMaterial loaded successfully
[2022.01.05-19.24.49:569][  0]LogMoviePlayer: Initializing movie player
[2022.01.05-19.24.50:358][  0]LogPython: Using Python 3.7.7
[2022.01.05-19.24.53:119][  0]LogNiagaraDebuggerClient: Niagara Debugger Client Initialized | Session: 5D2EE6EA4DF7BD171687BAA77BDF0F5A | Instance: E2CA2BE04F9150ACE74968AB45EF6D8B (HOME-PC-15872).
[2022.01.05-19.24.53:552][  0]LogCollectionManager: Loaded 0 collections in 0.027146 seconds
[2022.01.05-19.24.53:580][  0]LogFileCache: Scanning file cache for directory 'E:/Unreal Projects/Dungeoner/Saved/Collections/' took 0.00s
[2022.01.05-19.24.53:580][  0]LogFileCache: Scanning file cache for directory 'E:/Unreal Projects/Dungeoner/Content/Developers/Denis/Collections/' took 0.00s
[2022.01.05-19.24.53:580][  0]LogFileCache: Scanning file cache for directory 'E:/Unreal Projects/Dungeoner/Content/Collections/' took 0.00s
[2022.01.05-19.24.53:580][  0]LogCollectionManager: Fixed up redirectors for 0 collections in 0.000002 seconds (updated 0 objects)
[2022.01.05-19.24.54:333][  0]LogTcpMessaging: Initializing TcpMessaging bridge
[2022.01.05-19.24.54:417][  0]LogUdpMessaging: Initializing bridge on interface 0.0.0.0:0 to multicast group 230.0.0.1:6666.
[2022.01.05-19.24.55:184][  0]SourceControl: Source control is disabled
[2022.01.05-19.24.55:184][  0]SourceControl: Source control is disabled
[2022.01.05-19.24.55:203][  0]SourceControl: Source control is disabled
[2022.01.05-19.24.55:222][  0]LogUProjectInfo: Found projects:
[2022.01.05-19.24.55:930][  0]LogOpenImageDenoise: OIDN starting up
[2022.01.05-19.24.56:185][  0]LogAndroidPermission: UAndroidPermissionCallbackProxy::GetInstance
[2022.01.05-19.24.56:266][  0]LogAudioCaptureCore: Display: No Audio Capture implementations found. Audio input will be silent.
[2022.01.05-19.24.56:266][  0]LogAudioCaptureCore: Display: No Audio Capture implementations found. Audio input will be silent.
[2022.01.05-19.24.56:752][  0]LogOcInput: OculusInput pre-init called
[2022.01.05-19.24.56:829][  0]LogUObjectArray: 22132 objects as part of root set at end of initial load.
[2022.01.05-19.24.56:829][  0]LogUObjectAllocator: 5979488 out of 0 bytes used by permanent object pool.
[2022.01.05-19.24.56:829][  0]LogUObjectArray: CloseDisregardForGC: 0/0 objects in disregard for GC pool
[2022.01.05-19.24.57:980][  0]LogEngine: Initializing Engine...
[2022.01.05-19.24.58:038][  0]LogHMD: Failed to enumerate extensions. Please check that you have a valid OpenXR runtime installed.
[2022.01.05-19.24.58:048][  0]LogHMD: Failed to initialize OpenVR with code 110
[2022.01.05-19.24.58:060][  0]LogMagicLeap: Warning: VR disabled because ZI is not enabled.  To enable, in the editor, Edit -> Project Settings -> Plugins -> Magic Leap Plugin -> Enable Zero Iteration
[2022.01.05-19.24.58:083][  0]LogStats: UGameplayTagsManager::InitializeManager -  0.009 s
[2022.01.05-19.24.58:610][  0]LogInit: Initializing FReadOnlyCVARCache
[2022.01.05-19.24.58:610][  0]LogAudio: Display: Initializing Audio Device Manager...
[2022.01.05-19.24.58:614][  0]LogAudio: Display: Loading Default Audio Settings Objects...
[2022.01.05-19.24.58:624][  0]LogAudio: Display: No default SoundConcurrencyObject specified (or failed to load).
[2022.01.05-19.24.58:699][  0]LogAudio: Display: Audio Device Manager Initialized
[2022.01.05-19.24.58:700][  0]LogAudio: Display: Creating Audio Device:                 Id: 1, Scope: Shared, Realtime: True
[2022.01.05-19.24.58:700][  0]LogAudioMixer: Display: Audio Mixer Platform Settings:
[2022.01.05-19.24.58:700][  0]LogAudioMixer: Display: 	Sample Rate:						  48000
[2022.01.05-19.24.58:700][  0]LogAudioMixer: Display: 	Callback Buffer Frame Size Requested: 1024
[2022.01.05-19.24.58:700][  0]LogAudioMixer: Display: 	Callback Buffer Frame Size To Use:	  1024
[2022.01.05-19.24.58:700][  0]LogAudioMixer: Display: 	Number of buffers to queue:			  2
[2022.01.05-19.24.58:700][  0]LogAudioMixer: Display: 	Max Channels (voices):				  32
[2022.01.05-19.24.58:700][  0]LogAudioMixer: Display: 	Number of Async Source Workers:		  0
[2022.01.05-19.24.58:700][  0]LogAudio: Display: AudioDevice MaxSources: 32
[2022.01.05-19.24.58:700][  0]LogAudio: Display: Audio Spatialization Plugin: None (built-in).
[2022.01.05-19.24.58:700][  0]LogAudio: Display: Audio Reverb Plugin: None (built-in).
[2022.01.05-19.24.58:700][  0]LogAudio: Display: Audio Occlusion Plugin: None (built-in).
[2022.01.05-19.24.58:700][  0]LogAudioMixer: Display: Initializing audio mixer.
[2022.01.05-19.24.58:888][  0]LogAudioMixer: Display: 0: FrontLeft
[2022.01.05-19.24.58:888][  0]LogAudioMixer: Display: 1: FrontRight
[2022.01.05-19.24.58:941][  0]LogAudioMixer: Display: Using Audio Device Динамики (Bloody Gaming Audio Device)
[2022.01.05-19.24.58:962][  0]LogAudioMixer: Display: Initializing Sound Submixes...
[2022.01.05-19.24.58:978][  0]LogAudioMixer: Display: Creating Master Submix 'MasterSubmixDefault'
[2022.01.05-19.24.58:978][  0]LogAudioMixer: Display: Creating Master Submix 'MasterReverbSubmixDefault'
[2022.01.05-19.24.58:979][  0]LogAudioMixer: Display: Creating Master Submix 'MasterEQSubmixDefault'
[2022.01.05-19.24.58:980][  0]LogAudioMixer: FMixerPlatformXAudio2::StartAudioStream() called
[2022.01.05-19.24.58:980][  0]LogAudioMixer: Display: Output buffers initialized: Frames=1024, Channels=2, Samples=2048
[2022.01.05-19.24.58:981][  0]LogAudioMixer: Display: Starting AudioMixerPlatformInterface::RunInternal()
[2022.01.05-19.24.58:981][  0]LogAudioMixer: Display: FMixerPlatformXAudio2::SubmitBuffer() called for the first time
[2022.01.05-19.24.58:981][  0]LogInit: FAudioDevice initialized.
[2022.01.05-19.24.59:010][  0]LogNetVersion: Set ProjectVersion to 1.0.0.0. Version Checksum will be recalculated on next use.
[2022.01.05-19.24.59:016][  0]LogInit: Texture streaming: Enabled
[2022.01.05-19.25.00:059][  0]LogAudio: Display: Audio Device (ID: 1) registered with world 'Untitled'.
[2022.01.05-19.25.00:074][  0]LogSlate: Updating window title bar state: overlay mode, drag disabled, window buttons hidden, title bar hidden
[2022.01.05-19.25.00:075][  0]LogInit: Display: Game Engine Initialized.
[2022.01.05-19.25.00:122][  0]LogNiagaraEditor: GEditor isn't valid! Particle reset commands will not work for Niagara components!
[2022.01.05-19.25.00:784][  0]LogInit: Display: Starting Game.
[2022.01.05-19.25.00:784][  0]LogNet: Browse: /Game/Map/Map?Name=Player
[2022.01.05-19.25.00:812][  0]LogLoad: LoadMap: /Game/Map/Map?Name=Player
[2022.01.05-19.25.00:812][  0]LogWorld: BeginTearingDown for /Temp/Untitled_0
[2022.01.05-19.25.00:823][  0]LogWorld: UWorld::CleanupWorld for Untitled, bSessionEnded=true, bCleanupResources=true
[2022.01.05-19.25.00:824][  0]LogSlate: InvalidateAllWidgets triggered.  All widgets were invalidated
[2022.01.05-19.25.00:846][  0]LogAudio: Display: Audio Device unregistered from world 'None'.
[2022.01.05-19.25.00:859][  0]LogUObjectHash: Compacting FUObjectHashTables data took   1.26ms
[2022.01.05-19.25.03:259][  0]LogAudio: Display: Audio Device (ID: 1) registered with world 'Map'.
[2022.01.05-19.25.03:370][  0]LogAIModule: Creating AISystem for world Map
[2022.01.05-19.25.03:371][  0]LogLoad: Game class is 'BaseGameMode_C'
[2022.01.05-19.25.03:408][  0]LogWorld: Bringing World /Game/Map/Map.Map up for play (max tick rate 0) at 2022.01.05-23.25.03
[2022.01.05-19.25.03:408][  0]LogWorld: Bringing up level for play took: 0.036341
[2022.01.05-19.25.03:408][  0]LogGameMode: FindPlayerStart: PATHS NOT DEFINED or NO PLAYERSTART with positive rating
[2022.01.05-19.25.03:560][  0]LogViewport: Display: Viewport MouseLockMode Changed, LockOnCapture -> DoNotLock
[2022.01.05-19.25.03:560][  0]LogViewport: Display: Viewport MouseCaptureMode Changed, CapturePermanently_IncludingInitialMouseDown -> NoCapture
[2022.01.05-19.25.03:561][  0]r.SetRes = "1920 x 1080f"
[2022.01.05-19.25.03:591][  0]LogLoad: Took 2.777932 seconds to LoadMap(/Game/Map/Map)
[2022.01.05-19.25.04:126][  0]LogSlate: Took 0.054546 seconds to synchronously load lazily loaded font '../../../Engine/Content/Slate/Fonts/Roboto-Regular.ttf' (155K)
[2022.01.05-19.25.04:708][  0]LogRenderer: Reallocating scene render targets to support 1920x1080 Format 10 NumSamples 1 (Frame:1).
[2022.01.05-19.25.04:708][  0]LogInit: Display: Engine is initialized. Leaving FEngineLoop::Init()
[2022.01.05-19.25.04:708][  0]LogLoad: (Engine Initialization) Total time: 47.89 seconds
[2022.01.05-19.25.04:708][  0]LogLoad: (Engine Initialization) Total Blueprint compile time: 0.00 seconds
[2022.01.05-19.25.04:836][  0]LogContentStreaming: Texture pool size now 1000 MB
[2022.01.05-19.25.04:857][  0]LogSlate: InvalidateAllWidgets triggered.  All widgets were invalidated
[2022.01.05-19.25.04:983][  1]LogSlate: Took 0.000167 seconds to synchronously load lazily loaded font '../../../Engine/Content/Slate/Fonts/Roboto-Regular.ttf' (155K)
[2022.01.05-19.27.17:197][ 34]LogWindowsDesktop: Alt-F4 pressed!
[2022.01.05-19.27.17:225][ 34]LogSlate: Window 'Dungeoner (64-bit Development PCD3D_SM5) ' being destroyed
[2022.01.05-19.27.17:401][ 34]LogWindowsTextInputMethodSystem: Display: IME system deactivated.
[2022.01.05-19.27.17:410][ 34]LogSlate: Updating window title bar state: overlay mode, drag disabled, window buttons hidden, title bar hidden
[2022.01.05-19.27.17:410][ 34]LogEngine: All Windows Closed
[2022.01.05-19.27.17:410][ 34]LogWindows: FPlatformMisc::RequestExit(0)
[2022.01.05-19.27.17:410][ 34]LogWindows: FPlatformMisc::RequestExitWithStatus(0, 0)
[2022.01.05-19.27.17:410][ 34]LogCore: Engine exit requested (reason: Win RequestExit)
[2022.01.05-19.27.17:410][ 35]LogCore: Engine exit requested (reason: EngineExit() was called; note: exit was already requested)
[2022.01.05-19.27.17:410][ 35]LogInit: Display: PreExit Game.
[2022.01.05-19.27.17:411][ 35]LogWorld: BeginTearingDown for /Game/Map/Map
[2022.01.05-19.27.17:411][ 35]LogWorld: UWorld::CleanupWorld for Map, bSessionEnded=true, bCleanupResources=true
[2022.01.05-19.27.17:411][ 35]LogSlate: InvalidateAllWidgets triggered.  All widgets were invalidated
[2022.01.05-19.27.18:228][ 35]LogAudio: Display: Beginning Audio Device Manager Shutdown (Module: AudioMixerXAudio2)...
[2022.01.05-19.27.18:228][ 35]LogAudio: Display: Destroying 1 Remaining Audio Device(s)...
[2022.01.05-19.27.18:228][ 35]LogAudio: Display: Audio Device unregistered from world 'Map'.
[2022.01.05-19.27.18:238][ 35]LogAudioMixer: FMixerPlatformXAudio2::StopAudioStream() called
[2022.01.05-19.27.18:239][ 35]LogAudioMixer: FMixerPlatformXAudio2::StopAudioStream() called
[2022.01.05-19.27.18:268][ 35]LogAudio: Display: Audio Device Manager Shutdown
[2022.01.05-19.27.18:293][ 35]LogExit: Preparing to exit.
[2022.01.05-19.27.18:591][ 35]LogSlate: Updating window title bar state: overlay mode, drag disabled, window buttons hidden, title bar hidden
[2022.01.05-19.27.18:606][ 35]LogUObjectHash: Compacting FUObjectHashTables data took   1.93ms
[2022.01.05-19.27.18:677][ 35]LogMoviePlayer: Shutting down movie player
[2022.01.05-19.27.19:815][ 35]LogDemo: Cleaned up 0 splitscreen connections with owner deletion
[2022.01.05-19.27.20:154][ 35]LogExit: Game engine shut down
[2022.01.05-19.27.26:728][ 35]LogExit: Object subsystem successfully closed.
[2022.01.05-19.27.26:735][ 35]LogShaderCompilers: Display: === FShaderJobCache stats ===
[2022.01.05-19.27.26:735][ 35]LogShaderCompilers: Display: Total job queries 0, among them cache hits 0 (0.00%)
[2022.01.05-19.27.26:735][ 35]LogShaderCompilers: Display: Tracking 0 distinct input hashes that result in 0 distinct outputs (0.00%)
[2022.01.05-19.27.26:752][ 35]LogShaderCompilers: Display: RAM used: 0.00 MB (0.00 GB) of 409.60 MB (0.40 GB) budget. Usage: 0.00%
[2022.01.05-19.27.26:752][ 35]LogShaderCompilers: Display: ================================================
[2022.01.05-19.27.27:119][ 35]LogShaderCompilers: Display: Shaders left to compile 0
[2022.01.05-19.27.27:119][ 35]LogShaderCompilers: Display: Shaders left to compile 0
[2022.01.05-19.27.28:933][ 35]LogModuleManager: Shutting down and abandoning module SequenceRecorderSections (560)
[2022.01.05-19.27.28:933][ 35]LogModuleManager: Shutting down and abandoning module SequenceRecorder (558)
[2022.01.05-19.27.28:948][ 35]LogModuleManager: Shutting down and abandoning module AutomationController (556)
[2022.01.05-19.27.28:967][ 35]LogModuleManager: Shutting down and abandoning module AutomationWorker (554)
[2022.01.05-19.27.28:986][ 35]LogModuleManager: Shutting down and abandoning module Voice (552)
[2022.01.05-19.27.28:996][ 35]LogModuleManager: Shutting down and abandoning module AIModule (550)
[2022.01.05-19.27.29:021][ 35]LogModuleManager: Shutting down and abandoning module GameplayDebugger (549)
[2022.01.05-19.27.29:021][ 35]LogModuleManager: Shutting down and abandoning module AITestSuite (547)
[2022.01.05-19.27.29:032][ 35]LogModuleManager: Shutting down and abandoning module NavigationSystem (545)
[2022.01.05-19.27.29:032][ 35]LogModuleManager: Shutting down and abandoning module SteamVREditor (542)
[2022.01.05-19.27.29:032][ 35]LogModuleManager: Shutting down and abandoning module ToolMenus (541)
[2022.01.05-19.27.29:032][ 35]LogModuleManager: Shutting down and abandoning module OculusMR (538)
[2022.01.05-19.27.29:032][ 35]LogModuleManager: Shutting down and abandoning module TakeRecorderSources (536)
[2022.01.05-19.27.29:064][ 35]LogModuleManager: Shutting down and abandoning module TakeRecorder (535)
[2022.01.05-19.27.29:125][ 35]LogModuleManager: Shutting down and abandoning module TakeTrackRecorders (532)
[2022.01.05-19.27.29:133][ 35]LogModuleManager: Shutting down and abandoning module TakesCore (530)
[2022.01.05-19.27.29:133][ 35]LogModuleManager: Shutting down and abandoning module OpenXRInput (528)
[2022.01.05-19.27.29:158][ 35]LogModuleManager: Shutting down and abandoning module WmfMediaFactory (526)
[2022.01.05-19.27.29:158][ 35]LogModuleManager: Shutting down and abandoning module WebMMediaFactory (524)
[2022.01.05-19.27.29:158][ 35]LogModuleManager: Shutting down and abandoning module WebMMedia (522)
[2022.01.05-19.27.29:177][ 35]LogModuleManager: Shutting down and abandoning module OpenExrWrapper (520)
[2022.01.05-19.27.29:177][ 35]LogModuleManager: Shutting down and abandoning module ImgMediaFactory (518)
[2022.01.05-19.27.29:177][ 35]LogModuleManager: Shutting down and abandoning module AvfMediaFactory (516)
[2022.01.05-19.27.29:177][ 35]LogModuleManager: Shutting down and abandoning module MagicLeapMediaCodecFactory (514)
[2022.01.05-19.27.29:177][ 35]LogModuleManager: Shutting down and abandoning module MagicLeapMediaFactory (512)
[2022.01.05-19.27.29:177][ 35]LogModuleManager: Shutting down and abandoning module PlanarCut (510)
[2022.01.05-19.27.29:194][ 35]LogModuleManager: Shutting down and abandoning module CharacterAI (508)
[2022.01.05-19.27.29:194][ 35]LogModuleManager: Shutting down and abandoning module SessionServices (506)
[2022.01.05-19.27.29:194][ 35]LogModuleManager: Shutting down and abandoning module MovieSceneCapture (504)
[2022.01.05-19.27.29:209][ 35]LogModuleManager: Shutting down and abandoning module LiveCoding (502)
[2022.01.05-19.27.29:244][ 35]LogModuleManager: Shutting down and abandoning module LevelSequence (500)
[2022.01.05-19.27.29:245][ 35]LogModuleManager: Shutting down and abandoning module MovieSceneTracks (498)
[2022.01.05-19.27.29:245][ 35]LogModuleManager: Shutting down and abandoning module MovieScene (496)
[2022.01.05-19.27.29:262][ 35]LogModuleManager: Shutting down and abandoning module StreamingPauseRendering (494)
[2022.01.05-19.27.29:272][ 35]LogModuleManager: Shutting down and abandoning module PortalServices (492)
[2022.01.05-19.27.29:272][ 35]LogModuleManager: Shutting down and abandoning module PortalRpc (490)
[2022.01.05-19.27.29:272][ 35]LogModuleManager: Shutting down and abandoning module MessagingRpc (488)
[2022.01.05-19.27.29:272][ 35]LogModuleManager: Shutting down and abandoning module AudioMixerXAudio2 (486)
[2022.01.05-19.27.29:272][ 35]LogModuleManager: Shutting down and abandoning module AudioMixerCore (485)
[2022.01.05-19.27.29:272][ 35]LogModuleManager: Shutting down and abandoning module ImageWriteQueue (482)
[2022.01.05-19.27.29:272][ 35]LogModuleManager: Shutting down and abandoning module ProfilerService (480)
[2022.01.05-19.27.29:323][ 35]LogModuleManager: Shutting down and abandoning module TaskGraph (478)
[2022.01.05-19.27.29:422][ 35]LogModuleManager: Shutting down and abandoning module OculusInput (476)
[2022.01.05-19.27.29:422][ 35]LogModuleManager: Shutting down and abandoning module TakeMovieScene (474)
[2022.01.05-19.27.29:422][ 35]LogModuleManager: Shutting down and abandoning module Synthesis (472)
[2022.01.05-19.27.29:439][ 35]LogModuleManager: Shutting down and abandoning module ProceduralMeshComponent (470)
[2022.01.05-19.27.29:439][ 35]LogModuleManager: Shutting down and abandoning module MobilePatchingUtils (468)
[2022.01.05-19.27.29:439][ 35]LogModuleManager: Shutting down and abandoning module GooglePAD (466)
[2022.01.05-19.27.29:439][ 35]LogModuleManager: Shutting down and abandoning module EditableMesh (464)
[2022.01.05-19.27.29:448][ 35]LogModuleManager: Shutting down and abandoning module CustomMeshComponent (462)
[2022.01.05-19.27.29:448][ 35]LogModuleManager: Shutting down and abandoning module CableComponent (460)
[2022.01.05-19.27.29:448][ 35]LogModuleManager: Shutting down and abandoning module AudioCapture (458)
[2022.01.05-19.27.29:448][ 35]LogModuleManager: Shutting down and abandoning module AudioCaptureRtAudio (457)
[2022.01.05-19.27.29:461][ 35]LogModuleManager: Shutting down and abandoning module AssetTags (454)
[2022.01.05-19.27.29:461][ 35]LogModuleManager: Shutting down and abandoning module ArchVisCharacter (452)
[2022.01.05-19.27.29:461][ 35]LogModuleManager: Shutting down and abandoning module AppleImageUtilsBlueprintSupport (450)
[2022.01.05-19.27.29:461][ 35]LogModuleManager: Shutting down and abandoning module AppleImageUtils (448)
[2022.01.05-19.27.29:461][ 35]LogModuleManager: Shutting down and abandoning module AndroidPermission (446)
[2022.01.05-19.27.29:461][ 35]LogModuleManager: Shutting down and abandoning module ActorLayerUtilities (444)
[2022.01.05-19.27.29:461][ 35]LogModuleManager: Shutting down and abandoning module TemplateSequence (442)
[2022.01.05-19.27.29:478][ 35]LogModuleManager: Shutting down and abandoning module MediaCompositing (440)
[2022.01.05-19.27.29:478][ 35]LogModuleManager: Shutting down and abandoning module ImgMedia (438)
[2022.01.05-19.27.29:479][ 35]LogModuleManager: Shutting down and abandoning module MagicLeapSharedWorld (436)
[2022.01.05-19.27.29:479][ 35]LogModuleManager: Shutting down and abandoning module MagicLeapLightEstimation (434)
[2022.01.05-19.27.29:479][ 35]LogModuleManager: Shutting down and abandoning module MagicLeapHelperVulkan (432)
[2022.01.05-19.27.29:479][ 35]LogModuleManager: Shutting down and abandoning module MagicLeapHelperOpenGL (430)
[2022.01.05-19.27.29:479][ 35]LogModuleManager: Shutting down and abandoning module MagicLeapAudio (428)
[2022.01.05-19.27.29:494][ 35]LogModuleManager: Shutting down and abandoning module OpenImageDenoise (426)
[2022.01.05-19.27.29:494][ 35]LogOpenImageDenoise: OIDN shutting down
[2022.01.05-19.27.29:494][ 35]LogModuleManager: Shutting down and abandoning module MotoSynth (424)
[2022.01.05-19.27.29:494][ 35]LogModuleManager: Shutting down and abandoning module MeshConversion (422)
[2022.01.05-19.27.29:500][ 35]LogModuleManager: Shutting down and abandoning module DynamicMesh (420)
[2022.01.05-19.27.29:518][ 35]LogModuleManager: Shutting down and abandoning module GeometryAlgorithms (418)
[2022.01.05-19.27.29:533][ 35]LogModuleManager: Shutting down and abandoning module GeometricObjects (416)
[2022.01.05-19.27.29:543][ 35]LogModuleManager: Shutting down and abandoning module GeometryCollectionTracks (414)
[2022.01.05-19.27.29:543][ 35]LogModuleManager: Shutting down and abandoning module GeometryCollectionSequencer (413)
[2022.01.05-19.27.29:560][ 35]LogModuleManager: Shutting down and abandoning module GeometryCacheTracks (410)
[2022.01.05-19.27.29:560][ 35]LogModuleManager: Shutting down and abandoning module GeometryCacheSequencer (409)
[2022.01.05-19.27.29:560][ 35]LogModuleManager: Shutting down and abandoning module GeometryCache (406)
[2022.01.05-19.27.29:560][ 35]LogModuleManager: Shutting down and abandoning module GeometryCacheEd (405)
[2022.01.05-19.27.29:560][ 35]LogModuleManager: Shutting down and abandoning module ChaosNiagara (402)
[2022.01.05-19.27.29:574][ 35]LogModuleManager: Shutting down and abandoning module FieldSystemEngine (401)
[2022.01.05-19.27.29:574][ 35]LogModuleManager: Shutting down and abandoning module BackChannel (398)
[2022.01.05-19.27.29:590][ 35]LogModuleManager: Shutting down and abandoning module AutomationUtils (396)
[2022.01.05-19.27.29:590][ 35]LogModuleManager: Shutting down and abandoning module VisualStudioSourceCodeAccess (394)
[2022.01.05-19.27.29:606][ 35]LogModuleManager: Shutting down and abandoning module HotReload (393)
[2022.01.05-19.27.29:620][ 35]LogModuleManager: Shutting down and abandoning module VisualStudioCodeSourceCodeAccess (390)
[2022.01.05-19.27.29:620][ 35]LogModuleManager: Shutting down and abandoning module UObjectPlugin (388)
[2022.01.05-19.27.29:620][ 35]LogModuleManager: Shutting down and abandoning module SubversionSourceControl (386)
[2022.01.05-19.27.29:677][ 35]LogModuleManager: Shutting down and abandoning module PerforceSourceControl (384)
[2022.01.05-19.27.29:704][ 35]LogModuleManager: Shutting down and abandoning module SourceControl (383)
[2022.01.05-19.27.29:717][ 35]LogModuleManager: Shutting down and abandoning module CLionSourceCodeAccess (380)
[2022.01.05-19.27.29:717][ 35]LogModuleManager: Shutting down and abandoning module OodleNetworkHandlerComponent (378)
[2022.01.05-19.27.29:717][ 35]LogModuleManager: Shutting down and abandoning module LiveLinkSequencer (376)
[2022.01.05-19.27.29:717][ 35]LogModuleManager: Shutting down and abandoning module LiveLinkMovieScene (374)
[2022.01.05-19.27.29:717][ 35]LogModuleManager: Shutting down and abandoning module LiveLinkGraphNode (372)
[2022.01.05-19.27.29:717][ 35]LogModuleManager: Shutting down and abandoning module LiveLinkComponents (370)
[2022.01.05-19.27.29:717][ 35]LogModuleManager: Shutting down and abandoning module LiveLink (368)
[2022.01.05-19.27.29:901][ 35]LogModuleManager: Shutting down and abandoning module Dungeoner (366)
[2022.01.05-19.27.29:901][ 35]LogModuleManager: Shutting down and abandoning module SoundFields (364)
[2022.01.05-19.27.29:901][ 35]LogModuleManager: Shutting down and abandoning module SignificanceManager (362)
[2022.01.05-19.27.29:901][ 35]LogModuleManager: Shutting down and abandoning module RuntimePhysXCooking (360)
[2022.01.05-19.27.29:901][ 35]LogModuleManager: Shutting down and abandoning module PropertyAccessEditor (358)
[2022.01.05-19.27.29:988][ 35]LogModuleManager: Shutting down and abandoning module PhysXVehiclesEditor (356)
[2022.01.05-19.27.29:989][ 35]LogModuleManager: Shutting down and abandoning module LocationServicesBPLibrary (352)
[2022.01.05-19.27.29:989][ 35]LogModuleManager: Shutting down and abandoning module AudioSynesthesia (350)
[2022.01.05-19.27.30:007][ 35]LogModuleManager: Shutting down and abandoning module AudioSynesthesiaCore (348)
[2022.01.05-19.27.30:007][ 35]LogModuleManager: Shutting down and abandoning module ActorSequence (346)
[2022.01.05-19.27.30:008][ 35]LogModuleManager: Shutting down and abandoning module UdpMessaging (344)
[2022.01.05-19.27.30:109][ 35]LogModuleManager: Shutting down and abandoning module TcpMessaging (342)
[2022.01.05-19.27.30:285][ 35]LogModuleManager: Shutting down and abandoning module ImgMediaEngine (340)
[2022.01.05-19.27.30:285][ 35]LogModuleManager: Shutting down and abandoning module MagicLeapARPin (338)
[2022.01.05-19.27.30:285][ 35]LogModuleManager: Shutting down and abandoning module NiagaraAnimNotifies (336)
[2022.01.05-19.27.30:285][ 35]LogModuleManager: Shutting down and abandoning module Niagara (334)
[2022.01.05-19.27.30:328][ 35]LogModuleManager: Shutting down and abandoning module SignalProcessing (333)
[2022.01.05-19.27.30:328][ 35]LogModuleManager: Shutting down and abandoning module NiagaraEditor (331)
[2022.01.05-19.27.30:350][ 35]LogModuleManager: Shutting down and abandoning module ContentBrowser (330)
[2022.01.05-19.27.30:351][ 35]LogModuleManager: Shutting down and abandoning module CollectionManager (329)
[2022.01.05-19.27.30:377][ 35]LogModuleManager: Shutting down and abandoning module DirectoryWatcher (328)
[2022.01.05-19.27.30:377][ 35]LogModuleManager: Shutting down and abandoning module ContentBrowserData (325)
[2022.01.05-19.27.30:377][ 35]LogModuleManager: Shutting down and abandoning module NiagaraCore (320)
[2022.01.05-19.27.30:377][ 35]LogModuleManager: Shutting down and abandoning module MagicLeapHandMeshing (318)
[2022.01.05-19.27.30:377][ 35]LogModuleManager: Shutting down and abandoning module MagicLeapSecureStorage (316)
[2022.01.05-19.27.30:377][ 35]LogModuleManager: Shutting down and abandoning module MagicLeapPrivileges (314)
[2022.01.05-19.27.30:393][ 35]LogModuleManager: Shutting down and abandoning module MagicLeapPlanes (312)
[2022.01.05-19.27.30:399][ 35]LogMagicLeapPlanes: Planes tracker already destroyed.
[2022.01.05-19.27.30:399][ 35]LogModuleManager: Shutting down and abandoning module MagicLeapImageTracker (310)
[2022.01.05-19.27.30:399][ 35]LogModuleManager: Shutting down and abandoning module MagicLeapIdentity (308)
[2022.01.05-19.27.30:399][ 35]LogModuleManager: Shutting down and abandoning module MagicLeapHandTracking (306)
[2022.01.05-19.27.30:402][ 35]LogModuleManager: Shutting down and abandoning module MagicLeapEyeTracker (304)
[2022.01.05-19.27.30:402][ 35]LogModuleManager: Shutting down and abandoning module MagicLeapController (302)
[2022.01.05-19.27.30:402][ 35]LogModuleManager: Shutting down and abandoning module MagicLeapARPinImpl (300)
[2022.01.05-19.27.30:402][ 35]LogModuleManager: Shutting down and abandoning module MagicLeapAR (298)
[2022.01.05-19.27.30:402][ 35]LogModuleManager: Shutting down and abandoning module PythonScriptPlugin (296)
[2022.01.05-19.27.30:402][ 35]LogModuleManager: Shutting down and abandoning module GameplayTagsEditor (294)
[2022.01.05-19.27.30:417][ 35]LogModuleManager: Shutting down and abandoning module FacialAnimation (292)
[2022.01.05-19.27.30:417][ 35]LogModuleManager: Shutting down and abandoning module AssetManagerEditor (290)
[2022.01.05-19.27.30:433][ 35]LogModuleManager: Shutting down and abandoning module TreeMap (289)
[2022.01.05-19.27.30:438][ 35]LogModuleManager: Shutting down and abandoning module PropertyAccessNode (286)
[2022.01.05-19.27.30:448][ 35]LogModuleManager: Shutting down and abandoning module AnimationSharing (284)
[2022.01.05-19.27.30:448][ 35]LogModuleManager: Shutting down and abandoning module GameplayCameras (282)
[2022.01.05-19.27.30:449][ 35]LogModuleManager: Shutting down and abandoning module LightPropagationVolumeRuntime (280)
[2022.01.05-19.27.30:449][ 35]LogModuleManager: Shutting down and abandoning module EnvironmentQueryEditor (278)
[2022.01.05-19.27.30:568][ 35]LogModuleManager: Shutting down and abandoning module Paper2D (276)
[2022.01.05-19.27.30:581][ 35]LogModuleManager: Shutting down and abandoning module WindowsMoviePlayer (274)
[2022.01.05-19.27.30:582][ 35]LogModuleManager: Shutting down and abandoning module WebMMoviePlayer (272)
[2022.01.05-19.27.30:582][ 35]LogModuleManager: Shutting down and abandoning module NetworkReplayStreaming (270)
[2022.01.05-19.27.30:582][ 35]LogModuleManager: Shutting down and abandoning module PacketHandler (268)
[2022.01.05-19.27.30:582][ 35]LogModuleManager: Shutting down and abandoning module ClothingSystemEditor (266)
[2022.01.05-19.27.30:582][ 35]LogModuleManager: Shutting down and abandoning module ClothingSystemRuntimeNv (264)
[2022.01.05-19.27.30:606][ 35]LogModuleManager: Shutting down and abandoning module MediaAssets (262)
[2022.01.05-19.27.30:606][ 35]LogModuleManager: Shutting down and abandoning module Overlay (260)
[2022.01.05-19.27.30:606][ 35]LogModuleManager: Shutting down and abandoning module OverlayEditor (259)
[2022.01.05-19.27.30:606][ 35]LogModuleManager: Shutting down and abandoning module VREditor (256)
[2022.01.05-19.27.30:631][ 35]LogModuleManager: Shutting down and abandoning module StringTableEditor (254)
[2022.01.05-19.27.30:672][ 35]LogModuleManager: Shutting down and abandoning module GameplayTasksEditor (252)
[2022.01.05-19.27.30:672][ 35]LogModuleManager: Shutting down and abandoning module BehaviorTreeEditor (250)
[2022.01.05-19.27.30:701][ 35]LogModuleManager: Shutting down and abandoning module FunctionalTesting (248)
[2022.01.05-19.27.30:713][ 35]LogModuleManager: Shutting down and abandoning module CollisionAnalyzer (246)
[2022.01.05-19.27.30:731][ 35]LogModuleManager: Shutting down and abandoning module WorkspaceMenuStructure (245)
[2022.01.05-19.27.30:731][ 35]LogModuleManager: Shutting down and abandoning module UMG (242)
[2022.01.05-19.27.30:731][ 35]LogModuleManager: Shutting down and abandoning module UMGEditor (241)
[2022.01.05-19.27.30:731][ 35]LogModuleManager: Shutting down and abandoning module Sequencer (240)
[2022.01.05-19.27.30:746][ 35]LogModuleManager: Shutting down and abandoning module MessageLog (237)
[2022.01.05-19.27.30:746][ 35]LogModuleManager: Shutting down and abandoning module SlateReflector (232)
[2022.01.05-19.27.30:814][ 35]LogModuleManager: Shutting down and abandoning module Slate (230)
[2022.01.05-19.27.30:814][ 35]LogModuleManager: Shutting down and abandoning module SlateCore (228)
[2022.01.05-19.27.30:816][ 35]LogModuleManager: Shutting down and abandoning module LandscapeEditorUtilities (226)
[2022.01.05-19.27.30:816][ 35]LogModuleManager: Shutting down and abandoning module UnrealEd (224)
[2022.01.05-19.27.30:837][ 35]LogModuleManager: Shutting down and abandoning module MRMesh (222)
[2022.01.05-19.27.30:837][ 35]LogModuleManager: Shutting down and abandoning module Messaging (220)
[2022.01.05-19.27.30:837][ 35]LogModuleManager: Shutting down and abandoning module SourceCodeAccess (218)
[2022.01.05-19.27.30:837][ 35]LogModuleManager: Shutting down and abandoning module HeadMountedDisplay (216)
[2022.01.05-19.27.30:837][ 35]LogModuleManager: Shutting down and abandoning module XAudio2 (214)
[2022.01.05-19.27.30:844][ 35]LogModuleManager: Shutting down and abandoning module Networking (212)
[2022.01.05-19.27.30:844][ 35]LogModuleManager: Shutting down and abandoning module Core (210)
[2022.01.05-19.27.30:844][ 35]LogModuleManager: Shutting down and abandoning module MaterialEditor (208)
[2022.01.05-19.27.30:865][ 35]LogModuleManager: Shutting down and abandoning module MovieSceneTools (206)
[2022.01.05-19.27.30:882][ 35]LogModuleManager: Shutting down and abandoning module EditorStyle (205)
[2022.01.05-19.27.30:883][ 35]LogModuleManager: Shutting down and abandoning module KismetCompiler (202)
[2022.01.05-19.27.30:883][ 35]LogModuleManager: Shutting down and abandoning module MeshBuilder (200)
[2022.01.05-19.27.30:898][ 35]LogModuleManager: Shutting down and abandoning module MeshUtilities (198)
[2022.01.05-19.27.30:914][ 35]LogModuleManager: Shutting down and abandoning module MeshMergeUtilities (197)
[2022.01.05-19.27.30:929][ 35]LogModuleManager: Shutting down and abandoning module MeshReductionInterface (196)
[2022.01.05-19.27.30:929][ 35]LogModuleManager: Shutting down and abandoning module MeshBoneReduction (195)
[2022.01.05-19.27.30:938][ 35]LogModuleManager: Shutting down and abandoning module SkeletalMeshReduction (193)
[2022.01.05-19.27.30:955][ 35]LogModuleManager: Shutting down and abandoning module ProxyLODMeshReduction (191)
[2022.01.05-19.27.30:975][ 35]LogModuleManager: Shutting down and abandoning module QuadricMeshReduction (189)
[2022.01.05-19.27.30:987][ 35]LogModuleManager: Shutting down and abandoning module MaterialBaking (185)
[2022.01.05-19.27.30:994][ 35]LogModuleManager: Shutting down and abandoning module NullInstallBundleManager (180)
[2022.01.05-19.27.30:994][ 35]LogModuleManager: Shutting down and abandoning module PIEPreviewDeviceProfileSelector (178)
[2022.01.05-19.27.31:000][ 35]LogModuleManager: Shutting down and abandoning module DerivedDataCache (176)
[2022.01.05-19.27.31:010][ 35]LogModuleManager: Shutting down and abandoning module TargetPlatform (174)
[2022.01.05-19.27.31:019][ 35]LogModuleManager: Shutting down and abandoning module VulkanShaderFormat (173)
[2022.01.05-19.27.31:070][ 35]LogModuleManager: Shutting down and abandoning module ShaderFormatVectorVM (171)
[2022.01.05-19.27.31:133][ 35]LogModuleManager: Shutting down and abandoning module ShaderFormatOpenGL (169)
[2022.01.05-19.27.31:142][ 35]LogModuleManager: Shutting down and abandoning module ShaderFormatD3D (167)
[2022.01.05-19.27.31:144][ 35]LogModuleManager: Shutting down and abandoning module MetalShaderFormat (165)
[2022.01.05-19.27.31:160][ 35]LogModuleManager: Shutting down and abandoning module TextureFormatOodle (163)
[2022.01.05-19.27.31:172][ 35]LogModuleManager: Shutting down and abandoning module TextureFormatUncompressed (161)
[2022.01.05-19.27.31:172][ 35]LogModuleManager: Shutting down and abandoning module TextureFormatPVR (159)
[2022.01.05-19.27.31:172][ 35]LogModuleManager: Shutting down and abandoning module TextureFormatETC2 (157)
[2022.01.05-19.27.31:172][ 35]LogModuleManager: Shutting down and abandoning module TextureFormatDXT (155)
[2022.01.05-19.27.31:183][ 35]LogModuleManager: Shutting down and abandoning module TextureFormatIntelISPCTexComp (153)
[2022.01.05-19.27.31:193][ 35]LogModuleManager: Shutting down and abandoning module TextureFormatASTC (151)
[2022.01.05-19.27.31:193][ 35]LogModuleManager: Shutting down and abandoning module ImageWrapper (150)
[2022.01.05-19.27.31:193][ 35]LogModuleManager: Shutting down and abandoning module AudioFormatOpus (147)
[2022.01.05-19.27.31:193][ 35]LogModuleManager: Shutting down and abandoning module AudioFormatOgg (145)
[2022.01.05-19.27.31:193][ 35]LogModuleManager: Shutting down and abandoning module AudioFormatADPCM (143)
[2022.01.05-19.27.31:209][ 35]LogModuleManager: Shutting down and abandoning module WindowsServerTargetPlatform (141)
[2022.01.05-19.27.31:209][ 35]LogModuleManager: Shutting down and abandoning module WindowsClientTargetPlatform (139)
[2022.01.05-19.27.31:209][ 35]LogModuleManager: Shutting down and abandoning module WindowsTargetPlatform (137)
[2022.01.05-19.27.31:209][ 35]LogModuleManager: Shutting down and abandoning module WindowsNoEditorTargetPlatform (135)
[2022.01.05-19.27.31:209][ 35]LogModuleManager: Shutting down and abandoning module D3D11RHI (132)
[2022.01.05-19.27.31:209][ 35]LogModuleManager: Shutting down and abandoning module InputCore (130)
[2022.01.05-19.27.31:209][ 35]LogModuleManager: Shutting down and abandoning module Settings (128)
[2022.01.05-19.27.31:209][ 35]LogModuleManager: Shutting down and abandoning module PhysXCooking (126)
[2022.01.05-19.27.31:209][ 35]LogModuleManager: Shutting down and abandoning module Chaos (124)
[2022.01.05-19.27.31:221][ 35]LogModuleManager: Shutting down and abandoning module WindowsPlatformFeatures (122)
[2022.01.05-19.27.31:221][ 35]LogModuleManager: Shutting down and abandoning module GameplayMediaEncoder (121)
[2022.01.05-19.27.31:237][ 35]LogModuleManager: Shutting down and abandoning module AVEncoder (120)
[2022.01.05-19.27.31:251][ 35]LogModuleManager: Shutting down and abandoning module SteamVRInputDevice (116)
[2022.01.05-19.27.31:251][ 35]LogModuleManager: Shutting down and abandoning module SteamVRInput (114)
[2022.01.05-19.27.31:251][ 35]LogModuleManager: Shutting down and abandoning module SteamVR (112)
[2022.01.05-19.27.31:265][ 35]LogHMD: Freeing OpenVRDLLHandle.
[2022.01.05-19.27.31:265][ 35]LogModuleManager: Shutting down and abandoning module OculusHMD (110)
[2022.01.05-19.27.31:284][ 35]LogModuleManager: Shutting down and abandoning module OpenXRHandTracking (108)
[2022.01.05-19.27.31:284][ 35]LogSlate: Slate User Destroyed.  User Index 0, Is Virtual User: 0
[2022.01.05-19.27.31:284][ 35]LogModuleManager: Shutting down and abandoning module OpenXREyeTracker (106)
[2022.01.05-19.27.31:284][ 35]LogModuleManager: Shutting down and abandoning module OpenXRAR (104)
[2022.01.05-19.27.31:297][ 35]LogModuleManager: Shutting down and abandoning module AugmentedReality (103)
[2022.01.05-19.27.31:297][ 35]LogModuleManager: Shutting down and abandoning module OpenXRHMD (100)
[2022.01.05-19.27.31:326][ 35]LogModuleManager: Shutting down and abandoning module ExampleDeviceProfileSelector (98)
[2022.01.05-19.27.31:326][ 35]LogModuleManager: Shutting down and abandoning module ChunkDownloader (96)
[2022.01.05-19.27.31:333][ 35]LogModuleManager: Shutting down and abandoning module LauncherChunkInstaller (94)
[2022.01.05-19.27.31:333][ 35]LogModuleManager: Shutting down and abandoning module OnlineBlueprintSupport (92)
[2022.01.05-19.27.31:333][ 35]LogModuleManager: Shutting down and abandoning module OnlineSubsystem (88)
[2022.01.05-19.27.31:349][ 35]LogModuleManager: Shutting down and abandoning module XMPP (83)
[2022.01.05-19.27.31:394][ 35]LogModuleManager: Shutting down and abandoning module WebSockets (82)
[2022.01.05-19.27.31:649][ 35]LogModuleManager: Shutting down and abandoning module HTTP (79)
[2022.01.05-19.27.31:649][ 35]LogHttp: Display: cleaning up 0 outstanding Http requests.
[2022.01.05-19.27.31:654][ 35]LogModuleManager: Shutting down and abandoning module SSL (78)
[2022.01.05-19.27.31:655][ 35]LogModuleManager: Shutting down and abandoning module WmfMedia (74)
[2022.01.05-19.27.31:732][ 35]LogModuleManager: Shutting down and abandoning module Media (73)
[2022.01.05-19.27.31:733][ 35]LogModuleManager: Shutting down and abandoning module MediaInfo (72)
[2022.01.05-19.27.31:733][ 35]LogModuleManager: Shutting down and abandoning module ExrReaderGpu (68)
[2022.01.05-19.27.31:768][ 35]LogModuleManager: Shutting down and abandoning module MLSDK (66)
[2022.01.05-19.27.31:777][ 35]LogModuleManager: Shutting down and abandoning module NiagaraVertexFactories (64)
[2022.01.05-19.27.31:777][ 35]LogModuleManager: Shutting down and abandoning module NiagaraShader (62)
[2022.01.05-19.27.31:777][ 35]LogModuleManager: Shutting down and abandoning module MagicLeap (60)
[2022.01.05-19.27.31:777][ 35]LogModuleManager: Shutting down and abandoning module VariantManagerContent (58)
[2022.01.05-19.27.31:777][ 35]LogModuleManager: Shutting down and abandoning module DatasmithContent (56)
[2022.01.05-19.27.31:778][ 35]LogModuleManager: Shutting down and abandoning module ChaosCloth (54)
[2022.01.05-19.27.31:826][ 35]LogModuleManager: Shutting down and abandoning module PixWinPlugin (52)
[2022.01.05-19.27.31:826][ 35]LogModuleManager: Shutting down and abandoning module AISupportModule (50)
[2022.01.05-19.27.31:826][ 35]LogModuleManager: Shutting down and abandoning module DesktopPlatform (48)
[2022.01.05-19.27.31:826][ 35]LogModuleManager: Shutting down and abandoning module PythonScriptPluginPreload (46)
[2022.01.05-19.27.31:826][ 35]LogModuleManager: Shutting down and abandoning module PlatformCryptoOpenSSL (44)
[2022.01.05-19.27.31:846][ 35]LogModuleManager: Shutting down and abandoning module PlatformCryptoTypes (42)
[2022.01.05-19.27.31:846][ 35]LogModuleManager: Shutting down and abandoning module PlatformCrypto (40)
[2022.01.05-19.27.31:846][ 35]LogModuleManager: Shutting down and abandoning module OodleDataCompressionFormat (38)
[2022.01.05-19.27.31:862][ 35]LogModuleManager: Shutting down and abandoning module XGEController (36)
[2022.01.05-19.27.31:862][ 35]LogModuleManager: Shutting down and abandoning module AnimationModifiers (34)
[2022.01.05-19.27.31:879][ 35]LogModuleManager: Shutting down and abandoning module AudioEditor (32)
[2022.01.05-19.27.31:896][ 35]LogModuleManager: Shutting down and abandoning module PropertyEditor (31)
[2022.01.05-19.27.31:912][ 35]LogModuleManager: Shutting down and abandoning module TextureCompressor (28)
[2022.01.05-19.27.31:924][ 35]LogModuleManager: Shutting down and abandoning module RenderCore (26)
[2022.01.05-19.27.31:924][ 35]LogModuleManager: Shutting down and abandoning module Landscape (24)
[2022.01.05-19.27.31:924][ 35]LogModuleManager: Shutting down and abandoning module SlateRHIRenderer (22)
[2022.01.05-19.27.31:935][ 35]LogModuleManager: Shutting down and abandoning module AnimGraphRuntime (20)
[2022.01.05-19.27.31:984][ 35]LogModuleManager: Shutting down and abandoning module Renderer (18)
[2022.01.05-19.27.31:997][ 35]LogModuleManager: Shutting down and abandoning module Engine (16)
[2022.01.05-19.27.31:997][ 35]LogModuleManager: Shutting down and abandoning module CoreUObject (14)
[2022.01.05-19.27.31:997][ 35]LogModuleManager: Shutting down and abandoning module NetworkFile (12)
[2022.01.05-19.27.32:009][ 35]LogModuleManager: Shutting down and abandoning module CookedIterativeFile (10)
[2022.01.05-19.27.32:009][ 35]LogModuleManager: Shutting down and abandoning module StreamingFile (8)
[2022.01.05-19.27.32:021][ 35]LogModuleManager: Shutting down and abandoning module SandboxFile (6)
[2022.01.05-19.27.32:031][ 35]LogModuleManager: Shutting down and abandoning module PakFile (4)
[2022.01.05-19.27.32:047][ 35]LogModuleManager: Shutting down and abandoning module RSA (3)
[2022.01.05-19.27.32:064][ 35]LogContentStreaming: Display: There are 1 unreleased StreamingManagers
[2022.01.05-19.27.32:104][ 35]LogD3D11RHI: Shutdown
[2022.01.05-19.27.32:104][ 35]LogD3D11RHI: CleanupD3DDevice
[2022.01.05-19.27.32:177][ 35]LogExit: Exiting.
[2022.01.05-19.27.32:189][ 35]Log file closed, 01/05/22 23:27:32
