Log file open, 12/27/21 21:25:25
LogWindows: Failed to load 'aqProf.dll' (GetLastError=126)
LogWindows: File 'aqProf.dll' does not exist
LogWindows: Failed to load 'VtuneApi.dll' (GetLastError=126)
LogWindows: File 'VtuneApi.dll' does not exist
LogWindows: Failed to load 'VtuneApi32e.dll' (GetLastError=126)
LogWindows: File 'VtuneApi32e.dll' does not exist
LogConsoleResponse: Display: Failed to find resolution value strings in scalability ini. Falling back to default.
LogConsoleResponse: Display: Failed to find resolution value strings in scalability ini. Falling back to default.
LogInit: Display: Running engine for game: Dungeoner
LogPlatformFile: Not using cached read wrapper
LogTaskGraph: Started task graph with 5 named threads and 14 total threads with 3 sets of task threads.
LogStats: Stats thread started at 0.335685
LogICUInternationalization: ICU TimeZone Detection - Raw Offset: +4:00, Platform Override: ''
LogInit: Display: Loading text-based GConfig....
LogPluginManager: Mounting plugin MeshPainting
LogPluginManager: Mounting plugin XGEController
LogPluginManager: Mounting plugin AISupport
LogPluginManager: Mounting plugin Paper2D
LogPluginManager: Mounting plugin EnvironmentQueryEditor
LogPluginManager: Mounting plugin LiveLink
LogPluginManager: Mounting plugin LightPropagationVolume
LogPluginManager: Mounting plugin CameraShakePreviewer
LogPluginManager: Mounting plugin GameplayCameras
LogPluginManager: Mounting plugin OodleData
LogPluginManager: Mounting plugin OodleNetwork
LogPluginManager: Mounting plugin AnimationSharing
LogPluginManager: Mounting plugin CLionSourceCodeAccess
LogPluginManager: Mounting plugin CodeLiteSourceCodeAccess
LogPluginManager: Mounting plugin GitSourceControl
LogPluginManager: Mounting plugin KDevelopSourceCodeAccess
LogPluginManager: Mounting plugin NullSourceCodeAccess
LogPluginManager: Mounting plugin PerforceSourceControl
LogPluginManager: Mounting plugin PluginUtils
LogPluginManager: Mounting plugin PixWinPlugin
LogPluginManager: Mounting plugin PropertyAccessNode
LogPluginManager: Mounting plugin RiderSourceCodeAccess
LogPluginManager: Mounting plugin SubversionSourceControl
LogPluginManager: Mounting plugin TextureFormatOodle
LogPluginManager: Mounting plugin VisualStudioCodeSourceCodeAccess
LogPluginManager: Mounting plugin UObjectPlugin
LogPluginManager: Mounting plugin PlasticSourceControl
LogPluginManager: Mounting plugin VisualStudioSourceCodeAccess
LogPluginManager: Mounting plugin XCodeSourceCodeAccess
LogPluginManager: Mounting plugin AssetManagerEditor
LogPluginManager: Mounting plugin CryptoKeys
LogPluginManager: Mounting plugin CurveEditorTools
LogPluginManager: Mounting plugin DataValidation
LogPluginManager: Mounting plugin FacialAnimation
LogPluginManager: Mounting plugin GameplayTagsEditor
LogPluginManager: Mounting plugin GeometryMode
LogPluginManager: Mounting plugin MacGraphicsSwitching
LogPluginManager: Mounting plugin MaterialAnalyzer
LogPluginManager: Mounting plugin MobileLauncherProfileWizard
LogPluginManager: Mounting plugin SpeedTreeImporter
LogPluginManager: Mounting plugin PluginBrowser
LogPluginManager: Mounting plugin DatasmithContent
LogPluginManager: Mounting plugin VariantManagerContent
LogPluginManager: Mounting plugin AlembicImporter
LogPluginManager: Mounting plugin AutomationUtils
LogPluginManager: Mounting plugin BackChannel
LogPluginManager: Mounting plugin ChaosCloth
LogPluginManager: Mounting plugin ChaosClothEditor
LogPluginManager: Mounting plugin ChaosEditor
LogPluginManager: Mounting plugin ChaosNiagara
LogPluginManager: Mounting plugin ChaosSolverPlugin
LogPluginManager: Mounting plugin CharacterAI
LogPluginManager: Mounting plugin GeometryCache
LogPluginManager: Mounting plugin GeometryCollectionPlugin
LogPluginManager: Mounting plugin GeometryProcessing
LogPluginManager: Mounting plugin MotoSynth
LogPluginManager: Mounting plugin OpenImageDenoise
LogPluginManager: Mounting plugin PlanarCut
LogPluginManager: Mounting plugin PlatformCrypto
LogPluginManager: Mounting plugin ProxyLODPlugin
LogPluginManager: Mounting plugin PythonScriptPlugin
LogPluginManager: Mounting plugin SkeletalReduction
LogPluginManager: Mounting plugin Niagara
LogPluginManager: Mounting plugin LuminPlatformFeatures
LogPluginManager: Mounting plugin MagicLeap
LogPluginManager: Mounting plugin MagicLeapLightEstimation
LogPluginManager: Mounting plugin MagicLeapMedia
LogPluginManager: Mounting plugin MagicLeapPassableWorld
LogPluginManager: Mounting plugin MLSDK
LogPluginManager: Mounting plugin AndroidMedia
LogPluginManager: Mounting plugin AvfMedia
LogPluginManager: Mounting plugin ImgMedia
LogPluginManager: Mounting plugin MediaCompositing
LogPluginManager: Mounting plugin MediaPlayerEditor
LogPluginManager: Mounting plugin WebMMedia
LogPluginManager: Mounting plugin WmfMedia
LogPluginManager: Mounting plugin UdpMessaging
LogPluginManager: Mounting plugin ActorSequence
LogPluginManager: Mounting plugin TcpMessaging
LogPluginManager: Mounting plugin LevelSequenceEditor
LogPluginManager: Mounting plugin MatineeToLevelSequence
LogPluginManager: Mounting plugin TemplateSequence
LogPluginManager: Mounting plugin OnlineSubsystem
LogPluginManager: Mounting plugin OnlineSubsystemNull
LogPluginManager: Mounting plugin OnlineSubsystemUtils
LogPluginManager: Mounting plugin LauncherChunkInstaller
LogPluginManager: Mounting plugin ActorLayerUtilities
LogPluginManager: Mounting plugin AndroidDeviceProfileSelector
LogPluginManager: Mounting plugin AndroidMoviePlayer
LogPluginManager: Mounting plugin AndroidPermission
LogPluginManager: Mounting plugin AppleImageUtils
LogPluginManager: Mounting plugin AppleMoviePlayer
LogPluginManager: Mounting plugin ArchVisCharacter
LogPluginManager: Mounting plugin AssetTags
LogPluginManager: Mounting plugin AudioCapture
LogPluginManager: Mounting plugin AudioSynesthesia
LogPluginManager: Mounting plugin CableComponent
LogPluginManager: Mounting plugin ChunkDownloader
LogPluginManager: Mounting plugin CustomMeshComponent
LogPluginManager: Mounting plugin EditableMesh
LogPluginManager: Mounting plugin ExampleDeviceProfileSelector
LogPluginManager: Mounting plugin GoogleCloudMessaging
LogPluginManager: Mounting plugin GooglePAD
LogPluginManager: Mounting plugin IOSDeviceProfileSelector
LogPluginManager: Mounting plugin LinuxDeviceProfileSelector
LogPluginManager: Mounting plugin LocationServicesBPLibrary
LogPluginManager: Mounting plugin MobilePatchingUtils
LogPluginManager: Mounting plugin OpenXR
LogPluginManager: Mounting plugin OpenXREyeTracker
LogPluginManager: Mounting plugin OpenXRHandTracking
LogPluginManager: Mounting plugin PhysXVehicles
LogPluginManager: Mounting plugin PostSplashScreen
LogPluginManager: Mounting plugin ProceduralMeshComponent
LogPluginManager: Mounting plugin PropertyAccessEditor
LogPluginManager: Mounting plugin RuntimePhysXCooking
LogPluginManager: Mounting plugin SignificanceManager
LogPluginManager: Mounting plugin SoundFields
LogPluginManager: Mounting plugin Synthesis
LogPluginManager: Mounting plugin WebMMoviePlayer
LogPluginManager: Mounting plugin WindowsMoviePlayer
LogPluginManager: Mounting plugin ScreenshotTools
LogPluginManager: Mounting plugin Takes
LogPluginManager: Mounting plugin ContentBrowserAssetDataSource
LogPluginManager: Mounting plugin ContentBrowserClassDataSource
LogPluginManager: Mounting plugin ContentBrowserFileDataSource
LogPluginManager: Mounting plugin OnlineSubsystemGooglePlay
LogPluginManager: Mounting plugin OnlineSubsystemIOS
LogPluginManager: Mounting plugin OculusVR
LogPluginManager: Mounting plugin SteamVR
PixWinPlugin: PIX capture plugin failed to initialize! Check that the process is launched from PIX.
LogInit: Using libcurl 7.55.1-DEV
LogInit:  - built for x86_64-pc-win32
LogInit:  - supports SSL with OpenSSL/1.1.1
LogInit:  - supports HTTP deflate (compression) using libz 1.2.8
LogInit:  - other features:
LogInit:      CURL_VERSION_SSL
LogInit:      CURL_VERSION_LIBZ
LogInit:      CURL_VERSION_IPV6
LogInit:      CURL_VERSION_ASYNCHDNS
LogInit:      CURL_VERSION_LARGEFILE
LogInit:      CURL_VERSION_IDN
LogInit:  CurlRequestOptions (configurable via config and command line):
LogInit:  - bVerifyPeer = true  - Libcurl will verify peer certificate
LogInit:  - bUseHttpProxy = false  - Libcurl will NOT use HTTP proxy
LogInit:  - bDontReuseConnections = false  - Libcurl will reuse connections
LogInit:  - MaxHostConnections = 16  - Libcurl will limit the number of connections to a host
LogInit:  - LocalHostAddr = Default
LogInit:  - BufferSize = 65536
LogOnline: OSS: Creating online subsystem instance for: NULL
LogInit: WinSock: version 1.1 (2.2), MaxSocks=32767, MaxUdp=65467
LogOnline: OSS: TryLoadSubsystemAndSetDefault: Loaded subsystem for module [NULL]
LogOculusPluginWrapper: OculusPlugin initialized successfully
LogHMD: Failed initializing OVRPlugin 1.59.0
LogInit: Build: ++UE4+Release-4.27-CL-18319896
LogInit: Engine Version: 4.27.2-18319896+++UE4+Release-4.27
LogInit: Compatible Engine Version: 4.27.0-17155196+++UE4+Release-4.27
LogInit: Net CL: 17155196
LogInit: OS: Windows 10 (Release 2004) (), CPU:         Intel(R) Core(TM) i5-2400 CPU @ 3.10GHz, GPU: NVIDIA GeForce GTX 550 Ti
LogInit: Compiled (64-bit): Nov 30 2021 07:12:08
LogInit: Compiled with Visual C++: 19.24.28315.00
LogInit: Build Configuration: Development
LogInit: Branch Name: ++UE4+Release-4.27
LogInit: Command Line:  /Game/Map/Map -game -PIEVIACONSOLE -Multiprocess "GameUserSettingsINI=E:/Unreal Projects/Dungeoner/Saved/Config/Windows/PIEGameUserSettings0.ini" -MultiprocessSaveConfig -forcepassthrough -messaging -SessionName="Play in Standalone Game" -windowed -WinX=0 -WinY=24 SAVEWINPOS=1 -ResX=1910 -ResY=1006
LogInit: Base Directory: E:/UE_4.27/Engine/Binaries/Win64/
LogInit: Allocator: TBB
LogInit: Installed Engine Build: 1
LogDevObjectVersion: Number of dev versions registered: 29
LogDevObjectVersion:   Dev-Blueprints (B0D832E4-1F89-4F0D-ACCF-7EB736FD4AA2): 10
LogDevObjectVersion:   Dev-Build (E1C64328-A22C-4D53-A36C-8E866417BD8C): 0
LogDevObjectVersion:   Dev-Core (375EC13C-06E4-48FB-B500-84F0262A717E): 4
LogDevObjectVersion:   Dev-Editor (E4B068ED-F494-42E9-A231-DA0B2E46BB41): 40
LogDevObjectVersion:   Dev-Framework (CFFC743F-43B0-4480-9391-14DF171D2073): 37
LogDevObjectVersion:   Dev-Mobile (B02B49B5-BB20-44E9-A304-32B752E40360): 3
LogDevObjectVersion:   Dev-Networking (A4E4105C-59A1-49B5-A7C5-40C4547EDFEE): 0
LogDevObjectVersion:   Dev-Online (39C831C9-5AE6-47DC-9A44-9C173E1C8E7C): 0
LogDevObjectVersion:   Dev-Physics (78F01B33-EBEA-4F98-B9B4-84EACCB95AA2): 14
LogDevObjectVersion:   Dev-Platform (6631380F-2D4D-43E0-8009-CF276956A95A): 0
LogDevObjectVersion:   Dev-Rendering (12F88B9F-8875-4AFC-A67C-D90C383ABD29): 45
LogDevObjectVersion:   Dev-Sequencer (7B5AE74C-D270-4C10-A958-57980B212A5A): 13
LogDevObjectVersion:   Dev-VR (D7296918-1DD6-4BDD-9DE2-64A83CC13884): 3
LogDevObjectVersion:   Dev-LoadTimes (C2A15278-BFE7-4AFE-6C17-90FF531DF755): 1
LogDevObjectVersion:   Private-Geometry (6EACA3D4-40EC-4CC1-B786-8BED09428FC5): 3
LogDevObjectVersion:   Dev-AnimPhys (29E575DD-E0A3-4627-9D10-D276232CDCEA): 17
LogDevObjectVersion:   Dev-Anim (AF43A65D-7FD3-4947-9873-3E8ED9C1BB05): 15
LogDevObjectVersion:   Dev-ReflectionCapture (6B266CEC-1EC7-4B8F-A30B-E4D90942FC07): 1
LogDevObjectVersion:   Dev-Automation (0DF73D61-A23F-47EA-B727-89E90C41499A): 1
LogDevObjectVersion:   FortniteMain (601D1886-AC64-4F84-AA16-D3DE0DEAC7D6): 47
LogDevObjectVersion:   FortniteRelease (E7086368-6B23-4C58-8439-1B7016265E91): 1
LogDevObjectVersion:   Dev-Enterprise (9DFFBCD6-494F-0158-E221-12823C92A888): 10
LogDevObjectVersion:   Dev-Niagara (F2AED0AC-9AFE-416F-8664-AA7FFA26D6FC): 1
LogDevObjectVersion:   Dev-Destruction (174F1F0B-B4C6-45A5-B13F-2EE8D0FB917D): 10
LogDevObjectVersion:   Dev-Physics-Ext (35F94A83-E258-406C-A318-09F59610247C): 41
LogDevObjectVersion:   Dev-PhysicsMaterial-Chaos (B68FC16E-8B1B-42E2-B453-215C058844FE): 1
LogDevObjectVersion:   Dev-CineCamera (B2E18506-4273-CFC2-A54E-F4BB758BBA07): 1
LogDevObjectVersion:   Dev-VirtualProduction (64F58936-FD1B-42BA-BA96-7289D5D0FA4E): 1
LogDevObjectVersion:   Dev-MediaFramework (6F0ED827-A609-4895-9C91-998D90180EA4): 2
LogInit: Presizing for max 25165824 objects, including 0 objects not considered by GC, pre-allocating 0 bytes for permanent pool.
LogConfig: Applying CVar settings from Section [/Script/Engine.StreamingSettings] File [E:/Unreal Projects/Dungeoner/Saved/Config/Windows/Engine.ini]
LogConfig: Setting CVar [[s.MinBulkDataSizeForAsyncLoading:131072]]
LogConfig: Setting CVar [[s.AsyncLoadingThreadEnabled:0]]
LogConfig: Setting CVar [[s.EventDrivenLoaderEnabled:1]]
LogConfig: Setting CVar [[s.WarnIfTimeLimitExceeded:0]]
LogConfig: Setting CVar [[s.TimeLimitExceededMultiplier:1.5]]
LogConfig: Setting CVar [[s.TimeLimitExceededMinTime:0.005]]
LogConfig: Setting CVar [[s.UseBackgroundLevelStreaming:1]]
LogConfig: Setting CVar [[s.PriorityAsyncLoadingExtraTime:15.0]]
LogConfig: Setting CVar [[s.LevelStreamingActorsUpdateTimeLimit:5.0]]
LogConfig: Setting CVar [[s.PriorityLevelStreamingActorsUpdateExtraTime:5.0]]
LogConfig: Setting CVar [[s.LevelStreamingComponentsRegistrationGranularity:10]]
LogConfig: Setting CVar [[s.UnregisterComponentsTimeLimit:1.0]]
LogConfig: Setting CVar [[s.LevelStreamingComponentsUnregistrationGranularity:5]]
LogConfig: Setting CVar [[s.FlushStreamingOnExit:1]]
LogInit: Object subsystem initialized
LogConfig: Setting CVar [[con.DebugEarlyDefault:1]]
LogConfig: Setting CVar [[r.setres:1280x720]]
[2021.12.27-17.25.25:824][  0]LogConfig: Setting CVar [[con.DebugEarlyDefault:1]]
[2021.12.27-17.25.25:824][  0]LogConfig: Setting CVar [[r.setres:1280x720]]
[2021.12.27-17.25.25:824][  0]LogConfig: Applying CVar settings from Section [/Script/Engine.RendererSettings] File [E:/Unreal Projects/Dungeoner/Saved/Config/Windows/Engine.ini]
[2021.12.27-17.25.25:824][  0]LogConfig: Setting CVar [[r.GPUCrashDebugging:0]]
[2021.12.27-17.25.25:824][  0]LogConfig: Applying CVar settings from Section [/Script/Engine.RendererOverrideSettings] File [E:/Unreal Projects/Dungeoner/Saved/Config/Windows/Engine.ini]
[2021.12.27-17.25.25:824][  0]LogConfig: Applying CVar settings from Section [/Script/Engine.StreamingSettings] File [E:/Unreal Projects/Dungeoner/Saved/Config/Windows/Engine.ini]
[2021.12.27-17.25.25:824][  0]LogConfig: Setting CVar [[s.MinBulkDataSizeForAsyncLoading:131072]]
[2021.12.27-17.25.25:824][  0]LogConfig: Setting CVar [[s.AsyncLoadingThreadEnabled:0]]
[2021.12.27-17.25.25:824][  0]LogConfig: Setting CVar [[s.EventDrivenLoaderEnabled:1]]
[2021.12.27-17.25.25:824][  0]LogConfig: Setting CVar [[s.WarnIfTimeLimitExceeded:0]]
[2021.12.27-17.25.25:824][  0]LogConfig: Setting CVar [[s.TimeLimitExceededMultiplier:1.5]]
[2021.12.27-17.25.25:824][  0]LogConfig: Setting CVar [[s.TimeLimitExceededMinTime:0.005]]
[2021.12.27-17.25.25:824][  0]LogConfig: Setting CVar [[s.UseBackgroundLevelStreaming:1]]
[2021.12.27-17.25.25:824][  0]LogConfig: Setting CVar [[s.PriorityAsyncLoadingExtraTime:15.0]]
[2021.12.27-17.25.25:824][  0]LogConfig: Setting CVar [[s.LevelStreamingActorsUpdateTimeLimit:5.0]]
[2021.12.27-17.25.25:824][  0]LogConfig: Setting CVar [[s.PriorityLevelStreamingActorsUpdateExtraTime:5.0]]
[2021.12.27-17.25.25:824][  0]LogConfig: Setting CVar [[s.LevelStreamingComponentsRegistrationGranularity:10]]
[2021.12.27-17.25.25:824][  0]LogConfig: Setting CVar [[s.UnregisterComponentsTimeLimit:1.0]]
[2021.12.27-17.25.25:824][  0]LogConfig: Setting CVar [[s.LevelStreamingComponentsUnregistrationGranularity:5]]
[2021.12.27-17.25.25:824][  0]LogConfig: Setting CVar [[s.FlushStreamingOnExit:1]]
[2021.12.27-17.25.25:824][  0]LogConfig: Applying CVar settings from Section [/Script/Engine.GarbageCollectionSettings] File [E:/Unreal Projects/Dungeoner/Saved/Config/Windows/Engine.ini]
[2021.12.27-17.25.25:824][  0]LogConfig: Setting CVar [[gc.MaxObjectsNotConsideredByGC:1]]
[2021.12.27-17.25.25:824][  0]LogConfig: Setting CVar [[gc.SizeOfPermanentObjectPool:0]]
[2021.12.27-17.25.25:824][  0]LogConfig: Setting CVar [[gc.FlushStreamingOnGC:0]]
[2021.12.27-17.25.25:824][  0]LogConfig: Setting CVar [[gc.NumRetriesBeforeForcingGC:10]]
[2021.12.27-17.25.25:824][  0]LogConfig: Setting CVar [[gc.AllowParallelGC:1]]
[2021.12.27-17.25.25:824][  0]LogConfig: Setting CVar [[gc.TimeBetweenPurgingPendingKillObjects:61.1]]
[2021.12.27-17.25.25:824][  0]LogConfig: Setting CVar [[gc.MaxObjectsInEditor:25165824]]
[2021.12.27-17.25.25:824][  0]LogConfig: Setting CVar [[gc.IncrementalBeginDestroyEnabled:1]]
[2021.12.27-17.25.25:824][  0]LogConfig: Setting CVar [[gc.CreateGCClusters:1]]
[2021.12.27-17.25.25:824][  0]LogConfig: Setting CVar [[gc.MinGCClusterSize:5]]
[2021.12.27-17.25.25:824][  0]LogConfig: Setting CVar [[gc.ActorClusteringEnabled:0]]
[2021.12.27-17.25.25:824][  0]LogConfig: Setting CVar [[gc.BlueprintClusteringEnabled:0]]
[2021.12.27-17.25.25:824][  0]LogConfig: Setting CVar [[gc.UseDisregardForGCOnDedicatedServers:0]]
[2021.12.27-17.25.25:824][  0]LogConfig: Setting CVar [[gc.MultithreadedDestructionEnabled:1]]
[2021.12.27-17.25.25:824][  0]LogConfig: Applying CVar settings from Section [/Script/Engine.NetworkSettings] File [E:/Unreal Projects/Dungeoner/Saved/Config/Windows/Engine.ini]
[2021.12.27-17.25.25:824][  0]LogConfig: Applying CVar settings from Section [/Script/UnrealEd.CookerSettings] File [E:/Unreal Projects/Dungeoner/Saved/Config/Windows/Engine.ini]
[2021.12.27-17.25.25:831][  0]LogConfig: Applying CVar settings from Section [ViewDistanceQuality@3] File [E:/Unreal Projects/Dungeoner/Saved/Config/Windows/Scalability.ini]
[2021.12.27-17.25.25:831][  0]LogConfig: Setting CVar [[r.SkeletalMeshLODBias:0]]
[2021.12.27-17.25.25:831][  0]LogConfig: Setting CVar [[r.ViewDistanceScale:1.0]]
[2021.12.27-17.25.25:831][  0]LogConfig: Applying CVar settings from Section [AntiAliasingQuality@3] File [E:/Unreal Projects/Dungeoner/Saved/Config/Windows/Scalability.ini]
[2021.12.27-17.25.25:831][  0]LogConfig: Setting CVar [[r.PostProcessAAQuality:4]]
[2021.12.27-17.25.25:831][  0]LogConfig: Applying CVar settings from Section [ShadowQuality@3] File [E:/Unreal Projects/Dungeoner/Saved/Config/Windows/Scalability.ini]
[2021.12.27-17.25.25:831][  0]LogConfig: Setting CVar [[r.LightFunctionQuality:1]]
[2021.12.27-17.25.25:831][  0]LogConfig: Setting CVar [[r.ShadowQuality:5]]
[2021.12.27-17.25.25:831][  0]LogConfig: Setting CVar [[r.Shadow.CSM.MaxCascades:10]]
[2021.12.27-17.25.25:831][  0]LogConfig: Setting CVar [[r.Shadow.MaxResolution:2048]]
[2021.12.27-17.25.25:831][  0]LogConfig: Setting CVar [[r.Shadow.MaxCSMResolution:2048]]
[2021.12.27-17.25.25:831][  0]LogConfig: Setting CVar [[r.Shadow.RadiusThreshold:0.01]]
[2021.12.27-17.25.25:831][  0]LogConfig: Setting CVar [[r.Shadow.DistanceScale:1.0]]
[2021.12.27-17.25.25:831][  0]LogConfig: Setting CVar [[r.Shadow.CSM.TransitionScale:1.0]]
[2021.12.27-17.25.25:831][  0]LogConfig: Setting CVar [[r.Shadow.PreShadowResolutionFactor:1.0]]
[2021.12.27-17.25.25:831][  0]LogConfig: Setting CVar [[r.DistanceFieldShadowing:1]]
[2021.12.27-17.25.25:831][  0]LogConfig: Setting CVar [[r.DistanceFieldAO:1]]
[2021.12.27-17.25.25:831][  0]LogConfig: Setting CVar [[r.AOQuality:2]]
[2021.12.27-17.25.25:831][  0]LogConfig: Setting CVar [[r.VolumetricFog:1]]
[2021.12.27-17.25.25:831][  0]LogConfig: Setting CVar [[r.VolumetricFog.GridPixelSize:8]]
[2021.12.27-17.25.25:831][  0]LogConfig: Setting CVar [[r.VolumetricFog.GridSizeZ:128]]
[2021.12.27-17.25.25:831][  0]LogConfig: Setting CVar [[r.VolumetricFog.HistoryMissSupersampleCount:4]]
[2021.12.27-17.25.25:832][  0]LogConfig: Setting CVar [[r.LightMaxDrawDistanceScale:1]]
[2021.12.27-17.25.25:832][  0]LogConfig: Setting CVar [[r.CapsuleShadows:1]]
[2021.12.27-17.25.25:832][  0]LogConfig: Applying CVar settings from Section [PostProcessQuality@3] File [E:/Unreal Projects/Dungeoner/Saved/Config/Windows/Scalability.ini]
[2021.12.27-17.25.25:832][  0]LogConfig: Setting CVar [[r.MotionBlurQuality:4]]
[2021.12.27-17.25.25:832][  0]LogConfig: Setting CVar [[r.AmbientOcclusionMipLevelFactor:0.4]]
[2021.12.27-17.25.25:832][  0]LogConfig: Setting CVar [[r.AmbientOcclusionMaxQuality:100]]
[2021.12.27-17.25.25:832][  0]LogConfig: Setting CVar [[r.AmbientOcclusionLevels:-1]]
[2021.12.27-17.25.25:832][  0]LogConfig: Setting CVar [[r.AmbientOcclusionRadiusScale:1.0]]
[2021.12.27-17.25.25:832][  0]LogConfig: Setting CVar [[r.DepthOfFieldQuality:2]]
[2021.12.27-17.25.25:832][  0]LogConfig: Setting CVar [[r.RenderTargetPoolMin:400]]
[2021.12.27-17.25.25:832][  0]LogConfig: Setting CVar [[r.LensFlareQuality:2]]
[2021.12.27-17.25.25:832][  0]LogConfig: Setting CVar [[r.SceneColorFringeQuality:1]]
[2021.12.27-17.25.25:832][  0]LogConfig: Setting CVar [[r.EyeAdaptationQuality:2]]
[2021.12.27-17.25.25:832][  0]LogConfig: Setting CVar [[r.BloomQuality:5]]
[2021.12.27-17.25.25:832][  0]LogConfig: Setting CVar [[r.FastBlurThreshold:100]]
[2021.12.27-17.25.25:832][  0]LogConfig: Setting CVar [[r.Upscale.Quality:3]]
[2021.12.27-17.25.25:832][  0]LogConfig: Setting CVar [[r.Tonemapper.GrainQuantization:1]]
[2021.12.27-17.25.25:832][  0]LogConfig: Setting CVar [[r.LightShaftQuality:1]]
[2021.12.27-17.25.25:832][  0]LogConfig: Setting CVar [[r.Filter.SizeScale:1]]
[2021.12.27-17.25.25:832][  0]LogConfig: Setting CVar [[r.Tonemapper.Quality:5]]
[2021.12.27-17.25.25:832][  0]LogConfig: Setting CVar [[r.DOF.Gather.AccumulatorQuality:1        ; higher gathering accumulator quality]]
[2021.12.27-17.25.25:832][  0]LogConfig: Setting CVar [[r.DOF.Gather.PostfilterMethod:1          ; Median3x3 postfilering method]]
[2021.12.27-17.25.25:832][  0]LogConfig: Setting CVar [[r.DOF.Gather.EnableBokehSettings:0       ; no bokeh simulation when gathering]]
[2021.12.27-17.25.25:832][  0]LogConfig: Setting CVar [[r.DOF.Gather.RingCount:4                 ; medium number of samples when gathering]]
[2021.12.27-17.25.25:832][  0]LogConfig: Setting CVar [[r.DOF.Scatter.ForegroundCompositing:1    ; additive foreground scattering]]
[2021.12.27-17.25.25:832][  0]LogConfig: Setting CVar [[r.DOF.Scatter.BackgroundCompositing:2    ; additive background scattering]]
[2021.12.27-17.25.25:832][  0]LogConfig: Setting CVar [[r.DOF.Scatter.EnableBokehSettings:1      ; bokeh simulation when scattering]]
[2021.12.27-17.25.25:832][  0]LogConfig: Setting CVar [[r.DOF.Scatter.MaxSpriteRatio:0.1         ; only a maximum of 10% of scattered bokeh]]
[2021.12.27-17.25.25:832][  0]LogConfig: Setting CVar [[r.DOF.Recombine.Quality:1                ; cheap slight out of focus]]
[2021.12.27-17.25.25:832][  0]LogConfig: Setting CVar [[r.DOF.Recombine.EnableBokehSettings:0    ; no bokeh simulation on slight out of focus]]
[2021.12.27-17.25.25:832][  0]LogConfig: Setting CVar [[r.DOF.TemporalAAQuality:1                ; more stable temporal accumulation]]
[2021.12.27-17.25.25:832][  0]LogConfig: Setting CVar [[r.DOF.Kernel.MaxForegroundRadius:0.025]]
[2021.12.27-17.25.25:832][  0]LogConfig: Setting CVar [[r.DOF.Kernel.MaxBackgroundRadius:0.025]]
[2021.12.27-17.25.25:832][  0]LogConfig: Applying CVar settings from Section [TextureQuality@3] File [E:/Unreal Projects/Dungeoner/Saved/Config/Windows/Scalability.ini]
[2021.12.27-17.25.25:832][  0]LogConfig: Setting CVar [[r.Streaming.MipBias:0]]
[2021.12.27-17.25.25:832][  0]LogConfig: Setting CVar [[r.Streaming.AmortizeCPUToGPUCopy:0]]
[2021.12.27-17.25.25:832][  0]LogConfig: Setting CVar [[r.Streaming.MaxNumTexturesToStreamPerFrame:0]]
[2021.12.27-17.25.25:832][  0]LogConfig: Setting CVar [[r.Streaming.Boost:1]]
[2021.12.27-17.25.25:832][  0]LogConfig: Setting CVar [[r.MaxAnisotropy:8]]
[2021.12.27-17.25.25:832][  0]LogConfig: Setting CVar [[r.VT.MaxAnisotropy:8]]
[2021.12.27-17.25.25:832][  0]LogConfig: Setting CVar [[r.Streaming.LimitPoolSizeToVRAM:0]]
[2021.12.27-17.25.25:832][  0]LogConfig: Setting CVar [[r.Streaming.PoolSize:1000]]
[2021.12.27-17.25.25:832][  0]LogConfig: Setting CVar [[r.Streaming.MaxEffectiveScreenSize:0]]
[2021.12.27-17.25.25:832][  0]LogConfig: Applying CVar settings from Section [EffectsQuality@3] File [E:/Unreal Projects/Dungeoner/Saved/Config/Windows/Scalability.ini]
[2021.12.27-17.25.25:832][  0]LogConfig: Setting CVar [[r.TranslucencyLightingVolumeDim:64]]
[2021.12.27-17.25.25:832][  0]LogConfig: Setting CVar [[r.RefractionQuality:2]]
[2021.12.27-17.25.25:832][  0]LogConfig: Setting CVar [[r.SSR.Quality:3]]
[2021.12.27-17.25.25:832][  0]LogConfig: Setting CVar [[r.SSR.HalfResSceneColor:0]]
[2021.12.27-17.25.25:832][  0]LogConfig: Setting CVar [[r.SceneColorFormat:4]]
[2021.12.27-17.25.25:832][  0]LogConfig: Setting CVar [[r.DetailMode:2]]
[2021.12.27-17.25.25:832][  0]LogConfig: Setting CVar [[r.TranslucencyVolumeBlur:1]]
[2021.12.27-17.25.25:832][  0]LogConfig: Setting CVar [[r.MaterialQualityLevel:1 ; High quality]]
[2021.12.27-17.25.25:832][  0]LogConfig: Setting CVar [[r.AnisotropicMaterials:1]]
[2021.12.27-17.25.25:832][  0]LogConfig: Setting CVar [[r.SSS.Scale:1]]
[2021.12.27-17.25.25:832][  0]LogConfig: Setting CVar [[r.SSS.SampleSet:2]]
[2021.12.27-17.25.25:832][  0]LogConfig: Setting CVar [[r.SSS.Quality:1]]
[2021.12.27-17.25.25:832][  0]LogConfig: Setting CVar [[r.SSS.HalfRes:0]]
[2021.12.27-17.25.25:832][  0]LogConfig: Setting CVar [[r.SSGI.Quality:3]]
[2021.12.27-17.25.25:832][  0]LogConfig: Setting CVar [[r.EmitterSpawnRateScale:1.0]]
[2021.12.27-17.25.25:832][  0]LogConfig: Setting CVar [[r.ParticleLightQuality:2]]
[2021.12.27-17.25.25:832][  0]LogConfig: Setting CVar [[r.SkyAtmosphere.AerialPerspectiveLUT.FastApplyOnOpaque:1 ; Always have FastSkyLUT 1 in this case to avoid wrong sky]]
[2021.12.27-17.25.25:833][  0]LogConfig: Setting CVar [[r.SkyAtmosphere.AerialPerspectiveLUT.SampleCountMaxPerSlice:4]]
[2021.12.27-17.25.25:833][  0]LogConfig: Setting CVar [[r.SkyAtmosphere.AerialPerspectiveLUT.DepthResolution:16.0]]
[2021.12.27-17.25.25:833][  0]LogConfig: Setting CVar [[r.SkyAtmosphere.FastSkyLUT:1]]
[2021.12.27-17.25.25:833][  0]LogConfig: Setting CVar [[r.SkyAtmosphere.FastSkyLUT.SampleCountMin:4.0]]
[2021.12.27-17.25.25:833][  0]LogConfig: Setting CVar [[r.SkyAtmosphere.FastSkyLUT.SampleCountMax:128.0]]
[2021.12.27-17.25.25:833][  0]LogConfig: Setting CVar [[r.SkyAtmosphere.SampleCountMin:4.0]]
[2021.12.27-17.25.25:833][  0]LogConfig: Setting CVar [[r.SkyAtmosphere.SampleCountMax:128.0]]
[2021.12.27-17.25.25:833][  0]LogConfig: Setting CVar [[r.SkyAtmosphere.TransmittanceLUT.UseSmallFormat:0]]
[2021.12.27-17.25.25:833][  0]LogConfig: Setting CVar [[r.SkyAtmosphere.TransmittanceLUT.SampleCount:10.0]]
[2021.12.27-17.25.25:833][  0]LogConfig: Setting CVar [[r.SkyAtmosphere.MultiScatteringLUT.SampleCount:15.0]]
[2021.12.27-17.25.25:833][  0]LogConfig: Setting CVar [[r.SkyLight.RealTimeReflectionCapture:1]]
[2021.12.27-17.25.25:833][  0]LogConfig: Applying CVar settings from Section [FoliageQuality@3] File [E:/Unreal Projects/Dungeoner/Saved/Config/Windows/Scalability.ini]
[2021.12.27-17.25.25:833][  0]LogConfig: Setting CVar [[foliage.DensityScale:1.0]]
[2021.12.27-17.25.25:833][  0]LogConfig: Setting CVar [[grass.DensityScale:1.0]]
[2021.12.27-17.25.25:833][  0]LogConfig: Applying CVar settings from Section [ShadingQuality@3] File [E:/Unreal Projects/Dungeoner/Saved/Config/Windows/Scalability.ini]
[2021.12.27-17.25.25:833][  0]LogConfig: Setting CVar [[r.HairStrands.SkyLighting.IntegrationType:2]]
[2021.12.27-17.25.25:833][  0]LogConfig: Setting CVar [[r.HairStrands.SkyAO.SampleCount:4]]
[2021.12.27-17.25.25:833][  0]LogConfig: Setting CVar [[r.HairStrands.Visibility.MSAA.SamplePerPixel:4]]
[2021.12.27-17.25.25:833][  0]LogInit: Selected Device Profile: [Windows]
[2021.12.27-17.25.25:833][  0]LogInit: Applying CVar settings loaded from the selected device profile: [Windows]
[2021.12.27-17.25.25:833][  0]LogHAL: Display: Platform has ~ 8 GB [8569896960 / 8589934592 / 8], which maps to Default [LargestMinGB=32, LargerMinGB=12, DefaultMinGB=8, SmallerMinGB=6, SmallestMinGB=0)
[2021.12.27-17.25.25:833][  0]LogInit: Going up to parent DeviceProfile []
[2021.12.27-17.25.25:833][  0]LogConfig: Applying CVar settings from Section [ViewDistanceQuality@3] File [E:/Unreal Projects/Dungeoner/Saved/Config/Windows/Scalability.ini]
[2021.12.27-17.25.25:833][  0]LogConfig: Setting CVar [[r.SkeletalMeshLODBias:0]]
[2021.12.27-17.25.25:833][  0]LogConfig: Setting CVar [[r.ViewDistanceScale:1.0]]
[2021.12.27-17.25.25:833][  0]LogConfig: Applying CVar settings from Section [AntiAliasingQuality@3] File [E:/Unreal Projects/Dungeoner/Saved/Config/Windows/Scalability.ini]
[2021.12.27-17.25.25:833][  0]LogConfig: Setting CVar [[r.PostProcessAAQuality:4]]
[2021.12.27-17.25.25:833][  0]LogConfig: Applying CVar settings from Section [ShadowQuality@3] File [E:/Unreal Projects/Dungeoner/Saved/Config/Windows/Scalability.ini]
[2021.12.27-17.25.25:833][  0]LogConfig: Setting CVar [[r.LightFunctionQuality:1]]
[2021.12.27-17.25.25:833][  0]LogConfig: Setting CVar [[r.ShadowQuality:5]]
[2021.12.27-17.25.25:833][  0]LogConfig: Setting CVar [[r.Shadow.CSM.MaxCascades:10]]
[2021.12.27-17.25.25:833][  0]LogConfig: Setting CVar [[r.Shadow.MaxResolution:2048]]
[2021.12.27-17.25.25:833][  0]LogConfig: Setting CVar [[r.Shadow.MaxCSMResolution:2048]]
[2021.12.27-17.25.25:833][  0]LogConfig: Setting CVar [[r.Shadow.RadiusThreshold:0.01]]
[2021.12.27-17.25.25:833][  0]LogConfig: Setting CVar [[r.Shadow.DistanceScale:1.0]]
[2021.12.27-17.25.25:833][  0]LogConfig: Setting CVar [[r.Shadow.CSM.TransitionScale:1.0]]
[2021.12.27-17.25.25:833][  0]LogConfig: Setting CVar [[r.Shadow.PreShadowResolutionFactor:1.0]]
[2021.12.27-17.25.25:833][  0]LogConfig: Setting CVar [[r.DistanceFieldShadowing:1]]
[2021.12.27-17.25.25:833][  0]LogConfig: Setting CVar [[r.DistanceFieldAO:1]]
[2021.12.27-17.25.25:833][  0]LogConfig: Setting CVar [[r.AOQuality:2]]
[2021.12.27-17.25.25:833][  0]LogConfig: Setting CVar [[r.VolumetricFog:1]]
[2021.12.27-17.25.25:833][  0]LogConfig: Setting CVar [[r.VolumetricFog.GridPixelSize:8]]
[2021.12.27-17.25.25:833][  0]LogConfig: Setting CVar [[r.VolumetricFog.GridSizeZ:128]]
[2021.12.27-17.25.25:833][  0]LogConfig: Setting CVar [[r.VolumetricFog.HistoryMissSupersampleCount:4]]
[2021.12.27-17.25.25:833][  0]LogConfig: Setting CVar [[r.LightMaxDrawDistanceScale:1]]
[2021.12.27-17.25.25:833][  0]LogConfig: Setting CVar [[r.CapsuleShadows:1]]
[2021.12.27-17.25.25:833][  0]LogConfig: Applying CVar settings from Section [PostProcessQuality@3] File [E:/Unreal Projects/Dungeoner/Saved/Config/Windows/Scalability.ini]
[2021.12.27-17.25.25:833][  0]LogConfig: Setting CVar [[r.MotionBlurQuality:4]]
[2021.12.27-17.25.25:833][  0]LogConfig: Setting CVar [[r.AmbientOcclusionMipLevelFactor:0.4]]
[2021.12.27-17.25.25:833][  0]LogConfig: Setting CVar [[r.AmbientOcclusionMaxQuality:100]]
[2021.12.27-17.25.25:833][  0]LogConfig: Setting CVar [[r.AmbientOcclusionLevels:-1]]
[2021.12.27-17.25.25:833][  0]LogConfig: Setting CVar [[r.AmbientOcclusionRadiusScale:1.0]]
[2021.12.27-17.25.25:834][  0]LogConfig: Setting CVar [[r.DepthOfFieldQuality:2]]
[2021.12.27-17.25.25:834][  0]LogConfig: Setting CVar [[r.RenderTargetPoolMin:400]]
[2021.12.27-17.25.25:834][  0]LogConfig: Setting CVar [[r.LensFlareQuality:2]]
[2021.12.27-17.25.25:834][  0]LogConfig: Setting CVar [[r.SceneColorFringeQuality:1]]
[2021.12.27-17.25.25:834][  0]LogConfig: Setting CVar [[r.EyeAdaptationQuality:2]]
[2021.12.27-17.25.25:834][  0]LogConfig: Setting CVar [[r.BloomQuality:5]]
[2021.12.27-17.25.25:834][  0]LogConfig: Setting CVar [[r.FastBlurThreshold:100]]
[2021.12.27-17.25.25:834][  0]LogConfig: Setting CVar [[r.Upscale.Quality:3]]
[2021.12.27-17.25.25:834][  0]LogConfig: Setting CVar [[r.Tonemapper.GrainQuantization:1]]
[2021.12.27-17.25.25:834][  0]LogConfig: Setting CVar [[r.LightShaftQuality:1]]
[2021.12.27-17.25.25:834][  0]LogConfig: Setting CVar [[r.Filter.SizeScale:1]]
[2021.12.27-17.25.25:834][  0]LogConfig: Setting CVar [[r.Tonemapper.Quality:5]]
[2021.12.27-17.25.25:834][  0]LogConfig: Setting CVar [[r.DOF.Gather.AccumulatorQuality:1        ; higher gathering accumulator quality]]
[2021.12.27-17.25.25:834][  0]LogConfig: Setting CVar [[r.DOF.Gather.PostfilterMethod:1          ; Median3x3 postfilering method]]
[2021.12.27-17.25.25:834][  0]LogConfig: Setting CVar [[r.DOF.Gather.EnableBokehSettings:0       ; no bokeh simulation when gathering]]
[2021.12.27-17.25.25:834][  0]LogConfig: Setting CVar [[r.DOF.Gather.RingCount:4                 ; medium number of samples when gathering]]
[2021.12.27-17.25.25:834][  0]LogConfig: Setting CVar [[r.DOF.Scatter.ForegroundCompositing:1    ; additive foreground scattering]]
[2021.12.27-17.25.25:834][  0]LogConfig: Setting CVar [[r.DOF.Scatter.BackgroundCompositing:2    ; additive background scattering]]
[2021.12.27-17.25.25:834][  0]LogConfig: Setting CVar [[r.DOF.Scatter.EnableBokehSettings:1      ; bokeh simulation when scattering]]
[2021.12.27-17.25.25:834][  0]LogConfig: Setting CVar [[r.DOF.Scatter.MaxSpriteRatio:0.1         ; only a maximum of 10% of scattered bokeh]]
[2021.12.27-17.25.25:834][  0]LogConfig: Setting CVar [[r.DOF.Recombine.Quality:1                ; cheap slight out of focus]]
[2021.12.27-17.25.25:834][  0]LogConfig: Setting CVar [[r.DOF.Recombine.EnableBokehSettings:0    ; no bokeh simulation on slight out of focus]]
[2021.12.27-17.25.25:834][  0]LogConfig: Setting CVar [[r.DOF.TemporalAAQuality:1                ; more stable temporal accumulation]]
[2021.12.27-17.25.25:834][  0]LogConfig: Setting CVar [[r.DOF.Kernel.MaxForegroundRadius:0.025]]
[2021.12.27-17.25.25:834][  0]LogConfig: Setting CVar [[r.DOF.Kernel.MaxBackgroundRadius:0.025]]
[2021.12.27-17.25.25:834][  0]LogConfig: Applying CVar settings from Section [TextureQuality@3] File [E:/Unreal Projects/Dungeoner/Saved/Config/Windows/Scalability.ini]
[2021.12.27-17.25.25:834][  0]LogConfig: Setting CVar [[r.Streaming.MipBias:0]]
[2021.12.27-17.25.25:834][  0]LogConfig: Setting CVar [[r.Streaming.AmortizeCPUToGPUCopy:0]]
[2021.12.27-17.25.25:834][  0]LogConfig: Setting CVar [[r.Streaming.MaxNumTexturesToStreamPerFrame:0]]
[2021.12.27-17.25.25:834][  0]LogConfig: Setting CVar [[r.Streaming.Boost:1]]
[2021.12.27-17.25.25:834][  0]LogConfig: Setting CVar [[r.MaxAnisotropy:8]]
[2021.12.27-17.25.25:834][  0]LogConfig: Setting CVar [[r.VT.MaxAnisotropy:8]]
[2021.12.27-17.25.25:834][  0]LogConfig: Setting CVar [[r.Streaming.LimitPoolSizeToVRAM:0]]
[2021.12.27-17.25.25:834][  0]LogConfig: Setting CVar [[r.Streaming.PoolSize:1000]]
[2021.12.27-17.25.25:834][  0]LogConfig: Setting CVar [[r.Streaming.MaxEffectiveScreenSize:0]]
[2021.12.27-17.25.25:834][  0]LogConfig: Applying CVar settings from Section [EffectsQuality@3] File [E:/Unreal Projects/Dungeoner/Saved/Config/Windows/Scalability.ini]
[2021.12.27-17.25.25:834][  0]LogConfig: Setting CVar [[r.TranslucencyLightingVolumeDim:64]]
[2021.12.27-17.25.25:834][  0]LogConfig: Setting CVar [[r.RefractionQuality:2]]
[2021.12.27-17.25.25:834][  0]LogConfig: Setting CVar [[r.SSR.Quality:3]]
[2021.12.27-17.25.25:834][  0]LogConfig: Setting CVar [[r.SSR.HalfResSceneColor:0]]
[2021.12.27-17.25.25:834][  0]LogConfig: Setting CVar [[r.SceneColorFormat:4]]
[2021.12.27-17.25.25:834][  0]LogConfig: Setting CVar [[r.DetailMode:2]]
[2021.12.27-17.25.25:834][  0]LogConfig: Setting CVar [[r.TranslucencyVolumeBlur:1]]
[2021.12.27-17.25.25:834][  0]LogConfig: Setting CVar [[r.MaterialQualityLevel:1 ; High quality]]
[2021.12.27-17.25.25:834][  0]LogConfig: Setting CVar [[r.AnisotropicMaterials:1]]
[2021.12.27-17.25.25:834][  0]LogConfig: Setting CVar [[r.SSS.Scale:1]]
[2021.12.27-17.25.25:834][  0]LogConfig: Setting CVar [[r.SSS.SampleSet:2]]
[2021.12.27-17.25.25:834][  0]LogConfig: Setting CVar [[r.SSS.Quality:1]]
[2021.12.27-17.25.25:834][  0]LogConfig: Setting CVar [[r.SSS.HalfRes:0]]
[2021.12.27-17.25.25:834][  0]LogConfig: Setting CVar [[r.SSGI.Quality:3]]
[2021.12.27-17.25.25:834][  0]LogConfig: Setting CVar [[r.EmitterSpawnRateScale:1.0]]
[2021.12.27-17.25.25:834][  0]LogConfig: Setting CVar [[r.ParticleLightQuality:2]]
[2021.12.27-17.25.25:834][  0]LogConfig: Setting CVar [[r.SkyAtmosphere.AerialPerspectiveLUT.FastApplyOnOpaque:1 ; Always have FastSkyLUT 1 in this case to avoid wrong sky]]
[2021.12.27-17.25.25:834][  0]LogConfig: Setting CVar [[r.SkyAtmosphere.AerialPerspectiveLUT.SampleCountMaxPerSlice:4]]
[2021.12.27-17.25.25:834][  0]LogConfig: Setting CVar [[r.SkyAtmosphere.AerialPerspectiveLUT.DepthResolution:16.0]]
[2021.12.27-17.25.25:834][  0]LogConfig: Setting CVar [[r.SkyAtmosphere.FastSkyLUT:1]]
[2021.12.27-17.25.25:834][  0]LogConfig: Setting CVar [[r.SkyAtmosphere.FastSkyLUT.SampleCountMin:4.0]]
[2021.12.27-17.25.25:834][  0]LogConfig: Setting CVar [[r.SkyAtmosphere.FastSkyLUT.SampleCountMax:128.0]]
[2021.12.27-17.25.25:834][  0]LogConfig: Setting CVar [[r.SkyAtmosphere.SampleCountMin:4.0]]
[2021.12.27-17.25.25:834][  0]LogConfig: Setting CVar [[r.SkyAtmosphere.SampleCountMax:128.0]]
[2021.12.27-17.25.25:834][  0]LogConfig: Setting CVar [[r.SkyAtmosphere.TransmittanceLUT.UseSmallFormat:0]]
[2021.12.27-17.25.25:835][  0]LogConfig: Setting CVar [[r.SkyAtmosphere.TransmittanceLUT.SampleCount:10.0]]
[2021.12.27-17.25.25:835][  0]LogConfig: Setting CVar [[r.SkyAtmosphere.MultiScatteringLUT.SampleCount:15.0]]
[2021.12.27-17.25.25:835][  0]LogConfig: Setting CVar [[r.SkyLight.RealTimeReflectionCapture:1]]
[2021.12.27-17.25.25:835][  0]LogConfig: Applying CVar settings from Section [FoliageQuality@3] File [E:/Unreal Projects/Dungeoner/Saved/Config/Windows/Scalability.ini]
[2021.12.27-17.25.25:835][  0]LogConfig: Setting CVar [[foliage.DensityScale:1.0]]
[2021.12.27-17.25.25:835][  0]LogConfig: Setting CVar [[grass.DensityScale:1.0]]
[2021.12.27-17.25.25:835][  0]LogConfig: Applying CVar settings from Section [ShadingQuality@3] File [E:/Unreal Projects/Dungeoner/Saved/Config/Windows/Scalability.ini]
[2021.12.27-17.25.25:835][  0]LogConfig: Setting CVar [[r.HairStrands.SkyLighting.IntegrationType:2]]
[2021.12.27-17.25.25:835][  0]LogConfig: Setting CVar [[r.HairStrands.SkyAO.SampleCount:4]]
[2021.12.27-17.25.25:835][  0]LogConfig: Setting CVar [[r.HairStrands.Visibility.MSAA.SamplePerPixel:4]]
[2021.12.27-17.25.25:835][  0]LogConfig: Applying CVar settings from Section [Startup] File [../../../Engine/Config/ConsoleVariables.ini]
[2021.12.27-17.25.25:835][  0]LogConfig: Setting CVar [[net.UseAdaptiveNetUpdateFrequency:0]]
[2021.12.27-17.25.25:835][  0]LogConfig: Setting CVar [[p.chaos.AllowCreatePhysxBodies:1]]
[2021.12.27-17.25.25:835][  0]LogConfig: Setting CVar [[fx.SkipVectorVMBackendOptimizations:1]]
[2021.12.27-17.25.25:835][  0]LogConfig: Applying CVar settings from Section [ConsoleVariables] File [E:/Unreal Projects/Dungeoner/Saved/Config/Windows/Engine.ini]
[2021.12.27-17.25.25:835][  0]LogConfig: Applying CVar settings from Section [ConsoleVariables] File [E:/Unreal Projects/Dungeoner/Saved/Config/Windows/Editor.ini]
[2021.12.27-17.25.25:835][  0]LogInit: Computer: HOME-PC
[2021.12.27-17.25.25:835][  0]LogInit: User: Denis
[2021.12.27-17.25.25:835][  0]LogInit: CPU Page size=4096, Cores=4
[2021.12.27-17.25.25:835][  0]LogInit: High frequency timer resolution =10.000000 MHz
[2021.12.27-17.25.25:835][  0]LogMemory: Memory total: Physical=8.0GB (8GB approx)
[2021.12.27-17.25.25:835][  0]LogMemory: Platform Memory Stats for Windows
[2021.12.27-17.25.25:835][  0]LogMemory: Process Physical Memory: 140.66 MB used, 140.66 MB peak
[2021.12.27-17.25.25:835][  0]LogMemory: Process Virtual Memory: 113.19 MB used, 113.19 MB peak
[2021.12.27-17.25.25:835][  0]LogMemory: Physical Memory: 6614.47 MB used,  1558.42 MB free, 8172.89 MB total
[2021.12.27-17.25.25:835][  0]LogMemory: Virtual Memory: 134208288.00 MB used,  9441.57 MB free, 134217728.00 MB total
[2021.12.27-17.25.25:844][  0]LogWindows: WindowsPlatformFeatures enabled
[2021.12.27-17.25.25:871][  0]LogInit: Physics initialised using underlying interface: PhysX
[2021.12.27-17.25.25:871][  0]LogInit: Using OS detected language (ru-RU).
[2021.12.27-17.25.25:871][  0]LogInit: Using OS detected locale (ru-RU).
[2021.12.27-17.25.25:873][  0]LogTextLocalizationManager: No specific localization for 'ru-RU' exists, so the 'ru' localization will be used.
[2021.12.27-17.25.25:875][  0]LogTextLocalizationResource: LocRes '../../../Engine/Content/Localization/Editor/ru/Editor.locres' could not be opened for reading!
[2021.12.27-17.25.25:875][  0]LogTextLocalizationResource: LocRes '../../../Engine/Content/Localization/EditorTutorials/ru/EditorTutorials.locres' could not be opened for reading!
[2021.12.27-17.25.25:875][  0]LogTextLocalizationResource: LocRes '../../../Engine/Content/Localization/Keywords/ru/Keywords.locres' could not be opened for reading!
[2021.12.27-17.25.25:875][  0]LogTextLocalizationResource: LocRes '../../../Engine/Content/Localization/Category/ru/Category.locres' could not be opened for reading!
[2021.12.27-17.25.25:875][  0]LogTextLocalizationResource: LocRes '../../../Engine/Content/Localization/ToolTips/ru/ToolTips.locres' could not be opened for reading!
[2021.12.27-17.25.25:875][  0]LogTextLocalizationResource: LocRes '../../../Engine/Content/Localization/PropertyNames/ru/PropertyNames.locres' could not be opened for reading!
[2021.12.27-17.25.25:876][  0]LogTextLocalizationResource: LocRes '../../../Engine/Content/Localization/Engine/ru/Engine.locres' could not be opened for reading!
[2021.12.27-17.25.25:887][  0]LogWindowsTextInputMethodSystem: Display: IME system deactivated.
[2021.12.27-17.25.25:933][  0]LogSlate: New Slate User Created.  User Index 0, Is Virtual User: 0
[2021.12.27-17.25.25:933][  0]LogSlate: Slate User Registered.  User Index 0, Is Virtual User: 0
[2021.12.27-17.25.25:949][  0]LogD3D11RHI: Loaded GFSDK_Aftermath_Lib.x64.dll
[2021.12.27-17.25.26:072][  0]LogHMD: Failed to initialize OpenVR with code 110
[2021.12.27-17.25.26:072][  0]LogD3D11RHI: D3D11 min allowed feature level: 11_0
[2021.12.27-17.25.26:072][  0]LogD3D11RHI: D3D11 max allowed feature level: 11_0
[2021.12.27-17.25.26:072][  0]LogD3D11RHI: D3D11 adapters:
[2021.12.27-17.25.26:132][  0]LogD3D11RHI:    0. 'NVIDIA GeForce GTX 550 Ti' (Feature Level 11_0)
[2021.12.27-17.25.26:133][  0]LogD3D11RHI:       959/0/4086 MB DedicatedVideo/DedicatedSystem/SharedSystem, Outputs:1, VendorId:0x10de
[2021.12.27-17.25.26:135][  0]LogD3D11RHI:    1. 'Microsoft Basic Render Driver' (Feature Level 11_0)
[2021.12.27-17.25.26:135][  0]LogD3D11RHI:       0/0/4086 MB DedicatedVideo/DedicatedSystem/SharedSystem, Outputs:0, VendorId:0x1414
[2021.12.27-17.25.26:135][  0]LogD3D11RHI: Chosen D3D11 Adapter:
[2021.12.27-17.25.26:135][  0]LogD3D11RHI:     Description : NVIDIA GeForce GTX 550 Ti
[2021.12.27-17.25.26:135][  0]LogD3D11RHI:     VendorId    : 10de
[2021.12.27-17.25.26:135][  0]LogD3D11RHI:     DeviceId    : 1244
[2021.12.27-17.25.26:135][  0]LogD3D11RHI:     SubSysId    : 0000
[2021.12.27-17.25.26:135][  0]LogD3D11RHI:     Revision    : 00a1
[2021.12.27-17.25.26:135][  0]LogD3D11RHI:     DedicatedVideoMemory : 1005780992 bytes
[2021.12.27-17.25.26:135][  0]LogD3D11RHI:     DedicatedSystemMemory : 0 bytes
[2021.12.27-17.25.26:135][  0]LogD3D11RHI:     SharedSystemMemory : 4284948480 bytes
[2021.12.27-17.25.26:135][  0]LogD3D11RHI:     AdapterLuid : 0 38711
[2021.12.27-17.25.26:140][  0]LogD3D11RHI: Creating new Direct3DDevice
[2021.12.27-17.25.26:140][  0]LogD3D11RHI:     GPU DeviceId: 0x1244 (for the marketing name, search the web for "GPU Device Id")
[2021.12.27-17.25.26:140][  0]LogWindows: EnumDisplayDevices:
[2021.12.27-17.25.26:140][  0]LogWindows:    0. 'NVIDIA GeForce GTX 550 Ti' (P:1 D:1)
[2021.12.27-17.25.26:140][  0]LogWindows:    1. 'NVIDIA GeForce GTX 550 Ti' (P:0 D:0)
[2021.12.27-17.25.26:141][  0]LogWindows: DebugString: FoundDriverCount:2 
[2021.12.27-17.25.26:141][  0]LogD3D11RHI:     Adapter Name: NVIDIA GeForce GTX 550 Ti
[2021.12.27-17.25.26:141][  0]LogD3D11RHI:   Driver Version: 391.35 (internal:23.21.13.9135, unified:391.35)
[2021.12.27-17.25.26:141][  0]LogD3D11RHI:      Driver Date: 3-23-2018
[2021.12.27-17.25.26:141][  0]LogRHI: Texture pool is 671 MB (70% of 959 MB)
[2021.12.27-17.25.26:141][  0]LogD3D11RHI: Creating D3DDevice using adapter:
[2021.12.27-17.25.26:141][  0]LogD3D11RHI:     Description : NVIDIA GeForce GTX 550 Ti
[2021.12.27-17.25.26:141][  0]LogD3D11RHI:     VendorId    : 10de
[2021.12.27-17.25.26:141][  0]LogD3D11RHI:     DeviceId    : 1244
[2021.12.27-17.25.26:141][  0]LogD3D11RHI:     SubSysId    : 0000
[2021.12.27-17.25.26:141][  0]LogD3D11RHI:     Revision    : 00a1
[2021.12.27-17.25.26:141][  0]LogD3D11RHI:     DedicatedVideoMemory : 1005780992 bytes
[2021.12.27-17.25.26:141][  0]LogD3D11RHI:     DedicatedSystemMemory : 0 bytes
[2021.12.27-17.25.26:141][  0]LogD3D11RHI:     SharedSystemMemory : 4284948480 bytes
[2021.12.27-17.25.26:141][  0]LogD3D11RHI:     AdapterLuid : 0 38711
[2021.12.27-17.25.26:188][  0]LogD3D11RHI: Display: Timestamp queries are currently disabled on this hardware due to instability. Realtime GPU stats will not be available. You can override this behaviour by setting r.NVIDIATimestampWorkaround to 0
[2021.12.27-17.25.26:188][  0]LogD3D11RHI: RHI does not have support for 64 bit atomics
[2021.12.27-17.25.26:188][  0]LogD3D11RHI: Async texture creation enabled
[2021.12.27-17.25.26:209][  0]LogD3D11RHI: GPU Timing Frequency: 1000.000000 (Debug: 2 2)
[2021.12.27-17.25.26:259][  0]LogRHI: GeForceNow SDK initialized: 1
[2021.12.27-17.25.27:248][  0]LogTargetPlatformManager: Display: Loaded TargetPlatform 'WindowsNoEditor'
[2021.12.27-17.25.27:253][  0]LogTargetPlatformManager: Display: Loaded TargetPlatform 'Windows'
[2021.12.27-17.25.27:258][  0]LogTargetPlatformManager: Display: Loaded TargetPlatform 'WindowsClient'
[2021.12.27-17.25.27:264][  0]LogTargetPlatformManager: Display: Loaded TargetPlatform 'WindowsServer'
[2021.12.27-17.25.27:264][  0]LogTargetPlatformManager: Display: Building Assets For Windows
[2021.12.27-17.25.27:272][  0]LogAudioDebug: Display: Lib vorbis DLL was dynamically loaded.
[2021.12.27-17.25.27:305][  0]LogTextureFormatOodle: Display: Oodle Texture 2.9.0 init RDO Off
[2021.12.27-17.25.27:342][  0]LogRendererCore: Ray tracing is disabled. Reason: r.RayTracing=0.
[2021.12.27-17.25.27:342][  0]LogShaderCompilers: Guid format shader working directory is 9 characters bigger than the processId version (../../../../Unreal Projects/Dungeoner/Intermediate/Shaders/WorkingDirectory/9700/).
[2021.12.27-17.25.27:342][  0]LogShaderCompilers: Cleaned the shader compiler working directory 'C:/Users/Denis/AppData/Local/Temp/UnrealShaderWorkingDir/958FF13B4D0F10B270F3D5857BADEECF/'.
[2021.12.27-17.25.27:343][  0]LogShaderCompilers: Display: Using XGE Controller for Shader Compilation.
[2021.12.27-17.25.28:359][  0]LogDerivedDataCache: Display: Max Cache Size: 512 MB
[2021.12.27-17.25.28:444][  0]LogDerivedDataCache: Loaded boot cache 0.08s 94MB C:/Users/Denis/AppData/Local/UnrealEngine/4.27/DerivedDataCache/Boot.ddc.
[2021.12.27-17.25.28:444][  0]LogDerivedDataCache: Display: Loaded Boot cache: C:/Users/Denis/AppData/Local/UnrealEngine/4.27/DerivedDataCache/Boot.ddc
[2021.12.27-17.25.28:444][  0]LogDerivedDataCache: FDerivedDataBackendGraph:  Pak pak cache file ../../../../Unreal Projects/Dungeoner/DerivedDataCache/DDC.ddp not found, will not use a pak cache.
[2021.12.27-17.25.28:444][  0]LogDerivedDataCache: Unable to find inner node Pak for hierarchical cache Hierarchy.
[2021.12.27-17.25.28:444][  0]LogDerivedDataCache: FDerivedDataBackendGraph:  CompressedPak pak cache file ../../../../Unreal Projects/Dungeoner/DerivedDataCache/Compressed.ddp not found, will not use a pak cache.
[2021.12.27-17.25.28:444][  0]LogDerivedDataCache: Unable to find inner node CompressedPak for hierarchical cache Hierarchy.
[2021.12.27-17.25.28:468][  0]LogDerivedDataCache: Display: Pak cache opened for reading ../../../Engine/DerivedDataCache/Compressed.ddp.
[2021.12.27-17.25.28:468][  0]LogDerivedDataCache: FDerivedDataBackendGraph:  EnterprisePak pak cache file ../../../Enterprise/DerivedDataCache/Compressed.ddp not found, will not use a pak cache.
[2021.12.27-17.25.28:468][  0]LogDerivedDataCache: Unable to find inner node EnterprisePak for hierarchical cache Hierarchy.
[2021.12.27-17.25.28:474][  0]LogDerivedDataCache: Speed tests for C:/Users/Denis/AppData/Local/UnrealEngine/Common/DerivedDataCache took 0.01 seconds
[2021.12.27-17.25.28:474][  0]LogDerivedDataCache: Display: Performance to C:/Users/Denis/AppData/Local/UnrealEngine/Common/DerivedDataCache: Latency=0.03ms. RandomReadSpeed=1277.04MBs, RandomWriteSpeed=182.84MBs. Assigned SpeedClass 'Local'
[2021.12.27-17.25.28:475][  0]LogDerivedDataCache: Using Local data cache path C:/Users/Denis/AppData/Local/UnrealEngine/Common/DerivedDataCache: Writable
[2021.12.27-17.25.28:475][  0]LogDerivedDataCache: Shared data cache path not found in *engine.ini, will not use an Shared cache.
[2021.12.27-17.25.28:475][  0]LogDerivedDataCache: Unable to find inner node Shared for hierarchical cache Hierarchy.
[2021.12.27-17.25.28:564][  0]LogSlate: Using FreeType 2.10.0
[2021.12.27-17.25.28:565][  0]LogSlate: SlateFontServices - WITH_FREETYPE: 1, WITH_HARFBUZZ: 1
[2021.12.27-17.25.28:672][  0]LogInit: Using OS detected language (ru-RU).
[2021.12.27-17.25.28:672][  0]LogInit: Using OS detected locale (ru-RU).
[2021.12.27-17.25.28:672][  0]LogTextLocalizationManager: No localization for 'ru-RU' exists, so 'en' will be used for the language.
[2021.12.27-17.25.28:672][  0]LogTextLocalizationManager: No localization for 'ru-RU' exists, so 'en' will be used for the locale.
[2021.12.27-17.25.28:672][  0]LogSlate: FontCache flush requested. Reason: Culture for localization was changed
[2021.12.27-17.25.28:672][  0]LogSlate: FontCache flush requested. Reason: Culture for localization was changed
[2021.12.27-17.25.28:692][  0]LogAssetRegistry: FAssetRegistry took 0.0022 seconds to start up
[2021.12.27-17.25.28:973][  0]LogTextLocalizationManager: Compacting localization data took   0.01ms
[2021.12.27-17.25.28:973][  0]LogPackageLocalizationCache: Processed 27 localized package path(s) for 1 prioritized culture(s) in 0.011693 seconds
[2021.12.27-17.25.29:055][  0]LogInit: Selected Device Profile: [Windows]
[2021.12.27-17.25.29:055][  0]LogInit: Active device profile: [00000137A52DA900][00000137A041D0C0 49] Windows
[2021.12.27-17.25.29:055][  0]LogInit: Profiles: [00000137A52DA900][00000137A041D0C0 49] Windows, [00000137A5285900][00000137A0425240 49] WindowsNoEditor, [00000137A52D9900][00000137A1AFF3C0 49] WindowsServer, [00000137A5286900][00000137A0421500 49] WindowsClient, [00000137A52DAC00][00000137A1B03640 49] IOS, [00000137A5287F00][00000137A1B07780 49] iPadAir, [00000137A52DA600][00000137A1B0B8C0 49] iPadAir2, [00000137A5236C00][00000137A1B17B80 49] IPadPro, [00000137A5236D00][00000137A1B13BC0 49] iPadAir3, [00000137A52D9C00][00000137A1B1A1C0 49] iPadAir4, [00000137A5237300][00000137A1B1E340 49] iPadMini2, [00000137A52D9E00][00000137A1B224C0 49] iPadMini3, [00000137A5235600][00000137A1B26640 49] iPadMini4, [00000137A52DAE00][00000137A1B2A7C0 49] iPadMini5, [00000137A5272500][00000137A1B32A80 49] iPhone6, [00000137A5272600][00000137A1B2EAC0 49] iPodTouch6, [00000137A5235300][00000137A1B3AD80 49] iPhone7, [00000137A5235200][00000137A1B36DC0 49] iPodTouch7, [00000137A5272B00][00000137A1B3EF40 49] iPhone5S, [00000137A5234C00][00000137A1B430C0 49] iPhone6Plus, [00000137A5271600][00000137A1B47240 49] iPhone6S, [00000137A5236700][00000137A1B4B3C0 49] iPhone6SPlus, [00000137A5271400][00000137A1B4F540 49] iPhone7Plus, [00000137A5236600][00000137A1B536C0 49] iPhoneSE, [00000137A5272300][00000137A1B0F800 49] iPhone8, [00000137A5236F00][00000137A1B57940 49] iPhone8Plus, [00000137A5270100][00000137A1B5BA80 49] iPhoneX, [00000137A5236400][00000137A1B63C00 49] iPhoneXS, [00000137A5270200][00000137A1B66200 49] iPhoneXSMax, [00000137A5237200][00000137A1B6A380 49] iPhoneXR, [00000137A5272F00][00000137A1B6E500 49] iPhone11, [00000137A5237700][00000137A1B72680 49] iPhone11Pro, [00000137A5271000][00000137A1B76800 49] iPhone11ProMax, [00000137A5236A00][00000137A1B7A980 49] iPhoneSE2, [00000137A5273900][00000137A1B7EB00 49] iPhone12Mini, [00000137A5235B00][00000137A1B82C80 49] iPhone12, [00000137A5270C00][00000137A1B86E00 49] iPhone12Pro, [00000137A5237C00][00000137A1B8AF80 49] iPhone12ProMax, [00000137A5271B00][00000137A1B8F100 49] iPadPro105, [00000137A5235800][00000137A1B93280 49] iPadPro129, [00000137A5272C00][00000137A1B97400 49] iPadPro97, [00000137A5237A00][00000137A1B9B580 49] iPadPro2_129, [00000137A5272700][00000137A1B9F700 49] iPad5, [00000137A5236800][00000137A1BA3880 49] iPad6, [00000137A5273400][00000137A1B5F9C0 49] iPad7, [00000137A5235D00][00000137A1BA7B00 49] iPad8, [00000137A5271900][00000137A1BAA0C0 49] iPadPro11, [00000137A5237B00][000001379F8E4240 49] iPadPro2_11, [00000137A5272800][000001379F8E83C0 49] iPadPro3_129, [00000137A5286400][000001379F8EC540 49] iPadPro4_129, [00000137A530D500][000001379F8F06C0 49] AppleTV, [00000137A5287400][000001379F8F4840 49] AppleTV4K, [00000137A530C900][000001379F8F89C0 49] TVOS, [00000137A5287100][000001379F8FCB40 49] Mac, [00000137A530D000][000001379F900CC0 49] MacClient, [00000137A5286800][000001379F904E40 49] MacNoEditor, [00000137A530CB00][000001379F908FC0 49] MacServer, [00000137A5287C00][000001379F90D140 49] Linux, [00000137A530D200][000001379F9112C0 49] LinuxAArch64, [00000137A5286F00][000001379F915440 49] LinuxNoEditor, [00000137A530C500][000001379F9195C0 49] LinuxAArch64NoEditor, [00000137A5271800][000001379F91D740 49] LinuxClient, [00000137A5236200][000001379F9218C0 49] LinuxAArch64Client, [00000137A5270900][000001379F925A40 49] LinuxServer, [00000137A5234300][000001379F8E1B80 49] LinuxAArch64Server, [00000137A5270E00][000001379F928140 49] Android, [00000137A5236300][000001379F92C280 49] Android_Low, [00000137A5272000][000001379F9303C0 49] Android_Mid, [00000137A5236B00][000001379F938540 49] Android_High, [00000137A5271300][000001379F93C6C0 49] Android_Default, [00000137A5237600][000001379F940840 49] Android_Adreno4xx, [00000137A5270600][000001379F9449C0 49] Android_Adreno5xx_Low, [00000137A5237900][000001379F948B40 49] Android_Adreno5xx, [00000137A5273C00][000001379F94CCC0 49] Android_Adreno6xx, [00000137A5237400][000001379F950E40 49] Android_Adreno6xx_Vulkan, [00000137A5273500][000001379F954FC0 49] Android_Mali_T6xx, [00000137A5237100][000001379F959140 49] Android_Mali_T7xx, [00000137A5271D00][000001379F95D2C0 49] Android_Mali_T8xx, [00000137A5237E00][000001379F961440 49] Android_Mali_G71, [00000137A5273200][000001379F9655C0 49] Android_Mali_G72, [00000137A5237F00][000001379F969740 49] Android_Mali_G72_Vulkan, [00000137A5270800][000001379F96D8C0 49] Android_Mali_G76, [00000137A5234400][000001379F971A40 49] Android_Mali_G76_Vulkan, [00000137A5271700][000001379F975BC0 49] Android_Mali_G77, [00000137A5234100][000001379F934180 49] Android_Mali_G77_Vulkan, [00000137A530C600][000001379F9782C0 49] Android_Mali_G78, [00000137A5235500][000001379F97C400 49] Android_Mali_G78_Vulkan, [00000137A530CE00][000001379F980540 49] Android_Mali_G710, [00000137A5234900][000001379F9886C0 49] Android_Mali_G710_Vulkan, [00000137A530D100][000001379F98C840 49] Android_Vulkan_SM5, [00000137A5235900][000001379F9909C0 49] Android_PowerVR_G6xxx, [00000137A5272E00][000001379F994B40 49] Android_PowerVR_GT7xxx, [00000137A5235C00][000001379F998CC0 49] Android_PowerVR_GE8xxx, [00000137A5273800][000001379F99CE40 49] Android_PowerVR_GM9xxx, [00000137A5235F00][000001379F9A0FC0 49] Android_PowerVR_GM9xxx_Vulkan, [00000137A5273B00][000001379F9A5140 49] Android_TegraK1, [00000137A5236100][000001379F9A92C0 49] Android_Unknown_Vulkan, [00000137A5271C00][000001379F9AD440 49] Lumin, [00000137A5234500][000001379F9B15C0 49] Lumin_Desktop, [00000137A5272200][000001379F9B5740 49] HoloLens, 
[2021.12.27-17.25.29:109][  0]LogMeshReduction: Using QuadricMeshReduction for automatic static mesh reduction
[2021.12.27-17.25.29:109][  0]LogMeshReduction: Using SimplygonMeshReduction for automatic skeletal mesh reduction
[2021.12.27-17.25.29:109][  0]LogMeshReduction: Using ProxyLODMeshReduction for automatic mesh merging
[2021.12.27-17.25.29:109][  0]LogMeshReduction: No distributed automatic mesh merging module available
[2021.12.27-17.25.29:109][  0]LogMeshMerging: No distributed automatic mesh merging module available
[2021.12.27-17.25.29:261][  0]LogNetVersion: Dungeoner 1.0.0, NetCL: 17155196, EngineNetVer: 17, GameNetVer: 0 (Checksum: 1542495505)
[2021.12.27-17.25.29:577][  0]LogTexture: Default maximum texture size for cubemaps generated from long-lat sources has been changed from 512 to unlimited. In order to preserve old behaiour for '/Engine/MapTemplates/Sky/DaylightAmbientCubemap.DaylightAmbientCubemap', its maximum texture size has been explicitly set to 512.
[2021.12.27-17.25.29:652][  0]LogHMD: PokeAHoleMaterial loaded successfully
[2021.12.27-17.25.29:811][  0]LogMoviePlayer: Initializing movie player
[2021.12.27-17.25.29:934][  0]LogPython: Using Python 3.7.7
[2021.12.27-17.25.30:635][  0]LogNiagaraDebuggerClient: Niagara Debugger Client Initialized | Session: CF8D822F472300662E14B2BCF46DB4E9 | Instance: 16D318CA4A6DF50D1DD884921D30F851 (HOME-PC-9700).
[2021.12.27-17.25.30:662][  0]LogCollectionManager: Loaded 0 collections in 0.001067 seconds
[2021.12.27-17.25.30:664][  0]LogFileCache: Scanning file cache for directory 'E:/Unreal Projects/Dungeoner/Saved/Collections/' took 0.00s
[2021.12.27-17.25.30:664][  0]LogFileCache: Scanning file cache for directory 'E:/Unreal Projects/Dungeoner/Content/Developers/Denis/Collections/' took 0.00s
[2021.12.27-17.25.30:664][  0]LogFileCache: Scanning file cache for directory 'E:/Unreal Projects/Dungeoner/Content/Collections/' took 0.00s
[2021.12.27-17.25.30:664][  0]LogCollectionManager: Fixed up redirectors for 0 collections in 0.000002 seconds (updated 0 objects)
[2021.12.27-17.25.30:840][  0]LogUdpMessaging: Initializing bridge on interface 0.0.0.0:0 to multicast group 230.0.0.1:6666.
[2021.12.27-17.25.30:851][  0]LogTcpMessaging: Initializing TcpMessaging bridge
[2021.12.27-17.25.30:977][  0]SourceControl: Source control is disabled
[2021.12.27-17.25.30:977][  0]SourceControl: Source control is disabled
[2021.12.27-17.25.30:981][  0]SourceControl: Source control is disabled
[2021.12.27-17.25.30:984][  0]LogUProjectInfo: Found projects:
[2021.12.27-17.25.31:083][  0]LogOpenImageDenoise: OIDN starting up
[2021.12.27-17.25.31:127][  0]LogAndroidPermission: UAndroidPermissionCallbackProxy::GetInstance
[2021.12.27-17.25.31:152][  0]LogAudioCaptureCore: Display: No Audio Capture implementations found. Audio input will be silent.
[2021.12.27-17.25.31:152][  0]LogAudioCaptureCore: Display: No Audio Capture implementations found. Audio input will be silent.
[2021.12.27-17.25.31:248][  0]LogOcInput: OculusInput pre-init called
[2021.12.27-17.25.31:259][  0]LogUObjectArray: 22132 objects as part of root set at end of initial load.
[2021.12.27-17.25.31:259][  0]LogUObjectAllocator: 5979488 out of 0 bytes used by permanent object pool.
[2021.12.27-17.25.31:260][  0]LogUObjectArray: CloseDisregardForGC: 0/0 objects in disregard for GC pool
[2021.12.27-17.25.31:320][  0]LogEngine: Initializing Engine...
[2021.12.27-17.25.31:322][  0]LogHMD: Failed to enumerate extensions. Please check that you have a valid OpenXR runtime installed.
[2021.12.27-17.25.31:323][  0]LogHMD: Failed to initialize OpenVR with code 110
[2021.12.27-17.25.31:323][  0]LogMagicLeap: Warning: VR disabled because ZI is not enabled.  To enable, in the editor, Edit -> Project Settings -> Plugins -> Magic Leap Plugin -> Enable Zero Iteration
[2021.12.27-17.25.31:325][  0]LogStats: UGameplayTagsManager::InitializeManager -  0.000 s
[2021.12.27-17.25.31:472][  0]LogInit: Initializing FReadOnlyCVARCache
[2021.12.27-17.25.31:472][  0]LogAudio: Display: Initializing Audio Device Manager...
[2021.12.27-17.25.31:476][  0]LogAudio: Display: Loading Default Audio Settings Objects...
[2021.12.27-17.25.31:477][  0]LogAudio: Display: No default SoundConcurrencyObject specified (or failed to load).
[2021.12.27-17.25.31:478][  0]LogAudio: Display: Audio Device Manager Initialized
[2021.12.27-17.25.31:478][  0]LogAudio: Display: Creating Audio Device:                 Id: 1, Scope: Shared, Realtime: True
[2021.12.27-17.25.31:478][  0]LogAudioMixer: Display: Audio Mixer Platform Settings:
[2021.12.27-17.25.31:478][  0]LogAudioMixer: Display: 	Sample Rate:						  48000
[2021.12.27-17.25.31:478][  0]LogAudioMixer: Display: 	Callback Buffer Frame Size Requested: 1024
[2021.12.27-17.25.31:478][  0]LogAudioMixer: Display: 	Callback Buffer Frame Size To Use:	  1024
[2021.12.27-17.25.31:478][  0]LogAudioMixer: Display: 	Number of buffers to queue:			  2
[2021.12.27-17.25.31:478][  0]LogAudioMixer: Display: 	Max Channels (voices):				  32
[2021.12.27-17.25.31:478][  0]LogAudioMixer: Display: 	Number of Async Source Workers:		  0
[2021.12.27-17.25.31:478][  0]LogAudio: Display: AudioDevice MaxSources: 32
[2021.12.27-17.25.31:479][  0]LogAudio: Display: Audio Spatialization Plugin: None (built-in).
[2021.12.27-17.25.31:479][  0]LogAudio: Display: Audio Reverb Plugin: None (built-in).
[2021.12.27-17.25.31:479][  0]LogAudio: Display: Audio Occlusion Plugin: None (built-in).
[2021.12.27-17.25.31:479][  0]LogAudioMixer: Display: Initializing audio mixer.
[2021.12.27-17.25.31:492][  0]LogAudioMixer: Display: 0: FrontLeft
[2021.12.27-17.25.31:492][  0]LogAudioMixer: Display: 1: FrontRight
[2021.12.27-17.25.31:525][  0]LogAudioMixer: Display: Using Audio Device Динамики (Bloody Gaming Audio Device)
[2021.12.27-17.25.31:533][  0]LogAudioMixer: Display: Initializing Sound Submixes...
[2021.12.27-17.25.31:535][  0]LogAudioMixer: Display: Creating Master Submix 'MasterSubmixDefault'
[2021.12.27-17.25.31:535][  0]LogAudioMixer: Display: Creating Master Submix 'MasterReverbSubmixDefault'
[2021.12.27-17.25.31:536][  0]LogAudioMixer: Display: Creating Master Submix 'MasterEQSubmixDefault'
[2021.12.27-17.25.31:536][  0]LogAudioMixer: FMixerPlatformXAudio2::StartAudioStream() called
[2021.12.27-17.25.31:536][  0]LogAudioMixer: Display: Output buffers initialized: Frames=1024, Channels=2, Samples=2048
[2021.12.27-17.25.31:538][  0]LogAudioMixer: Display: Starting AudioMixerPlatformInterface::RunInternal()
[2021.12.27-17.25.31:538][  0]LogAudioMixer: Display: FMixerPlatformXAudio2::SubmitBuffer() called for the first time
[2021.12.27-17.25.31:538][  0]LogInit: FAudioDevice initialized.
[2021.12.27-17.25.31:557][  0]LogNetVersion: Set ProjectVersion to 1.0.0.0. Version Checksum will be recalculated on next use.
[2021.12.27-17.25.31:563][  0]LogInit: Texture streaming: Enabled
[2021.12.27-17.25.31:856][  0]LogAudio: Display: Audio Device (ID: 1) registered with world 'Untitled'.
[2021.12.27-17.25.31:857][  0]LogSlate: Updating window title bar state: overlay mode, drag disabled, window buttons hidden, title bar hidden
[2021.12.27-17.25.31:858][  0]LogInit: Display: Game Engine Initialized.
[2021.12.27-17.25.31:911][  0]LogNiagaraEditor: GEditor isn't valid! Particle reset commands will not work for Niagara components!
[2021.12.27-17.25.32:051][  0]LogInit: Display: Starting Game.
[2021.12.27-17.25.32:064][  0]LogNet: Browse: /Game/Map/Map?Name=Player
[2021.12.27-17.25.32:074][  0]LogLoad: LoadMap: /Game/Map/Map?Name=Player
[2021.12.27-17.25.32:074][  0]LogWorld: BeginTearingDown for /Temp/Untitled_0
[2021.12.27-17.25.32:085][  0]LogWorld: UWorld::CleanupWorld for Untitled, bSessionEnded=true, bCleanupResources=true
[2021.12.27-17.25.32:085][  0]LogSlate: InvalidateAllWidgets triggered.  All widgets were invalidated
[2021.12.27-17.25.32:103][  0]LogAudio: Display: Audio Device unregistered from world 'None'.
[2021.12.27-17.25.32:106][  0]LogUObjectHash: Compacting FUObjectHashTables data took   1.21ms
[2021.12.27-17.25.32:628][  0]LogAudio: Display: Audio Device (ID: 1) registered with world 'Map'.
[2021.12.27-17.25.32:637][  0]LogAIModule: Creating AISystem for world Map
[2021.12.27-17.25.32:637][  0]LogLoad: Game class is 'BaseGameMode_C'
[2021.12.27-17.25.32:660][  0]LogWorld: Bringing World /Game/Map/Map.Map up for play (max tick rate 0) at 2021.12.27-21.25.32
[2021.12.27-17.25.32:660][  0]LogWorld: Bringing up level for play took: 0.000857
[2021.12.27-17.25.32:661][  0]LogGameMode: FindPlayerStart: PATHS NOT DEFINED or NO PLAYERSTART with positive rating
[2021.12.27-17.25.32:675][  0]LogViewport: Display: Viewport MouseLockMode Changed, LockOnCapture -> DoNotLock
[2021.12.27-17.25.32:675][  0]LogViewport: Display: Viewport MouseCaptureMode Changed, CapturePermanently_IncludingInitialMouseDown -> NoCapture
[2021.12.27-17.25.32:675][  0]r.SetRes = "1920 x 1080f"
[2021.12.27-17.25.32:711][  0]LogLoad: Took 0.623684 seconds to LoadMap(/Game/Map/Map)
[2021.12.27-17.25.34:262][  0]LogSlate: Took 0.000194 seconds to synchronously load lazily loaded font '../../../Engine/Content/Slate/Fonts/Roboto-Regular.ttf' (155K)
[2021.12.27-17.25.34:296][  0]LogRenderer: Reallocating scene render targets to support 1920x1080 Format 10 NumSamples 1 (Frame:1).
[2021.12.27-17.25.34:296][  0]LogInit: Display: Engine is initialized. Leaving FEngineLoop::Init()
[2021.12.27-17.25.34:297][  0]LogLoad: (Engine Initialization) Total time: 9.98 seconds
[2021.12.27-17.25.34:297][  0]LogLoad: (Engine Initialization) Total Blueprint compile time: 0.00 seconds
[2021.12.27-17.25.34:403][  0]LogContentStreaming: Texture pool size now 1000 MB
[2021.12.27-17.25.34:656][  0]LogSlate: InvalidateAllWidgets triggered.  All widgets were invalidated
[2021.12.27-17.25.37:449][  1]LogSlate: Took 0.000187 seconds to synchronously load lazily loaded font '../../../Engine/Content/Slate/Fonts/Roboto-Regular.ttf' (155K)
[2021.12.27-17.26.04:306][ 94]LogWindowsDesktop: Alt-F4 pressed!
[2021.12.27-17.26.04:334][ 94]LogSlate: Window 'Dungeoner (64-bit Development PCD3D_SM5) ' being destroyed
[2021.12.27-17.26.04:538][ 94]LogWindowsTextInputMethodSystem: Display: IME system deactivated.
[2021.12.27-17.26.04:558][ 94]LogWindowsTextInputMethodSystem: Display: IME system deactivated.
[2021.12.27-17.26.04:561][ 94]LogSlate: Updating window title bar state: overlay mode, drag disabled, window buttons hidden, title bar hidden
[2021.12.27-17.26.04:561][ 94]LogEngine: All Windows Closed
[2021.12.27-17.26.04:561][ 94]LogWindows: FPlatformMisc::RequestExit(0)
[2021.12.27-17.26.04:561][ 94]LogWindows: FPlatformMisc::RequestExitWithStatus(0, 0)
[2021.12.27-17.26.04:561][ 94]LogCore: Engine exit requested (reason: Win RequestExit)
[2021.12.27-17.26.04:562][ 95]LogCore: Engine exit requested (reason: EngineExit() was called; note: exit was already requested)
[2021.12.27-17.26.04:562][ 95]LogInit: Display: PreExit Game.
[2021.12.27-17.26.04:562][ 95]LogWorld: BeginTearingDown for /Game/Map/Map
[2021.12.27-17.26.04:562][ 95]LogWorld: UWorld::CleanupWorld for Map, bSessionEnded=true, bCleanupResources=true
[2021.12.27-17.26.04:563][ 95]LogSlate: InvalidateAllWidgets triggered.  All widgets were invalidated
[2021.12.27-17.26.05:344][ 95]LogAudio: Display: Beginning Audio Device Manager Shutdown (Module: AudioMixerXAudio2)...
[2021.12.27-17.26.05:344][ 95]LogAudio: Display: Destroying 1 Remaining Audio Device(s)...
[2021.12.27-17.26.05:344][ 95]LogAudio: Display: Audio Device unregistered from world 'Map'.
[2021.12.27-17.26.05:359][ 95]LogAudioMixer: FMixerPlatformXAudio2::StopAudioStream() called
[2021.12.27-17.26.05:360][ 95]LogAudioMixer: FMixerPlatformXAudio2::StopAudioStream() called
[2021.12.27-17.26.05:423][ 95]LogAudio: Display: Audio Device Manager Shutdown
[2021.12.27-17.26.05:425][ 95]LogExit: Preparing to exit.
[2021.12.27-17.26.05:868][ 95]LogSlate: Updating window title bar state: overlay mode, drag disabled, window buttons hidden, title bar hidden
[2021.12.27-17.26.05:880][ 95]LogUObjectHash: Compacting FUObjectHashTables data took   1.82ms
[2021.12.27-17.26.05:927][ 95]LogMoviePlayer: Shutting down movie player
[2021.12.27-17.26.06:005][ 95]LogExit: Game engine shut down
[2021.12.27-17.26.06:008][ 95]LogDemo: Cleaned up 0 splitscreen connections with owner deletion
[2021.12.27-17.26.06:064][ 95]LogExit: Object subsystem successfully closed.
[2021.12.27-17.26.06:070][ 95]LogShaderCompilers: Display: === FShaderJobCache stats ===
[2021.12.27-17.26.06:070][ 95]LogShaderCompilers: Display: Total job queries 0, among them cache hits 0 (0.00%)
[2021.12.27-17.26.06:070][ 95]LogShaderCompilers: Display: Tracking 0 distinct input hashes that result in 0 distinct outputs (0.00%)
[2021.12.27-17.26.06:070][ 95]LogShaderCompilers: Display: RAM used: 0.00 MB (0.00 GB) of 409.60 MB (0.40 GB) budget. Usage: 0.00%
[2021.12.27-17.26.06:070][ 95]LogShaderCompilers: Display: ================================================
[2021.12.27-17.26.06:094][ 95]LogShaderCompilers: Display: Shaders left to compile 0
[2021.12.27-17.26.06:094][ 95]LogShaderCompilers: Display: Shaders left to compile 0
[2021.12.27-17.26.06:104][ 95]LogModuleManager: Shutting down and abandoning module SequenceRecorderSections (560)
[2021.12.27-17.26.06:104][ 95]LogModuleManager: Shutting down and abandoning module SequenceRecorder (558)
[2021.12.27-17.26.06:104][ 95]LogModuleManager: Shutting down and abandoning module AutomationController (556)
[2021.12.27-17.26.06:104][ 95]LogModuleManager: Shutting down and abandoning module AutomationWorker (554)
[2021.12.27-17.26.06:104][ 95]LogModuleManager: Shutting down and abandoning module Voice (552)
[2021.12.27-17.26.06:120][ 95]LogModuleManager: Shutting down and abandoning module AIModule (550)
[2021.12.27-17.26.06:120][ 95]LogModuleManager: Shutting down and abandoning module GameplayDebugger (549)
[2021.12.27-17.26.06:120][ 95]LogModuleManager: Shutting down and abandoning module AITestSuite (547)
[2021.12.27-17.26.06:120][ 95]LogModuleManager: Shutting down and abandoning module NavigationSystem (545)
[2021.12.27-17.26.06:120][ 95]LogModuleManager: Shutting down and abandoning module SteamVREditor (542)
[2021.12.27-17.26.06:120][ 95]LogModuleManager: Shutting down and abandoning module ToolMenus (541)
[2021.12.27-17.26.06:120][ 95]LogModuleManager: Shutting down and abandoning module OculusMR (538)
[2021.12.27-17.26.06:120][ 95]LogModuleManager: Shutting down and abandoning module TakeRecorderSources (536)
[2021.12.27-17.26.06:120][ 95]LogModuleManager: Shutting down and abandoning module TakeRecorder (535)
[2021.12.27-17.26.06:120][ 95]LogModuleManager: Shutting down and abandoning module TakeTrackRecorders (532)
[2021.12.27-17.26.06:120][ 95]LogModuleManager: Shutting down and abandoning module TakesCore (530)
[2021.12.27-17.26.06:120][ 95]LogModuleManager: Shutting down and abandoning module OpenXRInput (528)
[2021.12.27-17.26.06:120][ 95]LogModuleManager: Shutting down and abandoning module WmfMediaFactory (526)
[2021.12.27-17.26.06:120][ 95]LogModuleManager: Shutting down and abandoning module WebMMediaFactory (524)
[2021.12.27-17.26.06:120][ 95]LogModuleManager: Shutting down and abandoning module WebMMedia (522)
[2021.12.27-17.26.06:120][ 95]LogModuleManager: Shutting down and abandoning module OpenExrWrapper (520)
[2021.12.27-17.26.06:120][ 95]LogModuleManager: Shutting down and abandoning module ImgMediaFactory (518)
[2021.12.27-17.26.06:120][ 95]LogModuleManager: Shutting down and abandoning module AvfMediaFactory (516)
[2021.12.27-17.26.06:120][ 95]LogModuleManager: Shutting down and abandoning module MagicLeapMediaCodecFactory (514)
[2021.12.27-17.26.06:120][ 95]LogModuleManager: Shutting down and abandoning module MagicLeapMediaFactory (512)
[2021.12.27-17.26.06:120][ 95]LogModuleManager: Shutting down and abandoning module PlanarCut (510)
[2021.12.27-17.26.06:120][ 95]LogModuleManager: Shutting down and abandoning module CharacterAI (508)
[2021.12.27-17.26.06:120][ 95]LogModuleManager: Shutting down and abandoning module SessionServices (506)
[2021.12.27-17.26.06:120][ 95]LogModuleManager: Shutting down and abandoning module MovieSceneCapture (504)
[2021.12.27-17.26.06:121][ 95]LogModuleManager: Shutting down and abandoning module LiveCoding (502)
[2021.12.27-17.26.06:121][ 95]LogModuleManager: Shutting down and abandoning module LevelSequence (500)
[2021.12.27-17.26.06:121][ 95]LogModuleManager: Shutting down and abandoning module MovieSceneTracks (498)
[2021.12.27-17.26.06:121][ 95]LogModuleManager: Shutting down and abandoning module MovieScene (496)
[2021.12.27-17.26.06:121][ 95]LogModuleManager: Shutting down and abandoning module StreamingPauseRendering (494)
[2021.12.27-17.26.06:121][ 95]LogModuleManager: Shutting down and abandoning module PortalServices (492)
[2021.12.27-17.26.06:121][ 95]LogModuleManager: Shutting down and abandoning module PortalRpc (490)
[2021.12.27-17.26.06:121][ 95]LogModuleManager: Shutting down and abandoning module MessagingRpc (488)
[2021.12.27-17.26.06:121][ 95]LogModuleManager: Shutting down and abandoning module AudioMixerXAudio2 (486)
[2021.12.27-17.26.06:121][ 95]LogModuleManager: Shutting down and abandoning module AudioMixerCore (485)
[2021.12.27-17.26.06:121][ 95]LogModuleManager: Shutting down and abandoning module ImageWriteQueue (482)
[2021.12.27-17.26.06:121][ 95]LogModuleManager: Shutting down and abandoning module ProfilerService (480)
[2021.12.27-17.26.06:352][ 95]LogModuleManager: Shutting down and abandoning module TaskGraph (478)
[2021.12.27-17.26.06:352][ 95]LogModuleManager: Shutting down and abandoning module OculusInput (476)
[2021.12.27-17.26.06:352][ 95]LogModuleManager: Shutting down and abandoning module TakeMovieScene (474)
[2021.12.27-17.26.06:352][ 95]LogModuleManager: Shutting down and abandoning module Synthesis (472)
[2021.12.27-17.26.06:353][ 95]LogModuleManager: Shutting down and abandoning module ProceduralMeshComponent (470)
[2021.12.27-17.26.06:353][ 95]LogModuleManager: Shutting down and abandoning module MobilePatchingUtils (468)
[2021.12.27-17.26.06:353][ 95]LogModuleManager: Shutting down and abandoning module GooglePAD (466)
[2021.12.27-17.26.06:353][ 95]LogModuleManager: Shutting down and abandoning module EditableMesh (464)
[2021.12.27-17.26.06:353][ 95]LogModuleManager: Shutting down and abandoning module CustomMeshComponent (462)
[2021.12.27-17.26.06:353][ 95]LogModuleManager: Shutting down and abandoning module CableComponent (460)
[2021.12.27-17.26.06:353][ 95]LogModuleManager: Shutting down and abandoning module AudioCapture (458)
[2021.12.27-17.26.06:353][ 95]LogModuleManager: Shutting down and abandoning module AudioCaptureRtAudio (457)
[2021.12.27-17.26.06:353][ 95]LogModuleManager: Shutting down and abandoning module AssetTags (454)
[2021.12.27-17.26.06:353][ 95]LogModuleManager: Shutting down and abandoning module ArchVisCharacter (452)
[2021.12.27-17.26.06:353][ 95]LogModuleManager: Shutting down and abandoning module AppleImageUtilsBlueprintSupport (450)
[2021.12.27-17.26.06:353][ 95]LogModuleManager: Shutting down and abandoning module AppleImageUtils (448)
[2021.12.27-17.26.06:353][ 95]LogModuleManager: Shutting down and abandoning module AndroidPermission (446)
[2021.12.27-17.26.06:353][ 95]LogModuleManager: Shutting down and abandoning module ActorLayerUtilities (444)
[2021.12.27-17.26.06:353][ 95]LogModuleManager: Shutting down and abandoning module TemplateSequence (442)
[2021.12.27-17.26.06:353][ 95]LogModuleManager: Shutting down and abandoning module MediaCompositing (440)
[2021.12.27-17.26.06:353][ 95]LogModuleManager: Shutting down and abandoning module ImgMedia (438)
[2021.12.27-17.26.06:353][ 95]LogModuleManager: Shutting down and abandoning module MagicLeapSharedWorld (436)
[2021.12.27-17.26.06:353][ 95]LogModuleManager: Shutting down and abandoning module MagicLeapLightEstimation (434)
[2021.12.27-17.26.06:353][ 95]LogModuleManager: Shutting down and abandoning module MagicLeapHelperVulkan (432)
[2021.12.27-17.26.06:353][ 95]LogModuleManager: Shutting down and abandoning module MagicLeapHelperOpenGL (430)
[2021.12.27-17.26.06:353][ 95]LogModuleManager: Shutting down and abandoning module MagicLeapAudio (428)
[2021.12.27-17.26.06:353][ 95]LogModuleManager: Shutting down and abandoning module OpenImageDenoise (426)
[2021.12.27-17.26.06:353][ 95]LogOpenImageDenoise: OIDN shutting down
[2021.12.27-17.26.06:353][ 95]LogModuleManager: Shutting down and abandoning module MotoSynth (424)
[2021.12.27-17.26.06:353][ 95]LogModuleManager: Shutting down and abandoning module MeshConversion (422)
[2021.12.27-17.26.06:353][ 95]LogModuleManager: Shutting down and abandoning module DynamicMesh (420)
[2021.12.27-17.26.06:353][ 95]LogModuleManager: Shutting down and abandoning module GeometryAlgorithms (418)
[2021.12.27-17.26.06:353][ 95]LogModuleManager: Shutting down and abandoning module GeometricObjects (416)
[2021.12.27-17.26.06:353][ 95]LogModuleManager: Shutting down and abandoning module GeometryCollectionTracks (414)
[2021.12.27-17.26.06:353][ 95]LogModuleManager: Shutting down and abandoning module GeometryCollectionSequencer (413)
[2021.12.27-17.26.06:353][ 95]LogModuleManager: Shutting down and abandoning module GeometryCacheTracks (410)
[2021.12.27-17.26.06:353][ 95]LogModuleManager: Shutting down and abandoning module GeometryCacheSequencer (409)
[2021.12.27-17.26.06:353][ 95]LogModuleManager: Shutting down and abandoning module GeometryCache (406)
[2021.12.27-17.26.06:353][ 95]LogModuleManager: Shutting down and abandoning module GeometryCacheEd (405)
[2021.12.27-17.26.06:353][ 95]LogModuleManager: Shutting down and abandoning module ChaosNiagara (402)
[2021.12.27-17.26.06:353][ 95]LogModuleManager: Shutting down and abandoning module FieldSystemEngine (401)
[2021.12.27-17.26.06:353][ 95]LogModuleManager: Shutting down and abandoning module BackChannel (398)
[2021.12.27-17.26.06:353][ 95]LogModuleManager: Shutting down and abandoning module AutomationUtils (396)
[2021.12.27-17.26.06:353][ 95]LogModuleManager: Shutting down and abandoning module VisualStudioSourceCodeAccess (394)
[2021.12.27-17.26.06:353][ 95]LogModuleManager: Shutting down and abandoning module HotReload (393)
[2021.12.27-17.26.06:353][ 95]LogModuleManager: Shutting down and abandoning module UObjectPlugin (390)
[2021.12.27-17.26.06:353][ 95]LogModuleManager: Shutting down and abandoning module VisualStudioCodeSourceCodeAccess (388)
[2021.12.27-17.26.06:353][ 95]LogModuleManager: Shutting down and abandoning module SubversionSourceControl (386)
[2021.12.27-17.26.06:353][ 95]LogModuleManager: Shutting down and abandoning module PerforceSourceControl (384)
[2021.12.27-17.26.06:354][ 95]LogModuleManager: Shutting down and abandoning module SourceControl (383)
[2021.12.27-17.26.06:354][ 95]LogModuleManager: Shutting down and abandoning module CLionSourceCodeAccess (380)
[2021.12.27-17.26.06:354][ 95]LogModuleManager: Shutting down and abandoning module OodleNetworkHandlerComponent (378)
[2021.12.27-17.26.06:354][ 95]LogModuleManager: Shutting down and abandoning module LiveLinkSequencer (376)
[2021.12.27-17.26.06:354][ 95]LogModuleManager: Shutting down and abandoning module LiveLinkMovieScene (374)
[2021.12.27-17.26.06:354][ 95]LogModuleManager: Shutting down and abandoning module LiveLinkGraphNode (372)
[2021.12.27-17.26.06:354][ 95]LogModuleManager: Shutting down and abandoning module LiveLinkComponents (370)
[2021.12.27-17.26.06:354][ 95]LogModuleManager: Shutting down and abandoning module LiveLink (368)
[2021.12.27-17.26.06:920][ 95]LogModuleManager: Shutting down and abandoning module Dungeoner (366)
[2021.12.27-17.26.06:920][ 95]LogModuleManager: Shutting down and abandoning module SoundFields (364)
[2021.12.27-17.26.06:920][ 95]LogModuleManager: Shutting down and abandoning module SignificanceManager (362)
[2021.12.27-17.26.06:921][ 95]LogModuleManager: Shutting down and abandoning module RuntimePhysXCooking (360)
[2021.12.27-17.26.06:921][ 95]LogModuleManager: Shutting down and abandoning module PropertyAccessEditor (358)
[2021.12.27-17.26.06:921][ 95]LogModuleManager: Shutting down and abandoning module PhysXVehiclesEditor (356)
[2021.12.27-17.26.06:921][ 95]LogModuleManager: Shutting down and abandoning module LocationServicesBPLibrary (352)
[2021.12.27-17.26.06:921][ 95]LogModuleManager: Shutting down and abandoning module AudioSynesthesia (350)
[2021.12.27-17.26.06:921][ 95]LogModuleManager: Shutting down and abandoning module AudioSynesthesiaCore (348)
[2021.12.27-17.26.06:921][ 95]LogModuleManager: Shutting down and abandoning module TcpMessaging (346)
[2021.12.27-17.26.07:022][ 95]LogModuleManager: Shutting down and abandoning module ActorSequence (344)
[2021.12.27-17.26.07:022][ 95]LogModuleManager: Shutting down and abandoning module UdpMessaging (342)
[2021.12.27-17.26.07:123][ 95]LogModuleManager: Shutting down and abandoning module ImgMediaEngine (340)
[2021.12.27-17.26.07:123][ 95]LogModuleManager: Shutting down and abandoning module MagicLeapARPin (338)
[2021.12.27-17.26.07:123][ 95]LogModuleManager: Shutting down and abandoning module MagicLeapHandMeshing (336)
[2021.12.27-17.26.07:123][ 95]LogModuleManager: Shutting down and abandoning module MagicLeapSecureStorage (334)
[2021.12.27-17.26.07:123][ 95]LogModuleManager: Shutting down and abandoning module MagicLeapPrivileges (332)
[2021.12.27-17.26.07:123][ 95]LogModuleManager: Shutting down and abandoning module MagicLeapPlanes (330)
[2021.12.27-17.26.07:123][ 95]LogMagicLeapPlanes: Planes tracker already destroyed.
[2021.12.27-17.26.07:123][ 95]LogModuleManager: Shutting down and abandoning module MagicLeapImageTracker (328)
[2021.12.27-17.26.07:123][ 95]LogModuleManager: Shutting down and abandoning module MagicLeapIdentity (326)
[2021.12.27-17.26.07:123][ 95]LogModuleManager: Shutting down and abandoning module MagicLeapHandTracking (324)
[2021.12.27-17.26.07:123][ 95]LogModuleManager: Shutting down and abandoning module MagicLeapEyeTracker (322)
[2021.12.27-17.26.07:123][ 95]LogModuleManager: Shutting down and abandoning module MagicLeapController (320)
[2021.12.27-17.26.07:123][ 95]LogModuleManager: Shutting down and abandoning module MagicLeapARPinImpl (318)
[2021.12.27-17.26.07:123][ 95]LogModuleManager: Shutting down and abandoning module MagicLeapAR (316)
[2021.12.27-17.26.07:123][ 95]LogModuleManager: Shutting down and abandoning module NiagaraAnimNotifies (314)
[2021.12.27-17.26.07:123][ 95]LogModuleManager: Shutting down and abandoning module Niagara (312)
[2021.12.27-17.26.07:123][ 95]LogModuleManager: Shutting down and abandoning module SignalProcessing (311)
[2021.12.27-17.26.07:123][ 95]LogModuleManager: Shutting down and abandoning module NiagaraEditor (309)
[2021.12.27-17.26.07:123][ 95]LogModuleManager: Shutting down and abandoning module ContentBrowser (308)
[2021.12.27-17.26.07:123][ 95]LogModuleManager: Shutting down and abandoning module CollectionManager (307)
[2021.12.27-17.26.07:124][ 95]LogModuleManager: Shutting down and abandoning module DirectoryWatcher (306)
[2021.12.27-17.26.07:124][ 95]LogModuleManager: Shutting down and abandoning module ContentBrowserData (303)
[2021.12.27-17.26.07:124][ 95]LogModuleManager: Shutting down and abandoning module NiagaraCore (298)
[2021.12.27-17.26.07:124][ 95]LogModuleManager: Shutting down and abandoning module PythonScriptPlugin (296)
[2021.12.27-17.26.07:124][ 95]LogModuleManager: Shutting down and abandoning module GameplayTagsEditor (294)
[2021.12.27-17.26.07:124][ 95]LogModuleManager: Shutting down and abandoning module FacialAnimation (292)
[2021.12.27-17.26.07:124][ 95]LogModuleManager: Shutting down and abandoning module AssetManagerEditor (290)
[2021.12.27-17.26.07:124][ 95]LogModuleManager: Shutting down and abandoning module TreeMap (289)
[2021.12.27-17.26.07:124][ 95]LogModuleManager: Shutting down and abandoning module PropertyAccessNode (286)
[2021.12.27-17.26.07:124][ 95]LogModuleManager: Shutting down and abandoning module AnimationSharing (284)
[2021.12.27-17.26.07:124][ 95]LogModuleManager: Shutting down and abandoning module GameplayCameras (282)
[2021.12.27-17.26.07:124][ 95]LogModuleManager: Shutting down and abandoning module LightPropagationVolumeRuntime (280)
[2021.12.27-17.26.07:124][ 95]LogModuleManager: Shutting down and abandoning module EnvironmentQueryEditor (278)
[2021.12.27-17.26.07:124][ 95]LogModuleManager: Shutting down and abandoning module Paper2D (276)
[2021.12.27-17.26.07:124][ 95]LogModuleManager: Shutting down and abandoning module WindowsMoviePlayer (274)
[2021.12.27-17.26.07:125][ 95]LogModuleManager: Shutting down and abandoning module WebMMoviePlayer (272)
[2021.12.27-17.26.07:125][ 95]LogModuleManager: Shutting down and abandoning module NetworkReplayStreaming (270)
[2021.12.27-17.26.07:125][ 95]LogModuleManager: Shutting down and abandoning module PacketHandler (268)
[2021.12.27-17.26.07:125][ 95]LogModuleManager: Shutting down and abandoning module ClothingSystemEditor (266)
[2021.12.27-17.26.07:125][ 95]LogModuleManager: Shutting down and abandoning module ClothingSystemRuntimeNv (264)
[2021.12.27-17.26.07:125][ 95]LogModuleManager: Shutting down and abandoning module MediaAssets (262)
[2021.12.27-17.26.07:125][ 95]LogModuleManager: Shutting down and abandoning module Overlay (260)
[2021.12.27-17.26.07:125][ 95]LogModuleManager: Shutting down and abandoning module OverlayEditor (259)
[2021.12.27-17.26.07:125][ 95]LogModuleManager: Shutting down and abandoning module VREditor (256)
[2021.12.27-17.26.07:125][ 95]LogModuleManager: Shutting down and abandoning module StringTableEditor (254)
[2021.12.27-17.26.07:125][ 95]LogModuleManager: Shutting down and abandoning module GameplayTasksEditor (252)
[2021.12.27-17.26.07:125][ 95]LogModuleManager: Shutting down and abandoning module BehaviorTreeEditor (250)
[2021.12.27-17.26.07:125][ 95]LogModuleManager: Shutting down and abandoning module FunctionalTesting (248)
[2021.12.27-17.26.07:126][ 95]LogModuleManager: Shutting down and abandoning module CollisionAnalyzer (246)
[2021.12.27-17.26.07:126][ 95]LogModuleManager: Shutting down and abandoning module WorkspaceMenuStructure (245)
[2021.12.27-17.26.07:126][ 95]LogModuleManager: Shutting down and abandoning module UMG (242)
[2021.12.27-17.26.07:126][ 95]LogModuleManager: Shutting down and abandoning module UMGEditor (241)
[2021.12.27-17.26.07:126][ 95]LogModuleManager: Shutting down and abandoning module Sequencer (240)
[2021.12.27-17.26.07:126][ 95]LogModuleManager: Shutting down and abandoning module MessageLog (237)
[2021.12.27-17.26.07:126][ 95]LogModuleManager: Shutting down and abandoning module SlateReflector (232)
[2021.12.27-17.26.07:126][ 95]LogModuleManager: Shutting down and abandoning module Slate (230)
[2021.12.27-17.26.07:126][ 95]LogModuleManager: Shutting down and abandoning module SlateCore (228)
[2021.12.27-17.26.07:127][ 95]LogModuleManager: Shutting down and abandoning module LandscapeEditorUtilities (226)
[2021.12.27-17.26.07:127][ 95]LogModuleManager: Shutting down and abandoning module UnrealEd (224)
[2021.12.27-17.26.07:127][ 95]LogModuleManager: Shutting down and abandoning module MRMesh (222)
[2021.12.27-17.26.07:127][ 95]LogModuleManager: Shutting down and abandoning module Messaging (220)
[2021.12.27-17.26.07:127][ 95]LogModuleManager: Shutting down and abandoning module SourceCodeAccess (218)
[2021.12.27-17.26.07:127][ 95]LogModuleManager: Shutting down and abandoning module HeadMountedDisplay (216)
[2021.12.27-17.26.07:127][ 95]LogModuleManager: Shutting down and abandoning module XAudio2 (214)
[2021.12.27-17.26.07:127][ 95]LogModuleManager: Shutting down and abandoning module Networking (212)
[2021.12.27-17.26.07:127][ 95]LogModuleManager: Shutting down and abandoning module Core (210)
[2021.12.27-17.26.07:127][ 95]LogModuleManager: Shutting down and abandoning module MaterialEditor (208)
[2021.12.27-17.26.07:127][ 95]LogModuleManager: Shutting down and abandoning module MovieSceneTools (206)
[2021.12.27-17.26.07:128][ 95]LogModuleManager: Shutting down and abandoning module EditorStyle (205)
[2021.12.27-17.26.07:128][ 95]LogModuleManager: Shutting down and abandoning module KismetCompiler (202)
[2021.12.27-17.26.07:128][ 95]LogModuleManager: Shutting down and abandoning module MeshBuilder (200)
[2021.12.27-17.26.07:128][ 95]LogModuleManager: Shutting down and abandoning module MeshUtilities (198)
[2021.12.27-17.26.07:128][ 95]LogModuleManager: Shutting down and abandoning module MeshMergeUtilities (197)
[2021.12.27-17.26.07:128][ 95]LogModuleManager: Shutting down and abandoning module MeshReductionInterface (196)
[2021.12.27-17.26.07:129][ 95]LogModuleManager: Shutting down and abandoning module MeshBoneReduction (195)
[2021.12.27-17.26.07:129][ 95]LogModuleManager: Shutting down and abandoning module SkeletalMeshReduction (193)
[2021.12.27-17.26.07:129][ 95]LogModuleManager: Shutting down and abandoning module ProxyLODMeshReduction (191)
[2021.12.27-17.26.07:129][ 95]LogModuleManager: Shutting down and abandoning module QuadricMeshReduction (189)
[2021.12.27-17.26.07:129][ 95]LogModuleManager: Shutting down and abandoning module MaterialBaking (185)
[2021.12.27-17.26.07:129][ 95]LogModuleManager: Shutting down and abandoning module NullInstallBundleManager (180)
[2021.12.27-17.26.07:129][ 95]LogModuleManager: Shutting down and abandoning module PIEPreviewDeviceProfileSelector (178)
[2021.12.27-17.26.07:129][ 95]LogModuleManager: Shutting down and abandoning module DerivedDataCache (176)
[2021.12.27-17.26.07:129][ 95]LogModuleManager: Shutting down and abandoning module TargetPlatform (174)
[2021.12.27-17.26.07:129][ 95]LogModuleManager: Shutting down and abandoning module VulkanShaderFormat (173)
[2021.12.27-17.26.07:129][ 95]LogModuleManager: Shutting down and abandoning module ShaderFormatVectorVM (171)
[2021.12.27-17.26.07:129][ 95]LogModuleManager: Shutting down and abandoning module ShaderFormatOpenGL (169)
[2021.12.27-17.26.07:129][ 95]LogModuleManager: Shutting down and abandoning module ShaderFormatD3D (167)
[2021.12.27-17.26.07:129][ 95]LogModuleManager: Shutting down and abandoning module MetalShaderFormat (165)
[2021.12.27-17.26.07:129][ 95]LogModuleManager: Shutting down and abandoning module TextureFormatOodle (163)
[2021.12.27-17.26.07:129][ 95]LogModuleManager: Shutting down and abandoning module TextureFormatUncompressed (161)
[2021.12.27-17.26.07:129][ 95]LogModuleManager: Shutting down and abandoning module TextureFormatPVR (159)
[2021.12.27-17.26.07:129][ 95]LogModuleManager: Shutting down and abandoning module TextureFormatETC2 (157)
[2021.12.27-17.26.07:129][ 95]LogModuleManager: Shutting down and abandoning module TextureFormatDXT (155)
[2021.12.27-17.26.07:129][ 95]LogModuleManager: Shutting down and abandoning module TextureFormatIntelISPCTexComp (153)
[2021.12.27-17.26.07:129][ 95]LogModuleManager: Shutting down and abandoning module TextureFormatASTC (151)
[2021.12.27-17.26.07:129][ 95]LogModuleManager: Shutting down and abandoning module ImageWrapper (150)
[2021.12.27-17.26.07:129][ 95]LogModuleManager: Shutting down and abandoning module AudioFormatOpus (147)
[2021.12.27-17.26.07:129][ 95]LogModuleManager: Shutting down and abandoning module AudioFormatOgg (145)
[2021.12.27-17.26.07:129][ 95]LogModuleManager: Shutting down and abandoning module AudioFormatADPCM (143)
[2021.12.27-17.26.07:129][ 95]LogModuleManager: Shutting down and abandoning module WindowsServerTargetPlatform (141)
[2021.12.27-17.26.07:129][ 95]LogModuleManager: Shutting down and abandoning module WindowsClientTargetPlatform (139)
[2021.12.27-17.26.07:129][ 95]LogModuleManager: Shutting down and abandoning module WindowsTargetPlatform (137)
[2021.12.27-17.26.07:129][ 95]LogModuleManager: Shutting down and abandoning module WindowsNoEditorTargetPlatform (135)
[2021.12.27-17.26.07:129][ 95]LogModuleManager: Shutting down and abandoning module D3D11RHI (132)
[2021.12.27-17.26.07:129][ 95]LogModuleManager: Shutting down and abandoning module InputCore (130)
[2021.12.27-17.26.07:129][ 95]LogModuleManager: Shutting down and abandoning module Settings (128)
[2021.12.27-17.26.07:129][ 95]LogModuleManager: Shutting down and abandoning module PhysXCooking (126)
[2021.12.27-17.26.07:129][ 95]LogModuleManager: Shutting down and abandoning module Chaos (124)
[2021.12.27-17.26.07:129][ 95]LogModuleManager: Shutting down and abandoning module WindowsPlatformFeatures (122)
[2021.12.27-17.26.07:129][ 95]LogModuleManager: Shutting down and abandoning module GameplayMediaEncoder (121)
[2021.12.27-17.26.07:129][ 95]LogModuleManager: Shutting down and abandoning module AVEncoder (120)
[2021.12.27-17.26.07:129][ 95]LogModuleManager: Shutting down and abandoning module SteamVRInputDevice (116)
[2021.12.27-17.26.07:129][ 95]LogModuleManager: Shutting down and abandoning module SteamVRInput (114)
[2021.12.27-17.26.07:129][ 95]LogModuleManager: Shutting down and abandoning module SteamVR (112)
[2021.12.27-17.26.07:129][ 95]LogHMD: Freeing OpenVRDLLHandle.
[2021.12.27-17.26.07:129][ 95]LogModuleManager: Shutting down and abandoning module OculusHMD (110)
[2021.12.27-17.26.07:129][ 95]LogModuleManager: Shutting down and abandoning module OpenXRHandTracking (108)
[2021.12.27-17.26.07:129][ 95]LogSlate: Slate User Destroyed.  User Index 0, Is Virtual User: 0
[2021.12.27-17.26.07:130][ 95]LogModuleManager: Shutting down and abandoning module OpenXREyeTracker (106)
[2021.12.27-17.26.07:130][ 95]LogModuleManager: Shutting down and abandoning module OpenXRAR (104)
[2021.12.27-17.26.07:130][ 95]LogModuleManager: Shutting down and abandoning module AugmentedReality (103)
[2021.12.27-17.26.07:130][ 95]LogModuleManager: Shutting down and abandoning module OpenXRHMD (100)
[2021.12.27-17.26.07:152][ 95]LogModuleManager: Shutting down and abandoning module ExampleDeviceProfileSelector (98)
[2021.12.27-17.26.07:152][ 95]LogModuleManager: Shutting down and abandoning module ChunkDownloader (96)
[2021.12.27-17.26.07:152][ 95]LogModuleManager: Shutting down and abandoning module LauncherChunkInstaller (94)
[2021.12.27-17.26.07:152][ 95]LogModuleManager: Shutting down and abandoning module OnlineBlueprintSupport (92)
[2021.12.27-17.26.07:152][ 95]LogModuleManager: Shutting down and abandoning module OnlineSubsystem (88)
[2021.12.27-17.26.07:153][ 95]LogModuleManager: Shutting down and abandoning module XMPP (83)
[2021.12.27-17.26.07:153][ 95]LogModuleManager: Shutting down and abandoning module WebSockets (82)
[2021.12.27-17.26.07:169][ 95]LogModuleManager: Shutting down and abandoning module HTTP (79)
[2021.12.27-17.26.07:169][ 95]LogHttp: Display: cleaning up 0 outstanding Http requests.
[2021.12.27-17.26.07:189][ 95]LogModuleManager: Shutting down and abandoning module SSL (78)
[2021.12.27-17.26.07:190][ 95]LogModuleManager: Shutting down and abandoning module WmfMedia (74)
[2021.12.27-17.26.07:191][ 95]LogModuleManager: Shutting down and abandoning module Media (73)
[2021.12.27-17.26.07:192][ 95]LogModuleManager: Shutting down and abandoning module MediaInfo (72)
[2021.12.27-17.26.07:192][ 95]LogModuleManager: Shutting down and abandoning module ExrReaderGpu (68)
[2021.12.27-17.26.07:192][ 95]LogModuleManager: Shutting down and abandoning module MLSDK (66)
[2021.12.27-17.26.07:192][ 95]LogModuleManager: Shutting down and abandoning module MagicLeap (64)
[2021.12.27-17.26.07:192][ 95]LogModuleManager: Shutting down and abandoning module NiagaraVertexFactories (62)
[2021.12.27-17.26.07:192][ 95]LogModuleManager: Shutting down and abandoning module NiagaraShader (60)
[2021.12.27-17.26.07:192][ 95]LogModuleManager: Shutting down and abandoning module ChaosCloth (58)
[2021.12.27-17.26.07:192][ 95]LogModuleManager: Shutting down and abandoning module VariantManagerContent (56)
[2021.12.27-17.26.07:192][ 95]LogModuleManager: Shutting down and abandoning module DatasmithContent (54)
[2021.12.27-17.26.07:192][ 95]LogModuleManager: Shutting down and abandoning module PixWinPlugin (52)
[2021.12.27-17.26.07:192][ 95]LogModuleManager: Shutting down and abandoning module AISupportModule (50)
[2021.12.27-17.26.07:192][ 95]LogModuleManager: Shutting down and abandoning module DesktopPlatform (48)
[2021.12.27-17.26.07:192][ 95]LogModuleManager: Shutting down and abandoning module PythonScriptPluginPreload (46)
[2021.12.27-17.26.07:192][ 95]LogModuleManager: Shutting down and abandoning module PlatformCryptoOpenSSL (44)
[2021.12.27-17.26.07:192][ 95]LogModuleManager: Shutting down and abandoning module PlatformCryptoTypes (42)
[2021.12.27-17.26.07:192][ 95]LogModuleManager: Shutting down and abandoning module PlatformCrypto (40)
[2021.12.27-17.26.07:193][ 95]LogModuleManager: Shutting down and abandoning module OodleDataCompressionFormat (38)
[2021.12.27-17.26.07:193][ 95]LogModuleManager: Shutting down and abandoning module XGEController (36)
[2021.12.27-17.26.07:193][ 95]LogModuleManager: Shutting down and abandoning module AnimationModifiers (34)
[2021.12.27-17.26.07:193][ 95]LogModuleManager: Shutting down and abandoning module AudioEditor (32)
[2021.12.27-17.26.07:193][ 95]LogModuleManager: Shutting down and abandoning module PropertyEditor (31)
[2021.12.27-17.26.07:193][ 95]LogModuleManager: Shutting down and abandoning module TextureCompressor (28)
[2021.12.27-17.26.07:193][ 95]LogModuleManager: Shutting down and abandoning module RenderCore (26)
[2021.12.27-17.26.07:193][ 95]LogModuleManager: Shutting down and abandoning module Landscape (24)
[2021.12.27-17.26.07:193][ 95]LogModuleManager: Shutting down and abandoning module SlateRHIRenderer (22)
[2021.12.27-17.26.07:194][ 95]LogModuleManager: Shutting down and abandoning module AnimGraphRuntime (20)
[2021.12.27-17.26.07:194][ 95]LogModuleManager: Shutting down and abandoning module Renderer (18)
[2021.12.27-17.26.07:194][ 95]LogModuleManager: Shutting down and abandoning module Engine (16)
[2021.12.27-17.26.07:194][ 95]LogModuleManager: Shutting down and abandoning module CoreUObject (14)
[2021.12.27-17.26.07:194][ 95]LogModuleManager: Shutting down and abandoning module NetworkFile (12)
[2021.12.27-17.26.07:194][ 95]LogModuleManager: Shutting down and abandoning module CookedIterativeFile (10)
[2021.12.27-17.26.07:194][ 95]LogModuleManager: Shutting down and abandoning module StreamingFile (8)
[2021.12.27-17.26.07:194][ 95]LogModuleManager: Shutting down and abandoning module SandboxFile (6)
[2021.12.27-17.26.07:194][ 95]LogModuleManager: Shutting down and abandoning module PakFile (4)
[2021.12.27-17.26.07:194][ 95]LogModuleManager: Shutting down and abandoning module RSA (3)
[2021.12.27-17.26.07:604][ 95]LogContentStreaming: Display: There are 1 unreleased StreamingManagers
[2021.12.27-17.26.07:608][ 95]LogD3D11RHI: Shutdown
[2021.12.27-17.26.07:608][ 95]LogD3D11RHI: CleanupD3DDevice
[2021.12.27-17.26.07:610][ 95]LogExit: Exiting.
[2021.12.27-17.26.07:633][ 95]Log file closed, 12/27/21 21:26:07
