Log file open, 01/15/22 00:42:08
LogWindows: Failed to load 'aqProf.dll' (GetLastError=126)
LogWindows: File 'aqProf.dll' does not exist
LogWindows: Failed to load 'VtuneApi.dll' (GetLastError=126)
LogWindows: File 'VtuneApi.dll' does not exist
LogWindows: Failed to load 'VtuneApi32e.dll' (GetLastError=126)
LogWindows: File 'VtuneApi32e.dll' does not exist
LogConsoleResponse: Display: Failed to find resolution value strings in scalability ini. Falling back to default.
LogConsoleResponse: Display: Failed to find resolution value strings in scalability ini. Falling back to default.
LogInit: Display: Running engine for game: Dungeoner
LogPlatformFile: Not using cached read wrapper
LogTaskGraph: Started task graph with 5 named threads and 14 total threads with 3 sets of task threads.
LogStats: Stats thread started at 0.292321
LogICUInternationalization: ICU TimeZone Detection - Raw Offset: +4:00, Platform Override: ''
LogInit: Display: Loading text-based GConfig....
LogPluginManager: Mounting plugin MeshPainting
LogPluginManager: Mounting plugin XGEController
LogPluginManager: Mounting plugin Paper2D
LogPluginManager: Mounting plugin LiveLink
LogPluginManager: Mounting plugin AISupport
LogPluginManager: Mounting plugin EnvironmentQueryEditor
LogPluginManager: Mounting plugin LightPropagationVolume
LogPluginManager: Mounting plugin CameraShakePreviewer
LogPluginManager: Mounting plugin GameplayCameras
LogPluginManager: Mounting plugin OodleData
LogPluginManager: Mounting plugin AnimationSharing
LogPluginManager: Mounting plugin CLionSourceCodeAccess
LogPluginManager: Mounting plugin CodeLiteSourceCodeAccess
LogPluginManager: Mounting plugin OodleNetwork
LogPluginManager: Mounting plugin GitSourceControl
LogPluginManager: Mounting plugin KDevelopSourceCodeAccess
LogPluginManager: Mounting plugin NullSourceCodeAccess
LogPluginManager: Mounting plugin PerforceSourceControl
LogPluginManager: Mounting plugin PixWinPlugin
LogPluginManager: Mounting plugin PlasticSourceControl
LogPluginManager: Mounting plugin PluginUtils
LogPluginManager: Mounting plugin PropertyAccessNode
LogPluginManager: Mounting plugin RiderSourceCodeAccess
LogPluginManager: Mounting plugin SubversionSourceControl
LogPluginManager: Mounting plugin TextureFormatOodle
LogPluginManager: Mounting plugin UObjectPlugin
LogPluginManager: Mounting plugin VisualStudioSourceCodeAccess
LogPluginManager: Mounting plugin VisualStudioCodeSourceCodeAccess
LogPluginManager: Mounting plugin XCodeSourceCodeAccess
LogPluginManager: Mounting plugin AssetManagerEditor
LogPluginManager: Mounting plugin CryptoKeys
LogPluginManager: Mounting plugin CurveEditorTools
LogPluginManager: Mounting plugin DataValidation
LogPluginManager: Mounting plugin FacialAnimation
LogPluginManager: Mounting plugin GameplayTagsEditor
LogPluginManager: Mounting plugin GeometryMode
LogPluginManager: Mounting plugin MacGraphicsSwitching
LogPluginManager: Mounting plugin MaterialAnalyzer
LogPluginManager: Mounting plugin MobileLauncherProfileWizard
LogPluginManager: Mounting plugin PluginBrowser
LogPluginManager: Mounting plugin SpeedTreeImporter
LogPluginManager: Mounting plugin DatasmithContent
LogPluginManager: Mounting plugin VariantManagerContent
LogPluginManager: Mounting plugin AlembicImporter
LogPluginManager: Mounting plugin AutomationUtils
LogPluginManager: Mounting plugin BackChannel
LogPluginManager: Mounting plugin ChaosCloth
LogPluginManager: Mounting plugin ChaosEditor
LogPluginManager: Mounting plugin ChaosClothEditor
LogPluginManager: Mounting plugin ChaosNiagara
LogPluginManager: Mounting plugin ChaosSolverPlugin
LogPluginManager: Mounting plugin CharacterAI
LogPluginManager: Mounting plugin GeometryCache
LogPluginManager: Mounting plugin GeometryCollectionPlugin
LogPluginManager: Mounting plugin GeometryProcessing
LogPluginManager: Mounting plugin MotoSynth
LogPluginManager: Mounting plugin OpenImageDenoise
LogPluginManager: Mounting plugin PlanarCut
LogPluginManager: Mounting plugin PlatformCrypto
LogPluginManager: Mounting plugin ProxyLODPlugin
LogPluginManager: Mounting plugin PythonScriptPlugin
LogPluginManager: Mounting plugin SkeletalReduction
LogPluginManager: Mounting plugin Niagara
LogPluginManager: Mounting plugin LuminPlatformFeatures
LogPluginManager: Mounting plugin MagicLeap
LogPluginManager: Mounting plugin MagicLeapLightEstimation
LogPluginManager: Mounting plugin MagicLeapMedia
LogPluginManager: Mounting plugin MagicLeapPassableWorld
LogPluginManager: Mounting plugin MLSDK
LogPluginManager: Mounting plugin AndroidMedia
LogPluginManager: Mounting plugin AvfMedia
LogPluginManager: Mounting plugin ImgMedia
LogPluginManager: Mounting plugin MediaCompositing
LogPluginManager: Mounting plugin MediaPlayerEditor
LogPluginManager: Mounting plugin WebMMedia
LogPluginManager: Mounting plugin WmfMedia
LogPluginManager: Mounting plugin TcpMessaging
LogPluginManager: Mounting plugin UdpMessaging
LogPluginManager: Mounting plugin OnlineSubsystem
LogPluginManager: Mounting plugin OnlineSubsystemNull
LogPluginManager: Mounting plugin OnlineSubsystemUtils
LogPluginManager: Mounting plugin ActorSequence
LogPluginManager: Mounting plugin LevelSequenceEditor
LogPluginManager: Mounting plugin MatineeToLevelSequence
LogPluginManager: Mounting plugin TemplateSequence
LogPluginManager: Mounting plugin LauncherChunkInstaller
LogPluginManager: Mounting plugin ActorLayerUtilities
LogPluginManager: Mounting plugin AndroidDeviceProfileSelector
LogPluginManager: Mounting plugin AndroidMoviePlayer
LogPluginManager: Mounting plugin AndroidPermission
LogPluginManager: Mounting plugin AppleImageUtils
LogPluginManager: Mounting plugin AppleMoviePlayer
LogPluginManager: Mounting plugin ArchVisCharacter
LogPluginManager: Mounting plugin AssetTags
LogPluginManager: Mounting plugin AudioCapture
LogPluginManager: Mounting plugin AudioSynesthesia
LogPluginManager: Mounting plugin CableComponent
LogPluginManager: Mounting plugin ChunkDownloader
LogPluginManager: Mounting plugin CustomMeshComponent
LogPluginManager: Mounting plugin EditableMesh
LogPluginManager: Mounting plugin ExampleDeviceProfileSelector
LogPluginManager: Mounting plugin GooglePAD
LogPluginManager: Mounting plugin GoogleCloudMessaging
LogPluginManager: Mounting plugin IOSDeviceProfileSelector
LogPluginManager: Mounting plugin LinuxDeviceProfileSelector
LogPluginManager: Mounting plugin LocationServicesBPLibrary
LogPluginManager: Mounting plugin MobilePatchingUtils
LogPluginManager: Mounting plugin OpenXR
LogPluginManager: Mounting plugin OpenXREyeTracker
LogPluginManager: Mounting plugin OpenXRHandTracking
LogPluginManager: Mounting plugin PhysXVehicles
LogPluginManager: Mounting plugin PostSplashScreen
LogPluginManager: Mounting plugin ProceduralMeshComponent
LogPluginManager: Mounting plugin PropertyAccessEditor
LogPluginManager: Mounting plugin RuntimePhysXCooking
LogPluginManager: Mounting plugin SignificanceManager
LogPluginManager: Mounting plugin SoundFields
LogPluginManager: Mounting plugin Synthesis
LogPluginManager: Mounting plugin WebMMoviePlayer
LogPluginManager: Mounting plugin WindowsMoviePlayer
LogPluginManager: Mounting plugin ScreenshotTools
LogPluginManager: Mounting plugin Takes
LogPluginManager: Mounting plugin ContentBrowserAssetDataSource
LogPluginManager: Mounting plugin ContentBrowserFileDataSource
LogPluginManager: Mounting plugin ContentBrowserClassDataSource
LogPluginManager: Mounting plugin OnlineSubsystemGooglePlay
LogPluginManager: Mounting plugin OnlineSubsystemIOS
LogPluginManager: Mounting plugin OculusVR
LogPluginManager: Mounting plugin SteamVR
PixWinPlugin: PIX capture plugin failed to initialize! Check that the process is launched from PIX.
LogInit: Using libcurl 7.55.1-DEV
LogInit:  - built for x86_64-pc-win32
LogInit:  - supports SSL with OpenSSL/1.1.1
LogInit:  - supports HTTP deflate (compression) using libz 1.2.8
LogInit:  - other features:
LogInit:      CURL_VERSION_SSL
LogInit:      CURL_VERSION_LIBZ
LogInit:      CURL_VERSION_IPV6
LogInit:      CURL_VERSION_ASYNCHDNS
LogInit:      CURL_VERSION_LARGEFILE
LogInit:      CURL_VERSION_IDN
LogInit:  CurlRequestOptions (configurable via config and command line):
LogInit:  - bVerifyPeer = true  - Libcurl will verify peer certificate
LogInit:  - bUseHttpProxy = false  - Libcurl will NOT use HTTP proxy
LogInit:  - bDontReuseConnections = false  - Libcurl will reuse connections
LogInit:  - MaxHostConnections = 16  - Libcurl will limit the number of connections to a host
LogInit:  - LocalHostAddr = Default
LogInit:  - BufferSize = 65536
LogOnline: OSS: Creating online subsystem instance for: NULL
LogInit: WinSock: version 1.1 (2.2), MaxSocks=32767, MaxUdp=65467
LogOnline: OSS: TryLoadSubsystemAndSetDefault: Loaded subsystem for module [NULL]
LogOculusPluginWrapper: OculusPlugin initialized successfully
LogHMD: Failed initializing OVRPlugin 1.59.0
LogInit: Build: ++UE4+Release-4.27-CL-18319896
LogInit: Engine Version: 4.27.2-18319896+++UE4+Release-4.27
LogInit: Compatible Engine Version: 4.27.0-17155196+++UE4+Release-4.27
LogInit: Net CL: 17155196
LogInit: OS: Windows 10 (Release 2004) (), CPU:         Intel(R) Core(TM) i5-2400 CPU @ 3.10GHz, GPU: NVIDIA GeForce GTX 550 Ti
LogInit: Compiled (64-bit): Nov 30 2021 07:12:08
LogInit: Compiled with Visual C++: 19.24.28315.00
LogInit: Build Configuration: Development
LogInit: Branch Name: ++UE4+Release-4.27
LogInit: Command Line: 
LogInit: Base Directory: E:/UE_4.27/Engine/Binaries/Win64/
LogInit: Allocator: TBB
LogInit: Installed Engine Build: 1
LogDevObjectVersion: Number of dev versions registered: 29
LogDevObjectVersion:   Dev-Blueprints (B0D832E4-1F89-4F0D-ACCF-7EB736FD4AA2): 10
LogDevObjectVersion:   Dev-Build (E1C64328-A22C-4D53-A36C-8E866417BD8C): 0
LogDevObjectVersion:   Dev-Core (375EC13C-06E4-48FB-B500-84F0262A717E): 4
LogDevObjectVersion:   Dev-Editor (E4B068ED-F494-42E9-A231-DA0B2E46BB41): 40
LogDevObjectVersion:   Dev-Framework (CFFC743F-43B0-4480-9391-14DF171D2073): 37
LogDevObjectVersion:   Dev-Mobile (B02B49B5-BB20-44E9-A304-32B752E40360): 3
LogDevObjectVersion:   Dev-Networking (A4E4105C-59A1-49B5-A7C5-40C4547EDFEE): 0
LogDevObjectVersion:   Dev-Online (39C831C9-5AE6-47DC-9A44-9C173E1C8E7C): 0
LogDevObjectVersion:   Dev-Physics (78F01B33-EBEA-4F98-B9B4-84EACCB95AA2): 14
LogDevObjectVersion:   Dev-Platform (6631380F-2D4D-43E0-8009-CF276956A95A): 0
LogDevObjectVersion:   Dev-Rendering (12F88B9F-8875-4AFC-A67C-D90C383ABD29): 45
LogDevObjectVersion:   Dev-Sequencer (7B5AE74C-D270-4C10-A958-57980B212A5A): 13
LogDevObjectVersion:   Dev-VR (D7296918-1DD6-4BDD-9DE2-64A83CC13884): 3
LogDevObjectVersion:   Dev-LoadTimes (C2A15278-BFE7-4AFE-6C17-90FF531DF755): 1
LogDevObjectVersion:   Private-Geometry (6EACA3D4-40EC-4CC1-B786-8BED09428FC5): 3
LogDevObjectVersion:   Dev-AnimPhys (29E575DD-E0A3-4627-9D10-D276232CDCEA): 17
LogDevObjectVersion:   Dev-Anim (AF43A65D-7FD3-4947-9873-3E8ED9C1BB05): 15
LogDevObjectVersion:   Dev-ReflectionCapture (6B266CEC-1EC7-4B8F-A30B-E4D90942FC07): 1
LogDevObjectVersion:   Dev-Automation (0DF73D61-A23F-47EA-B727-89E90C41499A): 1
LogDevObjectVersion:   FortniteMain (601D1886-AC64-4F84-AA16-D3DE0DEAC7D6): 47
LogDevObjectVersion:   FortniteRelease (E7086368-6B23-4C58-8439-1B7016265E91): 1
LogDevObjectVersion:   Dev-Enterprise (9DFFBCD6-494F-0158-E221-12823C92A888): 10
LogDevObjectVersion:   Dev-Niagara (F2AED0AC-9AFE-416F-8664-AA7FFA26D6FC): 1
LogDevObjectVersion:   Dev-Destruction (174F1F0B-B4C6-45A5-B13F-2EE8D0FB917D): 10
LogDevObjectVersion:   Dev-Physics-Ext (35F94A83-E258-406C-A318-09F59610247C): 41
LogDevObjectVersion:   Dev-PhysicsMaterial-Chaos (B68FC16E-8B1B-42E2-B453-215C058844FE): 1
LogDevObjectVersion:   Dev-CineCamera (B2E18506-4273-CFC2-A54E-F4BB758BBA07): 1
LogDevObjectVersion:   Dev-VirtualProduction (64F58936-FD1B-42BA-BA96-7289D5D0FA4E): 1
LogDevObjectVersion:   Dev-MediaFramework (6F0ED827-A609-4895-9C91-998D90180EA4): 2
LogInit: Presizing for max 25165824 objects, including 0 objects not considered by GC, pre-allocating 0 bytes for permanent pool.
LogConfig: Applying CVar settings from Section [/Script/Engine.StreamingSettings] File [E:/Unreal Projects/Dungeoner/Saved/Config/Windows/Engine.ini]
LogConfig: Setting CVar [[s.MinBulkDataSizeForAsyncLoading:131072]]
LogConfig: Setting CVar [[s.AsyncLoadingThreadEnabled:0]]
LogConfig: Setting CVar [[s.EventDrivenLoaderEnabled:1]]
LogConfig: Setting CVar [[s.WarnIfTimeLimitExceeded:0]]
LogConfig: Setting CVar [[s.TimeLimitExceededMultiplier:1.5]]
LogConfig: Setting CVar [[s.TimeLimitExceededMinTime:0.005]]
LogConfig: Setting CVar [[s.UseBackgroundLevelStreaming:1]]
LogConfig: Setting CVar [[s.PriorityAsyncLoadingExtraTime:15.0]]
LogConfig: Setting CVar [[s.LevelStreamingActorsUpdateTimeLimit:5.0]]
LogConfig: Setting CVar [[s.PriorityLevelStreamingActorsUpdateExtraTime:5.0]]
LogConfig: Setting CVar [[s.LevelStreamingComponentsRegistrationGranularity:10]]
LogConfig: Setting CVar [[s.UnregisterComponentsTimeLimit:1.0]]
LogConfig: Setting CVar [[s.LevelStreamingComponentsUnregistrationGranularity:5]]
LogConfig: Setting CVar [[s.FlushStreamingOnExit:1]]
LogInit: Object subsystem initialized
LogConfig: Setting CVar [[con.DebugEarlyDefault:1]]
LogConfig: Setting CVar [[r.setres:1280x720]]
[2022.01.14-20.42.09:338][  0]LogConfig: Setting CVar [[r.VSync:0]]
[2022.01.14-20.42.09:338][  0]LogConfig: Setting CVar [[r.RHICmdBypass:0]]
[2022.01.14-20.42.09:338][  0]LogConfig: Applying CVar settings from Section [/Script/Engine.RendererSettings] File [E:/Unreal Projects/Dungeoner/Saved/Config/Windows/Engine.ini]
[2022.01.14-20.42.09:338][  0]LogConfig: Setting CVar [[r.GPUCrashDebugging:0]]
[2022.01.14-20.42.09:338][  0]LogConfig: Applying CVar settings from Section [/Script/Engine.RendererOverrideSettings] File [E:/Unreal Projects/Dungeoner/Saved/Config/Windows/Engine.ini]
[2022.01.14-20.42.09:338][  0]LogConfig: Applying CVar settings from Section [/Script/Engine.StreamingSettings] File [E:/Unreal Projects/Dungeoner/Saved/Config/Windows/Engine.ini]
[2022.01.14-20.42.09:338][  0]LogConfig: Setting CVar [[s.MinBulkDataSizeForAsyncLoading:131072]]
[2022.01.14-20.42.09:338][  0]LogConfig: Setting CVar [[s.AsyncLoadingThreadEnabled:0]]
[2022.01.14-20.42.09:338][  0]LogConfig: Setting CVar [[s.EventDrivenLoaderEnabled:1]]
[2022.01.14-20.42.09:338][  0]LogConfig: Setting CVar [[s.WarnIfTimeLimitExceeded:0]]
[2022.01.14-20.42.09:338][  0]LogConfig: Setting CVar [[s.TimeLimitExceededMultiplier:1.5]]
[2022.01.14-20.42.09:338][  0]LogConfig: Setting CVar [[s.TimeLimitExceededMinTime:0.005]]
[2022.01.14-20.42.09:338][  0]LogConfig: Setting CVar [[s.UseBackgroundLevelStreaming:1]]
[2022.01.14-20.42.09:338][  0]LogConfig: Setting CVar [[s.PriorityAsyncLoadingExtraTime:15.0]]
[2022.01.14-20.42.09:338][  0]LogConfig: Setting CVar [[s.LevelStreamingActorsUpdateTimeLimit:5.0]]
[2022.01.14-20.42.09:338][  0]LogConfig: Setting CVar [[s.PriorityLevelStreamingActorsUpdateExtraTime:5.0]]
[2022.01.14-20.42.09:338][  0]LogConfig: Setting CVar [[s.LevelStreamingComponentsRegistrationGranularity:10]]
[2022.01.14-20.42.09:338][  0]LogConfig: Setting CVar [[s.UnregisterComponentsTimeLimit:1.0]]
[2022.01.14-20.42.09:338][  0]LogConfig: Setting CVar [[s.LevelStreamingComponentsUnregistrationGranularity:5]]
[2022.01.14-20.42.09:338][  0]LogConfig: Setting CVar [[s.FlushStreamingOnExit:1]]
[2022.01.14-20.42.09:338][  0]LogConfig: Applying CVar settings from Section [/Script/Engine.GarbageCollectionSettings] File [E:/Unreal Projects/Dungeoner/Saved/Config/Windows/Engine.ini]
[2022.01.14-20.42.09:338][  0]LogConfig: Setting CVar [[gc.MaxObjectsNotConsideredByGC:1]]
[2022.01.14-20.42.09:338][  0]LogConfig: Setting CVar [[gc.SizeOfPermanentObjectPool:0]]
[2022.01.14-20.42.09:338][  0]LogConfig: Setting CVar [[gc.FlushStreamingOnGC:0]]
[2022.01.14-20.42.09:338][  0]LogConfig: Setting CVar [[gc.NumRetriesBeforeForcingGC:10]]
[2022.01.14-20.42.09:338][  0]LogConfig: Setting CVar [[gc.AllowParallelGC:1]]
[2022.01.14-20.42.09:338][  0]LogConfig: Setting CVar [[gc.TimeBetweenPurgingPendingKillObjects:61.1]]
[2022.01.14-20.42.09:338][  0]LogConfig: Setting CVar [[gc.MaxObjectsInEditor:25165824]]
[2022.01.14-20.42.09:338][  0]LogConfig: Setting CVar [[gc.IncrementalBeginDestroyEnabled:1]]
[2022.01.14-20.42.09:338][  0]LogConfig: Setting CVar [[gc.CreateGCClusters:1]]
[2022.01.14-20.42.09:338][  0]LogConfig: Setting CVar [[gc.MinGCClusterSize:5]]
[2022.01.14-20.42.09:339][  0]LogConfig: Setting CVar [[gc.ActorClusteringEnabled:0]]
[2022.01.14-20.42.09:339][  0]LogConfig: Setting CVar [[gc.BlueprintClusteringEnabled:0]]
[2022.01.14-20.42.09:339][  0]LogConfig: Setting CVar [[gc.UseDisregardForGCOnDedicatedServers:0]]
[2022.01.14-20.42.09:339][  0]LogConfig: Setting CVar [[gc.MultithreadedDestructionEnabled:1]]
[2022.01.14-20.42.09:339][  0]LogConfig: Applying CVar settings from Section [/Script/Engine.NetworkSettings] File [E:/Unreal Projects/Dungeoner/Saved/Config/Windows/Engine.ini]
[2022.01.14-20.42.09:339][  0]LogConfig: Applying CVar settings from Section [/Script/UnrealEd.CookerSettings] File [E:/Unreal Projects/Dungeoner/Saved/Config/Windows/Engine.ini]
[2022.01.14-20.42.09:346][  0]LogConfig: Applying CVar settings from Section [ViewDistanceQuality@3] File [E:/Unreal Projects/Dungeoner/Saved/Config/Windows/Scalability.ini]
[2022.01.14-20.42.09:347][  0]LogConfig: Setting CVar [[r.SkeletalMeshLODBias:0]]
[2022.01.14-20.42.09:347][  0]LogConfig: Setting CVar [[r.ViewDistanceScale:1.0]]
[2022.01.14-20.42.09:347][  0]LogConfig: Applying CVar settings from Section [AntiAliasingQuality@3] File [E:/Unreal Projects/Dungeoner/Saved/Config/Windows/Scalability.ini]
[2022.01.14-20.42.09:347][  0]LogConfig: Setting CVar [[r.PostProcessAAQuality:4]]
[2022.01.14-20.42.09:347][  0]LogConfig: Applying CVar settings from Section [ShadowQuality@3] File [E:/Unreal Projects/Dungeoner/Saved/Config/Windows/Scalability.ini]
[2022.01.14-20.42.09:347][  0]LogConfig: Setting CVar [[r.LightFunctionQuality:1]]
[2022.01.14-20.42.09:347][  0]LogConfig: Setting CVar [[r.ShadowQuality:5]]
[2022.01.14-20.42.09:347][  0]LogConfig: Setting CVar [[r.Shadow.CSM.MaxCascades:10]]
[2022.01.14-20.42.09:347][  0]LogConfig: Setting CVar [[r.Shadow.MaxResolution:2048]]
[2022.01.14-20.42.09:347][  0]LogConfig: Setting CVar [[r.Shadow.MaxCSMResolution:2048]]
[2022.01.14-20.42.09:347][  0]LogConfig: Setting CVar [[r.Shadow.RadiusThreshold:0.01]]
[2022.01.14-20.42.09:347][  0]LogConfig: Setting CVar [[r.Shadow.DistanceScale:1.0]]
[2022.01.14-20.42.09:347][  0]LogConfig: Setting CVar [[r.Shadow.CSM.TransitionScale:1.0]]
[2022.01.14-20.42.09:347][  0]LogConfig: Setting CVar [[r.Shadow.PreShadowResolutionFactor:1.0]]
[2022.01.14-20.42.09:347][  0]LogConfig: Setting CVar [[r.DistanceFieldShadowing:1]]
[2022.01.14-20.42.09:347][  0]LogConfig: Setting CVar [[r.DistanceFieldAO:1]]
[2022.01.14-20.42.09:347][  0]LogConfig: Setting CVar [[r.AOQuality:2]]
[2022.01.14-20.42.09:347][  0]LogConfig: Setting CVar [[r.VolumetricFog:1]]
[2022.01.14-20.42.09:347][  0]LogConfig: Setting CVar [[r.VolumetricFog.GridPixelSize:8]]
[2022.01.14-20.42.09:347][  0]LogConfig: Setting CVar [[r.VolumetricFog.GridSizeZ:128]]
[2022.01.14-20.42.09:347][  0]LogConfig: Setting CVar [[r.VolumetricFog.HistoryMissSupersampleCount:4]]
[2022.01.14-20.42.09:347][  0]LogConfig: Setting CVar [[r.LightMaxDrawDistanceScale:1]]
[2022.01.14-20.42.09:347][  0]LogConfig: Setting CVar [[r.CapsuleShadows:1]]
[2022.01.14-20.42.09:347][  0]LogConfig: Applying CVar settings from Section [PostProcessQuality@3] File [E:/Unreal Projects/Dungeoner/Saved/Config/Windows/Scalability.ini]
[2022.01.14-20.42.09:347][  0]LogConfig: Setting CVar [[r.MotionBlurQuality:4]]
[2022.01.14-20.42.09:347][  0]LogConfig: Setting CVar [[r.AmbientOcclusionMipLevelFactor:0.4]]
[2022.01.14-20.42.09:347][  0]LogConfig: Setting CVar [[r.AmbientOcclusionMaxQuality:100]]
[2022.01.14-20.42.09:347][  0]LogConfig: Setting CVar [[r.AmbientOcclusionLevels:-1]]
[2022.01.14-20.42.09:347][  0]LogConfig: Setting CVar [[r.AmbientOcclusionRadiusScale:1.0]]
[2022.01.14-20.42.09:347][  0]LogConfig: Setting CVar [[r.DepthOfFieldQuality:2]]
[2022.01.14-20.42.09:347][  0]LogConfig: Setting CVar [[r.RenderTargetPoolMin:400]]
[2022.01.14-20.42.09:347][  0]LogConfig: Setting CVar [[r.LensFlareQuality:2]]
[2022.01.14-20.42.09:347][  0]LogConfig: Setting CVar [[r.SceneColorFringeQuality:1]]
[2022.01.14-20.42.09:347][  0]LogConfig: Setting CVar [[r.EyeAdaptationQuality:2]]
[2022.01.14-20.42.09:347][  0]LogConfig: Setting CVar [[r.BloomQuality:5]]
[2022.01.14-20.42.09:347][  0]LogConfig: Setting CVar [[r.FastBlurThreshold:100]]
[2022.01.14-20.42.09:347][  0]LogConfig: Setting CVar [[r.Upscale.Quality:3]]
[2022.01.14-20.42.09:347][  0]LogConfig: Setting CVar [[r.Tonemapper.GrainQuantization:1]]
[2022.01.14-20.42.09:347][  0]LogConfig: Setting CVar [[r.LightShaftQuality:1]]
[2022.01.14-20.42.09:347][  0]LogConfig: Setting CVar [[r.Filter.SizeScale:1]]
[2022.01.14-20.42.09:347][  0]LogConfig: Setting CVar [[r.Tonemapper.Quality:5]]
[2022.01.14-20.42.09:347][  0]LogConfig: Setting CVar [[r.DOF.Gather.AccumulatorQuality:1        ; higher gathering accumulator quality]]
[2022.01.14-20.42.09:347][  0]LogConfig: Setting CVar [[r.DOF.Gather.PostfilterMethod:1          ; Median3x3 postfilering method]]
[2022.01.14-20.42.09:347][  0]LogConfig: Setting CVar [[r.DOF.Gather.EnableBokehSettings:0       ; no bokeh simulation when gathering]]
[2022.01.14-20.42.09:347][  0]LogConfig: Setting CVar [[r.DOF.Gather.RingCount:4                 ; medium number of samples when gathering]]
[2022.01.14-20.42.09:347][  0]LogConfig: Setting CVar [[r.DOF.Scatter.ForegroundCompositing:1    ; additive foreground scattering]]
[2022.01.14-20.42.09:347][  0]LogConfig: Setting CVar [[r.DOF.Scatter.BackgroundCompositing:2    ; additive background scattering]]
[2022.01.14-20.42.09:347][  0]LogConfig: Setting CVar [[r.DOF.Scatter.EnableBokehSettings:1      ; bokeh simulation when scattering]]
[2022.01.14-20.42.09:347][  0]LogConfig: Setting CVar [[r.DOF.Scatter.MaxSpriteRatio:0.1         ; only a maximum of 10% of scattered bokeh]]
[2022.01.14-20.42.09:347][  0]LogConfig: Setting CVar [[r.DOF.Recombine.Quality:1                ; cheap slight out of focus]]
[2022.01.14-20.42.09:347][  0]LogConfig: Setting CVar [[r.DOF.Recombine.EnableBokehSettings:0    ; no bokeh simulation on slight out of focus]]
[2022.01.14-20.42.09:347][  0]LogConfig: Setting CVar [[r.DOF.TemporalAAQuality:1                ; more stable temporal accumulation]]
[2022.01.14-20.42.09:347][  0]LogConfig: Setting CVar [[r.DOF.Kernel.MaxForegroundRadius:0.025]]
[2022.01.14-20.42.09:347][  0]LogConfig: Setting CVar [[r.DOF.Kernel.MaxBackgroundRadius:0.025]]
[2022.01.14-20.42.09:347][  0]LogConfig: Applying CVar settings from Section [TextureQuality@3] File [E:/Unreal Projects/Dungeoner/Saved/Config/Windows/Scalability.ini]
[2022.01.14-20.42.09:347][  0]LogConfig: Setting CVar [[r.Streaming.MipBias:0]]
[2022.01.14-20.42.09:347][  0]LogConfig: Setting CVar [[r.Streaming.AmortizeCPUToGPUCopy:0]]
[2022.01.14-20.42.09:347][  0]LogConfig: Setting CVar [[r.Streaming.MaxNumTexturesToStreamPerFrame:0]]
[2022.01.14-20.42.09:348][  0]LogConfig: Setting CVar [[r.Streaming.Boost:1]]
[2022.01.14-20.42.09:348][  0]LogConfig: Setting CVar [[r.MaxAnisotropy:8]]
[2022.01.14-20.42.09:348][  0]LogConfig: Setting CVar [[r.VT.MaxAnisotropy:8]]
[2022.01.14-20.42.09:348][  0]LogConfig: Setting CVar [[r.Streaming.LimitPoolSizeToVRAM:0]]
[2022.01.14-20.42.09:348][  0]LogConfig: Setting CVar [[r.Streaming.PoolSize:1000]]
[2022.01.14-20.42.09:348][  0]LogConfig: Setting CVar [[r.Streaming.MaxEffectiveScreenSize:0]]
[2022.01.14-20.42.09:348][  0]LogConfig: Applying CVar settings from Section [EffectsQuality@3] File [E:/Unreal Projects/Dungeoner/Saved/Config/Windows/Scalability.ini]
[2022.01.14-20.42.09:348][  0]LogConfig: Setting CVar [[r.TranslucencyLightingVolumeDim:64]]
[2022.01.14-20.42.09:348][  0]LogConfig: Setting CVar [[r.RefractionQuality:2]]
[2022.01.14-20.42.09:348][  0]LogConfig: Setting CVar [[r.SSR.Quality:3]]
[2022.01.14-20.42.09:348][  0]LogConfig: Setting CVar [[r.SSR.HalfResSceneColor:0]]
[2022.01.14-20.42.09:348][  0]LogConfig: Setting CVar [[r.SceneColorFormat:4]]
[2022.01.14-20.42.09:348][  0]LogConfig: Setting CVar [[r.DetailMode:2]]
[2022.01.14-20.42.09:348][  0]LogConfig: Setting CVar [[r.TranslucencyVolumeBlur:1]]
[2022.01.14-20.42.09:348][  0]LogConfig: Setting CVar [[r.MaterialQualityLevel:1 ; High quality]]
[2022.01.14-20.42.09:348][  0]LogConfig: Setting CVar [[r.AnisotropicMaterials:1]]
[2022.01.14-20.42.09:348][  0]LogConfig: Setting CVar [[r.SSS.Scale:1]]
[2022.01.14-20.42.09:348][  0]LogConfig: Setting CVar [[r.SSS.SampleSet:2]]
[2022.01.14-20.42.09:348][  0]LogConfig: Setting CVar [[r.SSS.Quality:1]]
[2022.01.14-20.42.09:348][  0]LogConfig: Setting CVar [[r.SSS.HalfRes:0]]
[2022.01.14-20.42.09:348][  0]LogConfig: Setting CVar [[r.SSGI.Quality:3]]
[2022.01.14-20.42.09:348][  0]LogConfig: Setting CVar [[r.EmitterSpawnRateScale:1.0]]
[2022.01.14-20.42.09:348][  0]LogConfig: Setting CVar [[r.ParticleLightQuality:2]]
[2022.01.14-20.42.09:348][  0]LogConfig: Setting CVar [[r.SkyAtmosphere.AerialPerspectiveLUT.FastApplyOnOpaque:1 ; Always have FastSkyLUT 1 in this case to avoid wrong sky]]
[2022.01.14-20.42.09:348][  0]LogConfig: Setting CVar [[r.SkyAtmosphere.AerialPerspectiveLUT.SampleCountMaxPerSlice:4]]
[2022.01.14-20.42.09:348][  0]LogConfig: Setting CVar [[r.SkyAtmosphere.AerialPerspectiveLUT.DepthResolution:16.0]]
[2022.01.14-20.42.09:348][  0]LogConfig: Setting CVar [[r.SkyAtmosphere.FastSkyLUT:1]]
[2022.01.14-20.42.09:348][  0]LogConfig: Setting CVar [[r.SkyAtmosphere.FastSkyLUT.SampleCountMin:4.0]]
[2022.01.14-20.42.09:348][  0]LogConfig: Setting CVar [[r.SkyAtmosphere.FastSkyLUT.SampleCountMax:128.0]]
[2022.01.14-20.42.09:348][  0]LogConfig: Setting CVar [[r.SkyAtmosphere.SampleCountMin:4.0]]
[2022.01.14-20.42.09:348][  0]LogConfig: Setting CVar [[r.SkyAtmosphere.SampleCountMax:128.0]]
[2022.01.14-20.42.09:348][  0]LogConfig: Setting CVar [[r.SkyAtmosphere.TransmittanceLUT.UseSmallFormat:0]]
[2022.01.14-20.42.09:348][  0]LogConfig: Setting CVar [[r.SkyAtmosphere.TransmittanceLUT.SampleCount:10.0]]
[2022.01.14-20.42.09:348][  0]LogConfig: Setting CVar [[r.SkyAtmosphere.MultiScatteringLUT.SampleCount:15.0]]
[2022.01.14-20.42.09:348][  0]LogConfig: Setting CVar [[r.SkyLight.RealTimeReflectionCapture:1]]
[2022.01.14-20.42.09:348][  0]LogConfig: Applying CVar settings from Section [FoliageQuality@3] File [E:/Unreal Projects/Dungeoner/Saved/Config/Windows/Scalability.ini]
[2022.01.14-20.42.09:348][  0]LogConfig: Setting CVar [[foliage.DensityScale:1.0]]
[2022.01.14-20.42.09:348][  0]LogConfig: Setting CVar [[grass.DensityScale:1.0]]
[2022.01.14-20.42.09:348][  0]LogConfig: Applying CVar settings from Section [ShadingQuality@3] File [E:/Unreal Projects/Dungeoner/Saved/Config/Windows/Scalability.ini]
[2022.01.14-20.42.09:348][  0]LogConfig: Setting CVar [[r.HairStrands.SkyLighting.IntegrationType:2]]
[2022.01.14-20.42.09:348][  0]LogConfig: Setting CVar [[r.HairStrands.SkyAO.SampleCount:4]]
[2022.01.14-20.42.09:348][  0]LogConfig: Setting CVar [[r.HairStrands.Visibility.MSAA.SamplePerPixel:4]]
[2022.01.14-20.42.09:348][  0]LogInit: Selected Device Profile: [Windows]
[2022.01.14-20.42.09:348][  0]LogInit: Applying CVar settings loaded from the selected device profile: [Windows]
[2022.01.14-20.42.09:348][  0]LogHAL: Display: Platform has ~ 8 GB [8569896960 / 8589934592 / 8], which maps to Default [LargestMinGB=32, LargerMinGB=12, DefaultMinGB=8, SmallerMinGB=6, SmallestMinGB=0)
[2022.01.14-20.42.09:348][  0]LogInit: Going up to parent DeviceProfile []
[2022.01.14-20.42.09:348][  0]LogConfig: Applying CVar settings from Section [ViewDistanceQuality@Cine] File [E:/Unreal Projects/Dungeoner/Saved/Config/Windows/Scalability.ini]
[2022.01.14-20.42.09:348][  0]LogConfig: Setting CVar [[r.SkeletalMeshLODBias:0]]
[2022.01.14-20.42.09:348][  0]LogConfig: Setting CVar [[r.ViewDistanceScale:10.0]]
[2022.01.14-20.42.09:348][  0]LogConfig: Applying CVar settings from Section [AntiAliasingQuality@Cine] File [E:/Unreal Projects/Dungeoner/Saved/Config/Windows/Scalability.ini]
[2022.01.14-20.42.09:348][  0]LogConfig: Setting CVar [[r.PostProcessAAQuality:6]]
[2022.01.14-20.42.09:349][  0]LogConfig: Applying CVar settings from Section [ShadowQuality@Cine] File [E:/Unreal Projects/Dungeoner/Saved/Config/Windows/Scalability.ini]
[2022.01.14-20.42.09:349][  0]LogConfig: Setting CVar [[r.LightFunctionQuality:1]]
[2022.01.14-20.42.09:349][  0]LogConfig: Setting CVar [[r.ShadowQuality:5]]
[2022.01.14-20.42.09:349][  0]LogConfig: Setting CVar [[r.Shadow.CSM.MaxCascades:10]]
[2022.01.14-20.42.09:349][  0]LogConfig: Setting CVar [[r.Shadow.MaxResolution:4096]]
[2022.01.14-20.42.09:349][  0]LogConfig: Setting CVar [[r.Shadow.MaxCSMResolution:4096]]
[2022.01.14-20.42.09:349][  0]LogConfig: Setting CVar [[r.Shadow.RadiusThreshold:0]]
[2022.01.14-20.42.09:349][  0]LogConfig: Setting CVar [[r.Shadow.DistanceScale:1.0]]
[2022.01.14-20.42.09:349][  0]LogConfig: Setting CVar [[r.Shadow.CSM.TransitionScale:1.0]]
[2022.01.14-20.42.09:349][  0]LogConfig: Setting CVar [[r.Shadow.PreShadowResolutionFactor:1.0]]
[2022.01.14-20.42.09:349][  0]LogConfig: Setting CVar [[r.DistanceFieldShadowing:1]]
[2022.01.14-20.42.09:349][  0]LogConfig: Setting CVar [[r.DistanceFieldAO:1]]
[2022.01.14-20.42.09:349][  0]LogConfig: Setting CVar [[r.AOQuality:2]]
[2022.01.14-20.42.09:349][  0]LogConfig: Setting CVar [[r.VolumetricFog:1]]
[2022.01.14-20.42.09:349][  0]LogConfig: Setting CVar [[r.VolumetricFog.GridPixelSize:4]]
[2022.01.14-20.42.09:349][  0]LogConfig: Setting CVar [[r.VolumetricFog.GridSizeZ:128]]
[2022.01.14-20.42.09:349][  0]LogConfig: Setting CVar [[r.VolumetricFog.HistoryMissSupersampleCount:16]]
[2022.01.14-20.42.09:349][  0]LogConfig: Setting CVar [[r.LightMaxDrawDistanceScale:1]]
[2022.01.14-20.42.09:349][  0]LogConfig: Setting CVar [[r.CapsuleShadows:1]]
[2022.01.14-20.42.09:349][  0]LogConfig: Applying CVar settings from Section [PostProcessQuality@Cine] File [E:/Unreal Projects/Dungeoner/Saved/Config/Windows/Scalability.ini]
[2022.01.14-20.42.09:349][  0]LogConfig: Setting CVar [[r.MotionBlurQuality:4]]
[2022.01.14-20.42.09:349][  0]LogConfig: Setting CVar [[r.AmbientOcclusionMipLevelFactor:0.4]]
[2022.01.14-20.42.09:349][  0]LogConfig: Setting CVar [[r.AmbientOcclusionMaxQuality:100]]
[2022.01.14-20.42.09:349][  0]LogConfig: Setting CVar [[r.AmbientOcclusionLevels:-1]]
[2022.01.14-20.42.09:349][  0]LogConfig: Setting CVar [[r.AmbientOcclusionRadiusScale:1.0]]
[2022.01.14-20.42.09:349][  0]LogConfig: Setting CVar [[r.GTAO.Numangles:4]]
[2022.01.14-20.42.09:349][  0]LogConfig: Setting CVar [[r.DepthOfFieldQuality:4]]
[2022.01.14-20.42.09:349][  0]LogConfig: Setting CVar [[r.RenderTargetPoolMin:1000]]
[2022.01.14-20.42.09:349][  0]LogConfig: Setting CVar [[r.LensFlareQuality:3]]
[2022.01.14-20.42.09:349][  0]LogConfig: Setting CVar [[r.SceneColorFringeQuality:1]]
[2022.01.14-20.42.09:349][  0]LogConfig: Setting CVar [[r.EyeAdaptationQuality:2]]
[2022.01.14-20.42.09:349][  0]LogConfig: Setting CVar [[r.BloomQuality:5]]
[2022.01.14-20.42.09:349][  0]LogConfig: Setting CVar [[r.FastBlurThreshold:100]]
[2022.01.14-20.42.09:349][  0]LogConfig: Setting CVar [[r.Upscale.Quality:3]]
[2022.01.14-20.42.09:349][  0]LogConfig: Setting CVar [[r.Tonemapper.GrainQuantization:1]]
[2022.01.14-20.42.09:349][  0]LogConfig: Setting CVar [[r.LightShaftQuality:1]]
[2022.01.14-20.42.09:349][  0]LogConfig: Setting CVar [[r.Filter.SizeScale:1]]
[2022.01.14-20.42.09:349][  0]LogConfig: Setting CVar [[r.Tonemapper.Quality:5]]
[2022.01.14-20.42.09:349][  0]LogConfig: Setting CVar [[r.DOF.Gather.AccumulatorQuality:1        ; higher gathering accumulator quality]]
[2022.01.14-20.42.09:349][  0]LogConfig: Setting CVar [[r.DOF.Gather.PostfilterMethod:1          ; Median3x3 postfilering method]]
[2022.01.14-20.42.09:349][  0]LogConfig: Setting CVar [[r.DOF.Gather.EnableBokehSettings:1       ; bokeh simulation when gathering]]
[2022.01.14-20.42.09:349][  0]LogConfig: Setting CVar [[r.DOF.Gather.RingCount:5                 ; high number of samples when gathering]]
[2022.01.14-20.42.09:349][  0]LogConfig: Setting CVar [[r.DOF.Scatter.ForegroundCompositing:1    ; additive foreground scattering]]
[2022.01.14-20.42.09:349][  0]LogConfig: Setting CVar [[r.DOF.Scatter.BackgroundCompositing:2    ; background scattering occlusion]]
[2022.01.14-20.42.09:349][  0]LogConfig: Setting CVar [[r.DOF.Scatter.EnableBokehSettings:1      ; no bokeh simulation when scattering]]
[2022.01.14-20.42.09:349][  0]LogConfig: Setting CVar [[r.DOF.Scatter.MaxSpriteRatio:0.25        ; only a maximum of 10% of scattered bokeh]]
[2022.01.14-20.42.09:349][  0]LogConfig: Setting CVar [[r.DOF.Recombine.Quality:2                ; highest slight out of focus]]
[2022.01.14-20.42.09:349][  0]LogConfig: Setting CVar [[r.DOF.Recombine.EnableBokehSettings:1    ; bokeh simulation on slight out of focus]]
[2022.01.14-20.42.09:349][  0]LogConfig: Setting CVar [[r.DOF.TemporalAAQuality:1                ; more stable temporal accumulation]]
[2022.01.14-20.42.09:349][  0]LogConfig: Setting CVar [[r.DOF.Kernel.MaxForegroundRadius:0.025]]
[2022.01.14-20.42.09:349][  0]LogConfig: Setting CVar [[r.DOF.Kernel.MaxBackgroundRadius:0.025]]
[2022.01.14-20.42.09:349][  0]LogConfig: Applying CVar settings from Section [TextureQuality@Cine] File [E:/Unreal Projects/Dungeoner/Saved/Config/Windows/Scalability.ini]
[2022.01.14-20.42.09:349][  0]LogConfig: Setting CVar [[r.Streaming.MipBias:0]]
[2022.01.14-20.42.09:349][  0]LogConfig: Setting CVar [[r.Streaming.AmortizeCPUToGPUCopy:0]]
[2022.01.14-20.42.09:349][  0]LogConfig: Setting CVar [[r.Streaming.MaxNumTexturesToStreamPerFrame:0]]
[2022.01.14-20.42.09:349][  0]LogConfig: Setting CVar [[r.Streaming.Boost:1]]
[2022.01.14-20.42.09:349][  0]LogConfig: Setting CVar [[r.MaxAnisotropy:8]]
[2022.01.14-20.42.09:349][  0]LogConfig: Setting CVar [[r.VT.MaxAnisotropy:8]]
[2022.01.14-20.42.09:349][  0]LogConfig: Setting CVar [[r.Streaming.LimitPoolSizeToVRAM:0]]
[2022.01.14-20.42.09:350][  0]LogConfig: Setting CVar [[r.Streaming.PoolSize:3000]]
[2022.01.14-20.42.09:350][  0]LogConfig: Setting CVar [[r.Streaming.MaxEffectiveScreenSize:0]]
[2022.01.14-20.42.09:350][  0]LogConfig: Applying CVar settings from Section [EffectsQuality@Cine] File [E:/Unreal Projects/Dungeoner/Saved/Config/Windows/Scalability.ini]
[2022.01.14-20.42.09:350][  0]LogConfig: Setting CVar [[r.TranslucencyLightingVolumeDim:64]]
[2022.01.14-20.42.09:350][  0]LogConfig: Setting CVar [[r.RefractionQuality:2]]
[2022.01.14-20.42.09:350][  0]LogConfig: Setting CVar [[r.SSR.Quality:4]]
[2022.01.14-20.42.09:350][  0]LogConfig: Setting CVar [[r.SSR.HalfResSceneColor:0]]
[2022.01.14-20.42.09:350][  0]LogConfig: Setting CVar [[r.SceneColorFormat:4]]
[2022.01.14-20.42.09:350][  0]LogConfig: Setting CVar [[r.DetailMode:2]]
[2022.01.14-20.42.09:350][  0]LogConfig: Setting CVar [[r.TranslucencyVolumeBlur:1]]
[2022.01.14-20.42.09:350][  0]LogConfig: Setting CVar [[r.MaterialQualityLevel:1 ; High quality]]
[2022.01.14-20.42.09:350][  0]LogConfig: Setting CVar [[r.AnisotropicMaterials:1]]
[2022.01.14-20.42.09:350][  0]LogConfig: Setting CVar [[r.SSS.Scale:1]]
[2022.01.14-20.42.09:350][  0]LogConfig: Setting CVar [[r.SSS.SampleSet:2]]
[2022.01.14-20.42.09:350][  0]LogConfig: Setting CVar [[r.SSS.Quality:1]]
[2022.01.14-20.42.09:350][  0]LogConfig: Setting CVar [[r.SSS.HalfRes:0]]
[2022.01.14-20.42.09:350][  0]LogConfig: Setting CVar [[r.SSGI.Quality:4]]
[2022.01.14-20.42.09:350][  0]LogConfig: Setting CVar [[r.EmitterSpawnRateScale:1.0]]
[2022.01.14-20.42.09:350][  0]LogConfig: Setting CVar [[r.ParticleLightQuality:2]]
[2022.01.14-20.42.09:350][  0]LogConfig: Setting CVar [[r.SkyAtmosphere.AerialPerspectiveLUT.FastApplyOnOpaque:0]]
[2022.01.14-20.42.09:350][  0]LogConfig: Setting CVar [[r.SkyAtmosphere.AerialPerspectiveLUT.SampleCountMaxPerSlice:8]]
[2022.01.14-20.42.09:350][  0]LogConfig: Setting CVar [[r.SkyAtmosphere.AerialPerspectiveLUT.DepthResolution:32.0]]
[2022.01.14-20.42.09:350][  0]LogConfig: Setting CVar [[r.SkyAtmosphere.FastSkyLUT:0]]
[2022.01.14-20.42.09:350][  0]LogConfig: Setting CVar [[r.SkyAtmosphere.FastSkyLUT.SampleCountMin:4.0]]
[2022.01.14-20.42.09:350][  0]LogConfig: Setting CVar [[r.SkyAtmosphere.FastSkyLUT.SampleCountMax:256.0]]
[2022.01.14-20.42.09:350][  0]LogConfig: Setting CVar [[r.SkyAtmosphere.SampleCountMin:8.0]]
[2022.01.14-20.42.09:350][  0]LogConfig: Setting CVar [[r.SkyAtmosphere.SampleCountMax:256.0]]
[2022.01.14-20.42.09:350][  0]LogConfig: Setting CVar [[r.SkyAtmosphere.TransmittanceLUT.UseSmallFormat:0]]
[2022.01.14-20.42.09:350][  0]LogConfig: Setting CVar [[r.SkyAtmosphere.TransmittanceLUT.SampleCount:30.0]]
[2022.01.14-20.42.09:350][  0]LogConfig: Setting CVar [[r.SkyAtmosphere.MultiScatteringLUT.SampleCount:20.0]]
[2022.01.14-20.42.09:350][  0]LogConfig: Setting CVar [[r.SkyLight.RealTimeReflectionCapture:1]]
[2022.01.14-20.42.09:350][  0]LogConfig: Applying CVar settings from Section [FoliageQuality@Cine] File [E:/Unreal Projects/Dungeoner/Saved/Config/Windows/Scalability.ini]
[2022.01.14-20.42.09:350][  0]LogConfig: Setting CVar [[foliage.DensityScale:1.0]]
[2022.01.14-20.42.09:350][  0]LogConfig: Setting CVar [[grass.DensityScale:1.0]]
[2022.01.14-20.42.09:350][  0]LogConfig: Applying CVar settings from Section [ShadingQuality@Cine] File [E:/Unreal Projects/Dungeoner/Saved/Config/Windows/Scalability.ini]
[2022.01.14-20.42.09:350][  0]LogConfig: Setting CVar [[r.HairStrands.SkyLighting.IntegrationType:0]]
[2022.01.14-20.42.09:350][  0]LogConfig: Setting CVar [[r.HairStrands.SkyAO.SampleCount:8]]
[2022.01.14-20.42.09:350][  0]LogConfig: Setting CVar [[r.HairStrands.Visibility.MSAA.SamplePerPixel:8]]
[2022.01.14-20.42.09:350][  0]LogConfig: Applying CVar settings from Section [Startup] File [../../../Engine/Config/ConsoleVariables.ini]
[2022.01.14-20.42.09:350][  0]LogConfig: Setting CVar [[net.UseAdaptiveNetUpdateFrequency:0]]
[2022.01.14-20.42.09:350][  0]LogConfig: Setting CVar [[p.chaos.AllowCreatePhysxBodies:1]]
[2022.01.14-20.42.09:350][  0]LogConfig: Setting CVar [[fx.SkipVectorVMBackendOptimizations:1]]
[2022.01.14-20.42.09:350][  0]LogConfig: Applying CVar settings from Section [ConsoleVariables] File [E:/Unreal Projects/Dungeoner/Saved/Config/Windows/Engine.ini]
[2022.01.14-20.42.09:351][  0]LogConfig: Applying CVar settings from Section [ConsoleVariables] File [E:/Unreal Projects/Dungeoner/Saved/Config/Windows/Editor.ini]
[2022.01.14-20.42.09:351][  0]LogInit: Computer: HOME-PC
[2022.01.14-20.42.09:351][  0]LogInit: User: Denis
[2022.01.14-20.42.09:351][  0]LogInit: CPU Page size=4096, Cores=4
[2022.01.14-20.42.09:351][  0]LogInit: High frequency timer resolution =10.000000 MHz
[2022.01.14-20.42.09:351][  0]LogMemory: Memory total: Physical=8.0GB (8GB approx)
[2022.01.14-20.42.09:351][  0]LogMemory: Platform Memory Stats for Windows
[2022.01.14-20.42.09:351][  0]LogMemory: Process Physical Memory: 139.57 MB used, 139.57 MB peak
[2022.01.14-20.42.09:351][  0]LogMemory: Process Virtual Memory: 115.02 MB used, 115.02 MB peak
[2022.01.14-20.42.09:351][  0]LogMemory: Physical Memory: 5935.48 MB used,  2237.41 MB free, 8172.89 MB total
[2022.01.14-20.42.09:351][  0]LogMemory: Virtual Memory: 134208096.00 MB used,  9632.89 MB free, 134217728.00 MB total
[2022.01.14-20.42.09:358][  0]LogWindows: WindowsPlatformFeatures enabled
[2022.01.14-20.42.09:382][  0]LogInit: Physics initialised using underlying interface: PhysX
[2022.01.14-20.42.09:383][  0]LogInit: Using OS detected language (ru-RU).
[2022.01.14-20.42.09:383][  0]LogInit: Using OS detected locale (ru-RU).
[2022.01.14-20.42.09:386][  0]LogTextLocalizationManager: No specific localization for 'ru-RU' exists, so the 'ru' localization will be used.
[2022.01.14-20.42.09:386][  0]LogTextLocalizationResource: LocRes '../../../Engine/Content/Localization/Editor/ru/Editor.locres' could not be opened for reading!
[2022.01.14-20.42.09:386][  0]LogTextLocalizationResource: LocRes '../../../Engine/Content/Localization/EditorTutorials/ru/EditorTutorials.locres' could not be opened for reading!
[2022.01.14-20.42.09:386][  0]LogTextLocalizationResource: LocRes '../../../Engine/Content/Localization/Keywords/ru/Keywords.locres' could not be opened for reading!
[2022.01.14-20.42.09:386][  0]LogTextLocalizationResource: LocRes '../../../Engine/Content/Localization/Category/ru/Category.locres' could not be opened for reading!
[2022.01.14-20.42.09:386][  0]LogTextLocalizationResource: LocRes '../../../Engine/Content/Localization/ToolTips/ru/ToolTips.locres' could not be opened for reading!
[2022.01.14-20.42.09:386][  0]LogTextLocalizationResource: LocRes '../../../Engine/Content/Localization/PropertyNames/ru/PropertyNames.locres' could not be opened for reading!
[2022.01.14-20.42.09:387][  0]LogTextLocalizationResource: LocRes '../../../Engine/Content/Localization/Engine/ru/Engine.locres' could not be opened for reading!
[2022.01.14-20.42.09:387][  0]LogInit: Setting process to per monitor DPI aware
[2022.01.14-20.42.09:397][  0]LogWindowsTextInputMethodSystem: Display: IME system deactivated.
[2022.01.14-20.42.09:409][  0]LogSlate: New Slate User Created.  User Index 0, Is Virtual User: 0
[2022.01.14-20.42.09:409][  0]LogSlate: Slate User Registered.  User Index 0, Is Virtual User: 0
[2022.01.14-20.42.09:550][  0]LogD3D11RHI: Loaded GFSDK_Aftermath_Lib.x64.dll
[2022.01.14-20.42.09:554][  0]LogHMD: Failed to initialize OpenVR with code 110
[2022.01.14-20.42.09:554][  0]LogD3D11RHI: D3D11 min allowed feature level: 11_0
[2022.01.14-20.42.09:554][  0]LogD3D11RHI: D3D11 max allowed feature level: 11_0
[2022.01.14-20.42.09:554][  0]LogD3D11RHI: D3D11 adapters:
[2022.01.14-20.42.09:611][  0]LogD3D11RHI:    0. 'NVIDIA GeForce GTX 550 Ti' (Feature Level 11_0)
[2022.01.14-20.42.09:611][  0]LogD3D11RHI:       959/0/4086 MB DedicatedVideo/DedicatedSystem/SharedSystem, Outputs:1, VendorId:0x10de
[2022.01.14-20.42.09:613][  0]LogD3D11RHI:    1. 'Microsoft Basic Render Driver' (Feature Level 11_0)
[2022.01.14-20.42.09:613][  0]LogD3D11RHI:       0/0/4086 MB DedicatedVideo/DedicatedSystem/SharedSystem, Outputs:0, VendorId:0x1414
[2022.01.14-20.42.09:613][  0]LogD3D11RHI: Chosen D3D11 Adapter:
[2022.01.14-20.42.09:613][  0]LogD3D11RHI:     Description : NVIDIA GeForce GTX 550 Ti
[2022.01.14-20.42.09:613][  0]LogD3D11RHI:     VendorId    : 10de
[2022.01.14-20.42.09:613][  0]LogD3D11RHI:     DeviceId    : 1244
[2022.01.14-20.42.09:614][  0]LogD3D11RHI:     SubSysId    : 0000
[2022.01.14-20.42.09:614][  0]LogD3D11RHI:     Revision    : 00a1
[2022.01.14-20.42.09:614][  0]LogD3D11RHI:     DedicatedVideoMemory : 1005780992 bytes
[2022.01.14-20.42.09:614][  0]LogD3D11RHI:     DedicatedSystemMemory : 0 bytes
[2022.01.14-20.42.09:614][  0]LogD3D11RHI:     SharedSystemMemory : 4284948480 bytes
[2022.01.14-20.42.09:614][  0]LogD3D11RHI:     AdapterLuid : 0 38506
[2022.01.14-20.42.09:619][  0]LogD3D11RHI: Creating new Direct3DDevice
[2022.01.14-20.42.09:619][  0]LogD3D11RHI:     GPU DeviceId: 0x1244 (for the marketing name, search the web for "GPU Device Id")
[2022.01.14-20.42.09:619][  0]LogWindows: EnumDisplayDevices:
[2022.01.14-20.42.09:619][  0]LogWindows:    0. 'NVIDIA GeForce GTX 550 Ti' (P:1 D:1)
[2022.01.14-20.42.09:619][  0]LogWindows:    1. 'NVIDIA GeForce GTX 550 Ti' (P:0 D:0)
[2022.01.14-20.42.09:620][  0]LogWindows: DebugString: FoundDriverCount:2 
[2022.01.14-20.42.09:620][  0]LogD3D11RHI:     Adapter Name: NVIDIA GeForce GTX 550 Ti
[2022.01.14-20.42.09:620][  0]LogD3D11RHI:   Driver Version: 391.35 (internal:23.21.13.9135, unified:391.35)
[2022.01.14-20.42.09:620][  0]LogD3D11RHI:      Driver Date: 3-23-2018
[2022.01.14-20.42.09:620][  0]LogRHI: Texture pool is 671 MB (70% of 959 MB)
[2022.01.14-20.42.09:620][  0]LogD3D11RHI: Creating D3DDevice using adapter:
[2022.01.14-20.42.09:620][  0]LogD3D11RHI:     Description : NVIDIA GeForce GTX 550 Ti
[2022.01.14-20.42.09:620][  0]LogD3D11RHI:     VendorId    : 10de
[2022.01.14-20.42.09:620][  0]LogD3D11RHI:     DeviceId    : 1244
[2022.01.14-20.42.09:620][  0]LogD3D11RHI:     SubSysId    : 0000
[2022.01.14-20.42.09:620][  0]LogD3D11RHI:     Revision    : 00a1
[2022.01.14-20.42.09:620][  0]LogD3D11RHI:     DedicatedVideoMemory : 1005780992 bytes
[2022.01.14-20.42.09:620][  0]LogD3D11RHI:     DedicatedSystemMemory : 0 bytes
[2022.01.14-20.42.09:620][  0]LogD3D11RHI:     SharedSystemMemory : 4284948480 bytes
[2022.01.14-20.42.09:620][  0]LogD3D11RHI:     AdapterLuid : 0 38506
[2022.01.14-20.42.09:663][  0]LogD3D11RHI: Display: Timestamp queries are currently disabled on this hardware due to instability. Realtime GPU stats will not be available. You can override this behaviour by setting r.NVIDIATimestampWorkaround to 0
[2022.01.14-20.42.09:664][  0]LogD3D11RHI: RHI does not have support for 64 bit atomics
[2022.01.14-20.42.09:664][  0]LogD3D11RHI: Async texture creation enabled
[2022.01.14-20.42.09:684][  0]LogD3D11RHI: GPU Timing Frequency: 1000.000000 (Debug: 2 2)
[2022.01.14-20.42.09:729][  0]LogRHI: GeForceNow SDK initialized: 1
[2022.01.14-20.42.10:699][  0]LogTargetPlatformManager: Display: Loaded TargetPlatform 'AllDesktop'
[2022.01.14-20.42.10:725][  0]LogTargetPlatformManager: Display: Loaded TargetPlatform 'Android'
[2022.01.14-20.42.10:725][  0]LogTargetPlatformManager: Display: Loaded TargetPlatform 'Android_ASTC'
[2022.01.14-20.42.10:725][  0]LogTargetPlatformManager: Display: Loaded TargetPlatform 'Android_DXT'
[2022.01.14-20.42.10:725][  0]LogTargetPlatformManager: Display: Loaded TargetPlatform 'Android_ETC2'
[2022.01.14-20.42.10:725][  0]LogTargetPlatformManager: Display: Loaded TargetPlatform 'AndroidClient'
[2022.01.14-20.42.10:725][  0]LogTargetPlatformManager: Display: Loaded TargetPlatform 'Android_ASTCClient'
[2022.01.14-20.42.10:725][  0]LogTargetPlatformManager: Display: Loaded TargetPlatform 'Android_DXTClient'
[2022.01.14-20.42.10:725][  0]LogTargetPlatformManager: Display: Loaded TargetPlatform 'Android_ETC2Client'
[2022.01.14-20.42.10:725][  0]LogTargetPlatformManager: Display: Loaded TargetPlatform 'Android_Multi'
[2022.01.14-20.42.10:725][  0]LogTargetPlatformManager: Display: Loaded TargetPlatform 'Android_MultiClient'
[2022.01.14-20.42.10:747][  0]LogTargetPlatformManager: Display: Loaded TargetPlatform 'IOSClient'
[2022.01.14-20.42.10:747][  0]LogTargetPlatformManager: Display: Loaded TargetPlatform 'IOS'
[2022.01.14-20.42.10:758][  0]LogTargetPlatformManager: Display: Loaded TargetPlatform 'Linux'
[2022.01.14-20.42.10:763][  0]LogTargetPlatformManager: Display: Loaded TargetPlatform 'LinuxNoEditor'
[2022.01.14-20.42.10:769][  0]LogTargetPlatformManager: Display: Loaded TargetPlatform 'LinuxClient'
[2022.01.14-20.42.10:774][  0]LogTargetPlatformManager: Display: Loaded TargetPlatform 'LinuxServer'
[2022.01.14-20.42.10:784][  0]LogTargetPlatformManager: Display: Loaded TargetPlatform 'LinuxAArch64NoEditor'
[2022.01.14-20.42.10:789][  0]LogTargetPlatformManager: Display: Loaded TargetPlatform 'LinuxAArch64Client'
[2022.01.14-20.42.10:794][  0]LogTargetPlatformManager: Display: Loaded TargetPlatform 'LinuxAArch64Server'
[2022.01.14-20.42.10:823][  0]LogTargetPlatformManager: Display: Loaded TargetPlatform 'Lumin'
[2022.01.14-20.42.10:823][  0]LogTargetPlatformManager: Display: Loaded TargetPlatform 'LuminClient'
[2022.01.14-20.42.10:833][  0]LogTargetPlatformManager: Display: Loaded TargetPlatform 'MacNoEditor'
[2022.01.14-20.42.10:838][  0]LogTargetPlatformManager: Display: Loaded TargetPlatform 'Mac'
[2022.01.14-20.42.10:843][  0]LogTargetPlatformManager: Display: Loaded TargetPlatform 'MacClient'
[2022.01.14-20.42.10:848][  0]LogTargetPlatformManager: Display: Loaded TargetPlatform 'MacServer'
[2022.01.14-20.42.10:861][  0]LogTargetPlatformManager: Display: Loaded TargetPlatform 'TVOSClient'
[2022.01.14-20.42.10:861][  0]LogTargetPlatformManager: Display: Loaded TargetPlatform 'TVOS'
[2022.01.14-20.42.10:871][  0]LogTargetPlatformManager: Display: Loaded TargetPlatform 'WindowsNoEditor'
[2022.01.14-20.42.10:877][  0]LogTargetPlatformManager: Display: Loaded TargetPlatform 'Windows'
[2022.01.14-20.42.10:882][  0]LogTargetPlatformManager: Display: Loaded TargetPlatform 'WindowsClient'
[2022.01.14-20.42.10:887][  0]LogTargetPlatformManager: Display: Loaded TargetPlatform 'WindowsServer'
[2022.01.14-20.42.10:887][  0]LogTargetPlatformManager: Display: Building Assets For Windows
[2022.01.14-20.42.10:895][  0]LogAudioDebug: Display: Lib vorbis DLL was dynamically loaded.
[2022.01.14-20.42.10:928][  0]LogTextureFormatOodle: Display: Oodle Texture 2.9.0 init RDO Off
[2022.01.14-20.42.10:964][  0]LogRendererCore: Ray tracing is disabled. Reason: r.RayTracing=0.
[2022.01.14-20.42.10:964][  0]LogShaderCompilers: Guid format shader working directory is 8 characters bigger than the processId version (../../../../Unreal Projects/Dungeoner/Intermediate/Shaders/WorkingDirectory/14956/).
[2022.01.14-20.42.10:964][  0]LogShaderCompilers: Cleaned the shader compiler working directory 'C:/Users/Denis/AppData/Local/Temp/UnrealShaderWorkingDir/EB20C93348A7404FBE4F40A9F5346578/'.
[2022.01.14-20.42.10:965][  0]LogShaderCompilers: Display: Using XGE Controller for Shader Compilation.
[2022.01.14-20.42.11:981][  0]LogDerivedDataCache: Display: Max Cache Size: 512 MB
[2022.01.14-20.42.12:055][  0]LogDerivedDataCache: Loaded boot cache 0.07s 94MB C:/Users/Denis/AppData/Local/UnrealEngine/4.27/DerivedDataCache/Boot.ddc.
[2022.01.14-20.42.12:055][  0]LogDerivedDataCache: Display: Loaded Boot cache: C:/Users/Denis/AppData/Local/UnrealEngine/4.27/DerivedDataCache/Boot.ddc
[2022.01.14-20.42.12:055][  0]LogDerivedDataCache: FDerivedDataBackendGraph:  Pak pak cache file ../../../../Unreal Projects/Dungeoner/DerivedDataCache/DDC.ddp not found, will not use a pak cache.
[2022.01.14-20.42.12:055][  0]LogDerivedDataCache: Unable to find inner node Pak for hierarchical cache Hierarchy.
[2022.01.14-20.42.12:055][  0]LogDerivedDataCache: FDerivedDataBackendGraph:  CompressedPak pak cache file ../../../../Unreal Projects/Dungeoner/DerivedDataCache/Compressed.ddp not found, will not use a pak cache.
[2022.01.14-20.42.12:055][  0]LogDerivedDataCache: Unable to find inner node CompressedPak for hierarchical cache Hierarchy.
[2022.01.14-20.42.12:080][  0]LogDerivedDataCache: Display: Pak cache opened for reading ../../../Engine/DerivedDataCache/Compressed.ddp.
[2022.01.14-20.42.12:080][  0]LogDerivedDataCache: FDerivedDataBackendGraph:  EnterprisePak pak cache file ../../../Enterprise/DerivedDataCache/Compressed.ddp not found, will not use a pak cache.
[2022.01.14-20.42.12:080][  0]LogDerivedDataCache: Unable to find inner node EnterprisePak for hierarchical cache Hierarchy.
[2022.01.14-20.42.12:172][  0]LogDerivedDataCache: Speed tests for C:/Users/Denis/AppData/Local/UnrealEngine/Common/DerivedDataCache took 0.09 seconds
[2022.01.14-20.42.12:172][  0]LogDerivedDataCache: Display: Performance to C:/Users/Denis/AppData/Local/UnrealEngine/Common/DerivedDataCache: Latency=0.03ms. RandomReadSpeed=1100.74MBs, RandomWriteSpeed=10.29MBs. Assigned SpeedClass 'Local'
[2022.01.14-20.42.12:172][  0]LogDerivedDataCache: Using Local data cache path C:/Users/Denis/AppData/Local/UnrealEngine/Common/DerivedDataCache: Writable
[2022.01.14-20.42.12:173][  0]LogDerivedDataCache: Shared data cache path not found in *engine.ini, will not use an Shared cache.
[2022.01.14-20.42.12:173][  0]LogDerivedDataCache: Unable to find inner node Shared for hierarchical cache Hierarchy.
[2022.01.14-20.42.12:254][  0]LogSlate: Using FreeType 2.10.0
[2022.01.14-20.42.12:254][  0]LogSlate: SlateFontServices - WITH_FREETYPE: 1, WITH_HARFBUZZ: 1
[2022.01.14-20.42.12:284][  0]LogAssetRegistry: FAssetRegistry took 0.0034 seconds to start up
[2022.01.14-20.42.12:612][  0]LogInit: Selected Device Profile: [Windows]
[2022.01.14-20.42.12:612][  0]LogInit: Active device profile: [00000275B6C5AE00][00000275B5B18640 49] Windows
[2022.01.14-20.42.12:612][  0]LogInit: Profiles: [00000275B6C5AE00][00000275B5B18640 49] Windows, [00000275B6C05400][00000275AABCE780 49] WindowsNoEditor, [00000275B6C59400][00000275B8FDC8C0 49] WindowsServer, [00000275B6C06600][00000275A8E16A00 49] WindowsClient, [00000275B6C5A500][00000275B8C68B40 49] IOS, [00000275B6C05D00][00000275AA856CC0 49] iPadAir, [00000275B6C59C00][00000275AA85AE40 49] iPadAir2, [00000275B67BB500][00000275B5AF7100 49] IPadPro, [00000275B67BB600][00000275B5AF3140 49] iPadAir3, [00000275B6C5B200][00000275B5AFB2C0 49] iPadAir4, [00000275B67B9900][00000275B5AFF440 49] iPadMini2, [00000275B6C5AB00][00000275B90A55C0 49] iPadMini3, [00000275B67BB900][00000275B90A9740 49] iPadMini4, [00000275B6C58100][00000275B90AD8C0 49] iPadMini5, [00000275B6C0AE00][00000275B90B5B80 49] iPhone6, [00000275B6C0AF00][00000275B90B1BC0 49] iPodTouch6, [00000275B67B8A00][00000275B90BC300 49] iPhone7, [00000275B67B8900][00000275B90B8340 49] iPodTouch7, [00000275B6C09800][00000275B90C04C0 49] iPhone5S, [00000275B67BAE00][00000275B90C4640 49] iPhone6Plus, [00000275B6C0A100][00000275B90C87C0 49] iPhone6S, [00000275B67BA100][00000275B90CC940 49] iPhone6SPlus, [00000275B6C09500][00000275A97BCA80 49] iPhone7Plus, [00000275B67BB700][00000275B90D0BC0 49] iPhoneSE, [00000275B6C09A00][00000275B90D4D00 49] iPhone8, [00000275B67BAC00][00000275B8FA0E80 49] iPhone8Plus, [00000275B6C0A000][00000275B8FA5000 49] iPhoneX, [00000275B67BA700][00000275B8FA9180 49] iPhoneXS, [00000275B6C0B200][00000275B8FAD300 49] iPhoneXSMax, [00000275B67BA200][00000275B8FB1480 49] iPhoneXR, [00000275B6C0A700][00000275B8FB5600 49] iPhone11, [00000275B67B8500][00000275B8FB9780 49] iPhone11Pro, [00000275B6C0A600][00000275B8FBD900 49] iPhone11ProMax, [00000275B67B8200][00000275B8FC1A80 49] iPhoneSE2, [00000275B6C09B00][00000275B8FC5C00 49] iPhone12Mini, [00000275B67BBF00][00000275B8FC8200 49] iPhone12, [00000275B6C0A400][00000275B8FCC380 49] iPhone12Pro, [00000275B67B9000][00000275B8FD0500 49] iPhone12ProMax, [00000275B6C0B800][00000275B8FD4680 49] iPadPro105, [00000275B67BAA00][00000275B8FD8800 49] iPadPro129, [00000275B6C08B00][00000275B9128980 49] iPadPro97, [00000275B67BBA00][00000275B912CB00 49] iPadPro2_129, [00000275B6C0BD00][00000275B90D8C40 49] iPad5, [00000275B67BBD00][00000275B9130D80 49] iPad6, [00000275B6C0A200][00000275B9134EC0 49] iPad7, [00000275B67B8800][00000275B913D040 49] iPad8, [00000275B6C0AC00][00000275B91411C0 49] iPadPro11, [00000275B67BBB00][00000275B9145340 49] iPadPro2_11, [00000275B6C0B500][00000275B91494C0 49] iPadPro3_129, [00000275B67B8E00][00000275B914D640 49] iPadPro4_129, [00000275B6C0A300][00000275B91517C0 49] AppleTV, [00000275B67BA800][00000275B9155940 49] AppleTV4K, [00000275B6C07600][00000275B9159AC0 49] TVOS, [00000275B6C95100][00000275B915C0C0 49] Mac, [00000275B6C07A00][00000275B9160240 49] MacClient, [00000275B6C95900][00000275B91643C0 49] MacNoEditor, [00000275B6C06500][00000275B9168540 49] MacServer, [00000275B6C95800][00000275B916C6C0 49] Linux, [00000275B6C05200][00000275B5A6C840 49] LinuxAArch64, [00000275B6C94C00][00000275B5A709C0 49] LinuxNoEditor, [00000275B6C04900][00000275B5A74B40 49] LinuxAArch64NoEditor, [00000275B6C95600][00000275B5A78CC0 49] LinuxClient, [00000275B6C05F00][00000275B9138E00 49] LinuxAArch64Client, [00000275B6C94200][00000275B5A7CF40 49] LinuxServer, [00000275B6C04200][00000275B5A81080 49] LinuxAArch64Server, [00000275B6C95700][00000275B5A851C0 49] Android, [00000275B6C06300][00000275B5A8D340 49] Android_Low, [00000275B6C95300][00000275B5A914C0 49] Android_Mid, [00000275B6C05A00][00000275B5A95640 49] Android_High, [00000275B6C95C00][00000275B5A997C0 49] Android_Default, [00000275B6C07F00][00000275B5A9D940 49] Android_Adreno4xx, [00000275B6C96100][00000275B5AA1AC0 49] Android_Adreno5xx_Low, [00000275B67BB400][00000275B5AA40C0 49] Android_Adreno5xx, [00000275B6C08100][00000275B5AA8240 49] Android_Adreno6xx, [00000275B67BBC00][00000275B5AAC3C0 49] Android_Adreno6xx_Vulkan, [00000275B6C0AB00][00000275B5AB0540 49] Android_Mali_T6xx, [00000275B67BA900][00000275B5AB46C0 49] Android_Mali_T7xx, [00000275B6C08900][00000275B5AB8840 49] Android_Mali_T8xx, [00000275B67B8B00][00000275B5ABC9C0 49] Android_Mali_G71, [00000275B6C08300][00000275B5AC0B40 49] Android_Mali_G72, [00000275B67B9200][00000275B5AC4CC0 49] Android_Mali_G72_Vulkan, [00000275B6C0B000][00000275B5AC8E40 49] Android_Mali_G76, [00000275B67B9E00][00000275B5A88F80 49] Android_Mali_G76_Vulkan, [00000275B6C09300][00000275B5ACD0C0 49] Android_Mali_G77, [00000275B67B8400][00000275AA7E7200 49] Android_Mali_G77_Vulkan, [00000275B6C0A500][00000275AA7EB340 49] Android_Mali_G78, [00000275B67BB300][00000275AA7F34C0 49] Android_Mali_G78_Vulkan, [00000275B6C0B700][00000275AA7F7640 49] Android_Mali_G710, [00000275B67BA500][00000275AA7FB7C0 49] Android_Mali_G710_Vulkan, [00000275B6C95D00][00000275AA7FF940 49] Android_Vulkan_SM5, [00000275B67B9300][00000275AA803AC0 49] Android_PowerVR_G6xxx, [00000275B6C95200][00000275B8DD00C0 49] Android_PowerVR_GT7xxx, [00000275B67BB100][00000275B8DD4240 49] Android_PowerVR_GE8xxx, [00000275B6C94B00][00000275B8DD83C0 49] Android_PowerVR_GM9xxx, [00000275B67B9F00][00000275B8DDC540 49] Android_PowerVR_GM9xxx_Vulkan, [00000275B6C94700][00000275B8DE06C0 49] Android_TegraK1, [00000275B67B8300][00000275B8DE4840 49] Android_Unknown_Vulkan, [00000275B6C0AA00][00000275B8DE89C0 49] Lumin, [00000275B67B9100][00000275B8DECB40 49] Lumin_Desktop, [00000275B6C08700][00000275B8DF0CC0 49] HoloLens, 
[2022.01.14-20.42.12:786][  0]LogMeshReduction: Using QuadricMeshReduction for automatic static mesh reduction
[2022.01.14-20.42.12:786][  0]LogMeshReduction: Using SimplygonMeshReduction for automatic skeletal mesh reduction
[2022.01.14-20.42.12:786][  0]LogMeshReduction: Using ProxyLODMeshReduction for automatic mesh merging
[2022.01.14-20.42.12:786][  0]LogMeshReduction: No distributed automatic mesh merging module available
[2022.01.14-20.42.12:786][  0]LogMeshMerging: No distributed automatic mesh merging module available
[2022.01.14-20.42.12:802][  0]LogNetVersion: Dungeoner 1.0.0, NetCL: 17155196, EngineNetVer: 17, GameNetVer: 0 (Checksum: 1542495505)
[2022.01.14-20.42.13:274][  0]LogTexture: Default maximum texture size for cubemaps generated from long-lat sources has been changed from 512 to unlimited. In order to preserve old behaiour for '/Engine/MapTemplates/Sky/DaylightAmbientCubemap.DaylightAmbientCubemap', its maximum texture size has been explicitly set to 512.
[2022.01.14-20.42.13:343][  0]LogHMD: PokeAHoleMaterial loaded successfully
[2022.01.14-20.42.13:350][  0]LogUObjectArray: 17178 objects as part of root set at end of initial load.
[2022.01.14-20.42.13:350][  0]LogUObjectAllocator: 4302048 out of 0 bytes used by permanent object pool.
[2022.01.14-20.42.13:350][  0]LogUObjectArray: CloseDisregardForGC: 0/0 objects in disregard for GC pool
[2022.01.14-20.42.13:657][  0]LogPython: Using Python 3.7.7
[2022.01.14-20.42.14:417][  0]LogNiagaraDebuggerClient: Niagara Debugger Client Initialized | Session: B36B64384F2E3E3544F6C499D7758011 | Instance: 231213874DD657FB2CB24884362851B8 (HOME-PC-14956).
[2022.01.14-20.42.14:611][  0]LogTcpMessaging: Initializing TcpMessaging bridge
[2022.01.14-20.42.14:617][  0]LogUdpMessaging: Initializing bridge on interface 0.0.0.0:0 to multicast group 230.0.0.1:6666.
[2022.01.14-20.42.14:803][  0]SourceControl: Source control is disabled
[2022.01.14-20.42.14:804][  0]SourceControl: Source control is disabled
[2022.01.14-20.42.14:807][  0]SourceControl: Source control is disabled
[2022.01.14-20.42.14:810][  0]SourceControl: Source control is disabled
[2022.01.14-20.42.14:820][  0]SourceControl: Source control is disabled
[2022.01.14-20.42.14:828][  0]LogUProjectInfo: Found projects:
[2022.01.14-20.42.15:066][  0]LogOpenImageDenoise: OIDN starting up
[2022.01.14-20.42.15:126][  0]LogAndroidPermission: UAndroidPermissionCallbackProxy::GetInstance
[2022.01.14-20.42.15:155][  0]LogAudioCaptureCore: Display: No Audio Capture implementations found. Audio input will be silent.
[2022.01.14-20.42.15:155][  0]LogAudioCaptureCore: Display: No Audio Capture implementations found. Audio input will be silent.
[2022.01.14-20.42.15:312][  0]LogCollectionManager: Loaded 0 collections in 0.001195 seconds
[2022.01.14-20.42.15:343][  0]LogFileCache: Scanning file cache for directory 'E:/Unreal Projects/Dungeoner/Saved/Collections/' took 0.00s
[2022.01.14-20.42.15:343][  0]LogFileCache: Scanning file cache for directory 'E:/Unreal Projects/Dungeoner/Content/Developers/Denis/Collections/' took 0.00s
[2022.01.14-20.42.15:343][  0]LogFileCache: Scanning file cache for directory 'E:/Unreal Projects/Dungeoner/Content/Collections/' took 0.00s
[2022.01.14-20.42.15:343][  0]LogOcInput: OculusInput pre-init called
[2022.01.14-20.42.15:640][  0]LogEngine: Initializing Engine...
[2022.01.14-20.42.15:643][  0]LogHMD: Failed to enumerate extensions. Please check that you have a valid OpenXR runtime installed.
[2022.01.14-20.42.15:643][  0]LogHMD: Failed to initialize OpenVR with code 110
[2022.01.14-20.42.15:643][  0]LogMagicLeap: Warning: VR disabled because ZI is not enabled.  To enable, in the editor, Edit -> Project Settings -> Plugins -> Magic Leap Plugin -> Enable Zero Iteration
[2022.01.14-20.42.15:644][  0]LogStats: UGameplayTagsManager::InitializeManager -  0.000 s
[2022.01.14-20.42.15:811][  0]LogInit: Initializing FReadOnlyCVARCache
[2022.01.14-20.42.15:822][  0]LogAIModule: Creating AISystem for world Untitled
[2022.01.14-20.42.15:823][  0]LogAudio: Display: Initializing Audio Device Manager...
[2022.01.14-20.42.15:827][  0]LogAudio: Display: Loading Default Audio Settings Objects...
[2022.01.14-20.42.15:828][  0]LogAudio: Display: No default SoundConcurrencyObject specified (or failed to load).
[2022.01.14-20.42.15:829][  0]LogAudio: Display: Audio Device Manager Initialized
[2022.01.14-20.42.15:829][  0]LogAudio: Display: Creating Audio Device:                 Id: 1, Scope: Shared, Realtime: True
[2022.01.14-20.42.15:829][  0]LogAudioMixer: Display: Audio Mixer Platform Settings:
[2022.01.14-20.42.15:829][  0]LogAudioMixer: Display: 	Sample Rate:						  48000
[2022.01.14-20.42.15:829][  0]LogAudioMixer: Display: 	Callback Buffer Frame Size Requested: 1024
[2022.01.14-20.42.15:829][  0]LogAudioMixer: Display: 	Callback Buffer Frame Size To Use:	  1024
[2022.01.14-20.42.15:829][  0]LogAudioMixer: Display: 	Number of buffers to queue:			  2
[2022.01.14-20.42.15:829][  0]LogAudioMixer: Display: 	Max Channels (voices):				  32
[2022.01.14-20.42.15:829][  0]LogAudioMixer: Display: 	Number of Async Source Workers:		  0
[2022.01.14-20.42.15:829][  0]LogAudio: Display: AudioDevice MaxSources: 32
[2022.01.14-20.42.15:829][  0]LogAudio: Display: Audio Spatialization Plugin: None (built-in).
[2022.01.14-20.42.15:829][  0]LogAudio: Display: Audio Reverb Plugin: None (built-in).
[2022.01.14-20.42.15:829][  0]LogAudio: Display: Audio Occlusion Plugin: None (built-in).
[2022.01.14-20.42.15:829][  0]LogAudioMixer: Display: Initializing audio mixer.
[2022.01.14-20.42.15:840][  0]LogAudioMixer: Display: 0: FrontLeft
[2022.01.14-20.42.15:841][  0]LogAudioMixer: Display: 1: FrontRight
[2022.01.14-20.42.15:915][  0]LogAudioMixer: Display: Using Audio Device Динамики (Bloody Gaming Audio Device)
[2022.01.14-20.42.15:915][  0]LogAudioMixer: Display: Initializing Sound Submixes...
[2022.01.14-20.42.15:918][  0]LogAudioMixer: Display: Creating Master Submix 'MasterSubmixDefault'
[2022.01.14-20.42.15:918][  0]LogAudioMixer: Display: Creating Master Submix 'MasterReverbSubmixDefault'
[2022.01.14-20.42.15:919][  0]LogAudioMixer: Display: Creating Master Submix 'MasterEQSubmixDefault'
[2022.01.14-20.42.15:919][  0]LogAudioMixer: FMixerPlatformXAudio2::StartAudioStream() called
[2022.01.14-20.42.15:919][  0]LogAudioMixer: Display: Output buffers initialized: Frames=1024, Channels=2, Samples=2048
[2022.01.14-20.42.15:920][  0]LogAudioMixer: Display: Starting AudioMixerPlatformInterface::RunInternal()
[2022.01.14-20.42.15:920][  0]LogAudioMixer: Display: FMixerPlatformXAudio2::SubmitBuffer() called for the first time
[2022.01.14-20.42.15:920][  0]LogInit: FAudioDevice initialized.
[2022.01.14-20.42.15:921][  0]LogAudio: Display: Audio Device (ID: 1) registered with world 'Untitled'.
[2022.01.14-20.42.15:921][  0]LogNetVersion: Set ProjectVersion to 1.0.0.0. Version Checksum will be recalculated on next use.
[2022.01.14-20.42.16:255][  0]LogDerivedDataCache: Saved boot cache 0.34s 94MB C:/Users/Denis/AppData/Local/UnrealEngine/4.27/DerivedDataCache/Boot.ddc.
[2022.01.14-20.42.16:256][  0]LogInit: Texture streaming: Enabled
[2022.01.14-20.42.16:280][  0]LogAnalytics: Display: [UEEditor.Rocket.Release] APIServer = https://datarouter.ol.epicgames.com/. AppVersion = 4.27.2-18319896+++UE4+Release-4.27
[2022.01.14-20.42.16:286][  0]LogEngineSessionManager: EngineSessionManager initialized
[2022.01.14-20.42.16:286][  0]LogEditorSessionSummary: Verbose: Initializing EditorSessionSummaryWriter for editor session tracking
[2022.01.14-20.42.16:367][  0]LogEditorSessionSummary: EditorSessionSummaryWriter initialized
[2022.01.14-20.42.16:400][  0]LogInit: Transaction tracking system initialized
[2022.01.14-20.42.16:425][  0]BlueprintLog: New page: Editor Load
[2022.01.14-20.42.16:493][  0]LocalizationService: Localization service is disabled
[2022.01.14-20.42.16:521][  0]TimingProfiler: Initialize
[2022.01.14-20.42.16:521][  0]TimingProfiler: OnSessionChanged
[2022.01.14-20.42.16:521][  0]LoadingProfiler: Initialize
[2022.01.14-20.42.16:521][  0]LoadingProfiler: OnSessionChanged
[2022.01.14-20.42.16:521][  0]NetworkingProfiler: Initialize
[2022.01.14-20.42.16:521][  0]NetworkingProfiler: OnSessionChanged
[2022.01.14-20.42.16:521][  0]MemoryProfiler: Initialize
[2022.01.14-20.42.16:521][  0]MemoryProfiler: OnSessionChanged
[2022.01.14-20.42.16:685][  0]LogCook: Display: CookSettings for Memory: MemoryMaxUsedVirtual 0MiB, MemoryMaxUsedPhysical 16384MiB, MemoryMinFreeVirtual 0MiB, MemoryMinFreePhysical 1024MiB
[2022.01.14-20.42.16:685][  0]LogCook: Display: Mobile HDR setting 1
[2022.01.14-20.42.16:904][  0]LogFileCache: Scanning file cache for directory 'E:/Unreal Projects/Dungeoner/Content/' took 0.00s
[2022.01.14-20.42.17:145][  0]LogInit: Display: Engine is initialized. Leaving FEngineLoop::Init()
[2022.01.14-20.42.17:150][  0]SourceControl: Source control is disabled
[2022.01.14-20.42.17:150][  0]LogUnrealEdMisc: Loading editor; pre map load, took 9.928
[2022.01.14-20.42.17:150][  0]Cmd: MAP LOAD FILE="../../../../Unreal Projects/Dungeoner/Content/Map/Map.umap" TEMPLATE=0 SHOWPROGRESS=1 FEATURELEVEL=3
[2022.01.14-20.42.17:151][  0]LightingResults: New page: Lighting Build
[2022.01.14-20.42.17:154][  0]LogWorld: UWorld::CleanupWorld for Untitled, bSessionEnded=true, bCleanupResources=true
[2022.01.14-20.42.17:154][  0]LogSlate: InvalidateAllWidgets triggered.  All widgets were invalidated
[2022.01.14-20.42.17:154][  0]MapCheck: New page: Map Check
[2022.01.14-20.42.17:154][  0]LightingResults: New page: Lighting Build
[2022.01.14-20.42.17:163][  0]LogAudio: Display: Audio Device unregistered from world 'None'.
[2022.01.14-20.42.17:167][  0]LogUObjectHash: Compacting FUObjectHashTables data took   1.43ms
[2022.01.14-20.42.17:918][  0]LogAudio: Display: Audio Device (ID: 1) registered with world 'Map'.
[2022.01.14-20.42.17:919][  0]LogAIModule: Creating AISystem for world Map
[2022.01.14-20.42.17:922][  0]LogEditorServer: Finished looking for orphan Actors (0.000 secs)
[2022.01.14-20.42.17:940][  0]LogUObjectHash: Compacting FUObjectHashTables data took   1.78ms
[2022.01.14-20.42.17:940][  0]Cmd: MAP CHECKDEP NOCLEARLOG
[2022.01.14-20.42.17:940][  0]MapCheck: Map check complete: 0 Error(s), 0 Warning(s), took 0,128ms to complete.
[2022.01.14-20.42.17:940][  0]LogFileHelpers: Loading map 'Map' took 0.790
[2022.01.14-20.42.17:943][  0]LogUnrealEdMisc: Total Editor Startup Time, took 10.720
[2022.01.14-20.42.18:153][  0]LogSlate: Updating window title bar state: overlay mode, drag disabled, window buttons hidden, title bar hidden
[2022.01.14-20.42.18:162][  0]LogSlate: Updating window title bar state: overlay mode, drag disabled, window buttons hidden, title bar hidden
[2022.01.14-20.42.18:171][  0]LogSlate: Updating window title bar state: overlay mode, drag disabled, window buttons hidden, title bar hidden
[2022.01.14-20.42.18:179][  0]LogSlate: Updating window title bar state: overlay mode, drag disabled, window buttons hidden, title bar hidden
[2022.01.14-20.42.18:231][  0]LogNativeClassHierarchy: Verbose: Native class hierarchy populated in 0.0135 seconds. Added 3824 classes and 931 folders.
[2022.01.14-20.42.18:285][  0]LogNativeClassHierarchy: Verbose: Native class hierarchy updated for 'WidgetCarousel' in 0.0004 seconds. Added 0 classes and 0 folders.
[2022.01.14-20.42.18:324][  0]LogPakFile: PakFile PrimaryIndexSize=187
[2022.01.14-20.42.18:324][  0]LogPakFile: PakFile PathHashIndexSize=101
[2022.01.14-20.42.18:324][  0]LogPakFile: PakFile FullDirectoryIndexSize=148
[2022.01.14-20.42.18:324][  0]LogShaderLibrary: Display: ShaderCodeLibraryPakFileMountedCallback: PakFile 'E:/UE_4.27/FeaturePacks/FP_FirstPerson.upack' (chunk index -1, root 'root:/') mounted
[2022.01.14-20.42.18:324][  0]LogShaderLibrary: Display: ShaderCodeLibraryPakFileMountedCallback: pending pak file info (ChunkID:-1 Root:root:/ File:E:/UE_4.27/FeaturePacks/FP_FirstPerson.upack)
[2022.01.14-20.42.18:325][  0]LogPakFile: OnPakFileMounted2Time == 0.000075
[2022.01.14-20.42.18:338][  0]LogPakFile: PakFile PrimaryIndexSize=189
[2022.01.14-20.42.18:338][  0]LogPakFile: PakFile PathHashIndexSize=101
[2022.01.14-20.42.18:338][  0]LogPakFile: PakFile FullDirectoryIndexSize=152
[2022.01.14-20.42.18:338][  0]LogShaderLibrary: Display: ShaderCodeLibraryPakFileMountedCallback: PakFile 'E:/UE_4.27/FeaturePacks/FP_FirstPersonBP.upack' (chunk index -1, root 'root:/') mounted
[2022.01.14-20.42.18:338][  0]LogShaderLibrary: Display: ShaderCodeLibraryPakFileMountedCallback: pending pak file info (ChunkID:-1 Root:root:/ File:E:/UE_4.27/FeaturePacks/FP_FirstPersonBP.upack)
[2022.01.14-20.42.18:338][  0]LogPakFile: OnPakFileMounted2Time == 0.000070
[2022.01.14-20.42.18:358][  0]LogPakFile: PakFile PrimaryIndexSize=191
[2022.01.14-20.42.18:359][  0]LogPakFile: PakFile PathHashIndexSize=101
[2022.01.14-20.42.18:359][  0]LogPakFile: PakFile FullDirectoryIndexSize=160
[2022.01.14-20.42.18:359][  0]LogShaderLibrary: Display: ShaderCodeLibraryPakFileMountedCallback: PakFile 'E:/UE_4.27/FeaturePacks/MobileStarterContent.upack' (chunk index -1, root 'root:/') mounted
[2022.01.14-20.42.18:359][  0]LogShaderLibrary: Display: ShaderCodeLibraryPakFileMountedCallback: pending pak file info (ChunkID:-1 Root:root:/ File:E:/UE_4.27/FeaturePacks/MobileStarterContent.upack)
[2022.01.14-20.42.18:359][  0]LogPakFile: OnPakFileMounted2Time == 0.000056
[2022.01.14-20.42.18:369][  0]LogPakFile: PakFile PrimaryIndexSize=185
[2022.01.14-20.42.18:369][  0]LogPakFile: PakFile PathHashIndexSize=101
[2022.01.14-20.42.18:369][  0]LogPakFile: PakFile FullDirectoryIndexSize=148
[2022.01.14-20.42.18:369][  0]LogShaderLibrary: Display: ShaderCodeLibraryPakFileMountedCallback: PakFile 'E:/UE_4.27/FeaturePacks/StarterContent.upack' (chunk index -1, root 'root:/') mounted
[2022.01.14-20.42.18:369][  0]LogShaderLibrary: Display: ShaderCodeLibraryPakFileMountedCallback: pending pak file info (ChunkID:-1 Root:root:/ File:E:/UE_4.27/FeaturePacks/StarterContent.upack)
[2022.01.14-20.42.18:369][  0]LogPakFile: OnPakFileMounted2Time == 0.000060
[2022.01.14-20.42.18:371][  0]LogPakFile: PakFile PrimaryIndexSize=190
[2022.01.14-20.42.18:371][  0]LogPakFile: PakFile PathHashIndexSize=101
[2022.01.14-20.42.18:371][  0]LogPakFile: PakFile FullDirectoryIndexSize=154
[2022.01.14-20.42.18:371][  0]LogShaderLibrary: Display: ShaderCodeLibraryPakFileMountedCallback: PakFile 'E:/UE_4.27/FeaturePacks/TP_2DSideScroller.upack' (chunk index -1, root 'root:/') mounted
[2022.01.14-20.42.18:371][  0]LogShaderLibrary: Display: ShaderCodeLibraryPakFileMountedCallback: pending pak file info (ChunkID:-1 Root:root:/ File:E:/UE_4.27/FeaturePacks/TP_2DSideScroller.upack)
[2022.01.14-20.42.18:371][  0]LogPakFile: OnPakFileMounted2Time == 0.000055
[2022.01.14-20.42.18:391][  0]LogPakFile: PakFile PrimaryIndexSize=192
[2022.01.14-20.42.18:391][  0]LogPakFile: PakFile PathHashIndexSize=101
[2022.01.14-20.42.18:391][  0]LogPakFile: PakFile FullDirectoryIndexSize=158
[2022.01.14-20.42.18:391][  0]LogShaderLibrary: Display: ShaderCodeLibraryPakFileMountedCallback: PakFile 'E:/UE_4.27/FeaturePacks/TP_2DSideScrollerBP.upack' (chunk index -1, root 'root:/') mounted
[2022.01.14-20.42.18:391][  0]LogShaderLibrary: Display: ShaderCodeLibraryPakFileMountedCallback: pending pak file info (ChunkID:-1 Root:root:/ File:E:/UE_4.27/FeaturePacks/TP_2DSideScrollerBP.upack)
[2022.01.14-20.42.18:391][  0]LogPakFile: OnPakFileMounted2Time == 0.000059
[2022.01.14-20.42.18:401][  0]LogPakFile: PakFile PrimaryIndexSize=182
[2022.01.14-20.42.18:401][  0]LogPakFile: PakFile PathHashIndexSize=101
[2022.01.14-20.42.18:401][  0]LogPakFile: PakFile FullDirectoryIndexSize=138
[2022.01.14-20.42.18:401][  0]LogShaderLibrary: Display: ShaderCodeLibraryPakFileMountedCallback: PakFile 'E:/UE_4.27/FeaturePacks/TP_Flying.upack' (chunk index -1, root 'root:/') mounted
[2022.01.14-20.42.18:401][  0]LogShaderLibrary: Display: ShaderCodeLibraryPakFileMountedCallback: pending pak file info (ChunkID:-1 Root:root:/ File:E:/UE_4.27/FeaturePacks/TP_Flying.upack)
[2022.01.14-20.42.18:401][  0]LogPakFile: OnPakFileMounted2Time == 0.000052
[2022.01.14-20.42.18:407][  0]LogPakFile: PakFile PrimaryIndexSize=184
[2022.01.14-20.42.18:407][  0]LogPakFile: PakFile PathHashIndexSize=101
[2022.01.14-20.42.18:407][  0]LogPakFile: PakFile FullDirectoryIndexSize=142
[2022.01.14-20.42.18:407][  0]LogShaderLibrary: Display: ShaderCodeLibraryPakFileMountedCallback: PakFile 'E:/UE_4.27/FeaturePacks/TP_FlyingBP.upack' (chunk index -1, root 'root:/') mounted
[2022.01.14-20.42.18:407][  0]LogShaderLibrary: Display: ShaderCodeLibraryPakFileMountedCallback: pending pak file info (ChunkID:-1 Root:root:/ File:E:/UE_4.27/FeaturePacks/TP_FlyingBP.upack)
[2022.01.14-20.42.18:407][  0]LogPakFile: OnPakFileMounted2Time == 0.000056
[2022.01.14-20.42.18:431][  0]LogPakFile: PakFile PrimaryIndexSize=188
[2022.01.14-20.42.18:431][  0]LogPakFile: PakFile PathHashIndexSize=101
[2022.01.14-20.42.18:431][  0]LogPakFile: PakFile FullDirectoryIndexSize=150
[2022.01.14-20.42.18:431][  0]LogShaderLibrary: Display: ShaderCodeLibraryPakFileMountedCallback: PakFile 'E:/UE_4.27/FeaturePacks/TP_HandheldARBP.upack' (chunk index -1, root 'root:/') mounted
[2022.01.14-20.42.18:431][  0]LogShaderLibrary: Display: ShaderCodeLibraryPakFileMountedCallback: pending pak file info (ChunkID:-1 Root:root:/ File:E:/UE_4.27/FeaturePacks/TP_HandheldARBP.upack)
[2022.01.14-20.42.18:431][  0]LogPakFile: OnPakFileMounted2Time == 0.000070
[2022.01.14-20.42.18:449][  0]LogPakFile: PakFile PrimaryIndexSize=182
[2022.01.14-20.42.18:449][  0]LogPakFile: PakFile PathHashIndexSize=101
[2022.01.14-20.42.18:449][  0]LogPakFile: PakFile FullDirectoryIndexSize=138
[2022.01.14-20.42.18:449][  0]LogShaderLibrary: Display: ShaderCodeLibraryPakFileMountedCallback: PakFile 'E:/UE_4.27/FeaturePacks/TP_Puzzle.upack' (chunk index -1, root 'root:/') mounted
[2022.01.14-20.42.18:449][  0]LogShaderLibrary: Display: ShaderCodeLibraryPakFileMountedCallback: pending pak file info (ChunkID:-1 Root:root:/ File:E:/UE_4.27/FeaturePacks/TP_Puzzle.upack)
[2022.01.14-20.42.18:449][  0]LogPakFile: OnPakFileMounted2Time == 0.000055
[2022.01.14-20.42.18:468][  0]LogPakFile: PakFile PrimaryIndexSize=184
[2022.01.14-20.42.18:468][  0]LogPakFile: PakFile PathHashIndexSize=101
[2022.01.14-20.42.18:468][  0]LogPakFile: PakFile FullDirectoryIndexSize=142
[2022.01.14-20.42.18:468][  0]LogShaderLibrary: Display: ShaderCodeLibraryPakFileMountedCallback: PakFile 'E:/UE_4.27/FeaturePacks/TP_PuzzleBP.upack' (chunk index -1, root 'root:/') mounted
[2022.01.14-20.42.18:468][  0]LogShaderLibrary: Display: ShaderCodeLibraryPakFileMountedCallback: pending pak file info (ChunkID:-1 Root:root:/ File:E:/UE_4.27/FeaturePacks/TP_PuzzleBP.upack)
[2022.01.14-20.42.18:468][  0]LogPakFile: OnPakFileMounted2Time == 0.000061
[2022.01.14-20.42.18:505][  0]LogPakFile: PakFile PrimaryIndexSize=183
[2022.01.14-20.42.18:505][  0]LogPakFile: PakFile PathHashIndexSize=101
[2022.01.14-20.42.18:505][  0]LogPakFile: PakFile FullDirectoryIndexSize=140
[2022.01.14-20.42.18:505][  0]LogShaderLibrary: Display: ShaderCodeLibraryPakFileMountedCallback: PakFile 'E:/UE_4.27/FeaturePacks/TP_Rolling.upack' (chunk index -1, root 'root:/') mounted
[2022.01.14-20.42.18:505][  0]LogShaderLibrary: Display: ShaderCodeLibraryPakFileMountedCallback: pending pak file info (ChunkID:-1 Root:root:/ File:E:/UE_4.27/FeaturePacks/TP_Rolling.upack)
[2022.01.14-20.42.18:505][  0]LogPakFile: OnPakFileMounted2Time == 0.000105
[2022.01.14-20.42.18:508][  0]LogPakFile: PakFile PrimaryIndexSize=185
[2022.01.14-20.42.18:509][  0]LogPakFile: PakFile PathHashIndexSize=101
[2022.01.14-20.42.18:509][  0]LogPakFile: PakFile FullDirectoryIndexSize=144
[2022.01.14-20.42.18:509][  0]LogShaderLibrary: Display: ShaderCodeLibraryPakFileMountedCallback: PakFile 'E:/UE_4.27/FeaturePacks/TP_RollingBP.upack' (chunk index -1, root 'root:/') mounted
[2022.01.14-20.42.18:509][  0]LogShaderLibrary: Display: ShaderCodeLibraryPakFileMountedCallback: pending pak file info (ChunkID:-1 Root:root:/ File:E:/UE_4.27/FeaturePacks/TP_RollingBP.upack)
[2022.01.14-20.42.18:509][  0]LogPakFile: OnPakFileMounted2Time == 0.000100
[2022.01.14-20.42.18:529][  0]LogPakFile: PakFile PrimaryIndexSize=188
[2022.01.14-20.42.18:529][  0]LogPakFile: PakFile PathHashIndexSize=101
[2022.01.14-20.42.18:529][  0]LogPakFile: PakFile FullDirectoryIndexSize=150
[2022.01.14-20.42.18:529][  0]LogShaderLibrary: Display: ShaderCodeLibraryPakFileMountedCallback: PakFile 'E:/UE_4.27/FeaturePacks/TP_SideScroller.upack' (chunk index -1, root 'root:/') mounted
[2022.01.14-20.42.18:529][  0]LogShaderLibrary: Display: ShaderCodeLibraryPakFileMountedCallback: pending pak file info (ChunkID:-1 Root:root:/ File:E:/UE_4.27/FeaturePacks/TP_SideScroller.upack)
[2022.01.14-20.42.18:529][  0]LogPakFile: OnPakFileMounted2Time == 0.000105
[2022.01.14-20.42.18:568][  0]LogPakFile: PakFile PrimaryIndexSize=190
[2022.01.14-20.42.18:568][  0]LogPakFile: PakFile PathHashIndexSize=101
[2022.01.14-20.42.18:568][  0]LogPakFile: PakFile FullDirectoryIndexSize=154
[2022.01.14-20.42.18:568][  0]LogShaderLibrary: Display: ShaderCodeLibraryPakFileMountedCallback: PakFile 'E:/UE_4.27/FeaturePacks/TP_SideScrollerBP.upack' (chunk index -1, root 'root:/') mounted
[2022.01.14-20.42.18:568][  0]LogShaderLibrary: Display: ShaderCodeLibraryPakFileMountedCallback: pending pak file info (ChunkID:-1 Root:root:/ File:E:/UE_4.27/FeaturePacks/TP_SideScrollerBP.upack)
[2022.01.14-20.42.18:568][  0]LogPakFile: OnPakFileMounted2Time == 0.000065
[2022.01.14-20.42.18:571][  0]LogPakFile: PakFile PrimaryIndexSize=187
[2022.01.14-20.42.18:571][  0]LogPakFile: PakFile PathHashIndexSize=101
[2022.01.14-20.42.18:571][  0]LogPakFile: PakFile FullDirectoryIndexSize=148
[2022.01.14-20.42.18:571][  0]LogShaderLibrary: Display: ShaderCodeLibraryPakFileMountedCallback: PakFile 'E:/UE_4.27/FeaturePacks/TP_ThirdPerson.upack' (chunk index -1, root 'root:/') mounted
[2022.01.14-20.42.18:571][  0]LogShaderLibrary: Display: ShaderCodeLibraryPakFileMountedCallback: pending pak file info (ChunkID:-1 Root:root:/ File:E:/UE_4.27/FeaturePacks/TP_ThirdPerson.upack)
[2022.01.14-20.42.18:571][  0]LogPakFile: OnPakFileMounted2Time == 0.000049
[2022.01.14-20.42.18:573][  0]LogPakFile: PakFile PrimaryIndexSize=189
[2022.01.14-20.42.18:573][  0]LogPakFile: PakFile PathHashIndexSize=101
[2022.01.14-20.42.18:573][  0]LogPakFile: PakFile FullDirectoryIndexSize=152
[2022.01.14-20.42.18:573][  0]LogShaderLibrary: Display: ShaderCodeLibraryPakFileMountedCallback: PakFile 'E:/UE_4.27/FeaturePacks/TP_ThirdPersonBP.upack' (chunk index -1, root 'root:/') mounted
[2022.01.14-20.42.18:573][  0]LogShaderLibrary: Display: ShaderCodeLibraryPakFileMountedCallback: pending pak file info (ChunkID:-1 Root:root:/ File:E:/UE_4.27/FeaturePacks/TP_ThirdPersonBP.upack)
[2022.01.14-20.42.18:573][  0]LogPakFile: OnPakFileMounted2Time == 0.000051
[2022.01.14-20.42.18:575][  0]LogPakFile: PakFile PrimaryIndexSize=183
[2022.01.14-20.42.18:575][  0]LogPakFile: PakFile PathHashIndexSize=101
[2022.01.14-20.42.18:575][  0]LogPakFile: PakFile FullDirectoryIndexSize=140
[2022.01.14-20.42.18:575][  0]LogShaderLibrary: Display: ShaderCodeLibraryPakFileMountedCallback: PakFile 'E:/UE_4.27/FeaturePacks/TP_TopDown.upack' (chunk index -1, root 'root:/') mounted
[2022.01.14-20.42.18:575][  0]LogShaderLibrary: Display: ShaderCodeLibraryPakFileMountedCallback: pending pak file info (ChunkID:-1 Root:root:/ File:E:/UE_4.27/FeaturePacks/TP_TopDown.upack)
[2022.01.14-20.42.18:575][  0]LogPakFile: OnPakFileMounted2Time == 0.000056
[2022.01.14-20.42.18:577][  0]LogPakFile: PakFile PrimaryIndexSize=185
[2022.01.14-20.42.18:577][  0]LogPakFile: PakFile PathHashIndexSize=101
[2022.01.14-20.42.18:577][  0]LogPakFile: PakFile FullDirectoryIndexSize=144
[2022.01.14-20.42.18:577][  0]LogShaderLibrary: Display: ShaderCodeLibraryPakFileMountedCallback: PakFile 'E:/UE_4.27/FeaturePacks/TP_TopDownBP.upack' (chunk index -1, root 'root:/') mounted
[2022.01.14-20.42.18:577][  0]LogShaderLibrary: Display: ShaderCodeLibraryPakFileMountedCallback: pending pak file info (ChunkID:-1 Root:root:/ File:E:/UE_4.27/FeaturePacks/TP_TopDownBP.upack)
[2022.01.14-20.42.18:577][  0]LogPakFile: OnPakFileMounted2Time == 0.000046
[2022.01.14-20.42.18:602][  0]LogPakFile: PakFile PrimaryIndexSize=185
[2022.01.14-20.42.18:602][  0]LogPakFile: PakFile PathHashIndexSize=101
[2022.01.14-20.42.18:602][  0]LogPakFile: PakFile FullDirectoryIndexSize=144
[2022.01.14-20.42.18:602][  0]LogShaderLibrary: Display: ShaderCodeLibraryPakFileMountedCallback: PakFile 'E:/UE_4.27/FeaturePacks/TP_TwinStick.upack' (chunk index -1, root 'root:/') mounted
[2022.01.14-20.42.18:602][  0]LogShaderLibrary: Display: ShaderCodeLibraryPakFileMountedCallback: pending pak file info (ChunkID:-1 Root:root:/ File:E:/UE_4.27/FeaturePacks/TP_TwinStick.upack)
[2022.01.14-20.42.18:602][  0]LogPakFile: OnPakFileMounted2Time == 0.000053
[2022.01.14-20.42.18:611][  0]LogPakFile: PakFile PrimaryIndexSize=187
[2022.01.14-20.42.18:611][  0]LogPakFile: PakFile PathHashIndexSize=101
[2022.01.14-20.42.18:611][  0]LogPakFile: PakFile FullDirectoryIndexSize=148
[2022.01.14-20.42.18:611][  0]LogShaderLibrary: Display: ShaderCodeLibraryPakFileMountedCallback: PakFile 'E:/UE_4.27/FeaturePacks/TP_TwinStickBP.upack' (chunk index -1, root 'root:/') mounted
[2022.01.14-20.42.18:611][  0]LogShaderLibrary: Display: ShaderCodeLibraryPakFileMountedCallback: pending pak file info (ChunkID:-1 Root:root:/ File:E:/UE_4.27/FeaturePacks/TP_TwinStickBP.upack)
[2022.01.14-20.42.18:611][  0]LogPakFile: OnPakFileMounted2Time == 0.000053
[2022.01.14-20.42.18:679][  0]LogPakFile: PakFile PrimaryIndexSize=183
[2022.01.14-20.42.18:679][  0]LogPakFile: PakFile PathHashIndexSize=101
[2022.01.14-20.42.18:679][  0]LogPakFile: PakFile FullDirectoryIndexSize=140
[2022.01.14-20.42.18:679][  0]LogShaderLibrary: Display: ShaderCodeLibraryPakFileMountedCallback: PakFile 'E:/UE_4.27/FeaturePacks/TP_Vehicle.upack' (chunk index -1, root 'root:/') mounted
[2022.01.14-20.42.18:679][  0]LogShaderLibrary: Display: ShaderCodeLibraryPakFileMountedCallback: pending pak file info (ChunkID:-1 Root:root:/ File:E:/UE_4.27/FeaturePacks/TP_Vehicle.upack)
[2022.01.14-20.42.18:679][  0]LogPakFile: OnPakFileMounted2Time == 0.000104
[2022.01.14-20.42.18:710][  0]LogPakFile: PakFile PrimaryIndexSize=186
[2022.01.14-20.42.18:710][  0]LogPakFile: PakFile PathHashIndexSize=101
[2022.01.14-20.42.18:710][  0]LogPakFile: PakFile FullDirectoryIndexSize=146
[2022.01.14-20.42.18:710][  0]LogShaderLibrary: Display: ShaderCodeLibraryPakFileMountedCallback: PakFile 'E:/UE_4.27/FeaturePacks/TP_VehicleAdv.upack' (chunk index -1, root 'root:/') mounted
[2022.01.14-20.42.18:710][  0]LogShaderLibrary: Display: ShaderCodeLibraryPakFileMountedCallback: pending pak file info (ChunkID:-1 Root:root:/ File:E:/UE_4.27/FeaturePacks/TP_VehicleAdv.upack)
[2022.01.14-20.42.18:710][  0]LogPakFile: OnPakFileMounted2Time == 0.000105
[2022.01.14-20.42.18:887][  0]LogPakFile: PakFile PrimaryIndexSize=188
[2022.01.14-20.42.18:887][  0]LogPakFile: PakFile PathHashIndexSize=101
[2022.01.14-20.42.18:887][  0]LogPakFile: PakFile FullDirectoryIndexSize=150
[2022.01.14-20.42.18:887][  0]LogShaderLibrary: Display: ShaderCodeLibraryPakFileMountedCallback: PakFile 'E:/UE_4.27/FeaturePacks/TP_VehicleAdvBP.upack' (chunk index -1, root 'root:/') mounted
[2022.01.14-20.42.18:887][  0]LogShaderLibrary: Display: ShaderCodeLibraryPakFileMountedCallback: pending pak file info (ChunkID:-1 Root:root:/ File:E:/UE_4.27/FeaturePacks/TP_VehicleAdvBP.upack)
[2022.01.14-20.42.18:887][  0]LogPakFile: OnPakFileMounted2Time == 0.000108
[2022.01.14-20.42.18:909][  0]LogPakFile: PakFile PrimaryIndexSize=185
[2022.01.14-20.42.18:909][  0]LogPakFile: PakFile PathHashIndexSize=101
[2022.01.14-20.42.18:909][  0]LogPakFile: PakFile FullDirectoryIndexSize=144
[2022.01.14-20.42.18:909][  0]LogShaderLibrary: Display: ShaderCodeLibraryPakFileMountedCallback: PakFile 'E:/UE_4.27/FeaturePacks/TP_VehicleBP.upack' (chunk index -1, root 'root:/') mounted
[2022.01.14-20.42.18:909][  0]LogShaderLibrary: Display: ShaderCodeLibraryPakFileMountedCallback: pending pak file info (ChunkID:-1 Root:root:/ File:E:/UE_4.27/FeaturePacks/TP_VehicleBP.upack)
[2022.01.14-20.42.18:909][  0]LogPakFile: OnPakFileMounted2Time == 0.000066
[2022.01.14-20.42.18:912][  0]LogPakFile: PakFile PrimaryIndexSize=192
[2022.01.14-20.42.18:912][  0]LogPakFile: PakFile PathHashIndexSize=101
[2022.01.14-20.42.18:912][  0]LogPakFile: PakFile FullDirectoryIndexSize=158
[2022.01.14-20.42.18:912][  0]LogShaderLibrary: Display: ShaderCodeLibraryPakFileMountedCallback: PakFile 'E:/UE_4.27/FeaturePacks/TP_VirtualRealityBP.upack' (chunk index -1, root 'root:/') mounted
[2022.01.14-20.42.18:912][  0]LogShaderLibrary: Display: ShaderCodeLibraryPakFileMountedCallback: pending pak file info (ChunkID:-1 Root:root:/ File:E:/UE_4.27/FeaturePacks/TP_VirtualRealityBP.upack)
[2022.01.14-20.42.18:912][  0]LogPakFile: OnPakFileMounted2Time == 0.000060
[2022.01.14-20.42.19:628][  0]LogNativeClassHierarchy: Verbose: Native class hierarchy updated for 'AddContentDialog' in 0.0006 seconds. Added 0 classes and 0 folders.
[2022.01.14-20.42.19:630][  0]LogNativeClassHierarchy: Verbose: Native class hierarchy updated for 'SceneOutliner' in 0.0004 seconds. Added 2 classes and 0 folders.
[2022.01.14-20.42.19:737][  0]LogSlate: Took 0.000155 seconds to synchronously load lazily loaded font '../../../Engine/Content/Slate/Fonts/Roboto-Regular.ttf' (155K)
[2022.01.14-20.42.21:705][  0]LogSlate: Only BGRA pngs, bmps or icos are supported in by External Image Picker
[2022.01.14-20.42.21:857][  0]LogSlate: Took 0.021459 seconds to synchronously load lazily loaded font '../../../Engine/Content/Editor/Slate/Fonts/FontAwesome.ttf' (139K)
[2022.01.14-20.42.21:858][  0]LogSlate: Took 0.000152 seconds to synchronously load lazily loaded font '../../../Engine/Content/Slate/Fonts/Roboto-Bold.ttf' (160K)
[2022.01.14-20.42.22:068][  0]LogRenderer: Reallocating scene render targets to support 1208x572 Format 10 NumSamples 1 (Frame:1).
[2022.01.14-20.42.22:134][  0]LogSlate: Took 0.035994 seconds to synchronously load lazily loaded font '../../../Engine/Content/Slate/Fonts/Roboto-Light.ttf' (167K)
[2022.01.14-20.42.22:191][  0]LogNativeClassHierarchy: Verbose: Native class hierarchy updated for 'HierarchicalLODOutliner' in 0.0004 seconds. Added 0 classes and 0 folders.
[2022.01.14-20.42.22:192][  0]LogLoad: (Engine Initialization) Total time: 14.97 seconds
[2022.01.14-20.42.22:192][  0]LogLoad: (Engine Initialization) Total Blueprint compile time: 0.00 seconds
[2022.01.14-20.42.22:256][  0]LogAssetRegistry: Asset discovery search completed in 9.9743 seconds
[2022.01.14-20.42.22:264][  0]LogCollectionManager: Fixed up redirectors for 0 collections in 0.000005 seconds (updated 0 objects)
[2022.01.14-20.42.22:267][  0]LogContentStreaming: Texture pool size now 3000 MB
[2022.01.14-20.42.23:278][ 21]LogSlate: Took 0.000223 seconds to synchronously load lazily loaded font '../../../Engine/Content/Slate/Fonts/Roboto-Light.ttf' (167K)
[2022.01.14-20.42.25:841][186]LogAssetEditorSubsystem: Opening Asset editor for WidgetBlueprint /Game/UI/View/PrimaryStat.PrimaryStat
[2022.01.14-20.42.25:999][186]LogEnum: Warning: Enum name collision: 'PhysicalDamageScaling::NewEnumerator0' is in both '/Game/Blueprint/Enums/PhysicalDamageScaling.PhysicalDamageScaling' and '/Game/Enums/PhysicalDamageScaling.PhysicalDamageScaling'
[2022.01.14-20.42.25:999][186]LogEnum: Warning: Enum name collision: 'PhysicalDamageScaling::NewEnumerator1' is in both '/Game/Blueprint/Enums/PhysicalDamageScaling.PhysicalDamageScaling' and '/Game/Enums/PhysicalDamageScaling.PhysicalDamageScaling'
[2022.01.14-20.42.25:999][186]LogEnum: Warning: Enum name collision: 'PhysicalDamageScaling::NewEnumerator2' is in both '/Game/Blueprint/Enums/PhysicalDamageScaling.PhysicalDamageScaling' and '/Game/Enums/PhysicalDamageScaling.PhysicalDamageScaling'
[2022.01.14-20.42.26:000][186]LogEnum: Warning: Enum name collision: 'PhysicalDamageScaling::PhysicalDamageScaling_MAX' is in both '/Game/Blueprint/Enums/PhysicalDamageScaling.PhysicalDamageScaling' and '/Game/Enums/PhysicalDamageScaling.PhysicalDamageScaling'
[2022.01.14-20.42.26:000][186]LogEnum: Warning: Enum name collision: 'PhysicalDamageScaling::NewEnumerator0' is in both '/Game/Blueprint/Enums/PhysicalDamageScaling.PhysicalDamageScaling' and '/Game/Enums/PhysicalDamageScaling.PhysicalDamageScaling'
[2022.01.14-20.42.26:000][186]LogEnum: Warning: Enum name collision: 'PhysicalDamageScaling::NewEnumerator1' is in both '/Game/Blueprint/Enums/PhysicalDamageScaling.PhysicalDamageScaling' and '/Game/Enums/PhysicalDamageScaling.PhysicalDamageScaling'
[2022.01.14-20.42.26:000][186]LogEnum: Warning: Enum name collision: 'PhysicalDamageScaling::NewEnumerator2' is in both '/Game/Blueprint/Enums/PhysicalDamageScaling.PhysicalDamageScaling' and '/Game/Enums/PhysicalDamageScaling.PhysicalDamageScaling'
[2022.01.14-20.42.26:242][186]LogNativeClassHierarchy: Verbose: Native class hierarchy updated for 'BlueprintGraph' in 0.0008 seconds. Added 126 classes and 0 folders.
[2022.01.14-20.42.27:840][186]LogAssetEditorSubsystem: Opening Asset editor for WidgetBlueprint /Game/UI/View/OffsetNumberTextPanel-1.OffsetNumberTextPanel-1
[2022.01.14-20.42.28:372][186]LogAssetEditorSubsystem: Opening Asset editor for WidgetBlueprint /Game/UI/View/AnimatedNumberTextBlock.AnimatedNumberTextBlock
[2022.01.14-20.42.28:906][186]LogAssetEditorSubsystem: Opening Asset editor for WidgetBlueprint /Game/UI/Windows/CharacterWindow.CharacterWindow
[2022.01.14-20.42.29:488][186]LogAssetEditorSubsystem: Opening Asset editor for WidgetBlueprint /Game/UI/View/SecondaryStatPanel.SecondaryStatPanel
[2022.01.14-20.42.30:021][186]LogAssetEditorSubsystem: Opening Asset editor for Blueprint /Game/Blueprint/BP_GameManager.BP_GameManager
[2022.01.14-20.42.30:415][186]LogBlueprintEditor: Perf: 0.4 total seconds to load all 7 blueprint libraries in project. Avoid references to content in blueprint libraries to shorten this time.
[2022.01.14-20.42.30:415][186]LogBlueprintEditor: Perf: 0.3 seconds loading: /Engine/ArtTools/RenderToTexture/Macros/RenderToTextureMacros
[2022.01.14-20.42.32:754][186]LogSlate: Took 0.000191 seconds to synchronously load lazily loaded font '../../../Engine/Content/Slate/Fonts/Roboto-BoldCondensed.ttf' (158K)
[2022.01.14-20.44.22:026][820]LogSlate: Took 0.032971 seconds to synchronously load lazily loaded font '../../../Engine/Content/Slate/Fonts/Roboto-Italic.ttf' (157K)
[2022.01.14-20.45.13:039][136]LogSlate: Window 'BP_GameManager' being destroyed
[2022.01.14-20.45.13:041][136]LogSlate: Window 'BP_GameManager' being destroyed
