Log file open, 12/24/21 22:54:56
LogWindows: Failed to load 'aqProf.dll' (GetLastError=126)
LogWindows: File 'aqProf.dll' does not exist
LogWindows: Failed to load 'VtuneApi.dll' (GetLastError=126)
LogWindows: File 'VtuneApi.dll' does not exist
LogWindows: Failed to load 'VtuneApi32e.dll' (GetLastError=126)
LogWindows: File 'VtuneApi32e.dll' does not exist
LogConsoleResponse: Display: Failed to find resolution value strings in scalability ini. Falling back to default.
LogConsoleResponse: Display: Failed to find resolution value strings in scalability ini. Falling back to default.
LogInit: Display: Running engine for game: Dungeoner
LogPlatformFile: Not using cached read wrapper
LogTaskGraph: Started task graph with 5 named threads and 14 total threads with 3 sets of task threads.
LogStats: Stats thread started at 31.411618
LogICUInternationalization: ICU TimeZone Detection - Raw Offset: +4:00, Platform Override: ''
LogInit: Display: Loading text-based GConfig....
LogPluginManager: Mounting plugin MeshPainting
LogPluginManager: Mounting plugin XGEController
LogPluginManager: Mounting plugin AISupport
LogPluginManager: Mounting plugin Paper2D
LogPluginManager: Mounting plugin EnvironmentQueryEditor
LogPluginManager: Mounting plugin LiveLink
LogPluginManager: Mounting plugin LightPropagationVolume
LogPluginManager: Mounting plugin CameraShakePreviewer
LogPluginManager: Mounting plugin GameplayCameras
LogPluginManager: Mounting plugin OodleData
LogPluginManager: Mounting plugin OodleNetwork
LogPluginManager: Mounting plugin AnimationSharing
LogPluginManager: Mounting plugin CodeLiteSourceCodeAccess
LogPluginManager: Mounting plugin GitSourceControl
LogPluginManager: Mounting plugin KDevelopSourceCodeAccess
LogPluginManager: Mounting plugin NullSourceCodeAccess
LogPluginManager: Mounting plugin PerforceSourceControl
LogPluginManager: Mounting plugin CLionSourceCodeAccess
LogPluginManager: Mounting plugin PixWinPlugin
LogPluginManager: Mounting plugin PlasticSourceControl
LogPluginManager: Mounting plugin PluginUtils
LogPluginManager: Mounting plugin PropertyAccessNode
LogPluginManager: Mounting plugin RiderSourceCodeAccess
LogPluginManager: Mounting plugin SubversionSourceControl
LogPluginManager: Mounting plugin TextureFormatOodle
LogPluginManager: Mounting plugin UObjectPlugin
LogPluginManager: Mounting plugin VisualStudioCodeSourceCodeAccess
LogPluginManager: Mounting plugin VisualStudioSourceCodeAccess
LogPluginManager: Mounting plugin XCodeSourceCodeAccess
LogPluginManager: Mounting plugin DatasmithContent
LogPluginManager: Mounting plugin AssetManagerEditor
LogPluginManager: Mounting plugin VariantManagerContent
LogPluginManager: Mounting plugin CryptoKeys
LogPluginManager: Mounting plugin CurveEditorTools
LogPluginManager: Mounting plugin DataValidation
LogPluginManager: Mounting plugin FacialAnimation
LogPluginManager: Mounting plugin GameplayTagsEditor
LogPluginManager: Mounting plugin GeometryMode
LogPluginManager: Mounting plugin MacGraphicsSwitching
LogPluginManager: Mounting plugin MaterialAnalyzer
LogPluginManager: Mounting plugin MobileLauncherProfileWizard
LogPluginManager: Mounting plugin PluginBrowser
LogPluginManager: Mounting plugin SpeedTreeImporter
LogPluginManager: Mounting plugin AlembicImporter
LogPluginManager: Mounting plugin AutomationUtils
LogPluginManager: Mounting plugin BackChannel
LogPluginManager: Mounting plugin ChaosCloth
LogPluginManager: Mounting plugin ChaosClothEditor
LogPluginManager: Mounting plugin ChaosEditor
LogPluginManager: Mounting plugin ChaosNiagara
LogPluginManager: Mounting plugin ChaosSolverPlugin
LogPluginManager: Mounting plugin CharacterAI
LogPluginManager: Mounting plugin GeometryCache
LogPluginManager: Mounting plugin GeometryCollectionPlugin
LogPluginManager: Mounting plugin Niagara
LogPluginManager: Mounting plugin GeometryProcessing
LogPluginManager: Mounting plugin MotoSynth
LogPluginManager: Mounting plugin OpenImageDenoise
LogPluginManager: Mounting plugin PlanarCut
LogPluginManager: Mounting plugin PlatformCrypto
LogPluginManager: Mounting plugin ProxyLODPlugin
LogPluginManager: Mounting plugin PythonScriptPlugin
LogPluginManager: Mounting plugin SkeletalReduction
LogPluginManager: Mounting plugin LuminPlatformFeatures
LogPluginManager: Mounting plugin MagicLeap
LogPluginManager: Mounting plugin MagicLeapLightEstimation
LogPluginManager: Mounting plugin MagicLeapMedia
LogPluginManager: Mounting plugin MagicLeapPassableWorld
LogPluginManager: Mounting plugin MLSDK
LogPluginManager: Mounting plugin AndroidMedia
LogPluginManager: Mounting plugin AvfMedia
LogPluginManager: Mounting plugin ImgMedia
LogPluginManager: Mounting plugin MediaCompositing
LogPluginManager: Mounting plugin MediaPlayerEditor
LogPluginManager: Mounting plugin WebMMedia
LogPluginManager: Mounting plugin WmfMedia
LogPluginManager: Mounting plugin ActorSequence
LogPluginManager: Mounting plugin LevelSequenceEditor
LogPluginManager: Mounting plugin MatineeToLevelSequence
LogPluginManager: Mounting plugin UdpMessaging
LogPluginManager: Mounting plugin TemplateSequence
LogPluginManager: Mounting plugin OnlineSubsystem
LogPluginManager: Mounting plugin OnlineSubsystemNull
LogPluginManager: Mounting plugin OnlineSubsystemUtils
LogPluginManager: Mounting plugin LauncherChunkInstaller
LogPluginManager: Mounting plugin ActorLayerUtilities
LogPluginManager: Mounting plugin AndroidDeviceProfileSelector
LogPluginManager: Mounting plugin AndroidMoviePlayer
LogPluginManager: Mounting plugin AndroidPermission
LogPluginManager: Mounting plugin AppleImageUtils
LogPluginManager: Mounting plugin AppleMoviePlayer
LogPluginManager: Mounting plugin ArchVisCharacter
LogPluginManager: Mounting plugin AssetTags
LogPluginManager: Mounting plugin AudioCapture
LogPluginManager: Mounting plugin AudioSynesthesia
LogPluginManager: Mounting plugin CableComponent
LogPluginManager: Mounting plugin ChunkDownloader
LogPluginManager: Mounting plugin CustomMeshComponent
LogPluginManager: Mounting plugin EditableMesh
LogPluginManager: Mounting plugin ExampleDeviceProfileSelector
LogPluginManager: Mounting plugin GoogleCloudMessaging
LogPluginManager: Mounting plugin GooglePAD
LogPluginManager: Mounting plugin IOSDeviceProfileSelector
LogPluginManager: Mounting plugin LinuxDeviceProfileSelector
LogPluginManager: Mounting plugin LocationServicesBPLibrary
LogPluginManager: Mounting plugin MobilePatchingUtils
LogPluginManager: Mounting plugin OpenXR
LogPluginManager: Mounting plugin OpenXREyeTracker
LogPluginManager: Mounting plugin OpenXRHandTracking
LogPluginManager: Mounting plugin TcpMessaging
LogPluginManager: Mounting plugin PhysXVehicles
LogPluginManager: Mounting plugin PostSplashScreen
LogPluginManager: Mounting plugin ProceduralMeshComponent
LogPluginManager: Mounting plugin PropertyAccessEditor
LogPluginManager: Mounting plugin SignificanceManager
LogPluginManager: Mounting plugin RuntimePhysXCooking
LogPluginManager: Mounting plugin SoundFields
LogPluginManager: Mounting plugin Synthesis
LogPluginManager: Mounting plugin WebMMoviePlayer
LogPluginManager: Mounting plugin WindowsMoviePlayer
LogPluginManager: Mounting plugin ScreenshotTools
LogPluginManager: Mounting plugin Takes
LogPluginManager: Mounting plugin ContentBrowserAssetDataSource
LogPluginManager: Mounting plugin ContentBrowserClassDataSource
LogPluginManager: Mounting plugin ContentBrowserFileDataSource
LogPluginManager: Mounting plugin OnlineSubsystemGooglePlay
LogPluginManager: Mounting plugin OnlineSubsystemIOS
LogPluginManager: Mounting plugin OculusVR
LogPluginManager: Mounting plugin SteamVR
PixWinPlugin: PIX capture plugin failed to initialize! Check that the process is launched from PIX.
LogInit: Using libcurl 7.55.1-DEV
LogInit:  - built for x86_64-pc-win32
LogInit:  - supports SSL with OpenSSL/1.1.1
LogInit:  - supports HTTP deflate (compression) using libz 1.2.8
LogInit:  - other features:
LogInit:      CURL_VERSION_SSL
LogInit:      CURL_VERSION_LIBZ
LogInit:      CURL_VERSION_IPV6
LogInit:      CURL_VERSION_ASYNCHDNS
LogInit:      CURL_VERSION_LARGEFILE
LogInit:      CURL_VERSION_IDN
LogInit:  CurlRequestOptions (configurable via config and command line):
LogInit:  - bVerifyPeer = true  - Libcurl will verify peer certificate
LogInit:  - bUseHttpProxy = false  - Libcurl will NOT use HTTP proxy
LogInit:  - bDontReuseConnections = false  - Libcurl will reuse connections
LogInit:  - MaxHostConnections = 16  - Libcurl will limit the number of connections to a host
LogInit:  - LocalHostAddr = Default
LogInit:  - BufferSize = 65536
LogOnline: OSS: Creating online subsystem instance for: NULL
LogInit: WinSock: version 1.1 (2.2), MaxSocks=32767, MaxUdp=65467
LogOnline: OSS: TryLoadSubsystemAndSetDefault: Loaded subsystem for module [NULL]
LogOculusPluginWrapper: OculusPlugin initialized successfully
LogHMD: Failed initializing OVRPlugin 1.59.0
LogInit: Build: ++UE4+Release-4.27-CL-18319896
LogInit: Engine Version: 4.27.2-18319896+++UE4+Release-4.27
LogInit: Compatible Engine Version: 4.27.0-17155196+++UE4+Release-4.27
LogInit: Net CL: 17155196
LogInit: OS: Windows 10 (Release 2004) (), CPU:         Intel(R) Core(TM) i5-2400 CPU @ 3.10GHz, GPU: NVIDIA GeForce GTX 550 Ti
LogInit: Compiled (64-bit): Nov 30 2021 07:12:08
LogInit: Compiled with Visual C++: 19.24.28315.00
LogInit: Build Configuration: Development
LogInit: Branch Name: ++UE4+Release-4.27
LogInit: Command Line: 
LogInit: Base Directory: E:/UE_4.27/Engine/Binaries/Win64/
LogInit: Allocator: TBB
LogInit: Installed Engine Build: 1
LogDevObjectVersion: Number of dev versions registered: 29
LogDevObjectVersion:   Dev-Blueprints (B0D832E4-1F89-4F0D-ACCF-7EB736FD4AA2): 10
LogDevObjectVersion:   Dev-Build (E1C64328-A22C-4D53-A36C-8E866417BD8C): 0
LogDevObjectVersion:   Dev-Core (375EC13C-06E4-48FB-B500-84F0262A717E): 4
LogDevObjectVersion:   Dev-Editor (E4B068ED-F494-42E9-A231-DA0B2E46BB41): 40
LogDevObjectVersion:   Dev-Framework (CFFC743F-43B0-4480-9391-14DF171D2073): 37
LogDevObjectVersion:   Dev-Mobile (B02B49B5-BB20-44E9-A304-32B752E40360): 3
LogDevObjectVersion:   Dev-Networking (A4E4105C-59A1-49B5-A7C5-40C4547EDFEE): 0
LogDevObjectVersion:   Dev-Online (39C831C9-5AE6-47DC-9A44-9C173E1C8E7C): 0
LogDevObjectVersion:   Dev-Physics (78F01B33-EBEA-4F98-B9B4-84EACCB95AA2): 14
LogDevObjectVersion:   Dev-Platform (6631380F-2D4D-43E0-8009-CF276956A95A): 0
LogDevObjectVersion:   Dev-Rendering (12F88B9F-8875-4AFC-A67C-D90C383ABD29): 45
LogDevObjectVersion:   Dev-Sequencer (7B5AE74C-D270-4C10-A958-57980B212A5A): 13
LogDevObjectVersion:   Dev-VR (D7296918-1DD6-4BDD-9DE2-64A83CC13884): 3
LogDevObjectVersion:   Dev-LoadTimes (C2A15278-BFE7-4AFE-6C17-90FF531DF755): 1
LogDevObjectVersion:   Private-Geometry (6EACA3D4-40EC-4CC1-B786-8BED09428FC5): 3
LogDevObjectVersion:   Dev-AnimPhys (29E575DD-E0A3-4627-9D10-D276232CDCEA): 17
LogDevObjectVersion:   Dev-Anim (AF43A65D-7FD3-4947-9873-3E8ED9C1BB05): 15
LogDevObjectVersion:   Dev-ReflectionCapture (6B266CEC-1EC7-4B8F-A30B-E4D90942FC07): 1
LogDevObjectVersion:   Dev-Automation (0DF73D61-A23F-47EA-B727-89E90C41499A): 1
LogDevObjectVersion:   FortniteMain (601D1886-AC64-4F84-AA16-D3DE0DEAC7D6): 47
LogDevObjectVersion:   FortniteRelease (E7086368-6B23-4C58-8439-1B7016265E91): 1
LogDevObjectVersion:   Dev-Enterprise (9DFFBCD6-494F-0158-E221-12823C92A888): 10
LogDevObjectVersion:   Dev-Niagara (F2AED0AC-9AFE-416F-8664-AA7FFA26D6FC): 1
LogDevObjectVersion:   Dev-Destruction (174F1F0B-B4C6-45A5-B13F-2EE8D0FB917D): 10
LogDevObjectVersion:   Dev-Physics-Ext (35F94A83-E258-406C-A318-09F59610247C): 41
LogDevObjectVersion:   Dev-PhysicsMaterial-Chaos (B68FC16E-8B1B-42E2-B453-215C058844FE): 1
LogDevObjectVersion:   Dev-CineCamera (B2E18506-4273-CFC2-A54E-F4BB758BBA07): 1
LogDevObjectVersion:   Dev-VirtualProduction (64F58936-FD1B-42BA-BA96-7289D5D0FA4E): 1
LogDevObjectVersion:   Dev-MediaFramework (6F0ED827-A609-4895-9C91-998D90180EA4): 2
LogInit: Presizing for max 25165824 objects, including 0 objects not considered by GC, pre-allocating 0 bytes for permanent pool.
LogConfig: Applying CVar settings from Section [/Script/Engine.StreamingSettings] File [E:/Unreal Projects/Dungeoner/Saved/Config/Windows/Engine.ini]
LogConfig: Setting CVar [[s.MinBulkDataSizeForAsyncLoading:131072]]
LogConfig: Setting CVar [[s.AsyncLoadingThreadEnabled:0]]
LogConfig: Setting CVar [[s.EventDrivenLoaderEnabled:1]]
LogConfig: Setting CVar [[s.WarnIfTimeLimitExceeded:0]]
LogConfig: Setting CVar [[s.TimeLimitExceededMultiplier:1.5]]
LogConfig: Setting CVar [[s.TimeLimitExceededMinTime:0.005]]
LogConfig: Setting CVar [[s.UseBackgroundLevelStreaming:1]]
LogConfig: Setting CVar [[s.PriorityAsyncLoadingExtraTime:15.0]]
LogConfig: Setting CVar [[s.LevelStreamingActorsUpdateTimeLimit:5.0]]
LogConfig: Setting CVar [[s.PriorityLevelStreamingActorsUpdateExtraTime:5.0]]
LogConfig: Setting CVar [[s.LevelStreamingComponentsRegistrationGranularity:10]]
LogConfig: Setting CVar [[s.UnregisterComponentsTimeLimit:1.0]]
LogConfig: Setting CVar [[s.LevelStreamingComponentsUnregistrationGranularity:5]]
LogConfig: Setting CVar [[s.FlushStreamingOnExit:1]]
LogInit: Object subsystem initialized
LogConfig: Setting CVar [[con.DebugEarlyDefault:1]]
LogConfig: Setting CVar [[r.setres:1280x720]]
[2021.12.24-18.55.06:934][  0]LogConfig: Setting CVar [[r.VSync:0]]
[2021.12.24-18.55.06:934][  0]LogConfig: Setting CVar [[r.RHICmdBypass:0]]
[2021.12.24-18.55.06:934][  0]LogConfig: Applying CVar settings from Section [/Script/Engine.RendererSettings] File [E:/Unreal Projects/Dungeoner/Saved/Config/Windows/Engine.ini]
[2021.12.24-18.55.06:934][  0]LogConfig: Setting CVar [[r.GPUCrashDebugging:0]]
[2021.12.24-18.55.06:934][  0]LogConfig: Applying CVar settings from Section [/Script/Engine.RendererOverrideSettings] File [E:/Unreal Projects/Dungeoner/Saved/Config/Windows/Engine.ini]
[2021.12.24-18.55.06:934][  0]LogConfig: Applying CVar settings from Section [/Script/Engine.StreamingSettings] File [E:/Unreal Projects/Dungeoner/Saved/Config/Windows/Engine.ini]
[2021.12.24-18.55.06:934][  0]LogConfig: Setting CVar [[s.MinBulkDataSizeForAsyncLoading:131072]]
[2021.12.24-18.55.06:934][  0]LogConfig: Setting CVar [[s.AsyncLoadingThreadEnabled:0]]
[2021.12.24-18.55.06:934][  0]LogConfig: Setting CVar [[s.EventDrivenLoaderEnabled:1]]
[2021.12.24-18.55.06:934][  0]LogConfig: Setting CVar [[s.WarnIfTimeLimitExceeded:0]]
[2021.12.24-18.55.06:934][  0]LogConfig: Setting CVar [[s.TimeLimitExceededMultiplier:1.5]]
[2021.12.24-18.55.06:934][  0]LogConfig: Setting CVar [[s.TimeLimitExceededMinTime:0.005]]
[2021.12.24-18.55.06:934][  0]LogConfig: Setting CVar [[s.UseBackgroundLevelStreaming:1]]
[2021.12.24-18.55.06:934][  0]LogConfig: Setting CVar [[s.PriorityAsyncLoadingExtraTime:15.0]]
[2021.12.24-18.55.06:934][  0]LogConfig: Setting CVar [[s.LevelStreamingActorsUpdateTimeLimit:5.0]]
[2021.12.24-18.55.06:934][  0]LogConfig: Setting CVar [[s.PriorityLevelStreamingActorsUpdateExtraTime:5.0]]
[2021.12.24-18.55.06:934][  0]LogConfig: Setting CVar [[s.LevelStreamingComponentsRegistrationGranularity:10]]
[2021.12.24-18.55.06:934][  0]LogConfig: Setting CVar [[s.UnregisterComponentsTimeLimit:1.0]]
[2021.12.24-18.55.06:934][  0]LogConfig: Setting CVar [[s.LevelStreamingComponentsUnregistrationGranularity:5]]
[2021.12.24-18.55.06:934][  0]LogConfig: Setting CVar [[s.FlushStreamingOnExit:1]]
[2021.12.24-18.55.06:934][  0]LogConfig: Applying CVar settings from Section [/Script/Engine.GarbageCollectionSettings] File [E:/Unreal Projects/Dungeoner/Saved/Config/Windows/Engine.ini]
[2021.12.24-18.55.06:934][  0]LogConfig: Setting CVar [[gc.MaxObjectsNotConsideredByGC:1]]
[2021.12.24-18.55.06:934][  0]LogConfig: Setting CVar [[gc.SizeOfPermanentObjectPool:0]]
[2021.12.24-18.55.06:934][  0]LogConfig: Setting CVar [[gc.FlushStreamingOnGC:0]]
[2021.12.24-18.55.06:934][  0]LogConfig: Setting CVar [[gc.NumRetriesBeforeForcingGC:10]]
[2021.12.24-18.55.06:934][  0]LogConfig: Setting CVar [[gc.AllowParallelGC:1]]
[2021.12.24-18.55.06:934][  0]LogConfig: Setting CVar [[gc.TimeBetweenPurgingPendingKillObjects:61.1]]
[2021.12.24-18.55.06:934][  0]LogConfig: Setting CVar [[gc.MaxObjectsInEditor:25165824]]
[2021.12.24-18.55.06:934][  0]LogConfig: Setting CVar [[gc.IncrementalBeginDestroyEnabled:1]]
[2021.12.24-18.55.06:934][  0]LogConfig: Setting CVar [[gc.CreateGCClusters:1]]
[2021.12.24-18.55.06:934][  0]LogConfig: Setting CVar [[gc.MinGCClusterSize:5]]
[2021.12.24-18.55.06:934][  0]LogConfig: Setting CVar [[gc.ActorClusteringEnabled:0]]
[2021.12.24-18.55.06:935][  0]LogConfig: Setting CVar [[gc.BlueprintClusteringEnabled:0]]
[2021.12.24-18.55.06:935][  0]LogConfig: Setting CVar [[gc.UseDisregardForGCOnDedicatedServers:0]]
[2021.12.24-18.55.06:935][  0]LogConfig: Setting CVar [[gc.MultithreadedDestructionEnabled:1]]
[2021.12.24-18.55.06:935][  0]LogConfig: Applying CVar settings from Section [/Script/Engine.NetworkSettings] File [E:/Unreal Projects/Dungeoner/Saved/Config/Windows/Engine.ini]
[2021.12.24-18.55.06:935][  0]LogConfig: Applying CVar settings from Section [/Script/UnrealEd.CookerSettings] File [E:/Unreal Projects/Dungeoner/Saved/Config/Windows/Engine.ini]
[2021.12.24-18.55.06:942][  0]LogConfig: Applying CVar settings from Section [ViewDistanceQuality@3] File [E:/Unreal Projects/Dungeoner/Saved/Config/Windows/Scalability.ini]
[2021.12.24-18.55.06:942][  0]LogConfig: Setting CVar [[r.SkeletalMeshLODBias:0]]
[2021.12.24-18.55.06:942][  0]LogConfig: Setting CVar [[r.ViewDistanceScale:1.0]]
[2021.12.24-18.55.06:942][  0]LogConfig: Applying CVar settings from Section [AntiAliasingQuality@3] File [E:/Unreal Projects/Dungeoner/Saved/Config/Windows/Scalability.ini]
[2021.12.24-18.55.06:942][  0]LogConfig: Setting CVar [[r.PostProcessAAQuality:4]]
[2021.12.24-18.55.06:942][  0]LogConfig: Applying CVar settings from Section [ShadowQuality@3] File [E:/Unreal Projects/Dungeoner/Saved/Config/Windows/Scalability.ini]
[2021.12.24-18.55.06:942][  0]LogConfig: Setting CVar [[r.LightFunctionQuality:1]]
[2021.12.24-18.55.06:942][  0]LogConfig: Setting CVar [[r.ShadowQuality:5]]
[2021.12.24-18.55.06:942][  0]LogConfig: Setting CVar [[r.Shadow.CSM.MaxCascades:10]]
[2021.12.24-18.55.06:942][  0]LogConfig: Setting CVar [[r.Shadow.MaxResolution:2048]]
[2021.12.24-18.55.06:942][  0]LogConfig: Setting CVar [[r.Shadow.MaxCSMResolution:2048]]
[2021.12.24-18.55.06:942][  0]LogConfig: Setting CVar [[r.Shadow.RadiusThreshold:0.01]]
[2021.12.24-18.55.06:942][  0]LogConfig: Setting CVar [[r.Shadow.DistanceScale:1.0]]
[2021.12.24-18.55.06:942][  0]LogConfig: Setting CVar [[r.Shadow.CSM.TransitionScale:1.0]]
[2021.12.24-18.55.06:942][  0]LogConfig: Setting CVar [[r.Shadow.PreShadowResolutionFactor:1.0]]
[2021.12.24-18.55.06:942][  0]LogConfig: Setting CVar [[r.DistanceFieldShadowing:1]]
[2021.12.24-18.55.06:942][  0]LogConfig: Setting CVar [[r.DistanceFieldAO:1]]
[2021.12.24-18.55.06:942][  0]LogConfig: Setting CVar [[r.AOQuality:2]]
[2021.12.24-18.55.06:942][  0]LogConfig: Setting CVar [[r.VolumetricFog:1]]
[2021.12.24-18.55.06:942][  0]LogConfig: Setting CVar [[r.VolumetricFog.GridPixelSize:8]]
[2021.12.24-18.55.06:942][  0]LogConfig: Setting CVar [[r.VolumetricFog.GridSizeZ:128]]
[2021.12.24-18.55.06:942][  0]LogConfig: Setting CVar [[r.VolumetricFog.HistoryMissSupersampleCount:4]]
[2021.12.24-18.55.06:942][  0]LogConfig: Setting CVar [[r.LightMaxDrawDistanceScale:1]]
[2021.12.24-18.55.06:942][  0]LogConfig: Setting CVar [[r.CapsuleShadows:1]]
[2021.12.24-18.55.06:942][  0]LogConfig: Applying CVar settings from Section [PostProcessQuality@3] File [E:/Unreal Projects/Dungeoner/Saved/Config/Windows/Scalability.ini]
[2021.12.24-18.55.06:942][  0]LogConfig: Setting CVar [[r.MotionBlurQuality:4]]
[2021.12.24-18.55.06:942][  0]LogConfig: Setting CVar [[r.AmbientOcclusionMipLevelFactor:0.4]]
[2021.12.24-18.55.06:942][  0]LogConfig: Setting CVar [[r.AmbientOcclusionMaxQuality:100]]
[2021.12.24-18.55.06:942][  0]LogConfig: Setting CVar [[r.AmbientOcclusionLevels:-1]]
[2021.12.24-18.55.06:942][  0]LogConfig: Setting CVar [[r.AmbientOcclusionRadiusScale:1.0]]
[2021.12.24-18.55.06:942][  0]LogConfig: Setting CVar [[r.DepthOfFieldQuality:2]]
[2021.12.24-18.55.06:942][  0]LogConfig: Setting CVar [[r.RenderTargetPoolMin:400]]
[2021.12.24-18.55.06:942][  0]LogConfig: Setting CVar [[r.LensFlareQuality:2]]
[2021.12.24-18.55.06:942][  0]LogConfig: Setting CVar [[r.SceneColorFringeQuality:1]]
[2021.12.24-18.55.06:942][  0]LogConfig: Setting CVar [[r.EyeAdaptationQuality:2]]
[2021.12.24-18.55.06:942][  0]LogConfig: Setting CVar [[r.BloomQuality:5]]
[2021.12.24-18.55.06:942][  0]LogConfig: Setting CVar [[r.FastBlurThreshold:100]]
[2021.12.24-18.55.06:942][  0]LogConfig: Setting CVar [[r.Upscale.Quality:3]]
[2021.12.24-18.55.06:942][  0]LogConfig: Setting CVar [[r.Tonemapper.GrainQuantization:1]]
[2021.12.24-18.55.06:942][  0]LogConfig: Setting CVar [[r.LightShaftQuality:1]]
[2021.12.24-18.55.06:942][  0]LogConfig: Setting CVar [[r.Filter.SizeScale:1]]
[2021.12.24-18.55.06:942][  0]LogConfig: Setting CVar [[r.Tonemapper.Quality:5]]
[2021.12.24-18.55.06:942][  0]LogConfig: Setting CVar [[r.DOF.Gather.AccumulatorQuality:1        ; higher gathering accumulator quality]]
[2021.12.24-18.55.06:942][  0]LogConfig: Setting CVar [[r.DOF.Gather.PostfilterMethod:1          ; Median3x3 postfilering method]]
[2021.12.24-18.55.06:942][  0]LogConfig: Setting CVar [[r.DOF.Gather.EnableBokehSettings:0       ; no bokeh simulation when gathering]]
[2021.12.24-18.55.06:943][  0]LogConfig: Setting CVar [[r.DOF.Gather.RingCount:4                 ; medium number of samples when gathering]]
[2021.12.24-18.55.06:943][  0]LogConfig: Setting CVar [[r.DOF.Scatter.ForegroundCompositing:1    ; additive foreground scattering]]
[2021.12.24-18.55.06:943][  0]LogConfig: Setting CVar [[r.DOF.Scatter.BackgroundCompositing:2    ; additive background scattering]]
[2021.12.24-18.55.06:943][  0]LogConfig: Setting CVar [[r.DOF.Scatter.EnableBokehSettings:1      ; bokeh simulation when scattering]]
[2021.12.24-18.55.06:943][  0]LogConfig: Setting CVar [[r.DOF.Scatter.MaxSpriteRatio:0.1         ; only a maximum of 10% of scattered bokeh]]
[2021.12.24-18.55.06:943][  0]LogConfig: Setting CVar [[r.DOF.Recombine.Quality:1                ; cheap slight out of focus]]
[2021.12.24-18.55.06:943][  0]LogConfig: Setting CVar [[r.DOF.Recombine.EnableBokehSettings:0    ; no bokeh simulation on slight out of focus]]
[2021.12.24-18.55.06:943][  0]LogConfig: Setting CVar [[r.DOF.TemporalAAQuality:1                ; more stable temporal accumulation]]
[2021.12.24-18.55.06:943][  0]LogConfig: Setting CVar [[r.DOF.Kernel.MaxForegroundRadius:0.025]]
[2021.12.24-18.55.06:943][  0]LogConfig: Setting CVar [[r.DOF.Kernel.MaxBackgroundRadius:0.025]]
[2021.12.24-18.55.06:943][  0]LogConfig: Applying CVar settings from Section [TextureQuality@3] File [E:/Unreal Projects/Dungeoner/Saved/Config/Windows/Scalability.ini]
[2021.12.24-18.55.06:943][  0]LogConfig: Setting CVar [[r.Streaming.MipBias:0]]
[2021.12.24-18.55.06:943][  0]LogConfig: Setting CVar [[r.Streaming.AmortizeCPUToGPUCopy:0]]
[2021.12.24-18.55.06:943][  0]LogConfig: Setting CVar [[r.Streaming.MaxNumTexturesToStreamPerFrame:0]]
[2021.12.24-18.55.06:943][  0]LogConfig: Setting CVar [[r.Streaming.Boost:1]]
[2021.12.24-18.55.06:943][  0]LogConfig: Setting CVar [[r.MaxAnisotropy:8]]
[2021.12.24-18.55.06:943][  0]LogConfig: Setting CVar [[r.VT.MaxAnisotropy:8]]
[2021.12.24-18.55.06:943][  0]LogConfig: Setting CVar [[r.Streaming.LimitPoolSizeToVRAM:0]]
[2021.12.24-18.55.06:943][  0]LogConfig: Setting CVar [[r.Streaming.PoolSize:1000]]
[2021.12.24-18.55.06:943][  0]LogConfig: Setting CVar [[r.Streaming.MaxEffectiveScreenSize:0]]
[2021.12.24-18.55.06:943][  0]LogConfig: Applying CVar settings from Section [EffectsQuality@3] File [E:/Unreal Projects/Dungeoner/Saved/Config/Windows/Scalability.ini]
[2021.12.24-18.55.06:943][  0]LogConfig: Setting CVar [[r.TranslucencyLightingVolumeDim:64]]
[2021.12.24-18.55.06:943][  0]LogConfig: Setting CVar [[r.RefractionQuality:2]]
[2021.12.24-18.55.06:943][  0]LogConfig: Setting CVar [[r.SSR.Quality:3]]
[2021.12.24-18.55.06:943][  0]LogConfig: Setting CVar [[r.SSR.HalfResSceneColor:0]]
[2021.12.24-18.55.06:943][  0]LogConfig: Setting CVar [[r.SceneColorFormat:4]]
[2021.12.24-18.55.06:943][  0]LogConfig: Setting CVar [[r.DetailMode:2]]
[2021.12.24-18.55.06:943][  0]LogConfig: Setting CVar [[r.TranslucencyVolumeBlur:1]]
[2021.12.24-18.55.06:943][  0]LogConfig: Setting CVar [[r.MaterialQualityLevel:1 ; High quality]]
[2021.12.24-18.55.06:943][  0]LogConfig: Setting CVar [[r.AnisotropicMaterials:1]]
[2021.12.24-18.55.06:943][  0]LogConfig: Setting CVar [[r.SSS.Scale:1]]
[2021.12.24-18.55.06:943][  0]LogConfig: Setting CVar [[r.SSS.SampleSet:2]]
[2021.12.24-18.55.06:943][  0]LogConfig: Setting CVar [[r.SSS.Quality:1]]
[2021.12.24-18.55.06:943][  0]LogConfig: Setting CVar [[r.SSS.HalfRes:0]]
[2021.12.24-18.55.06:943][  0]LogConfig: Setting CVar [[r.SSGI.Quality:3]]
[2021.12.24-18.55.06:943][  0]LogConfig: Setting CVar [[r.EmitterSpawnRateScale:1.0]]
[2021.12.24-18.55.06:943][  0]LogConfig: Setting CVar [[r.ParticleLightQuality:2]]
[2021.12.24-18.55.06:943][  0]LogConfig: Setting CVar [[r.SkyAtmosphere.AerialPerspectiveLUT.FastApplyOnOpaque:1 ; Always have FastSkyLUT 1 in this case to avoid wrong sky]]
[2021.12.24-18.55.06:943][  0]LogConfig: Setting CVar [[r.SkyAtmosphere.AerialPerspectiveLUT.SampleCountMaxPerSlice:4]]
[2021.12.24-18.55.06:943][  0]LogConfig: Setting CVar [[r.SkyAtmosphere.AerialPerspectiveLUT.DepthResolution:16.0]]
[2021.12.24-18.55.06:943][  0]LogConfig: Setting CVar [[r.SkyAtmosphere.FastSkyLUT:1]]
[2021.12.24-18.55.06:943][  0]LogConfig: Setting CVar [[r.SkyAtmosphere.FastSkyLUT.SampleCountMin:4.0]]
[2021.12.24-18.55.06:943][  0]LogConfig: Setting CVar [[r.SkyAtmosphere.FastSkyLUT.SampleCountMax:128.0]]
[2021.12.24-18.55.06:943][  0]LogConfig: Setting CVar [[r.SkyAtmosphere.SampleCountMin:4.0]]
[2021.12.24-18.55.06:943][  0]LogConfig: Setting CVar [[r.SkyAtmosphere.SampleCountMax:128.0]]
[2021.12.24-18.55.06:943][  0]LogConfig: Setting CVar [[r.SkyAtmosphere.TransmittanceLUT.UseSmallFormat:0]]
[2021.12.24-18.55.06:943][  0]LogConfig: Setting CVar [[r.SkyAtmosphere.TransmittanceLUT.SampleCount:10.0]]
[2021.12.24-18.55.06:943][  0]LogConfig: Setting CVar [[r.SkyAtmosphere.MultiScatteringLUT.SampleCount:15.0]]
[2021.12.24-18.55.06:943][  0]LogConfig: Setting CVar [[r.SkyLight.RealTimeReflectionCapture:1]]
[2021.12.24-18.55.06:943][  0]LogConfig: Applying CVar settings from Section [FoliageQuality@3] File [E:/Unreal Projects/Dungeoner/Saved/Config/Windows/Scalability.ini]
[2021.12.24-18.55.06:943][  0]LogConfig: Setting CVar [[foliage.DensityScale:1.0]]
[2021.12.24-18.55.06:943][  0]LogConfig: Setting CVar [[grass.DensityScale:1.0]]
[2021.12.24-18.55.06:943][  0]LogConfig: Applying CVar settings from Section [ShadingQuality@3] File [E:/Unreal Projects/Dungeoner/Saved/Config/Windows/Scalability.ini]
[2021.12.24-18.55.06:943][  0]LogConfig: Setting CVar [[r.HairStrands.SkyLighting.IntegrationType:2]]
[2021.12.24-18.55.06:943][  0]LogConfig: Setting CVar [[r.HairStrands.SkyAO.SampleCount:4]]
[2021.12.24-18.55.06:943][  0]LogConfig: Setting CVar [[r.HairStrands.Visibility.MSAA.SamplePerPixel:4]]
[2021.12.24-18.55.06:943][  0]LogInit: Selected Device Profile: [Windows]
[2021.12.24-18.55.06:943][  0]LogInit: Applying CVar settings loaded from the selected device profile: [Windows]
[2021.12.24-18.55.06:944][  0]LogHAL: Display: Platform has ~ 8 GB [8569896960 / 8589934592 / 8], which maps to Default [LargestMinGB=32, LargerMinGB=12, DefaultMinGB=8, SmallerMinGB=6, SmallestMinGB=0)
[2021.12.24-18.55.06:944][  0]LogInit: Going up to parent DeviceProfile []
[2021.12.24-18.55.06:944][  0]LogConfig: Applying CVar settings from Section [ViewDistanceQuality@Cine] File [E:/Unreal Projects/Dungeoner/Saved/Config/Windows/Scalability.ini]
[2021.12.24-18.55.06:944][  0]LogConfig: Setting CVar [[r.SkeletalMeshLODBias:0]]
[2021.12.24-18.55.06:944][  0]LogConfig: Setting CVar [[r.ViewDistanceScale:10.0]]
[2021.12.24-18.55.06:944][  0]LogConfig: Applying CVar settings from Section [AntiAliasingQuality@Cine] File [E:/Unreal Projects/Dungeoner/Saved/Config/Windows/Scalability.ini]
[2021.12.24-18.55.06:944][  0]LogConfig: Setting CVar [[r.PostProcessAAQuality:6]]
[2021.12.24-18.55.06:944][  0]LogConfig: Applying CVar settings from Section [ShadowQuality@Cine] File [E:/Unreal Projects/Dungeoner/Saved/Config/Windows/Scalability.ini]
[2021.12.24-18.55.06:944][  0]LogConfig: Setting CVar [[r.LightFunctionQuality:1]]
[2021.12.24-18.55.06:944][  0]LogConfig: Setting CVar [[r.ShadowQuality:5]]
[2021.12.24-18.55.06:944][  0]LogConfig: Setting CVar [[r.Shadow.CSM.MaxCascades:10]]
[2021.12.24-18.55.06:944][  0]LogConfig: Setting CVar [[r.Shadow.MaxResolution:4096]]
[2021.12.24-18.55.06:944][  0]LogConfig: Setting CVar [[r.Shadow.MaxCSMResolution:4096]]
[2021.12.24-18.55.06:944][  0]LogConfig: Setting CVar [[r.Shadow.RadiusThreshold:0]]
[2021.12.24-18.55.06:944][  0]LogConfig: Setting CVar [[r.Shadow.DistanceScale:1.0]]
[2021.12.24-18.55.06:944][  0]LogConfig: Setting CVar [[r.Shadow.CSM.TransitionScale:1.0]]
[2021.12.24-18.55.06:944][  0]LogConfig: Setting CVar [[r.Shadow.PreShadowResolutionFactor:1.0]]
[2021.12.24-18.55.06:944][  0]LogConfig: Setting CVar [[r.DistanceFieldShadowing:1]]
[2021.12.24-18.55.06:944][  0]LogConfig: Setting CVar [[r.DistanceFieldAO:1]]
[2021.12.24-18.55.06:944][  0]LogConfig: Setting CVar [[r.AOQuality:2]]
[2021.12.24-18.55.06:944][  0]LogConfig: Setting CVar [[r.VolumetricFog:1]]
[2021.12.24-18.55.06:944][  0]LogConfig: Setting CVar [[r.VolumetricFog.GridPixelSize:4]]
[2021.12.24-18.55.06:944][  0]LogConfig: Setting CVar [[r.VolumetricFog.GridSizeZ:128]]
[2021.12.24-18.55.06:944][  0]LogConfig: Setting CVar [[r.VolumetricFog.HistoryMissSupersampleCount:16]]
[2021.12.24-18.55.06:944][  0]LogConfig: Setting CVar [[r.LightMaxDrawDistanceScale:1]]
[2021.12.24-18.55.06:944][  0]LogConfig: Setting CVar [[r.CapsuleShadows:1]]
[2021.12.24-18.55.06:944][  0]LogConfig: Applying CVar settings from Section [PostProcessQuality@Cine] File [E:/Unreal Projects/Dungeoner/Saved/Config/Windows/Scalability.ini]
[2021.12.24-18.55.06:944][  0]LogConfig: Setting CVar [[r.MotionBlurQuality:4]]
[2021.12.24-18.55.06:944][  0]LogConfig: Setting CVar [[r.AmbientOcclusionMipLevelFactor:0.4]]
[2021.12.24-18.55.06:944][  0]LogConfig: Setting CVar [[r.AmbientOcclusionMaxQuality:100]]
[2021.12.24-18.55.06:944][  0]LogConfig: Setting CVar [[r.AmbientOcclusionLevels:-1]]
[2021.12.24-18.55.06:944][  0]LogConfig: Setting CVar [[r.AmbientOcclusionRadiusScale:1.0]]
[2021.12.24-18.55.06:944][  0]LogConfig: Setting CVar [[r.GTAO.Numangles:4]]
[2021.12.24-18.55.06:944][  0]LogConfig: Setting CVar [[r.DepthOfFieldQuality:4]]
[2021.12.24-18.55.06:944][  0]LogConfig: Setting CVar [[r.RenderTargetPoolMin:1000]]
[2021.12.24-18.55.06:944][  0]LogConfig: Setting CVar [[r.LensFlareQuality:3]]
[2021.12.24-18.55.06:944][  0]LogConfig: Setting CVar [[r.SceneColorFringeQuality:1]]
[2021.12.24-18.55.06:944][  0]LogConfig: Setting CVar [[r.EyeAdaptationQuality:2]]
[2021.12.24-18.55.06:944][  0]LogConfig: Setting CVar [[r.BloomQuality:5]]
[2021.12.24-18.55.06:944][  0]LogConfig: Setting CVar [[r.FastBlurThreshold:100]]
[2021.12.24-18.55.06:944][  0]LogConfig: Setting CVar [[r.Upscale.Quality:3]]
[2021.12.24-18.55.06:944][  0]LogConfig: Setting CVar [[r.Tonemapper.GrainQuantization:1]]
[2021.12.24-18.55.06:944][  0]LogConfig: Setting CVar [[r.LightShaftQuality:1]]
[2021.12.24-18.55.06:944][  0]LogConfig: Setting CVar [[r.Filter.SizeScale:1]]
[2021.12.24-18.55.06:944][  0]LogConfig: Setting CVar [[r.Tonemapper.Quality:5]]
[2021.12.24-18.55.06:944][  0]LogConfig: Setting CVar [[r.DOF.Gather.AccumulatorQuality:1        ; higher gathering accumulator quality]]
[2021.12.24-18.55.06:944][  0]LogConfig: Setting CVar [[r.DOF.Gather.PostfilterMethod:1          ; Median3x3 postfilering method]]
[2021.12.24-18.55.06:944][  0]LogConfig: Setting CVar [[r.DOF.Gather.EnableBokehSettings:1       ; bokeh simulation when gathering]]
[2021.12.24-18.55.06:944][  0]LogConfig: Setting CVar [[r.DOF.Gather.RingCount:5                 ; high number of samples when gathering]]
[2021.12.24-18.55.06:944][  0]LogConfig: Setting CVar [[r.DOF.Scatter.ForegroundCompositing:1    ; additive foreground scattering]]
[2021.12.24-18.55.06:944][  0]LogConfig: Setting CVar [[r.DOF.Scatter.BackgroundCompositing:2    ; background scattering occlusion]]
[2021.12.24-18.55.06:944][  0]LogConfig: Setting CVar [[r.DOF.Scatter.EnableBokehSettings:1      ; no bokeh simulation when scattering]]
[2021.12.24-18.55.06:944][  0]LogConfig: Setting CVar [[r.DOF.Scatter.MaxSpriteRatio:0.25        ; only a maximum of 10% of scattered bokeh]]
[2021.12.24-18.55.06:944][  0]LogConfig: Setting CVar [[r.DOF.Recombine.Quality:2                ; highest slight out of focus]]
[2021.12.24-18.55.06:944][  0]LogConfig: Setting CVar [[r.DOF.Recombine.EnableBokehSettings:1    ; bokeh simulation on slight out of focus]]
[2021.12.24-18.55.06:944][  0]LogConfig: Setting CVar [[r.DOF.TemporalAAQuality:1                ; more stable temporal accumulation]]
[2021.12.24-18.55.06:944][  0]LogConfig: Setting CVar [[r.DOF.Kernel.MaxForegroundRadius:0.025]]
[2021.12.24-18.55.06:944][  0]LogConfig: Setting CVar [[r.DOF.Kernel.MaxBackgroundRadius:0.025]]
[2021.12.24-18.55.06:945][  0]LogConfig: Applying CVar settings from Section [TextureQuality@Cine] File [E:/Unreal Projects/Dungeoner/Saved/Config/Windows/Scalability.ini]
[2021.12.24-18.55.06:945][  0]LogConfig: Setting CVar [[r.Streaming.MipBias:0]]
[2021.12.24-18.55.06:945][  0]LogConfig: Setting CVar [[r.Streaming.AmortizeCPUToGPUCopy:0]]
[2021.12.24-18.55.06:945][  0]LogConfig: Setting CVar [[r.Streaming.MaxNumTexturesToStreamPerFrame:0]]
[2021.12.24-18.55.06:945][  0]LogConfig: Setting CVar [[r.Streaming.Boost:1]]
[2021.12.24-18.55.06:945][  0]LogConfig: Setting CVar [[r.MaxAnisotropy:8]]
[2021.12.24-18.55.06:945][  0]LogConfig: Setting CVar [[r.VT.MaxAnisotropy:8]]
[2021.12.24-18.55.06:945][  0]LogConfig: Setting CVar [[r.Streaming.LimitPoolSizeToVRAM:0]]
[2021.12.24-18.55.06:945][  0]LogConfig: Setting CVar [[r.Streaming.PoolSize:3000]]
[2021.12.24-18.55.06:945][  0]LogConfig: Setting CVar [[r.Streaming.MaxEffectiveScreenSize:0]]
[2021.12.24-18.55.06:945][  0]LogConfig: Applying CVar settings from Section [EffectsQuality@Cine] File [E:/Unreal Projects/Dungeoner/Saved/Config/Windows/Scalability.ini]
[2021.12.24-18.55.06:945][  0]LogConfig: Setting CVar [[r.TranslucencyLightingVolumeDim:64]]
[2021.12.24-18.55.06:945][  0]LogConfig: Setting CVar [[r.RefractionQuality:2]]
[2021.12.24-18.55.06:945][  0]LogConfig: Setting CVar [[r.SSR.Quality:4]]
[2021.12.24-18.55.06:945][  0]LogConfig: Setting CVar [[r.SSR.HalfResSceneColor:0]]
[2021.12.24-18.55.06:945][  0]LogConfig: Setting CVar [[r.SceneColorFormat:4]]
[2021.12.24-18.55.06:945][  0]LogConfig: Setting CVar [[r.DetailMode:2]]
[2021.12.24-18.55.06:945][  0]LogConfig: Setting CVar [[r.TranslucencyVolumeBlur:1]]
[2021.12.24-18.55.06:945][  0]LogConfig: Setting CVar [[r.MaterialQualityLevel:1 ; High quality]]
[2021.12.24-18.55.06:945][  0]LogConfig: Setting CVar [[r.AnisotropicMaterials:1]]
[2021.12.24-18.55.06:945][  0]LogConfig: Setting CVar [[r.SSS.Scale:1]]
[2021.12.24-18.55.06:945][  0]LogConfig: Setting CVar [[r.SSS.SampleSet:2]]
[2021.12.24-18.55.06:945][  0]LogConfig: Setting CVar [[r.SSS.Quality:1]]
[2021.12.24-18.55.06:945][  0]LogConfig: Setting CVar [[r.SSS.HalfRes:0]]
[2021.12.24-18.55.06:945][  0]LogConfig: Setting CVar [[r.SSGI.Quality:4]]
[2021.12.24-18.55.06:945][  0]LogConfig: Setting CVar [[r.EmitterSpawnRateScale:1.0]]
[2021.12.24-18.55.06:945][  0]LogConfig: Setting CVar [[r.ParticleLightQuality:2]]
[2021.12.24-18.55.06:945][  0]LogConfig: Setting CVar [[r.SkyAtmosphere.AerialPerspectiveLUT.FastApplyOnOpaque:0]]
[2021.12.24-18.55.06:945][  0]LogConfig: Setting CVar [[r.SkyAtmosphere.AerialPerspectiveLUT.SampleCountMaxPerSlice:8]]
[2021.12.24-18.55.06:945][  0]LogConfig: Setting CVar [[r.SkyAtmosphere.AerialPerspectiveLUT.DepthResolution:32.0]]
[2021.12.24-18.55.06:945][  0]LogConfig: Setting CVar [[r.SkyAtmosphere.FastSkyLUT:0]]
[2021.12.24-18.55.06:945][  0]LogConfig: Setting CVar [[r.SkyAtmosphere.FastSkyLUT.SampleCountMin:4.0]]
[2021.12.24-18.55.06:945][  0]LogConfig: Setting CVar [[r.SkyAtmosphere.FastSkyLUT.SampleCountMax:256.0]]
[2021.12.24-18.55.06:945][  0]LogConfig: Setting CVar [[r.SkyAtmosphere.SampleCountMin:8.0]]
[2021.12.24-18.55.06:945][  0]LogConfig: Setting CVar [[r.SkyAtmosphere.SampleCountMax:256.0]]
[2021.12.24-18.55.06:945][  0]LogConfig: Setting CVar [[r.SkyAtmosphere.TransmittanceLUT.UseSmallFormat:0]]
[2021.12.24-18.55.06:945][  0]LogConfig: Setting CVar [[r.SkyAtmosphere.TransmittanceLUT.SampleCount:30.0]]
[2021.12.24-18.55.06:945][  0]LogConfig: Setting CVar [[r.SkyAtmosphere.MultiScatteringLUT.SampleCount:20.0]]
[2021.12.24-18.55.06:945][  0]LogConfig: Setting CVar [[r.SkyLight.RealTimeReflectionCapture:1]]
[2021.12.24-18.55.06:945][  0]LogConfig: Applying CVar settings from Section [FoliageQuality@Cine] File [E:/Unreal Projects/Dungeoner/Saved/Config/Windows/Scalability.ini]
[2021.12.24-18.55.06:945][  0]LogConfig: Setting CVar [[foliage.DensityScale:1.0]]
[2021.12.24-18.55.06:945][  0]LogConfig: Setting CVar [[grass.DensityScale:1.0]]
[2021.12.24-18.55.06:945][  0]LogConfig: Applying CVar settings from Section [ShadingQuality@Cine] File [E:/Unreal Projects/Dungeoner/Saved/Config/Windows/Scalability.ini]
[2021.12.24-18.55.06:945][  0]LogConfig: Setting CVar [[r.HairStrands.SkyLighting.IntegrationType:0]]
[2021.12.24-18.55.06:945][  0]LogConfig: Setting CVar [[r.HairStrands.SkyAO.SampleCount:8]]
[2021.12.24-18.55.06:945][  0]LogConfig: Setting CVar [[r.HairStrands.Visibility.MSAA.SamplePerPixel:8]]
[2021.12.24-18.55.06:945][  0]LogConfig: Applying CVar settings from Section [Startup] File [../../../Engine/Config/ConsoleVariables.ini]
[2021.12.24-18.55.07:030][  0]LogConfig: Setting CVar [[net.UseAdaptiveNetUpdateFrequency:0]]
[2021.12.24-18.55.07:030][  0]LogConfig: Setting CVar [[p.chaos.AllowCreatePhysxBodies:1]]
[2021.12.24-18.55.07:030][  0]LogConfig: Setting CVar [[fx.SkipVectorVMBackendOptimizations:1]]
[2021.12.24-18.55.07:030][  0]LogConfig: Applying CVar settings from Section [ConsoleVariables] File [E:/Unreal Projects/Dungeoner/Saved/Config/Windows/Engine.ini]
[2021.12.24-18.55.07:030][  0]LogConfig: Applying CVar settings from Section [ConsoleVariables] File [E:/Unreal Projects/Dungeoner/Saved/Config/Windows/Editor.ini]
[2021.12.24-18.55.07:030][  0]LogInit: Computer: HOME-PC
[2021.12.24-18.55.07:030][  0]LogInit: User: Denis
[2021.12.24-18.55.07:030][  0]LogInit: CPU Page size=4096, Cores=4
[2021.12.24-18.55.07:030][  0]LogInit: High frequency timer resolution =10.000000 MHz
[2021.12.24-18.55.07:030][  0]LogMemory: Memory total: Physical=8.0GB (8GB approx)
[2021.12.24-18.55.07:030][  0]LogMemory: Platform Memory Stats for Windows
[2021.12.24-18.55.07:030][  0]LogMemory: Process Physical Memory: 139.60 MB used, 139.60 MB peak
[2021.12.24-18.55.07:030][  0]LogMemory: Process Virtual Memory: 110.86 MB used, 110.86 MB peak
[2021.12.24-18.55.07:030][  0]LogMemory: Physical Memory: 6856.32 MB used,  1316.57 MB free, 8172.89 MB total
[2021.12.24-18.55.07:030][  0]LogMemory: Virtual Memory: 134212216.00 MB used,  5508.54 MB free, 134217728.00 MB total
[2021.12.24-18.55.07:231][  0]LogWindows: WindowsPlatformFeatures enabled
[2021.12.24-18.55.09:068][  0]LogInit: Physics initialised using underlying interface: PhysX
[2021.12.24-18.55.09:141][  0]LogInit: Using OS detected language (ru-RU).
[2021.12.24-18.55.09:141][  0]LogInit: Using OS detected locale (ru-RU).
[2021.12.24-18.55.09:724][  0]LogTextLocalizationManager: No specific localization for 'ru-RU' exists, so the 'ru' localization will be used.
[2021.12.24-18.55.09:725][  0]LogTextLocalizationResource: LocRes '../../../Engine/Content/Localization/Editor/ru/Editor.locres' could not be opened for reading!
[2021.12.24-18.55.09:725][  0]LogTextLocalizationResource: LocRes '../../../Engine/Content/Localization/EditorTutorials/ru/EditorTutorials.locres' could not be opened for reading!
[2021.12.24-18.55.09:725][  0]LogTextLocalizationResource: LocRes '../../../Engine/Content/Localization/Keywords/ru/Keywords.locres' could not be opened for reading!
[2021.12.24-18.55.09:725][  0]LogTextLocalizationResource: LocRes '../../../Engine/Content/Localization/Category/ru/Category.locres' could not be opened for reading!
[2021.12.24-18.55.09:725][  0]LogTextLocalizationResource: LocRes '../../../Engine/Content/Localization/ToolTips/ru/ToolTips.locres' could not be opened for reading!
[2021.12.24-18.55.09:725][  0]LogTextLocalizationResource: LocRes '../../../Engine/Content/Localization/PropertyNames/ru/PropertyNames.locres' could not be opened for reading!
[2021.12.24-18.55.09:725][  0]LogTextLocalizationResource: LocRes '../../../Engine/Content/Localization/Engine/ru/Engine.locres' could not be opened for reading!
[2021.12.24-18.55.09:853][  0]LogInit: Setting process to per monitor DPI aware
[2021.12.24-18.55.10:017][  0]LogWindowsTextInputMethodSystem: Display: IME system deactivated.
[2021.12.24-18.55.10:762][  0]LogSlate: New Slate User Created.  User Index 0, Is Virtual User: 0
[2021.12.24-18.55.10:762][  0]LogSlate: Slate User Registered.  User Index 0, Is Virtual User: 0
[2021.12.24-18.55.28:311][  0]LogD3D11RHI: Loaded GFSDK_Aftermath_Lib.x64.dll
[2021.12.24-18.55.28:314][  0]LogHMD: Failed to initialize OpenVR with code 110
[2021.12.24-18.55.28:314][  0]LogD3D11RHI: D3D11 min allowed feature level: 11_0
[2021.12.24-18.55.28:314][  0]LogD3D11RHI: D3D11 max allowed feature level: 11_0
[2021.12.24-18.55.28:314][  0]LogD3D11RHI: D3D11 adapters:
[2021.12.24-18.55.31:239][  0]LogD3D11RHI:    0. 'NVIDIA GeForce GTX 550 Ti' (Feature Level 11_0)
[2021.12.24-18.55.31:239][  0]LogD3D11RHI:       959/0/4086 MB DedicatedVideo/DedicatedSystem/SharedSystem, Outputs:1, VendorId:0x10de
[2021.12.24-18.55.33:865][  0]LogD3D11RHI:    1. 'Microsoft Basic Render Driver' (Feature Level 11_0)
[2021.12.24-18.55.33:865][  0]LogD3D11RHI:       0/0/4086 MB DedicatedVideo/DedicatedSystem/SharedSystem, Outputs:0, VendorId:0x1414
[2021.12.24-18.55.33:865][  0]LogD3D11RHI: Chosen D3D11 Adapter:
[2021.12.24-18.55.33:865][  0]LogD3D11RHI:     Description : NVIDIA GeForce GTX 550 Ti
[2021.12.24-18.55.33:865][  0]LogD3D11RHI:     VendorId    : 10de
[2021.12.24-18.55.33:865][  0]LogD3D11RHI:     DeviceId    : 1244
[2021.12.24-18.55.33:865][  0]LogD3D11RHI:     SubSysId    : 0000
[2021.12.24-18.55.33:865][  0]LogD3D11RHI:     Revision    : 00a1
[2021.12.24-18.55.33:865][  0]LogD3D11RHI:     DedicatedVideoMemory : 1005780992 bytes
[2021.12.24-18.55.33:865][  0]LogD3D11RHI:     DedicatedSystemMemory : 0 bytes
[2021.12.24-18.55.33:865][  0]LogD3D11RHI:     SharedSystemMemory : 4284948480 bytes
[2021.12.24-18.55.33:865][  0]LogD3D11RHI:     AdapterLuid : 0 39500
[2021.12.24-18.55.33:872][  0]LogD3D11RHI: Creating new Direct3DDevice
[2021.12.24-18.55.33:872][  0]LogD3D11RHI:     GPU DeviceId: 0x1244 (for the marketing name, search the web for "GPU Device Id")
[2021.12.24-18.55.33:872][  0]LogWindows: EnumDisplayDevices:
[2021.12.24-18.55.33:872][  0]LogWindows:    0. 'NVIDIA GeForce GTX 550 Ti' (P:1 D:1)
[2021.12.24-18.55.33:873][  0]LogWindows:    1. 'NVIDIA GeForce GTX 550 Ti' (P:0 D:0)
[2021.12.24-18.55.33:873][  0]LogWindows: DebugString: FoundDriverCount:2 
[2021.12.24-18.55.33:873][  0]LogD3D11RHI:     Adapter Name: NVIDIA GeForce GTX 550 Ti
[2021.12.24-18.55.33:873][  0]LogD3D11RHI:   Driver Version: 391.35 (internal:23.21.13.9135, unified:391.35)
[2021.12.24-18.55.33:873][  0]LogD3D11RHI:      Driver Date: 3-23-2018
[2021.12.24-18.55.33:873][  0]LogRHI: Texture pool is 671 MB (70% of 959 MB)
[2021.12.24-18.55.33:873][  0]LogD3D11RHI: Creating D3DDevice using adapter:
[2021.12.24-18.55.33:873][  0]LogD3D11RHI:     Description : NVIDIA GeForce GTX 550 Ti
[2021.12.24-18.55.33:873][  0]LogD3D11RHI:     VendorId    : 10de
[2021.12.24-18.55.33:873][  0]LogD3D11RHI:     DeviceId    : 1244
[2021.12.24-18.55.33:873][  0]LogD3D11RHI:     SubSysId    : 0000
[2021.12.24-18.55.33:873][  0]LogD3D11RHI:     Revision    : 00a1
[2021.12.24-18.55.33:873][  0]LogD3D11RHI:     DedicatedVideoMemory : 1005780992 bytes
[2021.12.24-18.55.33:873][  0]LogD3D11RHI:     DedicatedSystemMemory : 0 bytes
[2021.12.24-18.55.33:873][  0]LogD3D11RHI:     SharedSystemMemory : 4284948480 bytes
[2021.12.24-18.55.33:873][  0]LogD3D11RHI:     AdapterLuid : 0 39500
[2021.12.24-18.55.33:921][  0]LogD3D11RHI: Display: Timestamp queries are currently disabled on this hardware due to instability. Realtime GPU stats will not be available. You can override this behaviour by setting r.NVIDIATimestampWorkaround to 0
[2021.12.24-18.55.33:921][  0]LogD3D11RHI: RHI does not have support for 64 bit atomics
[2021.12.24-18.55.33:921][  0]LogD3D11RHI: Async texture creation enabled
[2021.12.24-18.55.34:009][  0]LogD3D11RHI: GPU Timing Frequency: 1000.000000 (Debug: 2 2)
[2021.12.24-18.55.36:586][  0]LogRHI: GeForceNow SDK initialized: 1
[2021.12.24-18.55.47:604][  0]LogTargetPlatformManager: Display: Loaded TargetPlatform 'AllDesktop'
[2021.12.24-18.55.47:736][  0]LogTargetPlatformManager: Display: Loaded TargetPlatform 'Android'
[2021.12.24-18.55.47:736][  0]LogTargetPlatformManager: Display: Loaded TargetPlatform 'Android_ASTC'
[2021.12.24-18.55.47:736][  0]LogTargetPlatformManager: Display: Loaded TargetPlatform 'Android_DXT'
[2021.12.24-18.55.47:736][  0]LogTargetPlatformManager: Display: Loaded TargetPlatform 'Android_ETC2'
[2021.12.24-18.55.47:736][  0]LogTargetPlatformManager: Display: Loaded TargetPlatform 'AndroidClient'
[2021.12.24-18.55.47:737][  0]LogTargetPlatformManager: Display: Loaded TargetPlatform 'Android_ASTCClient'
[2021.12.24-18.55.47:737][  0]LogTargetPlatformManager: Display: Loaded TargetPlatform 'Android_DXTClient'
[2021.12.24-18.55.47:737][  0]LogTargetPlatformManager: Display: Loaded TargetPlatform 'Android_ETC2Client'
[2021.12.24-18.55.47:737][  0]LogTargetPlatformManager: Display: Loaded TargetPlatform 'Android_Multi'
[2021.12.24-18.55.47:737][  0]LogTargetPlatformManager: Display: Loaded TargetPlatform 'Android_MultiClient'
[2021.12.24-18.55.48:141][  0]LogTargetPlatformManager: Display: Loaded TargetPlatform 'IOSClient'
[2021.12.24-18.55.48:141][  0]LogTargetPlatformManager: Display: Loaded TargetPlatform 'IOS'
[2021.12.24-18.55.48:334][  0]LogTargetPlatformManager: Display: Loaded TargetPlatform 'Linux'
[2021.12.24-18.55.48:440][  0]LogTargetPlatformManager: Display: Loaded TargetPlatform 'LinuxNoEditor'
[2021.12.24-18.55.48:605][  0]LogTargetPlatformManager: Display: Loaded TargetPlatform 'LinuxClient'
[2021.12.24-18.55.48:671][  0]LogTargetPlatformManager: Display: Loaded TargetPlatform 'LinuxServer'
[2021.12.24-18.55.48:978][  0]LogTargetPlatformManager: Display: Loaded TargetPlatform 'LinuxAArch64NoEditor'
[2021.12.24-18.55.49:070][  0]LogTargetPlatformManager: Display: Loaded TargetPlatform 'LinuxAArch64Client'
[2021.12.24-18.55.49:211][  0]LogTargetPlatformManager: Display: Loaded TargetPlatform 'LinuxAArch64Server'
[2021.12.24-18.55.49:366][  0]LogTargetPlatformManager: Display: Loaded TargetPlatform 'Lumin'
[2021.12.24-18.55.49:366][  0]LogTargetPlatformManager: Display: Loaded TargetPlatform 'LuminClient'
[2021.12.24-18.55.49:654][  0]LogTargetPlatformManager: Display: Loaded TargetPlatform 'MacNoEditor'
[2021.12.24-18.55.49:771][  0]LogTargetPlatformManager: Display: Loaded TargetPlatform 'Mac'
[2021.12.24-18.55.49:855][  0]LogTargetPlatformManager: Display: Loaded TargetPlatform 'MacClient'
[2021.12.24-18.55.49:968][  0]LogTargetPlatformManager: Display: Loaded TargetPlatform 'MacServer'
[2021.12.24-18.55.50:065][  0]LogTargetPlatformManager: Display: Loaded TargetPlatform 'TVOSClient'
[2021.12.24-18.55.50:065][  0]LogTargetPlatformManager: Display: Loaded TargetPlatform 'TVOS'
[2021.12.24-18.55.50:190][  0]LogTargetPlatformManager: Display: Loaded TargetPlatform 'WindowsNoEditor'
[2021.12.24-18.55.50:434][  0]LogTargetPlatformManager: Display: Loaded TargetPlatform 'Windows'
[2021.12.24-18.55.50:580][  0]LogTargetPlatformManager: Display: Loaded TargetPlatform 'WindowsClient'
[2021.12.24-18.55.50:773][  0]LogTargetPlatformManager: Display: Loaded TargetPlatform 'WindowsServer'
[2021.12.24-18.55.50:773][  0]LogTargetPlatformManager: Display: Building Assets For Windows
[2021.12.24-18.55.51:370][  0]LogAudioDebug: Display: Lib vorbis DLL was dynamically loaded.
[2021.12.24-18.55.53:923][  0]LogTextureFormatOodle: Display: Oodle Texture 2.9.0 init RDO Off
[2021.12.24-18.55.55:613][  0]LogRendererCore: Ray tracing is disabled. Reason: r.RayTracing=0.
[2021.12.24-18.55.55:613][  0]LogShaderCompilers: Guid format shader working directory is 8 characters bigger than the processId version (../../../../Unreal Projects/Dungeoner/Intermediate/Shaders/WorkingDirectory/12904/).
[2021.12.24-18.55.56:918][  0]LogShaderCompilers: Cleaned the shader compiler working directory 'C:/Users/Denis/AppData/Local/Temp/UnrealShaderWorkingDir/12C46F904CE5EB775A1D7C866F75A161/'.
[2021.12.24-18.55.56:990][  0]LogShaderCompilers: Display: Using XGE Controller for Shader Compilation.
[2021.12.24-18.56.18:195][  0]LogDerivedDataCache: Display: Max Cache Size: 512 MB
[2021.12.24-18.56.20:542][  0]LogDerivedDataCache: Loaded boot cache 2.35s 96MB C:/Users/Denis/AppData/Local/UnrealEngine/4.27/DerivedDataCache/Boot.ddc.
[2021.12.24-18.56.20:542][  0]LogDerivedDataCache: Display: Loaded Boot cache: C:/Users/Denis/AppData/Local/UnrealEngine/4.27/DerivedDataCache/Boot.ddc
[2021.12.24-18.56.20:543][  0]LogDerivedDataCache: FDerivedDataBackendGraph:  Pak pak cache file ../../../../Unreal Projects/Dungeoner/DerivedDataCache/DDC.ddp not found, will not use a pak cache.
[2021.12.24-18.56.20:543][  0]LogDerivedDataCache: Unable to find inner node Pak for hierarchical cache Hierarchy.
[2021.12.24-18.56.20:543][  0]LogDerivedDataCache: FDerivedDataBackendGraph:  CompressedPak pak cache file ../../../../Unreal Projects/Dungeoner/DerivedDataCache/Compressed.ddp not found, will not use a pak cache.
[2021.12.24-18.56.20:543][  0]LogDerivedDataCache: Unable to find inner node CompressedPak for hierarchical cache Hierarchy.
[2021.12.24-18.56.20:672][  0]LogDerivedDataCache: Display: Pak cache opened for reading ../../../Engine/DerivedDataCache/Compressed.ddp.
[2021.12.24-18.56.20:672][  0]LogDerivedDataCache: FDerivedDataBackendGraph:  EnterprisePak pak cache file ../../../Enterprise/DerivedDataCache/Compressed.ddp not found, will not use a pak cache.
[2021.12.24-18.56.20:672][  0]LogDerivedDataCache: Unable to find inner node EnterprisePak for hierarchical cache Hierarchy.
[2021.12.24-18.56.22:065][  0]LogDerivedDataCache: Speed tests for C:/Users/Denis/AppData/Local/UnrealEngine/Common/DerivedDataCache took 1.39 seconds
[2021.12.24-18.56.22:065][  0]LogDerivedDataCache: Display: Performance to C:/Users/Denis/AppData/Local/UnrealEngine/Common/DerivedDataCache: Latency=11.27ms. RandomReadSpeed=1.02MBs, RandomWriteSpeed=2.68MBs. Assigned SpeedClass 'Ok'
[2021.12.24-18.56.22:066][  0]LogDerivedDataCache: Using Local data cache path C:/Users/Denis/AppData/Local/UnrealEngine/Common/DerivedDataCache: Writable
[2021.12.24-18.56.22:066][  0]LogDerivedDataCache: Shared data cache path not found in *engine.ini, will not use an Shared cache.
[2021.12.24-18.56.22:066][  0]LogDerivedDataCache: Unable to find inner node Shared for hierarchical cache Hierarchy.
[2021.12.24-18.56.22:134][  0]LogSlate: Using FreeType 2.10.0
[2021.12.24-18.56.22:194][  0]LogSlate: SlateFontServices - WITH_FREETYPE: 1, WITH_HARFBUZZ: 1
[2021.12.24-18.56.24:445][  0]LogAssetRegistry: FAssetRegistry took 0.0034 seconds to start up
[2021.12.24-18.56.25:284][  0]LogInit: Selected Device Profile: [Windows]
[2021.12.24-18.56.25:284][  0]LogInit: Active device profile: [000001C5F568B300][000001C5F5E29400 49] Windows
[2021.12.24-18.56.25:284][  0]LogInit: Profiles: [000001C5F568B300][000001C5F5E29400 49] Windows, [000001C5F5634F00][000001C5F5E31580 49] WindowsNoEditor, [000001C5F5688F00][000001C5F5E35700 49] WindowsServer, [000001C5F5636B00][000001C5F5E39880 49] WindowsClient, [000001C5F568AA00][000001C5F5E3DA00 49] IOS, [000001C5F5635800][000001C5F5E41B80 49] iPadAir, [000001C5F5689700][000001C5F5E44180 49] iPadAir2, [000001C5F55F3A00][000001C5F5E4C440 49] IPadPro, [000001C5F55F3B00][000001C5F5E48480 49] iPadAir3, [000001C5F568A400][000001C5F5E50600 49] iPadAir4, [000001C5F55F1400][000001C5F5E2C740 49] iPadMini2, [000001C5F5689C00][000001C5F5E54880 49] iPadMini3, [000001C5F55F2500][000001C5F5E589C0 49] iPadMini4, [000001C5F5688800][000001C5F5E5CB00 49] iPadMini5, [000001C5F562F300][000001C5F5E68DC0 49] iPhone6, [000001C5F562F400][000001C5F5E64E00 49] iPodTouch6, [000001C5F55F0400][000001C5F5E710C0 49] iPhone7, [000001C5F55F0300][000001C5F5E6D100 49] iPodTouch7, [000001C5F562D300][000001C5F5E75280 49] iPhone5S, [000001C5F55F3E00][000001C5F5E79400 49] iPhone6Plus, [000001C5F562E600][000001C5F5E7D580 49] iPhone6S, [000001C5F55F1200][000001C5F5E81700 49] iPhone6SPlus, [000001C5F562DB00][000001C5F5E85880 49] iPhone7Plus, [000001C5F55F1D00][000001C5F5E89A00 49] iPhoneSE, [000001C5F562CE00][000001C5F5E8DB80 49] iPhone8, [000001C5F55F0C00][000001C5F5E90180 49] iPhone8Plus, [000001C5F562ED00][000001C5F5E94300 49] iPhoneX, [000001C5F55F0A00][000001C5F5E98480 49] iPhoneXS, [000001C5F562FA00][000001C5F5E9C600 49] iPhoneXSMax, [000001C5F55F1800][000001C5F5EA0780 49] iPhoneXR, [000001C5F562CD00][000001C5F5EA4900 49] iPhone11, [000001C5F55F0E00][000001C5F5E60A40 49] iPhone11Pro, [000001C5F562E700][000001C5F5EA8B80 49] iPhone11ProMax, [000001C5F55F2800][000001C5F5EACCC0 49] iPhoneSE2, [000001C5F562E300][000001C5F5EB4E40 49] iPhone12Mini, [000001C5F55F2E00][000001C5F5EB8FC0 49] iPhone12, [000001C5F562D900][000001C5F5EBD140 49] iPhone12Pro, [000001C5F55F3900][000001C5F5EC12C0 49] iPhone12ProMax, [000001C5F562D500][000001C5F5EC5440 49] iPadPro105, [000001C5F55F1100][000001C5F5EC95C0 49] iPadPro129, [000001C5F562CB00][000001C5F5ECD740 49] iPadPro97, [000001C5F55F3600][000001C5F5ED18C0 49] iPadPro2_129, [000001C5F562F800][000001C5F5ED5A40 49] iPad5, [000001C5F55F3D00][000001C5F5ED9BC0 49] iPad6, [000001C5F562E900][000001C5F5EDC1C0 49] iPad7, [000001C5F55F1F00][000001C5F5EE0340 49] iPad8, [000001C5F562FF00][000001C5F5EE44C0 49] iPadPro11, [000001C5F55F1B00][000001C5F5EE8640 49] iPadPro2_11, [000001C5F562C100][000001C5F5EEC7C0 49] iPadPro3_129, [000001C5F55F2400][000001C5F5EF0940 49] iPadPro4_129, [000001C5F562DF00][000001C5F5EF4AC0 49] AppleTV, [000001C5F55F0200][000001C5F5EB0C00 49] AppleTV4K, [000001C5F562E000][000001C5E4B4ED40 49] TVOS, [000001C5F55F1900][000001C5E4B52E80 49] Mac, [000001C5F562F600][000001C5E4B56FC0 49] MacClient, [000001C5F55F3800][000001C5E4B5F140 49] MacNoEditor, [000001C5F562D200][000001C5E4B632C0 49] MacServer, [000001C5F55F2F00][000001C5E4B67440 49] Linux, [000001C5F562F200][000001C5E4B6B5C0 49] LinuxAArch64, [000001C5F55F3200][000001C5E4B6F740 49] LinuxNoEditor, [000001C5F5636500][000001C5E4B738C0 49] LinuxAArch64NoEditor, [000001C5F56E8500][000001C5E4B77A40 49] LinuxClient, [000001C5F5634A00][000001C5DA403BC0 49] LinuxAArch64Client, [000001C5F56E9200][000001C5DA4061C0 49] LinuxServer, [000001C5F5635500][000001C5DA40A340 49] LinuxAArch64Server, [000001C5F56E9800][000001C5DA40E4C0 49] Android, [000001C5F5634100][000001C5DA412640 49] Android_Low, [000001C5F56E9400][000001C5DA4167C0 49] Android_Mid, [000001C5F5636E00][000001C5DA41A940 49] Android_High, [000001C5F56E8A00][000001C5DA41EAC0 49] Android_Default, [000001C5F5635C00][000001C5DA422C40 49] Android_Adreno4xx, [000001C5F56E9D00][000001C5E4B5AD80 49] Android_Adreno5xx_Low, [000001C5F5634800][000001C5DA426EC0 49] Android_Adreno5xx, [000001C5F56E8800][000001C5DA42B000 49] Android_Adreno6xx, [000001C5F5637200][000001C5DA42F140 49] Android_Adreno6xx_Vulkan, [000001C5F56E8200][000001C5F5EFD2C0 49] Android_Mali_T6xx, [000001C5F5637300][000001C5F5F01440 49] Android_Mali_T7xx, [000001C5F56E8C00][000001C5F5F055C0 49] Android_Mali_T8xx, [000001C5F5634500][000001C5F5F09740 49] Android_Mali_G71, [000001C5F56E9700][000001C5F5F0D8C0 49] Android_Mali_G72, [000001C5F55F0800][000001C5F5F11A40 49] Android_Mali_G72_Vulkan, [000001C5F562EA00][000001C5F5F15BC0 49] Android_Mali_G76, [000001C5F55F3700][000001C5F5F181C0 49] Android_Mali_G76_Vulkan, [000001C5F562D800][000001C5F5F1C340 49] Android_Mali_G77, [000001C5F55F1000][000001C5F5F204C0 49] Android_Mali_G77_Vulkan, [000001C5F562E500][000001C5F5F24640 49] Android_Mali_G78, [000001C5F55F0500][000001C5F5F287C0 49] Android_Mali_G78_Vulkan, [000001C5F562D000][000001C5F5F2C940 49] Android_Mali_G710, [000001C5F55F3300][000001C5F5F30AC0 49] Android_Mali_G710_Vulkan, [000001C5F56E8100][000001C5F5F34C40 49] Android_Vulkan_SM5, [000001C5F55F2C00][000001C5F5F38DC0 49] Android_PowerVR_G6xxx, [000001C5F56E8300][000001C5F5F3CF40 49] Android_PowerVR_GT7xxx, [000001C5F55F1500][000001C5F5EF9080 49] Android_PowerVR_GE8xxx, [000001C5F56E8600][000001C5F5F411C0 49] Android_PowerVR_GM9xxx, [000001C5F55F2600][000001C5F5F45300 49] Android_PowerVR_GM9xxx_Vulkan, [000001C5F56E9F00][000001C5F5F4D480 49] Android_TegraK1, [000001C5F55F0D00][000001C5F5F51600 49] Android_Unknown_Vulkan, [000001C5F56EA200][000001C5F5F55780 49] Lumin, [000001C5F55F3C00][000001C5F5F59900 49] Lumin_Desktop, [000001C5F56E9500][000001C5F5F5DA80 49] HoloLens, 
[2021.12.24-18.56.30:729][  0]LogMeshReduction: Using QuadricMeshReduction for automatic static mesh reduction
[2021.12.24-18.56.30:729][  0]LogMeshReduction: Using SimplygonMeshReduction for automatic skeletal mesh reduction
[2021.12.24-18.56.30:729][  0]LogMeshReduction: Using ProxyLODMeshReduction for automatic mesh merging
[2021.12.24-18.56.30:729][  0]LogMeshReduction: No distributed automatic mesh merging module available
[2021.12.24-18.56.30:729][  0]LogMeshMerging: No distributed automatic mesh merging module available
[2021.12.24-18.56.31:803][  0]LogNetVersion: Dungeoner 1.0.0, NetCL: 17155196, EngineNetVer: 17, GameNetVer: 0 (Checksum: 1542495505)
[2021.12.24-18.57.38:634][  0]LogTexture: Default maximum texture size for cubemaps generated from long-lat sources has been changed from 512 to unlimited. In order to preserve old behaiour for '/Engine/MapTemplates/Sky/DaylightAmbientCubemap.DaylightAmbientCubemap', its maximum texture size has been explicitly set to 512.
[2021.12.24-18.57.41:513][  0]LogHMD: PokeAHoleMaterial loaded successfully
[2021.12.24-18.57.41:521][  0]LogUObjectArray: 17178 objects as part of root set at end of initial load.
[2021.12.24-18.57.41:522][  0]LogUObjectAllocator: 4302048 out of 0 bytes used by permanent object pool.
[2021.12.24-18.57.41:522][  0]LogUObjectArray: CloseDisregardForGC: 0/0 objects in disregard for GC pool
[2021.12.24-18.58.03:040][  0]LogNiagaraDebuggerClient: Niagara Debugger Client Initialized | Session: 939CAECF4B16E4021E198699AA3A1244 | Instance: D70044D947AFEEF6F83B6B89DD735935 (HOME-PC-12904).
[2021.12.24-18.58.04:451][  0]LogPython: Using Python 3.7.7
[2021.12.24-18.58.14:426][  0]LogUdpMessaging: Initializing bridge on interface 0.0.0.0:0 to multicast group 230.0.0.1:6666.
[2021.12.24-18.58.14:759][  0]LogTcpMessaging: Initializing TcpMessaging bridge
[2021.12.24-18.58.20:069][  0]SourceControl: Source control is disabled
[2021.12.24-18.58.20:069][  0]SourceControl: Source control is disabled
[2021.12.24-18.58.20:264][  0]SourceControl: Source control is disabled
[2021.12.24-18.58.20:604][  0]SourceControl: Source control is disabled
[2021.12.24-18.58.20:910][  0]SourceControl: Source control is disabled
[2021.12.24-18.58.21:001][  0]LogUProjectInfo: Found projects:
[2021.12.24-18.58.26:621][  0]LogOpenImageDenoise: OIDN starting up
[2021.12.24-18.58.27:354][  0]LogAndroidPermission: UAndroidPermissionCallbackProxy::GetInstance
[2021.12.24-18.58.27:768][  0]LogAudioCaptureCore: Display: No Audio Capture implementations found. Audio input will be silent.
[2021.12.24-18.58.27:768][  0]LogAudioCaptureCore: Display: No Audio Capture implementations found. Audio input will be silent.
[2021.12.24-18.58.30:541][  0]LogCollectionManager: Loaded 0 collections in 0.000963 seconds
[2021.12.24-18.58.31:041][  0]LogFileCache: Scanning file cache for directory 'E:/Unreal Projects/Dungeoner/Saved/Collections/' took 0.00s
[2021.12.24-18.58.31:041][  0]LogFileCache: Scanning file cache for directory 'E:/Unreal Projects/Dungeoner/Content/Developers/Denis/Collections/' took 0.00s
[2021.12.24-18.58.31:041][  0]LogFileCache: Scanning file cache for directory 'E:/Unreal Projects/Dungeoner/Content/Collections/' took 0.00s
[2021.12.24-18.58.31:041][  0]LogOcInput: OculusInput pre-init called
[2021.12.24-18.58.36:487][  0]LogAutomationTest: Warning: Smoke tests took >2s to run (2.39s). 'FAutomationTestAttemptToFindUninitializedScriptStructMembers' took 838ms. SmokeFilter tier tests should take less than 1ms. Please optimize or move 'FAutomationTestAttemptToFindUninitializedScriptStructMembers' to a slower tier than SmokeFilter.
[2021.12.24-18.58.36:606][  0]LogEngine: Initializing Engine...
[2021.12.24-18.58.37:846][  0]LogHMD: Failed to enumerate extensions. Please check that you have a valid OpenXR runtime installed.
[2021.12.24-18.58.37:861][  0]LogHMD: Failed to initialize OpenVR with code 110
[2021.12.24-18.58.37:918][  0]LogMagicLeap: Warning: VR disabled because ZI is not enabled.  To enable, in the editor, Edit -> Project Settings -> Plugins -> Magic Leap Plugin -> Enable Zero Iteration
[2021.12.24-18.58.37:980][  0]LogStats: UGameplayTagsManager::InitializeManager -  0.000 s
[2021.12.24-18.58.41:850][  0]LogInit: Initializing FReadOnlyCVARCache
[2021.12.24-18.58.42:589][  0]LogAIModule: Creating AISystem for world Untitled
[2021.12.24-18.58.42:805][  0]LogAudio: Display: Initializing Audio Device Manager...
[2021.12.24-18.58.43:086][  0]LogAudio: Display: Loading Default Audio Settings Objects...
[2021.12.24-18.58.43:252][  0]LogAudio: Display: No default SoundConcurrencyObject specified (or failed to load).
[2021.12.24-18.58.43:253][  0]LogAudio: Display: Audio Device Manager Initialized
[2021.12.24-18.58.43:253][  0]LogAudio: Display: Creating Audio Device:                 Id: 1, Scope: Shared, Realtime: True
[2021.12.24-18.58.43:253][  0]LogAudioMixer: Display: Audio Mixer Platform Settings:
[2021.12.24-18.58.43:253][  0]LogAudioMixer: Display: 	Sample Rate:						  48000
[2021.12.24-18.58.43:253][  0]LogAudioMixer: Display: 	Callback Buffer Frame Size Requested: 1024
[2021.12.24-18.58.43:253][  0]LogAudioMixer: Display: 	Callback Buffer Frame Size To Use:	  1024
[2021.12.24-18.58.43:253][  0]LogAudioMixer: Display: 	Number of buffers to queue:			  2
[2021.12.24-18.58.43:253][  0]LogAudioMixer: Display: 	Max Channels (voices):				  32
[2021.12.24-18.58.43:253][  0]LogAudioMixer: Display: 	Number of Async Source Workers:		  0
[2021.12.24-18.58.43:253][  0]LogAudio: Display: AudioDevice MaxSources: 32
[2021.12.24-18.58.43:253][  0]LogAudio: Display: Audio Spatialization Plugin: None (built-in).
[2021.12.24-18.58.43:253][  0]LogAudio: Display: Audio Reverb Plugin: None (built-in).
[2021.12.24-18.58.43:254][  0]LogAudio: Display: Audio Occlusion Plugin: None (built-in).
[2021.12.24-18.58.43:254][  0]LogAudioMixer: Display: Initializing audio mixer.
[2021.12.24-18.58.44:452][  0]LogAudioMixer: Display: 0: FrontLeft
[2021.12.24-18.58.44:452][  0]LogAudioMixer: Display: 1: FrontRight
[2021.12.24-18.58.50:093][  0]LogAudioMixer: Display: Using Audio Device Динамики (Bloody Gaming Audio Device)
[2021.12.24-18.58.50:093][  0]LogAudioMixer: Display: Initializing Sound Submixes...
[2021.12.24-18.58.50:529][  0]LogAudioMixer: Display: Creating Master Submix 'MasterSubmixDefault'
[2021.12.24-18.58.50:529][  0]LogAudioMixer: Display: Creating Master Submix 'MasterReverbSubmixDefault'
[2021.12.24-18.58.50:581][  0]LogAudioMixer: Display: Creating Master Submix 'MasterEQSubmixDefault'
[2021.12.24-18.58.50:582][  0]LogAudioMixer: FMixerPlatformXAudio2::StartAudioStream() called
[2021.12.24-18.58.50:582][  0]LogAudioMixer: Display: Output buffers initialized: Frames=1024, Channels=2, Samples=2048
[2021.12.24-18.58.50:583][  0]LogAudioMixer: Display: Starting AudioMixerPlatformInterface::RunInternal()
[2021.12.24-18.58.50:583][  0]LogAudioMixer: Display: FMixerPlatformXAudio2::SubmitBuffer() called for the first time
[2021.12.24-18.58.50:583][  0]LogInit: FAudioDevice initialized.
[2021.12.24-18.58.50:583][  0]LogAudio: Display: Audio Device (ID: 1) registered with world 'Untitled'.
[2021.12.24-18.58.50:584][  0]LogNetVersion: Set ProjectVersion to 1.0.0.0. Version Checksum will be recalculated on next use.
[2021.12.24-18.58.53:211][  0]LogDerivedDataCache: Saved boot cache 2.63s 96MB C:/Users/Denis/AppData/Local/UnrealEngine/4.27/DerivedDataCache/Boot.ddc.
[2021.12.24-18.58.53:212][  0]LogInit: Texture streaming: Enabled
[2021.12.24-18.58.53:988][  0]LogAnalytics: Display: [UEEditor.Rocket.Release] APIServer = https://datarouter.ol.epicgames.com/. AppVersion = 4.27.2-18319896+++UE4+Release-4.27
[2021.12.24-18.58.54:082][  0]LogEngineSessionManager: EngineSessionManager initialized
[2021.12.24-18.58.54:082][  0]LogEditorSessionSummary: Verbose: Initializing EditorSessionSummaryWriter for editor session tracking
[2021.12.24-18.58.54:640][  0]LogEditorSessionSummary: EditorSessionSummaryWriter initialized
[2021.12.24-18.58.55:865][  0]LogInit: Transaction tracking system initialized
[2021.12.24-18.59.00:122][  0]BlueprintLog: New page: Editor Load
[2021.12.24-18.59.06:414][  0]LocalizationService: Localization service is disabled
[2021.12.24-18.59.08:411][  0]TimingProfiler: Initialize
[2021.12.24-18.59.08:411][  0]TimingProfiler: OnSessionChanged
[2021.12.24-18.59.08:411][  0]LoadingProfiler: Initialize
[2021.12.24-18.59.08:411][  0]LoadingProfiler: OnSessionChanged
[2021.12.24-18.59.08:411][  0]NetworkingProfiler: Initialize
[2021.12.24-18.59.08:411][  0]NetworkingProfiler: OnSessionChanged
[2021.12.24-18.59.08:412][  0]MemoryProfiler: Initialize
[2021.12.24-18.59.08:412][  0]MemoryProfiler: OnSessionChanged
[2021.12.24-18.59.19:228][  0]LogFileCache: Scanning file cache for directory 'E:/Unreal Projects/Dungeoner/Content/' took 0.04s
[2021.12.24-18.59.19:228][  0]LogCook: Display: CookSettings for Memory: MemoryMaxUsedVirtual 0MiB, MemoryMaxUsedPhysical 16384MiB, MemoryMinFreeVirtual 0MiB, MemoryMinFreePhysical 1024MiB
[2021.12.24-18.59.19:228][  0]LogCook: Display: Mobile HDR setting 1
[2021.12.24-18.59.20:707][  0]LogDerivedDataCache: Display: HierarchicalDerivedDataBackend: Put failed, keeping in memory copy MESHDATAKEY_STATICMESH_940C97E946F545F5834146D0D58828BF_ABAB1A9D8145E7F7A9655A1CE42242F4.
[2021.12.24-18.59.20:707][  0]LogDerivedDataCache: Display: Failed to write MESHDATAKEY_STATICMESH_940C97E946F545F5834146D0D58828BF_ABAB1A9D8145E7F7A9655A1CE42242F4 to HierarchicalDerivedDataBackend. Error: 0 (Операция успешно завершена.)
[2021.12.24-18.59.20:707][  0]LogDerivedDataCache: Display: HierarchicalDerivedDataBackend: Put failed, keeping in memory copy MESHDATAKEY_STATICMESH_940C97E946F545F5834146D0D58828BF_2157D1F4844CE3E70070CA7D58D10412.
[2021.12.24-18.59.20:707][  0]LogDerivedDataCache: Display: Failed to write MESHDATAKEY_STATICMESH_940C97E946F545F5834146D0D58828BF_2157D1F4844CE3E70070CA7D58D10412 to HierarchicalDerivedDataBackend. Error: 0 (Операция успешно завершена.)
[2021.12.24-18.59.20:707][  0]LogDerivedDataCache: Display: HierarchicalDerivedDataBackend: Put failed, keeping in memory copy MESHDATAKEY_STATICMESH_940C97E946F545F5834146D0D58828BF_F46ED1FE0BB636E1E1EC3A17DC4099FE.
[2021.12.24-18.59.20:707][  0]LogDerivedDataCache: Display: Failed to write MESHDATAKEY_STATICMESH_940C97E946F545F5834146D0D58828BF_F46ED1FE0BB636E1E1EC3A17DC4099FE to HierarchicalDerivedDataBackend. Error: 0 (Операция успешно завершена.)
[2021.12.24-18.59.20:707][  0]LogDerivedDataCache: Display: HierarchicalDerivedDataBackend: Put failed, keeping in memory copy MESHDATAKEY_STATICMESH_940C97E946F545F5834146D0D58828BF_2E91A85898AF5E229CA7ABE6BAD5BCAF.
[2021.12.24-18.59.20:707][  0]LogDerivedDataCache: Display: Failed to write MESHDATAKEY_STATICMESH_940C97E946F545F5834146D0D58828BF_2E91A85898AF5E229CA7ABE6BAD5BCAF to HierarchicalDerivedDataBackend. Error: 0 (Операция успешно завершена.)
[2021.12.24-18.59.29:186][  0]LogInit: Display: Engine is initialized. Leaving FEngineLoop::Init()
[2021.12.24-18.59.29:248][  0]SourceControl: Source control is disabled
[2021.12.24-18.59.29:249][  0]LogUnrealEdMisc: Loading editor; pre map load, took 368.198
[2021.12.24-18.59.29:249][  0]Cmd: MAP LOAD FILE="../../../../Unreal Projects/Dungeoner/Content/Map/Map.umap" TEMPLATE=0 SHOWPROGRESS=1 FEATURELEVEL=3
[2021.12.24-18.59.29:249][  0]LightingResults: New page: Lighting Build
[2021.12.24-18.59.29:351][  0]LogWorld: UWorld::CleanupWorld for Untitled, bSessionEnded=true, bCleanupResources=true
[2021.12.24-18.59.29:351][  0]LogSlate: InvalidateAllWidgets triggered.  All widgets were invalidated
[2021.12.24-18.59.29:351][  0]MapCheck: New page: Map Check
[2021.12.24-18.59.29:351][  0]LightingResults: New page: Lighting Build
[2021.12.24-18.59.29:359][  0]LogAudio: Display: Audio Device unregistered from world 'None'.
[2021.12.24-18.59.29:363][  0]LogUObjectHash: Compacting FUObjectHashTables data took   1.31ms
[2021.12.24-18.59.50:053][  0]LogClass: Warning: Type mismatch in NewVar_0 of StatsHint_C - Previous (BoolProperty) Current(StructProperty) for package:  FObjectReader
[2021.12.24-18.59.59:784][  0]LogAudio: Display: Audio Device (ID: 1) registered with world 'Map'.
[2021.12.24-19.00.00:052][  0]LogAIModule: Creating AISystem for world Map
[2021.12.24-19.00.07:651][  0]LogEditorServer: Finished looking for orphan Actors (0.000 secs)
[2021.12.24-19.00.13:262][  0]LogUObjectHash: Compacting FUObjectHashTables data took   1.65ms
[2021.12.24-19.00.14:312][  0]Cmd: MAP CHECKDEP NOCLEARLOG
[2021.12.24-19.00.14:428][  0]MapCheck: Map check complete: 0 Error(s), 0 Warning(s), took 115,479ms to complete.
[2021.12.24-19.00.14:641][  0]LogFileHelpers: Loading map 'Map' took 45.180
[2021.12.24-19.00.20:290][  0]LogUnrealEdMisc: Total Editor Startup Time, took 419.241
[2021.12.24-19.00.38:408][  0]LogSlate: Updating window title bar state: overlay mode, drag disabled, window buttons hidden, title bar hidden
[2021.12.24-19.00.38:536][  0]LogSlate: Updating window title bar state: overlay mode, drag disabled, window buttons hidden, title bar hidden
[2021.12.24-19.00.38:545][  0]LogSlate: Updating window title bar state: overlay mode, drag disabled, window buttons hidden, title bar hidden
[2021.12.24-19.00.38:555][  0]LogSlate: Updating window title bar state: overlay mode, drag disabled, window buttons hidden, title bar hidden
[2021.12.24-19.00.40:038][  0]LogNativeClassHierarchy: Verbose: Native class hierarchy populated in 0.0388 seconds. Added 3824 classes and 931 folders.
[2021.12.24-19.00.41:551][  0]LogNativeClassHierarchy: Verbose: Native class hierarchy updated for 'WidgetCarousel' in 0.0004 seconds. Added 0 classes and 0 folders.
[2021.12.24-19.00.42:129][  0]LogPakFile: PakFile PrimaryIndexSize=187
[2021.12.24-19.00.42:129][  0]LogPakFile: PakFile PathHashIndexSize=101
[2021.12.24-19.00.42:129][  0]LogPakFile: PakFile FullDirectoryIndexSize=148
[2021.12.24-19.00.42:185][  0]LogShaderLibrary: Display: ShaderCodeLibraryPakFileMountedCallback: PakFile 'E:/UE_4.27/FeaturePacks/FP_FirstPerson.upack' (chunk index -1, root 'root:/') mounted
[2021.12.24-19.00.42:185][  0]LogShaderLibrary: Display: ShaderCodeLibraryPakFileMountedCallback: pending pak file info (ChunkID:-1 Root:root:/ File:E:/UE_4.27/FeaturePacks/FP_FirstPerson.upack)
[2021.12.24-19.00.42:202][  0]LogPakFile: OnPakFileMounted2Time == 0.072246
[2021.12.24-19.00.42:360][  0]LogPakFile: PakFile PrimaryIndexSize=189
[2021.12.24-19.00.42:360][  0]LogPakFile: PakFile PathHashIndexSize=101
[2021.12.24-19.00.42:360][  0]LogPakFile: PakFile FullDirectoryIndexSize=152
[2021.12.24-19.00.42:360][  0]LogShaderLibrary: Display: ShaderCodeLibraryPakFileMountedCallback: PakFile 'E:/UE_4.27/FeaturePacks/FP_FirstPersonBP.upack' (chunk index -1, root 'root:/') mounted
[2021.12.24-19.00.42:360][  0]LogShaderLibrary: Display: ShaderCodeLibraryPakFileMountedCallback: pending pak file info (ChunkID:-1 Root:root:/ File:E:/UE_4.27/FeaturePacks/FP_FirstPersonBP.upack)
[2021.12.24-19.00.42:360][  0]LogPakFile: OnPakFileMounted2Time == 0.000073
[2021.12.24-19.00.42:464][  0]LogPakFile: PakFile PrimaryIndexSize=191
[2021.12.24-19.00.42:464][  0]LogPakFile: PakFile PathHashIndexSize=101
[2021.12.24-19.00.42:464][  0]LogPakFile: PakFile FullDirectoryIndexSize=160
[2021.12.24-19.00.42:464][  0]LogShaderLibrary: Display: ShaderCodeLibraryPakFileMountedCallback: PakFile 'E:/UE_4.27/FeaturePacks/MobileStarterContent.upack' (chunk index -1, root 'root:/') mounted
[2021.12.24-19.00.42:464][  0]LogShaderLibrary: Display: ShaderCodeLibraryPakFileMountedCallback: pending pak file info (ChunkID:-1 Root:root:/ File:E:/UE_4.27/FeaturePacks/MobileStarterContent.upack)
[2021.12.24-19.00.42:464][  0]LogPakFile: OnPakFileMounted2Time == 0.000083
[2021.12.24-19.00.42:674][  0]LogPakFile: PakFile PrimaryIndexSize=185
[2021.12.24-19.00.42:674][  0]LogPakFile: PakFile PathHashIndexSize=101
[2021.12.24-19.00.42:674][  0]LogPakFile: PakFile FullDirectoryIndexSize=148
[2021.12.24-19.00.42:674][  0]LogShaderLibrary: Display: ShaderCodeLibraryPakFileMountedCallback: PakFile 'E:/UE_4.27/FeaturePacks/StarterContent.upack' (chunk index -1, root 'root:/') mounted
[2021.12.24-19.00.42:674][  0]LogShaderLibrary: Display: ShaderCodeLibraryPakFileMountedCallback: pending pak file info (ChunkID:-1 Root:root:/ File:E:/UE_4.27/FeaturePacks/StarterContent.upack)
[2021.12.24-19.00.42:674][  0]LogPakFile: OnPakFileMounted2Time == 0.000061
[2021.12.24-19.00.42:721][  0]LogPakFile: PakFile PrimaryIndexSize=190
[2021.12.24-19.00.42:721][  0]LogPakFile: PakFile PathHashIndexSize=101
[2021.12.24-19.00.42:721][  0]LogPakFile: PakFile FullDirectoryIndexSize=154
[2021.12.24-19.00.42:721][  0]LogShaderLibrary: Display: ShaderCodeLibraryPakFileMountedCallback: PakFile 'E:/UE_4.27/FeaturePacks/TP_2DSideScroller.upack' (chunk index -1, root 'root:/') mounted
[2021.12.24-19.00.42:721][  0]LogShaderLibrary: Display: ShaderCodeLibraryPakFileMountedCallback: pending pak file info (ChunkID:-1 Root:root:/ File:E:/UE_4.27/FeaturePacks/TP_2DSideScroller.upack)
[2021.12.24-19.00.42:722][  0]LogPakFile: OnPakFileMounted2Time == 0.000068
[2021.12.24-19.00.42:773][  0]LogPakFile: PakFile PrimaryIndexSize=192
[2021.12.24-19.00.42:773][  0]LogPakFile: PakFile PathHashIndexSize=101
[2021.12.24-19.00.42:773][  0]LogPakFile: PakFile FullDirectoryIndexSize=158
[2021.12.24-19.00.42:773][  0]LogShaderLibrary: Display: ShaderCodeLibraryPakFileMountedCallback: PakFile 'E:/UE_4.27/FeaturePacks/TP_2DSideScrollerBP.upack' (chunk index -1, root 'root:/') mounted
[2021.12.24-19.00.42:773][  0]LogShaderLibrary: Display: ShaderCodeLibraryPakFileMountedCallback: pending pak file info (ChunkID:-1 Root:root:/ File:E:/UE_4.27/FeaturePacks/TP_2DSideScrollerBP.upack)
[2021.12.24-19.00.42:773][  0]LogPakFile: OnPakFileMounted2Time == 0.000093
[2021.12.24-19.00.42:791][  0]LogPakFile: PakFile PrimaryIndexSize=182
[2021.12.24-19.00.42:791][  0]LogPakFile: PakFile PathHashIndexSize=101
[2021.12.24-19.00.42:791][  0]LogPakFile: PakFile FullDirectoryIndexSize=138
[2021.12.24-19.00.42:791][  0]LogShaderLibrary: Display: ShaderCodeLibraryPakFileMountedCallback: PakFile 'E:/UE_4.27/FeaturePacks/TP_Flying.upack' (chunk index -1, root 'root:/') mounted
[2021.12.24-19.00.42:791][  0]LogShaderLibrary: Display: ShaderCodeLibraryPakFileMountedCallback: pending pak file info (ChunkID:-1 Root:root:/ File:E:/UE_4.27/FeaturePacks/TP_Flying.upack)
[2021.12.24-19.00.42:791][  0]LogPakFile: OnPakFileMounted2Time == 0.000059
[2021.12.24-19.00.42:887][  0]LogPakFile: PakFile PrimaryIndexSize=184
[2021.12.24-19.00.42:887][  0]LogPakFile: PakFile PathHashIndexSize=101
[2021.12.24-19.00.42:887][  0]LogPakFile: PakFile FullDirectoryIndexSize=142
[2021.12.24-19.00.42:887][  0]LogShaderLibrary: Display: ShaderCodeLibraryPakFileMountedCallback: PakFile 'E:/UE_4.27/FeaturePacks/TP_FlyingBP.upack' (chunk index -1, root 'root:/') mounted
[2021.12.24-19.00.42:887][  0]LogShaderLibrary: Display: ShaderCodeLibraryPakFileMountedCallback: pending pak file info (ChunkID:-1 Root:root:/ File:E:/UE_4.27/FeaturePacks/TP_FlyingBP.upack)
[2021.12.24-19.00.42:887][  0]LogPakFile: OnPakFileMounted2Time == 0.000056
[2021.12.24-19.00.43:002][  0]LogPakFile: PakFile PrimaryIndexSize=188
[2021.12.24-19.00.43:002][  0]LogPakFile: PakFile PathHashIndexSize=101
[2021.12.24-19.00.43:002][  0]LogPakFile: PakFile FullDirectoryIndexSize=150
[2021.12.24-19.00.43:002][  0]LogShaderLibrary: Display: ShaderCodeLibraryPakFileMountedCallback: PakFile 'E:/UE_4.27/FeaturePacks/TP_HandheldARBP.upack' (chunk index -1, root 'root:/') mounted
[2021.12.24-19.00.43:003][  0]LogShaderLibrary: Display: ShaderCodeLibraryPakFileMountedCallback: pending pak file info (ChunkID:-1 Root:root:/ File:E:/UE_4.27/FeaturePacks/TP_HandheldARBP.upack)
[2021.12.24-19.00.43:003][  0]LogPakFile: OnPakFileMounted2Time == 0.000092
[2021.12.24-19.00.43:072][  0]LogPakFile: PakFile PrimaryIndexSize=182
[2021.12.24-19.00.43:072][  0]LogPakFile: PakFile PathHashIndexSize=101
[2021.12.24-19.00.43:072][  0]LogPakFile: PakFile FullDirectoryIndexSize=138
[2021.12.24-19.00.43:072][  0]LogShaderLibrary: Display: ShaderCodeLibraryPakFileMountedCallback: PakFile 'E:/UE_4.27/FeaturePacks/TP_Puzzle.upack' (chunk index -1, root 'root:/') mounted
[2021.12.24-19.00.43:072][  0]LogShaderLibrary: Display: ShaderCodeLibraryPakFileMountedCallback: pending pak file info (ChunkID:-1 Root:root:/ File:E:/UE_4.27/FeaturePacks/TP_Puzzle.upack)
[2021.12.24-19.00.43:072][  0]LogPakFile: OnPakFileMounted2Time == 0.000056
[2021.12.24-19.00.43:088][  0]LogPakFile: PakFile PrimaryIndexSize=184
[2021.12.24-19.00.43:089][  0]LogPakFile: PakFile PathHashIndexSize=101
[2021.12.24-19.00.43:089][  0]LogPakFile: PakFile FullDirectoryIndexSize=142
[2021.12.24-19.00.43:089][  0]LogShaderLibrary: Display: ShaderCodeLibraryPakFileMountedCallback: PakFile 'E:/UE_4.27/FeaturePacks/TP_PuzzleBP.upack' (chunk index -1, root 'root:/') mounted
[2021.12.24-19.00.43:089][  0]LogShaderLibrary: Display: ShaderCodeLibraryPakFileMountedCallback: pending pak file info (ChunkID:-1 Root:root:/ File:E:/UE_4.27/FeaturePacks/TP_PuzzleBP.upack)
[2021.12.24-19.00.43:089][  0]LogPakFile: OnPakFileMounted2Time == 0.000091
[2021.12.24-19.00.43:111][  0]LogPakFile: PakFile PrimaryIndexSize=183
[2021.12.24-19.00.43:111][  0]LogPakFile: PakFile PathHashIndexSize=101
[2021.12.24-19.00.43:112][  0]LogPakFile: PakFile FullDirectoryIndexSize=140
[2021.12.24-19.00.43:112][  0]LogShaderLibrary: Display: ShaderCodeLibraryPakFileMountedCallback: PakFile 'E:/UE_4.27/FeaturePacks/TP_Rolling.upack' (chunk index -1, root 'root:/') mounted
[2021.12.24-19.00.43:112][  0]LogShaderLibrary: Display: ShaderCodeLibraryPakFileMountedCallback: pending pak file info (ChunkID:-1 Root:root:/ File:E:/UE_4.27/FeaturePacks/TP_Rolling.upack)
[2021.12.24-19.00.43:112][  0]LogPakFile: OnPakFileMounted2Time == 0.000059
[2021.12.24-19.00.43:166][  0]LogPakFile: PakFile PrimaryIndexSize=185
[2021.12.24-19.00.43:166][  0]LogPakFile: PakFile PathHashIndexSize=101
[2021.12.24-19.00.43:166][  0]LogPakFile: PakFile FullDirectoryIndexSize=144
[2021.12.24-19.00.43:166][  0]LogShaderLibrary: Display: ShaderCodeLibraryPakFileMountedCallback: PakFile 'E:/UE_4.27/FeaturePacks/TP_RollingBP.upack' (chunk index -1, root 'root:/') mounted
[2021.12.24-19.00.43:166][  0]LogShaderLibrary: Display: ShaderCodeLibraryPakFileMountedCallback: pending pak file info (ChunkID:-1 Root:root:/ File:E:/UE_4.27/FeaturePacks/TP_RollingBP.upack)
[2021.12.24-19.00.43:166][  0]LogPakFile: OnPakFileMounted2Time == 0.000058
[2021.12.24-19.00.43:233][  0]LogPakFile: PakFile PrimaryIndexSize=188
[2021.12.24-19.00.43:233][  0]LogPakFile: PakFile PathHashIndexSize=101
[2021.12.24-19.00.43:233][  0]LogPakFile: PakFile FullDirectoryIndexSize=150
[2021.12.24-19.00.43:233][  0]LogShaderLibrary: Display: ShaderCodeLibraryPakFileMountedCallback: PakFile 'E:/UE_4.27/FeaturePacks/TP_SideScroller.upack' (chunk index -1, root 'root:/') mounted
[2021.12.24-19.00.43:233][  0]LogShaderLibrary: Display: ShaderCodeLibraryPakFileMountedCallback: pending pak file info (ChunkID:-1 Root:root:/ File:E:/UE_4.27/FeaturePacks/TP_SideScroller.upack)
[2021.12.24-19.00.43:233][  0]LogPakFile: OnPakFileMounted2Time == 0.000057
[2021.12.24-19.00.43:303][  0]LogPakFile: PakFile PrimaryIndexSize=190
[2021.12.24-19.00.43:303][  0]LogPakFile: PakFile PathHashIndexSize=101
[2021.12.24-19.00.43:303][  0]LogPakFile: PakFile FullDirectoryIndexSize=154
[2021.12.24-19.00.43:303][  0]LogShaderLibrary: Display: ShaderCodeLibraryPakFileMountedCallback: PakFile 'E:/UE_4.27/FeaturePacks/TP_SideScrollerBP.upack' (chunk index -1, root 'root:/') mounted
[2021.12.24-19.00.43:303][  0]LogShaderLibrary: Display: ShaderCodeLibraryPakFileMountedCallback: pending pak file info (ChunkID:-1 Root:root:/ File:E:/UE_4.27/FeaturePacks/TP_SideScrollerBP.upack)
[2021.12.24-19.00.43:303][  0]LogPakFile: OnPakFileMounted2Time == 0.000062
[2021.12.24-19.00.43:370][  0]LogPakFile: PakFile PrimaryIndexSize=187
[2021.12.24-19.00.43:370][  0]LogPakFile: PakFile PathHashIndexSize=101
[2021.12.24-19.00.43:370][  0]LogPakFile: PakFile FullDirectoryIndexSize=148
[2021.12.24-19.00.43:370][  0]LogShaderLibrary: Display: ShaderCodeLibraryPakFileMountedCallback: PakFile 'E:/UE_4.27/FeaturePacks/TP_ThirdPerson.upack' (chunk index -1, root 'root:/') mounted
[2021.12.24-19.00.43:370][  0]LogShaderLibrary: Display: ShaderCodeLibraryPakFileMountedCallback: pending pak file info (ChunkID:-1 Root:root:/ File:E:/UE_4.27/FeaturePacks/TP_ThirdPerson.upack)
[2021.12.24-19.00.43:371][  0]LogPakFile: OnPakFileMounted2Time == 0.000066
[2021.12.24-19.00.43:437][  0]LogPakFile: PakFile PrimaryIndexSize=189
[2021.12.24-19.00.43:437][  0]LogPakFile: PakFile PathHashIndexSize=101
[2021.12.24-19.00.43:437][  0]LogPakFile: PakFile FullDirectoryIndexSize=152
[2021.12.24-19.00.43:437][  0]LogShaderLibrary: Display: ShaderCodeLibraryPakFileMountedCallback: PakFile 'E:/UE_4.27/FeaturePacks/TP_ThirdPersonBP.upack' (chunk index -1, root 'root:/') mounted
[2021.12.24-19.00.43:437][  0]LogShaderLibrary: Display: ShaderCodeLibraryPakFileMountedCallback: pending pak file info (ChunkID:-1 Root:root:/ File:E:/UE_4.27/FeaturePacks/TP_ThirdPersonBP.upack)
[2021.12.24-19.00.43:437][  0]LogPakFile: OnPakFileMounted2Time == 0.000056
[2021.12.24-19.00.43:441][  0]LogPakFile: PakFile PrimaryIndexSize=183
[2021.12.24-19.00.43:441][  0]LogPakFile: PakFile PathHashIndexSize=101
[2021.12.24-19.00.43:441][  0]LogPakFile: PakFile FullDirectoryIndexSize=140
[2021.12.24-19.00.43:441][  0]LogShaderLibrary: Display: ShaderCodeLibraryPakFileMountedCallback: PakFile 'E:/UE_4.27/FeaturePacks/TP_TopDown.upack' (chunk index -1, root 'root:/') mounted
[2021.12.24-19.00.43:441][  0]LogShaderLibrary: Display: ShaderCodeLibraryPakFileMountedCallback: pending pak file info (ChunkID:-1 Root:root:/ File:E:/UE_4.27/FeaturePacks/TP_TopDown.upack)
[2021.12.24-19.00.43:441][  0]LogPakFile: OnPakFileMounted2Time == 0.000057
[2021.12.24-19.00.43:468][  0]LogPakFile: PakFile PrimaryIndexSize=185
[2021.12.24-19.00.43:468][  0]LogPakFile: PakFile PathHashIndexSize=101
[2021.12.24-19.00.43:468][  0]LogPakFile: PakFile FullDirectoryIndexSize=144
[2021.12.24-19.00.43:468][  0]LogShaderLibrary: Display: ShaderCodeLibraryPakFileMountedCallback: PakFile 'E:/UE_4.27/FeaturePacks/TP_TopDownBP.upack' (chunk index -1, root 'root:/') mounted
[2021.12.24-19.00.43:468][  0]LogShaderLibrary: Display: ShaderCodeLibraryPakFileMountedCallback: pending pak file info (ChunkID:-1 Root:root:/ File:E:/UE_4.27/FeaturePacks/TP_TopDownBP.upack)
[2021.12.24-19.00.43:468][  0]LogPakFile: OnPakFileMounted2Time == 0.000054
[2021.12.24-19.00.43:474][  0]LogPakFile: PakFile PrimaryIndexSize=185
[2021.12.24-19.00.43:474][  0]LogPakFile: PakFile PathHashIndexSize=101
[2021.12.24-19.00.43:474][  0]LogPakFile: PakFile FullDirectoryIndexSize=144
[2021.12.24-19.00.43:474][  0]LogShaderLibrary: Display: ShaderCodeLibraryPakFileMountedCallback: PakFile 'E:/UE_4.27/FeaturePacks/TP_TwinStick.upack' (chunk index -1, root 'root:/') mounted
[2021.12.24-19.00.43:474][  0]LogShaderLibrary: Display: ShaderCodeLibraryPakFileMountedCallback: pending pak file info (ChunkID:-1 Root:root:/ File:E:/UE_4.27/FeaturePacks/TP_TwinStick.upack)
[2021.12.24-19.00.43:474][  0]LogPakFile: OnPakFileMounted2Time == 0.000049
[2021.12.24-19.00.43:507][  0]LogPakFile: PakFile PrimaryIndexSize=187
[2021.12.24-19.00.43:507][  0]LogPakFile: PakFile PathHashIndexSize=101
[2021.12.24-19.00.43:507][  0]LogPakFile: PakFile FullDirectoryIndexSize=148
[2021.12.24-19.00.43:507][  0]LogShaderLibrary: Display: ShaderCodeLibraryPakFileMountedCallback: PakFile 'E:/UE_4.27/FeaturePacks/TP_TwinStickBP.upack' (chunk index -1, root 'root:/') mounted
[2021.12.24-19.00.43:507][  0]LogShaderLibrary: Display: ShaderCodeLibraryPakFileMountedCallback: pending pak file info (ChunkID:-1 Root:root:/ File:E:/UE_4.27/FeaturePacks/TP_TwinStickBP.upack)
[2021.12.24-19.00.43:507][  0]LogPakFile: OnPakFileMounted2Time == 0.000062
[2021.12.24-19.00.43:603][  0]LogPakFile: PakFile PrimaryIndexSize=183
[2021.12.24-19.00.43:603][  0]LogPakFile: PakFile PathHashIndexSize=101
[2021.12.24-19.00.43:603][  0]LogPakFile: PakFile FullDirectoryIndexSize=140
[2021.12.24-19.00.43:603][  0]LogShaderLibrary: Display: ShaderCodeLibraryPakFileMountedCallback: PakFile 'E:/UE_4.27/FeaturePacks/TP_Vehicle.upack' (chunk index -1, root 'root:/') mounted
[2021.12.24-19.00.43:603][  0]LogShaderLibrary: Display: ShaderCodeLibraryPakFileMountedCallback: pending pak file info (ChunkID:-1 Root:root:/ File:E:/UE_4.27/FeaturePacks/TP_Vehicle.upack)
[2021.12.24-19.00.43:603][  0]LogPakFile: OnPakFileMounted2Time == 0.000065
[2021.12.24-19.00.43:635][  0]LogPakFile: PakFile PrimaryIndexSize=186
[2021.12.24-19.00.43:636][  0]LogPakFile: PakFile PathHashIndexSize=101
[2021.12.24-19.00.43:636][  0]LogPakFile: PakFile FullDirectoryIndexSize=146
[2021.12.24-19.00.43:636][  0]LogShaderLibrary: Display: ShaderCodeLibraryPakFileMountedCallback: PakFile 'E:/UE_4.27/FeaturePacks/TP_VehicleAdv.upack' (chunk index -1, root 'root:/') mounted
[2021.12.24-19.00.43:636][  0]LogShaderLibrary: Display: ShaderCodeLibraryPakFileMountedCallback: pending pak file info (ChunkID:-1 Root:root:/ File:E:/UE_4.27/FeaturePacks/TP_VehicleAdv.upack)
[2021.12.24-19.00.43:636][  0]LogPakFile: OnPakFileMounted2Time == 0.000060
[2021.12.24-19.00.43:678][  0]LogPakFile: PakFile PrimaryIndexSize=188
[2021.12.24-19.00.43:679][  0]LogPakFile: PakFile PathHashIndexSize=101
[2021.12.24-19.00.43:679][  0]LogPakFile: PakFile FullDirectoryIndexSize=150
[2021.12.24-19.00.43:679][  0]LogShaderLibrary: Display: ShaderCodeLibraryPakFileMountedCallback: PakFile 'E:/UE_4.27/FeaturePacks/TP_VehicleAdvBP.upack' (chunk index -1, root 'root:/') mounted
[2021.12.24-19.00.43:679][  0]LogShaderLibrary: Display: ShaderCodeLibraryPakFileMountedCallback: pending pak file info (ChunkID:-1 Root:root:/ File:E:/UE_4.27/FeaturePacks/TP_VehicleAdvBP.upack)
[2021.12.24-19.00.43:679][  0]LogPakFile: OnPakFileMounted2Time == 0.000059
[2021.12.24-19.00.43:682][  0]LogPakFile: PakFile PrimaryIndexSize=185
[2021.12.24-19.00.43:682][  0]LogPakFile: PakFile PathHashIndexSize=101
[2021.12.24-19.00.43:682][  0]LogPakFile: PakFile FullDirectoryIndexSize=144
[2021.12.24-19.00.43:682][  0]LogShaderLibrary: Display: ShaderCodeLibraryPakFileMountedCallback: PakFile 'E:/UE_4.27/FeaturePacks/TP_VehicleBP.upack' (chunk index -1, root 'root:/') mounted
[2021.12.24-19.00.43:682][  0]LogShaderLibrary: Display: ShaderCodeLibraryPakFileMountedCallback: pending pak file info (ChunkID:-1 Root:root:/ File:E:/UE_4.27/FeaturePacks/TP_VehicleBP.upack)
[2021.12.24-19.00.43:682][  0]LogPakFile: OnPakFileMounted2Time == 0.000058
[2021.12.24-19.00.43:748][  0]LogPakFile: PakFile PrimaryIndexSize=192
[2021.12.24-19.00.43:748][  0]LogPakFile: PakFile PathHashIndexSize=101
[2021.12.24-19.00.43:748][  0]LogPakFile: PakFile FullDirectoryIndexSize=158
[2021.12.24-19.00.43:748][  0]LogShaderLibrary: Display: ShaderCodeLibraryPakFileMountedCallback: PakFile 'E:/UE_4.27/FeaturePacks/TP_VirtualRealityBP.upack' (chunk index -1, root 'root:/') mounted
[2021.12.24-19.00.43:748][  0]LogShaderLibrary: Display: ShaderCodeLibraryPakFileMountedCallback: pending pak file info (ChunkID:-1 Root:root:/ File:E:/UE_4.27/FeaturePacks/TP_VirtualRealityBP.upack)
[2021.12.24-19.00.43:748][  0]LogPakFile: OnPakFileMounted2Time == 0.000059
[2021.12.24-19.00.47:828][  0]LogNativeClassHierarchy: Verbose: Native class hierarchy updated for 'AddContentDialog' in 0.0004 seconds. Added 0 classes and 0 folders.
[2021.12.24-19.00.48:601][  0]LogNativeClassHierarchy: Verbose: Native class hierarchy updated for 'SceneOutliner' in 0.0004 seconds. Added 2 classes and 0 folders.
[2021.12.24-19.01.00:494][  0]LogSlate: Took 0.062786 seconds to synchronously load lazily loaded font '../../../Engine/Content/Slate/Fonts/Roboto-Regular.ttf' (155K)
[2021.12.24-19.01.29:720][  0]LogSlate: Only BGRA pngs, bmps or icos are supported in by External Image Picker
[2021.12.24-19.01.33:733][  0]LogSlate: Took 0.177885 seconds to synchronously load lazily loaded font '../../../Engine/Content/Editor/Slate/Fonts/FontAwesome.ttf' (139K)
[2021.12.24-19.01.34:467][  0]LogSlate: Took 0.123727 seconds to synchronously load lazily loaded font '../../../Engine/Content/Slate/Fonts/Roboto-Bold.ttf' (160K)
[2021.12.24-19.01.47:112][  0]LogRenderer: Reallocating scene render targets to support 1208x572 Format 10 NumSamples 1 (Frame:1).
[2021.12.24-19.02.05:065][  0]LogSlate: Took 0.043151 seconds to synchronously load lazily loaded font '../../../Engine/Content/Slate/Fonts/Roboto-Light.ttf' (167K)
[2021.12.24-19.02.10:197][  0]LogNativeClassHierarchy: Verbose: Native class hierarchy updated for 'HierarchicalLODOutliner' in 0.0004 seconds. Added 0 classes and 0 folders.
[2021.12.24-19.02.10:215][  0]LogLoad: (Engine Initialization) Total time: 529.17 seconds
[2021.12.24-19.02.10:215][  0]LogLoad: (Engine Initialization) Total Blueprint compile time: 0.00 seconds
[2021.12.24-19.02.17:696][  0]LogContentStreaming: Texture pool size now 3000 MB
[2021.12.24-19.02.39:130][  2]LogAssetRegistry: Asset discovery search completed in 374.6862 seconds
[2021.12.24-19.02.43:603][  2]LogCollectionManager: Fixed up redirectors for 0 collections in 0.100977 seconds (updated 0 objects)
[2021.12.24-19.13.14:941][877]LogUObjectHash: Compacting FUObjectHashTables data took   3.74ms
[2021.12.24-19.13.16:644][877]LogSlate: Window 'Dungeoner - Unreal Editor' being destroyed
