Log file open, 12/18/21 14:10:57
LogWindows: Failed to load 'aqProf.dll' (GetLastError=126)
LogWindows: File 'aqProf.dll' does not exist
LogWindows: Failed to load 'VtuneApi.dll' (GetLastError=126)
LogWindows: File 'VtuneApi.dll' does not exist
LogWindows: Failed to load 'VtuneApi32e.dll' (GetLastError=126)
LogWindows: File 'VtuneApi32e.dll' does not exist
LogConsoleResponse: Display: Failed to find resolution value strings in scalability ini. Falling back to default.
LogConsoleResponse: Display: Failed to find resolution value strings in scalability ini. Falling back to default.
LogInit: Display: Running engine for game: Dungeoner
LogPlatformFile: Not using cached read wrapper
LogTaskGraph: Started task graph with 5 named threads and 14 total threads with 3 sets of task threads.
LogStats: Stats thread started at 25.179228
LogICUInternationalization: ICU TimeZone Detection - Raw Offset: +4:00, Platform Override: ''
LogInit: Display: Loading text-based GConfig....
LogPluginManager: Mounting plugin MeshPainting
LogPluginManager: Mounting plugin XGEController
LogPluginManager: Mounting plugin Paper2D
LogPluginManager: Mounting plugin LiveLink
LogPluginManager: Mounting plugin AISupport
LogPluginManager: Mounting plugin EnvironmentQueryEditor
LogPluginManager: Mounting plugin LightPropagationVolume
LogPluginManager: Mounting plugin CameraShakePreviewer
LogPluginManager: Mounting plugin GameplayCameras
LogPluginManager: Mounting plugin OodleData
LogPluginManager: Mounting plugin OodleNetwork
LogPluginManager: Mounting plugin AnimationSharing
LogPluginManager: Mounting plugin CLionSourceCodeAccess
LogPluginManager: Mounting plugin GitSourceControl
LogPluginManager: Mounting plugin CodeLiteSourceCodeAccess
LogPluginManager: Mounting plugin KDevelopSourceCodeAccess
LogPluginManager: Mounting plugin NullSourceCodeAccess
LogPluginManager: Mounting plugin PerforceSourceControl
LogPluginManager: Mounting plugin PixWinPlugin
LogPluginManager: Mounting plugin PlasticSourceControl
LogPluginManager: Mounting plugin PluginUtils
LogPluginManager: Mounting plugin PropertyAccessNode
LogPluginManager: Mounting plugin RiderSourceCodeAccess
LogPluginManager: Mounting plugin SubversionSourceControl
LogPluginManager: Mounting plugin TextureFormatOodle
LogPluginManager: Mounting plugin UObjectPlugin
LogPluginManager: Mounting plugin VisualStudioCodeSourceCodeAccess
LogPluginManager: Mounting plugin VisualStudioSourceCodeAccess
LogPluginManager: Mounting plugin XCodeSourceCodeAccess
LogPluginManager: Mounting plugin AssetManagerEditor
LogPluginManager: Mounting plugin CryptoKeys
LogPluginManager: Mounting plugin CurveEditorTools
LogPluginManager: Mounting plugin DataValidation
LogPluginManager: Mounting plugin FacialAnimation
LogPluginManager: Mounting plugin GameplayTagsEditor
LogPluginManager: Mounting plugin GeometryMode
LogPluginManager: Mounting plugin MacGraphicsSwitching
LogPluginManager: Mounting plugin MaterialAnalyzer
LogPluginManager: Mounting plugin MobileLauncherProfileWizard
LogPluginManager: Mounting plugin PluginBrowser
LogPluginManager: Mounting plugin SpeedTreeImporter
LogPluginManager: Mounting plugin DatasmithContent
LogPluginManager: Mounting plugin VariantManagerContent
LogPluginManager: Mounting plugin AlembicImporter
LogPluginManager: Mounting plugin AutomationUtils
LogPluginManager: Mounting plugin BackChannel
LogPluginManager: Mounting plugin ChaosCloth
LogPluginManager: Mounting plugin ChaosClothEditor
LogPluginManager: Mounting plugin ChaosEditor
LogPluginManager: Mounting plugin ChaosNiagara
LogPluginManager: Mounting plugin ChaosSolverPlugin
LogPluginManager: Mounting plugin CharacterAI
LogPluginManager: Mounting plugin GeometryCache
LogPluginManager: Mounting plugin GeometryCollectionPlugin
LogPluginManager: Mounting plugin GeometryProcessing
LogPluginManager: Mounting plugin MotoSynth
LogPluginManager: Mounting plugin OpenImageDenoise
LogPluginManager: Mounting plugin PlanarCut
LogPluginManager: Mounting plugin PlatformCrypto
LogPluginManager: Mounting plugin ProxyLODPlugin
LogPluginManager: Mounting plugin PythonScriptPlugin
LogPluginManager: Mounting plugin Niagara
LogPluginManager: Mounting plugin SkeletalReduction
LogPluginManager: Mounting plugin LuminPlatformFeatures
LogPluginManager: Mounting plugin MagicLeap
LogPluginManager: Mounting plugin MagicLeapLightEstimation
LogPluginManager: Mounting plugin MagicLeapMedia
LogPluginManager: Mounting plugin MagicLeapPassableWorld
LogPluginManager: Mounting plugin MLSDK
LogPluginManager: Mounting plugin AndroidMedia
LogPluginManager: Mounting plugin AvfMedia
LogPluginManager: Mounting plugin ImgMedia
LogPluginManager: Mounting plugin MediaCompositing
LogPluginManager: Mounting plugin MediaPlayerEditor
LogPluginManager: Mounting plugin WebMMedia
LogPluginManager: Mounting plugin WmfMedia
LogPluginManager: Mounting plugin TcpMessaging
LogPluginManager: Mounting plugin UdpMessaging
LogPluginManager: Mounting plugin ActorSequence
LogPluginManager: Mounting plugin LevelSequenceEditor
LogPluginManager: Mounting plugin MatineeToLevelSequence
LogPluginManager: Mounting plugin TemplateSequence
LogPluginManager: Mounting plugin OnlineSubsystem
LogPluginManager: Mounting plugin OnlineSubsystemNull
LogPluginManager: Mounting plugin OnlineSubsystemUtils
LogPluginManager: Mounting plugin LauncherChunkInstaller
LogPluginManager: Mounting plugin ActorLayerUtilities
LogPluginManager: Mounting plugin AndroidDeviceProfileSelector
LogPluginManager: Mounting plugin AndroidPermission
LogPluginManager: Mounting plugin AndroidMoviePlayer
LogPluginManager: Mounting plugin AppleImageUtils
LogPluginManager: Mounting plugin ArchVisCharacter
LogPluginManager: Mounting plugin AssetTags
LogPluginManager: Mounting plugin AudioCapture
LogPluginManager: Mounting plugin AudioSynesthesia
LogPluginManager: Mounting plugin CableComponent
LogPluginManager: Mounting plugin ChunkDownloader
LogPluginManager: Mounting plugin CustomMeshComponent
LogPluginManager: Mounting plugin AppleMoviePlayer
LogPluginManager: Mounting plugin EditableMesh
LogPluginManager: Mounting plugin ExampleDeviceProfileSelector
LogPluginManager: Mounting plugin GooglePAD
LogPluginManager: Mounting plugin GoogleCloudMessaging
LogPluginManager: Mounting plugin IOSDeviceProfileSelector
LogPluginManager: Mounting plugin LocationServicesBPLibrary
LogPluginManager: Mounting plugin LinuxDeviceProfileSelector
LogPluginManager: Mounting plugin MobilePatchingUtils
LogPluginManager: Mounting plugin OpenXR
LogPluginManager: Mounting plugin OpenXREyeTracker
LogPluginManager: Mounting plugin OpenXRHandTracking
LogPluginManager: Mounting plugin PhysXVehicles
LogPluginManager: Mounting plugin ProceduralMeshComponent
LogPluginManager: Mounting plugin PropertyAccessEditor
LogPluginManager: Mounting plugin RuntimePhysXCooking
LogPluginManager: Mounting plugin SignificanceManager
LogPluginManager: Mounting plugin SoundFields
LogPluginManager: Mounting plugin PostSplashScreen
LogPluginManager: Mounting plugin Synthesis
LogPluginManager: Mounting plugin WebMMoviePlayer
LogPluginManager: Mounting plugin WindowsMoviePlayer
LogPluginManager: Mounting plugin ScreenshotTools
LogPluginManager: Mounting plugin Takes
LogPluginManager: Mounting plugin ContentBrowserAssetDataSource
LogPluginManager: Mounting plugin ContentBrowserClassDataSource
LogPluginManager: Mounting plugin ContentBrowserFileDataSource
LogPluginManager: Mounting plugin OnlineSubsystemGooglePlay
LogPluginManager: Mounting plugin OnlineSubsystemIOS
LogPluginManager: Mounting plugin OculusVR
LogPluginManager: Mounting plugin SteamVR
PixWinPlugin: PIX capture plugin failed to initialize! Check that the process is launched from PIX.
LogInit: Using libcurl 7.55.1-DEV
LogInit:  - built for x86_64-pc-win32
LogInit:  - supports SSL with OpenSSL/1.1.1
LogInit:  - supports HTTP deflate (compression) using libz 1.2.8
LogInit:  - other features:
LogInit:      CURL_VERSION_SSL
LogInit:      CURL_VERSION_LIBZ
LogInit:      CURL_VERSION_IPV6
LogInit:      CURL_VERSION_ASYNCHDNS
LogInit:      CURL_VERSION_LARGEFILE
LogInit:      CURL_VERSION_IDN
LogInit:  CurlRequestOptions (configurable via config and command line):
LogInit:  - bVerifyPeer = true  - Libcurl will verify peer certificate
LogInit:  - bUseHttpProxy = false  - Libcurl will NOT use HTTP proxy
LogInit:  - bDontReuseConnections = false  - Libcurl will reuse connections
LogInit:  - MaxHostConnections = 16  - Libcurl will limit the number of connections to a host
LogInit:  - LocalHostAddr = Default
LogInit:  - BufferSize = 65536
LogOnline: OSS: Creating online subsystem instance for: NULL
LogInit: WinSock: version 1.1 (2.2), MaxSocks=32767, MaxUdp=65467
LogOnline: OSS: TryLoadSubsystemAndSetDefault: Loaded subsystem for module [NULL]
LogOculusPluginWrapper: OculusPlugin initialized successfully
LogHMD: Failed initializing OVRPlugin 1.59.0
LogInit: Build: ++UE4+Release-4.27-CL-18319896
LogInit: Engine Version: 4.27.2-18319896+++UE4+Release-4.27
LogInit: Compatible Engine Version: 4.27.0-17155196+++UE4+Release-4.27
LogInit: Net CL: 17155196
LogInit: OS: Windows 10 (Release 2004) (), CPU:         Intel(R) Core(TM) i5-2400 CPU @ 3.10GHz, GPU: NVIDIA GeForce GTX 550 Ti
LogInit: Compiled (64-bit): Nov 30 2021 07:12:08
LogInit: Compiled with Visual C++: 19.24.28315.00
LogInit: Build Configuration: Development
LogInit: Branch Name: ++UE4+Release-4.27
LogInit: Command Line: 
LogInit: Base Directory: E:/UE_4.27/Engine/Binaries/Win64/
LogInit: Allocator: TBB
LogInit: Installed Engine Build: 1
LogDevObjectVersion: Number of dev versions registered: 29
LogDevObjectVersion:   Dev-Blueprints (B0D832E4-1F89-4F0D-ACCF-7EB736FD4AA2): 10
LogDevObjectVersion:   Dev-Build (E1C64328-A22C-4D53-A36C-8E866417BD8C): 0
LogDevObjectVersion:   Dev-Core (375EC13C-06E4-48FB-B500-84F0262A717E): 4
LogDevObjectVersion:   Dev-Editor (E4B068ED-F494-42E9-A231-DA0B2E46BB41): 40
LogDevObjectVersion:   Dev-Framework (CFFC743F-43B0-4480-9391-14DF171D2073): 37
LogDevObjectVersion:   Dev-Mobile (B02B49B5-BB20-44E9-A304-32B752E40360): 3
LogDevObjectVersion:   Dev-Networking (A4E4105C-59A1-49B5-A7C5-40C4547EDFEE): 0
LogDevObjectVersion:   Dev-Online (39C831C9-5AE6-47DC-9A44-9C173E1C8E7C): 0
LogDevObjectVersion:   Dev-Physics (78F01B33-EBEA-4F98-B9B4-84EACCB95AA2): 14
LogDevObjectVersion:   Dev-Platform (6631380F-2D4D-43E0-8009-CF276956A95A): 0
LogDevObjectVersion:   Dev-Rendering (12F88B9F-8875-4AFC-A67C-D90C383ABD29): 45
LogDevObjectVersion:   Dev-Sequencer (7B5AE74C-D270-4C10-A958-57980B212A5A): 13
LogDevObjectVersion:   Dev-VR (D7296918-1DD6-4BDD-9DE2-64A83CC13884): 3
LogDevObjectVersion:   Dev-LoadTimes (C2A15278-BFE7-4AFE-6C17-90FF531DF755): 1
LogDevObjectVersion:   Private-Geometry (6EACA3D4-40EC-4CC1-B786-8BED09428FC5): 3
LogDevObjectVersion:   Dev-AnimPhys (29E575DD-E0A3-4627-9D10-D276232CDCEA): 17
LogDevObjectVersion:   Dev-Anim (AF43A65D-7FD3-4947-9873-3E8ED9C1BB05): 15
LogDevObjectVersion:   Dev-ReflectionCapture (6B266CEC-1EC7-4B8F-A30B-E4D90942FC07): 1
LogDevObjectVersion:   Dev-Automation (0DF73D61-A23F-47EA-B727-89E90C41499A): 1
LogDevObjectVersion:   FortniteMain (601D1886-AC64-4F84-AA16-D3DE0DEAC7D6): 47
LogDevObjectVersion:   FortniteRelease (E7086368-6B23-4C58-8439-1B7016265E91): 1
LogDevObjectVersion:   Dev-Enterprise (9DFFBCD6-494F-0158-E221-12823C92A888): 10
LogDevObjectVersion:   Dev-Niagara (F2AED0AC-9AFE-416F-8664-AA7FFA26D6FC): 1
LogDevObjectVersion:   Dev-Destruction (174F1F0B-B4C6-45A5-B13F-2EE8D0FB917D): 10
LogDevObjectVersion:   Dev-Physics-Ext (35F94A83-E258-406C-A318-09F59610247C): 41
LogDevObjectVersion:   Dev-PhysicsMaterial-Chaos (B68FC16E-8B1B-42E2-B453-215C058844FE): 1
LogDevObjectVersion:   Dev-CineCamera (B2E18506-4273-CFC2-A54E-F4BB758BBA07): 1
LogDevObjectVersion:   Dev-VirtualProduction (64F58936-FD1B-42BA-BA96-7289D5D0FA4E): 1
LogDevObjectVersion:   Dev-MediaFramework (6F0ED827-A609-4895-9C91-998D90180EA4): 2
LogInit: Presizing for max 25165824 objects, including 0 objects not considered by GC, pre-allocating 0 bytes for permanent pool.
LogConfig: Applying CVar settings from Section [/Script/Engine.StreamingSettings] File [E:/Unreal Projects/Dungeoner/Saved/Config/Windows/Engine.ini]
LogConfig: Setting CVar [[s.MinBulkDataSizeForAsyncLoading:131072]]
LogConfig: Setting CVar [[s.AsyncLoadingThreadEnabled:0]]
LogConfig: Setting CVar [[s.EventDrivenLoaderEnabled:1]]
LogConfig: Setting CVar [[s.WarnIfTimeLimitExceeded:0]]
LogConfig: Setting CVar [[s.TimeLimitExceededMultiplier:1.5]]
LogConfig: Setting CVar [[s.TimeLimitExceededMinTime:0.005]]
LogConfig: Setting CVar [[s.UseBackgroundLevelStreaming:1]]
LogConfig: Setting CVar [[s.PriorityAsyncLoadingExtraTime:15.0]]
LogConfig: Setting CVar [[s.LevelStreamingActorsUpdateTimeLimit:5.0]]
LogConfig: Setting CVar [[s.PriorityLevelStreamingActorsUpdateExtraTime:5.0]]
LogConfig: Setting CVar [[s.LevelStreamingComponentsRegistrationGranularity:10]]
LogConfig: Setting CVar [[s.UnregisterComponentsTimeLimit:1.0]]
LogConfig: Setting CVar [[s.LevelStreamingComponentsUnregistrationGranularity:5]]
LogConfig: Setting CVar [[s.FlushStreamingOnExit:1]]
LogInit: Object subsystem initialized
LogConfig: Setting CVar [[con.DebugEarlyDefault:1]]
LogConfig: Setting CVar [[r.setres:1280x720]]
[2021.12.18-10.11.05:633][  0]LogConfig: Setting CVar [[r.VSync:0]]
[2021.12.18-10.11.05:633][  0]LogConfig: Setting CVar [[r.RHICmdBypass:0]]
[2021.12.18-10.11.05:633][  0]LogConfig: Applying CVar settings from Section [/Script/Engine.RendererSettings] File [E:/Unreal Projects/Dungeoner/Saved/Config/Windows/Engine.ini]
[2021.12.18-10.11.05:633][  0]LogConfig: Setting CVar [[r.GPUCrashDebugging:0]]
[2021.12.18-10.11.05:633][  0]LogConfig: Applying CVar settings from Section [/Script/Engine.RendererOverrideSettings] File [E:/Unreal Projects/Dungeoner/Saved/Config/Windows/Engine.ini]
[2021.12.18-10.11.05:633][  0]LogConfig: Applying CVar settings from Section [/Script/Engine.StreamingSettings] File [E:/Unreal Projects/Dungeoner/Saved/Config/Windows/Engine.ini]
[2021.12.18-10.11.05:633][  0]LogConfig: Setting CVar [[s.MinBulkDataSizeForAsyncLoading:131072]]
[2021.12.18-10.11.05:633][  0]LogConfig: Setting CVar [[s.AsyncLoadingThreadEnabled:0]]
[2021.12.18-10.11.05:633][  0]LogConfig: Setting CVar [[s.EventDrivenLoaderEnabled:1]]
[2021.12.18-10.11.05:633][  0]LogConfig: Setting CVar [[s.WarnIfTimeLimitExceeded:0]]
[2021.12.18-10.11.05:633][  0]LogConfig: Setting CVar [[s.TimeLimitExceededMultiplier:1.5]]
[2021.12.18-10.11.05:633][  0]LogConfig: Setting CVar [[s.TimeLimitExceededMinTime:0.005]]
[2021.12.18-10.11.05:633][  0]LogConfig: Setting CVar [[s.UseBackgroundLevelStreaming:1]]
[2021.12.18-10.11.05:633][  0]LogConfig: Setting CVar [[s.PriorityAsyncLoadingExtraTime:15.0]]
[2021.12.18-10.11.05:633][  0]LogConfig: Setting CVar [[s.LevelStreamingActorsUpdateTimeLimit:5.0]]
[2021.12.18-10.11.05:633][  0]LogConfig: Setting CVar [[s.PriorityLevelStreamingActorsUpdateExtraTime:5.0]]
[2021.12.18-10.11.05:633][  0]LogConfig: Setting CVar [[s.LevelStreamingComponentsRegistrationGranularity:10]]
[2021.12.18-10.11.05:633][  0]LogConfig: Setting CVar [[s.UnregisterComponentsTimeLimit:1.0]]
[2021.12.18-10.11.05:633][  0]LogConfig: Setting CVar [[s.LevelStreamingComponentsUnregistrationGranularity:5]]
[2021.12.18-10.11.05:633][  0]LogConfig: Setting CVar [[s.FlushStreamingOnExit:1]]
[2021.12.18-10.11.05:633][  0]LogConfig: Applying CVar settings from Section [/Script/Engine.GarbageCollectionSettings] File [E:/Unreal Projects/Dungeoner/Saved/Config/Windows/Engine.ini]
[2021.12.18-10.11.05:633][  0]LogConfig: Setting CVar [[gc.MaxObjectsNotConsideredByGC:1]]
[2021.12.18-10.11.05:633][  0]LogConfig: Setting CVar [[gc.SizeOfPermanentObjectPool:0]]
[2021.12.18-10.11.05:633][  0]LogConfig: Setting CVar [[gc.FlushStreamingOnGC:0]]
[2021.12.18-10.11.05:633][  0]LogConfig: Setting CVar [[gc.NumRetriesBeforeForcingGC:10]]
[2021.12.18-10.11.05:633][  0]LogConfig: Setting CVar [[gc.AllowParallelGC:1]]
[2021.12.18-10.11.05:633][  0]LogConfig: Setting CVar [[gc.TimeBetweenPurgingPendingKillObjects:61.1]]
[2021.12.18-10.11.05:633][  0]LogConfig: Setting CVar [[gc.MaxObjectsInEditor:25165824]]
[2021.12.18-10.11.05:633][  0]LogConfig: Setting CVar [[gc.IncrementalBeginDestroyEnabled:1]]
[2021.12.18-10.11.05:633][  0]LogConfig: Setting CVar [[gc.CreateGCClusters:1]]
[2021.12.18-10.11.05:633][  0]LogConfig: Setting CVar [[gc.MinGCClusterSize:5]]
[2021.12.18-10.11.05:633][  0]LogConfig: Setting CVar [[gc.ActorClusteringEnabled:0]]
[2021.12.18-10.11.05:633][  0]LogConfig: Setting CVar [[gc.BlueprintClusteringEnabled:0]]
[2021.12.18-10.11.05:634][  0]LogConfig: Setting CVar [[gc.UseDisregardForGCOnDedicatedServers:0]]
[2021.12.18-10.11.05:634][  0]LogConfig: Setting CVar [[gc.MultithreadedDestructionEnabled:1]]
[2021.12.18-10.11.05:634][  0]LogConfig: Applying CVar settings from Section [/Script/Engine.NetworkSettings] File [E:/Unreal Projects/Dungeoner/Saved/Config/Windows/Engine.ini]
[2021.12.18-10.11.05:634][  0]LogConfig: Applying CVar settings from Section [/Script/UnrealEd.CookerSettings] File [E:/Unreal Projects/Dungeoner/Saved/Config/Windows/Engine.ini]
[2021.12.18-10.11.05:640][  0]LogConfig: Applying CVar settings from Section [ViewDistanceQuality@3] File [E:/Unreal Projects/Dungeoner/Saved/Config/Windows/Scalability.ini]
[2021.12.18-10.11.05:640][  0]LogConfig: Setting CVar [[r.SkeletalMeshLODBias:0]]
[2021.12.18-10.11.05:640][  0]LogConfig: Setting CVar [[r.ViewDistanceScale:1.0]]
[2021.12.18-10.11.05:640][  0]LogConfig: Applying CVar settings from Section [AntiAliasingQuality@3] File [E:/Unreal Projects/Dungeoner/Saved/Config/Windows/Scalability.ini]
[2021.12.18-10.11.05:640][  0]LogConfig: Setting CVar [[r.PostProcessAAQuality:4]]
[2021.12.18-10.11.05:640][  0]LogConfig: Applying CVar settings from Section [ShadowQuality@3] File [E:/Unreal Projects/Dungeoner/Saved/Config/Windows/Scalability.ini]
[2021.12.18-10.11.05:640][  0]LogConfig: Setting CVar [[r.LightFunctionQuality:1]]
[2021.12.18-10.11.05:640][  0]LogConfig: Setting CVar [[r.ShadowQuality:5]]
[2021.12.18-10.11.05:640][  0]LogConfig: Setting CVar [[r.Shadow.CSM.MaxCascades:10]]
[2021.12.18-10.11.05:640][  0]LogConfig: Setting CVar [[r.Shadow.MaxResolution:2048]]
[2021.12.18-10.11.05:640][  0]LogConfig: Setting CVar [[r.Shadow.MaxCSMResolution:2048]]
[2021.12.18-10.11.05:640][  0]LogConfig: Setting CVar [[r.Shadow.RadiusThreshold:0.01]]
[2021.12.18-10.11.05:640][  0]LogConfig: Setting CVar [[r.Shadow.DistanceScale:1.0]]
[2021.12.18-10.11.05:640][  0]LogConfig: Setting CVar [[r.Shadow.CSM.TransitionScale:1.0]]
[2021.12.18-10.11.05:640][  0]LogConfig: Setting CVar [[r.Shadow.PreShadowResolutionFactor:1.0]]
[2021.12.18-10.11.05:640][  0]LogConfig: Setting CVar [[r.DistanceFieldShadowing:1]]
[2021.12.18-10.11.05:640][  0]LogConfig: Setting CVar [[r.DistanceFieldAO:1]]
[2021.12.18-10.11.05:640][  0]LogConfig: Setting CVar [[r.AOQuality:2]]
[2021.12.18-10.11.05:640][  0]LogConfig: Setting CVar [[r.VolumetricFog:1]]
[2021.12.18-10.11.05:640][  0]LogConfig: Setting CVar [[r.VolumetricFog.GridPixelSize:8]]
[2021.12.18-10.11.05:640][  0]LogConfig: Setting CVar [[r.VolumetricFog.GridSizeZ:128]]
[2021.12.18-10.11.05:640][  0]LogConfig: Setting CVar [[r.VolumetricFog.HistoryMissSupersampleCount:4]]
[2021.12.18-10.11.05:640][  0]LogConfig: Setting CVar [[r.LightMaxDrawDistanceScale:1]]
[2021.12.18-10.11.05:640][  0]LogConfig: Setting CVar [[r.CapsuleShadows:1]]
[2021.12.18-10.11.05:640][  0]LogConfig: Applying CVar settings from Section [PostProcessQuality@3] File [E:/Unreal Projects/Dungeoner/Saved/Config/Windows/Scalability.ini]
[2021.12.18-10.11.05:640][  0]LogConfig: Setting CVar [[r.MotionBlurQuality:4]]
[2021.12.18-10.11.05:640][  0]LogConfig: Setting CVar [[r.AmbientOcclusionMipLevelFactor:0.4]]
[2021.12.18-10.11.05:640][  0]LogConfig: Setting CVar [[r.AmbientOcclusionMaxQuality:100]]
[2021.12.18-10.11.05:640][  0]LogConfig: Setting CVar [[r.AmbientOcclusionLevels:-1]]
[2021.12.18-10.11.05:640][  0]LogConfig: Setting CVar [[r.AmbientOcclusionRadiusScale:1.0]]
[2021.12.18-10.11.05:640][  0]LogConfig: Setting CVar [[r.DepthOfFieldQuality:2]]
[2021.12.18-10.11.05:640][  0]LogConfig: Setting CVar [[r.RenderTargetPoolMin:400]]
[2021.12.18-10.11.05:640][  0]LogConfig: Setting CVar [[r.LensFlareQuality:2]]
[2021.12.18-10.11.05:640][  0]LogConfig: Setting CVar [[r.SceneColorFringeQuality:1]]
[2021.12.18-10.11.05:640][  0]LogConfig: Setting CVar [[r.EyeAdaptationQuality:2]]
[2021.12.18-10.11.05:640][  0]LogConfig: Setting CVar [[r.BloomQuality:5]]
[2021.12.18-10.11.05:641][  0]LogConfig: Setting CVar [[r.FastBlurThreshold:100]]
[2021.12.18-10.11.05:641][  0]LogConfig: Setting CVar [[r.Upscale.Quality:3]]
[2021.12.18-10.11.05:641][  0]LogConfig: Setting CVar [[r.Tonemapper.GrainQuantization:1]]
[2021.12.18-10.11.05:641][  0]LogConfig: Setting CVar [[r.LightShaftQuality:1]]
[2021.12.18-10.11.05:641][  0]LogConfig: Setting CVar [[r.Filter.SizeScale:1]]
[2021.12.18-10.11.05:641][  0]LogConfig: Setting CVar [[r.Tonemapper.Quality:5]]
[2021.12.18-10.11.05:641][  0]LogConfig: Setting CVar [[r.DOF.Gather.AccumulatorQuality:1        ; higher gathering accumulator quality]]
[2021.12.18-10.11.05:641][  0]LogConfig: Setting CVar [[r.DOF.Gather.PostfilterMethod:1          ; Median3x3 postfilering method]]
[2021.12.18-10.11.05:641][  0]LogConfig: Setting CVar [[r.DOF.Gather.EnableBokehSettings:0       ; no bokeh simulation when gathering]]
[2021.12.18-10.11.05:641][  0]LogConfig: Setting CVar [[r.DOF.Gather.RingCount:4                 ; medium number of samples when gathering]]
[2021.12.18-10.11.05:641][  0]LogConfig: Setting CVar [[r.DOF.Scatter.ForegroundCompositing:1    ; additive foreground scattering]]
[2021.12.18-10.11.05:641][  0]LogConfig: Setting CVar [[r.DOF.Scatter.BackgroundCompositing:2    ; additive background scattering]]
[2021.12.18-10.11.05:641][  0]LogConfig: Setting CVar [[r.DOF.Scatter.EnableBokehSettings:1      ; bokeh simulation when scattering]]
[2021.12.18-10.11.05:641][  0]LogConfig: Setting CVar [[r.DOF.Scatter.MaxSpriteRatio:0.1         ; only a maximum of 10% of scattered bokeh]]
[2021.12.18-10.11.05:641][  0]LogConfig: Setting CVar [[r.DOF.Recombine.Quality:1                ; cheap slight out of focus]]
[2021.12.18-10.11.05:641][  0]LogConfig: Setting CVar [[r.DOF.Recombine.EnableBokehSettings:0    ; no bokeh simulation on slight out of focus]]
[2021.12.18-10.11.05:641][  0]LogConfig: Setting CVar [[r.DOF.TemporalAAQuality:1                ; more stable temporal accumulation]]
[2021.12.18-10.11.05:641][  0]LogConfig: Setting CVar [[r.DOF.Kernel.MaxForegroundRadius:0.025]]
[2021.12.18-10.11.05:641][  0]LogConfig: Setting CVar [[r.DOF.Kernel.MaxBackgroundRadius:0.025]]
[2021.12.18-10.11.05:641][  0]LogConfig: Applying CVar settings from Section [TextureQuality@3] File [E:/Unreal Projects/Dungeoner/Saved/Config/Windows/Scalability.ini]
[2021.12.18-10.11.05:641][  0]LogConfig: Setting CVar [[r.Streaming.MipBias:0]]
[2021.12.18-10.11.05:641][  0]LogConfig: Setting CVar [[r.Streaming.AmortizeCPUToGPUCopy:0]]
[2021.12.18-10.11.05:641][  0]LogConfig: Setting CVar [[r.Streaming.MaxNumTexturesToStreamPerFrame:0]]
[2021.12.18-10.11.05:641][  0]LogConfig: Setting CVar [[r.Streaming.Boost:1]]
[2021.12.18-10.11.05:641][  0]LogConfig: Setting CVar [[r.MaxAnisotropy:8]]
[2021.12.18-10.11.05:641][  0]LogConfig: Setting CVar [[r.VT.MaxAnisotropy:8]]
[2021.12.18-10.11.05:641][  0]LogConfig: Setting CVar [[r.Streaming.LimitPoolSizeToVRAM:0]]
[2021.12.18-10.11.05:641][  0]LogConfig: Setting CVar [[r.Streaming.PoolSize:1000]]
[2021.12.18-10.11.05:641][  0]LogConfig: Setting CVar [[r.Streaming.MaxEffectiveScreenSize:0]]
[2021.12.18-10.11.05:641][  0]LogConfig: Applying CVar settings from Section [EffectsQuality@3] File [E:/Unreal Projects/Dungeoner/Saved/Config/Windows/Scalability.ini]
[2021.12.18-10.11.05:641][  0]LogConfig: Setting CVar [[r.TranslucencyLightingVolumeDim:64]]
[2021.12.18-10.11.05:641][  0]LogConfig: Setting CVar [[r.RefractionQuality:2]]
[2021.12.18-10.11.05:641][  0]LogConfig: Setting CVar [[r.SSR.Quality:3]]
[2021.12.18-10.11.05:641][  0]LogConfig: Setting CVar [[r.SSR.HalfResSceneColor:0]]
[2021.12.18-10.11.05:641][  0]LogConfig: Setting CVar [[r.SceneColorFormat:4]]
[2021.12.18-10.11.05:641][  0]LogConfig: Setting CVar [[r.DetailMode:2]]
[2021.12.18-10.11.05:641][  0]LogConfig: Setting CVar [[r.TranslucencyVolumeBlur:1]]
[2021.12.18-10.11.05:641][  0]LogConfig: Setting CVar [[r.MaterialQualityLevel:1 ; High quality]]
[2021.12.18-10.11.05:641][  0]LogConfig: Setting CVar [[r.AnisotropicMaterials:1]]
[2021.12.18-10.11.05:641][  0]LogConfig: Setting CVar [[r.SSS.Scale:1]]
[2021.12.18-10.11.05:641][  0]LogConfig: Setting CVar [[r.SSS.SampleSet:2]]
[2021.12.18-10.11.05:641][  0]LogConfig: Setting CVar [[r.SSS.Quality:1]]
[2021.12.18-10.11.05:641][  0]LogConfig: Setting CVar [[r.SSS.HalfRes:0]]
[2021.12.18-10.11.05:641][  0]LogConfig: Setting CVar [[r.SSGI.Quality:3]]
[2021.12.18-10.11.05:641][  0]LogConfig: Setting CVar [[r.EmitterSpawnRateScale:1.0]]
[2021.12.18-10.11.05:641][  0]LogConfig: Setting CVar [[r.ParticleLightQuality:2]]
[2021.12.18-10.11.05:641][  0]LogConfig: Setting CVar [[r.SkyAtmosphere.AerialPerspectiveLUT.FastApplyOnOpaque:1 ; Always have FastSkyLUT 1 in this case to avoid wrong sky]]
[2021.12.18-10.11.05:641][  0]LogConfig: Setting CVar [[r.SkyAtmosphere.AerialPerspectiveLUT.SampleCountMaxPerSlice:4]]
[2021.12.18-10.11.05:641][  0]LogConfig: Setting CVar [[r.SkyAtmosphere.AerialPerspectiveLUT.DepthResolution:16.0]]
[2021.12.18-10.11.05:641][  0]LogConfig: Setting CVar [[r.SkyAtmosphere.FastSkyLUT:1]]
[2021.12.18-10.11.05:641][  0]LogConfig: Setting CVar [[r.SkyAtmosphere.FastSkyLUT.SampleCountMin:4.0]]
[2021.12.18-10.11.05:641][  0]LogConfig: Setting CVar [[r.SkyAtmosphere.FastSkyLUT.SampleCountMax:128.0]]
[2021.12.18-10.11.05:641][  0]LogConfig: Setting CVar [[r.SkyAtmosphere.SampleCountMin:4.0]]
[2021.12.18-10.11.05:641][  0]LogConfig: Setting CVar [[r.SkyAtmosphere.SampleCountMax:128.0]]
[2021.12.18-10.11.05:641][  0]LogConfig: Setting CVar [[r.SkyAtmosphere.TransmittanceLUT.UseSmallFormat:0]]
[2021.12.18-10.11.05:641][  0]LogConfig: Setting CVar [[r.SkyAtmosphere.TransmittanceLUT.SampleCount:10.0]]
[2021.12.18-10.11.05:641][  0]LogConfig: Setting CVar [[r.SkyAtmosphere.MultiScatteringLUT.SampleCount:15.0]]
[2021.12.18-10.11.05:641][  0]LogConfig: Setting CVar [[r.SkyLight.RealTimeReflectionCapture:1]]
[2021.12.18-10.11.05:641][  0]LogConfig: Applying CVar settings from Section [FoliageQuality@3] File [E:/Unreal Projects/Dungeoner/Saved/Config/Windows/Scalability.ini]
[2021.12.18-10.11.05:641][  0]LogConfig: Setting CVar [[foliage.DensityScale:1.0]]
[2021.12.18-10.11.05:642][  0]LogConfig: Setting CVar [[grass.DensityScale:1.0]]
[2021.12.18-10.11.05:642][  0]LogConfig: Applying CVar settings from Section [ShadingQuality@3] File [E:/Unreal Projects/Dungeoner/Saved/Config/Windows/Scalability.ini]
[2021.12.18-10.11.05:642][  0]LogConfig: Setting CVar [[r.HairStrands.SkyLighting.IntegrationType:2]]
[2021.12.18-10.11.05:642][  0]LogConfig: Setting CVar [[r.HairStrands.SkyAO.SampleCount:4]]
[2021.12.18-10.11.05:642][  0]LogConfig: Setting CVar [[r.HairStrands.Visibility.MSAA.SamplePerPixel:4]]
[2021.12.18-10.11.05:642][  0]LogInit: Selected Device Profile: [Windows]
[2021.12.18-10.11.05:642][  0]LogInit: Applying CVar settings loaded from the selected device profile: [Windows]
[2021.12.18-10.11.05:642][  0]LogHAL: Display: Platform has ~ 8 GB [8569896960 / 8589934592 / 8], which maps to Default [LargestMinGB=32, LargerMinGB=12, DefaultMinGB=8, SmallerMinGB=6, SmallestMinGB=0)
[2021.12.18-10.11.05:642][  0]LogInit: Going up to parent DeviceProfile []
[2021.12.18-10.11.05:642][  0]LogConfig: Applying CVar settings from Section [ViewDistanceQuality@Cine] File [E:/Unreal Projects/Dungeoner/Saved/Config/Windows/Scalability.ini]
[2021.12.18-10.11.05:642][  0]LogConfig: Setting CVar [[r.SkeletalMeshLODBias:0]]
[2021.12.18-10.11.05:642][  0]LogConfig: Setting CVar [[r.ViewDistanceScale:10.0]]
[2021.12.18-10.11.05:642][  0]LogConfig: Applying CVar settings from Section [AntiAliasingQuality@Cine] File [E:/Unreal Projects/Dungeoner/Saved/Config/Windows/Scalability.ini]
[2021.12.18-10.11.05:642][  0]LogConfig: Setting CVar [[r.PostProcessAAQuality:6]]
[2021.12.18-10.11.05:642][  0]LogConfig: Applying CVar settings from Section [ShadowQuality@Cine] File [E:/Unreal Projects/Dungeoner/Saved/Config/Windows/Scalability.ini]
[2021.12.18-10.11.05:642][  0]LogConfig: Setting CVar [[r.LightFunctionQuality:1]]
[2021.12.18-10.11.05:642][  0]LogConfig: Setting CVar [[r.ShadowQuality:5]]
[2021.12.18-10.11.05:642][  0]LogConfig: Setting CVar [[r.Shadow.CSM.MaxCascades:10]]
[2021.12.18-10.11.05:642][  0]LogConfig: Setting CVar [[r.Shadow.MaxResolution:4096]]
[2021.12.18-10.11.05:642][  0]LogConfig: Setting CVar [[r.Shadow.MaxCSMResolution:4096]]
[2021.12.18-10.11.05:642][  0]LogConfig: Setting CVar [[r.Shadow.RadiusThreshold:0]]
[2021.12.18-10.11.05:642][  0]LogConfig: Setting CVar [[r.Shadow.DistanceScale:1.0]]
[2021.12.18-10.11.05:642][  0]LogConfig: Setting CVar [[r.Shadow.CSM.TransitionScale:1.0]]
[2021.12.18-10.11.05:642][  0]LogConfig: Setting CVar [[r.Shadow.PreShadowResolutionFactor:1.0]]
[2021.12.18-10.11.05:642][  0]LogConfig: Setting CVar [[r.DistanceFieldShadowing:1]]
[2021.12.18-10.11.05:642][  0]LogConfig: Setting CVar [[r.DistanceFieldAO:1]]
[2021.12.18-10.11.05:642][  0]LogConfig: Setting CVar [[r.AOQuality:2]]
[2021.12.18-10.11.05:642][  0]LogConfig: Setting CVar [[r.VolumetricFog:1]]
[2021.12.18-10.11.05:642][  0]LogConfig: Setting CVar [[r.VolumetricFog.GridPixelSize:4]]
[2021.12.18-10.11.05:642][  0]LogConfig: Setting CVar [[r.VolumetricFog.GridSizeZ:128]]
[2021.12.18-10.11.05:642][  0]LogConfig: Setting CVar [[r.VolumetricFog.HistoryMissSupersampleCount:16]]
[2021.12.18-10.11.05:642][  0]LogConfig: Setting CVar [[r.LightMaxDrawDistanceScale:1]]
[2021.12.18-10.11.05:642][  0]LogConfig: Setting CVar [[r.CapsuleShadows:1]]
[2021.12.18-10.11.05:642][  0]LogConfig: Applying CVar settings from Section [PostProcessQuality@Cine] File [E:/Unreal Projects/Dungeoner/Saved/Config/Windows/Scalability.ini]
[2021.12.18-10.11.05:642][  0]LogConfig: Setting CVar [[r.MotionBlurQuality:4]]
[2021.12.18-10.11.05:642][  0]LogConfig: Setting CVar [[r.AmbientOcclusionMipLevelFactor:0.4]]
[2021.12.18-10.11.05:642][  0]LogConfig: Setting CVar [[r.AmbientOcclusionMaxQuality:100]]
[2021.12.18-10.11.05:642][  0]LogConfig: Setting CVar [[r.AmbientOcclusionLevels:-1]]
[2021.12.18-10.11.05:642][  0]LogConfig: Setting CVar [[r.AmbientOcclusionRadiusScale:1.0]]
[2021.12.18-10.11.05:642][  0]LogConfig: Setting CVar [[r.GTAO.Numangles:4]]
[2021.12.18-10.11.05:642][  0]LogConfig: Setting CVar [[r.DepthOfFieldQuality:4]]
[2021.12.18-10.11.05:642][  0]LogConfig: Setting CVar [[r.RenderTargetPoolMin:1000]]
[2021.12.18-10.11.05:642][  0]LogConfig: Setting CVar [[r.LensFlareQuality:3]]
[2021.12.18-10.11.05:642][  0]LogConfig: Setting CVar [[r.SceneColorFringeQuality:1]]
[2021.12.18-10.11.05:642][  0]LogConfig: Setting CVar [[r.EyeAdaptationQuality:2]]
[2021.12.18-10.11.05:642][  0]LogConfig: Setting CVar [[r.BloomQuality:5]]
[2021.12.18-10.11.05:642][  0]LogConfig: Setting CVar [[r.FastBlurThreshold:100]]
[2021.12.18-10.11.05:642][  0]LogConfig: Setting CVar [[r.Upscale.Quality:3]]
[2021.12.18-10.11.05:642][  0]LogConfig: Setting CVar [[r.Tonemapper.GrainQuantization:1]]
[2021.12.18-10.11.05:642][  0]LogConfig: Setting CVar [[r.LightShaftQuality:1]]
[2021.12.18-10.11.05:642][  0]LogConfig: Setting CVar [[r.Filter.SizeScale:1]]
[2021.12.18-10.11.05:642][  0]LogConfig: Setting CVar [[r.Tonemapper.Quality:5]]
[2021.12.18-10.11.05:642][  0]LogConfig: Setting CVar [[r.DOF.Gather.AccumulatorQuality:1        ; higher gathering accumulator quality]]
[2021.12.18-10.11.05:642][  0]LogConfig: Setting CVar [[r.DOF.Gather.PostfilterMethod:1          ; Median3x3 postfilering method]]
[2021.12.18-10.11.05:642][  0]LogConfig: Setting CVar [[r.DOF.Gather.EnableBokehSettings:1       ; bokeh simulation when gathering]]
[2021.12.18-10.11.05:643][  0]LogConfig: Setting CVar [[r.DOF.Gather.RingCount:5                 ; high number of samples when gathering]]
[2021.12.18-10.11.05:643][  0]LogConfig: Setting CVar [[r.DOF.Scatter.ForegroundCompositing:1    ; additive foreground scattering]]
[2021.12.18-10.11.05:643][  0]LogConfig: Setting CVar [[r.DOF.Scatter.BackgroundCompositing:2    ; background scattering occlusion]]
[2021.12.18-10.11.05:643][  0]LogConfig: Setting CVar [[r.DOF.Scatter.EnableBokehSettings:1      ; no bokeh simulation when scattering]]
[2021.12.18-10.11.05:643][  0]LogConfig: Setting CVar [[r.DOF.Scatter.MaxSpriteRatio:0.25        ; only a maximum of 10% of scattered bokeh]]
[2021.12.18-10.11.05:643][  0]LogConfig: Setting CVar [[r.DOF.Recombine.Quality:2                ; highest slight out of focus]]
[2021.12.18-10.11.05:643][  0]LogConfig: Setting CVar [[r.DOF.Recombine.EnableBokehSettings:1    ; bokeh simulation on slight out of focus]]
[2021.12.18-10.11.05:643][  0]LogConfig: Setting CVar [[r.DOF.TemporalAAQuality:1                ; more stable temporal accumulation]]
[2021.12.18-10.11.05:643][  0]LogConfig: Setting CVar [[r.DOF.Kernel.MaxForegroundRadius:0.025]]
[2021.12.18-10.11.05:643][  0]LogConfig: Setting CVar [[r.DOF.Kernel.MaxBackgroundRadius:0.025]]
[2021.12.18-10.11.05:643][  0]LogConfig: Applying CVar settings from Section [TextureQuality@Cine] File [E:/Unreal Projects/Dungeoner/Saved/Config/Windows/Scalability.ini]
[2021.12.18-10.11.05:643][  0]LogConfig: Setting CVar [[r.Streaming.MipBias:0]]
[2021.12.18-10.11.05:643][  0]LogConfig: Setting CVar [[r.Streaming.AmortizeCPUToGPUCopy:0]]
[2021.12.18-10.11.05:643][  0]LogConfig: Setting CVar [[r.Streaming.MaxNumTexturesToStreamPerFrame:0]]
[2021.12.18-10.11.05:643][  0]LogConfig: Setting CVar [[r.Streaming.Boost:1]]
[2021.12.18-10.11.05:643][  0]LogConfig: Setting CVar [[r.MaxAnisotropy:8]]
[2021.12.18-10.11.05:643][  0]LogConfig: Setting CVar [[r.VT.MaxAnisotropy:8]]
[2021.12.18-10.11.05:643][  0]LogConfig: Setting CVar [[r.Streaming.LimitPoolSizeToVRAM:0]]
[2021.12.18-10.11.05:643][  0]LogConfig: Setting CVar [[r.Streaming.PoolSize:3000]]
[2021.12.18-10.11.05:643][  0]LogConfig: Setting CVar [[r.Streaming.MaxEffectiveScreenSize:0]]
[2021.12.18-10.11.05:643][  0]LogConfig: Applying CVar settings from Section [EffectsQuality@Cine] File [E:/Unreal Projects/Dungeoner/Saved/Config/Windows/Scalability.ini]
[2021.12.18-10.11.05:643][  0]LogConfig: Setting CVar [[r.TranslucencyLightingVolumeDim:64]]
[2021.12.18-10.11.05:643][  0]LogConfig: Setting CVar [[r.RefractionQuality:2]]
[2021.12.18-10.11.05:643][  0]LogConfig: Setting CVar [[r.SSR.Quality:4]]
[2021.12.18-10.11.05:643][  0]LogConfig: Setting CVar [[r.SSR.HalfResSceneColor:0]]
[2021.12.18-10.11.05:643][  0]LogConfig: Setting CVar [[r.SceneColorFormat:4]]
[2021.12.18-10.11.05:643][  0]LogConfig: Setting CVar [[r.DetailMode:2]]
[2021.12.18-10.11.05:643][  0]LogConfig: Setting CVar [[r.TranslucencyVolumeBlur:1]]
[2021.12.18-10.11.05:643][  0]LogConfig: Setting CVar [[r.MaterialQualityLevel:1 ; High quality]]
[2021.12.18-10.11.05:643][  0]LogConfig: Setting CVar [[r.AnisotropicMaterials:1]]
[2021.12.18-10.11.05:643][  0]LogConfig: Setting CVar [[r.SSS.Scale:1]]
[2021.12.18-10.11.05:643][  0]LogConfig: Setting CVar [[r.SSS.SampleSet:2]]
[2021.12.18-10.11.05:643][  0]LogConfig: Setting CVar [[r.SSS.Quality:1]]
[2021.12.18-10.11.05:643][  0]LogConfig: Setting CVar [[r.SSS.HalfRes:0]]
[2021.12.18-10.11.05:643][  0]LogConfig: Setting CVar [[r.SSGI.Quality:4]]
[2021.12.18-10.11.05:643][  0]LogConfig: Setting CVar [[r.EmitterSpawnRateScale:1.0]]
[2021.12.18-10.11.05:643][  0]LogConfig: Setting CVar [[r.ParticleLightQuality:2]]
[2021.12.18-10.11.05:643][  0]LogConfig: Setting CVar [[r.SkyAtmosphere.AerialPerspectiveLUT.FastApplyOnOpaque:0]]
[2021.12.18-10.11.05:643][  0]LogConfig: Setting CVar [[r.SkyAtmosphere.AerialPerspectiveLUT.SampleCountMaxPerSlice:8]]
[2021.12.18-10.11.05:643][  0]LogConfig: Setting CVar [[r.SkyAtmosphere.AerialPerspectiveLUT.DepthResolution:32.0]]
[2021.12.18-10.11.05:643][  0]LogConfig: Setting CVar [[r.SkyAtmosphere.FastSkyLUT:0]]
[2021.12.18-10.11.05:643][  0]LogConfig: Setting CVar [[r.SkyAtmosphere.FastSkyLUT.SampleCountMin:4.0]]
[2021.12.18-10.11.05:643][  0]LogConfig: Setting CVar [[r.SkyAtmosphere.FastSkyLUT.SampleCountMax:256.0]]
[2021.12.18-10.11.05:643][  0]LogConfig: Setting CVar [[r.SkyAtmosphere.SampleCountMin:8.0]]
[2021.12.18-10.11.05:643][  0]LogConfig: Setting CVar [[r.SkyAtmosphere.SampleCountMax:256.0]]
[2021.12.18-10.11.05:643][  0]LogConfig: Setting CVar [[r.SkyAtmosphere.TransmittanceLUT.UseSmallFormat:0]]
[2021.12.18-10.11.05:643][  0]LogConfig: Setting CVar [[r.SkyAtmosphere.TransmittanceLUT.SampleCount:30.0]]
[2021.12.18-10.11.05:643][  0]LogConfig: Setting CVar [[r.SkyAtmosphere.MultiScatteringLUT.SampleCount:20.0]]
[2021.12.18-10.11.05:643][  0]LogConfig: Setting CVar [[r.SkyLight.RealTimeReflectionCapture:1]]
[2021.12.18-10.11.05:643][  0]LogConfig: Applying CVar settings from Section [FoliageQuality@Cine] File [E:/Unreal Projects/Dungeoner/Saved/Config/Windows/Scalability.ini]
[2021.12.18-10.11.05:643][  0]LogConfig: Setting CVar [[foliage.DensityScale:1.0]]
[2021.12.18-10.11.05:643][  0]LogConfig: Setting CVar [[grass.DensityScale:1.0]]
[2021.12.18-10.11.05:643][  0]LogConfig: Applying CVar settings from Section [ShadingQuality@Cine] File [E:/Unreal Projects/Dungeoner/Saved/Config/Windows/Scalability.ini]
[2021.12.18-10.11.05:643][  0]LogConfig: Setting CVar [[r.HairStrands.SkyLighting.IntegrationType:0]]
[2021.12.18-10.11.05:643][  0]LogConfig: Setting CVar [[r.HairStrands.SkyAO.SampleCount:8]]
[2021.12.18-10.11.05:643][  0]LogConfig: Setting CVar [[r.HairStrands.Visibility.MSAA.SamplePerPixel:8]]
[2021.12.18-10.11.05:643][  0]LogConfig: Applying CVar settings from Section [Startup] File [../../../Engine/Config/ConsoleVariables.ini]
[2021.12.18-10.11.05:690][  0]LogConfig: Setting CVar [[net.UseAdaptiveNetUpdateFrequency:0]]
[2021.12.18-10.11.05:690][  0]LogConfig: Setting CVar [[p.chaos.AllowCreatePhysxBodies:1]]
[2021.12.18-10.11.05:690][  0]LogConfig: Setting CVar [[fx.SkipVectorVMBackendOptimizations:1]]
[2021.12.18-10.11.05:690][  0]LogConfig: Applying CVar settings from Section [ConsoleVariables] File [E:/Unreal Projects/Dungeoner/Saved/Config/Windows/Engine.ini]
[2021.12.18-10.11.05:690][  0]LogConfig: Applying CVar settings from Section [ConsoleVariables] File [E:/Unreal Projects/Dungeoner/Saved/Config/Windows/Editor.ini]
[2021.12.18-10.11.05:690][  0]LogInit: Computer: HOME-PC
[2021.12.18-10.11.05:690][  0]LogInit: User: Denis
[2021.12.18-10.11.05:690][  0]LogInit: CPU Page size=4096, Cores=4
[2021.12.18-10.11.05:690][  0]LogInit: High frequency timer resolution =10.000000 MHz
[2021.12.18-10.11.05:690][  0]LogMemory: Memory total: Physical=8.0GB (8GB approx)
[2021.12.18-10.11.05:690][  0]LogMemory: Platform Memory Stats for Windows
[2021.12.18-10.11.05:690][  0]LogMemory: Process Physical Memory: 139.28 MB used, 139.28 MB peak
[2021.12.18-10.11.05:690][  0]LogMemory: Process Virtual Memory: 110.85 MB used, 110.85 MB peak
[2021.12.18-10.11.05:690][  0]LogMemory: Physical Memory: 2423.79 MB used,  5749.11 MB free, 8172.89 MB total
[2021.12.18-10.11.05:691][  0]LogMemory: Virtual Memory: 134203184.00 MB used,  14544.79 MB free, 134217728.00 MB total
[2021.12.18-10.11.05:742][  0]LogWindows: WindowsPlatformFeatures enabled
[2021.12.18-10.11.06:912][  0]LogInit: Physics initialised using underlying interface: PhysX
[2021.12.18-10.11.06:985][  0]LogInit: Using OS detected language (ru-RU).
[2021.12.18-10.11.06:985][  0]LogInit: Using OS detected locale (ru-RU).
[2021.12.18-10.11.09:732][  0]LogTextLocalizationManager: No specific localization for 'ru-RU' exists, so the 'ru' localization will be used.
[2021.12.18-10.11.09:733][  0]LogTextLocalizationResource: LocRes '../../../Engine/Content/Localization/Editor/ru/Editor.locres' could not be opened for reading!
[2021.12.18-10.11.09:733][  0]LogTextLocalizationResource: LocRes '../../../Engine/Content/Localization/EditorTutorials/ru/EditorTutorials.locres' could not be opened for reading!
[2021.12.18-10.11.09:734][  0]LogTextLocalizationResource: LocRes '../../../Engine/Content/Localization/Keywords/ru/Keywords.locres' could not be opened for reading!
[2021.12.18-10.11.09:734][  0]LogTextLocalizationResource: LocRes '../../../Engine/Content/Localization/Category/ru/Category.locres' could not be opened for reading!
[2021.12.18-10.11.09:773][  0]LogTextLocalizationResource: LocRes '../../../Engine/Content/Localization/ToolTips/ru/ToolTips.locres' could not be opened for reading!
[2021.12.18-10.11.09:797][  0]LogTextLocalizationResource: LocRes '../../../Engine/Content/Localization/PropertyNames/ru/PropertyNames.locres' could not be opened for reading!
[2021.12.18-10.11.09:797][  0]LogTextLocalizationResource: LocRes '../../../Engine/Content/Localization/Engine/ru/Engine.locres' could not be opened for reading!
[2021.12.18-10.11.09:928][  0]LogInit: Setting process to per monitor DPI aware
[2021.12.18-10.11.10:112][  0]LogWindowsTextInputMethodSystem: Display: IME system deactivated.
[2021.12.18-10.11.10:704][  0]LogSlate: New Slate User Created.  User Index 0, Is Virtual User: 0
[2021.12.18-10.11.10:704][  0]LogSlate: Slate User Registered.  User Index 0, Is Virtual User: 0
[2021.12.18-10.11.23:787][  0]LogD3D11RHI: Loaded GFSDK_Aftermath_Lib.x64.dll
[2021.12.18-10.11.23:792][  0]LogHMD: Failed to initialize OpenVR with code 110
[2021.12.18-10.11.23:792][  0]LogD3D11RHI: D3D11 min allowed feature level: 11_0
[2021.12.18-10.11.23:792][  0]LogD3D11RHI: D3D11 max allowed feature level: 11_0
[2021.12.18-10.11.23:792][  0]LogD3D11RHI: D3D11 adapters:
[2021.12.18-10.11.24:475][  0]LogD3D11RHI:    0. 'NVIDIA GeForce GTX 550 Ti' (Feature Level 11_0)
[2021.12.18-10.11.24:475][  0]LogD3D11RHI:       959/0/4086 MB DedicatedVideo/DedicatedSystem/SharedSystem, Outputs:1, VendorId:0x10de
[2021.12.18-10.11.24:479][  0]LogD3D11RHI:    1. 'Microsoft Basic Render Driver' (Feature Level 11_0)
[2021.12.18-10.11.24:479][  0]LogD3D11RHI:       0/0/4086 MB DedicatedVideo/DedicatedSystem/SharedSystem, Outputs:0, VendorId:0x1414
[2021.12.18-10.11.24:479][  0]LogD3D11RHI: Chosen D3D11 Adapter:
[2021.12.18-10.11.24:479][  0]LogD3D11RHI:     Description : NVIDIA GeForce GTX 550 Ti
[2021.12.18-10.11.24:479][  0]LogD3D11RHI:     VendorId    : 10de
[2021.12.18-10.11.24:479][  0]LogD3D11RHI:     DeviceId    : 1244
[2021.12.18-10.11.24:479][  0]LogD3D11RHI:     SubSysId    : 0000
[2021.12.18-10.11.24:479][  0]LogD3D11RHI:     Revision    : 00a1
[2021.12.18-10.11.24:479][  0]LogD3D11RHI:     DedicatedVideoMemory : 1005780992 bytes
[2021.12.18-10.11.24:479][  0]LogD3D11RHI:     DedicatedSystemMemory : 0 bytes
[2021.12.18-10.11.24:479][  0]LogD3D11RHI:     SharedSystemMemory : 4284948480 bytes
[2021.12.18-10.11.24:479][  0]LogD3D11RHI:     AdapterLuid : 0 38936
[2021.12.18-10.11.24:487][  0]LogD3D11RHI: Creating new Direct3DDevice
[2021.12.18-10.11.24:487][  0]LogD3D11RHI:     GPU DeviceId: 0x1244 (for the marketing name, search the web for "GPU Device Id")
[2021.12.18-10.11.24:487][  0]LogWindows: EnumDisplayDevices:
[2021.12.18-10.11.24:487][  0]LogWindows:    0. 'NVIDIA GeForce GTX 550 Ti' (P:1 D:1)
[2021.12.18-10.11.24:488][  0]LogWindows:    1. 'NVIDIA GeForce GTX 550 Ti' (P:0 D:0)
[2021.12.18-10.11.24:488][  0]LogWindows: DebugString: FoundDriverCount:2 
[2021.12.18-10.11.24:488][  0]LogD3D11RHI:     Adapter Name: NVIDIA GeForce GTX 550 Ti
[2021.12.18-10.11.24:488][  0]LogD3D11RHI:   Driver Version: 391.35 (internal:23.21.13.9135, unified:391.35)
[2021.12.18-10.11.24:488][  0]LogD3D11RHI:      Driver Date: 3-23-2018
[2021.12.18-10.11.24:488][  0]LogRHI: Texture pool is 671 MB (70% of 959 MB)
[2021.12.18-10.11.24:488][  0]LogD3D11RHI: Creating D3DDevice using adapter:
[2021.12.18-10.11.24:488][  0]LogD3D11RHI:     Description : NVIDIA GeForce GTX 550 Ti
[2021.12.18-10.11.24:488][  0]LogD3D11RHI:     VendorId    : 10de
[2021.12.18-10.11.24:488][  0]LogD3D11RHI:     DeviceId    : 1244
[2021.12.18-10.11.24:488][  0]LogD3D11RHI:     SubSysId    : 0000
[2021.12.18-10.11.24:488][  0]LogD3D11RHI:     Revision    : 00a1
[2021.12.18-10.11.24:488][  0]LogD3D11RHI:     DedicatedVideoMemory : 1005780992 bytes
[2021.12.18-10.11.24:489][  0]LogD3D11RHI:     DedicatedSystemMemory : 0 bytes
[2021.12.18-10.11.24:489][  0]LogD3D11RHI:     SharedSystemMemory : 4284948480 bytes
[2021.12.18-10.11.24:489][  0]LogD3D11RHI:     AdapterLuid : 0 38936
[2021.12.18-10.11.24:564][  0]LogD3D11RHI: Display: Timestamp queries are currently disabled on this hardware due to instability. Realtime GPU stats will not be available. You can override this behaviour by setting r.NVIDIATimestampWorkaround to 0
[2021.12.18-10.11.24:564][  0]LogD3D11RHI: RHI does not have support for 64 bit atomics
[2021.12.18-10.11.24:564][  0]LogD3D11RHI: Async texture creation enabled
[2021.12.18-10.11.24:594][  0]LogD3D11RHI: GPU Timing Frequency: 1000.000000 (Debug: 2 2)
[2021.12.18-10.11.25:712][  0]LogRHI: GeForceNow SDK initialized: 1
[2021.12.18-10.11.27:756][  0]LogTargetPlatformManager: Display: Loaded TargetPlatform 'AllDesktop'
[2021.12.18-10.11.27:844][  0]LogTargetPlatformManager: Display: Loaded TargetPlatform 'Android'
[2021.12.18-10.11.27:844][  0]LogTargetPlatformManager: Display: Loaded TargetPlatform 'Android_ASTC'
[2021.12.18-10.11.27:844][  0]LogTargetPlatformManager: Display: Loaded TargetPlatform 'Android_DXT'
[2021.12.18-10.11.27:844][  0]LogTargetPlatformManager: Display: Loaded TargetPlatform 'Android_ETC2'
[2021.12.18-10.11.27:844][  0]LogTargetPlatformManager: Display: Loaded TargetPlatform 'AndroidClient'
[2021.12.18-10.11.27:844][  0]LogTargetPlatformManager: Display: Loaded TargetPlatform 'Android_ASTCClient'
[2021.12.18-10.11.27:844][  0]LogTargetPlatformManager: Display: Loaded TargetPlatform 'Android_DXTClient'
[2021.12.18-10.11.27:844][  0]LogTargetPlatformManager: Display: Loaded TargetPlatform 'Android_ETC2Client'
[2021.12.18-10.11.27:844][  0]LogTargetPlatformManager: Display: Loaded TargetPlatform 'Android_Multi'
[2021.12.18-10.11.27:844][  0]LogTargetPlatformManager: Display: Loaded TargetPlatform 'Android_MultiClient'
[2021.12.18-10.11.28:036][  0]LogTargetPlatformManager: Display: Loaded TargetPlatform 'IOSClient'
[2021.12.18-10.11.28:036][  0]LogTargetPlatformManager: Display: Loaded TargetPlatform 'IOS'
[2021.12.18-10.11.28:437][  0]LogTargetPlatformManager: Display: Loaded TargetPlatform 'Linux'
[2021.12.18-10.11.28:496][  0]LogTargetPlatformManager: Display: Loaded TargetPlatform 'LinuxNoEditor'
[2021.12.18-10.11.28:521][  0]LogTargetPlatformManager: Display: Loaded TargetPlatform 'LinuxClient'
[2021.12.18-10.11.28:573][  0]LogTargetPlatformManager: Display: Loaded TargetPlatform 'LinuxServer'
[2021.12.18-10.11.28:755][  0]LogTargetPlatformManager: Display: Loaded TargetPlatform 'LinuxAArch64NoEditor'
[2021.12.18-10.11.28:795][  0]LogTargetPlatformManager: Display: Loaded TargetPlatform 'LinuxAArch64Client'
[2021.12.18-10.11.28:826][  0]LogTargetPlatformManager: Display: Loaded TargetPlatform 'LinuxAArch64Server'
[2021.12.18-10.11.28:926][  0]LogTargetPlatformManager: Display: Loaded TargetPlatform 'Lumin'
[2021.12.18-10.11.28:926][  0]LogTargetPlatformManager: Display: Loaded TargetPlatform 'LuminClient'
[2021.12.18-10.11.29:059][  0]LogTargetPlatformManager: Display: Loaded TargetPlatform 'MacNoEditor'
[2021.12.18-10.11.29:124][  0]LogTargetPlatformManager: Display: Loaded TargetPlatform 'Mac'
[2021.12.18-10.11.29:170][  0]LogTargetPlatformManager: Display: Loaded TargetPlatform 'MacClient'
[2021.12.18-10.11.29:222][  0]LogTargetPlatformManager: Display: Loaded TargetPlatform 'MacServer'
[2021.12.18-10.11.29:262][  0]LogTargetPlatformManager: Display: Loaded TargetPlatform 'TVOSClient'
[2021.12.18-10.11.29:262][  0]LogTargetPlatformManager: Display: Loaded TargetPlatform 'TVOS'
[2021.12.18-10.11.29:406][  0]LogTargetPlatformManager: Display: Loaded TargetPlatform 'WindowsNoEditor'
[2021.12.18-10.11.29:475][  0]LogTargetPlatformManager: Display: Loaded TargetPlatform 'Windows'
[2021.12.18-10.11.29:543][  0]LogTargetPlatformManager: Display: Loaded TargetPlatform 'WindowsClient'
[2021.12.18-10.11.29:641][  0]LogTargetPlatformManager: Display: Loaded TargetPlatform 'WindowsServer'
[2021.12.18-10.11.29:641][  0]LogTargetPlatformManager: Display: Building Assets For Windows
[2021.12.18-10.11.30:112][  0]LogAudioDebug: Display: Lib vorbis DLL was dynamically loaded.
[2021.12.18-10.11.31:113][  0]LogTextureFormatOodle: Display: Oodle Texture 2.9.0 init RDO Off
[2021.12.18-10.11.32:044][  0]LogRendererCore: Ray tracing is disabled. Reason: r.RayTracing=0.
[2021.12.18-10.11.32:044][  0]LogShaderCompilers: Guid format shader working directory is 8 characters bigger than the processId version (../../../../Unreal Projects/Dungeoner/Intermediate/Shaders/WorkingDirectory/20556/).
[2021.12.18-10.11.32:044][  0]LogShaderCompilers: Cleaned the shader compiler working directory 'C:/Users/Denis/AppData/Local/Temp/UnrealShaderWorkingDir/4492A5C940240FEE77BBD8BEDB65B0D8/'.
[2021.12.18-10.11.32:056][  0]LogShaderCompilers: Display: Using XGE Controller for Shader Compilation.
[2021.12.18-10.11.38:308][  0]LogDerivedDataCache: Display: Max Cache Size: 512 MB
[2021.12.18-10.11.39:525][  0]LogDerivedDataCache: Loaded boot cache 1.21s 96MB C:/Users/Denis/AppData/Local/UnrealEngine/4.27/DerivedDataCache/Boot.ddc.
[2021.12.18-10.11.39:525][  0]LogDerivedDataCache: Display: Loaded Boot cache: C:/Users/Denis/AppData/Local/UnrealEngine/4.27/DerivedDataCache/Boot.ddc
[2021.12.18-10.11.39:538][  0]LogDerivedDataCache: FDerivedDataBackendGraph:  Pak pak cache file ../../../../Unreal Projects/Dungeoner/DerivedDataCache/DDC.ddp not found, will not use a pak cache.
[2021.12.18-10.11.39:538][  0]LogDerivedDataCache: Unable to find inner node Pak for hierarchical cache Hierarchy.
[2021.12.18-10.11.39:538][  0]LogDerivedDataCache: FDerivedDataBackendGraph:  CompressedPak pak cache file ../../../../Unreal Projects/Dungeoner/DerivedDataCache/Compressed.ddp not found, will not use a pak cache.
[2021.12.18-10.11.39:538][  0]LogDerivedDataCache: Unable to find inner node CompressedPak for hierarchical cache Hierarchy.
[2021.12.18-10.11.39:602][  0]LogDerivedDataCache: Display: Pak cache opened for reading ../../../Engine/DerivedDataCache/Compressed.ddp.
[2021.12.18-10.11.39:602][  0]LogDerivedDataCache: FDerivedDataBackendGraph:  EnterprisePak pak cache file ../../../Enterprise/DerivedDataCache/Compressed.ddp not found, will not use a pak cache.
[2021.12.18-10.11.39:602][  0]LogDerivedDataCache: Unable to find inner node EnterprisePak for hierarchical cache Hierarchy.
[2021.12.18-10.11.39:790][  0]LogDerivedDataCache: Speed tests for C:/Users/Denis/AppData/Local/UnrealEngine/Common/DerivedDataCache took 0.19 seconds
[2021.12.18-10.11.39:790][  0]LogDerivedDataCache: Display: Performance to C:/Users/Denis/AppData/Local/UnrealEngine/Common/DerivedDataCache: Latency=0.03ms. RandomReadSpeed=5.12MBs, RandomWriteSpeed=152.92MBs. Assigned SpeedClass 'Local'
[2021.12.18-10.11.39:791][  0]LogDerivedDataCache: Using Local data cache path C:/Users/Denis/AppData/Local/UnrealEngine/Common/DerivedDataCache: Writable
[2021.12.18-10.11.39:791][  0]LogDerivedDataCache: Shared data cache path not found in *engine.ini, will not use an Shared cache.
[2021.12.18-10.11.39:791][  0]LogDerivedDataCache: Unable to find inner node Shared for hierarchical cache Hierarchy.
[2021.12.18-10.11.39:859][  0]LogSlate: Using FreeType 2.10.0
[2021.12.18-10.11.39:902][  0]LogSlate: SlateFontServices - WITH_FREETYPE: 1, WITH_HARFBUZZ: 1
[2021.12.18-10.11.40:652][  0]LogAssetRegistry: FAssetRegistry took 0.0061 seconds to start up
[2021.12.18-10.11.41:178][  0]LogInit: Selected Device Profile: [Windows]
[2021.12.18-10.11.41:179][  0]LogInit: Active device profile: [000001CDB55EB400][000001CDB34FEF00 49] Windows
[2021.12.18-10.11.41:179][  0]LogInit: Profiles: [000001CDB55EB400][000001CDB34FEF00 49] Windows, [000001CDB5590E00][000001CDB3939080 49] WindowsNoEditor, [000001CDB55E8E00][000001CDB393D200 49] WindowsServer, [000001CDB5592C00][000001CDB3941380 49] WindowsClient, [000001CDB55EAB00][000001CDB3945500 49] IOS, [000001CDB5591700][000001CDB3949680 49] iPadAir, [000001CDB55E9600][000001CDB394D800 49] iPadAir2, [000001CDB553BB00][000001CDB3955AC0 49] IPadPro, [000001CDB553BC00][000001CDB3951B00 49] iPadAir3, [000001CDB55EA500][000001CDB3958100 49] iPadAir4, [000001CDB5539300][000001CDB395C280 49] iPadMini2, [000001CDB55E9B00][000001CDB3960400 49] iPadMini3, [000001CDB553A600][000001CDB3964580 49] iPadMini4, [000001CDB55E8800][000001CDB3968700 49] iPadMini5, [000001CDB557F400][000001CDB396C940 49] iPhone6, [000001CDB557F500][000001CDB3934980 49] iPodTouch6, [000001CDB5538300][000001CDB3974BC0 49] iPhone7, [000001CDB5538200][000001CDB3970C00 49] iPodTouch7, [000001CDB557D200][000001CDB397CD80 49] iPhone5S, [000001CDB5538E00][000001CDACC0EF00 49] iPhone6Plus, [000001CDB557E700][000001CDACC13080 49] iPhone6S, [000001CDB5539100][000001CDACC17200 49] iPhone6SPlus, [000001CDB557DA00][000001CDACC1B380 49] iPhone7Plus, [000001CDB553A000][000001CDACC1F500 49] iPhoneSE, [000001CDB557F900][000001CDACC23680 49] iPhone8, [000001CDB553AB00][000001CDACC27800 49] iPhone8Plus, [000001CDB557ED00][000001CDACC2B980 49] iPhoneX, [000001CDB553BE00][000001CDACC2FB00 49] iPhoneXS, [000001CDB557C100][000001CDACC32100 49] iPhoneXSMax, [000001CDB553BA00][000001CDACC36280 49] iPhoneXR, [000001CDB557CC00][000001CDACC3A400 49] iPhone11, [000001CDB553AA00][000001CDACC3E580 49] iPhone11Pro, [000001CDB557EE00][000001CDACC42700 49] iPhone11ProMax, [000001CDB5538C00][000001CDACC46880 49] iPhoneSE2, [000001CDB557EF00][000001CDB39789C0 49] iPhone12Mini, [000001CDB5538900][000001CDACC4AB00 49] iPhone12, [000001CDB557DC00][000001CDACC4EC40 49] iPhone12Pro, [000001CDB5538700][000001CDACC52D80 49] iPhone12ProMax, [000001CDB557FD00][000001CDACC5AF00 49] iPadPro105, [000001CDB5538A00][000001CDACC5F080 49] iPadPro129, [000001CDB557D500][000001CDACC63200 49] iPadPro97, [000001CDB553A300][000001CDACC67380 49] iPadPro2_129, [000001CDB557FB00][000001CDACC6B500 49] iPad5, [000001CDB5539500][000001CDACC6F680 49] iPad6, [000001CDB557D600][000001CDACC73800 49] iPad7, [000001CDB5539200][000001CDACC77980 49] iPad8, [000001CDB557DD00][000001CDACC7BB00 49] iPadPro11, [000001CDB5539600][000001CDACC7E100 49] iPadPro2_11, [000001CDB557C400][000001CDACC82280 49] iPadPro3_129, [000001CDB5539000][000001CDACC86400 49] iPadPro4_129, [000001CDB557DE00][000001CDACC8A580 49] AppleTV, [000001CDB5539F00][000001CDB4CD0700 49] AppleTV4K, [000001CDB557DB00][000001CDB4CD4880 49] TVOS, [000001CDB553AE00][000001CDB4CD8A00 49] Mac, [000001CDB557E000][000001CDACC56B40 49] MacClient, [000001CDB5538B00][000001CDB4CDCC80 49] MacNoEditor, [000001CDB557E800][000001CDB4CE0DC0 49] MacServer, [000001CDB5539900][000001CDB4CE4F00 49] Linux, [000001CDB557F600][000001CDB4CED080 49] LinuxAArch64, [000001CDB5539C00][000001CDB4CF1200 49] LinuxNoEditor, [000001CDB557DF00][000001CDB4CF5380 49] LinuxAArch64NoEditor, [000001CDB5593400][000001CDB4CF9500 49] LinuxClient, [000001CDB5639D00][000001CDB4CFD680 49] LinuxAArch64Client, [000001CDB5590100][000001CDB4D01800 49] LinuxServer, [000001CDB5638100][000001CD9C023980 49] LinuxAArch64Server, [000001CDB5592800][000001CD9C027B00 49] Android, [000001CDB5638900][000001CD9C02A100 49] Android_Low, [000001CDB5593700][000001CD9C02E280 49] Android_Mid, [000001CDB5638B00][000001CD9C032400 49] Android_High, [000001CDB5593A00][000001CD9C036580 49] Android_Default, [000001CDB5638700][000001CD9C03A700 49] Android_Adreno4xx, [000001CDB5591E00][000001CD9C03E880 49] Android_Adreno5xx_Low, [000001CDB5638300][000001CD9C042A00 49] Android_Adreno5xx, [000001CDB5591200][000001CD9C046B80 49] Android_Adreno6xx, [000001CDB5638A00][000001CD9C04AD00 49] Android_Adreno6xx_Vulkan, [000001CDB5592D00][000001CDB4CE8E40 49] Android_Mali_T6xx, [000001CDB5639600][000001CD9C04EF80 49] Android_Mali_T7xx, [000001CDB5592B00][000001CDB4D050C0 49] Android_Mali_T8xx, [000001CDB5638C00][000001CDB4D0D240 49] Android_Mali_G71, [000001CDB557E500][000001CDB4D113C0 49] Android_Mali_G72, [000001CDB5538800][000001CDB4D15540 49] Android_Mali_G72_Vulkan, [000001CDB557D000][000001CDB4D196C0 49] Android_Mali_G76, [000001CDB553B200][000001CDB4D1D840 49] Android_Mali_G76_Vulkan, [000001CDB557FC00][000001CDB4D219C0 49] Android_Mali_G77, [000001CDB553A500][000001CDB4D25B40 49] Android_Mali_G77_Vulkan, [000001CDB557D400][000001CDB4D28140 49] Android_Mali_G78, [000001CDB5539B00][000001CDB4D2C2C0 49] Android_Mali_G78_Vulkan, [000001CDB557F300][000001CDB4D30440 49] Android_Mali_G710, [000001CDB553A800][000001CDB4D345C0 49] Android_Mali_G710_Vulkan, [000001CDB5639F00][000001CDB4D38740 49] Android_Vulkan_SM5, [000001CDB5539E00][000001CDB4D3C8C0 49] Android_PowerVR_G6xxx, [000001CDB563A000][000001CDB4D40A40 49] Android_PowerVR_GT7xxx, [000001CDB5539400][000001CDB4D44BC0 49] Android_PowerVR_GE8xxx, [000001CDB5638D00][000001CDB4D48D40 49] Android_PowerVR_GM9xxx, [000001CDB553AC00][000001CDB4D4CEC0 49] Android_PowerVR_GM9xxx_Vulkan, [000001CDB563A200][000001CDB4D09000 49] Android_TegraK1, [000001CDB553B900][000001CDB4D51140 49] Android_Unknown_Vulkan, [000001CDB5639000][000001CDB4D55280 49] Lumin, [000001CDB553BF00][000001CDB4D593C0 49] Lumin_Desktop, [000001CDB563A400][000001CDB4D61540 49] HoloLens, 
[2021.12.18-10.11.42:672][  0]LogMeshReduction: Using QuadricMeshReduction for automatic static mesh reduction
[2021.12.18-10.11.42:672][  0]LogMeshReduction: Using SimplygonMeshReduction for automatic skeletal mesh reduction
[2021.12.18-10.11.42:672][  0]LogMeshReduction: Using ProxyLODMeshReduction for automatic mesh merging
[2021.12.18-10.11.42:672][  0]LogMeshReduction: No distributed automatic mesh merging module available
[2021.12.18-10.11.42:672][  0]LogMeshMerging: No distributed automatic mesh merging module available
[2021.12.18-10.11.42:844][  0]LogNetVersion: Dungeoner 1.0.0, NetCL: 17155196, EngineNetVer: 17, GameNetVer: 0 (Checksum: 1542495505)
[2021.12.18-10.12.34:766][  0]LogTexture: Default maximum texture size for cubemaps generated from long-lat sources has been changed from 512 to unlimited. In order to preserve old behaiour for '/Engine/MapTemplates/Sky/DaylightAmbientCubemap.DaylightAmbientCubemap', its maximum texture size has been explicitly set to 512.
[2021.12.18-10.12.34:914][  0]LogHMD: PokeAHoleMaterial loaded successfully
[2021.12.18-10.12.34:926][  0]LogUObjectArray: 17178 objects as part of root set at end of initial load.
[2021.12.18-10.12.34:926][  0]LogUObjectAllocator: 4302048 out of 0 bytes used by permanent object pool.
[2021.12.18-10.12.34:926][  0]LogUObjectArray: CloseDisregardForGC: 0/0 objects in disregard for GC pool
[2021.12.18-10.12.42:548][  0]LogPython: Using Python 3.7.7
[2021.12.18-10.12.48:176][  0]LogNiagaraDebuggerClient: Niagara Debugger Client Initialized | Session: 743ACF4649E0088158CC98B69C7904FE | Instance: 3A9F28344A56362B0428D5879DAA914A (HOME-PC-20556).
[2021.12.18-10.12.50:533][  0]LogTcpMessaging: Initializing TcpMessaging bridge
[2021.12.18-10.12.50:573][  0]LogUdpMessaging: Initializing bridge on interface 0.0.0.0:0 to multicast group 230.0.0.1:6666.
[2021.12.18-10.12.52:553][  0]SourceControl: Source control is disabled
[2021.12.18-10.12.52:553][  0]SourceControl: Source control is disabled
[2021.12.18-10.12.52:799][  0]SourceControl: Source control is disabled
[2021.12.18-10.12.52:896][  0]SourceControl: Source control is disabled
[2021.12.18-10.12.53:198][  0]SourceControl: Source control is disabled
[2021.12.18-10.12.53:288][  0]LogUProjectInfo: Found projects:
[2021.12.18-10.12.57:351][  0]LogOpenImageDenoise: OIDN starting up
[2021.12.18-10.12.58:980][  0]LogAndroidPermission: UAndroidPermissionCallbackProxy::GetInstance
[2021.12.18-10.12.59:390][  0]LogAudioCaptureCore: Display: No Audio Capture implementations found. Audio input will be silent.
[2021.12.18-10.12.59:390][  0]LogAudioCaptureCore: Display: No Audio Capture implementations found. Audio input will be silent.
[2021.12.18-10.13.00:628][  0]LogCollectionManager: Loaded 0 collections in 0.026383 seconds
[2021.12.18-10.13.01:003][  0]LogFileCache: Scanning file cache for directory 'E:/Unreal Projects/Dungeoner/Saved/Collections/' took 0.00s
[2021.12.18-10.13.01:003][  0]LogFileCache: Scanning file cache for directory 'E:/Unreal Projects/Dungeoner/Content/Developers/Denis/Collections/' took 0.00s
[2021.12.18-10.13.01:003][  0]LogFileCache: Scanning file cache for directory 'E:/Unreal Projects/Dungeoner/Content/Collections/' took 0.00s
[2021.12.18-10.13.01:003][  0]LogOcInput: OculusInput pre-init called
[2021.12.18-10.13.01:872][  0]LogEngine: Initializing Engine...
[2021.12.18-10.13.02:229][  0]LogHMD: Failed to enumerate extensions. Please check that you have a valid OpenXR runtime installed.
[2021.12.18-10.13.02:229][  0]LogHMD: Failed to initialize OpenVR with code 110
[2021.12.18-10.13.02:243][  0]LogMagicLeap: Warning: VR disabled because ZI is not enabled.  To enable, in the editor, Edit -> Project Settings -> Plugins -> Magic Leap Plugin -> Enable Zero Iteration
[2021.12.18-10.13.02:245][  0]LogStats: UGameplayTagsManager::InitializeManager -  0.000 s
[2021.12.18-10.13.02:430][  0]LogInit: Initializing FReadOnlyCVARCache
[2021.12.18-10.13.02:566][  0]LogAIModule: Creating AISystem for world Untitled
[2021.12.18-10.13.02:567][  0]LogAudio: Display: Initializing Audio Device Manager...
[2021.12.18-10.13.02:657][  0]LogAudio: Display: Loading Default Audio Settings Objects...
[2021.12.18-10.13.02:659][  0]LogAudio: Display: No default SoundConcurrencyObject specified (or failed to load).
[2021.12.18-10.13.02:659][  0]LogAudio: Display: Audio Device Manager Initialized
[2021.12.18-10.13.02:659][  0]LogAudio: Display: Creating Audio Device:                 Id: 1, Scope: Shared, Realtime: True
[2021.12.18-10.13.02:660][  0]LogAudioMixer: Display: Audio Mixer Platform Settings:
[2021.12.18-10.13.02:660][  0]LogAudioMixer: Display: 	Sample Rate:						  48000
[2021.12.18-10.13.02:660][  0]LogAudioMixer: Display: 	Callback Buffer Frame Size Requested: 1024
[2021.12.18-10.13.02:660][  0]LogAudioMixer: Display: 	Callback Buffer Frame Size To Use:	  1024
[2021.12.18-10.13.02:660][  0]LogAudioMixer: Display: 	Number of buffers to queue:			  2
[2021.12.18-10.13.02:660][  0]LogAudioMixer: Display: 	Max Channels (voices):				  32
[2021.12.18-10.13.02:660][  0]LogAudioMixer: Display: 	Number of Async Source Workers:		  0
[2021.12.18-10.13.02:660][  0]LogAudio: Display: AudioDevice MaxSources: 32
[2021.12.18-10.13.02:660][  0]LogAudio: Display: Audio Spatialization Plugin: None (built-in).
[2021.12.18-10.13.02:660][  0]LogAudio: Display: Audio Reverb Plugin: None (built-in).
[2021.12.18-10.13.02:660][  0]LogAudio: Display: Audio Occlusion Plugin: None (built-in).
[2021.12.18-10.13.02:660][  0]LogAudioMixer: Display: Initializing audio mixer.
[2021.12.18-10.13.02:949][  0]LogAudioMixer: Display: 0: FrontLeft
[2021.12.18-10.13.02:949][  0]LogAudioMixer: Display: 1: FrontRight
[2021.12.18-10.13.03:450][  0]LogAudioMixer: Display: Using Audio Device Динамики (Bloody Gaming Audio Device)
[2021.12.18-10.13.03:454][  0]LogAudioMixer: Display: Initializing Sound Submixes...
[2021.12.18-10.13.03:457][  0]LogAudioMixer: Display: Creating Master Submix 'MasterSubmixDefault'
[2021.12.18-10.13.03:457][  0]LogAudioMixer: Display: Creating Master Submix 'MasterReverbSubmixDefault'
[2021.12.18-10.13.03:458][  0]LogAudioMixer: Display: Creating Master Submix 'MasterEQSubmixDefault'
[2021.12.18-10.13.03:458][  0]LogAudioMixer: FMixerPlatformXAudio2::StartAudioStream() called
[2021.12.18-10.13.03:458][  0]LogAudioMixer: Display: Output buffers initialized: Frames=1024, Channels=2, Samples=2048
[2021.12.18-10.13.03:459][  0]LogAudioMixer: Display: Starting AudioMixerPlatformInterface::RunInternal()
[2021.12.18-10.13.03:459][  0]LogAudioMixer: Display: FMixerPlatformXAudio2::SubmitBuffer() called for the first time
[2021.12.18-10.13.03:459][  0]LogInit: FAudioDevice initialized.
[2021.12.18-10.13.03:460][  0]LogAudio: Display: Audio Device (ID: 1) registered with world 'Untitled'.
[2021.12.18-10.13.03:460][  0]LogNetVersion: Set ProjectVersion to 1.0.0.0. Version Checksum will be recalculated on next use.
[2021.12.18-10.13.06:118][  0]LogDerivedDataCache: Saved boot cache 2.66s 96MB C:/Users/Denis/AppData/Local/UnrealEngine/4.27/DerivedDataCache/Boot.ddc.
[2021.12.18-10.13.06:119][  0]LogInit: Texture streaming: Enabled
[2021.12.18-10.13.06:486][  0]LogAnalytics: Display: [UEEditor.Rocket.Release] APIServer = https://datarouter.ol.epicgames.com/. AppVersion = 4.27.2-18319896+++UE4+Release-4.27
[2021.12.18-10.13.06:541][  0]LogEngineSessionManager: EngineSessionManager initialized
[2021.12.18-10.13.06:541][  0]LogEditorSessionSummary: Verbose: Initializing EditorSessionSummaryWriter for editor session tracking
[2021.12.18-10.13.06:545][  0]LogEditorSessionSummary: EditorSessionSummaryWriter initialized
[2021.12.18-10.13.06:734][  0]LogInit: Transaction tracking system initialized
[2021.12.18-10.13.08:259][  0]BlueprintLog: New page: Editor Load
[2021.12.18-10.13.09:184][  0]LocalizationService: Localization service is disabled
[2021.12.18-10.13.09:663][  0]TimingProfiler: Initialize
[2021.12.18-10.13.09:664][  0]TimingProfiler: OnSessionChanged
[2021.12.18-10.13.09:664][  0]LoadingProfiler: Initialize
[2021.12.18-10.13.09:664][  0]LoadingProfiler: OnSessionChanged
[2021.12.18-10.13.09:664][  0]NetworkingProfiler: Initialize
[2021.12.18-10.13.09:664][  0]NetworkingProfiler: OnSessionChanged
[2021.12.18-10.13.09:664][  0]MemoryProfiler: Initialize
[2021.12.18-10.13.09:664][  0]MemoryProfiler: OnSessionChanged
[2021.12.18-10.13.11:451][  0]LogCook: Display: CookSettings for Memory: MemoryMaxUsedVirtual 0MiB, MemoryMaxUsedPhysical 16384MiB, MemoryMinFreeVirtual 0MiB, MemoryMinFreePhysical 1024MiB
[2021.12.18-10.13.11:452][  0]LogCook: Display: Mobile HDR setting 1
[2021.12.18-10.13.11:542][  0]LogFileCache: Scanning file cache for directory 'E:/Unreal Projects/Dungeoner/Content/' took 0.00s
[2021.12.18-10.13.14:758][  0]LogInit: Display: Engine is initialized. Leaving FEngineLoop::Init()
[2021.12.18-10.13.14:793][  0]SourceControl: Source control is disabled
[2021.12.18-10.13.14:793][  0]LogUnrealEdMisc: Loading editor; pre map load, took 372.991
[2021.12.18-10.13.14:793][  0]Cmd: MAP LOAD FILE="../../../../Unreal Projects/Dungeoner/Content/Map/Map.umap" TEMPLATE=0 SHOWPROGRESS=1 FEATURELEVEL=3
[2021.12.18-10.13.14:794][  0]LightingResults: New page: Lighting Build
[2021.12.18-10.13.14:836][  0]LogWorld: UWorld::CleanupWorld for Untitled, bSessionEnded=true, bCleanupResources=true
[2021.12.18-10.13.14:836][  0]LogSlate: InvalidateAllWidgets triggered.  All widgets were invalidated
[2021.12.18-10.13.14:836][  0]MapCheck: New page: Map Check
[2021.12.18-10.13.14:836][  0]LightingResults: New page: Lighting Build
[2021.12.18-10.13.14:846][  0]LogAudio: Display: Audio Device unregistered from world 'None'.
[2021.12.18-10.13.14:853][  0]LogUObjectHash: Compacting FUObjectHashTables data took   2.45ms
[2021.12.18-10.13.17:071][  0]LogTexture: Display: Building textures: Text-Block-1-L (BGRA8, 26X32)
[2021.12.18-10.13.17:071][  0]LogTexture: Display: Building textures: Text-Block-1-T (BGRA8, 71X17)
[2021.12.18-10.13.17:071][  0]LogTexture: Display: Building textures: Text-Block-1-BG (BGRA8, 75X24)
[2021.12.18-10.13.17:071][  0]LogTexture: Display: Building textures: Decorative-element-1 (BGRA8, 83X13)
[2021.12.18-10.13.17:071][  0]LogTexture: Display: Building textures: Angle-7 (BGRA8, 25X27)
[2021.12.18-10.13.17:071][  0]LogTexture: Display: Building textures: Border-1 (BGRA8, 1X2)
[2021.12.18-10.13.17:071][  0]LogTexture: Display: Building textures: Border-3 (BGRA8, 1X4)
[2021.12.18-10.13.17:071][  0]LogTexture: Display: Building textures: Angle-1 (BGRA8, 14X14)
[2021.12.18-10.13.17:071][  0]LogTexture: Display: Building textures: SliderBody (BGRA8, 2X42)
[2021.12.18-10.13.17:071][  0]LogTexture: Display: Building textures: Border-2 (BGRA8, 1X3)
[2021.12.18-10.13.17:071][  0]LogTexture: Display: Building textures: SliderButton (BGRA8, 49X18)
[2021.12.18-10.13.17:071][  0]LogTexture: Display: Building textures: Angle-2 (BGRA8, 9X10)
[2021.12.18-10.13.17:071][  0]LogTexture: Display: Building textures: SliderPike (BGRA8, 24X33)
[2021.12.18-10.13.17:072][  0]LogTexture: Display: Building textures: SliderButtonHovering (BGRA8, 49X18)
[2021.12.18-10.13.17:072][  0]LogMaterial: Display: Missing cached shadermap for Border-3-Rotate-90 in PCD3D_SM5, Default, SM5 (DDC key hash: 1057FB7D0C1D8F0DE1827FA4ABCC8AF9C7A54E93), compiling. 
[2021.12.18-10.13.17:378][  0]LogShaderCompilers: Display: Submitted 13 shader compile jobs with 'Low' priority
[2021.12.18-10.13.17:524][  0]LogShaderCompilers: Display: Started 13 'XGE' shader compile jobs with 'Low' priority
[2021.12.18-10.13.17:524][  0]LogMaterial: Display: Missing cached shadermap for BackgroundWithRoundedCorners in PCD3D_SM5, Default, SM5 (DDC key hash: F3ACA9A38EE8B9C100CC753C4505DA1249E3445F), compiling. 
[2021.12.18-10.13.17:608][  0]LogShaderCompilers: Display: Submitted 19 shader compile jobs with 'Low' priority
[2021.12.18-10.13.17:695][  0]LogShaderCompilers: Display: Started 19 'XGE' shader compile jobs with 'Low' priority
[2021.12.18-10.13.17:695][  0]LogMaterial: Display: Missing cached shadermap for Gradient in PCD3D_SM5, Default, SM5 (DDC key hash: E2C2F99DA8EA265A454B6DEB8B026DD648AC222F), compiling. 
[2021.12.18-10.13.17:726][  0]LogShaderCompilers: Display: Submitted 19 shader compile jobs with 'Low' priority
[2021.12.18-10.13.17:731][  0]LogAudio: Display: Audio Device (ID: 1) registered with world 'Map'.
[2021.12.18-10.13.17:732][  0]LogAIModule: Creating AISystem for world Map
[2021.12.18-10.13.17:809][  0]LogShaderCompilers: Display: Started 19 'XGE' shader compile jobs with 'Low' priority
[2021.12.18-10.13.17:809][  0]LogEditorServer: Finished looking for orphan Actors (0.000 secs)
[2021.12.18-10.13.17:822][  0]LogUObjectHash: Compacting FUObjectHashTables data took   1.57ms
[2021.12.18-10.13.17:823][  0]Cmd: MAP CHECKDEP NOCLEARLOG
[2021.12.18-10.13.17:823][  0]MapCheck: Map check complete: 0 Error(s), 0 Warning(s), took 0,131ms to complete.
[2021.12.18-10.13.17:823][  0]LogFileHelpers: Loading map 'Map' took 3.029
[2021.12.18-10.13.17:825][  0]LogUnrealEdMisc: Total Editor Startup Time, took 376.023
[2021.12.18-10.13.41:372][  0]LogSlate: Updating window title bar state: overlay mode, drag disabled, window buttons hidden, title bar hidden
[2021.12.18-10.13.41:627][  0]LogSlate: Updating window title bar state: overlay mode, drag disabled, window buttons hidden, title bar hidden
[2021.12.18-10.13.41:639][  0]LogSlate: Updating window title bar state: overlay mode, drag disabled, window buttons hidden, title bar hidden
[2021.12.18-10.13.41:649][  0]LogSlate: Updating window title bar state: overlay mode, drag disabled, window buttons hidden, title bar hidden
[2021.12.18-10.13.45:514][  0]LogNativeClassHierarchy: Verbose: Native class hierarchy populated in 0.1488 seconds. Added 3823 classes and 930 folders.
[2021.12.18-10.13.46:855][  0]LogNativeClassHierarchy: Verbose: Native class hierarchy updated for 'WidgetCarousel' in 0.0006 seconds. Added 0 classes and 0 folders.
[2021.12.18-10.13.47:315][  0]LogPakFile: PakFile PrimaryIndexSize=187
[2021.12.18-10.13.47:315][  0]LogPakFile: PakFile PathHashIndexSize=101
[2021.12.18-10.13.47:315][  0]LogPakFile: PakFile FullDirectoryIndexSize=148
[2021.12.18-10.13.47:344][  0]LogShaderLibrary: Display: ShaderCodeLibraryPakFileMountedCallback: PakFile 'E:/UE_4.27/FeaturePacks/FP_FirstPerson.upack' (chunk index -1, root 'root:/') mounted
[2021.12.18-10.13.47:344][  0]LogShaderLibrary: Display: ShaderCodeLibraryPakFileMountedCallback: pending pak file info (ChunkID:-1 Root:root:/ File:E:/UE_4.27/FeaturePacks/FP_FirstPerson.upack)
[2021.12.18-10.13.47:344][  0]LogPakFile: OnPakFileMounted2Time == 0.029480
[2021.12.18-10.13.47:369][  0]LogPakFile: PakFile PrimaryIndexSize=189
[2021.12.18-10.13.47:369][  0]LogPakFile: PakFile PathHashIndexSize=101
[2021.12.18-10.13.47:369][  0]LogPakFile: PakFile FullDirectoryIndexSize=152
[2021.12.18-10.13.47:369][  0]LogShaderLibrary: Display: ShaderCodeLibraryPakFileMountedCallback: PakFile 'E:/UE_4.27/FeaturePacks/FP_FirstPersonBP.upack' (chunk index -1, root 'root:/') mounted
[2021.12.18-10.13.47:369][  0]LogShaderLibrary: Display: ShaderCodeLibraryPakFileMountedCallback: pending pak file info (ChunkID:-1 Root:root:/ File:E:/UE_4.27/FeaturePacks/FP_FirstPersonBP.upack)
[2021.12.18-10.13.47:369][  0]LogPakFile: OnPakFileMounted2Time == 0.000125
[2021.12.18-10.13.47:440][  0]LogPakFile: PakFile PrimaryIndexSize=191
[2021.12.18-10.13.47:440][  0]LogPakFile: PakFile PathHashIndexSize=101
[2021.12.18-10.13.47:440][  0]LogPakFile: PakFile FullDirectoryIndexSize=160
[2021.12.18-10.13.47:440][  0]LogShaderLibrary: Display: ShaderCodeLibraryPakFileMountedCallback: PakFile 'E:/UE_4.27/FeaturePacks/MobileStarterContent.upack' (chunk index -1, root 'root:/') mounted
[2021.12.18-10.13.47:440][  0]LogShaderLibrary: Display: ShaderCodeLibraryPakFileMountedCallback: pending pak file info (ChunkID:-1 Root:root:/ File:E:/UE_4.27/FeaturePacks/MobileStarterContent.upack)
[2021.12.18-10.13.47:440][  0]LogPakFile: OnPakFileMounted2Time == 0.000106
[2021.12.18-10.13.47:451][  0]LogPakFile: PakFile PrimaryIndexSize=185
[2021.12.18-10.13.47:451][  0]LogPakFile: PakFile PathHashIndexSize=101
[2021.12.18-10.13.47:451][  0]LogPakFile: PakFile FullDirectoryIndexSize=148
[2021.12.18-10.13.47:451][  0]LogShaderLibrary: Display: ShaderCodeLibraryPakFileMountedCallback: PakFile 'E:/UE_4.27/FeaturePacks/StarterContent.upack' (chunk index -1, root 'root:/') mounted
[2021.12.18-10.13.47:451][  0]LogShaderLibrary: Display: ShaderCodeLibraryPakFileMountedCallback: pending pak file info (ChunkID:-1 Root:root:/ File:E:/UE_4.27/FeaturePacks/StarterContent.upack)
[2021.12.18-10.13.47:451][  0]LogPakFile: OnPakFileMounted2Time == 0.000112
[2021.12.18-10.13.47:456][  0]LogPakFile: PakFile PrimaryIndexSize=190
[2021.12.18-10.13.47:456][  0]LogPakFile: PakFile PathHashIndexSize=101
[2021.12.18-10.13.47:456][  0]LogPakFile: PakFile FullDirectoryIndexSize=154
[2021.12.18-10.13.47:456][  0]LogShaderLibrary: Display: ShaderCodeLibraryPakFileMountedCallback: PakFile 'E:/UE_4.27/FeaturePacks/TP_2DSideScroller.upack' (chunk index -1, root 'root:/') mounted
[2021.12.18-10.13.47:456][  0]LogShaderLibrary: Display: ShaderCodeLibraryPakFileMountedCallback: pending pak file info (ChunkID:-1 Root:root:/ File:E:/UE_4.27/FeaturePacks/TP_2DSideScroller.upack)
[2021.12.18-10.13.47:456][  0]LogPakFile: OnPakFileMounted2Time == 0.000136
[2021.12.18-10.13.47:474][  0]LogPakFile: PakFile PrimaryIndexSize=192
[2021.12.18-10.13.47:474][  0]LogPakFile: PakFile PathHashIndexSize=101
[2021.12.18-10.13.47:475][  0]LogPakFile: PakFile FullDirectoryIndexSize=158
[2021.12.18-10.13.47:475][  0]LogShaderLibrary: Display: ShaderCodeLibraryPakFileMountedCallback: PakFile 'E:/UE_4.27/FeaturePacks/TP_2DSideScrollerBP.upack' (chunk index -1, root 'root:/') mounted
[2021.12.18-10.13.47:475][  0]LogShaderLibrary: Display: ShaderCodeLibraryPakFileMountedCallback: pending pak file info (ChunkID:-1 Root:root:/ File:E:/UE_4.27/FeaturePacks/TP_2DSideScrollerBP.upack)
[2021.12.18-10.13.47:475][  0]LogPakFile: OnPakFileMounted2Time == 0.000102
[2021.12.18-10.13.47:482][  0]LogPakFile: PakFile PrimaryIndexSize=182
[2021.12.18-10.13.47:482][  0]LogPakFile: PakFile PathHashIndexSize=101
[2021.12.18-10.13.47:482][  0]LogPakFile: PakFile FullDirectoryIndexSize=138
[2021.12.18-10.13.47:482][  0]LogShaderLibrary: Display: ShaderCodeLibraryPakFileMountedCallback: PakFile 'E:/UE_4.27/FeaturePacks/TP_Flying.upack' (chunk index -1, root 'root:/') mounted
[2021.12.18-10.13.47:482][  0]LogShaderLibrary: Display: ShaderCodeLibraryPakFileMountedCallback: pending pak file info (ChunkID:-1 Root:root:/ File:E:/UE_4.27/FeaturePacks/TP_Flying.upack)
[2021.12.18-10.13.47:483][  0]LogPakFile: OnPakFileMounted2Time == 0.000127
[2021.12.18-10.13.47:497][  0]LogPakFile: PakFile PrimaryIndexSize=184
[2021.12.18-10.13.47:497][  0]LogPakFile: PakFile PathHashIndexSize=101
[2021.12.18-10.13.47:497][  0]LogPakFile: PakFile FullDirectoryIndexSize=142
[2021.12.18-10.13.47:497][  0]LogShaderLibrary: Display: ShaderCodeLibraryPakFileMountedCallback: PakFile 'E:/UE_4.27/FeaturePacks/TP_FlyingBP.upack' (chunk index -1, root 'root:/') mounted
[2021.12.18-10.13.47:497][  0]LogShaderLibrary: Display: ShaderCodeLibraryPakFileMountedCallback: pending pak file info (ChunkID:-1 Root:root:/ File:E:/UE_4.27/FeaturePacks/TP_FlyingBP.upack)
[2021.12.18-10.13.47:497][  0]LogPakFile: OnPakFileMounted2Time == 0.000104
[2021.12.18-10.13.47:521][  0]LogPakFile: PakFile PrimaryIndexSize=188
[2021.12.18-10.13.47:521][  0]LogPakFile: PakFile PathHashIndexSize=101
[2021.12.18-10.13.47:521][  0]LogPakFile: PakFile FullDirectoryIndexSize=150
[2021.12.18-10.13.47:521][  0]LogShaderLibrary: Display: ShaderCodeLibraryPakFileMountedCallback: PakFile 'E:/UE_4.27/FeaturePacks/TP_HandheldARBP.upack' (chunk index -1, root 'root:/') mounted
[2021.12.18-10.13.47:521][  0]LogShaderLibrary: Display: ShaderCodeLibraryPakFileMountedCallback: pending pak file info (ChunkID:-1 Root:root:/ File:E:/UE_4.27/FeaturePacks/TP_HandheldARBP.upack)
[2021.12.18-10.13.47:521][  0]LogPakFile: OnPakFileMounted2Time == 0.000107
[2021.12.18-10.13.47:580][  0]LogPakFile: PakFile PrimaryIndexSize=182
[2021.12.18-10.13.47:580][  0]LogPakFile: PakFile PathHashIndexSize=101
[2021.12.18-10.13.47:580][  0]LogPakFile: PakFile FullDirectoryIndexSize=138
[2021.12.18-10.13.47:580][  0]LogShaderLibrary: Display: ShaderCodeLibraryPakFileMountedCallback: PakFile 'E:/UE_4.27/FeaturePacks/TP_Puzzle.upack' (chunk index -1, root 'root:/') mounted
[2021.12.18-10.13.47:580][  0]LogShaderLibrary: Display: ShaderCodeLibraryPakFileMountedCallback: pending pak file info (ChunkID:-1 Root:root:/ File:E:/UE_4.27/FeaturePacks/TP_Puzzle.upack)
[2021.12.18-10.13.47:580][  0]LogPakFile: OnPakFileMounted2Time == 0.000113
[2021.12.18-10.13.47:598][  0]LogPakFile: PakFile PrimaryIndexSize=184
[2021.12.18-10.13.47:598][  0]LogPakFile: PakFile PathHashIndexSize=101
[2021.12.18-10.13.47:598][  0]LogPakFile: PakFile FullDirectoryIndexSize=142
[2021.12.18-10.13.47:598][  0]LogShaderLibrary: Display: ShaderCodeLibraryPakFileMountedCallback: PakFile 'E:/UE_4.27/FeaturePacks/TP_PuzzleBP.upack' (chunk index -1, root 'root:/') mounted
[2021.12.18-10.13.47:599][  0]LogShaderLibrary: Display: ShaderCodeLibraryPakFileMountedCallback: pending pak file info (ChunkID:-1 Root:root:/ File:E:/UE_4.27/FeaturePacks/TP_PuzzleBP.upack)
[2021.12.18-10.13.47:599][  0]LogPakFile: OnPakFileMounted2Time == 0.000122
[2021.12.18-10.13.47:693][  0]LogPakFile: PakFile PrimaryIndexSize=183
[2021.12.18-10.13.47:693][  0]LogPakFile: PakFile PathHashIndexSize=101
[2021.12.18-10.13.47:693][  0]LogPakFile: PakFile FullDirectoryIndexSize=140
[2021.12.18-10.13.47:693][  0]LogShaderLibrary: Display: ShaderCodeLibraryPakFileMountedCallback: PakFile 'E:/UE_4.27/FeaturePacks/TP_Rolling.upack' (chunk index -1, root 'root:/') mounted
[2021.12.18-10.13.47:694][  0]LogShaderLibrary: Display: ShaderCodeLibraryPakFileMountedCallback: pending pak file info (ChunkID:-1 Root:root:/ File:E:/UE_4.27/FeaturePacks/TP_Rolling.upack)
[2021.12.18-10.13.47:694][  0]LogPakFile: OnPakFileMounted2Time == 0.000128
[2021.12.18-10.13.47:697][  0]LogPakFile: PakFile PrimaryIndexSize=185
[2021.12.18-10.13.47:698][  0]LogPakFile: PakFile PathHashIndexSize=101
[2021.12.18-10.13.47:698][  0]LogPakFile: PakFile FullDirectoryIndexSize=144
[2021.12.18-10.13.47:698][  0]LogShaderLibrary: Display: ShaderCodeLibraryPakFileMountedCallback: PakFile 'E:/UE_4.27/FeaturePacks/TP_RollingBP.upack' (chunk index -1, root 'root:/') mounted
[2021.12.18-10.13.47:698][  0]LogShaderLibrary: Display: ShaderCodeLibraryPakFileMountedCallback: pending pak file info (ChunkID:-1 Root:root:/ File:E:/UE_4.27/FeaturePacks/TP_RollingBP.upack)
[2021.12.18-10.13.47:698][  0]LogPakFile: OnPakFileMounted2Time == 0.000126
[2021.12.18-10.13.47:703][  0]LogPakFile: PakFile PrimaryIndexSize=188
[2021.12.18-10.13.47:703][  0]LogPakFile: PakFile PathHashIndexSize=101
[2021.12.18-10.13.47:703][  0]LogPakFile: PakFile FullDirectoryIndexSize=150
[2021.12.18-10.13.47:703][  0]LogShaderLibrary: Display: ShaderCodeLibraryPakFileMountedCallback: PakFile 'E:/UE_4.27/FeaturePacks/TP_SideScroller.upack' (chunk index -1, root 'root:/') mounted
[2021.12.18-10.13.47:703][  0]LogShaderLibrary: Display: ShaderCodeLibraryPakFileMountedCallback: pending pak file info (ChunkID:-1 Root:root:/ File:E:/UE_4.27/FeaturePacks/TP_SideScroller.upack)
[2021.12.18-10.13.47:703][  0]LogPakFile: OnPakFileMounted2Time == 0.000122
[2021.12.18-10.13.47:707][  0]LogPakFile: PakFile PrimaryIndexSize=190
[2021.12.18-10.13.47:707][  0]LogPakFile: PakFile PathHashIndexSize=101
[2021.12.18-10.13.47:707][  0]LogPakFile: PakFile FullDirectoryIndexSize=154
[2021.12.18-10.13.47:707][  0]LogShaderLibrary: Display: ShaderCodeLibraryPakFileMountedCallback: PakFile 'E:/UE_4.27/FeaturePacks/TP_SideScrollerBP.upack' (chunk index -1, root 'root:/') mounted
[2021.12.18-10.13.47:707][  0]LogShaderLibrary: Display: ShaderCodeLibraryPakFileMountedCallback: pending pak file info (ChunkID:-1 Root:root:/ File:E:/UE_4.27/FeaturePacks/TP_SideScrollerBP.upack)
[2021.12.18-10.13.47:707][  0]LogPakFile: OnPakFileMounted2Time == 0.000103
[2021.12.18-10.13.47:755][  0]LogPakFile: PakFile PrimaryIndexSize=187
[2021.12.18-10.13.47:755][  0]LogPakFile: PakFile PathHashIndexSize=101
[2021.12.18-10.13.47:755][  0]LogPakFile: PakFile FullDirectoryIndexSize=148
[2021.12.18-10.13.47:755][  0]LogShaderLibrary: Display: ShaderCodeLibraryPakFileMountedCallback: PakFile 'E:/UE_4.27/FeaturePacks/TP_ThirdPerson.upack' (chunk index -1, root 'root:/') mounted
[2021.12.18-10.13.47:755][  0]LogShaderLibrary: Display: ShaderCodeLibraryPakFileMountedCallback: pending pak file info (ChunkID:-1 Root:root:/ File:E:/UE_4.27/FeaturePacks/TP_ThirdPerson.upack)
[2021.12.18-10.13.47:755][  0]LogPakFile: OnPakFileMounted2Time == 0.000059
[2021.12.18-10.13.47:766][  0]LogPakFile: PakFile PrimaryIndexSize=189
[2021.12.18-10.13.47:766][  0]LogPakFile: PakFile PathHashIndexSize=101
[2021.12.18-10.13.47:766][  0]LogPakFile: PakFile FullDirectoryIndexSize=152
[2021.12.18-10.13.47:766][  0]LogShaderLibrary: Display: ShaderCodeLibraryPakFileMountedCallback: PakFile 'E:/UE_4.27/FeaturePacks/TP_ThirdPersonBP.upack' (chunk index -1, root 'root:/') mounted
[2021.12.18-10.13.47:766][  0]LogShaderLibrary: Display: ShaderCodeLibraryPakFileMountedCallback: pending pak file info (ChunkID:-1 Root:root:/ File:E:/UE_4.27/FeaturePacks/TP_ThirdPersonBP.upack)
[2021.12.18-10.13.47:766][  0]LogPakFile: OnPakFileMounted2Time == 0.000054
[2021.12.18-10.13.47:771][  0]LogPakFile: PakFile PrimaryIndexSize=183
[2021.12.18-10.13.47:771][  0]LogPakFile: PakFile PathHashIndexSize=101
[2021.12.18-10.13.47:771][  0]LogPakFile: PakFile FullDirectoryIndexSize=140
[2021.12.18-10.13.47:771][  0]LogShaderLibrary: Display: ShaderCodeLibraryPakFileMountedCallback: PakFile 'E:/UE_4.27/FeaturePacks/TP_TopDown.upack' (chunk index -1, root 'root:/') mounted
[2021.12.18-10.13.47:771][  0]LogShaderLibrary: Display: ShaderCodeLibraryPakFileMountedCallback: pending pak file info (ChunkID:-1 Root:root:/ File:E:/UE_4.27/FeaturePacks/TP_TopDown.upack)
[2021.12.18-10.13.47:771][  0]LogPakFile: OnPakFileMounted2Time == 0.000057
[2021.12.18-10.13.47:774][  0]LogPakFile: PakFile PrimaryIndexSize=185
[2021.12.18-10.13.47:774][  0]LogPakFile: PakFile PathHashIndexSize=101
[2021.12.18-10.13.47:774][  0]LogPakFile: PakFile FullDirectoryIndexSize=144
[2021.12.18-10.13.47:774][  0]LogShaderLibrary: Display: ShaderCodeLibraryPakFileMountedCallback: PakFile 'E:/UE_4.27/FeaturePacks/TP_TopDownBP.upack' (chunk index -1, root 'root:/') mounted
[2021.12.18-10.13.47:774][  0]LogShaderLibrary: Display: ShaderCodeLibraryPakFileMountedCallback: pending pak file info (ChunkID:-1 Root:root:/ File:E:/UE_4.27/FeaturePacks/TP_TopDownBP.upack)
[2021.12.18-10.13.47:774][  0]LogPakFile: OnPakFileMounted2Time == 0.000048
[2021.12.18-10.13.47:779][  0]LogPakFile: PakFile PrimaryIndexSize=185
[2021.12.18-10.13.47:779][  0]LogPakFile: PakFile PathHashIndexSize=101
[2021.12.18-10.13.47:779][  0]LogPakFile: PakFile FullDirectoryIndexSize=144
[2021.12.18-10.13.47:779][  0]LogShaderLibrary: Display: ShaderCodeLibraryPakFileMountedCallback: PakFile 'E:/UE_4.27/FeaturePacks/TP_TwinStick.upack' (chunk index -1, root 'root:/') mounted
[2021.12.18-10.13.47:779][  0]LogShaderLibrary: Display: ShaderCodeLibraryPakFileMountedCallback: pending pak file info (ChunkID:-1 Root:root:/ File:E:/UE_4.27/FeaturePacks/TP_TwinStick.upack)
[2021.12.18-10.13.47:779][  0]LogPakFile: OnPakFileMounted2Time == 0.000053
[2021.12.18-10.13.47:784][  0]LogPakFile: PakFile PrimaryIndexSize=187
[2021.12.18-10.13.47:784][  0]LogPakFile: PakFile PathHashIndexSize=101
[2021.12.18-10.13.47:784][  0]LogPakFile: PakFile FullDirectoryIndexSize=148
[2021.12.18-10.13.47:784][  0]LogShaderLibrary: Display: ShaderCodeLibraryPakFileMountedCallback: PakFile 'E:/UE_4.27/FeaturePacks/TP_TwinStickBP.upack' (chunk index -1, root 'root:/') mounted
[2021.12.18-10.13.47:784][  0]LogShaderLibrary: Display: ShaderCodeLibraryPakFileMountedCallback: pending pak file info (ChunkID:-1 Root:root:/ File:E:/UE_4.27/FeaturePacks/TP_TwinStickBP.upack)
[2021.12.18-10.13.47:784][  0]LogPakFile: OnPakFileMounted2Time == 0.000049
[2021.12.18-10.13.47:795][  0]LogPakFile: PakFile PrimaryIndexSize=183
[2021.12.18-10.13.47:795][  0]LogPakFile: PakFile PathHashIndexSize=101
[2021.12.18-10.13.47:795][  0]LogPakFile: PakFile FullDirectoryIndexSize=140
[2021.12.18-10.13.47:795][  0]LogShaderLibrary: Display: ShaderCodeLibraryPakFileMountedCallback: PakFile 'E:/UE_4.27/FeaturePacks/TP_Vehicle.upack' (chunk index -1, root 'root:/') mounted
[2021.12.18-10.13.47:796][  0]LogShaderLibrary: Display: ShaderCodeLibraryPakFileMountedCallback: pending pak file info (ChunkID:-1 Root:root:/ File:E:/UE_4.27/FeaturePacks/TP_Vehicle.upack)
[2021.12.18-10.13.47:796][  0]LogPakFile: OnPakFileMounted2Time == 0.000062
[2021.12.18-10.13.47:799][  0]LogPakFile: PakFile PrimaryIndexSize=186
[2021.12.18-10.13.47:799][  0]LogPakFile: PakFile PathHashIndexSize=101
[2021.12.18-10.13.47:799][  0]LogPakFile: PakFile FullDirectoryIndexSize=146
[2021.12.18-10.13.47:799][  0]LogShaderLibrary: Display: ShaderCodeLibraryPakFileMountedCallback: PakFile 'E:/UE_4.27/FeaturePacks/TP_VehicleAdv.upack' (chunk index -1, root 'root:/') mounted
[2021.12.18-10.13.47:799][  0]LogShaderLibrary: Display: ShaderCodeLibraryPakFileMountedCallback: pending pak file info (ChunkID:-1 Root:root:/ File:E:/UE_4.27/FeaturePacks/TP_VehicleAdv.upack)
[2021.12.18-10.13.47:799][  0]LogPakFile: OnPakFileMounted2Time == 0.000051
[2021.12.18-10.13.47:803][  0]LogPakFile: PakFile PrimaryIndexSize=188
[2021.12.18-10.13.47:803][  0]LogPakFile: PakFile PathHashIndexSize=101
[2021.12.18-10.13.47:803][  0]LogPakFile: PakFile FullDirectoryIndexSize=150
[2021.12.18-10.13.47:803][  0]LogShaderLibrary: Display: ShaderCodeLibraryPakFileMountedCallback: PakFile 'E:/UE_4.27/FeaturePacks/TP_VehicleAdvBP.upack' (chunk index -1, root 'root:/') mounted
[2021.12.18-10.13.47:803][  0]LogShaderLibrary: Display: ShaderCodeLibraryPakFileMountedCallback: pending pak file info (ChunkID:-1 Root:root:/ File:E:/UE_4.27/FeaturePacks/TP_VehicleAdvBP.upack)
[2021.12.18-10.13.47:803][  0]LogPakFile: OnPakFileMounted2Time == 0.000049
[2021.12.18-10.13.47:806][  0]LogPakFile: PakFile PrimaryIndexSize=185
[2021.12.18-10.13.47:806][  0]LogPakFile: PakFile PathHashIndexSize=101
[2021.12.18-10.13.47:806][  0]LogPakFile: PakFile FullDirectoryIndexSize=144
[2021.12.18-10.13.47:806][  0]LogShaderLibrary: Display: ShaderCodeLibraryPakFileMountedCallback: PakFile 'E:/UE_4.27/FeaturePacks/TP_VehicleBP.upack' (chunk index -1, root 'root:/') mounted
[2021.12.18-10.13.47:806][  0]LogShaderLibrary: Display: ShaderCodeLibraryPakFileMountedCallback: pending pak file info (ChunkID:-1 Root:root:/ File:E:/UE_4.27/FeaturePacks/TP_VehicleBP.upack)
[2021.12.18-10.13.47:806][  0]LogPakFile: OnPakFileMounted2Time == 0.000048
[2021.12.18-10.13.47:819][  0]LogPakFile: PakFile PrimaryIndexSize=192
[2021.12.18-10.13.47:819][  0]LogPakFile: PakFile PathHashIndexSize=101
[2021.12.18-10.13.47:819][  0]LogPakFile: PakFile FullDirectoryIndexSize=158
[2021.12.18-10.13.47:819][  0]LogShaderLibrary: Display: ShaderCodeLibraryPakFileMountedCallback: PakFile 'E:/UE_4.27/FeaturePacks/TP_VirtualRealityBP.upack' (chunk index -1, root 'root:/') mounted
[2021.12.18-10.13.47:819][  0]LogShaderLibrary: Display: ShaderCodeLibraryPakFileMountedCallback: pending pak file info (ChunkID:-1 Root:root:/ File:E:/UE_4.27/FeaturePacks/TP_VirtualRealityBP.upack)
[2021.12.18-10.13.47:819][  0]LogPakFile: OnPakFileMounted2Time == 0.000060
[2021.12.18-10.13.54:108][  0]LogNativeClassHierarchy: Verbose: Native class hierarchy updated for 'AddContentDialog' in 0.0006 seconds. Added 0 classes and 0 folders.
[2021.12.18-10.13.54:809][  0]LogNativeClassHierarchy: Verbose: Native class hierarchy updated for 'SceneOutliner' in 0.0007 seconds. Added 2 classes and 0 folders.
[2021.12.18-10.14.15:952][  0]LogSlate: Took 0.063561 seconds to synchronously load lazily loaded font '../../../Engine/Content/Slate/Fonts/Roboto-Regular.ttf' (155K)
[2021.12.18-10.14.26:138][  0]LogSlate: Only BGRA pngs, bmps or icos are supported in by External Image Picker
[2021.12.18-10.14.26:470][  0]LogSlate: Took 0.036307 seconds to synchronously load lazily loaded font '../../../Engine/Content/Editor/Slate/Fonts/FontAwesome.ttf' (139K)
[2021.12.18-10.14.26:564][  0]LogSlate: Took 0.070744 seconds to synchronously load lazily loaded font '../../../Engine/Content/Slate/Fonts/Roboto-Bold.ttf' (160K)
[2021.12.18-10.14.27:722][  0]LogRenderer: Reallocating scene render targets to support 1208x572 Format 10 NumSamples 1 (Frame:1).
[2021.12.18-10.14.29:246][  0]LogSlate: Took 0.018405 seconds to synchronously load lazily loaded font '../../../Engine/Content/Slate/Fonts/Roboto-Light.ttf' (167K)
[2021.12.18-10.14.29:668][  0]LogNativeClassHierarchy: Verbose: Native class hierarchy updated for 'HierarchicalLODOutliner' in 0.0004 seconds. Added 0 classes and 0 folders.
[2021.12.18-10.14.29:668][  0]LogLoad: (Engine Initialization) Total time: 447.87 seconds
[2021.12.18-10.14.29:668][  0]LogLoad: (Engine Initialization) Total Blueprint compile time: 0.00 seconds
[2021.12.18-10.14.30:375][  0]LogAssetRegistry: Asset discovery search completed in 169.7249 seconds
[2021.12.18-10.14.30:382][  0]LogCollectionManager: Fixed up redirectors for 0 collections in 0.000005 seconds (updated 0 objects)
[2021.12.18-10.14.30:643][  0]LogContentStreaming: Texture pool size now 3000 MB
[2021.12.18-10.14.31:949][  2]LogSlate: Took 0.000187 seconds to synchronously load lazily loaded font '../../../Engine/Content/Slate/Fonts/Roboto-Light.ttf' (167K)
[2021.12.18-10.21.12:236][481]LogUObjectHash: Compacting FUObjectHashTables data took   7.67ms
[2021.12.18-10.21.15:721][481]LogSlate: Window 'Dungeoner - Unreal Editor' being destroyed
