Log file open, 01/04/22 02:18:22
LogWindows: Failed to load 'aqProf.dll' (GetLastError=126)
LogWindows: File 'aqProf.dll' does not exist
LogWindows: Failed to load 'VtuneApi.dll' (GetLastError=126)
LogWindows: File 'VtuneApi.dll' does not exist
LogWindows: Failed to load 'VtuneApi32e.dll' (GetLastError=126)
LogWindows: File 'VtuneApi32e.dll' does not exist
LogConsoleResponse: Display: Failed to find resolution value strings in scalability ini. Falling back to default.
LogConsoleResponse: Display: Failed to find resolution value strings in scalability ini. Falling back to default.
LogInit: Display: Running engine for game: Dungeoner
LogPlatformFile: Not using cached read wrapper
LogTaskGraph: Started task graph with 5 named threads and 14 total threads with 3 sets of task threads.
LogStats: Stats thread started at 0.319026
LogICUInternationalization: ICU TimeZone Detection - Raw Offset: +4:00, Platform Override: ''
LogInit: Display: Loading text-based GConfig....
LogPluginManager: Mounting plugin MeshPainting
LogPluginManager: Mounting plugin XGEController
LogPluginManager: Mounting plugin Paper2D
LogPluginManager: Mounting plugin LiveLink
LogPluginManager: Mounting plugin AISupport
LogPluginManager: Mounting plugin EnvironmentQueryEditor
LogPluginManager: Mounting plugin LightPropagationVolume
LogPluginManager: Mounting plugin CameraShakePreviewer
LogPluginManager: Mounting plugin GameplayCameras
LogPluginManager: Mounting plugin OodleData
LogPluginManager: Mounting plugin OodleNetwork
LogPluginManager: Mounting plugin AnimationSharing
LogPluginManager: Mounting plugin CLionSourceCodeAccess
LogPluginManager: Mounting plugin CodeLiteSourceCodeAccess
LogPluginManager: Mounting plugin GitSourceControl
LogPluginManager: Mounting plugin KDevelopSourceCodeAccess
LogPluginManager: Mounting plugin NullSourceCodeAccess
LogPluginManager: Mounting plugin PerforceSourceControl
LogPluginManager: Mounting plugin PixWinPlugin
LogPluginManager: Mounting plugin PlasticSourceControl
LogPluginManager: Mounting plugin PluginUtils
LogPluginManager: Mounting plugin PropertyAccessNode
LogPluginManager: Mounting plugin RiderSourceCodeAccess
LogPluginManager: Mounting plugin SubversionSourceControl
LogPluginManager: Mounting plugin TextureFormatOodle
LogPluginManager: Mounting plugin UObjectPlugin
LogPluginManager: Mounting plugin VisualStudioCodeSourceCodeAccess
LogPluginManager: Mounting plugin VisualStudioSourceCodeAccess
LogPluginManager: Mounting plugin XCodeSourceCodeAccess
LogPluginManager: Mounting plugin AssetManagerEditor
LogPluginManager: Mounting plugin CryptoKeys
LogPluginManager: Mounting plugin CurveEditorTools
LogPluginManager: Mounting plugin DataValidation
LogPluginManager: Mounting plugin FacialAnimation
LogPluginManager: Mounting plugin GameplayTagsEditor
LogPluginManager: Mounting plugin GeometryMode
LogPluginManager: Mounting plugin MacGraphicsSwitching
LogPluginManager: Mounting plugin MaterialAnalyzer
LogPluginManager: Mounting plugin MobileLauncherProfileWizard
LogPluginManager: Mounting plugin PluginBrowser
LogPluginManager: Mounting plugin SpeedTreeImporter
LogPluginManager: Mounting plugin DatasmithContent
LogPluginManager: Mounting plugin VariantManagerContent
LogPluginManager: Mounting plugin AlembicImporter
LogPluginManager: Mounting plugin AutomationUtils
LogPluginManager: Mounting plugin BackChannel
LogPluginManager: Mounting plugin ChaosCloth
LogPluginManager: Mounting plugin ChaosClothEditor
LogPluginManager: Mounting plugin ChaosEditor
LogPluginManager: Mounting plugin ChaosNiagara
LogPluginManager: Mounting plugin ChaosSolverPlugin
LogPluginManager: Mounting plugin CharacterAI
LogPluginManager: Mounting plugin GeometryCache
LogPluginManager: Mounting plugin GeometryCollectionPlugin
LogPluginManager: Mounting plugin GeometryProcessing
LogPluginManager: Mounting plugin OpenImageDenoise
LogPluginManager: Mounting plugin MotoSynth
LogPluginManager: Mounting plugin PlanarCut
LogPluginManager: Mounting plugin PlatformCrypto
LogPluginManager: Mounting plugin ProxyLODPlugin
LogPluginManager: Mounting plugin Niagara
LogPluginManager: Mounting plugin PythonScriptPlugin
LogPluginManager: Mounting plugin SkeletalReduction
LogPluginManager: Mounting plugin LuminPlatformFeatures
LogPluginManager: Mounting plugin MagicLeap
LogPluginManager: Mounting plugin MagicLeapLightEstimation
LogPluginManager: Mounting plugin MagicLeapMedia
LogPluginManager: Mounting plugin MagicLeapPassableWorld
LogPluginManager: Mounting plugin MLSDK
LogPluginManager: Mounting plugin AndroidMedia
LogPluginManager: Mounting plugin AvfMedia
LogPluginManager: Mounting plugin ImgMedia
LogPluginManager: Mounting plugin MediaCompositing
LogPluginManager: Mounting plugin MediaPlayerEditor
LogPluginManager: Mounting plugin WebMMedia
LogPluginManager: Mounting plugin WmfMedia
LogPluginManager: Mounting plugin TcpMessaging
LogPluginManager: Mounting plugin UdpMessaging
LogPluginManager: Mounting plugin ActorSequence
LogPluginManager: Mounting plugin LevelSequenceEditor
LogPluginManager: Mounting plugin MatineeToLevelSequence
LogPluginManager: Mounting plugin TemplateSequence
LogPluginManager: Mounting plugin OnlineSubsystem
LogPluginManager: Mounting plugin OnlineSubsystemNull
LogPluginManager: Mounting plugin OnlineSubsystemUtils
LogPluginManager: Mounting plugin LauncherChunkInstaller
LogPluginManager: Mounting plugin ActorLayerUtilities
LogPluginManager: Mounting plugin AndroidMoviePlayer
LogPluginManager: Mounting plugin AndroidDeviceProfileSelector
LogPluginManager: Mounting plugin AndroidPermission
LogPluginManager: Mounting plugin AppleImageUtils
LogPluginManager: Mounting plugin AppleMoviePlayer
LogPluginManager: Mounting plugin ArchVisCharacter
LogPluginManager: Mounting plugin AssetTags
LogPluginManager: Mounting plugin AudioCapture
LogPluginManager: Mounting plugin AudioSynesthesia
LogPluginManager: Mounting plugin CableComponent
LogPluginManager: Mounting plugin ChunkDownloader
LogPluginManager: Mounting plugin CustomMeshComponent
LogPluginManager: Mounting plugin EditableMesh
LogPluginManager: Mounting plugin ExampleDeviceProfileSelector
LogPluginManager: Mounting plugin GoogleCloudMessaging
LogPluginManager: Mounting plugin GooglePAD
LogPluginManager: Mounting plugin IOSDeviceProfileSelector
LogPluginManager: Mounting plugin LinuxDeviceProfileSelector
LogPluginManager: Mounting plugin LocationServicesBPLibrary
LogPluginManager: Mounting plugin MobilePatchingUtils
LogPluginManager: Mounting plugin OpenXR
LogPluginManager: Mounting plugin OpenXREyeTracker
LogPluginManager: Mounting plugin OpenXRHandTracking
LogPluginManager: Mounting plugin PhysXVehicles
LogPluginManager: Mounting plugin PostSplashScreen
LogPluginManager: Mounting plugin ProceduralMeshComponent
LogPluginManager: Mounting plugin PropertyAccessEditor
LogPluginManager: Mounting plugin RuntimePhysXCooking
LogPluginManager: Mounting plugin SignificanceManager
LogPluginManager: Mounting plugin SoundFields
LogPluginManager: Mounting plugin Synthesis
LogPluginManager: Mounting plugin ScreenshotTools
LogPluginManager: Mounting plugin WebMMoviePlayer
LogPluginManager: Mounting plugin WindowsMoviePlayer
LogPluginManager: Mounting plugin Takes
LogPluginManager: Mounting plugin ContentBrowserAssetDataSource
LogPluginManager: Mounting plugin ContentBrowserClassDataSource
LogPluginManager: Mounting plugin ContentBrowserFileDataSource
LogPluginManager: Mounting plugin OnlineSubsystemGooglePlay
LogPluginManager: Mounting plugin OnlineSubsystemIOS
LogPluginManager: Mounting plugin OculusVR
LogPluginManager: Mounting plugin SteamVR
PixWinPlugin: PIX capture plugin failed to initialize! Check that the process is launched from PIX.
LogInit: Using libcurl 7.55.1-DEV
LogInit:  - built for x86_64-pc-win32
LogInit:  - supports SSL with OpenSSL/1.1.1
LogInit:  - supports HTTP deflate (compression) using libz 1.2.8
LogInit:  - other features:
LogInit:      CURL_VERSION_SSL
LogInit:      CURL_VERSION_LIBZ
LogInit:      CURL_VERSION_IPV6
LogInit:      CURL_VERSION_ASYNCHDNS
LogInit:      CURL_VERSION_LARGEFILE
LogInit:      CURL_VERSION_IDN
LogInit:  CurlRequestOptions (configurable via config and command line):
LogInit:  - bVerifyPeer = true  - Libcurl will verify peer certificate
LogInit:  - bUseHttpProxy = false  - Libcurl will NOT use HTTP proxy
LogInit:  - bDontReuseConnections = false  - Libcurl will reuse connections
LogInit:  - MaxHostConnections = 16  - Libcurl will limit the number of connections to a host
LogInit:  - LocalHostAddr = Default
LogInit:  - BufferSize = 65536
LogOnline: OSS: Creating online subsystem instance for: NULL
LogInit: WinSock: version 1.1 (2.2), MaxSocks=32767, MaxUdp=65467
LogOnline: OSS: TryLoadSubsystemAndSetDefault: Loaded subsystem for module [NULL]
LogOculusPluginWrapper: OculusPlugin initialized successfully
LogHMD: Failed initializing OVRPlugin 1.59.0
LogInit: Build: ++UE4+Release-4.27-CL-18319896
LogInit: Engine Version: 4.27.2-18319896+++UE4+Release-4.27
LogInit: Compatible Engine Version: 4.27.0-17155196+++UE4+Release-4.27
LogInit: Net CL: 17155196
LogInit: OS: Windows 10 (Release 2004) (), CPU:         Intel(R) Core(TM) i5-2400 CPU @ 3.10GHz, GPU: NVIDIA GeForce GTX 550 Ti
LogInit: Compiled (64-bit): Nov 30 2021 07:12:08
LogInit: Compiled with Visual C++: 19.24.28315.00
LogInit: Build Configuration: Development
LogInit: Branch Name: ++UE4+Release-4.27
LogInit: Command Line:  /Game/Map/Map -game -PIEVIACONSOLE -Multiprocess "GameUserSettingsINI=E:/Unreal Projects/Dungeoner/Saved/Config/Windows/PIEGameUserSettings0.ini" -MultiprocessSaveConfig -forcepassthrough -messaging -SessionName="Play in Standalone Game" -windowed -WinX=0 -WinY=24 SAVEWINPOS=1 -ResX=1910 -ResY=1006
LogInit: Base Directory: E:/UE_4.27/Engine/Binaries/Win64/
LogInit: Allocator: TBB
LogInit: Installed Engine Build: 1
LogDevObjectVersion: Number of dev versions registered: 29
LogDevObjectVersion:   Dev-Blueprints (B0D832E4-1F89-4F0D-ACCF-7EB736FD4AA2): 10
LogDevObjectVersion:   Dev-Build (E1C64328-A22C-4D53-A36C-8E866417BD8C): 0
LogDevObjectVersion:   Dev-Core (375EC13C-06E4-48FB-B500-84F0262A717E): 4
LogDevObjectVersion:   Dev-Editor (E4B068ED-F494-42E9-A231-DA0B2E46BB41): 40
LogDevObjectVersion:   Dev-Framework (CFFC743F-43B0-4480-9391-14DF171D2073): 37
LogDevObjectVersion:   Dev-Mobile (B02B49B5-BB20-44E9-A304-32B752E40360): 3
LogDevObjectVersion:   Dev-Networking (A4E4105C-59A1-49B5-A7C5-40C4547EDFEE): 0
LogDevObjectVersion:   Dev-Online (39C831C9-5AE6-47DC-9A44-9C173E1C8E7C): 0
LogDevObjectVersion:   Dev-Physics (78F01B33-EBEA-4F98-B9B4-84EACCB95AA2): 14
LogDevObjectVersion:   Dev-Platform (6631380F-2D4D-43E0-8009-CF276956A95A): 0
LogDevObjectVersion:   Dev-Rendering (12F88B9F-8875-4AFC-A67C-D90C383ABD29): 45
LogDevObjectVersion:   Dev-Sequencer (7B5AE74C-D270-4C10-A958-57980B212A5A): 13
LogDevObjectVersion:   Dev-VR (D7296918-1DD6-4BDD-9DE2-64A83CC13884): 3
LogDevObjectVersion:   Dev-LoadTimes (C2A15278-BFE7-4AFE-6C17-90FF531DF755): 1
LogDevObjectVersion:   Private-Geometry (6EACA3D4-40EC-4CC1-B786-8BED09428FC5): 3
LogDevObjectVersion:   Dev-AnimPhys (29E575DD-E0A3-4627-9D10-D276232CDCEA): 17
LogDevObjectVersion:   Dev-Anim (AF43A65D-7FD3-4947-9873-3E8ED9C1BB05): 15
LogDevObjectVersion:   Dev-ReflectionCapture (6B266CEC-1EC7-4B8F-A30B-E4D90942FC07): 1
LogDevObjectVersion:   Dev-Automation (0DF73D61-A23F-47EA-B727-89E90C41499A): 1
LogDevObjectVersion:   FortniteMain (601D1886-AC64-4F84-AA16-D3DE0DEAC7D6): 47
LogDevObjectVersion:   FortniteRelease (E7086368-6B23-4C58-8439-1B7016265E91): 1
LogDevObjectVersion:   Dev-Enterprise (9DFFBCD6-494F-0158-E221-12823C92A888): 10
LogDevObjectVersion:   Dev-Niagara (F2AED0AC-9AFE-416F-8664-AA7FFA26D6FC): 1
LogDevObjectVersion:   Dev-Destruction (174F1F0B-B4C6-45A5-B13F-2EE8D0FB917D): 10
LogDevObjectVersion:   Dev-Physics-Ext (35F94A83-E258-406C-A318-09F59610247C): 41
LogDevObjectVersion:   Dev-PhysicsMaterial-Chaos (B68FC16E-8B1B-42E2-B453-215C058844FE): 1
LogDevObjectVersion:   Dev-CineCamera (B2E18506-4273-CFC2-A54E-F4BB758BBA07): 1
LogDevObjectVersion:   Dev-VirtualProduction (64F58936-FD1B-42BA-BA96-7289D5D0FA4E): 1
LogDevObjectVersion:   Dev-MediaFramework (6F0ED827-A609-4895-9C91-998D90180EA4): 2
LogInit: Presizing for max 25165824 objects, including 0 objects not considered by GC, pre-allocating 0 bytes for permanent pool.
LogConfig: Applying CVar settings from Section [/Script/Engine.StreamingSettings] File [E:/Unreal Projects/Dungeoner/Saved/Config/Windows/Engine.ini]
LogConfig: Setting CVar [[s.MinBulkDataSizeForAsyncLoading:131072]]
LogConfig: Setting CVar [[s.AsyncLoadingThreadEnabled:0]]
LogConfig: Setting CVar [[s.EventDrivenLoaderEnabled:1]]
LogConfig: Setting CVar [[s.WarnIfTimeLimitExceeded:0]]
LogConfig: Setting CVar [[s.TimeLimitExceededMultiplier:1.5]]
LogConfig: Setting CVar [[s.TimeLimitExceededMinTime:0.005]]
LogConfig: Setting CVar [[s.UseBackgroundLevelStreaming:1]]
LogConfig: Setting CVar [[s.PriorityAsyncLoadingExtraTime:15.0]]
LogConfig: Setting CVar [[s.LevelStreamingActorsUpdateTimeLimit:5.0]]
LogConfig: Setting CVar [[s.PriorityLevelStreamingActorsUpdateExtraTime:5.0]]
LogConfig: Setting CVar [[s.LevelStreamingComponentsRegistrationGranularity:10]]
LogConfig: Setting CVar [[s.UnregisterComponentsTimeLimit:1.0]]
LogConfig: Setting CVar [[s.LevelStreamingComponentsUnregistrationGranularity:5]]
LogConfig: Setting CVar [[s.FlushStreamingOnExit:1]]
LogInit: Object subsystem initialized
LogConfig: Setting CVar [[con.DebugEarlyDefault:1]]
LogConfig: Setting CVar [[r.setres:1280x720]]
[2022.01.03-22.18.22:852][  0]LogConfig: Setting CVar [[con.DebugEarlyDefault:1]]
[2022.01.03-22.18.22:852][  0]LogConfig: Setting CVar [[r.setres:1280x720]]
[2022.01.03-22.18.22:852][  0]LogConfig: Applying CVar settings from Section [/Script/Engine.RendererSettings] File [E:/Unreal Projects/Dungeoner/Saved/Config/Windows/Engine.ini]
[2022.01.03-22.18.22:852][  0]LogConfig: Setting CVar [[r.GPUCrashDebugging:0]]
[2022.01.03-22.18.22:852][  0]LogConfig: Applying CVar settings from Section [/Script/Engine.RendererOverrideSettings] File [E:/Unreal Projects/Dungeoner/Saved/Config/Windows/Engine.ini]
[2022.01.03-22.18.22:852][  0]LogConfig: Applying CVar settings from Section [/Script/Engine.StreamingSettings] File [E:/Unreal Projects/Dungeoner/Saved/Config/Windows/Engine.ini]
[2022.01.03-22.18.22:852][  0]LogConfig: Setting CVar [[s.MinBulkDataSizeForAsyncLoading:131072]]
[2022.01.03-22.18.22:852][  0]LogConfig: Setting CVar [[s.AsyncLoadingThreadEnabled:0]]
[2022.01.03-22.18.22:852][  0]LogConfig: Setting CVar [[s.EventDrivenLoaderEnabled:1]]
[2022.01.03-22.18.22:852][  0]LogConfig: Setting CVar [[s.WarnIfTimeLimitExceeded:0]]
[2022.01.03-22.18.22:852][  0]LogConfig: Setting CVar [[s.TimeLimitExceededMultiplier:1.5]]
[2022.01.03-22.18.22:852][  0]LogConfig: Setting CVar [[s.TimeLimitExceededMinTime:0.005]]
[2022.01.03-22.18.22:852][  0]LogConfig: Setting CVar [[s.UseBackgroundLevelStreaming:1]]
[2022.01.03-22.18.22:852][  0]LogConfig: Setting CVar [[s.PriorityAsyncLoadingExtraTime:15.0]]
[2022.01.03-22.18.22:852][  0]LogConfig: Setting CVar [[s.LevelStreamingActorsUpdateTimeLimit:5.0]]
[2022.01.03-22.18.22:852][  0]LogConfig: Setting CVar [[s.PriorityLevelStreamingActorsUpdateExtraTime:5.0]]
[2022.01.03-22.18.22:852][  0]LogConfig: Setting CVar [[s.LevelStreamingComponentsRegistrationGranularity:10]]
[2022.01.03-22.18.22:852][  0]LogConfig: Setting CVar [[s.UnregisterComponentsTimeLimit:1.0]]
[2022.01.03-22.18.22:852][  0]LogConfig: Setting CVar [[s.LevelStreamingComponentsUnregistrationGranularity:5]]
[2022.01.03-22.18.22:853][  0]LogConfig: Setting CVar [[s.FlushStreamingOnExit:1]]
[2022.01.03-22.18.22:853][  0]LogConfig: Applying CVar settings from Section [/Script/Engine.GarbageCollectionSettings] File [E:/Unreal Projects/Dungeoner/Saved/Config/Windows/Engine.ini]
[2022.01.03-22.18.22:853][  0]LogConfig: Setting CVar [[gc.MaxObjectsNotConsideredByGC:1]]
[2022.01.03-22.18.22:853][  0]LogConfig: Setting CVar [[gc.SizeOfPermanentObjectPool:0]]
[2022.01.03-22.18.22:853][  0]LogConfig: Setting CVar [[gc.FlushStreamingOnGC:0]]
[2022.01.03-22.18.22:853][  0]LogConfig: Setting CVar [[gc.NumRetriesBeforeForcingGC:10]]
[2022.01.03-22.18.22:853][  0]LogConfig: Setting CVar [[gc.AllowParallelGC:1]]
[2022.01.03-22.18.22:853][  0]LogConfig: Setting CVar [[gc.TimeBetweenPurgingPendingKillObjects:61.1]]
[2022.01.03-22.18.22:853][  0]LogConfig: Setting CVar [[gc.MaxObjectsInEditor:25165824]]
[2022.01.03-22.18.22:853][  0]LogConfig: Setting CVar [[gc.IncrementalBeginDestroyEnabled:1]]
[2022.01.03-22.18.22:853][  0]LogConfig: Setting CVar [[gc.CreateGCClusters:1]]
[2022.01.03-22.18.22:853][  0]LogConfig: Setting CVar [[gc.MinGCClusterSize:5]]
[2022.01.03-22.18.22:853][  0]LogConfig: Setting CVar [[gc.ActorClusteringEnabled:0]]
[2022.01.03-22.18.22:853][  0]LogConfig: Setting CVar [[gc.BlueprintClusteringEnabled:0]]
[2022.01.03-22.18.22:853][  0]LogConfig: Setting CVar [[gc.UseDisregardForGCOnDedicatedServers:0]]
[2022.01.03-22.18.22:853][  0]LogConfig: Setting CVar [[gc.MultithreadedDestructionEnabled:1]]
[2022.01.03-22.18.22:853][  0]LogConfig: Applying CVar settings from Section [/Script/Engine.NetworkSettings] File [E:/Unreal Projects/Dungeoner/Saved/Config/Windows/Engine.ini]
[2022.01.03-22.18.22:853][  0]LogConfig: Applying CVar settings from Section [/Script/UnrealEd.CookerSettings] File [E:/Unreal Projects/Dungeoner/Saved/Config/Windows/Engine.ini]
[2022.01.03-22.18.22:860][  0]LogConfig: Applying CVar settings from Section [ViewDistanceQuality@3] File [E:/Unreal Projects/Dungeoner/Saved/Config/Windows/Scalability.ini]
[2022.01.03-22.18.22:861][  0]LogConfig: Setting CVar [[r.SkeletalMeshLODBias:0]]
[2022.01.03-22.18.22:861][  0]LogConfig: Setting CVar [[r.ViewDistanceScale:1.0]]
[2022.01.03-22.18.22:861][  0]LogConfig: Applying CVar settings from Section [AntiAliasingQuality@3] File [E:/Unreal Projects/Dungeoner/Saved/Config/Windows/Scalability.ini]
[2022.01.03-22.18.22:861][  0]LogConfig: Setting CVar [[r.PostProcessAAQuality:4]]
[2022.01.03-22.18.22:861][  0]LogConfig: Applying CVar settings from Section [ShadowQuality@3] File [E:/Unreal Projects/Dungeoner/Saved/Config/Windows/Scalability.ini]
[2022.01.03-22.18.22:861][  0]LogConfig: Setting CVar [[r.LightFunctionQuality:1]]
[2022.01.03-22.18.22:861][  0]LogConfig: Setting CVar [[r.ShadowQuality:5]]
[2022.01.03-22.18.22:861][  0]LogConfig: Setting CVar [[r.Shadow.CSM.MaxCascades:10]]
[2022.01.03-22.18.22:861][  0]LogConfig: Setting CVar [[r.Shadow.MaxResolution:2048]]
[2022.01.03-22.18.22:861][  0]LogConfig: Setting CVar [[r.Shadow.MaxCSMResolution:2048]]
[2022.01.03-22.18.22:861][  0]LogConfig: Setting CVar [[r.Shadow.RadiusThreshold:0.01]]
[2022.01.03-22.18.22:861][  0]LogConfig: Setting CVar [[r.Shadow.DistanceScale:1.0]]
[2022.01.03-22.18.22:861][  0]LogConfig: Setting CVar [[r.Shadow.CSM.TransitionScale:1.0]]
[2022.01.03-22.18.22:861][  0]LogConfig: Setting CVar [[r.Shadow.PreShadowResolutionFactor:1.0]]
[2022.01.03-22.18.22:861][  0]LogConfig: Setting CVar [[r.DistanceFieldShadowing:1]]
[2022.01.03-22.18.22:861][  0]LogConfig: Setting CVar [[r.DistanceFieldAO:1]]
[2022.01.03-22.18.22:861][  0]LogConfig: Setting CVar [[r.AOQuality:2]]
[2022.01.03-22.18.22:861][  0]LogConfig: Setting CVar [[r.VolumetricFog:1]]
[2022.01.03-22.18.22:861][  0]LogConfig: Setting CVar [[r.VolumetricFog.GridPixelSize:8]]
[2022.01.03-22.18.22:861][  0]LogConfig: Setting CVar [[r.VolumetricFog.GridSizeZ:128]]
[2022.01.03-22.18.22:861][  0]LogConfig: Setting CVar [[r.VolumetricFog.HistoryMissSupersampleCount:4]]
[2022.01.03-22.18.22:861][  0]LogConfig: Setting CVar [[r.LightMaxDrawDistanceScale:1]]
[2022.01.03-22.18.22:861][  0]LogConfig: Setting CVar [[r.CapsuleShadows:1]]
[2022.01.03-22.18.22:861][  0]LogConfig: Applying CVar settings from Section [PostProcessQuality@3] File [E:/Unreal Projects/Dungeoner/Saved/Config/Windows/Scalability.ini]
[2022.01.03-22.18.22:861][  0]LogConfig: Setting CVar [[r.MotionBlurQuality:4]]
[2022.01.03-22.18.22:861][  0]LogConfig: Setting CVar [[r.AmbientOcclusionMipLevelFactor:0.4]]
[2022.01.03-22.18.22:861][  0]LogConfig: Setting CVar [[r.AmbientOcclusionMaxQuality:100]]
[2022.01.03-22.18.22:861][  0]LogConfig: Setting CVar [[r.AmbientOcclusionLevels:-1]]
[2022.01.03-22.18.22:861][  0]LogConfig: Setting CVar [[r.AmbientOcclusionRadiusScale:1.0]]
[2022.01.03-22.18.22:861][  0]LogConfig: Setting CVar [[r.DepthOfFieldQuality:2]]
[2022.01.03-22.18.22:861][  0]LogConfig: Setting CVar [[r.RenderTargetPoolMin:400]]
[2022.01.03-22.18.22:861][  0]LogConfig: Setting CVar [[r.LensFlareQuality:2]]
[2022.01.03-22.18.22:861][  0]LogConfig: Setting CVar [[r.SceneColorFringeQuality:1]]
[2022.01.03-22.18.22:861][  0]LogConfig: Setting CVar [[r.EyeAdaptationQuality:2]]
[2022.01.03-22.18.22:861][  0]LogConfig: Setting CVar [[r.BloomQuality:5]]
[2022.01.03-22.18.22:861][  0]LogConfig: Setting CVar [[r.FastBlurThreshold:100]]
[2022.01.03-22.18.22:861][  0]LogConfig: Setting CVar [[r.Upscale.Quality:3]]
[2022.01.03-22.18.22:861][  0]LogConfig: Setting CVar [[r.Tonemapper.GrainQuantization:1]]
[2022.01.03-22.18.22:861][  0]LogConfig: Setting CVar [[r.LightShaftQuality:1]]
[2022.01.03-22.18.22:861][  0]LogConfig: Setting CVar [[r.Filter.SizeScale:1]]
[2022.01.03-22.18.22:861][  0]LogConfig: Setting CVar [[r.Tonemapper.Quality:5]]
[2022.01.03-22.18.22:861][  0]LogConfig: Setting CVar [[r.DOF.Gather.AccumulatorQuality:1        ; higher gathering accumulator quality]]
[2022.01.03-22.18.22:861][  0]LogConfig: Setting CVar [[r.DOF.Gather.PostfilterMethod:1          ; Median3x3 postfilering method]]
[2022.01.03-22.18.22:861][  0]LogConfig: Setting CVar [[r.DOF.Gather.EnableBokehSettings:0       ; no bokeh simulation when gathering]]
[2022.01.03-22.18.22:861][  0]LogConfig: Setting CVar [[r.DOF.Gather.RingCount:4                 ; medium number of samples when gathering]]
[2022.01.03-22.18.22:861][  0]LogConfig: Setting CVar [[r.DOF.Scatter.ForegroundCompositing:1    ; additive foreground scattering]]
[2022.01.03-22.18.22:861][  0]LogConfig: Setting CVar [[r.DOF.Scatter.BackgroundCompositing:2    ; additive background scattering]]
[2022.01.03-22.18.22:861][  0]LogConfig: Setting CVar [[r.DOF.Scatter.EnableBokehSettings:1      ; bokeh simulation when scattering]]
[2022.01.03-22.18.22:861][  0]LogConfig: Setting CVar [[r.DOF.Scatter.MaxSpriteRatio:0.1         ; only a maximum of 10% of scattered bokeh]]
[2022.01.03-22.18.22:861][  0]LogConfig: Setting CVar [[r.DOF.Recombine.Quality:1                ; cheap slight out of focus]]
[2022.01.03-22.18.22:861][  0]LogConfig: Setting CVar [[r.DOF.Recombine.EnableBokehSettings:0    ; no bokeh simulation on slight out of focus]]
[2022.01.03-22.18.22:861][  0]LogConfig: Setting CVar [[r.DOF.TemporalAAQuality:1                ; more stable temporal accumulation]]
[2022.01.03-22.18.22:861][  0]LogConfig: Setting CVar [[r.DOF.Kernel.MaxForegroundRadius:0.025]]
[2022.01.03-22.18.22:861][  0]LogConfig: Setting CVar [[r.DOF.Kernel.MaxBackgroundRadius:0.025]]
[2022.01.03-22.18.22:861][  0]LogConfig: Applying CVar settings from Section [TextureQuality@3] File [E:/Unreal Projects/Dungeoner/Saved/Config/Windows/Scalability.ini]
[2022.01.03-22.18.22:862][  0]LogConfig: Setting CVar [[r.Streaming.MipBias:0]]
[2022.01.03-22.18.22:862][  0]LogConfig: Setting CVar [[r.Streaming.AmortizeCPUToGPUCopy:0]]
[2022.01.03-22.18.22:862][  0]LogConfig: Setting CVar [[r.Streaming.MaxNumTexturesToStreamPerFrame:0]]
[2022.01.03-22.18.22:862][  0]LogConfig: Setting CVar [[r.Streaming.Boost:1]]
[2022.01.03-22.18.22:862][  0]LogConfig: Setting CVar [[r.MaxAnisotropy:8]]
[2022.01.03-22.18.22:862][  0]LogConfig: Setting CVar [[r.VT.MaxAnisotropy:8]]
[2022.01.03-22.18.22:862][  0]LogConfig: Setting CVar [[r.Streaming.LimitPoolSizeToVRAM:0]]
[2022.01.03-22.18.22:862][  0]LogConfig: Setting CVar [[r.Streaming.PoolSize:1000]]
[2022.01.03-22.18.22:862][  0]LogConfig: Setting CVar [[r.Streaming.MaxEffectiveScreenSize:0]]
[2022.01.03-22.18.22:862][  0]LogConfig: Applying CVar settings from Section [EffectsQuality@3] File [E:/Unreal Projects/Dungeoner/Saved/Config/Windows/Scalability.ini]
[2022.01.03-22.18.22:862][  0]LogConfig: Setting CVar [[r.TranslucencyLightingVolumeDim:64]]
[2022.01.03-22.18.22:862][  0]LogConfig: Setting CVar [[r.RefractionQuality:2]]
[2022.01.03-22.18.22:862][  0]LogConfig: Setting CVar [[r.SSR.Quality:3]]
[2022.01.03-22.18.22:862][  0]LogConfig: Setting CVar [[r.SSR.HalfResSceneColor:0]]
[2022.01.03-22.18.22:862][  0]LogConfig: Setting CVar [[r.SceneColorFormat:4]]
[2022.01.03-22.18.22:862][  0]LogConfig: Setting CVar [[r.DetailMode:2]]
[2022.01.03-22.18.22:862][  0]LogConfig: Setting CVar [[r.TranslucencyVolumeBlur:1]]
[2022.01.03-22.18.22:862][  0]LogConfig: Setting CVar [[r.MaterialQualityLevel:1 ; High quality]]
[2022.01.03-22.18.22:862][  0]LogConfig: Setting CVar [[r.AnisotropicMaterials:1]]
[2022.01.03-22.18.22:862][  0]LogConfig: Setting CVar [[r.SSS.Scale:1]]
[2022.01.03-22.18.22:862][  0]LogConfig: Setting CVar [[r.SSS.SampleSet:2]]
[2022.01.03-22.18.22:862][  0]LogConfig: Setting CVar [[r.SSS.Quality:1]]
[2022.01.03-22.18.22:862][  0]LogConfig: Setting CVar [[r.SSS.HalfRes:0]]
[2022.01.03-22.18.22:862][  0]LogConfig: Setting CVar [[r.SSGI.Quality:3]]
[2022.01.03-22.18.22:862][  0]LogConfig: Setting CVar [[r.EmitterSpawnRateScale:1.0]]
[2022.01.03-22.18.22:862][  0]LogConfig: Setting CVar [[r.ParticleLightQuality:2]]
[2022.01.03-22.18.22:862][  0]LogConfig: Setting CVar [[r.SkyAtmosphere.AerialPerspectiveLUT.FastApplyOnOpaque:1 ; Always have FastSkyLUT 1 in this case to avoid wrong sky]]
[2022.01.03-22.18.22:862][  0]LogConfig: Setting CVar [[r.SkyAtmosphere.AerialPerspectiveLUT.SampleCountMaxPerSlice:4]]
[2022.01.03-22.18.22:862][  0]LogConfig: Setting CVar [[r.SkyAtmosphere.AerialPerspectiveLUT.DepthResolution:16.0]]
[2022.01.03-22.18.22:862][  0]LogConfig: Setting CVar [[r.SkyAtmosphere.FastSkyLUT:1]]
[2022.01.03-22.18.22:862][  0]LogConfig: Setting CVar [[r.SkyAtmosphere.FastSkyLUT.SampleCountMin:4.0]]
[2022.01.03-22.18.22:862][  0]LogConfig: Setting CVar [[r.SkyAtmosphere.FastSkyLUT.SampleCountMax:128.0]]
[2022.01.03-22.18.22:862][  0]LogConfig: Setting CVar [[r.SkyAtmosphere.SampleCountMin:4.0]]
[2022.01.03-22.18.22:862][  0]LogConfig: Setting CVar [[r.SkyAtmosphere.SampleCountMax:128.0]]
[2022.01.03-22.18.22:862][  0]LogConfig: Setting CVar [[r.SkyAtmosphere.TransmittanceLUT.UseSmallFormat:0]]
[2022.01.03-22.18.22:862][  0]LogConfig: Setting CVar [[r.SkyAtmosphere.TransmittanceLUT.SampleCount:10.0]]
[2022.01.03-22.18.22:862][  0]LogConfig: Setting CVar [[r.SkyAtmosphere.MultiScatteringLUT.SampleCount:15.0]]
[2022.01.03-22.18.22:862][  0]LogConfig: Setting CVar [[r.SkyLight.RealTimeReflectionCapture:1]]
[2022.01.03-22.18.22:862][  0]LogConfig: Applying CVar settings from Section [FoliageQuality@3] File [E:/Unreal Projects/Dungeoner/Saved/Config/Windows/Scalability.ini]
[2022.01.03-22.18.22:862][  0]LogConfig: Setting CVar [[foliage.DensityScale:1.0]]
[2022.01.03-22.18.22:862][  0]LogConfig: Setting CVar [[grass.DensityScale:1.0]]
[2022.01.03-22.18.22:862][  0]LogConfig: Applying CVar settings from Section [ShadingQuality@3] File [E:/Unreal Projects/Dungeoner/Saved/Config/Windows/Scalability.ini]
[2022.01.03-22.18.22:862][  0]LogConfig: Setting CVar [[r.HairStrands.SkyLighting.IntegrationType:2]]
[2022.01.03-22.18.22:862][  0]LogConfig: Setting CVar [[r.HairStrands.SkyAO.SampleCount:4]]
[2022.01.03-22.18.22:862][  0]LogConfig: Setting CVar [[r.HairStrands.Visibility.MSAA.SamplePerPixel:4]]
[2022.01.03-22.18.22:862][  0]LogInit: Selected Device Profile: [Windows]
[2022.01.03-22.18.22:862][  0]LogInit: Applying CVar settings loaded from the selected device profile: [Windows]
[2022.01.03-22.18.22:862][  0]LogHAL: Display: Platform has ~ 8 GB [8569896960 / 8589934592 / 8], which maps to Default [LargestMinGB=32, LargerMinGB=12, DefaultMinGB=8, SmallerMinGB=6, SmallestMinGB=0)
[2022.01.03-22.18.22:862][  0]LogInit: Going up to parent DeviceProfile []
[2022.01.03-22.18.22:863][  0]LogConfig: Applying CVar settings from Section [ViewDistanceQuality@3] File [E:/Unreal Projects/Dungeoner/Saved/Config/Windows/Scalability.ini]
[2022.01.03-22.18.22:863][  0]LogConfig: Setting CVar [[r.SkeletalMeshLODBias:0]]
[2022.01.03-22.18.22:863][  0]LogConfig: Setting CVar [[r.ViewDistanceScale:1.0]]
[2022.01.03-22.18.22:863][  0]LogConfig: Applying CVar settings from Section [AntiAliasingQuality@3] File [E:/Unreal Projects/Dungeoner/Saved/Config/Windows/Scalability.ini]
[2022.01.03-22.18.22:863][  0]LogConfig: Setting CVar [[r.PostProcessAAQuality:4]]
[2022.01.03-22.18.22:863][  0]LogConfig: Applying CVar settings from Section [ShadowQuality@3] File [E:/Unreal Projects/Dungeoner/Saved/Config/Windows/Scalability.ini]
[2022.01.03-22.18.22:863][  0]LogConfig: Setting CVar [[r.LightFunctionQuality:1]]
[2022.01.03-22.18.22:863][  0]LogConfig: Setting CVar [[r.ShadowQuality:5]]
[2022.01.03-22.18.22:863][  0]LogConfig: Setting CVar [[r.Shadow.CSM.MaxCascades:10]]
[2022.01.03-22.18.22:863][  0]LogConfig: Setting CVar [[r.Shadow.MaxResolution:2048]]
[2022.01.03-22.18.22:863][  0]LogConfig: Setting CVar [[r.Shadow.MaxCSMResolution:2048]]
[2022.01.03-22.18.22:863][  0]LogConfig: Setting CVar [[r.Shadow.RadiusThreshold:0.01]]
[2022.01.03-22.18.22:863][  0]LogConfig: Setting CVar [[r.Shadow.DistanceScale:1.0]]
[2022.01.03-22.18.22:863][  0]LogConfig: Setting CVar [[r.Shadow.CSM.TransitionScale:1.0]]
[2022.01.03-22.18.22:863][  0]LogConfig: Setting CVar [[r.Shadow.PreShadowResolutionFactor:1.0]]
[2022.01.03-22.18.22:863][  0]LogConfig: Setting CVar [[r.DistanceFieldShadowing:1]]
[2022.01.03-22.18.22:863][  0]LogConfig: Setting CVar [[r.DistanceFieldAO:1]]
[2022.01.03-22.18.22:863][  0]LogConfig: Setting CVar [[r.AOQuality:2]]
[2022.01.03-22.18.22:863][  0]LogConfig: Setting CVar [[r.VolumetricFog:1]]
[2022.01.03-22.18.22:863][  0]LogConfig: Setting CVar [[r.VolumetricFog.GridPixelSize:8]]
[2022.01.03-22.18.22:863][  0]LogConfig: Setting CVar [[r.VolumetricFog.GridSizeZ:128]]
[2022.01.03-22.18.22:863][  0]LogConfig: Setting CVar [[r.VolumetricFog.HistoryMissSupersampleCount:4]]
[2022.01.03-22.18.22:863][  0]LogConfig: Setting CVar [[r.LightMaxDrawDistanceScale:1]]
[2022.01.03-22.18.22:863][  0]LogConfig: Setting CVar [[r.CapsuleShadows:1]]
[2022.01.03-22.18.22:863][  0]LogConfig: Applying CVar settings from Section [PostProcessQuality@3] File [E:/Unreal Projects/Dungeoner/Saved/Config/Windows/Scalability.ini]
[2022.01.03-22.18.22:863][  0]LogConfig: Setting CVar [[r.MotionBlurQuality:4]]
[2022.01.03-22.18.22:863][  0]LogConfig: Setting CVar [[r.AmbientOcclusionMipLevelFactor:0.4]]
[2022.01.03-22.18.22:863][  0]LogConfig: Setting CVar [[r.AmbientOcclusionMaxQuality:100]]
[2022.01.03-22.18.22:863][  0]LogConfig: Setting CVar [[r.AmbientOcclusionLevels:-1]]
[2022.01.03-22.18.22:863][  0]LogConfig: Setting CVar [[r.AmbientOcclusionRadiusScale:1.0]]
[2022.01.03-22.18.22:863][  0]LogConfig: Setting CVar [[r.DepthOfFieldQuality:2]]
[2022.01.03-22.18.22:863][  0]LogConfig: Setting CVar [[r.RenderTargetPoolMin:400]]
[2022.01.03-22.18.22:863][  0]LogConfig: Setting CVar [[r.LensFlareQuality:2]]
[2022.01.03-22.18.22:863][  0]LogConfig: Setting CVar [[r.SceneColorFringeQuality:1]]
[2022.01.03-22.18.22:863][  0]LogConfig: Setting CVar [[r.EyeAdaptationQuality:2]]
[2022.01.03-22.18.22:863][  0]LogConfig: Setting CVar [[r.BloomQuality:5]]
[2022.01.03-22.18.22:863][  0]LogConfig: Setting CVar [[r.FastBlurThreshold:100]]
[2022.01.03-22.18.22:863][  0]LogConfig: Setting CVar [[r.Upscale.Quality:3]]
[2022.01.03-22.18.22:863][  0]LogConfig: Setting CVar [[r.Tonemapper.GrainQuantization:1]]
[2022.01.03-22.18.22:863][  0]LogConfig: Setting CVar [[r.LightShaftQuality:1]]
[2022.01.03-22.18.22:863][  0]LogConfig: Setting CVar [[r.Filter.SizeScale:1]]
[2022.01.03-22.18.22:863][  0]LogConfig: Setting CVar [[r.Tonemapper.Quality:5]]
[2022.01.03-22.18.22:863][  0]LogConfig: Setting CVar [[r.DOF.Gather.AccumulatorQuality:1        ; higher gathering accumulator quality]]
[2022.01.03-22.18.22:863][  0]LogConfig: Setting CVar [[r.DOF.Gather.PostfilterMethod:1          ; Median3x3 postfilering method]]
[2022.01.03-22.18.22:863][  0]LogConfig: Setting CVar [[r.DOF.Gather.EnableBokehSettings:0       ; no bokeh simulation when gathering]]
[2022.01.03-22.18.22:863][  0]LogConfig: Setting CVar [[r.DOF.Gather.RingCount:4                 ; medium number of samples when gathering]]
[2022.01.03-22.18.22:863][  0]LogConfig: Setting CVar [[r.DOF.Scatter.ForegroundCompositing:1    ; additive foreground scattering]]
[2022.01.03-22.18.22:863][  0]LogConfig: Setting CVar [[r.DOF.Scatter.BackgroundCompositing:2    ; additive background scattering]]
[2022.01.03-22.18.22:863][  0]LogConfig: Setting CVar [[r.DOF.Scatter.EnableBokehSettings:1      ; bokeh simulation when scattering]]
[2022.01.03-22.18.22:863][  0]LogConfig: Setting CVar [[r.DOF.Scatter.MaxSpriteRatio:0.1         ; only a maximum of 10% of scattered bokeh]]
[2022.01.03-22.18.22:863][  0]LogConfig: Setting CVar [[r.DOF.Recombine.Quality:1                ; cheap slight out of focus]]
[2022.01.03-22.18.22:863][  0]LogConfig: Setting CVar [[r.DOF.Recombine.EnableBokehSettings:0    ; no bokeh simulation on slight out of focus]]
[2022.01.03-22.18.22:863][  0]LogConfig: Setting CVar [[r.DOF.TemporalAAQuality:1                ; more stable temporal accumulation]]
[2022.01.03-22.18.22:863][  0]LogConfig: Setting CVar [[r.DOF.Kernel.MaxForegroundRadius:0.025]]
[2022.01.03-22.18.22:863][  0]LogConfig: Setting CVar [[r.DOF.Kernel.MaxBackgroundRadius:0.025]]
[2022.01.03-22.18.22:863][  0]LogConfig: Applying CVar settings from Section [TextureQuality@3] File [E:/Unreal Projects/Dungeoner/Saved/Config/Windows/Scalability.ini]
[2022.01.03-22.18.22:864][  0]LogConfig: Setting CVar [[r.Streaming.MipBias:0]]
[2022.01.03-22.18.22:864][  0]LogConfig: Setting CVar [[r.Streaming.AmortizeCPUToGPUCopy:0]]
[2022.01.03-22.18.22:864][  0]LogConfig: Setting CVar [[r.Streaming.MaxNumTexturesToStreamPerFrame:0]]
[2022.01.03-22.18.22:864][  0]LogConfig: Setting CVar [[r.Streaming.Boost:1]]
[2022.01.03-22.18.22:864][  0]LogConfig: Setting CVar [[r.MaxAnisotropy:8]]
[2022.01.03-22.18.22:864][  0]LogConfig: Setting CVar [[r.VT.MaxAnisotropy:8]]
[2022.01.03-22.18.22:864][  0]LogConfig: Setting CVar [[r.Streaming.LimitPoolSizeToVRAM:0]]
[2022.01.03-22.18.22:864][  0]LogConfig: Setting CVar [[r.Streaming.PoolSize:1000]]
[2022.01.03-22.18.22:864][  0]LogConfig: Setting CVar [[r.Streaming.MaxEffectiveScreenSize:0]]
[2022.01.03-22.18.22:864][  0]LogConfig: Applying CVar settings from Section [EffectsQuality@3] File [E:/Unreal Projects/Dungeoner/Saved/Config/Windows/Scalability.ini]
[2022.01.03-22.18.22:864][  0]LogConfig: Setting CVar [[r.TranslucencyLightingVolumeDim:64]]
[2022.01.03-22.18.22:864][  0]LogConfig: Setting CVar [[r.RefractionQuality:2]]
[2022.01.03-22.18.22:864][  0]LogConfig: Setting CVar [[r.SSR.Quality:3]]
[2022.01.03-22.18.22:864][  0]LogConfig: Setting CVar [[r.SSR.HalfResSceneColor:0]]
[2022.01.03-22.18.22:864][  0]LogConfig: Setting CVar [[r.SceneColorFormat:4]]
[2022.01.03-22.18.22:864][  0]LogConfig: Setting CVar [[r.DetailMode:2]]
[2022.01.03-22.18.22:864][  0]LogConfig: Setting CVar [[r.TranslucencyVolumeBlur:1]]
[2022.01.03-22.18.22:864][  0]LogConfig: Setting CVar [[r.MaterialQualityLevel:1 ; High quality]]
[2022.01.03-22.18.22:864][  0]LogConfig: Setting CVar [[r.AnisotropicMaterials:1]]
[2022.01.03-22.18.22:864][  0]LogConfig: Setting CVar [[r.SSS.Scale:1]]
[2022.01.03-22.18.22:864][  0]LogConfig: Setting CVar [[r.SSS.SampleSet:2]]
[2022.01.03-22.18.22:864][  0]LogConfig: Setting CVar [[r.SSS.Quality:1]]
[2022.01.03-22.18.22:864][  0]LogConfig: Setting CVar [[r.SSS.HalfRes:0]]
[2022.01.03-22.18.22:864][  0]LogConfig: Setting CVar [[r.SSGI.Quality:3]]
[2022.01.03-22.18.22:864][  0]LogConfig: Setting CVar [[r.EmitterSpawnRateScale:1.0]]
[2022.01.03-22.18.22:864][  0]LogConfig: Setting CVar [[r.ParticleLightQuality:2]]
[2022.01.03-22.18.22:864][  0]LogConfig: Setting CVar [[r.SkyAtmosphere.AerialPerspectiveLUT.FastApplyOnOpaque:1 ; Always have FastSkyLUT 1 in this case to avoid wrong sky]]
[2022.01.03-22.18.22:864][  0]LogConfig: Setting CVar [[r.SkyAtmosphere.AerialPerspectiveLUT.SampleCountMaxPerSlice:4]]
[2022.01.03-22.18.22:864][  0]LogConfig: Setting CVar [[r.SkyAtmosphere.AerialPerspectiveLUT.DepthResolution:16.0]]
[2022.01.03-22.18.22:864][  0]LogConfig: Setting CVar [[r.SkyAtmosphere.FastSkyLUT:1]]
[2022.01.03-22.18.22:864][  0]LogConfig: Setting CVar [[r.SkyAtmosphere.FastSkyLUT.SampleCountMin:4.0]]
[2022.01.03-22.18.22:864][  0]LogConfig: Setting CVar [[r.SkyAtmosphere.FastSkyLUT.SampleCountMax:128.0]]
[2022.01.03-22.18.22:864][  0]LogConfig: Setting CVar [[r.SkyAtmosphere.SampleCountMin:4.0]]
[2022.01.03-22.18.22:864][  0]LogConfig: Setting CVar [[r.SkyAtmosphere.SampleCountMax:128.0]]
[2022.01.03-22.18.22:864][  0]LogConfig: Setting CVar [[r.SkyAtmosphere.TransmittanceLUT.UseSmallFormat:0]]
[2022.01.03-22.18.22:864][  0]LogConfig: Setting CVar [[r.SkyAtmosphere.TransmittanceLUT.SampleCount:10.0]]
[2022.01.03-22.18.22:864][  0]LogConfig: Setting CVar [[r.SkyAtmosphere.MultiScatteringLUT.SampleCount:15.0]]
[2022.01.03-22.18.22:864][  0]LogConfig: Setting CVar [[r.SkyLight.RealTimeReflectionCapture:1]]
[2022.01.03-22.18.22:864][  0]LogConfig: Applying CVar settings from Section [FoliageQuality@3] File [E:/Unreal Projects/Dungeoner/Saved/Config/Windows/Scalability.ini]
[2022.01.03-22.18.22:864][  0]LogConfig: Setting CVar [[foliage.DensityScale:1.0]]
[2022.01.03-22.18.22:864][  0]LogConfig: Setting CVar [[grass.DensityScale:1.0]]
[2022.01.03-22.18.22:864][  0]LogConfig: Applying CVar settings from Section [ShadingQuality@3] File [E:/Unreal Projects/Dungeoner/Saved/Config/Windows/Scalability.ini]
[2022.01.03-22.18.22:864][  0]LogConfig: Setting CVar [[r.HairStrands.SkyLighting.IntegrationType:2]]
[2022.01.03-22.18.22:864][  0]LogConfig: Setting CVar [[r.HairStrands.SkyAO.SampleCount:4]]
[2022.01.03-22.18.22:864][  0]LogConfig: Setting CVar [[r.HairStrands.Visibility.MSAA.SamplePerPixel:4]]
[2022.01.03-22.18.22:864][  0]LogConfig: Applying CVar settings from Section [Startup] File [../../../Engine/Config/ConsoleVariables.ini]
[2022.01.03-22.18.22:865][  0]LogConfig: Setting CVar [[net.UseAdaptiveNetUpdateFrequency:0]]
[2022.01.03-22.18.22:865][  0]LogConfig: Setting CVar [[p.chaos.AllowCreatePhysxBodies:1]]
[2022.01.03-22.18.22:865][  0]LogConfig: Setting CVar [[fx.SkipVectorVMBackendOptimizations:1]]
[2022.01.03-22.18.22:865][  0]LogConfig: Applying CVar settings from Section [ConsoleVariables] File [E:/Unreal Projects/Dungeoner/Saved/Config/Windows/Engine.ini]
[2022.01.03-22.18.22:865][  0]LogConfig: Applying CVar settings from Section [ConsoleVariables] File [E:/Unreal Projects/Dungeoner/Saved/Config/Windows/Editor.ini]
[2022.01.03-22.18.22:865][  0]LogInit: Computer: HOME-PC
[2022.01.03-22.18.22:865][  0]LogInit: User: Denis
[2022.01.03-22.18.22:865][  0]LogInit: CPU Page size=4096, Cores=4
[2022.01.03-22.18.22:865][  0]LogInit: High frequency timer resolution =10.000000 MHz
[2022.01.03-22.18.22:865][  0]LogMemory: Memory total: Physical=8.0GB (8GB approx)
[2022.01.03-22.18.22:865][  0]LogMemory: Platform Memory Stats for Windows
[2022.01.03-22.18.22:865][  0]LogMemory: Process Physical Memory: 140.56 MB used, 140.57 MB peak
[2022.01.03-22.18.22:865][  0]LogMemory: Process Virtual Memory: 113.13 MB used, 113.13 MB peak
[2022.01.03-22.18.22:865][  0]LogMemory: Physical Memory: 6218.51 MB used,  1954.38 MB free, 8172.89 MB total
[2022.01.03-22.18.22:865][  0]LogMemory: Virtual Memory: 134213992.00 MB used,  3739.83 MB free, 134217728.00 MB total
[2022.01.03-22.18.22:874][  0]LogWindows: WindowsPlatformFeatures enabled
[2022.01.03-22.18.22:899][  0]LogInit: Physics initialised using underlying interface: PhysX
[2022.01.03-22.18.22:900][  0]LogInit: Using OS detected language (ru-RU).
[2022.01.03-22.18.22:900][  0]LogInit: Using OS detected locale (ru-RU).
[2022.01.03-22.18.22:902][  0]LogTextLocalizationManager: No specific localization for 'ru-RU' exists, so the 'ru' localization will be used.
[2022.01.03-22.18.22:903][  0]LogTextLocalizationResource: LocRes '../../../Engine/Content/Localization/Editor/ru/Editor.locres' could not be opened for reading!
[2022.01.03-22.18.22:904][  0]LogTextLocalizationResource: LocRes '../../../Engine/Content/Localization/EditorTutorials/ru/EditorTutorials.locres' could not be opened for reading!
[2022.01.03-22.18.22:904][  0]LogTextLocalizationResource: LocRes '../../../Engine/Content/Localization/Keywords/ru/Keywords.locres' could not be opened for reading!
[2022.01.03-22.18.22:904][  0]LogTextLocalizationResource: LocRes '../../../Engine/Content/Localization/Category/ru/Category.locres' could not be opened for reading!
[2022.01.03-22.18.22:904][  0]LogTextLocalizationResource: LocRes '../../../Engine/Content/Localization/ToolTips/ru/ToolTips.locres' could not be opened for reading!
[2022.01.03-22.18.22:904][  0]LogTextLocalizationResource: LocRes '../../../Engine/Content/Localization/PropertyNames/ru/PropertyNames.locres' could not be opened for reading!
[2022.01.03-22.18.22:904][  0]LogTextLocalizationResource: LocRes '../../../Engine/Content/Localization/Engine/ru/Engine.locres' could not be opened for reading!
[2022.01.03-22.18.22:916][  0]LogWindowsTextInputMethodSystem: Display: IME system deactivated.
[2022.01.03-22.18.22:937][  0]LogSlate: New Slate User Created.  User Index 0, Is Virtual User: 0
[2022.01.03-22.18.22:937][  0]LogSlate: Slate User Registered.  User Index 0, Is Virtual User: 0
[2022.01.03-22.18.22:951][  0]LogD3D11RHI: Loaded GFSDK_Aftermath_Lib.x64.dll
[2022.01.03-22.18.22:953][  0]LogHMD: Failed to initialize OpenVR with code 110
[2022.01.03-22.18.22:953][  0]LogD3D11RHI: D3D11 min allowed feature level: 11_0
[2022.01.03-22.18.22:953][  0]LogD3D11RHI: D3D11 max allowed feature level: 11_0
[2022.01.03-22.18.22:953][  0]LogD3D11RHI: D3D11 adapters:
[2022.01.03-22.18.23:014][  0]LogD3D11RHI:    0. 'NVIDIA GeForce GTX 550 Ti' (Feature Level 11_0)
[2022.01.03-22.18.23:014][  0]LogD3D11RHI:       959/0/4086 MB DedicatedVideo/DedicatedSystem/SharedSystem, Outputs:1, VendorId:0x10de
[2022.01.03-22.18.23:016][  0]LogD3D11RHI:    1. 'Microsoft Basic Render Driver' (Feature Level 11_0)
[2022.01.03-22.18.23:017][  0]LogD3D11RHI:       0/0/4086 MB DedicatedVideo/DedicatedSystem/SharedSystem, Outputs:0, VendorId:0x1414
[2022.01.03-22.18.23:017][  0]LogD3D11RHI: Chosen D3D11 Adapter:
[2022.01.03-22.18.23:017][  0]LogD3D11RHI:     Description : NVIDIA GeForce GTX 550 Ti
[2022.01.03-22.18.23:017][  0]LogD3D11RHI:     VendorId    : 10de
[2022.01.03-22.18.23:017][  0]LogD3D11RHI:     DeviceId    : 1244
[2022.01.03-22.18.23:017][  0]LogD3D11RHI:     SubSysId    : 0000
[2022.01.03-22.18.23:017][  0]LogD3D11RHI:     Revision    : 00a1
[2022.01.03-22.18.23:017][  0]LogD3D11RHI:     DedicatedVideoMemory : 1005780992 bytes
[2022.01.03-22.18.23:017][  0]LogD3D11RHI:     DedicatedSystemMemory : 0 bytes
[2022.01.03-22.18.23:017][  0]LogD3D11RHI:     SharedSystemMemory : 4284948480 bytes
[2022.01.03-22.18.23:017][  0]LogD3D11RHI:     AdapterLuid : 0 39137
[2022.01.03-22.18.23:023][  0]LogD3D11RHI: Creating new Direct3DDevice
[2022.01.03-22.18.23:023][  0]LogD3D11RHI:     GPU DeviceId: 0x1244 (for the marketing name, search the web for "GPU Device Id")
[2022.01.03-22.18.23:023][  0]LogWindows: EnumDisplayDevices:
[2022.01.03-22.18.23:023][  0]LogWindows:    0. 'NVIDIA GeForce GTX 550 Ti' (P:1 D:1)
[2022.01.03-22.18.23:023][  0]LogWindows:    1. 'NVIDIA GeForce GTX 550 Ti' (P:0 D:0)
[2022.01.03-22.18.23:024][  0]LogWindows: DebugString: FoundDriverCount:2 
[2022.01.03-22.18.23:024][  0]LogD3D11RHI:     Adapter Name: NVIDIA GeForce GTX 550 Ti
[2022.01.03-22.18.23:024][  0]LogD3D11RHI:   Driver Version: 391.35 (internal:23.21.13.9135, unified:391.35)
[2022.01.03-22.18.23:024][  0]LogD3D11RHI:      Driver Date: 3-23-2018
[2022.01.03-22.18.23:024][  0]LogRHI: Texture pool is 671 MB (70% of 959 MB)
[2022.01.03-22.18.23:024][  0]LogD3D11RHI: Creating D3DDevice using adapter:
[2022.01.03-22.18.23:024][  0]LogD3D11RHI:     Description : NVIDIA GeForce GTX 550 Ti
[2022.01.03-22.18.23:024][  0]LogD3D11RHI:     VendorId    : 10de
[2022.01.03-22.18.23:024][  0]LogD3D11RHI:     DeviceId    : 1244
[2022.01.03-22.18.23:024][  0]LogD3D11RHI:     SubSysId    : 0000
[2022.01.03-22.18.23:024][  0]LogD3D11RHI:     Revision    : 00a1
[2022.01.03-22.18.23:024][  0]LogD3D11RHI:     DedicatedVideoMemory : 1005780992 bytes
[2022.01.03-22.18.23:024][  0]LogD3D11RHI:     DedicatedSystemMemory : 0 bytes
[2022.01.03-22.18.23:024][  0]LogD3D11RHI:     SharedSystemMemory : 4284948480 bytes
[2022.01.03-22.18.23:024][  0]LogD3D11RHI:     AdapterLuid : 0 39137
[2022.01.03-22.18.23:072][  0]LogD3D11RHI: Display: Timestamp queries are currently disabled on this hardware due to instability. Realtime GPU stats will not be available. You can override this behaviour by setting r.NVIDIATimestampWorkaround to 0
[2022.01.03-22.18.23:072][  0]LogD3D11RHI: RHI does not have support for 64 bit atomics
[2022.01.03-22.18.23:073][  0]LogD3D11RHI: Async texture creation enabled
[2022.01.03-22.18.23:094][  0]LogD3D11RHI: GPU Timing Frequency: 1000.000000 (Debug: 2 2)
[2022.01.03-22.18.23:140][  0]LogRHI: GeForceNow SDK initialized: 1
[2022.01.03-22.18.24:084][  0]LogTargetPlatformManager: Display: Loaded TargetPlatform 'WindowsNoEditor'
[2022.01.03-22.18.24:088][  0]LogTargetPlatformManager: Display: Loaded TargetPlatform 'Windows'
[2022.01.03-22.18.24:093][  0]LogTargetPlatformManager: Display: Loaded TargetPlatform 'WindowsClient'
[2022.01.03-22.18.24:098][  0]LogTargetPlatformManager: Display: Loaded TargetPlatform 'WindowsServer'
[2022.01.03-22.18.24:098][  0]LogTargetPlatformManager: Display: Building Assets For Windows
[2022.01.03-22.18.24:106][  0]LogAudioDebug: Display: Lib vorbis DLL was dynamically loaded.
[2022.01.03-22.18.24:137][  0]LogTextureFormatOodle: Display: Oodle Texture 2.9.0 init RDO Off
[2022.01.03-22.18.24:169][  0]LogRendererCore: Ray tracing is disabled. Reason: r.RayTracing=0.
[2022.01.03-22.18.24:169][  0]LogShaderCompilers: Guid format shader working directory is 8 characters bigger than the processId version (../../../../Unreal Projects/Dungeoner/Intermediate/Shaders/WorkingDirectory/12184/).
[2022.01.03-22.18.24:169][  0]LogShaderCompilers: Cleaned the shader compiler working directory 'C:/Users/Denis/AppData/Local/Temp/UnrealShaderWorkingDir/66E9B10A4DAAA326951AA6ACEBEA9790/'.
[2022.01.03-22.18.24:170][  0]LogShaderCompilers: Display: Using XGE Controller for Shader Compilation.
[2022.01.03-22.18.25:218][  0]LogDerivedDataCache: Display: Max Cache Size: 512 MB
[2022.01.03-22.18.25:294][  0]LogDerivedDataCache: Loaded boot cache 0.07s 94MB C:/Users/Denis/AppData/Local/UnrealEngine/4.27/DerivedDataCache/Boot.ddc.
[2022.01.03-22.18.25:294][  0]LogDerivedDataCache: Display: Loaded Boot cache: C:/Users/Denis/AppData/Local/UnrealEngine/4.27/DerivedDataCache/Boot.ddc
[2022.01.03-22.18.25:294][  0]LogDerivedDataCache: FDerivedDataBackendGraph:  Pak pak cache file ../../../../Unreal Projects/Dungeoner/DerivedDataCache/DDC.ddp not found, will not use a pak cache.
[2022.01.03-22.18.25:294][  0]LogDerivedDataCache: Unable to find inner node Pak for hierarchical cache Hierarchy.
[2022.01.03-22.18.25:294][  0]LogDerivedDataCache: FDerivedDataBackendGraph:  CompressedPak pak cache file ../../../../Unreal Projects/Dungeoner/DerivedDataCache/Compressed.ddp not found, will not use a pak cache.
[2022.01.03-22.18.25:294][  0]LogDerivedDataCache: Unable to find inner node CompressedPak for hierarchical cache Hierarchy.
[2022.01.03-22.18.25:317][  0]LogDerivedDataCache: Display: Pak cache opened for reading ../../../Engine/DerivedDataCache/Compressed.ddp.
[2022.01.03-22.18.25:317][  0]LogDerivedDataCache: FDerivedDataBackendGraph:  EnterprisePak pak cache file ../../../Enterprise/DerivedDataCache/Compressed.ddp not found, will not use a pak cache.
[2022.01.03-22.18.25:317][  0]LogDerivedDataCache: Unable to find inner node EnterprisePak for hierarchical cache Hierarchy.
[2022.01.03-22.18.25:352][  0]LogDerivedDataCache: Speed tests for C:/Users/Denis/AppData/Local/UnrealEngine/Common/DerivedDataCache took 0.03 seconds
[2022.01.03-22.18.25:352][  0]LogDerivedDataCache: Display: Performance to C:/Users/Denis/AppData/Local/UnrealEngine/Common/DerivedDataCache: Latency=0.03ms. RandomReadSpeed=1221.18MBs, RandomWriteSpeed=27.52MBs. Assigned SpeedClass 'Local'
[2022.01.03-22.18.25:353][  0]LogDerivedDataCache: Using Local data cache path C:/Users/Denis/AppData/Local/UnrealEngine/Common/DerivedDataCache: Writable
[2022.01.03-22.18.25:353][  0]LogDerivedDataCache: Shared data cache path not found in *engine.ini, will not use an Shared cache.
[2022.01.03-22.18.25:353][  0]LogDerivedDataCache: Unable to find inner node Shared for hierarchical cache Hierarchy.
[2022.01.03-22.18.25:406][  0]LogSlate: Using FreeType 2.10.0
[2022.01.03-22.18.25:406][  0]LogSlate: SlateFontServices - WITH_FREETYPE: 1, WITH_HARFBUZZ: 1
[2022.01.03-22.18.25:504][  0]LogInit: Using OS detected language (ru-RU).
[2022.01.03-22.18.25:504][  0]LogInit: Using OS detected locale (ru-RU).
[2022.01.03-22.18.25:504][  0]LogTextLocalizationManager: No localization for 'ru-RU' exists, so 'en' will be used for the language.
[2022.01.03-22.18.25:504][  0]LogTextLocalizationManager: No localization for 'ru-RU' exists, so 'en' will be used for the locale.
[2022.01.03-22.18.25:505][  0]LogSlate: FontCache flush requested. Reason: Culture for localization was changed
[2022.01.03-22.18.25:505][  0]LogSlate: FontCache flush requested. Reason: Culture for localization was changed
[2022.01.03-22.18.25:508][  0]LogAssetRegistry: FAssetRegistry took 0.0022 seconds to start up
[2022.01.03-22.18.25:746][  0]LogTextLocalizationManager: Compacting localization data took   0.01ms
[2022.01.03-22.18.25:746][  0]LogPackageLocalizationCache: Processed 27 localized package path(s) for 1 prioritized culture(s) in 0.001428 seconds
[2022.01.03-22.18.25:828][  0]LogInit: Selected Device Profile: [Windows]
[2022.01.03-22.18.25:828][  0]LogInit: Active device profile: [0000014C4643A900][0000014C3F2FAFC0 49] Windows
[2022.01.03-22.18.25:828][  0]LogInit: Profiles: [0000014C4643A900][0000014C3F2FAFC0 49] Windows, [0000014C463E5900][0000014C3F303140 49] WindowsNoEditor, [0000014C46439900][0000014C3F3072C0 49] WindowsServer, [0000014C463E6900][0000014C45D95440 49] WindowsClient, [0000014C4643AC00][0000014C3F2FF580 49] IOS, [0000014C463E7F00][0000014C45D996C0 49] iPadAir, [0000014C4643A600][0000014C45D9D800 49] iPadAir2, [0000014C4638EC00][0000014C45DA9A80 49] IPadPro, [0000014C4638ED00][0000014C45DA1AC0 49] iPadAir3, [0000014C46439C00][0000014C45DAC0C0 49] iPadAir4, [0000014C4638F300][0000014C45DB0240 49] iPadMini2, [0000014C46439E00][0000014C45DB43C0 49] iPadMini3, [0000014C4638D600][0000014C45DB8540 49] iPadMini4, [0000014C4643AE00][0000014C45DBC6C0 49] iPadMini5, [0000014C463DA500][0000014C45DC4980 49] iPhone6, [0000014C463DA600][0000014C45DC09C0 49] iPodTouch6, [0000014C4638D300][0000014C45DCCC80 49] iPhone7, [0000014C4638D200][0000014C45DC8CC0 49] iPodTouch7, [0000014C463DAB00][0000014C45DD0E40 49] iPhone5S, [0000014C4638CC00][0000014C45DD4FC0 49] iPhone6Plus, [0000014C463D9600][0000014C45DD9140 49] iPhone6S, [0000014C4638E700][0000014C45DDD2C0 49] iPhone6SPlus, [0000014C463D9400][0000014C45DE1440 49] iPhone7Plus, [0000014C4638E600][0000014C45DE55C0 49] iPhoneSE, [0000014C463DA300][0000014C45DA5700 49] iPhone8, [0000014C4638EF00][0000014C45DE9840 49] iPhone8Plus, [0000014C463D8100][0000014C45DED980 49] iPhoneX, [0000014C4638E400][0000014C45DF1AC0 49] iPhoneXS, [0000014C463D8200][0000014C45DF80C0 49] iPhoneXSMax, [0000014C4638F200][0000014C45DFC240 49] iPhoneXR, [0000014C463DAF00][0000014C45E003C0 49] iPhone11, [0000014C4638F700][0000014C45E04540 49] iPhone11Pro, [0000014C463D9000][0000014C45E086C0 49] iPhone11ProMax, [0000014C4638EA00][0000014C45E0C840 49] iPhoneSE2, [0000014C463DB900][0000014C45E109C0 49] iPhone12Mini, [0000014C4638DB00][0000014C45E14B40 49] iPhone12, [0000014C463D8C00][0000014C45E18CC0 49] iPhone12Pro, [0000014C4638FC00][0000014C45E1CE40 49] iPhone12ProMax, [0000014C463D9B00][0000014C45E20FC0 49] iPadPro105, [0000014C4638D800][0000014C45E25140 49] iPadPro129, [0000014C463DAC00][0000014C45E292C0 49] iPadPro97, [0000014C4638FA00][0000014C45E2D440 49] iPadPro2_129, [0000014C463DA700][0000014C45E315C0 49] iPad5, [0000014C4638E800][0000014C45E35740 49] iPad6, [0000014C463DB400][0000014C45E398C0 49] iPad7, [0000014C4638DD00][0000014C45DF5A00 49] iPad8, [0000014C463D9900][0000014C45E3DB40 49] iPadPro11, [0000014C4638FB00][0000014C45E40100 49] iPadPro2_11, [0000014C463DA800][0000014C45E48280 49] iPadPro3_129, [0000014C463E6400][0000014C45E4C400 49] iPadPro4_129, [0000014C4646D500][0000014C45E50580 49] AppleTV, [0000014C463E7400][0000014C45E54700 49] AppleTV4K, [0000014C4646C900][0000014C45E58880 49] TVOS, [0000014C463E7100][0000014C45E5CA00 49] Mac, [0000014C4646D000][0000014C45E60B80 49] MacClient, [0000014C463E6800][0000014C45E64D00 49] MacNoEditor, [0000014C4646CB00][0000014C45E68E80 49] MacServer, [0000014C463E7C00][0000014C45E6D000 49] Linux, [0000014C4646D200][0000014C45E71180 49] LinuxAArch64, [0000014C463E6F00][0000014C45E75300 49] LinuxNoEditor, [0000014C4646C500][0000014C45E79480 49] LinuxAArch64NoEditor, [0000014C463D9800][0000014C45E7D600 49] LinuxClient, [0000014C4638E200][0000014C45E81780 49] LinuxAArch64Client, [0000014C463D8900][0000014C45E85900 49] LinuxServer, [0000014C4638C300][0000014C45E89A80 49] LinuxAArch64Server, [0000014C463D8E00][0000014C45E45BC0 49] Android, [0000014C4638E300][0000014C45E8C180 49] Android_Low, [0000014C463DA000][0000014C45E902C0 49] Android_Mid, [0000014C4638EB00][0000014C45E98440 49] Android_High, [0000014C463D9300][0000014C45E9C5C0 49] Android_Default, [0000014C4638F600][0000014C3F682740 49] Android_Adreno4xx, [0000014C463D8600][0000014C3F6868C0 49] Android_Adreno5xx_Low, [0000014C4638F900][0000014C3F68AA40 49] Android_Adreno5xx, [0000014C463DBC00][0000014C3F68EBC0 49] Android_Adreno6xx, [0000014C4638F400][0000014C3F692D40 49] Android_Adreno6xx_Vulkan, [0000014C463DB500][0000014C3F696EC0 49] Android_Mali_T6xx, [0000014C4638F100][0000014C3F69B040 49] Android_Mali_T7xx, [0000014C463D9D00][0000014C3F69F1C0 49] Android_Mali_T8xx, [0000014C4638FE00][0000014C3F6A3340 49] Android_Mali_G71, [0000014C463DB200][0000014C3F6A74C0 49] Android_Mali_G72, [0000014C4638FF00][0000014C3F6AB640 49] Android_Mali_G72_Vulkan, [0000014C463D8800][0000014C3F6AF7C0 49] Android_Mali_G76, [0000014C4638C400][0000014C3F6B3940 49] Android_Mali_G76_Vulkan, [0000014C463D9700][0000014C3F6B7AC0 49] Android_Mali_G77, [0000014C4638C100][0000014C3F6BA0C0 49] Android_Mali_G77_Vulkan, [0000014C4646C600][0000014C45E94200 49] Android_Mali_G78, [0000014C4638D500][0000014C3F6BE340 49] Android_Mali_G78_Vulkan, [0000014C4646CE00][0000014C3F6C2480 49] Android_Mali_G710, [0000014C4638C900][0000014C3F6C65C0 49] Android_Mali_G710_Vulkan, [0000014C4646D100][0000014C3F6CE740 49] Android_Vulkan_SM5, [0000014C4638D900][0000014C3F6D28C0 49] Android_PowerVR_G6xxx, [0000014C463DAE00][0000014C3F6D6A40 49] Android_PowerVR_GT7xxx, [0000014C4638DC00][0000014C3F6DABC0 49] Android_PowerVR_GE8xxx, [0000014C463DB800][0000014C3F6DED40 49] Android_PowerVR_GM9xxx, [0000014C4638DF00][0000014C3F6E2EC0 49] Android_PowerVR_GM9xxx_Vulkan, [0000014C463DBB00][0000014C3F6E7040 49] Android_TegraK1, [0000014C4638E100][0000014C3F6EB1C0 49] Android_Unknown_Vulkan, [0000014C463D9C00][0000014C3F6EF340 49] Lumin, [0000014C4638C500][0000014C3F6F34C0 49] Lumin_Desktop, [0000014C463DA200][0000014C3F6F7640 49] HoloLens, 
[2022.01.03-22.18.25:872][  0]LogMeshReduction: Using QuadricMeshReduction for automatic static mesh reduction
[2022.01.03-22.18.25:872][  0]LogMeshReduction: Using SimplygonMeshReduction for automatic skeletal mesh reduction
[2022.01.03-22.18.25:872][  0]LogMeshReduction: Using ProxyLODMeshReduction for automatic mesh merging
[2022.01.03-22.18.25:872][  0]LogMeshReduction: No distributed automatic mesh merging module available
[2022.01.03-22.18.25:872][  0]LogMeshMerging: No distributed automatic mesh merging module available
[2022.01.03-22.18.26:019][  0]LogNetVersion: Dungeoner 1.0.0, NetCL: 17155196, EngineNetVer: 17, GameNetVer: 0 (Checksum: 1542495505)
[2022.01.03-22.18.26:315][  0]LogTexture: Default maximum texture size for cubemaps generated from long-lat sources has been changed from 512 to unlimited. In order to preserve old behaiour for '/Engine/MapTemplates/Sky/DaylightAmbientCubemap.DaylightAmbientCubemap', its maximum texture size has been explicitly set to 512.
[2022.01.03-22.18.26:390][  0]LogHMD: PokeAHoleMaterial loaded successfully
[2022.01.03-22.18.26:497][  0]LogMoviePlayer: Initializing movie player
[2022.01.03-22.18.26:630][  0]LogNiagaraDebuggerClient: Niagara Debugger Client Initialized | Session: E15B10654DD4FEF49A7855830DA51E3E | Instance: 18F8667C450258278DAE969857A3CEF3 (HOME-PC-12184).
[2022.01.03-22.18.26:654][  0]LogCollectionManager: Loaded 0 collections in 0.000894 seconds
[2022.01.03-22.18.26:657][  0]LogFileCache: Scanning file cache for directory 'E:/Unreal Projects/Dungeoner/Saved/Collections/' took 0.00s
[2022.01.03-22.18.26:657][  0]LogFileCache: Scanning file cache for directory 'E:/Unreal Projects/Dungeoner/Content/Developers/Denis/Collections/' took 0.00s
[2022.01.03-22.18.26:657][  0]LogCollectionManager: Fixed up redirectors for 0 collections in 0.000002 seconds (updated 0 objects)
[2022.01.03-22.18.26:678][  0]LogFileCache: Scanning file cache for directory 'E:/Unreal Projects/Dungeoner/Content/Collections/' took 0.00s
[2022.01.03-22.18.26:678][  0]LogPython: Using Python 3.7.7
[2022.01.03-22.18.27:496][  0]LogTcpMessaging: Initializing TcpMessaging bridge
[2022.01.03-22.18.27:501][  0]LogUdpMessaging: Initializing bridge on interface 0.0.0.0:0 to multicast group 230.0.0.1:6666.
[2022.01.03-22.18.27:606][  0]SourceControl: Source control is disabled
[2022.01.03-22.18.27:606][  0]SourceControl: Source control is disabled
[2022.01.03-22.18.27:610][  0]SourceControl: Source control is disabled
[2022.01.03-22.18.27:617][  0]LogUProjectInfo: Found projects:
[2022.01.03-22.18.27:704][  0]LogOpenImageDenoise: OIDN starting up
[2022.01.03-22.18.27:748][  0]LogAndroidPermission: UAndroidPermissionCallbackProxy::GetInstance
[2022.01.03-22.18.27:771][  0]LogAudioCaptureCore: Display: No Audio Capture implementations found. Audio input will be silent.
[2022.01.03-22.18.27:771][  0]LogAudioCaptureCore: Display: No Audio Capture implementations found. Audio input will be silent.
[2022.01.03-22.18.27:858][  0]LogOcInput: OculusInput pre-init called
[2022.01.03-22.18.27:870][  0]LogUObjectArray: 22132 objects as part of root set at end of initial load.
[2022.01.03-22.18.27:870][  0]LogUObjectAllocator: 5979488 out of 0 bytes used by permanent object pool.
[2022.01.03-22.18.27:870][  0]LogUObjectArray: CloseDisregardForGC: 0/0 objects in disregard for GC pool
[2022.01.03-22.18.27:930][  0]LogEngine: Initializing Engine...
[2022.01.03-22.18.27:933][  0]LogHMD: Failed to enumerate extensions. Please check that you have a valid OpenXR runtime installed.
[2022.01.03-22.18.27:933][  0]LogHMD: Failed to initialize OpenVR with code 110
[2022.01.03-22.18.27:933][  0]LogMagicLeap: Warning: VR disabled because ZI is not enabled.  To enable, in the editor, Edit -> Project Settings -> Plugins -> Magic Leap Plugin -> Enable Zero Iteration
[2022.01.03-22.18.27:935][  0]LogStats: UGameplayTagsManager::InitializeManager -  0.000 s
[2022.01.03-22.18.28:073][  0]LogInit: Initializing FReadOnlyCVARCache
[2022.01.03-22.18.28:073][  0]LogAudio: Display: Initializing Audio Device Manager...
[2022.01.03-22.18.28:078][  0]LogAudio: Display: Loading Default Audio Settings Objects...
[2022.01.03-22.18.28:079][  0]LogAudio: Display: No default SoundConcurrencyObject specified (or failed to load).
[2022.01.03-22.18.28:080][  0]LogAudio: Display: Audio Device Manager Initialized
[2022.01.03-22.18.28:080][  0]LogAudio: Display: Creating Audio Device:                 Id: 1, Scope: Shared, Realtime: True
[2022.01.03-22.18.28:080][  0]LogAudioMixer: Display: Audio Mixer Platform Settings:
[2022.01.03-22.18.28:080][  0]LogAudioMixer: Display: 	Sample Rate:						  48000
[2022.01.03-22.18.28:080][  0]LogAudioMixer: Display: 	Callback Buffer Frame Size Requested: 1024
[2022.01.03-22.18.28:080][  0]LogAudioMixer: Display: 	Callback Buffer Frame Size To Use:	  1024
[2022.01.03-22.18.28:080][  0]LogAudioMixer: Display: 	Number of buffers to queue:			  2
[2022.01.03-22.18.28:080][  0]LogAudioMixer: Display: 	Max Channels (voices):				  32
[2022.01.03-22.18.28:080][  0]LogAudioMixer: Display: 	Number of Async Source Workers:		  0
[2022.01.03-22.18.28:080][  0]LogAudio: Display: AudioDevice MaxSources: 32
[2022.01.03-22.18.28:081][  0]LogAudio: Display: Audio Spatialization Plugin: None (built-in).
[2022.01.03-22.18.28:081][  0]LogAudio: Display: Audio Reverb Plugin: None (built-in).
[2022.01.03-22.18.28:081][  0]LogAudio: Display: Audio Occlusion Plugin: None (built-in).
[2022.01.03-22.18.28:081][  0]LogAudioMixer: Display: Initializing audio mixer.
[2022.01.03-22.18.28:093][  0]LogAudioMixer: Display: 0: FrontLeft
[2022.01.03-22.18.28:093][  0]LogAudioMixer: Display: 1: FrontRight
[2022.01.03-22.18.28:125][  0]LogAudioMixer: Display: Using Audio Device Динамики (Bloody Gaming Audio Device)
[2022.01.03-22.18.28:132][  0]LogAudioMixer: Display: Initializing Sound Submixes...
[2022.01.03-22.18.28:134][  0]LogAudioMixer: Display: Creating Master Submix 'MasterSubmixDefault'
[2022.01.03-22.18.28:134][  0]LogAudioMixer: Display: Creating Master Submix 'MasterReverbSubmixDefault'
[2022.01.03-22.18.28:135][  0]LogAudioMixer: Display: Creating Master Submix 'MasterEQSubmixDefault'
[2022.01.03-22.18.28:135][  0]LogAudioMixer: FMixerPlatformXAudio2::StartAudioStream() called
[2022.01.03-22.18.28:135][  0]LogAudioMixer: Display: Output buffers initialized: Frames=1024, Channels=2, Samples=2048
[2022.01.03-22.18.28:136][  0]LogAudioMixer: Display: Starting AudioMixerPlatformInterface::RunInternal()
[2022.01.03-22.18.28:136][  0]LogAudioMixer: Display: FMixerPlatformXAudio2::SubmitBuffer() called for the first time
[2022.01.03-22.18.28:137][  0]LogInit: FAudioDevice initialized.
[2022.01.03-22.18.28:138][  0]LogNetVersion: Set ProjectVersion to 1.0.0.0. Version Checksum will be recalculated on next use.
[2022.01.03-22.18.28:141][  0]LogInit: Texture streaming: Enabled
[2022.01.03-22.18.28:220][  0]LogAudio: Display: Audio Device (ID: 1) registered with world 'Untitled'.
[2022.01.03-22.18.28:220][  0]LogSlate: Updating window title bar state: overlay mode, drag disabled, window buttons hidden, title bar hidden
[2022.01.03-22.18.28:222][  0]LogInit: Display: Game Engine Initialized.
[2022.01.03-22.18.28:222][  0]LogNiagaraEditor: GEditor isn't valid! Particle reset commands will not work for Niagara components!
[2022.01.03-22.18.28:361][  0]LogInit: Display: Starting Game.
[2022.01.03-22.18.28:361][  0]LogNet: Browse: /Game/Map/Map?Name=Player
[2022.01.03-22.18.28:361][  0]LogLoad: LoadMap: /Game/Map/Map?Name=Player
[2022.01.03-22.18.28:361][  0]LogWorld: BeginTearingDown for /Temp/Untitled_0
[2022.01.03-22.18.28:363][  0]LogWorld: UWorld::CleanupWorld for Untitled, bSessionEnded=true, bCleanupResources=true
[2022.01.03-22.18.28:363][  0]LogSlate: InvalidateAllWidgets triggered.  All widgets were invalidated
[2022.01.03-22.18.28:369][  0]LogAudio: Display: Audio Device unregistered from world 'None'.
[2022.01.03-22.18.28:372][  0]LogUObjectHash: Compacting FUObjectHashTables data took   1.21ms
[2022.01.03-22.18.29:039][  0]LogAudio: Display: Audio Device (ID: 1) registered with world 'Map'.
[2022.01.03-22.18.29:048][  0]LogAIModule: Creating AISystem for world Map
[2022.01.03-22.18.29:048][  0]LogLoad: Game class is 'BaseGameMode_C'
[2022.01.03-22.18.29:050][  0]LogWorld: Bringing World /Game/Map/Map.Map up for play (max tick rate 0) at 2022.01.04-02.18.29
[2022.01.03-22.18.29:050][  0]LogWorld: Bringing up level for play took: 0.000801
[2022.01.03-22.18.29:051][  0]LogGameMode: FindPlayerStart: PATHS NOT DEFINED or NO PLAYERSTART with positive rating
[2022.01.03-22.18.29:070][  0]LogViewport: Display: Viewport MouseLockMode Changed, LockOnCapture -> DoNotLock
[2022.01.03-22.18.29:070][  0]LogViewport: Display: Viewport MouseCaptureMode Changed, CapturePermanently_IncludingInitialMouseDown -> NoCapture
[2022.01.03-22.18.29:070][  0]r.SetRes = "1920 x 1080f"
[2022.01.03-22.18.29:071][  0]LogLoad: Took 0.710028 seconds to LoadMap(/Game/Map/Map)
[2022.01.03-22.18.30:027][  0]LogSlate: Took 0.000182 seconds to synchronously load lazily loaded font '../../../Engine/Content/Slate/Fonts/Roboto-Regular.ttf' (155K)
[2022.01.03-22.18.30:083][  0]LogRenderer: Reallocating scene render targets to support 1920x1080 Format 10 NumSamples 1 (Frame:1).
[2022.01.03-22.18.30:083][  0]LogInit: Display: Engine is initialized. Leaving FEngineLoop::Init()
[2022.01.03-22.18.30:083][  0]LogLoad: (Engine Initialization) Total time: 8.59 seconds
[2022.01.03-22.18.30:083][  0]LogLoad: (Engine Initialization) Total Blueprint compile time: 0.00 seconds
[2022.01.03-22.18.30:194][  0]LogContentStreaming: Texture pool size now 1000 MB
[2022.01.03-22.18.30:218][  0]LogSlate: InvalidateAllWidgets triggered.  All widgets were invalidated
[2022.01.03-22.18.30:547][  1]LogSlate: Took 0.000176 seconds to synchronously load lazily loaded font '../../../Engine/Content/Slate/Fonts/Roboto-Regular.ttf' (155K)
[2022.01.03-22.19.07:691][496]LogWindowsDesktop: Alt-F4 pressed!
[2022.01.03-22.19.07:723][496]LogSlate: Window 'Dungeoner (64-bit Development PCD3D_SM5) ' being destroyed
[2022.01.03-22.19.07:945][496]LogWindowsTextInputMethodSystem: Display: IME system deactivated.
[2022.01.03-22.19.07:948][496]LogWindowsTextInputMethodSystem: Display: IME system deactivated.
[2022.01.03-22.19.07:954][496]LogSlate: Updating window title bar state: overlay mode, drag disabled, window buttons hidden, title bar hidden
[2022.01.03-22.19.07:954][496]LogEngine: All Windows Closed
[2022.01.03-22.19.07:954][496]LogWindows: FPlatformMisc::RequestExit(0)
[2022.01.03-22.19.07:954][496]LogWindows: FPlatformMisc::RequestExitWithStatus(0, 0)
[2022.01.03-22.19.07:954][496]LogCore: Engine exit requested (reason: Win RequestExit)
[2022.01.03-22.19.07:955][497]LogCore: Engine exit requested (reason: EngineExit() was called; note: exit was already requested)
[2022.01.03-22.19.07:955][497]LogInit: Display: PreExit Game.
[2022.01.03-22.19.07:955][497]LogWorld: BeginTearingDown for /Game/Map/Map
[2022.01.03-22.19.07:955][497]LogWorld: UWorld::CleanupWorld for Map, bSessionEnded=true, bCleanupResources=true
[2022.01.03-22.19.07:956][497]LogSlate: InvalidateAllWidgets triggered.  All widgets were invalidated
[2022.01.03-22.19.07:960][497]LogAudio: Display: Beginning Audio Device Manager Shutdown (Module: AudioMixerXAudio2)...
[2022.01.03-22.19.07:960][497]LogAudio: Display: Destroying 1 Remaining Audio Device(s)...
[2022.01.03-22.19.07:960][497]LogAudio: Display: Audio Device unregistered from world 'Map'.
[2022.01.03-22.19.08:009][497]LogAudioMixer: FMixerPlatformXAudio2::StopAudioStream() called
[2022.01.03-22.19.08:010][497]LogAudioMixer: FMixerPlatformXAudio2::StopAudioStream() called
[2022.01.03-22.19.08:036][497]LogAudio: Display: Audio Device Manager Shutdown
[2022.01.03-22.19.08:038][497]LogExit: Preparing to exit.
[2022.01.03-22.19.08:532][497]LogSlate: Updating window title bar state: overlay mode, drag disabled, window buttons hidden, title bar hidden
[2022.01.03-22.19.08:542][497]LogUObjectHash: Compacting FUObjectHashTables data took   1.69ms
[2022.01.03-22.19.08:587][497]LogMoviePlayer: Shutting down movie player
[2022.01.03-22.19.08:715][497]LogDemo: Cleaned up 0 splitscreen connections with owner deletion
[2022.01.03-22.19.08:721][497]LogExit: Game engine shut down
[2022.01.03-22.19.08:777][497]LogExit: Object subsystem successfully closed.
[2022.01.03-22.19.08:784][497]LogShaderCompilers: Display: === FShaderJobCache stats ===
[2022.01.03-22.19.08:784][497]LogShaderCompilers: Display: Total job queries 0, among them cache hits 0 (0.00%)
[2022.01.03-22.19.08:784][497]LogShaderCompilers: Display: Tracking 0 distinct input hashes that result in 0 distinct outputs (0.00%)
[2022.01.03-22.19.08:784][497]LogShaderCompilers: Display: RAM used: 0.00 MB (0.00 GB) of 409.60 MB (0.40 GB) budget. Usage: 0.00%
[2022.01.03-22.19.08:784][497]LogShaderCompilers: Display: ================================================
[2022.01.03-22.19.08:798][497]LogShaderCompilers: Display: Shaders left to compile 0
[2022.01.03-22.19.08:798][497]LogShaderCompilers: Display: Shaders left to compile 0
[2022.01.03-22.19.08:809][497]LogModuleManager: Shutting down and abandoning module SequenceRecorderSections (560)
[2022.01.03-22.19.08:809][497]LogModuleManager: Shutting down and abandoning module SequenceRecorder (558)
[2022.01.03-22.19.08:809][497]LogModuleManager: Shutting down and abandoning module AutomationController (556)
[2022.01.03-22.19.08:809][497]LogModuleManager: Shutting down and abandoning module AutomationWorker (554)
[2022.01.03-22.19.08:809][497]LogModuleManager: Shutting down and abandoning module Voice (552)
[2022.01.03-22.19.08:809][497]LogModuleManager: Shutting down and abandoning module AIModule (550)
[2022.01.03-22.19.08:809][497]LogModuleManager: Shutting down and abandoning module GameplayDebugger (549)
[2022.01.03-22.19.08:809][497]LogModuleManager: Shutting down and abandoning module AITestSuite (547)
[2022.01.03-22.19.08:809][497]LogModuleManager: Shutting down and abandoning module NavigationSystem (545)
[2022.01.03-22.19.08:809][497]LogModuleManager: Shutting down and abandoning module SteamVREditor (542)
[2022.01.03-22.19.08:809][497]LogModuleManager: Shutting down and abandoning module ToolMenus (541)
[2022.01.03-22.19.08:809][497]LogModuleManager: Shutting down and abandoning module OculusMR (538)
[2022.01.03-22.19.08:809][497]LogModuleManager: Shutting down and abandoning module TakeRecorderSources (536)
[2022.01.03-22.19.08:809][497]LogModuleManager: Shutting down and abandoning module TakeRecorder (535)
[2022.01.03-22.19.08:809][497]LogModuleManager: Shutting down and abandoning module TakeTrackRecorders (532)
[2022.01.03-22.19.08:809][497]LogModuleManager: Shutting down and abandoning module TakesCore (530)
[2022.01.03-22.19.08:809][497]LogModuleManager: Shutting down and abandoning module OpenXRInput (528)
[2022.01.03-22.19.08:809][497]LogModuleManager: Shutting down and abandoning module WmfMediaFactory (526)
[2022.01.03-22.19.08:809][497]LogModuleManager: Shutting down and abandoning module WebMMediaFactory (524)
[2022.01.03-22.19.08:809][497]LogModuleManager: Shutting down and abandoning module WebMMedia (522)
[2022.01.03-22.19.08:809][497]LogModuleManager: Shutting down and abandoning module OpenExrWrapper (520)
[2022.01.03-22.19.08:809][497]LogModuleManager: Shutting down and abandoning module ImgMediaFactory (518)
[2022.01.03-22.19.08:809][497]LogModuleManager: Shutting down and abandoning module AvfMediaFactory (516)
[2022.01.03-22.19.08:809][497]LogModuleManager: Shutting down and abandoning module MagicLeapMediaCodecFactory (514)
[2022.01.03-22.19.08:809][497]LogModuleManager: Shutting down and abandoning module MagicLeapMediaFactory (512)
[2022.01.03-22.19.08:809][497]LogModuleManager: Shutting down and abandoning module PlanarCut (510)
[2022.01.03-22.19.08:809][497]LogModuleManager: Shutting down and abandoning module CharacterAI (508)
[2022.01.03-22.19.08:809][497]LogModuleManager: Shutting down and abandoning module SessionServices (506)
[2022.01.03-22.19.08:809][497]LogModuleManager: Shutting down and abandoning module MovieSceneCapture (504)
[2022.01.03-22.19.08:809][497]LogModuleManager: Shutting down and abandoning module LiveCoding (502)
[2022.01.03-22.19.08:809][497]LogModuleManager: Shutting down and abandoning module LevelSequence (500)
[2022.01.03-22.19.08:809][497]LogModuleManager: Shutting down and abandoning module MovieSceneTracks (498)
[2022.01.03-22.19.08:810][497]LogModuleManager: Shutting down and abandoning module MovieScene (496)
[2022.01.03-22.19.08:810][497]LogModuleManager: Shutting down and abandoning module StreamingPauseRendering (494)
[2022.01.03-22.19.08:810][497]LogModuleManager: Shutting down and abandoning module PortalServices (492)
[2022.01.03-22.19.08:810][497]LogModuleManager: Shutting down and abandoning module PortalRpc (490)
[2022.01.03-22.19.08:810][497]LogModuleManager: Shutting down and abandoning module MessagingRpc (488)
[2022.01.03-22.19.08:810][497]LogModuleManager: Shutting down and abandoning module AudioMixerXAudio2 (486)
[2022.01.03-22.19.08:810][497]LogModuleManager: Shutting down and abandoning module AudioMixerCore (485)
[2022.01.03-22.19.08:810][497]LogModuleManager: Shutting down and abandoning module ImageWriteQueue (482)
[2022.01.03-22.19.08:810][497]LogModuleManager: Shutting down and abandoning module ProfilerService (480)
[2022.01.03-22.19.08:976][497]LogModuleManager: Shutting down and abandoning module TaskGraph (478)
[2022.01.03-22.19.08:976][497]LogModuleManager: Shutting down and abandoning module OculusInput (476)
[2022.01.03-22.19.08:976][497]LogModuleManager: Shutting down and abandoning module TakeMovieScene (474)
[2022.01.03-22.19.08:976][497]LogModuleManager: Shutting down and abandoning module Synthesis (472)
[2022.01.03-22.19.08:977][497]LogModuleManager: Shutting down and abandoning module ProceduralMeshComponent (470)
[2022.01.03-22.19.08:977][497]LogModuleManager: Shutting down and abandoning module MobilePatchingUtils (468)
[2022.01.03-22.19.08:977][497]LogModuleManager: Shutting down and abandoning module GooglePAD (466)
[2022.01.03-22.19.08:977][497]LogModuleManager: Shutting down and abandoning module EditableMesh (464)
[2022.01.03-22.19.08:977][497]LogModuleManager: Shutting down and abandoning module CustomMeshComponent (462)
[2022.01.03-22.19.08:977][497]LogModuleManager: Shutting down and abandoning module CableComponent (460)
[2022.01.03-22.19.08:977][497]LogModuleManager: Shutting down and abandoning module AudioCapture (458)
[2022.01.03-22.19.08:977][497]LogModuleManager: Shutting down and abandoning module AudioCaptureRtAudio (457)
[2022.01.03-22.19.08:977][497]LogModuleManager: Shutting down and abandoning module AssetTags (454)
[2022.01.03-22.19.08:977][497]LogModuleManager: Shutting down and abandoning module ArchVisCharacter (452)
[2022.01.03-22.19.08:977][497]LogModuleManager: Shutting down and abandoning module AppleImageUtilsBlueprintSupport (450)
[2022.01.03-22.19.08:977][497]LogModuleManager: Shutting down and abandoning module AppleImageUtils (448)
[2022.01.03-22.19.08:977][497]LogModuleManager: Shutting down and abandoning module AndroidPermission (446)
[2022.01.03-22.19.08:977][497]LogModuleManager: Shutting down and abandoning module ActorLayerUtilities (444)
[2022.01.03-22.19.08:977][497]LogModuleManager: Shutting down and abandoning module TemplateSequence (442)
[2022.01.03-22.19.08:977][497]LogModuleManager: Shutting down and abandoning module MediaCompositing (440)
[2022.01.03-22.19.08:977][497]LogModuleManager: Shutting down and abandoning module ImgMedia (438)
[2022.01.03-22.19.08:977][497]LogModuleManager: Shutting down and abandoning module MagicLeapSharedWorld (436)
[2022.01.03-22.19.08:977][497]LogModuleManager: Shutting down and abandoning module MagicLeapLightEstimation (434)
[2022.01.03-22.19.08:977][497]LogModuleManager: Shutting down and abandoning module MagicLeapHelperVulkan (432)
[2022.01.03-22.19.08:977][497]LogModuleManager: Shutting down and abandoning module MagicLeapHelperOpenGL (430)
[2022.01.03-22.19.08:977][497]LogModuleManager: Shutting down and abandoning module MagicLeapAudio (428)
[2022.01.03-22.19.08:977][497]LogModuleManager: Shutting down and abandoning module MotoSynth (426)
[2022.01.03-22.19.08:977][497]LogModuleManager: Shutting down and abandoning module OpenImageDenoise (424)
[2022.01.03-22.19.08:977][497]LogOpenImageDenoise: OIDN shutting down
[2022.01.03-22.19.08:977][497]LogModuleManager: Shutting down and abandoning module MeshConversion (422)
[2022.01.03-22.19.08:977][497]LogModuleManager: Shutting down and abandoning module DynamicMesh (420)
[2022.01.03-22.19.08:977][497]LogModuleManager: Shutting down and abandoning module GeometryAlgorithms (418)
[2022.01.03-22.19.08:977][497]LogModuleManager: Shutting down and abandoning module GeometricObjects (416)
[2022.01.03-22.19.08:978][497]LogModuleManager: Shutting down and abandoning module GeometryCollectionTracks (414)
[2022.01.03-22.19.08:978][497]LogModuleManager: Shutting down and abandoning module GeometryCollectionSequencer (413)
[2022.01.03-22.19.08:978][497]LogModuleManager: Shutting down and abandoning module GeometryCacheTracks (410)
[2022.01.03-22.19.08:978][497]LogModuleManager: Shutting down and abandoning module GeometryCacheSequencer (409)
[2022.01.03-22.19.08:978][497]LogModuleManager: Shutting down and abandoning module GeometryCache (406)
[2022.01.03-22.19.08:978][497]LogModuleManager: Shutting down and abandoning module GeometryCacheEd (405)
[2022.01.03-22.19.08:978][497]LogModuleManager: Shutting down and abandoning module ChaosNiagara (402)
[2022.01.03-22.19.08:978][497]LogModuleManager: Shutting down and abandoning module FieldSystemEngine (401)
[2022.01.03-22.19.08:978][497]LogModuleManager: Shutting down and abandoning module BackChannel (398)
[2022.01.03-22.19.08:978][497]LogModuleManager: Shutting down and abandoning module AutomationUtils (396)
[2022.01.03-22.19.08:978][497]LogModuleManager: Shutting down and abandoning module VisualStudioSourceCodeAccess (394)
[2022.01.03-22.19.08:978][497]LogModuleManager: Shutting down and abandoning module HotReload (393)
[2022.01.03-22.19.08:978][497]LogModuleManager: Shutting down and abandoning module VisualStudioCodeSourceCodeAccess (390)
[2022.01.03-22.19.08:978][497]LogModuleManager: Shutting down and abandoning module UObjectPlugin (388)
[2022.01.03-22.19.08:978][497]LogModuleManager: Shutting down and abandoning module SubversionSourceControl (386)
[2022.01.03-22.19.08:978][497]LogModuleManager: Shutting down and abandoning module PerforceSourceControl (384)
[2022.01.03-22.19.08:978][497]LogModuleManager: Shutting down and abandoning module SourceControl (383)
[2022.01.03-22.19.08:979][497]LogModuleManager: Shutting down and abandoning module CLionSourceCodeAccess (380)
[2022.01.03-22.19.08:979][497]LogModuleManager: Shutting down and abandoning module OodleNetworkHandlerComponent (378)
[2022.01.03-22.19.08:979][497]LogModuleManager: Shutting down and abandoning module LiveLinkSequencer (376)
[2022.01.03-22.19.08:979][497]LogModuleManager: Shutting down and abandoning module LiveLinkMovieScene (374)
[2022.01.03-22.19.08:979][497]LogModuleManager: Shutting down and abandoning module LiveLinkGraphNode (372)
[2022.01.03-22.19.08:979][497]LogModuleManager: Shutting down and abandoning module LiveLinkComponents (370)
[2022.01.03-22.19.08:979][497]LogModuleManager: Shutting down and abandoning module LiveLink (368)
[2022.01.03-22.19.09:576][497]LogModuleManager: Shutting down and abandoning module Dungeoner (366)
[2022.01.03-22.19.09:576][497]LogModuleManager: Shutting down and abandoning module SoundFields (364)
[2022.01.03-22.19.09:576][497]LogModuleManager: Shutting down and abandoning module SignificanceManager (362)
[2022.01.03-22.19.09:576][497]LogModuleManager: Shutting down and abandoning module RuntimePhysXCooking (360)
[2022.01.03-22.19.09:576][497]LogModuleManager: Shutting down and abandoning module PropertyAccessEditor (358)
[2022.01.03-22.19.09:576][497]LogModuleManager: Shutting down and abandoning module PhysXVehiclesEditor (356)
[2022.01.03-22.19.09:576][497]LogModuleManager: Shutting down and abandoning module LocationServicesBPLibrary (352)
[2022.01.03-22.19.09:576][497]LogModuleManager: Shutting down and abandoning module AudioSynesthesia (350)
[2022.01.03-22.19.09:576][497]LogModuleManager: Shutting down and abandoning module AudioSynesthesiaCore (348)
[2022.01.03-22.19.09:576][497]LogModuleManager: Shutting down and abandoning module ActorSequence (346)
[2022.01.03-22.19.09:576][497]LogModuleManager: Shutting down and abandoning module UdpMessaging (344)
[2022.01.03-22.19.09:678][497]LogModuleManager: Shutting down and abandoning module TcpMessaging (342)
[2022.01.03-22.19.09:779][497]LogModuleManager: Shutting down and abandoning module ImgMediaEngine (340)
[2022.01.03-22.19.09:779][497]LogModuleManager: Shutting down and abandoning module MagicLeapARPin (338)
[2022.01.03-22.19.09:779][497]LogModuleManager: Shutting down and abandoning module MagicLeapHandMeshing (336)
[2022.01.03-22.19.09:779][497]LogModuleManager: Shutting down and abandoning module MagicLeapSecureStorage (334)
[2022.01.03-22.19.09:779][497]LogModuleManager: Shutting down and abandoning module MagicLeapPrivileges (332)
[2022.01.03-22.19.09:779][497]LogModuleManager: Shutting down and abandoning module MagicLeapPlanes (330)
[2022.01.03-22.19.09:779][497]LogMagicLeapPlanes: Planes tracker already destroyed.
[2022.01.03-22.19.09:779][497]LogModuleManager: Shutting down and abandoning module MagicLeapImageTracker (328)
[2022.01.03-22.19.09:779][497]LogModuleManager: Shutting down and abandoning module MagicLeapIdentity (326)
[2022.01.03-22.19.09:779][497]LogModuleManager: Shutting down and abandoning module MagicLeapHandTracking (324)
[2022.01.03-22.19.09:779][497]LogModuleManager: Shutting down and abandoning module MagicLeapEyeTracker (322)
[2022.01.03-22.19.09:779][497]LogModuleManager: Shutting down and abandoning module MagicLeapController (320)
[2022.01.03-22.19.09:779][497]LogModuleManager: Shutting down and abandoning module MagicLeapARPinImpl (318)
[2022.01.03-22.19.09:779][497]LogModuleManager: Shutting down and abandoning module MagicLeapAR (316)
[2022.01.03-22.19.09:779][497]LogModuleManager: Shutting down and abandoning module PythonScriptPlugin (314)
[2022.01.03-22.19.09:779][497]LogModuleManager: Shutting down and abandoning module NiagaraAnimNotifies (312)
[2022.01.03-22.19.09:779][497]LogModuleManager: Shutting down and abandoning module Niagara (310)
[2022.01.03-22.19.09:779][497]LogModuleManager: Shutting down and abandoning module SignalProcessing (309)
[2022.01.03-22.19.09:779][497]LogModuleManager: Shutting down and abandoning module NiagaraEditor (307)
[2022.01.03-22.19.09:780][497]LogModuleManager: Shutting down and abandoning module ContentBrowser (306)
[2022.01.03-22.19.09:780][497]LogModuleManager: Shutting down and abandoning module CollectionManager (305)
[2022.01.03-22.19.09:781][497]LogModuleManager: Shutting down and abandoning module DirectoryWatcher (304)
[2022.01.03-22.19.09:781][497]LogModuleManager: Shutting down and abandoning module ContentBrowserData (301)
[2022.01.03-22.19.09:781][497]LogModuleManager: Shutting down and abandoning module NiagaraCore (296)
[2022.01.03-22.19.09:781][497]LogModuleManager: Shutting down and abandoning module GameplayTagsEditor (294)
[2022.01.03-22.19.09:781][497]LogModuleManager: Shutting down and abandoning module FacialAnimation (292)
[2022.01.03-22.19.09:781][497]LogModuleManager: Shutting down and abandoning module AssetManagerEditor (290)
[2022.01.03-22.19.09:781][497]LogModuleManager: Shutting down and abandoning module TreeMap (289)
[2022.01.03-22.19.09:781][497]LogModuleManager: Shutting down and abandoning module PropertyAccessNode (286)
[2022.01.03-22.19.09:781][497]LogModuleManager: Shutting down and abandoning module AnimationSharing (284)
[2022.01.03-22.19.09:781][497]LogModuleManager: Shutting down and abandoning module GameplayCameras (282)
[2022.01.03-22.19.09:781][497]LogModuleManager: Shutting down and abandoning module LightPropagationVolumeRuntime (280)
[2022.01.03-22.19.09:781][497]LogModuleManager: Shutting down and abandoning module EnvironmentQueryEditor (278)
[2022.01.03-22.19.09:781][497]LogModuleManager: Shutting down and abandoning module Paper2D (276)
[2022.01.03-22.19.09:781][497]LogModuleManager: Shutting down and abandoning module WindowsMoviePlayer (274)
[2022.01.03-22.19.09:783][497]LogModuleManager: Shutting down and abandoning module WebMMoviePlayer (272)
[2022.01.03-22.19.09:783][497]LogModuleManager: Shutting down and abandoning module NetworkReplayStreaming (270)
[2022.01.03-22.19.09:783][497]LogModuleManager: Shutting down and abandoning module PacketHandler (268)
[2022.01.03-22.19.09:783][497]LogModuleManager: Shutting down and abandoning module ClothingSystemEditor (266)
[2022.01.03-22.19.09:783][497]LogModuleManager: Shutting down and abandoning module ClothingSystemRuntimeNv (264)
[2022.01.03-22.19.09:783][497]LogModuleManager: Shutting down and abandoning module MediaAssets (262)
[2022.01.03-22.19.09:783][497]LogModuleManager: Shutting down and abandoning module Overlay (260)
[2022.01.03-22.19.09:783][497]LogModuleManager: Shutting down and abandoning module OverlayEditor (259)
[2022.01.03-22.19.09:783][497]LogModuleManager: Shutting down and abandoning module VREditor (256)
[2022.01.03-22.19.09:783][497]LogModuleManager: Shutting down and abandoning module StringTableEditor (254)
[2022.01.03-22.19.09:783][497]LogModuleManager: Shutting down and abandoning module GameplayTasksEditor (252)
[2022.01.03-22.19.09:783][497]LogModuleManager: Shutting down and abandoning module BehaviorTreeEditor (250)
[2022.01.03-22.19.09:783][497]LogModuleManager: Shutting down and abandoning module FunctionalTesting (248)
[2022.01.03-22.19.09:783][497]LogModuleManager: Shutting down and abandoning module CollisionAnalyzer (246)
[2022.01.03-22.19.09:783][497]LogModuleManager: Shutting down and abandoning module WorkspaceMenuStructure (245)
[2022.01.03-22.19.09:783][497]LogModuleManager: Shutting down and abandoning module UMG (242)
[2022.01.03-22.19.09:783][497]LogModuleManager: Shutting down and abandoning module UMGEditor (241)
[2022.01.03-22.19.09:783][497]LogModuleManager: Shutting down and abandoning module Sequencer (240)
[2022.01.03-22.19.09:783][497]LogModuleManager: Shutting down and abandoning module MessageLog (237)
[2022.01.03-22.19.09:784][497]LogModuleManager: Shutting down and abandoning module SlateReflector (232)
[2022.01.03-22.19.09:784][497]LogModuleManager: Shutting down and abandoning module Slate (230)
[2022.01.03-22.19.09:784][497]LogModuleManager: Shutting down and abandoning module SlateCore (228)
[2022.01.03-22.19.09:786][497]LogModuleManager: Shutting down and abandoning module LandscapeEditorUtilities (226)
[2022.01.03-22.19.09:786][497]LogModuleManager: Shutting down and abandoning module UnrealEd (224)
[2022.01.03-22.19.09:786][497]LogModuleManager: Shutting down and abandoning module MRMesh (222)
[2022.01.03-22.19.09:787][497]LogModuleManager: Shutting down and abandoning module Messaging (220)
[2022.01.03-22.19.09:787][497]LogModuleManager: Shutting down and abandoning module SourceCodeAccess (218)
[2022.01.03-22.19.09:787][497]LogModuleManager: Shutting down and abandoning module HeadMountedDisplay (216)
[2022.01.03-22.19.09:787][497]LogModuleManager: Shutting down and abandoning module XAudio2 (214)
[2022.01.03-22.19.09:787][497]LogModuleManager: Shutting down and abandoning module Networking (212)
[2022.01.03-22.19.09:787][497]LogModuleManager: Shutting down and abandoning module Core (210)
[2022.01.03-22.19.09:787][497]LogModuleManager: Shutting down and abandoning module MaterialEditor (208)
[2022.01.03-22.19.09:787][497]LogModuleManager: Shutting down and abandoning module MovieSceneTools (206)
[2022.01.03-22.19.09:787][497]LogModuleManager: Shutting down and abandoning module EditorStyle (205)
[2022.01.03-22.19.09:788][497]LogModuleManager: Shutting down and abandoning module KismetCompiler (202)
[2022.01.03-22.19.09:788][497]LogModuleManager: Shutting down and abandoning module MeshBuilder (200)
[2022.01.03-22.19.09:788][497]LogModuleManager: Shutting down and abandoning module MeshUtilities (198)
[2022.01.03-22.19.09:788][497]LogModuleManager: Shutting down and abandoning module MeshMergeUtilities (197)
[2022.01.03-22.19.09:788][497]LogModuleManager: Shutting down and abandoning module MeshReductionInterface (196)
[2022.01.03-22.19.09:789][497]LogModuleManager: Shutting down and abandoning module MeshBoneReduction (195)
[2022.01.03-22.19.09:789][497]LogModuleManager: Shutting down and abandoning module SkeletalMeshReduction (193)
[2022.01.03-22.19.09:789][497]LogModuleManager: Shutting down and abandoning module ProxyLODMeshReduction (191)
[2022.01.03-22.19.09:789][497]LogModuleManager: Shutting down and abandoning module QuadricMeshReduction (189)
[2022.01.03-22.19.09:789][497]LogModuleManager: Shutting down and abandoning module MaterialBaking (185)
[2022.01.03-22.19.09:789][497]LogModuleManager: Shutting down and abandoning module NullInstallBundleManager (180)
[2022.01.03-22.19.09:789][497]LogModuleManager: Shutting down and abandoning module PIEPreviewDeviceProfileSelector (178)
[2022.01.03-22.19.09:789][497]LogModuleManager: Shutting down and abandoning module DerivedDataCache (176)
[2022.01.03-22.19.09:789][497]LogModuleManager: Shutting down and abandoning module TargetPlatform (174)
[2022.01.03-22.19.09:789][497]LogModuleManager: Shutting down and abandoning module VulkanShaderFormat (173)
[2022.01.03-22.19.09:789][497]LogModuleManager: Shutting down and abandoning module ShaderFormatVectorVM (171)
[2022.01.03-22.19.09:789][497]LogModuleManager: Shutting down and abandoning module ShaderFormatOpenGL (169)
[2022.01.03-22.19.09:789][497]LogModuleManager: Shutting down and abandoning module ShaderFormatD3D (167)
[2022.01.03-22.19.09:789][497]LogModuleManager: Shutting down and abandoning module MetalShaderFormat (165)
[2022.01.03-22.19.09:789][497]LogModuleManager: Shutting down and abandoning module TextureFormatOodle (163)
[2022.01.03-22.19.09:789][497]LogModuleManager: Shutting down and abandoning module TextureFormatUncompressed (161)
[2022.01.03-22.19.09:789][497]LogModuleManager: Shutting down and abandoning module TextureFormatPVR (159)
[2022.01.03-22.19.09:789][497]LogModuleManager: Shutting down and abandoning module TextureFormatETC2 (157)
[2022.01.03-22.19.09:789][497]LogModuleManager: Shutting down and abandoning module TextureFormatDXT (155)
[2022.01.03-22.19.09:790][497]LogModuleManager: Shutting down and abandoning module TextureFormatIntelISPCTexComp (153)
[2022.01.03-22.19.09:790][497]LogModuleManager: Shutting down and abandoning module TextureFormatASTC (151)
[2022.01.03-22.19.09:790][497]LogModuleManager: Shutting down and abandoning module ImageWrapper (150)
[2022.01.03-22.19.09:790][497]LogModuleManager: Shutting down and abandoning module AudioFormatOpus (147)
[2022.01.03-22.19.09:790][497]LogModuleManager: Shutting down and abandoning module AudioFormatOgg (145)
[2022.01.03-22.19.09:790][497]LogModuleManager: Shutting down and abandoning module AudioFormatADPCM (143)
[2022.01.03-22.19.09:790][497]LogModuleManager: Shutting down and abandoning module WindowsServerTargetPlatform (141)
[2022.01.03-22.19.09:790][497]LogModuleManager: Shutting down and abandoning module WindowsClientTargetPlatform (139)
[2022.01.03-22.19.09:790][497]LogModuleManager: Shutting down and abandoning module WindowsTargetPlatform (137)
[2022.01.03-22.19.09:790][497]LogModuleManager: Shutting down and abandoning module WindowsNoEditorTargetPlatform (135)
[2022.01.03-22.19.09:790][497]LogModuleManager: Shutting down and abandoning module D3D11RHI (132)
[2022.01.03-22.19.09:790][497]LogModuleManager: Shutting down and abandoning module InputCore (130)
[2022.01.03-22.19.09:790][497]LogModuleManager: Shutting down and abandoning module Settings (128)
[2022.01.03-22.19.09:790][497]LogModuleManager: Shutting down and abandoning module PhysXCooking (126)
[2022.01.03-22.19.09:790][497]LogModuleManager: Shutting down and abandoning module Chaos (124)
[2022.01.03-22.19.09:790][497]LogModuleManager: Shutting down and abandoning module WindowsPlatformFeatures (122)
[2022.01.03-22.19.09:790][497]LogModuleManager: Shutting down and abandoning module GameplayMediaEncoder (121)
[2022.01.03-22.19.09:790][497]LogModuleManager: Shutting down and abandoning module AVEncoder (120)
[2022.01.03-22.19.09:790][497]LogModuleManager: Shutting down and abandoning module SteamVRInputDevice (116)
[2022.01.03-22.19.09:790][497]LogModuleManager: Shutting down and abandoning module SteamVRInput (114)
[2022.01.03-22.19.09:790][497]LogModuleManager: Shutting down and abandoning module SteamVR (112)
[2022.01.03-22.19.09:790][497]LogHMD: Freeing OpenVRDLLHandle.
[2022.01.03-22.19.09:790][497]LogModuleManager: Shutting down and abandoning module OculusHMD (110)
[2022.01.03-22.19.09:790][497]LogModuleManager: Shutting down and abandoning module OpenXRHandTracking (108)
[2022.01.03-22.19.09:791][497]LogSlate: Slate User Destroyed.  User Index 0, Is Virtual User: 0
[2022.01.03-22.19.09:791][497]LogModuleManager: Shutting down and abandoning module OpenXREyeTracker (106)
[2022.01.03-22.19.09:791][497]LogModuleManager: Shutting down and abandoning module OpenXRAR (104)
[2022.01.03-22.19.09:791][497]LogModuleManager: Shutting down and abandoning module AugmentedReality (103)
[2022.01.03-22.19.09:791][497]LogModuleManager: Shutting down and abandoning module OpenXRHMD (100)
[2022.01.03-22.19.09:791][497]LogModuleManager: Shutting down and abandoning module ExampleDeviceProfileSelector (98)
[2022.01.03-22.19.09:791][497]LogModuleManager: Shutting down and abandoning module ChunkDownloader (96)
[2022.01.03-22.19.09:791][497]LogModuleManager: Shutting down and abandoning module LauncherChunkInstaller (94)
[2022.01.03-22.19.09:791][497]LogModuleManager: Shutting down and abandoning module OnlineBlueprintSupport (92)
[2022.01.03-22.19.09:791][497]LogModuleManager: Shutting down and abandoning module OnlineSubsystem (88)
[2022.01.03-22.19.09:793][497]LogModuleManager: Shutting down and abandoning module XMPP (83)
[2022.01.03-22.19.09:793][497]LogModuleManager: Shutting down and abandoning module WebSockets (82)
[2022.01.03-22.19.09:827][497]LogModuleManager: Shutting down and abandoning module HTTP (79)
[2022.01.03-22.19.09:827][497]LogHttp: Display: cleaning up 0 outstanding Http requests.
[2022.01.03-22.19.09:836][497]LogModuleManager: Shutting down and abandoning module SSL (78)
[2022.01.03-22.19.09:838][497]LogModuleManager: Shutting down and abandoning module WmfMedia (74)
[2022.01.03-22.19.09:841][497]LogModuleManager: Shutting down and abandoning module Media (73)
[2022.01.03-22.19.09:843][497]LogModuleManager: Shutting down and abandoning module MediaInfo (72)
[2022.01.03-22.19.09:843][497]LogModuleManager: Shutting down and abandoning module ExrReaderGpu (68)
[2022.01.03-22.19.09:843][497]LogModuleManager: Shutting down and abandoning module MLSDK (66)
[2022.01.03-22.19.09:843][497]LogModuleManager: Shutting down and abandoning module MagicLeap (64)
[2022.01.03-22.19.09:843][497]LogModuleManager: Shutting down and abandoning module NiagaraVertexFactories (62)
[2022.01.03-22.19.09:843][497]LogModuleManager: Shutting down and abandoning module NiagaraShader (60)
[2022.01.03-22.19.09:843][497]LogModuleManager: Shutting down and abandoning module ChaosCloth (58)
[2022.01.03-22.19.09:843][497]LogModuleManager: Shutting down and abandoning module VariantManagerContent (56)
[2022.01.03-22.19.09:843][497]LogModuleManager: Shutting down and abandoning module DatasmithContent (54)
[2022.01.03-22.19.09:844][497]LogModuleManager: Shutting down and abandoning module PixWinPlugin (52)
[2022.01.03-22.19.09:844][497]LogModuleManager: Shutting down and abandoning module AISupportModule (50)
[2022.01.03-22.19.09:844][497]LogModuleManager: Shutting down and abandoning module DesktopPlatform (48)
[2022.01.03-22.19.09:844][497]LogModuleManager: Shutting down and abandoning module PythonScriptPluginPreload (46)
[2022.01.03-22.19.09:844][497]LogModuleManager: Shutting down and abandoning module PlatformCryptoOpenSSL (44)
[2022.01.03-22.19.09:844][497]LogModuleManager: Shutting down and abandoning module PlatformCryptoTypes (42)
[2022.01.03-22.19.09:844][497]LogModuleManager: Shutting down and abandoning module PlatformCrypto (40)
[2022.01.03-22.19.09:844][497]LogModuleManager: Shutting down and abandoning module OodleDataCompressionFormat (38)
[2022.01.03-22.19.09:844][497]LogModuleManager: Shutting down and abandoning module XGEController (36)
[2022.01.03-22.19.09:845][497]LogModuleManager: Shutting down and abandoning module AnimationModifiers (34)
[2022.01.03-22.19.09:845][497]LogModuleManager: Shutting down and abandoning module AudioEditor (32)
[2022.01.03-22.19.09:846][497]LogModuleManager: Shutting down and abandoning module PropertyEditor (31)
[2022.01.03-22.19.09:846][497]LogModuleManager: Shutting down and abandoning module TextureCompressor (28)
[2022.01.03-22.19.09:846][497]LogModuleManager: Shutting down and abandoning module RenderCore (26)
[2022.01.03-22.19.09:846][497]LogModuleManager: Shutting down and abandoning module Landscape (24)
[2022.01.03-22.19.09:846][497]LogModuleManager: Shutting down and abandoning module SlateRHIRenderer (22)
[2022.01.03-22.19.09:847][497]LogModuleManager: Shutting down and abandoning module AnimGraphRuntime (20)
[2022.01.03-22.19.09:847][497]LogModuleManager: Shutting down and abandoning module Renderer (18)
[2022.01.03-22.19.09:847][497]LogModuleManager: Shutting down and abandoning module Engine (16)
[2022.01.03-22.19.09:847][497]LogModuleManager: Shutting down and abandoning module CoreUObject (14)
[2022.01.03-22.19.09:847][497]LogModuleManager: Shutting down and abandoning module NetworkFile (12)
[2022.01.03-22.19.09:847][497]LogModuleManager: Shutting down and abandoning module CookedIterativeFile (10)
[2022.01.03-22.19.09:847][497]LogModuleManager: Shutting down and abandoning module StreamingFile (8)
[2022.01.03-22.19.09:847][497]LogModuleManager: Shutting down and abandoning module SandboxFile (6)
[2022.01.03-22.19.09:847][497]LogModuleManager: Shutting down and abandoning module PakFile (4)
[2022.01.03-22.19.09:847][497]LogModuleManager: Shutting down and abandoning module RSA (3)
[2022.01.03-22.19.09:881][497]LogContentStreaming: Display: There are 1 unreleased StreamingManagers
[2022.01.03-22.19.09:887][497]LogD3D11RHI: Shutdown
[2022.01.03-22.19.09:887][497]LogD3D11RHI: CleanupD3DDevice
[2022.01.03-22.19.09:888][497]LogExit: Exiting.
[2022.01.03-22.19.09:923][497]Log file closed, 01/04/22 02:19:09
