Log file open, 01/04/22 02:20:56
LogWindows: Failed to load 'aqProf.dll' (GetLastError=126)
LogWindows: File 'aqProf.dll' does not exist
LogWindows: Failed to load 'VtuneApi.dll' (GetLastError=126)
LogWindows: File 'VtuneApi.dll' does not exist
LogWindows: Failed to load 'VtuneApi32e.dll' (GetLastError=126)
LogWindows: File 'VtuneApi32e.dll' does not exist
LogConsoleResponse: Display: Failed to find resolution value strings in scalability ini. Falling back to default.
LogConsoleResponse: Display: Failed to find resolution value strings in scalability ini. Falling back to default.
LogInit: Display: Running engine for game: Dungeoner
LogPlatformFile: Not using cached read wrapper
LogTaskGraph: Started task graph with 5 named threads and 14 total threads with 3 sets of task threads.
LogStats: Stats thread started at 0.266858
LogICUInternationalization: ICU TimeZone Detection - Raw Offset: +4:00, Platform Override: ''
LogInit: Display: Loading text-based GConfig....
LogPluginManager: Mounting plugin MeshPainting
LogPluginManager: Mounting plugin XGEController
LogPluginManager: Mounting plugin Paper2D
LogPluginManager: Mounting plugin LiveLink
LogPluginManager: Mounting plugin AISupport
LogPluginManager: Mounting plugin EnvironmentQueryEditor
LogPluginManager: Mounting plugin CameraShakePreviewer
LogPluginManager: Mounting plugin GameplayCameras
LogPluginManager: Mounting plugin OodleData
LogPluginManager: Mounting plugin OodleNetwork
LogPluginManager: Mounting plugin AnimationSharing
LogPluginManager: Mounting plugin CLionSourceCodeAccess
LogPluginManager: Mounting plugin CodeLiteSourceCodeAccess
LogPluginManager: Mounting plugin GitSourceControl
LogPluginManager: Mounting plugin KDevelopSourceCodeAccess
LogPluginManager: Mounting plugin NullSourceCodeAccess
LogPluginManager: Mounting plugin PerforceSourceControl
LogPluginManager: Mounting plugin PixWinPlugin
LogPluginManager: Mounting plugin PlasticSourceControl
LogPluginManager: Mounting plugin PluginUtils
LogPluginManager: Mounting plugin PropertyAccessNode
LogPluginManager: Mounting plugin RiderSourceCodeAccess
LogPluginManager: Mounting plugin SubversionSourceControl
LogPluginManager: Mounting plugin TextureFormatOodle
LogPluginManager: Mounting plugin UObjectPlugin
LogPluginManager: Mounting plugin VisualStudioCodeSourceCodeAccess
LogPluginManager: Mounting plugin VisualStudioSourceCodeAccess
LogPluginManager: Mounting plugin XCodeSourceCodeAccess
LogPluginManager: Mounting plugin AssetManagerEditor
LogPluginManager: Mounting plugin CryptoKeys
LogPluginManager: Mounting plugin CurveEditorTools
LogPluginManager: Mounting plugin DataValidation
LogPluginManager: Mounting plugin FacialAnimation
LogPluginManager: Mounting plugin GameplayTagsEditor
LogPluginManager: Mounting plugin GeometryMode
LogPluginManager: Mounting plugin MacGraphicsSwitching
LogPluginManager: Mounting plugin MaterialAnalyzer
LogPluginManager: Mounting plugin MobileLauncherProfileWizard
LogPluginManager: Mounting plugin PluginBrowser
LogPluginManager: Mounting plugin SpeedTreeImporter
LogPluginManager: Mounting plugin DatasmithContent
LogPluginManager: Mounting plugin VariantManagerContent
LogPluginManager: Mounting plugin Niagara
LogPluginManager: Mounting plugin AlembicImporter
LogPluginManager: Mounting plugin LightPropagationVolume
LogPluginManager: Mounting plugin LuminPlatformFeatures
LogPluginManager: Mounting plugin MagicLeap
LogPluginManager: Mounting plugin MagicLeapLightEstimation
LogPluginManager: Mounting plugin MagicLeapMedia
LogPluginManager: Mounting plugin MagicLeapPassableWorld
LogPluginManager: Mounting plugin MLSDK
LogPluginManager: Mounting plugin AndroidMedia
LogPluginManager: Mounting plugin AvfMedia
LogPluginManager: Mounting plugin ImgMedia
LogPluginManager: Mounting plugin MediaCompositing
LogPluginManager: Mounting plugin MediaPlayerEditor
LogPluginManager: Mounting plugin WebMMedia
LogPluginManager: Mounting plugin WmfMedia
LogPluginManager: Mounting plugin TcpMessaging
LogPluginManager: Mounting plugin UdpMessaging
LogPluginManager: Mounting plugin ActorSequence
LogPluginManager: Mounting plugin LevelSequenceEditor
LogPluginManager: Mounting plugin MatineeToLevelSequence
LogPluginManager: Mounting plugin TemplateSequence
LogPluginManager: Mounting plugin OnlineSubsystem
LogPluginManager: Mounting plugin OnlineSubsystemNull
LogPluginManager: Mounting plugin OnlineSubsystemUtils
LogPluginManager: Mounting plugin LauncherChunkInstaller
LogPluginManager: Mounting plugin ActorLayerUtilities
LogPluginManager: Mounting plugin AndroidDeviceProfileSelector
LogPluginManager: Mounting plugin AndroidMoviePlayer
LogPluginManager: Mounting plugin AndroidPermission
LogPluginManager: Mounting plugin AppleImageUtils
LogPluginManager: Mounting plugin AppleMoviePlayer
LogPluginManager: Mounting plugin ArchVisCharacter
LogPluginManager: Mounting plugin AssetTags
LogPluginManager: Mounting plugin AudioCapture
LogPluginManager: Mounting plugin AudioSynesthesia
LogPluginManager: Mounting plugin CableComponent
LogPluginManager: Mounting plugin ChunkDownloader
LogPluginManager: Mounting plugin CustomMeshComponent
LogPluginManager: Mounting plugin EditableMesh
LogPluginManager: Mounting plugin ExampleDeviceProfileSelector
LogPluginManager: Mounting plugin GoogleCloudMessaging
LogPluginManager: Mounting plugin GooglePAD
LogPluginManager: Mounting plugin IOSDeviceProfileSelector
LogPluginManager: Mounting plugin LinuxDeviceProfileSelector
LogPluginManager: Mounting plugin LocationServicesBPLibrary
LogPluginManager: Mounting plugin MobilePatchingUtils
LogPluginManager: Mounting plugin OpenXR
LogPluginManager: Mounting plugin OpenXREyeTracker
LogPluginManager: Mounting plugin OpenXRHandTracking
LogPluginManager: Mounting plugin PhysXVehicles
LogPluginManager: Mounting plugin PostSplashScreen
LogPluginManager: Mounting plugin ProceduralMeshComponent
LogPluginManager: Mounting plugin PropertyAccessEditor
LogPluginManager: Mounting plugin RuntimePhysXCooking
LogPluginManager: Mounting plugin SignificanceManager
LogPluginManager: Mounting plugin SoundFields
LogPluginManager: Mounting plugin Synthesis
LogPluginManager: Mounting plugin WebMMoviePlayer
LogPluginManager: Mounting plugin WindowsMoviePlayer
LogPluginManager: Mounting plugin ScreenshotTools
LogPluginManager: Mounting plugin AutomationUtils
LogPluginManager: Mounting plugin BackChannel
LogPluginManager: Mounting plugin ChaosCloth
LogPluginManager: Mounting plugin ChaosClothEditor
LogPluginManager: Mounting plugin ChaosEditor
LogPluginManager: Mounting plugin ChaosNiagara
LogPluginManager: Mounting plugin ChaosSolverPlugin
LogPluginManager: Mounting plugin CharacterAI
LogPluginManager: Mounting plugin GeometryCache
LogPluginManager: Mounting plugin GeometryCollectionPlugin
LogPluginManager: Mounting plugin Takes
LogPluginManager: Mounting plugin GeometryProcessing
LogPluginManager: Mounting plugin OpenImageDenoise
LogPluginManager: Mounting plugin MotoSynth
LogPluginManager: Mounting plugin PlanarCut
LogPluginManager: Mounting plugin PlatformCrypto
LogPluginManager: Mounting plugin ProxyLODPlugin
LogPluginManager: Mounting plugin PythonScriptPlugin
LogPluginManager: Mounting plugin SkeletalReduction
LogPluginManager: Mounting plugin ContentBrowserAssetDataSource
LogPluginManager: Mounting plugin ContentBrowserClassDataSource
LogPluginManager: Mounting plugin ContentBrowserFileDataSource
LogPluginManager: Mounting plugin OnlineSubsystemIOS
LogPluginManager: Mounting plugin OnlineSubsystemGooglePlay
LogPluginManager: Mounting plugin OculusVR
LogPluginManager: Mounting plugin SteamVR
PixWinPlugin: PIX capture plugin failed to initialize! Check that the process is launched from PIX.
LogInit: Using libcurl 7.55.1-DEV
LogInit:  - built for x86_64-pc-win32
LogInit:  - supports SSL with OpenSSL/1.1.1
LogInit:  - supports HTTP deflate (compression) using libz 1.2.8
LogInit:  - other features:
LogInit:      CURL_VERSION_SSL
LogInit:      CURL_VERSION_LIBZ
LogInit:      CURL_VERSION_IPV6
LogInit:      CURL_VERSION_ASYNCHDNS
LogInit:      CURL_VERSION_LARGEFILE
LogInit:      CURL_VERSION_IDN
LogInit:  CurlRequestOptions (configurable via config and command line):
LogInit:  - bVerifyPeer = true  - Libcurl will verify peer certificate
LogInit:  - bUseHttpProxy = false  - Libcurl will NOT use HTTP proxy
LogInit:  - bDontReuseConnections = false  - Libcurl will reuse connections
LogInit:  - MaxHostConnections = 16  - Libcurl will limit the number of connections to a host
LogInit:  - LocalHostAddr = Default
LogInit:  - BufferSize = 65536
LogOnline: OSS: Creating online subsystem instance for: NULL
LogInit: WinSock: version 1.1 (2.2), MaxSocks=32767, MaxUdp=65467
LogOnline: OSS: TryLoadSubsystemAndSetDefault: Loaded subsystem for module [NULL]
LogOculusPluginWrapper: OculusPlugin initialized successfully
LogHMD: Failed initializing OVRPlugin 1.59.0
LogInit: Build: ++UE4+Release-4.27-CL-18319896
LogInit: Engine Version: 4.27.2-18319896+++UE4+Release-4.27
LogInit: Compatible Engine Version: 4.27.0-17155196+++UE4+Release-4.27
LogInit: Net CL: 17155196
LogInit: OS: Windows 10 (Release 2004) (), CPU:         Intel(R) Core(TM) i5-2400 CPU @ 3.10GHz, GPU: NVIDIA GeForce GTX 550 Ti
LogInit: Compiled (64-bit): Nov 30 2021 07:12:08
LogInit: Compiled with Visual C++: 19.24.28315.00
LogInit: Build Configuration: Development
LogInit: Branch Name: ++UE4+Release-4.27
LogInit: Command Line:  /Game/Map/Map -game -PIEVIACONSOLE -Multiprocess "GameUserSettingsINI=E:/Unreal Projects/Dungeoner/Saved/Config/Windows/PIEGameUserSettings0.ini" -MultiprocessSaveConfig -forcepassthrough -messaging -SessionName="Play in Standalone Game" -windowed -WinX=0 -WinY=24 SAVEWINPOS=1 -ResX=1910 -ResY=1006
LogInit: Base Directory: E:/UE_4.27/Engine/Binaries/Win64/
LogInit: Allocator: TBB
LogInit: Installed Engine Build: 1
LogDevObjectVersion: Number of dev versions registered: 29
LogDevObjectVersion:   Dev-Blueprints (B0D832E4-1F89-4F0D-ACCF-7EB736FD4AA2): 10
LogDevObjectVersion:   Dev-Build (E1C64328-A22C-4D53-A36C-8E866417BD8C): 0
LogDevObjectVersion:   Dev-Core (375EC13C-06E4-48FB-B500-84F0262A717E): 4
LogDevObjectVersion:   Dev-Editor (E4B068ED-F494-42E9-A231-DA0B2E46BB41): 40
LogDevObjectVersion:   Dev-Framework (CFFC743F-43B0-4480-9391-14DF171D2073): 37
LogDevObjectVersion:   Dev-Mobile (B02B49B5-BB20-44E9-A304-32B752E40360): 3
LogDevObjectVersion:   Dev-Networking (A4E4105C-59A1-49B5-A7C5-40C4547EDFEE): 0
LogDevObjectVersion:   Dev-Online (39C831C9-5AE6-47DC-9A44-9C173E1C8E7C): 0
LogDevObjectVersion:   Dev-Physics (78F01B33-EBEA-4F98-B9B4-84EACCB95AA2): 14
LogDevObjectVersion:   Dev-Platform (6631380F-2D4D-43E0-8009-CF276956A95A): 0
LogDevObjectVersion:   Dev-Rendering (12F88B9F-8875-4AFC-A67C-D90C383ABD29): 45
LogDevObjectVersion:   Dev-Sequencer (7B5AE74C-D270-4C10-A958-57980B212A5A): 13
LogDevObjectVersion:   Dev-VR (D7296918-1DD6-4BDD-9DE2-64A83CC13884): 3
LogDevObjectVersion:   Dev-LoadTimes (C2A15278-BFE7-4AFE-6C17-90FF531DF755): 1
LogDevObjectVersion:   Private-Geometry (6EACA3D4-40EC-4CC1-B786-8BED09428FC5): 3
LogDevObjectVersion:   Dev-AnimPhys (29E575DD-E0A3-4627-9D10-D276232CDCEA): 17
LogDevObjectVersion:   Dev-Anim (AF43A65D-7FD3-4947-9873-3E8ED9C1BB05): 15
LogDevObjectVersion:   Dev-ReflectionCapture (6B266CEC-1EC7-4B8F-A30B-E4D90942FC07): 1
LogDevObjectVersion:   Dev-Automation (0DF73D61-A23F-47EA-B727-89E90C41499A): 1
LogDevObjectVersion:   FortniteMain (601D1886-AC64-4F84-AA16-D3DE0DEAC7D6): 47
LogDevObjectVersion:   FortniteRelease (E7086368-6B23-4C58-8439-1B7016265E91): 1
LogDevObjectVersion:   Dev-Enterprise (9DFFBCD6-494F-0158-E221-12823C92A888): 10
LogDevObjectVersion:   Dev-Niagara (F2AED0AC-9AFE-416F-8664-AA7FFA26D6FC): 1
LogDevObjectVersion:   Dev-Destruction (174F1F0B-B4C6-45A5-B13F-2EE8D0FB917D): 10
LogDevObjectVersion:   Dev-Physics-Ext (35F94A83-E258-406C-A318-09F59610247C): 41
LogDevObjectVersion:   Dev-PhysicsMaterial-Chaos (B68FC16E-8B1B-42E2-B453-215C058844FE): 1
LogDevObjectVersion:   Dev-CineCamera (B2E18506-4273-CFC2-A54E-F4BB758BBA07): 1
LogDevObjectVersion:   Dev-VirtualProduction (64F58936-FD1B-42BA-BA96-7289D5D0FA4E): 1
LogDevObjectVersion:   Dev-MediaFramework (6F0ED827-A609-4895-9C91-998D90180EA4): 2
LogInit: Presizing for max 25165824 objects, including 0 objects not considered by GC, pre-allocating 0 bytes for permanent pool.
LogConfig: Applying CVar settings from Section [/Script/Engine.StreamingSettings] File [E:/Unreal Projects/Dungeoner/Saved/Config/Windows/Engine.ini]
LogConfig: Setting CVar [[s.MinBulkDataSizeForAsyncLoading:131072]]
LogConfig: Setting CVar [[s.AsyncLoadingThreadEnabled:0]]
LogConfig: Setting CVar [[s.EventDrivenLoaderEnabled:1]]
LogConfig: Setting CVar [[s.WarnIfTimeLimitExceeded:0]]
LogConfig: Setting CVar [[s.TimeLimitExceededMultiplier:1.5]]
LogConfig: Setting CVar [[s.TimeLimitExceededMinTime:0.005]]
LogConfig: Setting CVar [[s.UseBackgroundLevelStreaming:1]]
LogConfig: Setting CVar [[s.PriorityAsyncLoadingExtraTime:15.0]]
LogConfig: Setting CVar [[s.LevelStreamingActorsUpdateTimeLimit:5.0]]
LogConfig: Setting CVar [[s.PriorityLevelStreamingActorsUpdateExtraTime:5.0]]
LogConfig: Setting CVar [[s.LevelStreamingComponentsRegistrationGranularity:10]]
LogConfig: Setting CVar [[s.UnregisterComponentsTimeLimit:1.0]]
LogConfig: Setting CVar [[s.LevelStreamingComponentsUnregistrationGranularity:5]]
LogConfig: Setting CVar [[s.FlushStreamingOnExit:1]]
LogInit: Object subsystem initialized
LogConfig: Setting CVar [[con.DebugEarlyDefault:1]]
LogConfig: Setting CVar [[r.setres:1280x720]]
[2022.01.03-22.20.57:540][  0]LogConfig: Setting CVar [[con.DebugEarlyDefault:1]]
[2022.01.03-22.20.57:540][  0]LogConfig: Setting CVar [[r.setres:1280x720]]
[2022.01.03-22.20.57:540][  0]LogConfig: Applying CVar settings from Section [/Script/Engine.RendererSettings] File [E:/Unreal Projects/Dungeoner/Saved/Config/Windows/Engine.ini]
[2022.01.03-22.20.57:541][  0]LogConfig: Setting CVar [[r.GPUCrashDebugging:0]]
[2022.01.03-22.20.57:541][  0]LogConfig: Applying CVar settings from Section [/Script/Engine.RendererOverrideSettings] File [E:/Unreal Projects/Dungeoner/Saved/Config/Windows/Engine.ini]
[2022.01.03-22.20.57:541][  0]LogConfig: Applying CVar settings from Section [/Script/Engine.StreamingSettings] File [E:/Unreal Projects/Dungeoner/Saved/Config/Windows/Engine.ini]
[2022.01.03-22.20.57:541][  0]LogConfig: Setting CVar [[s.MinBulkDataSizeForAsyncLoading:131072]]
[2022.01.03-22.20.57:541][  0]LogConfig: Setting CVar [[s.AsyncLoadingThreadEnabled:0]]
[2022.01.03-22.20.57:541][  0]LogConfig: Setting CVar [[s.EventDrivenLoaderEnabled:1]]
[2022.01.03-22.20.57:541][  0]LogConfig: Setting CVar [[s.WarnIfTimeLimitExceeded:0]]
[2022.01.03-22.20.57:541][  0]LogConfig: Setting CVar [[s.TimeLimitExceededMultiplier:1.5]]
[2022.01.03-22.20.57:541][  0]LogConfig: Setting CVar [[s.TimeLimitExceededMinTime:0.005]]
[2022.01.03-22.20.57:541][  0]LogConfig: Setting CVar [[s.UseBackgroundLevelStreaming:1]]
[2022.01.03-22.20.57:541][  0]LogConfig: Setting CVar [[s.PriorityAsyncLoadingExtraTime:15.0]]
[2022.01.03-22.20.57:541][  0]LogConfig: Setting CVar [[s.LevelStreamingActorsUpdateTimeLimit:5.0]]
[2022.01.03-22.20.57:541][  0]LogConfig: Setting CVar [[s.PriorityLevelStreamingActorsUpdateExtraTime:5.0]]
[2022.01.03-22.20.57:541][  0]LogConfig: Setting CVar [[s.LevelStreamingComponentsRegistrationGranularity:10]]
[2022.01.03-22.20.57:541][  0]LogConfig: Setting CVar [[s.UnregisterComponentsTimeLimit:1.0]]
[2022.01.03-22.20.57:541][  0]LogConfig: Setting CVar [[s.LevelStreamingComponentsUnregistrationGranularity:5]]
[2022.01.03-22.20.57:541][  0]LogConfig: Setting CVar [[s.FlushStreamingOnExit:1]]
[2022.01.03-22.20.57:541][  0]LogConfig: Applying CVar settings from Section [/Script/Engine.GarbageCollectionSettings] File [E:/Unreal Projects/Dungeoner/Saved/Config/Windows/Engine.ini]
[2022.01.03-22.20.57:541][  0]LogConfig: Setting CVar [[gc.MaxObjectsNotConsideredByGC:1]]
[2022.01.03-22.20.57:541][  0]LogConfig: Setting CVar [[gc.SizeOfPermanentObjectPool:0]]
[2022.01.03-22.20.57:541][  0]LogConfig: Setting CVar [[gc.FlushStreamingOnGC:0]]
[2022.01.03-22.20.57:541][  0]LogConfig: Setting CVar [[gc.NumRetriesBeforeForcingGC:10]]
[2022.01.03-22.20.57:541][  0]LogConfig: Setting CVar [[gc.AllowParallelGC:1]]
[2022.01.03-22.20.57:541][  0]LogConfig: Setting CVar [[gc.TimeBetweenPurgingPendingKillObjects:61.1]]
[2022.01.03-22.20.57:541][  0]LogConfig: Setting CVar [[gc.MaxObjectsInEditor:25165824]]
[2022.01.03-22.20.57:541][  0]LogConfig: Setting CVar [[gc.IncrementalBeginDestroyEnabled:1]]
[2022.01.03-22.20.57:541][  0]LogConfig: Setting CVar [[gc.CreateGCClusters:1]]
[2022.01.03-22.20.57:541][  0]LogConfig: Setting CVar [[gc.MinGCClusterSize:5]]
[2022.01.03-22.20.57:541][  0]LogConfig: Setting CVar [[gc.ActorClusteringEnabled:0]]
[2022.01.03-22.20.57:541][  0]LogConfig: Setting CVar [[gc.BlueprintClusteringEnabled:0]]
[2022.01.03-22.20.57:541][  0]LogConfig: Setting CVar [[gc.UseDisregardForGCOnDedicatedServers:0]]
[2022.01.03-22.20.57:541][  0]LogConfig: Setting CVar [[gc.MultithreadedDestructionEnabled:1]]
[2022.01.03-22.20.57:541][  0]LogConfig: Applying CVar settings from Section [/Script/Engine.NetworkSettings] File [E:/Unreal Projects/Dungeoner/Saved/Config/Windows/Engine.ini]
[2022.01.03-22.20.57:541][  0]LogConfig: Applying CVar settings from Section [/Script/UnrealEd.CookerSettings] File [E:/Unreal Projects/Dungeoner/Saved/Config/Windows/Engine.ini]
[2022.01.03-22.20.57:548][  0]LogConfig: Applying CVar settings from Section [ViewDistanceQuality@3] File [E:/Unreal Projects/Dungeoner/Saved/Config/Windows/Scalability.ini]
[2022.01.03-22.20.57:548][  0]LogConfig: Setting CVar [[r.SkeletalMeshLODBias:0]]
[2022.01.03-22.20.57:548][  0]LogConfig: Setting CVar [[r.ViewDistanceScale:1.0]]
[2022.01.03-22.20.57:548][  0]LogConfig: Applying CVar settings from Section [AntiAliasingQuality@3] File [E:/Unreal Projects/Dungeoner/Saved/Config/Windows/Scalability.ini]
[2022.01.03-22.20.57:548][  0]LogConfig: Setting CVar [[r.PostProcessAAQuality:4]]
[2022.01.03-22.20.57:548][  0]LogConfig: Applying CVar settings from Section [ShadowQuality@3] File [E:/Unreal Projects/Dungeoner/Saved/Config/Windows/Scalability.ini]
[2022.01.03-22.20.57:548][  0]LogConfig: Setting CVar [[r.LightFunctionQuality:1]]
[2022.01.03-22.20.57:548][  0]LogConfig: Setting CVar [[r.ShadowQuality:5]]
[2022.01.03-22.20.57:548][  0]LogConfig: Setting CVar [[r.Shadow.CSM.MaxCascades:10]]
[2022.01.03-22.20.57:548][  0]LogConfig: Setting CVar [[r.Shadow.MaxResolution:2048]]
[2022.01.03-22.20.57:548][  0]LogConfig: Setting CVar [[r.Shadow.MaxCSMResolution:2048]]
[2022.01.03-22.20.57:548][  0]LogConfig: Setting CVar [[r.Shadow.RadiusThreshold:0.01]]
[2022.01.03-22.20.57:548][  0]LogConfig: Setting CVar [[r.Shadow.DistanceScale:1.0]]
[2022.01.03-22.20.57:548][  0]LogConfig: Setting CVar [[r.Shadow.CSM.TransitionScale:1.0]]
[2022.01.03-22.20.57:548][  0]LogConfig: Setting CVar [[r.Shadow.PreShadowResolutionFactor:1.0]]
[2022.01.03-22.20.57:548][  0]LogConfig: Setting CVar [[r.DistanceFieldShadowing:1]]
[2022.01.03-22.20.57:548][  0]LogConfig: Setting CVar [[r.DistanceFieldAO:1]]
[2022.01.03-22.20.57:548][  0]LogConfig: Setting CVar [[r.AOQuality:2]]
[2022.01.03-22.20.57:548][  0]LogConfig: Setting CVar [[r.VolumetricFog:1]]
[2022.01.03-22.20.57:548][  0]LogConfig: Setting CVar [[r.VolumetricFog.GridPixelSize:8]]
[2022.01.03-22.20.57:548][  0]LogConfig: Setting CVar [[r.VolumetricFog.GridSizeZ:128]]
[2022.01.03-22.20.57:548][  0]LogConfig: Setting CVar [[r.VolumetricFog.HistoryMissSupersampleCount:4]]
[2022.01.03-22.20.57:548][  0]LogConfig: Setting CVar [[r.LightMaxDrawDistanceScale:1]]
[2022.01.03-22.20.57:548][  0]LogConfig: Setting CVar [[r.CapsuleShadows:1]]
[2022.01.03-22.20.57:548][  0]LogConfig: Applying CVar settings from Section [PostProcessQuality@3] File [E:/Unreal Projects/Dungeoner/Saved/Config/Windows/Scalability.ini]
[2022.01.03-22.20.57:548][  0]LogConfig: Setting CVar [[r.MotionBlurQuality:4]]
[2022.01.03-22.20.57:548][  0]LogConfig: Setting CVar [[r.AmbientOcclusionMipLevelFactor:0.4]]
[2022.01.03-22.20.57:548][  0]LogConfig: Setting CVar [[r.AmbientOcclusionMaxQuality:100]]
[2022.01.03-22.20.57:548][  0]LogConfig: Setting CVar [[r.AmbientOcclusionLevels:-1]]
[2022.01.03-22.20.57:549][  0]LogConfig: Setting CVar [[r.AmbientOcclusionRadiusScale:1.0]]
[2022.01.03-22.20.57:549][  0]LogConfig: Setting CVar [[r.DepthOfFieldQuality:2]]
[2022.01.03-22.20.57:549][  0]LogConfig: Setting CVar [[r.RenderTargetPoolMin:400]]
[2022.01.03-22.20.57:549][  0]LogConfig: Setting CVar [[r.LensFlareQuality:2]]
[2022.01.03-22.20.57:549][  0]LogConfig: Setting CVar [[r.SceneColorFringeQuality:1]]
[2022.01.03-22.20.57:549][  0]LogConfig: Setting CVar [[r.EyeAdaptationQuality:2]]
[2022.01.03-22.20.57:549][  0]LogConfig: Setting CVar [[r.BloomQuality:5]]
[2022.01.03-22.20.57:549][  0]LogConfig: Setting CVar [[r.FastBlurThreshold:100]]
[2022.01.03-22.20.57:549][  0]LogConfig: Setting CVar [[r.Upscale.Quality:3]]
[2022.01.03-22.20.57:549][  0]LogConfig: Setting CVar [[r.Tonemapper.GrainQuantization:1]]
[2022.01.03-22.20.57:549][  0]LogConfig: Setting CVar [[r.LightShaftQuality:1]]
[2022.01.03-22.20.57:549][  0]LogConfig: Setting CVar [[r.Filter.SizeScale:1]]
[2022.01.03-22.20.57:549][  0]LogConfig: Setting CVar [[r.Tonemapper.Quality:5]]
[2022.01.03-22.20.57:549][  0]LogConfig: Setting CVar [[r.DOF.Gather.AccumulatorQuality:1        ; higher gathering accumulator quality]]
[2022.01.03-22.20.57:549][  0]LogConfig: Setting CVar [[r.DOF.Gather.PostfilterMethod:1          ; Median3x3 postfilering method]]
[2022.01.03-22.20.57:549][  0]LogConfig: Setting CVar [[r.DOF.Gather.EnableBokehSettings:0       ; no bokeh simulation when gathering]]
[2022.01.03-22.20.57:549][  0]LogConfig: Setting CVar [[r.DOF.Gather.RingCount:4                 ; medium number of samples when gathering]]
[2022.01.03-22.20.57:549][  0]LogConfig: Setting CVar [[r.DOF.Scatter.ForegroundCompositing:1    ; additive foreground scattering]]
[2022.01.03-22.20.57:549][  0]LogConfig: Setting CVar [[r.DOF.Scatter.BackgroundCompositing:2    ; additive background scattering]]
[2022.01.03-22.20.57:549][  0]LogConfig: Setting CVar [[r.DOF.Scatter.EnableBokehSettings:1      ; bokeh simulation when scattering]]
[2022.01.03-22.20.57:549][  0]LogConfig: Setting CVar [[r.DOF.Scatter.MaxSpriteRatio:0.1         ; only a maximum of 10% of scattered bokeh]]
[2022.01.03-22.20.57:549][  0]LogConfig: Setting CVar [[r.DOF.Recombine.Quality:1                ; cheap slight out of focus]]
[2022.01.03-22.20.57:549][  0]LogConfig: Setting CVar [[r.DOF.Recombine.EnableBokehSettings:0    ; no bokeh simulation on slight out of focus]]
[2022.01.03-22.20.57:549][  0]LogConfig: Setting CVar [[r.DOF.TemporalAAQuality:1                ; more stable temporal accumulation]]
[2022.01.03-22.20.57:549][  0]LogConfig: Setting CVar [[r.DOF.Kernel.MaxForegroundRadius:0.025]]
[2022.01.03-22.20.57:549][  0]LogConfig: Setting CVar [[r.DOF.Kernel.MaxBackgroundRadius:0.025]]
[2022.01.03-22.20.57:549][  0]LogConfig: Applying CVar settings from Section [TextureQuality@3] File [E:/Unreal Projects/Dungeoner/Saved/Config/Windows/Scalability.ini]
[2022.01.03-22.20.57:549][  0]LogConfig: Setting CVar [[r.Streaming.MipBias:0]]
[2022.01.03-22.20.57:549][  0]LogConfig: Setting CVar [[r.Streaming.AmortizeCPUToGPUCopy:0]]
[2022.01.03-22.20.57:549][  0]LogConfig: Setting CVar [[r.Streaming.MaxNumTexturesToStreamPerFrame:0]]
[2022.01.03-22.20.57:549][  0]LogConfig: Setting CVar [[r.Streaming.Boost:1]]
[2022.01.03-22.20.57:549][  0]LogConfig: Setting CVar [[r.MaxAnisotropy:8]]
[2022.01.03-22.20.57:549][  0]LogConfig: Setting CVar [[r.VT.MaxAnisotropy:8]]
[2022.01.03-22.20.57:549][  0]LogConfig: Setting CVar [[r.Streaming.LimitPoolSizeToVRAM:0]]
[2022.01.03-22.20.57:549][  0]LogConfig: Setting CVar [[r.Streaming.PoolSize:1000]]
[2022.01.03-22.20.57:549][  0]LogConfig: Setting CVar [[r.Streaming.MaxEffectiveScreenSize:0]]
[2022.01.03-22.20.57:549][  0]LogConfig: Applying CVar settings from Section [EffectsQuality@3] File [E:/Unreal Projects/Dungeoner/Saved/Config/Windows/Scalability.ini]
[2022.01.03-22.20.57:549][  0]LogConfig: Setting CVar [[r.TranslucencyLightingVolumeDim:64]]
[2022.01.03-22.20.57:549][  0]LogConfig: Setting CVar [[r.RefractionQuality:2]]
[2022.01.03-22.20.57:549][  0]LogConfig: Setting CVar [[r.SSR.Quality:3]]
[2022.01.03-22.20.57:549][  0]LogConfig: Setting CVar [[r.SSR.HalfResSceneColor:0]]
[2022.01.03-22.20.57:549][  0]LogConfig: Setting CVar [[r.SceneColorFormat:4]]
[2022.01.03-22.20.57:549][  0]LogConfig: Setting CVar [[r.DetailMode:2]]
[2022.01.03-22.20.57:549][  0]LogConfig: Setting CVar [[r.TranslucencyVolumeBlur:1]]
[2022.01.03-22.20.57:549][  0]LogConfig: Setting CVar [[r.MaterialQualityLevel:1 ; High quality]]
[2022.01.03-22.20.57:549][  0]LogConfig: Setting CVar [[r.AnisotropicMaterials:1]]
[2022.01.03-22.20.57:549][  0]LogConfig: Setting CVar [[r.SSS.Scale:1]]
[2022.01.03-22.20.57:549][  0]LogConfig: Setting CVar [[r.SSS.SampleSet:2]]
[2022.01.03-22.20.57:549][  0]LogConfig: Setting CVar [[r.SSS.Quality:1]]
[2022.01.03-22.20.57:549][  0]LogConfig: Setting CVar [[r.SSS.HalfRes:0]]
[2022.01.03-22.20.57:549][  0]LogConfig: Setting CVar [[r.SSGI.Quality:3]]
[2022.01.03-22.20.57:549][  0]LogConfig: Setting CVar [[r.EmitterSpawnRateScale:1.0]]
[2022.01.03-22.20.57:549][  0]LogConfig: Setting CVar [[r.ParticleLightQuality:2]]
[2022.01.03-22.20.57:550][  0]LogConfig: Setting CVar [[r.SkyAtmosphere.AerialPerspectiveLUT.FastApplyOnOpaque:1 ; Always have FastSkyLUT 1 in this case to avoid wrong sky]]
[2022.01.03-22.20.57:550][  0]LogConfig: Setting CVar [[r.SkyAtmosphere.AerialPerspectiveLUT.SampleCountMaxPerSlice:4]]
[2022.01.03-22.20.57:550][  0]LogConfig: Setting CVar [[r.SkyAtmosphere.AerialPerspectiveLUT.DepthResolution:16.0]]
[2022.01.03-22.20.57:550][  0]LogConfig: Setting CVar [[r.SkyAtmosphere.FastSkyLUT:1]]
[2022.01.03-22.20.57:550][  0]LogConfig: Setting CVar [[r.SkyAtmosphere.FastSkyLUT.SampleCountMin:4.0]]
[2022.01.03-22.20.57:550][  0]LogConfig: Setting CVar [[r.SkyAtmosphere.FastSkyLUT.SampleCountMax:128.0]]
[2022.01.03-22.20.57:550][  0]LogConfig: Setting CVar [[r.SkyAtmosphere.SampleCountMin:4.0]]
[2022.01.03-22.20.57:550][  0]LogConfig: Setting CVar [[r.SkyAtmosphere.SampleCountMax:128.0]]
[2022.01.03-22.20.57:550][  0]LogConfig: Setting CVar [[r.SkyAtmosphere.TransmittanceLUT.UseSmallFormat:0]]
[2022.01.03-22.20.57:550][  0]LogConfig: Setting CVar [[r.SkyAtmosphere.TransmittanceLUT.SampleCount:10.0]]
[2022.01.03-22.20.57:550][  0]LogConfig: Setting CVar [[r.SkyAtmosphere.MultiScatteringLUT.SampleCount:15.0]]
[2022.01.03-22.20.57:550][  0]LogConfig: Setting CVar [[r.SkyLight.RealTimeReflectionCapture:1]]
[2022.01.03-22.20.57:550][  0]LogConfig: Applying CVar settings from Section [FoliageQuality@3] File [E:/Unreal Projects/Dungeoner/Saved/Config/Windows/Scalability.ini]
[2022.01.03-22.20.57:550][  0]LogConfig: Setting CVar [[foliage.DensityScale:1.0]]
[2022.01.03-22.20.57:550][  0]LogConfig: Setting CVar [[grass.DensityScale:1.0]]
[2022.01.03-22.20.57:550][  0]LogConfig: Applying CVar settings from Section [ShadingQuality@3] File [E:/Unreal Projects/Dungeoner/Saved/Config/Windows/Scalability.ini]
[2022.01.03-22.20.57:550][  0]LogConfig: Setting CVar [[r.HairStrands.SkyLighting.IntegrationType:2]]
[2022.01.03-22.20.57:550][  0]LogConfig: Setting CVar [[r.HairStrands.SkyAO.SampleCount:4]]
[2022.01.03-22.20.57:550][  0]LogConfig: Setting CVar [[r.HairStrands.Visibility.MSAA.SamplePerPixel:4]]
[2022.01.03-22.20.57:550][  0]LogInit: Selected Device Profile: [Windows]
[2022.01.03-22.20.57:550][  0]LogInit: Applying CVar settings loaded from the selected device profile: [Windows]
[2022.01.03-22.20.57:550][  0]LogHAL: Display: Platform has ~ 8 GB [8569896960 / 8589934592 / 8], which maps to Default [LargestMinGB=32, LargerMinGB=12, DefaultMinGB=8, SmallerMinGB=6, SmallestMinGB=0)
[2022.01.03-22.20.57:550][  0]LogInit: Going up to parent DeviceProfile []
[2022.01.03-22.20.57:550][  0]LogConfig: Applying CVar settings from Section [ViewDistanceQuality@3] File [E:/Unreal Projects/Dungeoner/Saved/Config/Windows/Scalability.ini]
[2022.01.03-22.20.57:550][  0]LogConfig: Setting CVar [[r.SkeletalMeshLODBias:0]]
[2022.01.03-22.20.57:550][  0]LogConfig: Setting CVar [[r.ViewDistanceScale:1.0]]
[2022.01.03-22.20.57:550][  0]LogConfig: Applying CVar settings from Section [AntiAliasingQuality@3] File [E:/Unreal Projects/Dungeoner/Saved/Config/Windows/Scalability.ini]
[2022.01.03-22.20.57:550][  0]LogConfig: Setting CVar [[r.PostProcessAAQuality:4]]
[2022.01.03-22.20.57:550][  0]LogConfig: Applying CVar settings from Section [ShadowQuality@3] File [E:/Unreal Projects/Dungeoner/Saved/Config/Windows/Scalability.ini]
[2022.01.03-22.20.57:550][  0]LogConfig: Setting CVar [[r.LightFunctionQuality:1]]
[2022.01.03-22.20.57:550][  0]LogConfig: Setting CVar [[r.ShadowQuality:5]]
[2022.01.03-22.20.57:550][  0]LogConfig: Setting CVar [[r.Shadow.CSM.MaxCascades:10]]
[2022.01.03-22.20.57:550][  0]LogConfig: Setting CVar [[r.Shadow.MaxResolution:2048]]
[2022.01.03-22.20.57:550][  0]LogConfig: Setting CVar [[r.Shadow.MaxCSMResolution:2048]]
[2022.01.03-22.20.57:550][  0]LogConfig: Setting CVar [[r.Shadow.RadiusThreshold:0.01]]
[2022.01.03-22.20.57:550][  0]LogConfig: Setting CVar [[r.Shadow.DistanceScale:1.0]]
[2022.01.03-22.20.57:550][  0]LogConfig: Setting CVar [[r.Shadow.CSM.TransitionScale:1.0]]
[2022.01.03-22.20.57:550][  0]LogConfig: Setting CVar [[r.Shadow.PreShadowResolutionFactor:1.0]]
[2022.01.03-22.20.57:550][  0]LogConfig: Setting CVar [[r.DistanceFieldShadowing:1]]
[2022.01.03-22.20.57:550][  0]LogConfig: Setting CVar [[r.DistanceFieldAO:1]]
[2022.01.03-22.20.57:550][  0]LogConfig: Setting CVar [[r.AOQuality:2]]
[2022.01.03-22.20.57:550][  0]LogConfig: Setting CVar [[r.VolumetricFog:1]]
[2022.01.03-22.20.57:550][  0]LogConfig: Setting CVar [[r.VolumetricFog.GridPixelSize:8]]
[2022.01.03-22.20.57:550][  0]LogConfig: Setting CVar [[r.VolumetricFog.GridSizeZ:128]]
[2022.01.03-22.20.57:550][  0]LogConfig: Setting CVar [[r.VolumetricFog.HistoryMissSupersampleCount:4]]
[2022.01.03-22.20.57:551][  0]LogConfig: Setting CVar [[r.LightMaxDrawDistanceScale:1]]
[2022.01.03-22.20.57:551][  0]LogConfig: Setting CVar [[r.CapsuleShadows:1]]
[2022.01.03-22.20.57:551][  0]LogConfig: Applying CVar settings from Section [PostProcessQuality@3] File [E:/Unreal Projects/Dungeoner/Saved/Config/Windows/Scalability.ini]
[2022.01.03-22.20.57:551][  0]LogConfig: Setting CVar [[r.MotionBlurQuality:4]]
[2022.01.03-22.20.57:551][  0]LogConfig: Setting CVar [[r.AmbientOcclusionMipLevelFactor:0.4]]
[2022.01.03-22.20.57:551][  0]LogConfig: Setting CVar [[r.AmbientOcclusionMaxQuality:100]]
[2022.01.03-22.20.57:551][  0]LogConfig: Setting CVar [[r.AmbientOcclusionLevels:-1]]
[2022.01.03-22.20.57:551][  0]LogConfig: Setting CVar [[r.AmbientOcclusionRadiusScale:1.0]]
[2022.01.03-22.20.57:551][  0]LogConfig: Setting CVar [[r.DepthOfFieldQuality:2]]
[2022.01.03-22.20.57:551][  0]LogConfig: Setting CVar [[r.RenderTargetPoolMin:400]]
[2022.01.03-22.20.57:551][  0]LogConfig: Setting CVar [[r.LensFlareQuality:2]]
[2022.01.03-22.20.57:551][  0]LogConfig: Setting CVar [[r.SceneColorFringeQuality:1]]
[2022.01.03-22.20.57:551][  0]LogConfig: Setting CVar [[r.EyeAdaptationQuality:2]]
[2022.01.03-22.20.57:551][  0]LogConfig: Setting CVar [[r.BloomQuality:5]]
[2022.01.03-22.20.57:551][  0]LogConfig: Setting CVar [[r.FastBlurThreshold:100]]
[2022.01.03-22.20.57:551][  0]LogConfig: Setting CVar [[r.Upscale.Quality:3]]
[2022.01.03-22.20.57:551][  0]LogConfig: Setting CVar [[r.Tonemapper.GrainQuantization:1]]
[2022.01.03-22.20.57:551][  0]LogConfig: Setting CVar [[r.LightShaftQuality:1]]
[2022.01.03-22.20.57:551][  0]LogConfig: Setting CVar [[r.Filter.SizeScale:1]]
[2022.01.03-22.20.57:551][  0]LogConfig: Setting CVar [[r.Tonemapper.Quality:5]]
[2022.01.03-22.20.57:551][  0]LogConfig: Setting CVar [[r.DOF.Gather.AccumulatorQuality:1        ; higher gathering accumulator quality]]
[2022.01.03-22.20.57:551][  0]LogConfig: Setting CVar [[r.DOF.Gather.PostfilterMethod:1          ; Median3x3 postfilering method]]
[2022.01.03-22.20.57:551][  0]LogConfig: Setting CVar [[r.DOF.Gather.EnableBokehSettings:0       ; no bokeh simulation when gathering]]
[2022.01.03-22.20.57:551][  0]LogConfig: Setting CVar [[r.DOF.Gather.RingCount:4                 ; medium number of samples when gathering]]
[2022.01.03-22.20.57:551][  0]LogConfig: Setting CVar [[r.DOF.Scatter.ForegroundCompositing:1    ; additive foreground scattering]]
[2022.01.03-22.20.57:551][  0]LogConfig: Setting CVar [[r.DOF.Scatter.BackgroundCompositing:2    ; additive background scattering]]
[2022.01.03-22.20.57:551][  0]LogConfig: Setting CVar [[r.DOF.Scatter.EnableBokehSettings:1      ; bokeh simulation when scattering]]
[2022.01.03-22.20.57:551][  0]LogConfig: Setting CVar [[r.DOF.Scatter.MaxSpriteRatio:0.1         ; only a maximum of 10% of scattered bokeh]]
[2022.01.03-22.20.57:551][  0]LogConfig: Setting CVar [[r.DOF.Recombine.Quality:1                ; cheap slight out of focus]]
[2022.01.03-22.20.57:551][  0]LogConfig: Setting CVar [[r.DOF.Recombine.EnableBokehSettings:0    ; no bokeh simulation on slight out of focus]]
[2022.01.03-22.20.57:551][  0]LogConfig: Setting CVar [[r.DOF.TemporalAAQuality:1                ; more stable temporal accumulation]]
[2022.01.03-22.20.57:551][  0]LogConfig: Setting CVar [[r.DOF.Kernel.MaxForegroundRadius:0.025]]
[2022.01.03-22.20.57:551][  0]LogConfig: Setting CVar [[r.DOF.Kernel.MaxBackgroundRadius:0.025]]
[2022.01.03-22.20.57:551][  0]LogConfig: Applying CVar settings from Section [TextureQuality@3] File [E:/Unreal Projects/Dungeoner/Saved/Config/Windows/Scalability.ini]
[2022.01.03-22.20.57:551][  0]LogConfig: Setting CVar [[r.Streaming.MipBias:0]]
[2022.01.03-22.20.57:551][  0]LogConfig: Setting CVar [[r.Streaming.AmortizeCPUToGPUCopy:0]]
[2022.01.03-22.20.57:551][  0]LogConfig: Setting CVar [[r.Streaming.MaxNumTexturesToStreamPerFrame:0]]
[2022.01.03-22.20.57:551][  0]LogConfig: Setting CVar [[r.Streaming.Boost:1]]
[2022.01.03-22.20.57:551][  0]LogConfig: Setting CVar [[r.MaxAnisotropy:8]]
[2022.01.03-22.20.57:551][  0]LogConfig: Setting CVar [[r.VT.MaxAnisotropy:8]]
[2022.01.03-22.20.57:551][  0]LogConfig: Setting CVar [[r.Streaming.LimitPoolSizeToVRAM:0]]
[2022.01.03-22.20.57:551][  0]LogConfig: Setting CVar [[r.Streaming.PoolSize:1000]]
[2022.01.03-22.20.57:551][  0]LogConfig: Setting CVar [[r.Streaming.MaxEffectiveScreenSize:0]]
[2022.01.03-22.20.57:551][  0]LogConfig: Applying CVar settings from Section [EffectsQuality@3] File [E:/Unreal Projects/Dungeoner/Saved/Config/Windows/Scalability.ini]
[2022.01.03-22.20.57:551][  0]LogConfig: Setting CVar [[r.TranslucencyLightingVolumeDim:64]]
[2022.01.03-22.20.57:551][  0]LogConfig: Setting CVar [[r.RefractionQuality:2]]
[2022.01.03-22.20.57:551][  0]LogConfig: Setting CVar [[r.SSR.Quality:3]]
[2022.01.03-22.20.57:551][  0]LogConfig: Setting CVar [[r.SSR.HalfResSceneColor:0]]
[2022.01.03-22.20.57:551][  0]LogConfig: Setting CVar [[r.SceneColorFormat:4]]
[2022.01.03-22.20.57:551][  0]LogConfig: Setting CVar [[r.DetailMode:2]]
[2022.01.03-22.20.57:551][  0]LogConfig: Setting CVar [[r.TranslucencyVolumeBlur:1]]
[2022.01.03-22.20.57:551][  0]LogConfig: Setting CVar [[r.MaterialQualityLevel:1 ; High quality]]
[2022.01.03-22.20.57:551][  0]LogConfig: Setting CVar [[r.AnisotropicMaterials:1]]
[2022.01.03-22.20.57:551][  0]LogConfig: Setting CVar [[r.SSS.Scale:1]]
[2022.01.03-22.20.57:551][  0]LogConfig: Setting CVar [[r.SSS.SampleSet:2]]
[2022.01.03-22.20.57:551][  0]LogConfig: Setting CVar [[r.SSS.Quality:1]]
[2022.01.03-22.20.57:551][  0]LogConfig: Setting CVar [[r.SSS.HalfRes:0]]
[2022.01.03-22.20.57:551][  0]LogConfig: Setting CVar [[r.SSGI.Quality:3]]
[2022.01.03-22.20.57:551][  0]LogConfig: Setting CVar [[r.EmitterSpawnRateScale:1.0]]
[2022.01.03-22.20.57:551][  0]LogConfig: Setting CVar [[r.ParticleLightQuality:2]]
[2022.01.03-22.20.57:552][  0]LogConfig: Setting CVar [[r.SkyAtmosphere.AerialPerspectiveLUT.FastApplyOnOpaque:1 ; Always have FastSkyLUT 1 in this case to avoid wrong sky]]
[2022.01.03-22.20.57:552][  0]LogConfig: Setting CVar [[r.SkyAtmosphere.AerialPerspectiveLUT.SampleCountMaxPerSlice:4]]
[2022.01.03-22.20.57:552][  0]LogConfig: Setting CVar [[r.SkyAtmosphere.AerialPerspectiveLUT.DepthResolution:16.0]]
[2022.01.03-22.20.57:552][  0]LogConfig: Setting CVar [[r.SkyAtmosphere.FastSkyLUT:1]]
[2022.01.03-22.20.57:552][  0]LogConfig: Setting CVar [[r.SkyAtmosphere.FastSkyLUT.SampleCountMin:4.0]]
[2022.01.03-22.20.57:552][  0]LogConfig: Setting CVar [[r.SkyAtmosphere.FastSkyLUT.SampleCountMax:128.0]]
[2022.01.03-22.20.57:552][  0]LogConfig: Setting CVar [[r.SkyAtmosphere.SampleCountMin:4.0]]
[2022.01.03-22.20.57:552][  0]LogConfig: Setting CVar [[r.SkyAtmosphere.SampleCountMax:128.0]]
[2022.01.03-22.20.57:552][  0]LogConfig: Setting CVar [[r.SkyAtmosphere.TransmittanceLUT.UseSmallFormat:0]]
[2022.01.03-22.20.57:552][  0]LogConfig: Setting CVar [[r.SkyAtmosphere.TransmittanceLUT.SampleCount:10.0]]
[2022.01.03-22.20.57:552][  0]LogConfig: Setting CVar [[r.SkyAtmosphere.MultiScatteringLUT.SampleCount:15.0]]
[2022.01.03-22.20.57:552][  0]LogConfig: Setting CVar [[r.SkyLight.RealTimeReflectionCapture:1]]
[2022.01.03-22.20.57:552][  0]LogConfig: Applying CVar settings from Section [FoliageQuality@3] File [E:/Unreal Projects/Dungeoner/Saved/Config/Windows/Scalability.ini]
[2022.01.03-22.20.57:552][  0]LogConfig: Setting CVar [[foliage.DensityScale:1.0]]
[2022.01.03-22.20.57:552][  0]LogConfig: Setting CVar [[grass.DensityScale:1.0]]
[2022.01.03-22.20.57:552][  0]LogConfig: Applying CVar settings from Section [ShadingQuality@3] File [E:/Unreal Projects/Dungeoner/Saved/Config/Windows/Scalability.ini]
[2022.01.03-22.20.57:552][  0]LogConfig: Setting CVar [[r.HairStrands.SkyLighting.IntegrationType:2]]
[2022.01.03-22.20.57:552][  0]LogConfig: Setting CVar [[r.HairStrands.SkyAO.SampleCount:4]]
[2022.01.03-22.20.57:552][  0]LogConfig: Setting CVar [[r.HairStrands.Visibility.MSAA.SamplePerPixel:4]]
[2022.01.03-22.20.57:552][  0]LogConfig: Applying CVar settings from Section [Startup] File [../../../Engine/Config/ConsoleVariables.ini]
[2022.01.03-22.20.57:552][  0]LogConfig: Setting CVar [[net.UseAdaptiveNetUpdateFrequency:0]]
[2022.01.03-22.20.57:552][  0]LogConfig: Setting CVar [[p.chaos.AllowCreatePhysxBodies:1]]
[2022.01.03-22.20.57:552][  0]LogConfig: Setting CVar [[fx.SkipVectorVMBackendOptimizations:1]]
[2022.01.03-22.20.57:552][  0]LogConfig: Applying CVar settings from Section [ConsoleVariables] File [E:/Unreal Projects/Dungeoner/Saved/Config/Windows/Engine.ini]
[2022.01.03-22.20.57:552][  0]LogConfig: Applying CVar settings from Section [ConsoleVariables] File [E:/Unreal Projects/Dungeoner/Saved/Config/Windows/Editor.ini]
[2022.01.03-22.20.57:552][  0]LogInit: Computer: HOME-PC
[2022.01.03-22.20.57:552][  0]LogInit: User: Denis
[2022.01.03-22.20.57:552][  0]LogInit: CPU Page size=4096, Cores=4
[2022.01.03-22.20.57:552][  0]LogInit: High frequency timer resolution =10.000000 MHz
[2022.01.03-22.20.57:552][  0]LogMemory: Memory total: Physical=8.0GB (8GB approx)
[2022.01.03-22.20.57:553][  0]LogMemory: Platform Memory Stats for Windows
[2022.01.03-22.20.57:553][  0]LogMemory: Process Physical Memory: 140.67 MB used, 140.67 MB peak
[2022.01.03-22.20.57:553][  0]LogMemory: Process Virtual Memory: 113.07 MB used, 113.07 MB peak
[2022.01.03-22.20.57:553][  0]LogMemory: Physical Memory: 6016.81 MB used,  2156.08 MB free, 8172.89 MB total
[2022.01.03-22.20.57:553][  0]LogMemory: Virtual Memory: 134214048.00 MB used,  3675.93 MB free, 134217728.00 MB total
[2022.01.03-22.20.57:560][  0]LogWindows: WindowsPlatformFeatures enabled
[2022.01.03-22.20.57:586][  0]LogInit: Physics initialised using underlying interface: PhysX
[2022.01.03-22.20.57:586][  0]LogInit: Using OS detected language (ru-RU).
[2022.01.03-22.20.57:586][  0]LogInit: Using OS detected locale (ru-RU).
[2022.01.03-22.20.57:588][  0]LogTextLocalizationManager: No specific localization for 'ru-RU' exists, so the 'ru' localization will be used.
[2022.01.03-22.20.57:590][  0]LogTextLocalizationResource: LocRes '../../../Engine/Content/Localization/Editor/ru/Editor.locres' could not be opened for reading!
[2022.01.03-22.20.57:590][  0]LogTextLocalizationResource: LocRes '../../../Engine/Content/Localization/EditorTutorials/ru/EditorTutorials.locres' could not be opened for reading!
[2022.01.03-22.20.57:590][  0]LogTextLocalizationResource: LocRes '../../../Engine/Content/Localization/Keywords/ru/Keywords.locres' could not be opened for reading!
[2022.01.03-22.20.57:591][  0]LogTextLocalizationResource: LocRes '../../../Engine/Content/Localization/Category/ru/Category.locres' could not be opened for reading!
[2022.01.03-22.20.57:591][  0]LogTextLocalizationResource: LocRes '../../../Engine/Content/Localization/ToolTips/ru/ToolTips.locres' could not be opened for reading!
[2022.01.03-22.20.57:591][  0]LogTextLocalizationResource: LocRes '../../../Engine/Content/Localization/PropertyNames/ru/PropertyNames.locres' could not be opened for reading!
[2022.01.03-22.20.57:591][  0]LogTextLocalizationResource: LocRes '../../../Engine/Content/Localization/Engine/ru/Engine.locres' could not be opened for reading!
[2022.01.03-22.20.57:606][  0]LogWindowsTextInputMethodSystem: Display: IME system deactivated.
[2022.01.03-22.20.57:628][  0]LogSlate: New Slate User Created.  User Index 0, Is Virtual User: 0
[2022.01.03-22.20.57:628][  0]LogSlate: Slate User Registered.  User Index 0, Is Virtual User: 0
[2022.01.03-22.20.57:643][  0]LogD3D11RHI: Loaded GFSDK_Aftermath_Lib.x64.dll
[2022.01.03-22.20.57:645][  0]LogHMD: Failed to initialize OpenVR with code 110
[2022.01.03-22.20.57:646][  0]LogD3D11RHI: D3D11 min allowed feature level: 11_0
[2022.01.03-22.20.57:646][  0]LogD3D11RHI: D3D11 max allowed feature level: 11_0
[2022.01.03-22.20.57:646][  0]LogD3D11RHI: D3D11 adapters:
[2022.01.03-22.20.57:709][  0]LogD3D11RHI:    0. 'NVIDIA GeForce GTX 550 Ti' (Feature Level 11_0)
[2022.01.03-22.20.57:709][  0]LogD3D11RHI:       959/0/4086 MB DedicatedVideo/DedicatedSystem/SharedSystem, Outputs:1, VendorId:0x10de
[2022.01.03-22.20.57:711][  0]LogD3D11RHI:    1. 'Microsoft Basic Render Driver' (Feature Level 11_0)
[2022.01.03-22.20.57:711][  0]LogD3D11RHI:       0/0/4086 MB DedicatedVideo/DedicatedSystem/SharedSystem, Outputs:0, VendorId:0x1414
[2022.01.03-22.20.57:711][  0]LogD3D11RHI: Chosen D3D11 Adapter:
[2022.01.03-22.20.57:711][  0]LogD3D11RHI:     Description : NVIDIA GeForce GTX 550 Ti
[2022.01.03-22.20.57:711][  0]LogD3D11RHI:     VendorId    : 10de
[2022.01.03-22.20.57:711][  0]LogD3D11RHI:     DeviceId    : 1244
[2022.01.03-22.20.57:711][  0]LogD3D11RHI:     SubSysId    : 0000
[2022.01.03-22.20.57:711][  0]LogD3D11RHI:     Revision    : 00a1
[2022.01.03-22.20.57:711][  0]LogD3D11RHI:     DedicatedVideoMemory : 1005780992 bytes
[2022.01.03-22.20.57:711][  0]LogD3D11RHI:     DedicatedSystemMemory : 0 bytes
[2022.01.03-22.20.57:711][  0]LogD3D11RHI:     SharedSystemMemory : 4284948480 bytes
[2022.01.03-22.20.57:711][  0]LogD3D11RHI:     AdapterLuid : 0 39137
[2022.01.03-22.20.57:717][  0]LogD3D11RHI: Creating new Direct3DDevice
[2022.01.03-22.20.57:717][  0]LogD3D11RHI:     GPU DeviceId: 0x1244 (for the marketing name, search the web for "GPU Device Id")
[2022.01.03-22.20.57:717][  0]LogWindows: EnumDisplayDevices:
[2022.01.03-22.20.57:717][  0]LogWindows:    0. 'NVIDIA GeForce GTX 550 Ti' (P:1 D:1)
[2022.01.03-22.20.57:718][  0]LogWindows:    1. 'NVIDIA GeForce GTX 550 Ti' (P:0 D:0)
[2022.01.03-22.20.57:718][  0]LogWindows: DebugString: FoundDriverCount:2 
[2022.01.03-22.20.57:718][  0]LogD3D11RHI:     Adapter Name: NVIDIA GeForce GTX 550 Ti
[2022.01.03-22.20.57:718][  0]LogD3D11RHI:   Driver Version: 391.35 (internal:23.21.13.9135, unified:391.35)
[2022.01.03-22.20.57:718][  0]LogD3D11RHI:      Driver Date: 3-23-2018
[2022.01.03-22.20.57:718][  0]LogRHI: Texture pool is 671 MB (70% of 959 MB)
[2022.01.03-22.20.57:718][  0]LogD3D11RHI: Creating D3DDevice using adapter:
[2022.01.03-22.20.57:718][  0]LogD3D11RHI:     Description : NVIDIA GeForce GTX 550 Ti
[2022.01.03-22.20.57:718][  0]LogD3D11RHI:     VendorId    : 10de
[2022.01.03-22.20.57:718][  0]LogD3D11RHI:     DeviceId    : 1244
[2022.01.03-22.20.57:718][  0]LogD3D11RHI:     SubSysId    : 0000
[2022.01.03-22.20.57:718][  0]LogD3D11RHI:     Revision    : 00a1
[2022.01.03-22.20.57:718][  0]LogD3D11RHI:     DedicatedVideoMemory : 1005780992 bytes
[2022.01.03-22.20.57:718][  0]LogD3D11RHI:     DedicatedSystemMemory : 0 bytes
[2022.01.03-22.20.57:718][  0]LogD3D11RHI:     SharedSystemMemory : 4284948480 bytes
[2022.01.03-22.20.57:718][  0]LogD3D11RHI:     AdapterLuid : 0 39137
[2022.01.03-22.20.57:767][  0]LogD3D11RHI: Display: Timestamp queries are currently disabled on this hardware due to instability. Realtime GPU stats will not be available. You can override this behaviour by setting r.NVIDIATimestampWorkaround to 0
[2022.01.03-22.20.57:767][  0]LogD3D11RHI: RHI does not have support for 64 bit atomics
[2022.01.03-22.20.57:767][  0]LogD3D11RHI: Async texture creation enabled
[2022.01.03-22.20.57:788][  0]LogD3D11RHI: GPU Timing Frequency: 1000.000000 (Debug: 2 2)
[2022.01.03-22.20.57:833][  0]LogRHI: GeForceNow SDK initialized: 1
[2022.01.03-22.20.58:767][  0]LogTargetPlatformManager: Display: Loaded TargetPlatform 'WindowsNoEditor'
[2022.01.03-22.20.58:772][  0]LogTargetPlatformManager: Display: Loaded TargetPlatform 'Windows'
[2022.01.03-22.20.58:777][  0]LogTargetPlatformManager: Display: Loaded TargetPlatform 'WindowsClient'
[2022.01.03-22.20.58:782][  0]LogTargetPlatformManager: Display: Loaded TargetPlatform 'WindowsServer'
[2022.01.03-22.20.58:783][  0]LogTargetPlatformManager: Display: Building Assets For Windows
[2022.01.03-22.20.58:791][  0]LogAudioDebug: Display: Lib vorbis DLL was dynamically loaded.
[2022.01.03-22.20.58:823][  0]LogTextureFormatOodle: Display: Oodle Texture 2.9.0 init RDO Off
[2022.01.03-22.20.58:856][  0]LogRendererCore: Ray tracing is disabled. Reason: r.RayTracing=0.
[2022.01.03-22.20.58:857][  0]LogShaderCompilers: Guid format shader working directory is 9 characters bigger than the processId version (../../../../Unreal Projects/Dungeoner/Intermediate/Shaders/WorkingDirectory/7736/).
[2022.01.03-22.20.58:857][  0]LogShaderCompilers: Cleaned the shader compiler working directory 'C:/Users/Denis/AppData/Local/Temp/UnrealShaderWorkingDir/478D00B340AD94316E3FBA85F1F84312/'.
[2022.01.03-22.20.58:858][  0]LogShaderCompilers: Display: Using XGE Controller for Shader Compilation.
[2022.01.03-22.20.59:854][  0]LogDerivedDataCache: Display: Max Cache Size: 512 MB
[2022.01.03-22.20.59:926][  0]LogDerivedDataCache: Loaded boot cache 0.07s 94MB C:/Users/Denis/AppData/Local/UnrealEngine/4.27/DerivedDataCache/Boot.ddc.
[2022.01.03-22.20.59:926][  0]LogDerivedDataCache: Display: Loaded Boot cache: C:/Users/Denis/AppData/Local/UnrealEngine/4.27/DerivedDataCache/Boot.ddc
[2022.01.03-22.20.59:926][  0]LogDerivedDataCache: FDerivedDataBackendGraph:  Pak pak cache file ../../../../Unreal Projects/Dungeoner/DerivedDataCache/DDC.ddp not found, will not use a pak cache.
[2022.01.03-22.20.59:926][  0]LogDerivedDataCache: Unable to find inner node Pak for hierarchical cache Hierarchy.
[2022.01.03-22.20.59:926][  0]LogDerivedDataCache: FDerivedDataBackendGraph:  CompressedPak pak cache file ../../../../Unreal Projects/Dungeoner/DerivedDataCache/Compressed.ddp not found, will not use a pak cache.
[2022.01.03-22.20.59:926][  0]LogDerivedDataCache: Unable to find inner node CompressedPak for hierarchical cache Hierarchy.
[2022.01.03-22.20.59:949][  0]LogDerivedDataCache: Display: Pak cache opened for reading ../../../Engine/DerivedDataCache/Compressed.ddp.
[2022.01.03-22.20.59:949][  0]LogDerivedDataCache: FDerivedDataBackendGraph:  EnterprisePak pak cache file ../../../Enterprise/DerivedDataCache/Compressed.ddp not found, will not use a pak cache.
[2022.01.03-22.20.59:949][  0]LogDerivedDataCache: Unable to find inner node EnterprisePak for hierarchical cache Hierarchy.
[2022.01.03-22.21.00:011][  0]LogDerivedDataCache: Speed tests for C:/Users/Denis/AppData/Local/UnrealEngine/Common/DerivedDataCache took 0.06 seconds
[2022.01.03-22.21.00:011][  0]LogDerivedDataCache: Display: Performance to C:/Users/Denis/AppData/Local/UnrealEngine/Common/DerivedDataCache: Latency=0.03ms. RandomReadSpeed=1221.18MBs, RandomWriteSpeed=15.51MBs. Assigned SpeedClass 'Local'
[2022.01.03-22.21.00:011][  0]LogDerivedDataCache: Using Local data cache path C:/Users/Denis/AppData/Local/UnrealEngine/Common/DerivedDataCache: Writable
[2022.01.03-22.21.00:012][  0]LogDerivedDataCache: Shared data cache path not found in *engine.ini, will not use an Shared cache.
[2022.01.03-22.21.00:012][  0]LogDerivedDataCache: Unable to find inner node Shared for hierarchical cache Hierarchy.
[2022.01.03-22.21.00:064][  0]LogSlate: Using FreeType 2.10.0
[2022.01.03-22.21.00:064][  0]LogSlate: SlateFontServices - WITH_FREETYPE: 1, WITH_HARFBUZZ: 1
[2022.01.03-22.21.00:168][  0]LogInit: Using OS detected language (ru-RU).
[2022.01.03-22.21.00:168][  0]LogInit: Using OS detected locale (ru-RU).
[2022.01.03-22.21.00:168][  0]LogTextLocalizationManager: No localization for 'ru-RU' exists, so 'en' will be used for the language.
[2022.01.03-22.21.00:168][  0]LogTextLocalizationManager: No localization for 'ru-RU' exists, so 'en' will be used for the locale.
[2022.01.03-22.21.00:168][  0]LogSlate: FontCache flush requested. Reason: Culture for localization was changed
[2022.01.03-22.21.00:168][  0]LogSlate: FontCache flush requested. Reason: Culture for localization was changed
[2022.01.03-22.21.00:171][  0]LogAssetRegistry: FAssetRegistry took 0.0022 seconds to start up
[2022.01.03-22.21.00:407][  0]LogTextLocalizationManager: Compacting localization data took   0.01ms
[2022.01.03-22.21.00:407][  0]LogPackageLocalizationCache: Processed 27 localized package path(s) for 1 prioritized culture(s) in 0.001434 seconds
[2022.01.03-22.21.00:488][  0]LogInit: Selected Device Profile: [Windows]
[2022.01.03-22.21.00:488][  0]LogInit: Active device profile: [000001F414432900][000001F413D720C0 49] Windows
[2022.01.03-22.21.00:488][  0]LogInit: Profiles: [000001F414432900][000001F413D720C0 49] Windows, [000001F4143DD900][000001F413D7A240 49] WindowsNoEditor, [000001F414431900][000001F413D7E3C0 49] WindowsServer, [000001F4143DE900][000001F413D82540 49] WindowsClient, [000001F414432C00][000001F413D866C0 49] IOS, [000001F4143DFF00][000001F413D8A840 49] iPadAir, [000001F414432600][000001F413D8E9C0 49] iPadAir2, [000001F41439AC00][000001F413D96C80 49] IPadPro, [000001F41439AD00][000001F413D92CC0 49] iPadAir3, [000001F414431C00][000001F413D9AE40 49] iPadAir4, [000001F41439B300][000001F413D9EFC0 49] iPadMini2, [000001F414431E00][000001F413DA3140 49] iPadMini3, [000001F414399600][000001F413DA72C0 49] iPadMini4, [000001F414432E00][000001F413DAB440 49] iPadMini5, [000001F4143CA500][000001F413DAF680 49] iPhone6, [000001F4143CA600][000001F413D776C0 49] iPodTouch6, [000001F414399300][000001F413DB7900 49] iPhone7, [000001F414399200][000001F413DB3940 49] iPodTouch7, [000001F4143CAB00][000001F413DBFAC0 49] iPhone5S, [000001F414398C00][000001F413DC20C0 49] iPhone6Plus, [000001F4143C9600][000001F413DC6240 49] iPhone6S, [000001F41439A700][000001F413DCA3C0 49] iPhone6SPlus, [000001F4143C9400][000001F413DCE540 49] iPhone7Plus, [000001F41439A600][000001F413DD26C0 49] iPhoneSE, [000001F4143CA300][000001F413DD6840 49] iPhone8, [000001F41439AF00][000001F413DDA9C0 49] iPhone8Plus, [000001F4143C8100][000001F413DDEB40 49] iPhoneX, [000001F41439A400][000001F413DE2CC0 49] iPhoneXS, [000001F4143C8200][000001F413DE6E40 49] iPhoneXSMax, [000001F41439B200][000001F413DEAFC0 49] iPhoneXR, [000001F4143CAF00][000001F413DEF140 49] iPhone11, [000001F41439B700][000001F413DF32C0 49] iPhone11Pro, [000001F4143C9000][000001F413DF7440 49] iPhone11ProMax, [000001F41439AA00][000001F413DFB5C0 49] iPhoneSE2, [000001F4143CB900][000001F413DBB700 49] iPhone12Mini, [000001F414399B00][000001F413DFF840 49] iPhone12, [000001F4143C8C00][000001F413E03980 49] iPhone12Pro, [000001F41439BC00][000001F413E07AC0 49] iPhone12ProMax, [000001F4143C9B00][000001F413E0E0C0 49] iPadPro105, [000001F414399800][000001F413E12240 49] iPadPro129, [000001F4143CAC00][000001F413E163C0 49] iPadPro97, [000001F41439BA00][000001F413E1A540 49] iPadPro2_129, [000001F4143CA700][000001F413E1E6C0 49] iPad5, [000001F41439A800][000001F413E22840 49] iPad6, [000001F4143CB400][000001F413E269C0 49] iPad7, [000001F414399D00][000001F413E2AB40 49] iPad8, [000001F4143C9900][000001F413E2ECC0 49] iPadPro11, [000001F41439BB00][000001F413E32E40 49] iPadPro2_11, [000001F4143CA800][000001F413E36FC0 49] iPadPro3_129, [000001F4143DE400][000001F413E3B140 49] iPadPro4_129, [000001F414471500][000001F413E3F2C0 49] AppleTV, [000001F4143DF400][000001F413E43440 49] AppleTV4K, [000001F414470900][000001F413E475C0 49] TVOS, [000001F4143DF100][000001F413E4B740 49] Mac, [000001F414471000][000001F413E4F8C0 49] MacClient, [000001F4143DE800][000001F413E0BA00 49] MacNoEditor, [000001F414470B00][000001F413E53B40 49] MacServer, [000001F4143DFC00][000001F413E56100 49] Linux, [000001F414471200][000001F40F2BE280 49] LinuxAArch64, [000001F4143DEF00][000001F40F2C2400 49] LinuxNoEditor, [000001F414470500][000001F40F2C6580 49] LinuxAArch64NoEditor, [000001F4143C9800][000001F40F2CA700 49] LinuxClient, [000001F41439A200][000001F40F2CE880 49] LinuxAArch64Client, [000001F4143C8900][000001F40F2D2A00 49] LinuxServer, [000001F414398300][000001F40F2D6B80 49] LinuxAArch64Server, [000001F4143C8E00][000001F40F2DAD00 49] Android, [000001F41439A300][000001F40F2DEE80 49] Android_Low, [000001F4143CA000][000001F40F2E3000 49] Android_Mid, [000001F41439AB00][000001F40F2E7180 49] Android_High, [000001F4143C9300][000001F40F2EB300 49] Android_Default, [000001F41439B600][000001F40F2EF480 49] Android_Adreno4xx, [000001F4143C8600][000001F40F2F3600 49] Android_Adreno5xx_Low, [000001F41439B900][000001F40F2F7780 49] Android_Adreno5xx, [000001F4143CBC00][000001F40F2FB900 49] Android_Adreno6xx, [000001F41439B400][000001F40F2FFA80 49] Android_Adreno6xx_Vulkan, [000001F4143CB500][000001F413E5BBC0 49] Android_Mali_T6xx, [000001F41439B100][000001F40F302180 49] Android_Mali_T7xx, [000001F4143C9D00][000001F40F3062C0 49] Android_Mali_T8xx, [000001F41439BE00][000001F40F30E440 49] Android_Mali_G71, [000001F4143CB200][000001F40F3125C0 49] Android_Mali_G72, [000001F41439BF00][000001F40F316740 49] Android_Mali_G72_Vulkan, [000001F4143C8800][000001F40F31A8C0 49] Android_Mali_G76, [000001F414398400][000001F40F31EA40 49] Android_Mali_G76_Vulkan, [000001F4143C9700][000001F40F322BC0 49] Android_Mali_G77, [000001F414398100][000001F40F326D40 49] Android_Mali_G77_Vulkan, [000001F414470600][000001F40F32AEC0 49] Android_Mali_G78, [000001F414399500][000001F40F32F040 49] Android_Mali_G78_Vulkan, [000001F414470E00][000001F40F3331C0 49] Android_Mali_G710, [000001F414398900][000001F40F337340 49] Android_Mali_G710_Vulkan, [000001F414471100][000001F40F33B4C0 49] Android_Vulkan_SM5, [000001F414399900][000001F40F33F640 49] Android_PowerVR_G6xxx, [000001F4143CAE00][000001F40F3437C0 49] Android_PowerVR_GT7xxx, [000001F414399C00][000001F40F347940 49] Android_PowerVR_GE8xxx, [000001F4143CB800][000001F40F34BAC0 49] Android_PowerVR_GM9xxx, [000001F414399F00][000001F40F34E0C0 49] Android_PowerVR_GM9xxx_Vulkan, [000001F4143CBB00][000001F40F30A200 49] Android_TegraK1, [000001F41439A100][000001F40F352340 49] Android_Unknown_Vulkan, [000001F4143C9C00][000001F40F356480 49] Lumin, [000001F414398500][000001F40F35A5C0 49] Lumin_Desktop, [000001F4143CA200][000001F40F362740 49] HoloLens, 
[2022.01.03-22.21.00:532][  0]LogMeshReduction: Using QuadricMeshReduction for automatic static mesh reduction
[2022.01.03-22.21.00:532][  0]LogMeshReduction: Using SimplygonMeshReduction for automatic skeletal mesh reduction
[2022.01.03-22.21.00:532][  0]LogMeshReduction: Using ProxyLODMeshReduction for automatic mesh merging
[2022.01.03-22.21.00:532][  0]LogMeshReduction: No distributed automatic mesh merging module available
[2022.01.03-22.21.00:532][  0]LogMeshMerging: No distributed automatic mesh merging module available
[2022.01.03-22.21.00:686][  0]LogNetVersion: Dungeoner 1.0.0, NetCL: 17155196, EngineNetVer: 17, GameNetVer: 0 (Checksum: 1542495505)
[2022.01.03-22.21.00:985][  0]LogTexture: Default maximum texture size for cubemaps generated from long-lat sources has been changed from 512 to unlimited. In order to preserve old behaiour for '/Engine/MapTemplates/Sky/DaylightAmbientCubemap.DaylightAmbientCubemap', its maximum texture size has been explicitly set to 512.
[2022.01.03-22.21.01:057][  0]LogHMD: PokeAHoleMaterial loaded successfully
[2022.01.03-22.21.01:166][  0]LogMoviePlayer: Initializing movie player
[2022.01.03-22.21.01:298][  0]LogNiagaraDebuggerClient: Niagara Debugger Client Initialized | Session: A555E3B34CF068D66B5C5D92BDB88E6E | Instance: A0749320403D4715D143DAA90D5BEBA7 (HOME-PC-7736).
[2022.01.03-22.21.01:322][  0]LogCollectionManager: Loaded 0 collections in 0.000891 seconds
[2022.01.03-22.21.01:324][  0]LogFileCache: Scanning file cache for directory 'E:/Unreal Projects/Dungeoner/Saved/Collections/' took 0.00s
[2022.01.03-22.21.01:324][  0]LogFileCache: Scanning file cache for directory 'E:/Unreal Projects/Dungeoner/Content/Developers/Denis/Collections/' took 0.00s
[2022.01.03-22.21.01:324][  0]LogFileCache: Scanning file cache for directory 'E:/Unreal Projects/Dungeoner/Content/Collections/' took 0.00s
[2022.01.03-22.21.01:324][  0]LogCollectionManager: Fixed up redirectors for 0 collections in 0.000002 seconds (updated 0 objects)
[2022.01.03-22.21.01:443][  0]LogTcpMessaging: Initializing TcpMessaging bridge
[2022.01.03-22.21.01:448][  0]LogUdpMessaging: Initializing bridge on interface 0.0.0.0:0 to multicast group 230.0.0.1:6666.
[2022.01.03-22.21.01:496][  0]LogPython: Using Python 3.7.7
[2022.01.03-22.21.02:235][  0]SourceControl: Source control is disabled
[2022.01.03-22.21.02:235][  0]SourceControl: Source control is disabled
[2022.01.03-22.21.02:238][  0]SourceControl: Source control is disabled
[2022.01.03-22.21.02:244][  0]LogUProjectInfo: Found projects:
[2022.01.03-22.21.02:294][  0]LogAndroidPermission: UAndroidPermissionCallbackProxy::GetInstance
[2022.01.03-22.21.02:319][  0]LogAudioCaptureCore: Display: No Audio Capture implementations found. Audio input will be silent.
[2022.01.03-22.21.02:319][  0]LogAudioCaptureCore: Display: No Audio Capture implementations found. Audio input will be silent.
[2022.01.03-22.21.02:467][  0]LogOpenImageDenoise: OIDN starting up
[2022.01.03-22.21.02:492][  0]LogOcInput: OculusInput pre-init called
[2022.01.03-22.21.02:504][  0]LogUObjectArray: 22132 objects as part of root set at end of initial load.
[2022.01.03-22.21.02:504][  0]LogUObjectAllocator: 5979488 out of 0 bytes used by permanent object pool.
[2022.01.03-22.21.02:504][  0]LogUObjectArray: CloseDisregardForGC: 0/0 objects in disregard for GC pool
[2022.01.03-22.21.02:562][  0]LogEngine: Initializing Engine...
[2022.01.03-22.21.02:565][  0]LogHMD: Failed to enumerate extensions. Please check that you have a valid OpenXR runtime installed.
[2022.01.03-22.21.02:566][  0]LogHMD: Failed to initialize OpenVR with code 110
[2022.01.03-22.21.02:566][  0]LogMagicLeap: Warning: VR disabled because ZI is not enabled.  To enable, in the editor, Edit -> Project Settings -> Plugins -> Magic Leap Plugin -> Enable Zero Iteration
[2022.01.03-22.21.02:568][  0]LogStats: UGameplayTagsManager::InitializeManager -  0.000 s
[2022.01.03-22.21.02:706][  0]LogInit: Initializing FReadOnlyCVARCache
[2022.01.03-22.21.02:706][  0]LogAudio: Display: Initializing Audio Device Manager...
[2022.01.03-22.21.02:710][  0]LogAudio: Display: Loading Default Audio Settings Objects...
[2022.01.03-22.21.02:711][  0]LogAudio: Display: No default SoundConcurrencyObject specified (or failed to load).
[2022.01.03-22.21.02:712][  0]LogAudio: Display: Audio Device Manager Initialized
[2022.01.03-22.21.02:712][  0]LogAudio: Display: Creating Audio Device:                 Id: 1, Scope: Shared, Realtime: True
[2022.01.03-22.21.02:712][  0]LogAudioMixer: Display: Audio Mixer Platform Settings:
[2022.01.03-22.21.02:712][  0]LogAudioMixer: Display: 	Sample Rate:						  48000
[2022.01.03-22.21.02:712][  0]LogAudioMixer: Display: 	Callback Buffer Frame Size Requested: 1024
[2022.01.03-22.21.02:712][  0]LogAudioMixer: Display: 	Callback Buffer Frame Size To Use:	  1024
[2022.01.03-22.21.02:712][  0]LogAudioMixer: Display: 	Number of buffers to queue:			  2
[2022.01.03-22.21.02:712][  0]LogAudioMixer: Display: 	Max Channels (voices):				  32
[2022.01.03-22.21.02:712][  0]LogAudioMixer: Display: 	Number of Async Source Workers:		  0
[2022.01.03-22.21.02:712][  0]LogAudio: Display: AudioDevice MaxSources: 32
[2022.01.03-22.21.02:712][  0]LogAudio: Display: Audio Spatialization Plugin: None (built-in).
[2022.01.03-22.21.02:712][  0]LogAudio: Display: Audio Reverb Plugin: None (built-in).
[2022.01.03-22.21.02:712][  0]LogAudio: Display: Audio Occlusion Plugin: None (built-in).
[2022.01.03-22.21.02:712][  0]LogAudioMixer: Display: Initializing audio mixer.
[2022.01.03-22.21.02:725][  0]LogAudioMixer: Display: 0: FrontLeft
[2022.01.03-22.21.02:725][  0]LogAudioMixer: Display: 1: FrontRight
[2022.01.03-22.21.02:760][  0]LogAudioMixer: Display: Using Audio Device Динамики (Bloody Gaming Audio Device)
[2022.01.03-22.21.02:767][  0]LogAudioMixer: Display: Initializing Sound Submixes...
[2022.01.03-22.21.02:769][  0]LogAudioMixer: Display: Creating Master Submix 'MasterSubmixDefault'
[2022.01.03-22.21.02:769][  0]LogAudioMixer: Display: Creating Master Submix 'MasterReverbSubmixDefault'
[2022.01.03-22.21.02:770][  0]LogAudioMixer: Display: Creating Master Submix 'MasterEQSubmixDefault'
[2022.01.03-22.21.02:770][  0]LogAudioMixer: FMixerPlatformXAudio2::StartAudioStream() called
[2022.01.03-22.21.02:770][  0]LogAudioMixer: Display: Output buffers initialized: Frames=1024, Channels=2, Samples=2048
[2022.01.03-22.21.02:772][  0]LogAudioMixer: Display: Starting AudioMixerPlatformInterface::RunInternal()
[2022.01.03-22.21.02:772][  0]LogAudioMixer: Display: FMixerPlatformXAudio2::SubmitBuffer() called for the first time
[2022.01.03-22.21.02:772][  0]LogInit: FAudioDevice initialized.
[2022.01.03-22.21.02:773][  0]LogNetVersion: Set ProjectVersion to 1.0.0.0. Version Checksum will be recalculated on next use.
[2022.01.03-22.21.02:776][  0]LogInit: Texture streaming: Enabled
[2022.01.03-22.21.02:856][  0]LogAudio: Display: Audio Device (ID: 1) registered with world 'Untitled'.
[2022.01.03-22.21.02:857][  0]LogSlate: Updating window title bar state: overlay mode, drag disabled, window buttons hidden, title bar hidden
[2022.01.03-22.21.02:858][  0]LogInit: Display: Game Engine Initialized.
[2022.01.03-22.21.02:858][  0]LogNiagaraEditor: GEditor isn't valid! Particle reset commands will not work for Niagara components!
[2022.01.03-22.21.03:002][  0]LogInit: Display: Starting Game.
[2022.01.03-22.21.03:002][  0]LogNet: Browse: /Game/Map/Map?Name=Player
[2022.01.03-22.21.03:002][  0]LogLoad: LoadMap: /Game/Map/Map?Name=Player
[2022.01.03-22.21.03:002][  0]LogWorld: BeginTearingDown for /Temp/Untitled_0
[2022.01.03-22.21.03:003][  0]LogWorld: UWorld::CleanupWorld for Untitled, bSessionEnded=true, bCleanupResources=true
[2022.01.03-22.21.03:004][  0]LogSlate: InvalidateAllWidgets triggered.  All widgets were invalidated
[2022.01.03-22.21.03:010][  0]LogAudio: Display: Audio Device unregistered from world 'None'.
[2022.01.03-22.21.03:013][  0]LogUObjectHash: Compacting FUObjectHashTables data took   1.22ms
[2022.01.03-22.21.03:696][  0]LogAudio: Display: Audio Device (ID: 1) registered with world 'Map'.
[2022.01.03-22.21.03:704][  0]LogAIModule: Creating AISystem for world Map
[2022.01.03-22.21.03:705][  0]LogLoad: Game class is 'BaseGameMode_C'
[2022.01.03-22.21.03:706][  0]LogWorld: Bringing World /Game/Map/Map.Map up for play (max tick rate 0) at 2022.01.04-02.21.03
[2022.01.03-22.21.03:706][  0]LogWorld: Bringing up level for play took: 0.000688
[2022.01.03-22.21.03:707][  0]LogGameMode: FindPlayerStart: PATHS NOT DEFINED or NO PLAYERSTART with positive rating
[2022.01.03-22.21.03:725][  0]LogViewport: Display: Viewport MouseLockMode Changed, LockOnCapture -> DoNotLock
[2022.01.03-22.21.03:725][  0]LogViewport: Display: Viewport MouseCaptureMode Changed, CapturePermanently_IncludingInitialMouseDown -> NoCapture
[2022.01.03-22.21.03:725][  0]r.SetRes = "1920 x 1080f"
[2022.01.03-22.21.03:725][  0]LogLoad: Took 0.723804 seconds to LoadMap(/Game/Map/Map)
[2022.01.03-22.21.04:606][  0]LogSlate: Took 0.000276 seconds to synchronously load lazily loaded font '../../../Engine/Content/Slate/Fonts/Roboto-Regular.ttf' (155K)
[2022.01.03-22.21.04:656][  0]LogRenderer: Reallocating scene render targets to support 1920x1080 Format 10 NumSamples 1 (Frame:1).
[2022.01.03-22.21.04:656][  0]LogInit: Display: Engine is initialized. Leaving FEngineLoop::Init()
[2022.01.03-22.21.04:656][  0]LogLoad: (Engine Initialization) Total time: 8.41 seconds
[2022.01.03-22.21.04:656][  0]LogLoad: (Engine Initialization) Total Blueprint compile time: 0.00 seconds
[2022.01.03-22.21.04:702][  0]LogContentStreaming: Texture pool size now 1000 MB
[2022.01.03-22.21.04:746][  0]LogSlate: InvalidateAllWidgets triggered.  All widgets were invalidated
[2022.01.03-22.21.04:819][  1]LogSlate: Took 0.000177 seconds to synchronously load lazily loaded font '../../../Engine/Content/Slate/Fonts/Roboto-Regular.ttf' (155K)
[2022.01.03-22.21.16:877][487]LogWindowsDesktop: Alt-F4 pressed!
[2022.01.03-22.21.16:906][487]LogSlate: Window 'Dungeoner (64-bit Development PCD3D_SM5) ' being destroyed
[2022.01.03-22.21.17:121][487]LogWindowsTextInputMethodSystem: Display: IME system deactivated.
[2022.01.03-22.21.17:125][487]LogWindowsTextInputMethodSystem: Display: IME system deactivated.
[2022.01.03-22.21.17:127][487]LogSlate: Updating window title bar state: overlay mode, drag disabled, window buttons hidden, title bar hidden
[2022.01.03-22.21.17:128][487]LogEngine: All Windows Closed
[2022.01.03-22.21.17:128][487]LogWindows: FPlatformMisc::RequestExit(0)
[2022.01.03-22.21.17:128][487]LogWindows: FPlatformMisc::RequestExitWithStatus(0, 0)
[2022.01.03-22.21.17:128][487]LogCore: Engine exit requested (reason: Win RequestExit)
[2022.01.03-22.21.17:128][488]LogCore: Engine exit requested (reason: EngineExit() was called; note: exit was already requested)
[2022.01.03-22.21.17:128][488]LogInit: Display: PreExit Game.
[2022.01.03-22.21.17:129][488]LogWorld: BeginTearingDown for /Game/Map/Map
[2022.01.03-22.21.17:129][488]LogWorld: UWorld::CleanupWorld for Map, bSessionEnded=true, bCleanupResources=true
[2022.01.03-22.21.17:129][488]LogSlate: InvalidateAllWidgets triggered.  All widgets were invalidated
[2022.01.03-22.21.17:575][488]LogAudio: Display: Beginning Audio Device Manager Shutdown (Module: AudioMixerXAudio2)...
[2022.01.03-22.21.17:575][488]LogAudio: Display: Destroying 1 Remaining Audio Device(s)...
[2022.01.03-22.21.17:575][488]LogAudio: Display: Audio Device unregistered from world 'Map'.
[2022.01.03-22.21.17:578][488]LogAudioMixer: FMixerPlatformXAudio2::StopAudioStream() called
[2022.01.03-22.21.17:579][488]LogAudioMixer: FMixerPlatformXAudio2::StopAudioStream() called
[2022.01.03-22.21.17:588][488]LogAudio: Display: Audio Device Manager Shutdown
[2022.01.03-22.21.17:591][488]LogExit: Preparing to exit.
[2022.01.03-22.21.17:605][488]LogSlate: Updating window title bar state: overlay mode, drag disabled, window buttons hidden, title bar hidden
[2022.01.03-22.21.17:621][488]LogUObjectHash: Compacting FUObjectHashTables data took   2.21ms
[2022.01.03-22.21.18:457][488]LogMoviePlayer: Shutting down movie player
[2022.01.03-22.21.18:648][488]LogExit: Game engine shut down
[2022.01.03-22.21.18:651][488]LogDemo: Cleaned up 0 splitscreen connections with owner deletion
[2022.01.03-22.21.18:710][488]LogExit: Object subsystem successfully closed.
[2022.01.03-22.21.18:717][488]LogShaderCompilers: Display: === FShaderJobCache stats ===
[2022.01.03-22.21.18:717][488]LogShaderCompilers: Display: Total job queries 0, among them cache hits 0 (0.00%)
[2022.01.03-22.21.18:717][488]LogShaderCompilers: Display: Tracking 0 distinct input hashes that result in 0 distinct outputs (0.00%)
[2022.01.03-22.21.18:717][488]LogShaderCompilers: Display: RAM used: 0.00 MB (0.00 GB) of 409.60 MB (0.40 GB) budget. Usage: 0.00%
[2022.01.03-22.21.18:717][488]LogShaderCompilers: Display: ================================================
[2022.01.03-22.21.18:736][488]LogShaderCompilers: Display: Shaders left to compile 0
[2022.01.03-22.21.18:736][488]LogShaderCompilers: Display: Shaders left to compile 0
[2022.01.03-22.21.18:747][488]LogModuleManager: Shutting down and abandoning module SequenceRecorderSections (560)
[2022.01.03-22.21.18:747][488]LogModuleManager: Shutting down and abandoning module SequenceRecorder (558)
[2022.01.03-22.21.18:747][488]LogModuleManager: Shutting down and abandoning module AutomationController (556)
[2022.01.03-22.21.18:747][488]LogModuleManager: Shutting down and abandoning module AutomationWorker (554)
[2022.01.03-22.21.18:747][488]LogModuleManager: Shutting down and abandoning module Voice (552)
[2022.01.03-22.21.18:747][488]LogModuleManager: Shutting down and abandoning module AIModule (550)
[2022.01.03-22.21.18:747][488]LogModuleManager: Shutting down and abandoning module GameplayDebugger (549)
[2022.01.03-22.21.18:747][488]LogModuleManager: Shutting down and abandoning module AITestSuite (547)
[2022.01.03-22.21.18:748][488]LogModuleManager: Shutting down and abandoning module NavigationSystem (545)
[2022.01.03-22.21.18:748][488]LogModuleManager: Shutting down and abandoning module SteamVREditor (542)
[2022.01.03-22.21.18:748][488]LogModuleManager: Shutting down and abandoning module ToolMenus (541)
[2022.01.03-22.21.18:748][488]LogModuleManager: Shutting down and abandoning module OculusMR (538)
[2022.01.03-22.21.18:748][488]LogModuleManager: Shutting down and abandoning module PlanarCut (536)
[2022.01.03-22.21.18:748][488]LogModuleManager: Shutting down and abandoning module TakeRecorderSources (534)
[2022.01.03-22.21.18:748][488]LogModuleManager: Shutting down and abandoning module TakeRecorder (533)
[2022.01.03-22.21.18:748][488]LogModuleManager: Shutting down and abandoning module TakeTrackRecorders (530)
[2022.01.03-22.21.18:748][488]LogModuleManager: Shutting down and abandoning module TakesCore (528)
[2022.01.03-22.21.18:748][488]LogModuleManager: Shutting down and abandoning module CharacterAI (526)
[2022.01.03-22.21.18:748][488]LogModuleManager: Shutting down and abandoning module OpenXRInput (524)
[2022.01.03-22.21.18:748][488]LogModuleManager: Shutting down and abandoning module WmfMediaFactory (522)
[2022.01.03-22.21.18:748][488]LogModuleManager: Shutting down and abandoning module WebMMediaFactory (520)
[2022.01.03-22.21.18:748][488]LogModuleManager: Shutting down and abandoning module WebMMedia (518)
[2022.01.03-22.21.18:748][488]LogModuleManager: Shutting down and abandoning module OpenExrWrapper (516)
[2022.01.03-22.21.18:748][488]LogModuleManager: Shutting down and abandoning module ImgMediaFactory (514)
[2022.01.03-22.21.18:748][488]LogModuleManager: Shutting down and abandoning module AvfMediaFactory (512)
[2022.01.03-22.21.18:748][488]LogModuleManager: Shutting down and abandoning module MagicLeapMediaCodecFactory (510)
[2022.01.03-22.21.18:748][488]LogModuleManager: Shutting down and abandoning module MagicLeapMediaFactory (508)
[2022.01.03-22.21.18:748][488]LogModuleManager: Shutting down and abandoning module SessionServices (506)
[2022.01.03-22.21.18:748][488]LogModuleManager: Shutting down and abandoning module MovieSceneCapture (504)
[2022.01.03-22.21.18:748][488]LogModuleManager: Shutting down and abandoning module LiveCoding (502)
[2022.01.03-22.21.18:748][488]LogModuleManager: Shutting down and abandoning module LevelSequence (500)
[2022.01.03-22.21.18:748][488]LogModuleManager: Shutting down and abandoning module MovieSceneTracks (498)
[2022.01.03-22.21.18:748][488]LogModuleManager: Shutting down and abandoning module MovieScene (496)
[2022.01.03-22.21.18:748][488]LogModuleManager: Shutting down and abandoning module StreamingPauseRendering (494)
[2022.01.03-22.21.18:748][488]LogModuleManager: Shutting down and abandoning module PortalServices (492)
[2022.01.03-22.21.18:748][488]LogModuleManager: Shutting down and abandoning module PortalRpc (490)
[2022.01.03-22.21.18:748][488]LogModuleManager: Shutting down and abandoning module MessagingRpc (488)
[2022.01.03-22.21.18:748][488]LogModuleManager: Shutting down and abandoning module AudioMixerXAudio2 (486)
[2022.01.03-22.21.18:748][488]LogModuleManager: Shutting down and abandoning module AudioMixerCore (485)
[2022.01.03-22.21.18:748][488]LogModuleManager: Shutting down and abandoning module ImageWriteQueue (482)
[2022.01.03-22.21.18:748][488]LogModuleManager: Shutting down and abandoning module ProfilerService (480)
[2022.01.03-22.21.18:807][488]LogModuleManager: Shutting down and abandoning module TaskGraph (478)
[2022.01.03-22.21.18:807][488]LogModuleManager: Shutting down and abandoning module OculusInput (476)
[2022.01.03-22.21.18:807][488]LogModuleManager: Shutting down and abandoning module MotoSynth (474)
[2022.01.03-22.21.18:807][488]LogModuleManager: Shutting down and abandoning module OpenImageDenoise (472)
[2022.01.03-22.21.18:807][488]LogOpenImageDenoise: OIDN shutting down
[2022.01.03-22.21.18:807][488]LogModuleManager: Shutting down and abandoning module MeshConversion (470)
[2022.01.03-22.21.18:807][488]LogModuleManager: Shutting down and abandoning module DynamicMesh (468)
[2022.01.03-22.21.18:807][488]LogModuleManager: Shutting down and abandoning module GeometryAlgorithms (466)
[2022.01.03-22.21.18:808][488]LogModuleManager: Shutting down and abandoning module GeometricObjects (464)
[2022.01.03-22.21.18:808][488]LogModuleManager: Shutting down and abandoning module TakeMovieScene (462)
[2022.01.03-22.21.18:808][488]LogModuleManager: Shutting down and abandoning module GeometryCollectionTracks (460)
[2022.01.03-22.21.18:808][488]LogModuleManager: Shutting down and abandoning module GeometryCollectionSequencer (459)
[2022.01.03-22.21.18:808][488]LogModuleManager: Shutting down and abandoning module GeometryCacheTracks (456)
[2022.01.03-22.21.18:808][488]LogModuleManager: Shutting down and abandoning module GeometryCacheSequencer (455)
[2022.01.03-22.21.18:808][488]LogModuleManager: Shutting down and abandoning module GeometryCache (452)
[2022.01.03-22.21.18:808][488]LogModuleManager: Shutting down and abandoning module GeometryCacheEd (451)
[2022.01.03-22.21.18:808][488]LogModuleManager: Shutting down and abandoning module ChaosNiagara (448)
[2022.01.03-22.21.18:808][488]LogModuleManager: Shutting down and abandoning module BackChannel (446)
[2022.01.03-22.21.18:808][488]LogModuleManager: Shutting down and abandoning module AutomationUtils (444)
[2022.01.03-22.21.18:808][488]LogModuleManager: Shutting down and abandoning module Synthesis (442)
[2022.01.03-22.21.18:808][488]LogModuleManager: Shutting down and abandoning module ProceduralMeshComponent (440)
[2022.01.03-22.21.18:808][488]LogModuleManager: Shutting down and abandoning module MobilePatchingUtils (438)
[2022.01.03-22.21.18:808][488]LogModuleManager: Shutting down and abandoning module GooglePAD (436)
[2022.01.03-22.21.18:808][488]LogModuleManager: Shutting down and abandoning module EditableMesh (434)
[2022.01.03-22.21.18:808][488]LogModuleManager: Shutting down and abandoning module FieldSystemEngine (433)
[2022.01.03-22.21.18:808][488]LogModuleManager: Shutting down and abandoning module CustomMeshComponent (430)
[2022.01.03-22.21.18:808][488]LogModuleManager: Shutting down and abandoning module CableComponent (428)
[2022.01.03-22.21.18:808][488]LogModuleManager: Shutting down and abandoning module AudioCapture (426)
[2022.01.03-22.21.18:808][488]LogModuleManager: Shutting down and abandoning module AudioCaptureRtAudio (425)
[2022.01.03-22.21.18:808][488]LogModuleManager: Shutting down and abandoning module AssetTags (422)
[2022.01.03-22.21.18:808][488]LogModuleManager: Shutting down and abandoning module ArchVisCharacter (420)
[2022.01.03-22.21.18:808][488]LogModuleManager: Shutting down and abandoning module AppleImageUtilsBlueprintSupport (418)
[2022.01.03-22.21.18:808][488]LogModuleManager: Shutting down and abandoning module AppleImageUtils (416)
[2022.01.03-22.21.18:808][488]LogModuleManager: Shutting down and abandoning module AndroidPermission (414)
[2022.01.03-22.21.18:808][488]LogModuleManager: Shutting down and abandoning module ActorLayerUtilities (412)
[2022.01.03-22.21.18:809][488]LogModuleManager: Shutting down and abandoning module TemplateSequence (410)
[2022.01.03-22.21.18:809][488]LogModuleManager: Shutting down and abandoning module MediaCompositing (408)
[2022.01.03-22.21.18:809][488]LogModuleManager: Shutting down and abandoning module ImgMedia (406)
[2022.01.03-22.21.18:809][488]LogModuleManager: Shutting down and abandoning module MagicLeapSharedWorld (404)
[2022.01.03-22.21.18:809][488]LogModuleManager: Shutting down and abandoning module MagicLeapLightEstimation (402)
[2022.01.03-22.21.18:809][488]LogModuleManager: Shutting down and abandoning module MagicLeapHelperVulkan (400)
[2022.01.03-22.21.18:809][488]LogModuleManager: Shutting down and abandoning module MagicLeapHelperOpenGL (398)
[2022.01.03-22.21.18:809][488]LogModuleManager: Shutting down and abandoning module MagicLeapAudio (396)
[2022.01.03-22.21.18:809][488]LogModuleManager: Shutting down and abandoning module VisualStudioSourceCodeAccess (394)
[2022.01.03-22.21.18:809][488]LogModuleManager: Shutting down and abandoning module HotReload (393)
[2022.01.03-22.21.18:809][488]LogModuleManager: Shutting down and abandoning module VisualStudioCodeSourceCodeAccess (390)
[2022.01.03-22.21.18:809][488]LogModuleManager: Shutting down and abandoning module UObjectPlugin (388)
[2022.01.03-22.21.18:809][488]LogModuleManager: Shutting down and abandoning module SubversionSourceControl (386)
[2022.01.03-22.21.18:809][488]LogModuleManager: Shutting down and abandoning module PerforceSourceControl (384)
[2022.01.03-22.21.18:809][488]LogModuleManager: Shutting down and abandoning module SourceControl (383)
[2022.01.03-22.21.18:809][488]LogModuleManager: Shutting down and abandoning module CLionSourceCodeAccess (380)
[2022.01.03-22.21.18:809][488]LogModuleManager: Shutting down and abandoning module OodleNetworkHandlerComponent (378)
[2022.01.03-22.21.18:809][488]LogModuleManager: Shutting down and abandoning module LiveLinkSequencer (376)
[2022.01.03-22.21.18:810][488]LogModuleManager: Shutting down and abandoning module LiveLinkMovieScene (374)
[2022.01.03-22.21.18:810][488]LogModuleManager: Shutting down and abandoning module LiveLinkGraphNode (372)
[2022.01.03-22.21.18:810][488]LogModuleManager: Shutting down and abandoning module LiveLinkComponents (370)
[2022.01.03-22.21.18:810][488]LogModuleManager: Shutting down and abandoning module LiveLink (368)
[2022.01.03-22.21.19:193][488]LogModuleManager: Shutting down and abandoning module Dungeoner (366)
[2022.01.03-22.21.19:193][488]LogModuleManager: Shutting down and abandoning module PythonScriptPlugin (364)
[2022.01.03-22.21.19:193][488]LogModuleManager: Shutting down and abandoning module SoundFields (362)
[2022.01.03-22.21.19:193][488]LogModuleManager: Shutting down and abandoning module SignificanceManager (360)
[2022.01.03-22.21.19:193][488]LogModuleManager: Shutting down and abandoning module RuntimePhysXCooking (358)
[2022.01.03-22.21.19:193][488]LogModuleManager: Shutting down and abandoning module PropertyAccessEditor (356)
[2022.01.03-22.21.19:193][488]LogModuleManager: Shutting down and abandoning module PhysXVehiclesEditor (354)
[2022.01.03-22.21.19:193][488]LogModuleManager: Shutting down and abandoning module LocationServicesBPLibrary (350)
[2022.01.03-22.21.19:193][488]LogModuleManager: Shutting down and abandoning module AudioSynesthesia (348)
[2022.01.03-22.21.19:193][488]LogModuleManager: Shutting down and abandoning module AudioSynesthesiaCore (346)
[2022.01.03-22.21.19:193][488]LogModuleManager: Shutting down and abandoning module ActorSequence (344)
[2022.01.03-22.21.19:193][488]LogModuleManager: Shutting down and abandoning module UdpMessaging (342)
[2022.01.03-22.21.19:294][488]LogModuleManager: Shutting down and abandoning module TcpMessaging (340)
[2022.01.03-22.21.19:454][488]LogModuleManager: Shutting down and abandoning module ImgMediaEngine (338)
[2022.01.03-22.21.19:454][488]LogModuleManager: Shutting down and abandoning module MagicLeapARPin (336)
[2022.01.03-22.21.19:454][488]LogModuleManager: Shutting down and abandoning module MagicLeapHandMeshing (334)
[2022.01.03-22.21.19:454][488]LogModuleManager: Shutting down and abandoning module MagicLeapSecureStorage (332)
[2022.01.03-22.21.19:454][488]LogModuleManager: Shutting down and abandoning module MagicLeapPrivileges (330)
[2022.01.03-22.21.19:454][488]LogModuleManager: Shutting down and abandoning module MagicLeapPlanes (328)
[2022.01.03-22.21.19:454][488]LogMagicLeapPlanes: Planes tracker already destroyed.
[2022.01.03-22.21.19:454][488]LogModuleManager: Shutting down and abandoning module MagicLeapImageTracker (326)
[2022.01.03-22.21.19:454][488]LogModuleManager: Shutting down and abandoning module MagicLeapIdentity (324)
[2022.01.03-22.21.19:454][488]LogModuleManager: Shutting down and abandoning module MagicLeapHandTracking (322)
[2022.01.03-22.21.19:454][488]LogModuleManager: Shutting down and abandoning module MagicLeapEyeTracker (320)
[2022.01.03-22.21.19:454][488]LogModuleManager: Shutting down and abandoning module MagicLeapController (318)
[2022.01.03-22.21.19:454][488]LogModuleManager: Shutting down and abandoning module MagicLeapARPinImpl (316)
[2022.01.03-22.21.19:454][488]LogModuleManager: Shutting down and abandoning module MagicLeapAR (314)
[2022.01.03-22.21.19:454][488]LogModuleManager: Shutting down and abandoning module LightPropagationVolumeRuntime (312)
[2022.01.03-22.21.19:454][488]LogModuleManager: Shutting down and abandoning module NiagaraAnimNotifies (310)
[2022.01.03-22.21.19:454][488]LogModuleManager: Shutting down and abandoning module Niagara (308)
[2022.01.03-22.21.19:454][488]LogModuleManager: Shutting down and abandoning module SignalProcessing (307)
[2022.01.03-22.21.19:454][488]LogModuleManager: Shutting down and abandoning module NiagaraEditor (305)
[2022.01.03-22.21.19:455][488]LogModuleManager: Shutting down and abandoning module ContentBrowser (304)
[2022.01.03-22.21.19:455][488]LogModuleManager: Shutting down and abandoning module CollectionManager (303)
[2022.01.03-22.21.19:455][488]LogModuleManager: Shutting down and abandoning module DirectoryWatcher (302)
[2022.01.03-22.21.19:455][488]LogModuleManager: Shutting down and abandoning module ContentBrowserData (299)
[2022.01.03-22.21.19:455][488]LogModuleManager: Shutting down and abandoning module NiagaraCore (294)
[2022.01.03-22.21.19:455][488]LogModuleManager: Shutting down and abandoning module GameplayTagsEditor (292)
[2022.01.03-22.21.19:455][488]LogModuleManager: Shutting down and abandoning module FacialAnimation (290)
[2022.01.03-22.21.19:455][488]LogModuleManager: Shutting down and abandoning module AssetManagerEditor (288)
[2022.01.03-22.21.19:455][488]LogModuleManager: Shutting down and abandoning module TreeMap (287)
[2022.01.03-22.21.19:455][488]LogModuleManager: Shutting down and abandoning module PropertyAccessNode (284)
[2022.01.03-22.21.19:455][488]LogModuleManager: Shutting down and abandoning module AnimationSharing (282)
[2022.01.03-22.21.19:455][488]LogModuleManager: Shutting down and abandoning module GameplayCameras (280)
[2022.01.03-22.21.19:455][488]LogModuleManager: Shutting down and abandoning module EnvironmentQueryEditor (278)
[2022.01.03-22.21.19:455][488]LogModuleManager: Shutting down and abandoning module Paper2D (276)
[2022.01.03-22.21.19:455][488]LogModuleManager: Shutting down and abandoning module WindowsMoviePlayer (274)
[2022.01.03-22.21.19:457][488]LogModuleManager: Shutting down and abandoning module WebMMoviePlayer (272)
[2022.01.03-22.21.19:457][488]LogModuleManager: Shutting down and abandoning module NetworkReplayStreaming (270)
[2022.01.03-22.21.19:457][488]LogModuleManager: Shutting down and abandoning module PacketHandler (268)
[2022.01.03-22.21.19:457][488]LogModuleManager: Shutting down and abandoning module ClothingSystemEditor (266)
[2022.01.03-22.21.19:457][488]LogModuleManager: Shutting down and abandoning module ClothingSystemRuntimeNv (264)
[2022.01.03-22.21.19:457][488]LogModuleManager: Shutting down and abandoning module MediaAssets (262)
[2022.01.03-22.21.19:457][488]LogModuleManager: Shutting down and abandoning module Overlay (260)
[2022.01.03-22.21.19:457][488]LogModuleManager: Shutting down and abandoning module OverlayEditor (259)
[2022.01.03-22.21.19:457][488]LogModuleManager: Shutting down and abandoning module VREditor (256)
[2022.01.03-22.21.19:457][488]LogModuleManager: Shutting down and abandoning module StringTableEditor (254)
[2022.01.03-22.21.19:457][488]LogModuleManager: Shutting down and abandoning module GameplayTasksEditor (252)
[2022.01.03-22.21.19:457][488]LogModuleManager: Shutting down and abandoning module BehaviorTreeEditor (250)
[2022.01.03-22.21.19:457][488]LogModuleManager: Shutting down and abandoning module FunctionalTesting (248)
[2022.01.03-22.21.19:457][488]LogModuleManager: Shutting down and abandoning module CollisionAnalyzer (246)
[2022.01.03-22.21.19:457][488]LogModuleManager: Shutting down and abandoning module WorkspaceMenuStructure (245)
[2022.01.03-22.21.19:457][488]LogModuleManager: Shutting down and abandoning module UMG (242)
[2022.01.03-22.21.19:457][488]LogModuleManager: Shutting down and abandoning module UMGEditor (241)
[2022.01.03-22.21.19:457][488]LogModuleManager: Shutting down and abandoning module Sequencer (240)
[2022.01.03-22.21.19:457][488]LogModuleManager: Shutting down and abandoning module MessageLog (237)
[2022.01.03-22.21.19:457][488]LogModuleManager: Shutting down and abandoning module SlateReflector (232)
[2022.01.03-22.21.19:458][488]LogModuleManager: Shutting down and abandoning module Slate (230)
[2022.01.03-22.21.19:458][488]LogModuleManager: Shutting down and abandoning module SlateCore (228)
[2022.01.03-22.21.19:459][488]LogModuleManager: Shutting down and abandoning module LandscapeEditorUtilities (226)
[2022.01.03-22.21.19:459][488]LogModuleManager: Shutting down and abandoning module UnrealEd (224)
[2022.01.03-22.21.19:459][488]LogModuleManager: Shutting down and abandoning module MRMesh (222)
[2022.01.03-22.21.19:459][488]LogModuleManager: Shutting down and abandoning module Messaging (220)
[2022.01.03-22.21.19:459][488]LogModuleManager: Shutting down and abandoning module SourceCodeAccess (218)
[2022.01.03-22.21.19:459][488]LogModuleManager: Shutting down and abandoning module HeadMountedDisplay (216)
[2022.01.03-22.21.19:459][488]LogModuleManager: Shutting down and abandoning module XAudio2 (214)
[2022.01.03-22.21.19:459][488]LogModuleManager: Shutting down and abandoning module Networking (212)
[2022.01.03-22.21.19:459][488]LogModuleManager: Shutting down and abandoning module Core (210)
[2022.01.03-22.21.19:459][488]LogModuleManager: Shutting down and abandoning module MaterialEditor (208)
[2022.01.03-22.21.19:459][488]LogModuleManager: Shutting down and abandoning module MovieSceneTools (206)
[2022.01.03-22.21.19:459][488]LogModuleManager: Shutting down and abandoning module EditorStyle (205)
[2022.01.03-22.21.19:460][488]LogModuleManager: Shutting down and abandoning module KismetCompiler (202)
[2022.01.03-22.21.19:460][488]LogModuleManager: Shutting down and abandoning module MeshBuilder (200)
[2022.01.03-22.21.19:460][488]LogModuleManager: Shutting down and abandoning module MeshUtilities (198)
[2022.01.03-22.21.19:460][488]LogModuleManager: Shutting down and abandoning module MeshMergeUtilities (197)
[2022.01.03-22.21.19:460][488]LogModuleManager: Shutting down and abandoning module MeshReductionInterface (196)
[2022.01.03-22.21.19:460][488]LogModuleManager: Shutting down and abandoning module MeshBoneReduction (195)
[2022.01.03-22.21.19:460][488]LogModuleManager: Shutting down and abandoning module SkeletalMeshReduction (193)
[2022.01.03-22.21.19:460][488]LogModuleManager: Shutting down and abandoning module ProxyLODMeshReduction (191)
[2022.01.03-22.21.19:460][488]LogModuleManager: Shutting down and abandoning module QuadricMeshReduction (189)
[2022.01.03-22.21.19:460][488]LogModuleManager: Shutting down and abandoning module MaterialBaking (185)
[2022.01.03-22.21.19:460][488]LogModuleManager: Shutting down and abandoning module NullInstallBundleManager (180)
[2022.01.03-22.21.19:460][488]LogModuleManager: Shutting down and abandoning module PIEPreviewDeviceProfileSelector (178)
[2022.01.03-22.21.19:460][488]LogModuleManager: Shutting down and abandoning module DerivedDataCache (176)
[2022.01.03-22.21.19:460][488]LogModuleManager: Shutting down and abandoning module TargetPlatform (174)
[2022.01.03-22.21.19:460][488]LogModuleManager: Shutting down and abandoning module VulkanShaderFormat (173)
[2022.01.03-22.21.19:461][488]LogModuleManager: Shutting down and abandoning module ShaderFormatVectorVM (171)
[2022.01.03-22.21.19:461][488]LogModuleManager: Shutting down and abandoning module ShaderFormatOpenGL (169)
[2022.01.03-22.21.19:461][488]LogModuleManager: Shutting down and abandoning module ShaderFormatD3D (167)
[2022.01.03-22.21.19:461][488]LogModuleManager: Shutting down and abandoning module MetalShaderFormat (165)
[2022.01.03-22.21.19:461][488]LogModuleManager: Shutting down and abandoning module TextureFormatOodle (163)
[2022.01.03-22.21.19:461][488]LogModuleManager: Shutting down and abandoning module TextureFormatUncompressed (161)
[2022.01.03-22.21.19:461][488]LogModuleManager: Shutting down and abandoning module TextureFormatPVR (159)
[2022.01.03-22.21.19:461][488]LogModuleManager: Shutting down and abandoning module TextureFormatETC2 (157)
[2022.01.03-22.21.19:461][488]LogModuleManager: Shutting down and abandoning module TextureFormatDXT (155)
[2022.01.03-22.21.19:461][488]LogModuleManager: Shutting down and abandoning module TextureFormatIntelISPCTexComp (153)
[2022.01.03-22.21.19:461][488]LogModuleManager: Shutting down and abandoning module TextureFormatASTC (151)
[2022.01.03-22.21.19:461][488]LogModuleManager: Shutting down and abandoning module ImageWrapper (150)
[2022.01.03-22.21.19:461][488]LogModuleManager: Shutting down and abandoning module AudioFormatOpus (147)
[2022.01.03-22.21.19:461][488]LogModuleManager: Shutting down and abandoning module AudioFormatOgg (145)
[2022.01.03-22.21.19:461][488]LogModuleManager: Shutting down and abandoning module AudioFormatADPCM (143)
[2022.01.03-22.21.19:461][488]LogModuleManager: Shutting down and abandoning module WindowsServerTargetPlatform (141)
[2022.01.03-22.21.19:461][488]LogModuleManager: Shutting down and abandoning module WindowsClientTargetPlatform (139)
[2022.01.03-22.21.19:461][488]LogModuleManager: Shutting down and abandoning module WindowsTargetPlatform (137)
[2022.01.03-22.21.19:461][488]LogModuleManager: Shutting down and abandoning module WindowsNoEditorTargetPlatform (135)
[2022.01.03-22.21.19:461][488]LogModuleManager: Shutting down and abandoning module D3D11RHI (132)
[2022.01.03-22.21.19:461][488]LogModuleManager: Shutting down and abandoning module InputCore (130)
[2022.01.03-22.21.19:461][488]LogModuleManager: Shutting down and abandoning module Settings (128)
[2022.01.03-22.21.19:461][488]LogModuleManager: Shutting down and abandoning module PhysXCooking (126)
[2022.01.03-22.21.19:461][488]LogModuleManager: Shutting down and abandoning module Chaos (124)
[2022.01.03-22.21.19:461][488]LogModuleManager: Shutting down and abandoning module WindowsPlatformFeatures (122)
[2022.01.03-22.21.19:461][488]LogModuleManager: Shutting down and abandoning module GameplayMediaEncoder (121)
[2022.01.03-22.21.19:461][488]LogModuleManager: Shutting down and abandoning module AVEncoder (120)
[2022.01.03-22.21.19:461][488]LogModuleManager: Shutting down and abandoning module SteamVRInputDevice (116)
[2022.01.03-22.21.19:461][488]LogModuleManager: Shutting down and abandoning module SteamVRInput (114)
[2022.01.03-22.21.19:461][488]LogModuleManager: Shutting down and abandoning module SteamVR (112)
[2022.01.03-22.21.19:461][488]LogHMD: Freeing OpenVRDLLHandle.
[2022.01.03-22.21.19:461][488]LogModuleManager: Shutting down and abandoning module OculusHMD (110)
[2022.01.03-22.21.19:461][488]LogModuleManager: Shutting down and abandoning module ChaosCloth (108)
[2022.01.03-22.21.19:461][488]LogModuleManager: Shutting down and abandoning module OpenXRHandTracking (106)
[2022.01.03-22.21.19:461][488]LogSlate: Slate User Destroyed.  User Index 0, Is Virtual User: 0
[2022.01.03-22.21.19:461][488]LogModuleManager: Shutting down and abandoning module OpenXREyeTracker (104)
[2022.01.03-22.21.19:461][488]LogModuleManager: Shutting down and abandoning module OpenXRAR (102)
[2022.01.03-22.21.19:461][488]LogModuleManager: Shutting down and abandoning module AugmentedReality (101)
[2022.01.03-22.21.19:461][488]LogModuleManager: Shutting down and abandoning module OpenXRHMD (98)
[2022.01.03-22.21.19:462][488]LogModuleManager: Shutting down and abandoning module ExampleDeviceProfileSelector (96)
[2022.01.03-22.21.19:462][488]LogModuleManager: Shutting down and abandoning module ChunkDownloader (94)
[2022.01.03-22.21.19:462][488]LogModuleManager: Shutting down and abandoning module LauncherChunkInstaller (92)
[2022.01.03-22.21.19:462][488]LogModuleManager: Shutting down and abandoning module OnlineBlueprintSupport (90)
[2022.01.03-22.21.19:462][488]LogModuleManager: Shutting down and abandoning module OnlineSubsystem (86)
[2022.01.03-22.21.19:463][488]LogModuleManager: Shutting down and abandoning module XMPP (81)
[2022.01.03-22.21.19:463][488]LogModuleManager: Shutting down and abandoning module WebSockets (80)
[2022.01.03-22.21.19:484][488]LogModuleManager: Shutting down and abandoning module HTTP (77)
[2022.01.03-22.21.19:484][488]LogHttp: Display: cleaning up 0 outstanding Http requests.
[2022.01.03-22.21.19:491][488]LogModuleManager: Shutting down and abandoning module SSL (76)
[2022.01.03-22.21.19:493][488]LogModuleManager: Shutting down and abandoning module WmfMedia (72)
[2022.01.03-22.21.19:497][488]LogModuleManager: Shutting down and abandoning module Media (71)
[2022.01.03-22.21.19:499][488]LogModuleManager: Shutting down and abandoning module MediaInfo (70)
[2022.01.03-22.21.19:499][488]LogModuleManager: Shutting down and abandoning module ExrReaderGpu (66)
[2022.01.03-22.21.19:499][488]LogModuleManager: Shutting down and abandoning module MLSDK (64)
[2022.01.03-22.21.19:499][488]LogModuleManager: Shutting down and abandoning module MagicLeap (62)
[2022.01.03-22.21.19:499][488]LogModuleManager: Shutting down and abandoning module NiagaraVertexFactories (60)
[2022.01.03-22.21.19:499][488]LogModuleManager: Shutting down and abandoning module NiagaraShader (58)
[2022.01.03-22.21.19:499][488]LogModuleManager: Shutting down and abandoning module VariantManagerContent (56)
[2022.01.03-22.21.19:499][488]LogModuleManager: Shutting down and abandoning module DatasmithContent (54)
[2022.01.03-22.21.19:500][488]LogModuleManager: Shutting down and abandoning module PixWinPlugin (52)
[2022.01.03-22.21.19:500][488]LogModuleManager: Shutting down and abandoning module AISupportModule (50)
[2022.01.03-22.21.19:500][488]LogModuleManager: Shutting down and abandoning module DesktopPlatform (48)
[2022.01.03-22.21.19:500][488]LogModuleManager: Shutting down and abandoning module PythonScriptPluginPreload (46)
[2022.01.03-22.21.19:500][488]LogModuleManager: Shutting down and abandoning module PlatformCryptoOpenSSL (44)
[2022.01.03-22.21.19:500][488]LogModuleManager: Shutting down and abandoning module PlatformCryptoTypes (42)
[2022.01.03-22.21.19:500][488]LogModuleManager: Shutting down and abandoning module PlatformCrypto (40)
[2022.01.03-22.21.19:500][488]LogModuleManager: Shutting down and abandoning module OodleDataCompressionFormat (38)
[2022.01.03-22.21.19:500][488]LogModuleManager: Shutting down and abandoning module XGEController (36)
[2022.01.03-22.21.19:500][488]LogModuleManager: Shutting down and abandoning module AnimationModifiers (34)
[2022.01.03-22.21.19:500][488]LogModuleManager: Shutting down and abandoning module AudioEditor (32)
[2022.01.03-22.21.19:502][488]LogModuleManager: Shutting down and abandoning module PropertyEditor (31)
[2022.01.03-22.21.19:502][488]LogModuleManager: Shutting down and abandoning module TextureCompressor (28)
[2022.01.03-22.21.19:502][488]LogModuleManager: Shutting down and abandoning module RenderCore (26)
[2022.01.03-22.21.19:502][488]LogModuleManager: Shutting down and abandoning module Landscape (24)
[2022.01.03-22.21.19:502][488]LogModuleManager: Shutting down and abandoning module SlateRHIRenderer (22)
[2022.01.03-22.21.19:502][488]LogModuleManager: Shutting down and abandoning module AnimGraphRuntime (20)
[2022.01.03-22.21.19:502][488]LogModuleManager: Shutting down and abandoning module Renderer (18)
[2022.01.03-22.21.19:503][488]LogModuleManager: Shutting down and abandoning module Engine (16)
[2022.01.03-22.21.19:503][488]LogModuleManager: Shutting down and abandoning module CoreUObject (14)
[2022.01.03-22.21.19:503][488]LogModuleManager: Shutting down and abandoning module NetworkFile (12)
[2022.01.03-22.21.19:503][488]LogModuleManager: Shutting down and abandoning module CookedIterativeFile (10)
[2022.01.03-22.21.19:503][488]LogModuleManager: Shutting down and abandoning module StreamingFile (8)
[2022.01.03-22.21.19:503][488]LogModuleManager: Shutting down and abandoning module SandboxFile (6)
[2022.01.03-22.21.19:503][488]LogModuleManager: Shutting down and abandoning module PakFile (4)
[2022.01.03-22.21.19:503][488]LogModuleManager: Shutting down and abandoning module RSA (3)
[2022.01.03-22.21.19:515][488]LogContentStreaming: Display: There are 1 unreleased StreamingManagers
[2022.01.03-22.21.19:521][488]LogD3D11RHI: Shutdown
[2022.01.03-22.21.19:521][488]LogD3D11RHI: CleanupD3DDevice
[2022.01.03-22.21.19:523][488]LogExit: Exiting.
[2022.01.03-22.21.19:535][488]Log file closed, 01/04/22 02:21:19
