Log file open, 01/04/22 02:44:22
LogWindows: Failed to load 'aqProf.dll' (GetLastError=126)
LogWindows: File 'aqProf.dll' does not exist
LogWindows: Failed to load 'VtuneApi.dll' (GetLastError=126)
LogWindows: File 'VtuneApi.dll' does not exist
LogWindows: Failed to load 'VtuneApi32e.dll' (GetLastError=126)
LogWindows: File 'VtuneApi32e.dll' does not exist
LogConsoleResponse: Display: Failed to find resolution value strings in scalability ini. Falling back to default.
LogConsoleResponse: Display: Failed to find resolution value strings in scalability ini. Falling back to default.
LogInit: Display: Running engine for game: Dungeoner
LogPlatformFile: Not using cached read wrapper
LogTaskGraph: Started task graph with 5 named threads and 14 total threads with 3 sets of task threads.
LogStats: Stats thread started at 0.282780
LogICUInternationalization: ICU TimeZone Detection - Raw Offset: +4:00, Platform Override: ''
LogInit: Display: Loading text-based GConfig....
LogPluginManager: Mounting plugin MeshPainting
LogPluginManager: Mounting plugin XGEController
LogPluginManager: Mounting plugin Paper2D
LogPluginManager: Mounting plugin AISupport
LogPluginManager: Mounting plugin EnvironmentQueryEditor
LogPluginManager: Mounting plugin LightPropagationVolume
LogPluginManager: Mounting plugin LiveLink
LogPluginManager: Mounting plugin CameraShakePreviewer
LogPluginManager: Mounting plugin GameplayCameras
LogPluginManager: Mounting plugin AnimationSharing
LogPluginManager: Mounting plugin CLionSourceCodeAccess
LogPluginManager: Mounting plugin CodeLiteSourceCodeAccess
LogPluginManager: Mounting plugin KDevelopSourceCodeAccess
LogPluginManager: Mounting plugin NullSourceCodeAccess
LogPluginManager: Mounting plugin PerforceSourceControl
LogPluginManager: Mounting plugin PixWinPlugin
LogPluginManager: Mounting plugin PlasticSourceControl
LogPluginManager: Mounting plugin PluginUtils
LogPluginManager: Mounting plugin PropertyAccessNode
LogPluginManager: Mounting plugin OodleData
LogPluginManager: Mounting plugin GitSourceControl
LogPluginManager: Mounting plugin RiderSourceCodeAccess
LogPluginManager: Mounting plugin OodleNetwork
LogPluginManager: Mounting plugin SubversionSourceControl
LogPluginManager: Mounting plugin TextureFormatOodle
LogPluginManager: Mounting plugin UObjectPlugin
LogPluginManager: Mounting plugin VisualStudioCodeSourceCodeAccess
LogPluginManager: Mounting plugin VisualStudioSourceCodeAccess
LogPluginManager: Mounting plugin XCodeSourceCodeAccess
LogPluginManager: Mounting plugin AssetManagerEditor
LogPluginManager: Mounting plugin CryptoKeys
LogPluginManager: Mounting plugin CurveEditorTools
LogPluginManager: Mounting plugin DataValidation
LogPluginManager: Mounting plugin FacialAnimation
LogPluginManager: Mounting plugin GameplayTagsEditor
LogPluginManager: Mounting plugin GeometryMode
LogPluginManager: Mounting plugin MacGraphicsSwitching
LogPluginManager: Mounting plugin MaterialAnalyzer
LogPluginManager: Mounting plugin MobileLauncherProfileWizard
LogPluginManager: Mounting plugin SpeedTreeImporter
LogPluginManager: Mounting plugin AlembicImporter
LogPluginManager: Mounting plugin PluginBrowser
LogPluginManager: Mounting plugin AutomationUtils
LogPluginManager: Mounting plugin BackChannel
LogPluginManager: Mounting plugin ChaosCloth
LogPluginManager: Mounting plugin ChaosClothEditor
LogPluginManager: Mounting plugin ChaosEditor
LogPluginManager: Mounting plugin ChaosNiagara
LogPluginManager: Mounting plugin ChaosSolverPlugin
LogPluginManager: Mounting plugin CharacterAI
LogPluginManager: Mounting plugin GeometryCache
LogPluginManager: Mounting plugin GeometryCollectionPlugin
LogPluginManager: Mounting plugin GeometryProcessing
LogPluginManager: Mounting plugin MotoSynth
LogPluginManager: Mounting plugin OpenImageDenoise
LogPluginManager: Mounting plugin PlanarCut
LogPluginManager: Mounting plugin PlatformCrypto
LogPluginManager: Mounting plugin ProxyLODPlugin
LogPluginManager: Mounting plugin PythonScriptPlugin
LogPluginManager: Mounting plugin SkeletalReduction
LogPluginManager: Mounting plugin Niagara
LogPluginManager: Mounting plugin DatasmithContent
LogPluginManager: Mounting plugin VariantManagerContent
LogPluginManager: Mounting plugin LuminPlatformFeatures
LogPluginManager: Mounting plugin MagicLeap
LogPluginManager: Mounting plugin MagicLeapLightEstimation
LogPluginManager: Mounting plugin MagicLeapMedia
LogPluginManager: Mounting plugin MagicLeapPassableWorld
LogPluginManager: Mounting plugin MLSDK
LogPluginManager: Mounting plugin AndroidMedia
LogPluginManager: Mounting plugin AvfMedia
LogPluginManager: Mounting plugin ImgMedia
LogPluginManager: Mounting plugin MediaCompositing
LogPluginManager: Mounting plugin MediaPlayerEditor
LogPluginManager: Mounting plugin WebMMedia
LogPluginManager: Mounting plugin WmfMedia
LogPluginManager: Mounting plugin ActorSequence
LogPluginManager: Mounting plugin LevelSequenceEditor
LogPluginManager: Mounting plugin MatineeToLevelSequence
LogPluginManager: Mounting plugin TemplateSequence
LogPluginManager: Mounting plugin TcpMessaging
LogPluginManager: Mounting plugin UdpMessaging
LogPluginManager: Mounting plugin OnlineSubsystem
LogPluginManager: Mounting plugin OnlineSubsystemNull
LogPluginManager: Mounting plugin OnlineSubsystemUtils
LogPluginManager: Mounting plugin LauncherChunkInstaller
LogPluginManager: Mounting plugin ScreenshotTools
LogPluginManager: Mounting plugin Takes
LogPluginManager: Mounting plugin ActorLayerUtilities
LogPluginManager: Mounting plugin AndroidDeviceProfileSelector
LogPluginManager: Mounting plugin AndroidMoviePlayer
LogPluginManager: Mounting plugin AndroidPermission
LogPluginManager: Mounting plugin AppleImageUtils
LogPluginManager: Mounting plugin AppleMoviePlayer
LogPluginManager: Mounting plugin ArchVisCharacter
LogPluginManager: Mounting plugin AssetTags
LogPluginManager: Mounting plugin AudioCapture
LogPluginManager: Mounting plugin AudioSynesthesia
LogPluginManager: Mounting plugin CableComponent
LogPluginManager: Mounting plugin ChunkDownloader
LogPluginManager: Mounting plugin CustomMeshComponent
LogPluginManager: Mounting plugin EditableMesh
LogPluginManager: Mounting plugin ExampleDeviceProfileSelector
LogPluginManager: Mounting plugin GoogleCloudMessaging
LogPluginManager: Mounting plugin GooglePAD
LogPluginManager: Mounting plugin IOSDeviceProfileSelector
LogPluginManager: Mounting plugin LinuxDeviceProfileSelector
LogPluginManager: Mounting plugin LocationServicesBPLibrary
LogPluginManager: Mounting plugin MobilePatchingUtils
LogPluginManager: Mounting plugin OpenXR
LogPluginManager: Mounting plugin OpenXREyeTracker
LogPluginManager: Mounting plugin OpenXRHandTracking
LogPluginManager: Mounting plugin PhysXVehicles
LogPluginManager: Mounting plugin PostSplashScreen
LogPluginManager: Mounting plugin ProceduralMeshComponent
LogPluginManager: Mounting plugin PropertyAccessEditor
LogPluginManager: Mounting plugin RuntimePhysXCooking
LogPluginManager: Mounting plugin SignificanceManager
LogPluginManager: Mounting plugin SoundFields
LogPluginManager: Mounting plugin Synthesis
LogPluginManager: Mounting plugin WebMMoviePlayer
LogPluginManager: Mounting plugin WindowsMoviePlayer
LogPluginManager: Mounting plugin ContentBrowserAssetDataSource
LogPluginManager: Mounting plugin ContentBrowserClassDataSource
LogPluginManager: Mounting plugin ContentBrowserFileDataSource
LogPluginManager: Mounting plugin OnlineSubsystemGooglePlay
LogPluginManager: Mounting plugin OnlineSubsystemIOS
LogPluginManager: Mounting plugin OculusVR
LogPluginManager: Mounting plugin SteamVR
PixWinPlugin: PIX capture plugin failed to initialize! Check that the process is launched from PIX.
LogInit: Using libcurl 7.55.1-DEV
LogInit:  - built for x86_64-pc-win32
LogInit:  - supports SSL with OpenSSL/1.1.1
LogInit:  - supports HTTP deflate (compression) using libz 1.2.8
LogInit:  - other features:
LogInit:      CURL_VERSION_SSL
LogInit:      CURL_VERSION_LIBZ
LogInit:      CURL_VERSION_IPV6
LogInit:      CURL_VERSION_ASYNCHDNS
LogInit:      CURL_VERSION_LARGEFILE
LogInit:      CURL_VERSION_IDN
LogInit:  CurlRequestOptions (configurable via config and command line):
LogInit:  - bVerifyPeer = true  - Libcurl will verify peer certificate
LogInit:  - bUseHttpProxy = false  - Libcurl will NOT use HTTP proxy
LogInit:  - bDontReuseConnections = false  - Libcurl will reuse connections
LogInit:  - MaxHostConnections = 16  - Libcurl will limit the number of connections to a host
LogInit:  - LocalHostAddr = Default
LogInit:  - BufferSize = 65536
LogOnline: OSS: Creating online subsystem instance for: NULL
LogInit: WinSock: version 1.1 (2.2), MaxSocks=32767, MaxUdp=65467
LogOnline: OSS: TryLoadSubsystemAndSetDefault: Loaded subsystem for module [NULL]
LogOculusPluginWrapper: OculusPlugin initialized successfully
LogHMD: Failed initializing OVRPlugin 1.59.0
LogInit: Build: ++UE4+Release-4.27-CL-18319896
LogInit: Engine Version: 4.27.2-18319896+++UE4+Release-4.27
LogInit: Compatible Engine Version: 4.27.0-17155196+++UE4+Release-4.27
LogInit: Net CL: 17155196
LogInit: OS: Windows 10 (Release 2004) (), CPU:         Intel(R) Core(TM) i5-2400 CPU @ 3.10GHz, GPU: NVIDIA GeForce GTX 550 Ti
LogInit: Compiled (64-bit): Nov 30 2021 07:12:08
LogInit: Compiled with Visual C++: 19.24.28315.00
LogInit: Build Configuration: Development
LogInit: Branch Name: ++UE4+Release-4.27
LogInit: Command Line:  /Game/Map/Map -game -PIEVIACONSOLE -Multiprocess "GameUserSettingsINI=E:/Unreal Projects/Dungeoner/Saved/Config/Windows/PIEGameUserSettings0.ini" -MultiprocessSaveConfig -forcepassthrough -messaging -SessionName="Play in Standalone Game" -windowed -WinX=0 -WinY=24 SAVEWINPOS=1 -ResX=1910 -ResY=1006
LogInit: Base Directory: E:/UE_4.27/Engine/Binaries/Win64/
LogInit: Allocator: TBB
LogInit: Installed Engine Build: 1
LogDevObjectVersion: Number of dev versions registered: 29
LogDevObjectVersion:   Dev-Blueprints (B0D832E4-1F89-4F0D-ACCF-7EB736FD4AA2): 10
LogDevObjectVersion:   Dev-Build (E1C64328-A22C-4D53-A36C-8E866417BD8C): 0
LogDevObjectVersion:   Dev-Core (375EC13C-06E4-48FB-B500-84F0262A717E): 4
LogDevObjectVersion:   Dev-Editor (E4B068ED-F494-42E9-A231-DA0B2E46BB41): 40
LogDevObjectVersion:   Dev-Framework (CFFC743F-43B0-4480-9391-14DF171D2073): 37
LogDevObjectVersion:   Dev-Mobile (B02B49B5-BB20-44E9-A304-32B752E40360): 3
LogDevObjectVersion:   Dev-Networking (A4E4105C-59A1-49B5-A7C5-40C4547EDFEE): 0
LogDevObjectVersion:   Dev-Online (39C831C9-5AE6-47DC-9A44-9C173E1C8E7C): 0
LogDevObjectVersion:   Dev-Physics (78F01B33-EBEA-4F98-B9B4-84EACCB95AA2): 14
LogDevObjectVersion:   Dev-Platform (6631380F-2D4D-43E0-8009-CF276956A95A): 0
LogDevObjectVersion:   Dev-Rendering (12F88B9F-8875-4AFC-A67C-D90C383ABD29): 45
LogDevObjectVersion:   Dev-Sequencer (7B5AE74C-D270-4C10-A958-57980B212A5A): 13
LogDevObjectVersion:   Dev-VR (D7296918-1DD6-4BDD-9DE2-64A83CC13884): 3
LogDevObjectVersion:   Dev-LoadTimes (C2A15278-BFE7-4AFE-6C17-90FF531DF755): 1
LogDevObjectVersion:   Private-Geometry (6EACA3D4-40EC-4CC1-B786-8BED09428FC5): 3
LogDevObjectVersion:   Dev-AnimPhys (29E575DD-E0A3-4627-9D10-D276232CDCEA): 17
LogDevObjectVersion:   Dev-Anim (AF43A65D-7FD3-4947-9873-3E8ED9C1BB05): 15
LogDevObjectVersion:   Dev-ReflectionCapture (6B266CEC-1EC7-4B8F-A30B-E4D90942FC07): 1
LogDevObjectVersion:   Dev-Automation (0DF73D61-A23F-47EA-B727-89E90C41499A): 1
LogDevObjectVersion:   FortniteMain (601D1886-AC64-4F84-AA16-D3DE0DEAC7D6): 47
LogDevObjectVersion:   FortniteRelease (E7086368-6B23-4C58-8439-1B7016265E91): 1
LogDevObjectVersion:   Dev-Enterprise (9DFFBCD6-494F-0158-E221-12823C92A888): 10
LogDevObjectVersion:   Dev-Niagara (F2AED0AC-9AFE-416F-8664-AA7FFA26D6FC): 1
LogDevObjectVersion:   Dev-Destruction (174F1F0B-B4C6-45A5-B13F-2EE8D0FB917D): 10
LogDevObjectVersion:   Dev-Physics-Ext (35F94A83-E258-406C-A318-09F59610247C): 41
LogDevObjectVersion:   Dev-PhysicsMaterial-Chaos (B68FC16E-8B1B-42E2-B453-215C058844FE): 1
LogDevObjectVersion:   Dev-CineCamera (B2E18506-4273-CFC2-A54E-F4BB758BBA07): 1
LogDevObjectVersion:   Dev-VirtualProduction (64F58936-FD1B-42BA-BA96-7289D5D0FA4E): 1
LogDevObjectVersion:   Dev-MediaFramework (6F0ED827-A609-4895-9C91-998D90180EA4): 2
LogInit: Presizing for max 25165824 objects, including 0 objects not considered by GC, pre-allocating 0 bytes for permanent pool.
LogConfig: Applying CVar settings from Section [/Script/Engine.StreamingSettings] File [E:/Unreal Projects/Dungeoner/Saved/Config/Windows/Engine.ini]
LogConfig: Setting CVar [[s.MinBulkDataSizeForAsyncLoading:131072]]
LogConfig: Setting CVar [[s.AsyncLoadingThreadEnabled:0]]
LogConfig: Setting CVar [[s.EventDrivenLoaderEnabled:1]]
LogConfig: Setting CVar [[s.WarnIfTimeLimitExceeded:0]]
LogConfig: Setting CVar [[s.TimeLimitExceededMultiplier:1.5]]
LogConfig: Setting CVar [[s.TimeLimitExceededMinTime:0.005]]
LogConfig: Setting CVar [[s.UseBackgroundLevelStreaming:1]]
LogConfig: Setting CVar [[s.PriorityAsyncLoadingExtraTime:15.0]]
LogConfig: Setting CVar [[s.LevelStreamingActorsUpdateTimeLimit:5.0]]
LogConfig: Setting CVar [[s.PriorityLevelStreamingActorsUpdateExtraTime:5.0]]
LogConfig: Setting CVar [[s.LevelStreamingComponentsRegistrationGranularity:10]]
LogConfig: Setting CVar [[s.UnregisterComponentsTimeLimit:1.0]]
LogConfig: Setting CVar [[s.LevelStreamingComponentsUnregistrationGranularity:5]]
LogConfig: Setting CVar [[s.FlushStreamingOnExit:1]]
LogInit: Object subsystem initialized
LogConfig: Setting CVar [[con.DebugEarlyDefault:1]]
LogConfig: Setting CVar [[r.setres:1280x720]]
[2022.01.03-22.44.22:818][  0]LogConfig: Setting CVar [[con.DebugEarlyDefault:1]]
[2022.01.03-22.44.22:818][  0]LogConfig: Setting CVar [[r.setres:1280x720]]
[2022.01.03-22.44.22:818][  0]LogConfig: Applying CVar settings from Section [/Script/Engine.RendererSettings] File [E:/Unreal Projects/Dungeoner/Saved/Config/Windows/Engine.ini]
[2022.01.03-22.44.22:818][  0]LogConfig: Setting CVar [[r.GPUCrashDebugging:0]]
[2022.01.03-22.44.22:818][  0]LogConfig: Applying CVar settings from Section [/Script/Engine.RendererOverrideSettings] File [E:/Unreal Projects/Dungeoner/Saved/Config/Windows/Engine.ini]
[2022.01.03-22.44.22:818][  0]LogConfig: Applying CVar settings from Section [/Script/Engine.StreamingSettings] File [E:/Unreal Projects/Dungeoner/Saved/Config/Windows/Engine.ini]
[2022.01.03-22.44.22:818][  0]LogConfig: Setting CVar [[s.MinBulkDataSizeForAsyncLoading:131072]]
[2022.01.03-22.44.22:818][  0]LogConfig: Setting CVar [[s.AsyncLoadingThreadEnabled:0]]
[2022.01.03-22.44.22:818][  0]LogConfig: Setting CVar [[s.EventDrivenLoaderEnabled:1]]
[2022.01.03-22.44.22:818][  0]LogConfig: Setting CVar [[s.WarnIfTimeLimitExceeded:0]]
[2022.01.03-22.44.22:818][  0]LogConfig: Setting CVar [[s.TimeLimitExceededMultiplier:1.5]]
[2022.01.03-22.44.22:818][  0]LogConfig: Setting CVar [[s.TimeLimitExceededMinTime:0.005]]
[2022.01.03-22.44.22:818][  0]LogConfig: Setting CVar [[s.UseBackgroundLevelStreaming:1]]
[2022.01.03-22.44.22:818][  0]LogConfig: Setting CVar [[s.PriorityAsyncLoadingExtraTime:15.0]]
[2022.01.03-22.44.22:818][  0]LogConfig: Setting CVar [[s.LevelStreamingActorsUpdateTimeLimit:5.0]]
[2022.01.03-22.44.22:818][  0]LogConfig: Setting CVar [[s.PriorityLevelStreamingActorsUpdateExtraTime:5.0]]
[2022.01.03-22.44.22:818][  0]LogConfig: Setting CVar [[s.LevelStreamingComponentsRegistrationGranularity:10]]
[2022.01.03-22.44.22:818][  0]LogConfig: Setting CVar [[s.UnregisterComponentsTimeLimit:1.0]]
[2022.01.03-22.44.22:818][  0]LogConfig: Setting CVar [[s.LevelStreamingComponentsUnregistrationGranularity:5]]
[2022.01.03-22.44.22:818][  0]LogConfig: Setting CVar [[s.FlushStreamingOnExit:1]]
[2022.01.03-22.44.22:819][  0]LogConfig: Applying CVar settings from Section [/Script/Engine.GarbageCollectionSettings] File [E:/Unreal Projects/Dungeoner/Saved/Config/Windows/Engine.ini]
[2022.01.03-22.44.22:819][  0]LogConfig: Setting CVar [[gc.MaxObjectsNotConsideredByGC:1]]
[2022.01.03-22.44.22:819][  0]LogConfig: Setting CVar [[gc.SizeOfPermanentObjectPool:0]]
[2022.01.03-22.44.22:819][  0]LogConfig: Setting CVar [[gc.FlushStreamingOnGC:0]]
[2022.01.03-22.44.22:819][  0]LogConfig: Setting CVar [[gc.NumRetriesBeforeForcingGC:10]]
[2022.01.03-22.44.22:819][  0]LogConfig: Setting CVar [[gc.AllowParallelGC:1]]
[2022.01.03-22.44.22:819][  0]LogConfig: Setting CVar [[gc.TimeBetweenPurgingPendingKillObjects:61.1]]
[2022.01.03-22.44.22:819][  0]LogConfig: Setting CVar [[gc.MaxObjectsInEditor:25165824]]
[2022.01.03-22.44.22:819][  0]LogConfig: Setting CVar [[gc.IncrementalBeginDestroyEnabled:1]]
[2022.01.03-22.44.22:819][  0]LogConfig: Setting CVar [[gc.CreateGCClusters:1]]
[2022.01.03-22.44.22:819][  0]LogConfig: Setting CVar [[gc.MinGCClusterSize:5]]
[2022.01.03-22.44.22:819][  0]LogConfig: Setting CVar [[gc.ActorClusteringEnabled:0]]
[2022.01.03-22.44.22:819][  0]LogConfig: Setting CVar [[gc.BlueprintClusteringEnabled:0]]
[2022.01.03-22.44.22:819][  0]LogConfig: Setting CVar [[gc.UseDisregardForGCOnDedicatedServers:0]]
[2022.01.03-22.44.22:819][  0]LogConfig: Setting CVar [[gc.MultithreadedDestructionEnabled:1]]
[2022.01.03-22.44.22:819][  0]LogConfig: Applying CVar settings from Section [/Script/Engine.NetworkSettings] File [E:/Unreal Projects/Dungeoner/Saved/Config/Windows/Engine.ini]
[2022.01.03-22.44.22:819][  0]LogConfig: Applying CVar settings from Section [/Script/UnrealEd.CookerSettings] File [E:/Unreal Projects/Dungeoner/Saved/Config/Windows/Engine.ini]
[2022.01.03-22.44.22:827][  0]LogConfig: Applying CVar settings from Section [ViewDistanceQuality@3] File [E:/Unreal Projects/Dungeoner/Saved/Config/Windows/Scalability.ini]
[2022.01.03-22.44.22:827][  0]LogConfig: Setting CVar [[r.SkeletalMeshLODBias:0]]
[2022.01.03-22.44.22:827][  0]LogConfig: Setting CVar [[r.ViewDistanceScale:1.0]]
[2022.01.03-22.44.22:827][  0]LogConfig: Applying CVar settings from Section [AntiAliasingQuality@3] File [E:/Unreal Projects/Dungeoner/Saved/Config/Windows/Scalability.ini]
[2022.01.03-22.44.22:827][  0]LogConfig: Setting CVar [[r.PostProcessAAQuality:4]]
[2022.01.03-22.44.22:827][  0]LogConfig: Applying CVar settings from Section [ShadowQuality@3] File [E:/Unreal Projects/Dungeoner/Saved/Config/Windows/Scalability.ini]
[2022.01.03-22.44.22:827][  0]LogConfig: Setting CVar [[r.LightFunctionQuality:1]]
[2022.01.03-22.44.22:827][  0]LogConfig: Setting CVar [[r.ShadowQuality:5]]
[2022.01.03-22.44.22:827][  0]LogConfig: Setting CVar [[r.Shadow.CSM.MaxCascades:10]]
[2022.01.03-22.44.22:827][  0]LogConfig: Setting CVar [[r.Shadow.MaxResolution:2048]]
[2022.01.03-22.44.22:827][  0]LogConfig: Setting CVar [[r.Shadow.MaxCSMResolution:2048]]
[2022.01.03-22.44.22:827][  0]LogConfig: Setting CVar [[r.Shadow.RadiusThreshold:0.01]]
[2022.01.03-22.44.22:827][  0]LogConfig: Setting CVar [[r.Shadow.DistanceScale:1.0]]
[2022.01.03-22.44.22:827][  0]LogConfig: Setting CVar [[r.Shadow.CSM.TransitionScale:1.0]]
[2022.01.03-22.44.22:827][  0]LogConfig: Setting CVar [[r.Shadow.PreShadowResolutionFactor:1.0]]
[2022.01.03-22.44.22:827][  0]LogConfig: Setting CVar [[r.DistanceFieldShadowing:1]]
[2022.01.03-22.44.22:827][  0]LogConfig: Setting CVar [[r.DistanceFieldAO:1]]
[2022.01.03-22.44.22:827][  0]LogConfig: Setting CVar [[r.AOQuality:2]]
[2022.01.03-22.44.22:827][  0]LogConfig: Setting CVar [[r.VolumetricFog:1]]
[2022.01.03-22.44.22:827][  0]LogConfig: Setting CVar [[r.VolumetricFog.GridPixelSize:8]]
[2022.01.03-22.44.22:827][  0]LogConfig: Setting CVar [[r.VolumetricFog.GridSizeZ:128]]
[2022.01.03-22.44.22:827][  0]LogConfig: Setting CVar [[r.VolumetricFog.HistoryMissSupersampleCount:4]]
[2022.01.03-22.44.22:827][  0]LogConfig: Setting CVar [[r.LightMaxDrawDistanceScale:1]]
[2022.01.03-22.44.22:827][  0]LogConfig: Setting CVar [[r.CapsuleShadows:1]]
[2022.01.03-22.44.22:827][  0]LogConfig: Applying CVar settings from Section [PostProcessQuality@3] File [E:/Unreal Projects/Dungeoner/Saved/Config/Windows/Scalability.ini]
[2022.01.03-22.44.22:827][  0]LogConfig: Setting CVar [[r.MotionBlurQuality:4]]
[2022.01.03-22.44.22:827][  0]LogConfig: Setting CVar [[r.AmbientOcclusionMipLevelFactor:0.4]]
[2022.01.03-22.44.22:827][  0]LogConfig: Setting CVar [[r.AmbientOcclusionMaxQuality:100]]
[2022.01.03-22.44.22:827][  0]LogConfig: Setting CVar [[r.AmbientOcclusionLevels:-1]]
[2022.01.03-22.44.22:827][  0]LogConfig: Setting CVar [[r.AmbientOcclusionRadiusScale:1.0]]
[2022.01.03-22.44.22:827][  0]LogConfig: Setting CVar [[r.DepthOfFieldQuality:2]]
[2022.01.03-22.44.22:827][  0]LogConfig: Setting CVar [[r.RenderTargetPoolMin:400]]
[2022.01.03-22.44.22:828][  0]LogConfig: Setting CVar [[r.LensFlareQuality:2]]
[2022.01.03-22.44.22:828][  0]LogConfig: Setting CVar [[r.SceneColorFringeQuality:1]]
[2022.01.03-22.44.22:828][  0]LogConfig: Setting CVar [[r.EyeAdaptationQuality:2]]
[2022.01.03-22.44.22:828][  0]LogConfig: Setting CVar [[r.BloomQuality:5]]
[2022.01.03-22.44.22:828][  0]LogConfig: Setting CVar [[r.FastBlurThreshold:100]]
[2022.01.03-22.44.22:828][  0]LogConfig: Setting CVar [[r.Upscale.Quality:3]]
[2022.01.03-22.44.22:828][  0]LogConfig: Setting CVar [[r.Tonemapper.GrainQuantization:1]]
[2022.01.03-22.44.22:828][  0]LogConfig: Setting CVar [[r.LightShaftQuality:1]]
[2022.01.03-22.44.22:828][  0]LogConfig: Setting CVar [[r.Filter.SizeScale:1]]
[2022.01.03-22.44.22:828][  0]LogConfig: Setting CVar [[r.Tonemapper.Quality:5]]
[2022.01.03-22.44.22:828][  0]LogConfig: Setting CVar [[r.DOF.Gather.AccumulatorQuality:1        ; higher gathering accumulator quality]]
[2022.01.03-22.44.22:828][  0]LogConfig: Setting CVar [[r.DOF.Gather.PostfilterMethod:1          ; Median3x3 postfilering method]]
[2022.01.03-22.44.22:828][  0]LogConfig: Setting CVar [[r.DOF.Gather.EnableBokehSettings:0       ; no bokeh simulation when gathering]]
[2022.01.03-22.44.22:828][  0]LogConfig: Setting CVar [[r.DOF.Gather.RingCount:4                 ; medium number of samples when gathering]]
[2022.01.03-22.44.22:828][  0]LogConfig: Setting CVar [[r.DOF.Scatter.ForegroundCompositing:1    ; additive foreground scattering]]
[2022.01.03-22.44.22:828][  0]LogConfig: Setting CVar [[r.DOF.Scatter.BackgroundCompositing:2    ; additive background scattering]]
[2022.01.03-22.44.22:828][  0]LogConfig: Setting CVar [[r.DOF.Scatter.EnableBokehSettings:1      ; bokeh simulation when scattering]]
[2022.01.03-22.44.22:828][  0]LogConfig: Setting CVar [[r.DOF.Scatter.MaxSpriteRatio:0.1         ; only a maximum of 10% of scattered bokeh]]
[2022.01.03-22.44.22:828][  0]LogConfig: Setting CVar [[r.DOF.Recombine.Quality:1                ; cheap slight out of focus]]
[2022.01.03-22.44.22:828][  0]LogConfig: Setting CVar [[r.DOF.Recombine.EnableBokehSettings:0    ; no bokeh simulation on slight out of focus]]
[2022.01.03-22.44.22:828][  0]LogConfig: Setting CVar [[r.DOF.TemporalAAQuality:1                ; more stable temporal accumulation]]
[2022.01.03-22.44.22:828][  0]LogConfig: Setting CVar [[r.DOF.Kernel.MaxForegroundRadius:0.025]]
[2022.01.03-22.44.22:828][  0]LogConfig: Setting CVar [[r.DOF.Kernel.MaxBackgroundRadius:0.025]]
[2022.01.03-22.44.22:828][  0]LogConfig: Applying CVar settings from Section [TextureQuality@3] File [E:/Unreal Projects/Dungeoner/Saved/Config/Windows/Scalability.ini]
[2022.01.03-22.44.22:828][  0]LogConfig: Setting CVar [[r.Streaming.MipBias:0]]
[2022.01.03-22.44.22:828][  0]LogConfig: Setting CVar [[r.Streaming.AmortizeCPUToGPUCopy:0]]
[2022.01.03-22.44.22:828][  0]LogConfig: Setting CVar [[r.Streaming.MaxNumTexturesToStreamPerFrame:0]]
[2022.01.03-22.44.22:828][  0]LogConfig: Setting CVar [[r.Streaming.Boost:1]]
[2022.01.03-22.44.22:828][  0]LogConfig: Setting CVar [[r.MaxAnisotropy:8]]
[2022.01.03-22.44.22:828][  0]LogConfig: Setting CVar [[r.VT.MaxAnisotropy:8]]
[2022.01.03-22.44.22:828][  0]LogConfig: Setting CVar [[r.Streaming.LimitPoolSizeToVRAM:0]]
[2022.01.03-22.44.22:828][  0]LogConfig: Setting CVar [[r.Streaming.PoolSize:1000]]
[2022.01.03-22.44.22:828][  0]LogConfig: Setting CVar [[r.Streaming.MaxEffectiveScreenSize:0]]
[2022.01.03-22.44.22:828][  0]LogConfig: Applying CVar settings from Section [EffectsQuality@3] File [E:/Unreal Projects/Dungeoner/Saved/Config/Windows/Scalability.ini]
[2022.01.03-22.44.22:828][  0]LogConfig: Setting CVar [[r.TranslucencyLightingVolumeDim:64]]
[2022.01.03-22.44.22:828][  0]LogConfig: Setting CVar [[r.RefractionQuality:2]]
[2022.01.03-22.44.22:828][  0]LogConfig: Setting CVar [[r.SSR.Quality:3]]
[2022.01.03-22.44.22:828][  0]LogConfig: Setting CVar [[r.SSR.HalfResSceneColor:0]]
[2022.01.03-22.44.22:828][  0]LogConfig: Setting CVar [[r.SceneColorFormat:4]]
[2022.01.03-22.44.22:828][  0]LogConfig: Setting CVar [[r.DetailMode:2]]
[2022.01.03-22.44.22:828][  0]LogConfig: Setting CVar [[r.TranslucencyVolumeBlur:1]]
[2022.01.03-22.44.22:828][  0]LogConfig: Setting CVar [[r.MaterialQualityLevel:1 ; High quality]]
[2022.01.03-22.44.22:828][  0]LogConfig: Setting CVar [[r.AnisotropicMaterials:1]]
[2022.01.03-22.44.22:828][  0]LogConfig: Setting CVar [[r.SSS.Scale:1]]
[2022.01.03-22.44.22:828][  0]LogConfig: Setting CVar [[r.SSS.SampleSet:2]]
[2022.01.03-22.44.22:828][  0]LogConfig: Setting CVar [[r.SSS.Quality:1]]
[2022.01.03-22.44.22:828][  0]LogConfig: Setting CVar [[r.SSS.HalfRes:0]]
[2022.01.03-22.44.22:828][  0]LogConfig: Setting CVar [[r.SSGI.Quality:3]]
[2022.01.03-22.44.22:828][  0]LogConfig: Setting CVar [[r.EmitterSpawnRateScale:1.0]]
[2022.01.03-22.44.22:828][  0]LogConfig: Setting CVar [[r.ParticleLightQuality:2]]
[2022.01.03-22.44.22:828][  0]LogConfig: Setting CVar [[r.SkyAtmosphere.AerialPerspectiveLUT.FastApplyOnOpaque:1 ; Always have FastSkyLUT 1 in this case to avoid wrong sky]]
[2022.01.03-22.44.22:828][  0]LogConfig: Setting CVar [[r.SkyAtmosphere.AerialPerspectiveLUT.SampleCountMaxPerSlice:4]]
[2022.01.03-22.44.22:828][  0]LogConfig: Setting CVar [[r.SkyAtmosphere.AerialPerspectiveLUT.DepthResolution:16.0]]
[2022.01.03-22.44.22:828][  0]LogConfig: Setting CVar [[r.SkyAtmosphere.FastSkyLUT:1]]
[2022.01.03-22.44.22:828][  0]LogConfig: Setting CVar [[r.SkyAtmosphere.FastSkyLUT.SampleCountMin:4.0]]
[2022.01.03-22.44.22:828][  0]LogConfig: Setting CVar [[r.SkyAtmosphere.FastSkyLUT.SampleCountMax:128.0]]
[2022.01.03-22.44.22:828][  0]LogConfig: Setting CVar [[r.SkyAtmosphere.SampleCountMin:4.0]]
[2022.01.03-22.44.22:828][  0]LogConfig: Setting CVar [[r.SkyAtmosphere.SampleCountMax:128.0]]
[2022.01.03-22.44.22:828][  0]LogConfig: Setting CVar [[r.SkyAtmosphere.TransmittanceLUT.UseSmallFormat:0]]
[2022.01.03-22.44.22:828][  0]LogConfig: Setting CVar [[r.SkyAtmosphere.TransmittanceLUT.SampleCount:10.0]]
[2022.01.03-22.44.22:829][  0]LogConfig: Setting CVar [[r.SkyAtmosphere.MultiScatteringLUT.SampleCount:15.0]]
[2022.01.03-22.44.22:829][  0]LogConfig: Setting CVar [[r.SkyLight.RealTimeReflectionCapture:1]]
[2022.01.03-22.44.22:829][  0]LogConfig: Applying CVar settings from Section [FoliageQuality@3] File [E:/Unreal Projects/Dungeoner/Saved/Config/Windows/Scalability.ini]
[2022.01.03-22.44.22:829][  0]LogConfig: Setting CVar [[foliage.DensityScale:1.0]]
[2022.01.03-22.44.22:829][  0]LogConfig: Setting CVar [[grass.DensityScale:1.0]]
[2022.01.03-22.44.22:829][  0]LogConfig: Applying CVar settings from Section [ShadingQuality@3] File [E:/Unreal Projects/Dungeoner/Saved/Config/Windows/Scalability.ini]
[2022.01.03-22.44.22:829][  0]LogConfig: Setting CVar [[r.HairStrands.SkyLighting.IntegrationType:2]]
[2022.01.03-22.44.22:829][  0]LogConfig: Setting CVar [[r.HairStrands.SkyAO.SampleCount:4]]
[2022.01.03-22.44.22:829][  0]LogConfig: Setting CVar [[r.HairStrands.Visibility.MSAA.SamplePerPixel:4]]
[2022.01.03-22.44.22:829][  0]LogInit: Selected Device Profile: [Windows]
[2022.01.03-22.44.22:829][  0]LogInit: Applying CVar settings loaded from the selected device profile: [Windows]
[2022.01.03-22.44.22:829][  0]LogHAL: Display: Platform has ~ 8 GB [8569896960 / 8589934592 / 8], which maps to Default [LargestMinGB=32, LargerMinGB=12, DefaultMinGB=8, SmallerMinGB=6, SmallestMinGB=0)
[2022.01.03-22.44.22:829][  0]LogInit: Going up to parent DeviceProfile []
[2022.01.03-22.44.22:829][  0]LogConfig: Applying CVar settings from Section [ViewDistanceQuality@3] File [E:/Unreal Projects/Dungeoner/Saved/Config/Windows/Scalability.ini]
[2022.01.03-22.44.22:829][  0]LogConfig: Setting CVar [[r.SkeletalMeshLODBias:0]]
[2022.01.03-22.44.22:829][  0]LogConfig: Setting CVar [[r.ViewDistanceScale:1.0]]
[2022.01.03-22.44.22:829][  0]LogConfig: Applying CVar settings from Section [AntiAliasingQuality@3] File [E:/Unreal Projects/Dungeoner/Saved/Config/Windows/Scalability.ini]
[2022.01.03-22.44.22:829][  0]LogConfig: Setting CVar [[r.PostProcessAAQuality:4]]
[2022.01.03-22.44.22:829][  0]LogConfig: Applying CVar settings from Section [ShadowQuality@3] File [E:/Unreal Projects/Dungeoner/Saved/Config/Windows/Scalability.ini]
[2022.01.03-22.44.22:829][  0]LogConfig: Setting CVar [[r.LightFunctionQuality:1]]
[2022.01.03-22.44.22:829][  0]LogConfig: Setting CVar [[r.ShadowQuality:5]]
[2022.01.03-22.44.22:829][  0]LogConfig: Setting CVar [[r.Shadow.CSM.MaxCascades:10]]
[2022.01.03-22.44.22:829][  0]LogConfig: Setting CVar [[r.Shadow.MaxResolution:2048]]
[2022.01.03-22.44.22:829][  0]LogConfig: Setting CVar [[r.Shadow.MaxCSMResolution:2048]]
[2022.01.03-22.44.22:829][  0]LogConfig: Setting CVar [[r.Shadow.RadiusThreshold:0.01]]
[2022.01.03-22.44.22:829][  0]LogConfig: Setting CVar [[r.Shadow.DistanceScale:1.0]]
[2022.01.03-22.44.22:829][  0]LogConfig: Setting CVar [[r.Shadow.CSM.TransitionScale:1.0]]
[2022.01.03-22.44.22:829][  0]LogConfig: Setting CVar [[r.Shadow.PreShadowResolutionFactor:1.0]]
[2022.01.03-22.44.22:829][  0]LogConfig: Setting CVar [[r.DistanceFieldShadowing:1]]
[2022.01.03-22.44.22:829][  0]LogConfig: Setting CVar [[r.DistanceFieldAO:1]]
[2022.01.03-22.44.22:829][  0]LogConfig: Setting CVar [[r.AOQuality:2]]
[2022.01.03-22.44.22:829][  0]LogConfig: Setting CVar [[r.VolumetricFog:1]]
[2022.01.03-22.44.22:829][  0]LogConfig: Setting CVar [[r.VolumetricFog.GridPixelSize:8]]
[2022.01.03-22.44.22:829][  0]LogConfig: Setting CVar [[r.VolumetricFog.GridSizeZ:128]]
[2022.01.03-22.44.22:829][  0]LogConfig: Setting CVar [[r.VolumetricFog.HistoryMissSupersampleCount:4]]
[2022.01.03-22.44.22:829][  0]LogConfig: Setting CVar [[r.LightMaxDrawDistanceScale:1]]
[2022.01.03-22.44.22:829][  0]LogConfig: Setting CVar [[r.CapsuleShadows:1]]
[2022.01.03-22.44.22:829][  0]LogConfig: Applying CVar settings from Section [PostProcessQuality@3] File [E:/Unreal Projects/Dungeoner/Saved/Config/Windows/Scalability.ini]
[2022.01.03-22.44.22:829][  0]LogConfig: Setting CVar [[r.MotionBlurQuality:4]]
[2022.01.03-22.44.22:829][  0]LogConfig: Setting CVar [[r.AmbientOcclusionMipLevelFactor:0.4]]
[2022.01.03-22.44.22:829][  0]LogConfig: Setting CVar [[r.AmbientOcclusionMaxQuality:100]]
[2022.01.03-22.44.22:829][  0]LogConfig: Setting CVar [[r.AmbientOcclusionLevels:-1]]
[2022.01.03-22.44.22:829][  0]LogConfig: Setting CVar [[r.AmbientOcclusionRadiusScale:1.0]]
[2022.01.03-22.44.22:829][  0]LogConfig: Setting CVar [[r.DepthOfFieldQuality:2]]
[2022.01.03-22.44.22:829][  0]LogConfig: Setting CVar [[r.RenderTargetPoolMin:400]]
[2022.01.03-22.44.22:829][  0]LogConfig: Setting CVar [[r.LensFlareQuality:2]]
[2022.01.03-22.44.22:829][  0]LogConfig: Setting CVar [[r.SceneColorFringeQuality:1]]
[2022.01.03-22.44.22:829][  0]LogConfig: Setting CVar [[r.EyeAdaptationQuality:2]]
[2022.01.03-22.44.22:829][  0]LogConfig: Setting CVar [[r.BloomQuality:5]]
[2022.01.03-22.44.22:829][  0]LogConfig: Setting CVar [[r.FastBlurThreshold:100]]
[2022.01.03-22.44.22:830][  0]LogConfig: Setting CVar [[r.Upscale.Quality:3]]
[2022.01.03-22.44.22:830][  0]LogConfig: Setting CVar [[r.Tonemapper.GrainQuantization:1]]
[2022.01.03-22.44.22:830][  0]LogConfig: Setting CVar [[r.LightShaftQuality:1]]
[2022.01.03-22.44.22:830][  0]LogConfig: Setting CVar [[r.Filter.SizeScale:1]]
[2022.01.03-22.44.22:830][  0]LogConfig: Setting CVar [[r.Tonemapper.Quality:5]]
[2022.01.03-22.44.22:830][  0]LogConfig: Setting CVar [[r.DOF.Gather.AccumulatorQuality:1        ; higher gathering accumulator quality]]
[2022.01.03-22.44.22:830][  0]LogConfig: Setting CVar [[r.DOF.Gather.PostfilterMethod:1          ; Median3x3 postfilering method]]
[2022.01.03-22.44.22:830][  0]LogConfig: Setting CVar [[r.DOF.Gather.EnableBokehSettings:0       ; no bokeh simulation when gathering]]
[2022.01.03-22.44.22:830][  0]LogConfig: Setting CVar [[r.DOF.Gather.RingCount:4                 ; medium number of samples when gathering]]
[2022.01.03-22.44.22:830][  0]LogConfig: Setting CVar [[r.DOF.Scatter.ForegroundCompositing:1    ; additive foreground scattering]]
[2022.01.03-22.44.22:830][  0]LogConfig: Setting CVar [[r.DOF.Scatter.BackgroundCompositing:2    ; additive background scattering]]
[2022.01.03-22.44.22:830][  0]LogConfig: Setting CVar [[r.DOF.Scatter.EnableBokehSettings:1      ; bokeh simulation when scattering]]
[2022.01.03-22.44.22:830][  0]LogConfig: Setting CVar [[r.DOF.Scatter.MaxSpriteRatio:0.1         ; only a maximum of 10% of scattered bokeh]]
[2022.01.03-22.44.22:830][  0]LogConfig: Setting CVar [[r.DOF.Recombine.Quality:1                ; cheap slight out of focus]]
[2022.01.03-22.44.22:830][  0]LogConfig: Setting CVar [[r.DOF.Recombine.EnableBokehSettings:0    ; no bokeh simulation on slight out of focus]]
[2022.01.03-22.44.22:830][  0]LogConfig: Setting CVar [[r.DOF.TemporalAAQuality:1                ; more stable temporal accumulation]]
[2022.01.03-22.44.22:830][  0]LogConfig: Setting CVar [[r.DOF.Kernel.MaxForegroundRadius:0.025]]
[2022.01.03-22.44.22:830][  0]LogConfig: Setting CVar [[r.DOF.Kernel.MaxBackgroundRadius:0.025]]
[2022.01.03-22.44.22:830][  0]LogConfig: Applying CVar settings from Section [TextureQuality@3] File [E:/Unreal Projects/Dungeoner/Saved/Config/Windows/Scalability.ini]
[2022.01.03-22.44.22:830][  0]LogConfig: Setting CVar [[r.Streaming.MipBias:0]]
[2022.01.03-22.44.22:830][  0]LogConfig: Setting CVar [[r.Streaming.AmortizeCPUToGPUCopy:0]]
[2022.01.03-22.44.22:830][  0]LogConfig: Setting CVar [[r.Streaming.MaxNumTexturesToStreamPerFrame:0]]
[2022.01.03-22.44.22:830][  0]LogConfig: Setting CVar [[r.Streaming.Boost:1]]
[2022.01.03-22.44.22:830][  0]LogConfig: Setting CVar [[r.MaxAnisotropy:8]]
[2022.01.03-22.44.22:830][  0]LogConfig: Setting CVar [[r.VT.MaxAnisotropy:8]]
[2022.01.03-22.44.22:830][  0]LogConfig: Setting CVar [[r.Streaming.LimitPoolSizeToVRAM:0]]
[2022.01.03-22.44.22:830][  0]LogConfig: Setting CVar [[r.Streaming.PoolSize:1000]]
[2022.01.03-22.44.22:830][  0]LogConfig: Setting CVar [[r.Streaming.MaxEffectiveScreenSize:0]]
[2022.01.03-22.44.22:830][  0]LogConfig: Applying CVar settings from Section [EffectsQuality@3] File [E:/Unreal Projects/Dungeoner/Saved/Config/Windows/Scalability.ini]
[2022.01.03-22.44.22:830][  0]LogConfig: Setting CVar [[r.TranslucencyLightingVolumeDim:64]]
[2022.01.03-22.44.22:830][  0]LogConfig: Setting CVar [[r.RefractionQuality:2]]
[2022.01.03-22.44.22:830][  0]LogConfig: Setting CVar [[r.SSR.Quality:3]]
[2022.01.03-22.44.22:830][  0]LogConfig: Setting CVar [[r.SSR.HalfResSceneColor:0]]
[2022.01.03-22.44.22:830][  0]LogConfig: Setting CVar [[r.SceneColorFormat:4]]
[2022.01.03-22.44.22:830][  0]LogConfig: Setting CVar [[r.DetailMode:2]]
[2022.01.03-22.44.22:830][  0]LogConfig: Setting CVar [[r.TranslucencyVolumeBlur:1]]
[2022.01.03-22.44.22:830][  0]LogConfig: Setting CVar [[r.MaterialQualityLevel:1 ; High quality]]
[2022.01.03-22.44.22:830][  0]LogConfig: Setting CVar [[r.AnisotropicMaterials:1]]
[2022.01.03-22.44.22:830][  0]LogConfig: Setting CVar [[r.SSS.Scale:1]]
[2022.01.03-22.44.22:830][  0]LogConfig: Setting CVar [[r.SSS.SampleSet:2]]
[2022.01.03-22.44.22:830][  0]LogConfig: Setting CVar [[r.SSS.Quality:1]]
[2022.01.03-22.44.22:830][  0]LogConfig: Setting CVar [[r.SSS.HalfRes:0]]
[2022.01.03-22.44.22:830][  0]LogConfig: Setting CVar [[r.SSGI.Quality:3]]
[2022.01.03-22.44.22:830][  0]LogConfig: Setting CVar [[r.EmitterSpawnRateScale:1.0]]
[2022.01.03-22.44.22:830][  0]LogConfig: Setting CVar [[r.ParticleLightQuality:2]]
[2022.01.03-22.44.22:830][  0]LogConfig: Setting CVar [[r.SkyAtmosphere.AerialPerspectiveLUT.FastApplyOnOpaque:1 ; Always have FastSkyLUT 1 in this case to avoid wrong sky]]
[2022.01.03-22.44.22:830][  0]LogConfig: Setting CVar [[r.SkyAtmosphere.AerialPerspectiveLUT.SampleCountMaxPerSlice:4]]
[2022.01.03-22.44.22:830][  0]LogConfig: Setting CVar [[r.SkyAtmosphere.AerialPerspectiveLUT.DepthResolution:16.0]]
[2022.01.03-22.44.22:830][  0]LogConfig: Setting CVar [[r.SkyAtmosphere.FastSkyLUT:1]]
[2022.01.03-22.44.22:830][  0]LogConfig: Setting CVar [[r.SkyAtmosphere.FastSkyLUT.SampleCountMin:4.0]]
[2022.01.03-22.44.22:830][  0]LogConfig: Setting CVar [[r.SkyAtmosphere.FastSkyLUT.SampleCountMax:128.0]]
[2022.01.03-22.44.22:830][  0]LogConfig: Setting CVar [[r.SkyAtmosphere.SampleCountMin:4.0]]
[2022.01.03-22.44.22:830][  0]LogConfig: Setting CVar [[r.SkyAtmosphere.SampleCountMax:128.0]]
[2022.01.03-22.44.22:830][  0]LogConfig: Setting CVar [[r.SkyAtmosphere.TransmittanceLUT.UseSmallFormat:0]]
[2022.01.03-22.44.22:830][  0]LogConfig: Setting CVar [[r.SkyAtmosphere.TransmittanceLUT.SampleCount:10.0]]
[2022.01.03-22.44.22:830][  0]LogConfig: Setting CVar [[r.SkyAtmosphere.MultiScatteringLUT.SampleCount:15.0]]
[2022.01.03-22.44.22:830][  0]LogConfig: Setting CVar [[r.SkyLight.RealTimeReflectionCapture:1]]
[2022.01.03-22.44.22:830][  0]LogConfig: Applying CVar settings from Section [FoliageQuality@3] File [E:/Unreal Projects/Dungeoner/Saved/Config/Windows/Scalability.ini]
[2022.01.03-22.44.22:830][  0]LogConfig: Setting CVar [[foliage.DensityScale:1.0]]
[2022.01.03-22.44.22:831][  0]LogConfig: Setting CVar [[grass.DensityScale:1.0]]
[2022.01.03-22.44.22:831][  0]LogConfig: Applying CVar settings from Section [ShadingQuality@3] File [E:/Unreal Projects/Dungeoner/Saved/Config/Windows/Scalability.ini]
[2022.01.03-22.44.22:831][  0]LogConfig: Setting CVar [[r.HairStrands.SkyLighting.IntegrationType:2]]
[2022.01.03-22.44.22:831][  0]LogConfig: Setting CVar [[r.HairStrands.SkyAO.SampleCount:4]]
[2022.01.03-22.44.22:831][  0]LogConfig: Setting CVar [[r.HairStrands.Visibility.MSAA.SamplePerPixel:4]]
[2022.01.03-22.44.22:831][  0]LogConfig: Applying CVar settings from Section [Startup] File [../../../Engine/Config/ConsoleVariables.ini]
[2022.01.03-22.44.22:831][  0]LogConfig: Setting CVar [[net.UseAdaptiveNetUpdateFrequency:0]]
[2022.01.03-22.44.22:831][  0]LogConfig: Setting CVar [[p.chaos.AllowCreatePhysxBodies:1]]
[2022.01.03-22.44.22:831][  0]LogConfig: Setting CVar [[fx.SkipVectorVMBackendOptimizations:1]]
[2022.01.03-22.44.22:831][  0]LogConfig: Applying CVar settings from Section [ConsoleVariables] File [E:/Unreal Projects/Dungeoner/Saved/Config/Windows/Engine.ini]
[2022.01.03-22.44.22:831][  0]LogConfig: Applying CVar settings from Section [ConsoleVariables] File [E:/Unreal Projects/Dungeoner/Saved/Config/Windows/Editor.ini]
[2022.01.03-22.44.22:831][  0]LogInit: Computer: HOME-PC
[2022.01.03-22.44.22:831][  0]LogInit: User: Denis
[2022.01.03-22.44.22:831][  0]LogInit: CPU Page size=4096, Cores=4
[2022.01.03-22.44.22:831][  0]LogInit: High frequency timer resolution =10.000000 MHz
[2022.01.03-22.44.22:831][  0]LogMemory: Memory total: Physical=8.0GB (8GB approx)
[2022.01.03-22.44.22:831][  0]LogMemory: Platform Memory Stats for Windows
[2022.01.03-22.44.22:831][  0]LogMemory: Process Physical Memory: 140.85 MB used, 140.85 MB peak
[2022.01.03-22.44.22:831][  0]LogMemory: Process Virtual Memory: 113.13 MB used, 113.13 MB peak
[2022.01.03-22.44.22:831][  0]LogMemory: Physical Memory: 6252.26 MB used,  1920.63 MB free, 8172.89 MB total
[2022.01.03-22.44.22:831][  0]LogMemory: Virtual Memory: 134211368.00 MB used,  6361.62 MB free, 134217728.00 MB total
[2022.01.03-22.44.22:840][  0]LogWindows: WindowsPlatformFeatures enabled
[2022.01.03-22.44.22:864][  0]LogInit: Physics initialised using underlying interface: PhysX
[2022.01.03-22.44.22:864][  0]LogInit: Using OS detected language (ru-RU).
[2022.01.03-22.44.22:864][  0]LogInit: Using OS detected locale (ru-RU).
[2022.01.03-22.44.22:866][  0]LogTextLocalizationManager: No specific localization for 'ru-RU' exists, so the 'ru' localization will be used.
[2022.01.03-22.44.22:869][  0]LogTextLocalizationResource: LocRes '../../../Engine/Content/Localization/Editor/ru/Editor.locres' could not be opened for reading!
[2022.01.03-22.44.22:869][  0]LogTextLocalizationResource: LocRes '../../../Engine/Content/Localization/EditorTutorials/ru/EditorTutorials.locres' could not be opened for reading!
[2022.01.03-22.44.22:869][  0]LogTextLocalizationResource: LocRes '../../../Engine/Content/Localization/Keywords/ru/Keywords.locres' could not be opened for reading!
[2022.01.03-22.44.22:869][  0]LogTextLocalizationResource: LocRes '../../../Engine/Content/Localization/Category/ru/Category.locres' could not be opened for reading!
[2022.01.03-22.44.22:870][  0]LogTextLocalizationResource: LocRes '../../../Engine/Content/Localization/ToolTips/ru/ToolTips.locres' could not be opened for reading!
[2022.01.03-22.44.22:870][  0]LogTextLocalizationResource: LocRes '../../../Engine/Content/Localization/PropertyNames/ru/PropertyNames.locres' could not be opened for reading!
[2022.01.03-22.44.22:870][  0]LogTextLocalizationResource: LocRes '../../../Engine/Content/Localization/Engine/ru/Engine.locres' could not be opened for reading!
[2022.01.03-22.44.22:883][  0]LogWindowsTextInputMethodSystem: Display: IME system deactivated.
[2022.01.03-22.44.22:907][  0]LogSlate: New Slate User Created.  User Index 0, Is Virtual User: 0
[2022.01.03-22.44.22:907][  0]LogSlate: Slate User Registered.  User Index 0, Is Virtual User: 0
[2022.01.03-22.44.22:922][  0]LogD3D11RHI: Loaded GFSDK_Aftermath_Lib.x64.dll
[2022.01.03-22.44.22:925][  0]LogHMD: Failed to initialize OpenVR with code 110
[2022.01.03-22.44.22:925][  0]LogD3D11RHI: D3D11 min allowed feature level: 11_0
[2022.01.03-22.44.22:925][  0]LogD3D11RHI: D3D11 max allowed feature level: 11_0
[2022.01.03-22.44.22:925][  0]LogD3D11RHI: D3D11 adapters:
[2022.01.03-22.44.22:985][  0]LogD3D11RHI:    0. 'NVIDIA GeForce GTX 550 Ti' (Feature Level 11_0)
[2022.01.03-22.44.22:985][  0]LogD3D11RHI:       959/0/4086 MB DedicatedVideo/DedicatedSystem/SharedSystem, Outputs:1, VendorId:0x10de
[2022.01.03-22.44.22:988][  0]LogD3D11RHI:    1. 'Microsoft Basic Render Driver' (Feature Level 11_0)
[2022.01.03-22.44.22:988][  0]LogD3D11RHI:       0/0/4086 MB DedicatedVideo/DedicatedSystem/SharedSystem, Outputs:0, VendorId:0x1414
[2022.01.03-22.44.22:988][  0]LogD3D11RHI: Chosen D3D11 Adapter:
[2022.01.03-22.44.22:988][  0]LogD3D11RHI:     Description : NVIDIA GeForce GTX 550 Ti
[2022.01.03-22.44.22:988][  0]LogD3D11RHI:     VendorId    : 10de
[2022.01.03-22.44.22:988][  0]LogD3D11RHI:     DeviceId    : 1244
[2022.01.03-22.44.22:988][  0]LogD3D11RHI:     SubSysId    : 0000
[2022.01.03-22.44.22:988][  0]LogD3D11RHI:     Revision    : 00a1
[2022.01.03-22.44.22:988][  0]LogD3D11RHI:     DedicatedVideoMemory : 1005780992 bytes
[2022.01.03-22.44.22:988][  0]LogD3D11RHI:     DedicatedSystemMemory : 0 bytes
[2022.01.03-22.44.22:988][  0]LogD3D11RHI:     SharedSystemMemory : 4284948480 bytes
[2022.01.03-22.44.22:988][  0]LogD3D11RHI:     AdapterLuid : 0 39137
[2022.01.03-22.44.22:994][  0]LogD3D11RHI: Creating new Direct3DDevice
[2022.01.03-22.44.22:994][  0]LogD3D11RHI:     GPU DeviceId: 0x1244 (for the marketing name, search the web for "GPU Device Id")
[2022.01.03-22.44.22:994][  0]LogWindows: EnumDisplayDevices:
[2022.01.03-22.44.22:994][  0]LogWindows:    0. 'NVIDIA GeForce GTX 550 Ti' (P:1 D:1)
[2022.01.03-22.44.22:995][  0]LogWindows:    1. 'NVIDIA GeForce GTX 550 Ti' (P:0 D:0)
[2022.01.03-22.44.22:995][  0]LogWindows: DebugString: FoundDriverCount:2 
[2022.01.03-22.44.22:995][  0]LogD3D11RHI:     Adapter Name: NVIDIA GeForce GTX 550 Ti
[2022.01.03-22.44.22:995][  0]LogD3D11RHI:   Driver Version: 391.35 (internal:23.21.13.9135, unified:391.35)
[2022.01.03-22.44.22:995][  0]LogD3D11RHI:      Driver Date: 3-23-2018
[2022.01.03-22.44.22:995][  0]LogRHI: Texture pool is 671 MB (70% of 959 MB)
[2022.01.03-22.44.22:995][  0]LogD3D11RHI: Creating D3DDevice using adapter:
[2022.01.03-22.44.22:995][  0]LogD3D11RHI:     Description : NVIDIA GeForce GTX 550 Ti
[2022.01.03-22.44.22:995][  0]LogD3D11RHI:     VendorId    : 10de
[2022.01.03-22.44.22:995][  0]LogD3D11RHI:     DeviceId    : 1244
[2022.01.03-22.44.22:995][  0]LogD3D11RHI:     SubSysId    : 0000
[2022.01.03-22.44.22:995][  0]LogD3D11RHI:     Revision    : 00a1
[2022.01.03-22.44.22:995][  0]LogD3D11RHI:     DedicatedVideoMemory : 1005780992 bytes
[2022.01.03-22.44.22:995][  0]LogD3D11RHI:     DedicatedSystemMemory : 0 bytes
[2022.01.03-22.44.22:995][  0]LogD3D11RHI:     SharedSystemMemory : 4284948480 bytes
[2022.01.03-22.44.22:995][  0]LogD3D11RHI:     AdapterLuid : 0 39137
[2022.01.03-22.44.23:043][  0]LogD3D11RHI: Display: Timestamp queries are currently disabled on this hardware due to instability. Realtime GPU stats will not be available. You can override this behaviour by setting r.NVIDIATimestampWorkaround to 0
[2022.01.03-22.44.23:043][  0]LogD3D11RHI: RHI does not have support for 64 bit atomics
[2022.01.03-22.44.23:043][  0]LogD3D11RHI: Async texture creation enabled
[2022.01.03-22.44.23:064][  0]LogD3D11RHI: GPU Timing Frequency: 1000.000000 (Debug: 2 2)
[2022.01.03-22.44.23:109][  0]LogRHI: GeForceNow SDK initialized: 1
[2022.01.03-22.44.24:076][  0]LogTargetPlatformManager: Display: Loaded TargetPlatform 'WindowsNoEditor'
[2022.01.03-22.44.24:081][  0]LogTargetPlatformManager: Display: Loaded TargetPlatform 'Windows'
[2022.01.03-22.44.24:086][  0]LogTargetPlatformManager: Display: Loaded TargetPlatform 'WindowsClient'
[2022.01.03-22.44.24:091][  0]LogTargetPlatformManager: Display: Loaded TargetPlatform 'WindowsServer'
[2022.01.03-22.44.24:091][  0]LogTargetPlatformManager: Display: Building Assets For Windows
[2022.01.03-22.44.24:098][  0]LogAudioDebug: Display: Lib vorbis DLL was dynamically loaded.
[2022.01.03-22.44.24:130][  0]LogTextureFormatOodle: Display: Oodle Texture 2.9.0 init RDO Off
[2022.01.03-22.44.24:162][  0]LogRendererCore: Ray tracing is disabled. Reason: r.RayTracing=0.
[2022.01.03-22.44.24:162][  0]LogShaderCompilers: Guid format shader working directory is 9 characters bigger than the processId version (../../../../Unreal Projects/Dungeoner/Intermediate/Shaders/WorkingDirectory/6988/).
[2022.01.03-22.44.24:162][  0]LogShaderCompilers: Cleaned the shader compiler working directory 'C:/Users/Denis/AppData/Local/Temp/UnrealShaderWorkingDir/91DE95A247B4805F4BCF12BEEBC165C9/'.
[2022.01.03-22.44.24:163][  0]LogShaderCompilers: Display: Using XGE Controller for Shader Compilation.
[2022.01.03-22.44.25:186][  0]LogDerivedDataCache: Display: Max Cache Size: 512 MB
[2022.01.03-22.44.25:264][  0]LogDerivedDataCache: Loaded boot cache 0.08s 94MB C:/Users/Denis/AppData/Local/UnrealEngine/4.27/DerivedDataCache/Boot.ddc.
[2022.01.03-22.44.25:264][  0]LogDerivedDataCache: Display: Loaded Boot cache: C:/Users/Denis/AppData/Local/UnrealEngine/4.27/DerivedDataCache/Boot.ddc
[2022.01.03-22.44.25:264][  0]LogDerivedDataCache: FDerivedDataBackendGraph:  Pak pak cache file ../../../../Unreal Projects/Dungeoner/DerivedDataCache/DDC.ddp not found, will not use a pak cache.
[2022.01.03-22.44.25:264][  0]LogDerivedDataCache: Unable to find inner node Pak for hierarchical cache Hierarchy.
[2022.01.03-22.44.25:264][  0]LogDerivedDataCache: FDerivedDataBackendGraph:  CompressedPak pak cache file ../../../../Unreal Projects/Dungeoner/DerivedDataCache/Compressed.ddp not found, will not use a pak cache.
[2022.01.03-22.44.25:264][  0]LogDerivedDataCache: Unable to find inner node CompressedPak for hierarchical cache Hierarchy.
[2022.01.03-22.44.25:288][  0]LogDerivedDataCache: Display: Pak cache opened for reading ../../../Engine/DerivedDataCache/Compressed.ddp.
[2022.01.03-22.44.25:288][  0]LogDerivedDataCache: FDerivedDataBackendGraph:  EnterprisePak pak cache file ../../../Enterprise/DerivedDataCache/Compressed.ddp not found, will not use a pak cache.
[2022.01.03-22.44.25:288][  0]LogDerivedDataCache: Unable to find inner node EnterprisePak for hierarchical cache Hierarchy.
[2022.01.03-22.44.25:394][  0]LogDerivedDataCache: Speed tests for C:/Users/Denis/AppData/Local/UnrealEngine/Common/DerivedDataCache took 0.11 seconds
[2022.01.03-22.44.25:394][  0]LogDerivedDataCache: Display: Performance to C:/Users/Denis/AppData/Local/UnrealEngine/Common/DerivedDataCache: Latency=0.03ms. RandomReadSpeed=1053.11MBs, RandomWriteSpeed=8.87MBs. Assigned SpeedClass 'Local'
[2022.01.03-22.44.25:395][  0]LogDerivedDataCache: Using Local data cache path C:/Users/Denis/AppData/Local/UnrealEngine/Common/DerivedDataCache: Writable
[2022.01.03-22.44.25:395][  0]LogDerivedDataCache: Shared data cache path not found in *engine.ini, will not use an Shared cache.
[2022.01.03-22.44.25:395][  0]LogDerivedDataCache: Unable to find inner node Shared for hierarchical cache Hierarchy.
[2022.01.03-22.44.25:461][  0]LogSlate: Using FreeType 2.10.0
[2022.01.03-22.44.25:461][  0]LogSlate: SlateFontServices - WITH_FREETYPE: 1, WITH_HARFBUZZ: 1
[2022.01.03-22.44.25:564][  0]LogInit: Using OS detected language (ru-RU).
[2022.01.03-22.44.25:564][  0]LogInit: Using OS detected locale (ru-RU).
[2022.01.03-22.44.25:564][  0]LogTextLocalizationManager: No localization for 'ru-RU' exists, so 'en' will be used for the language.
[2022.01.03-22.44.25:564][  0]LogTextLocalizationManager: No localization for 'ru-RU' exists, so 'en' will be used for the locale.
[2022.01.03-22.44.25:564][  0]LogSlate: FontCache flush requested. Reason: Culture for localization was changed
[2022.01.03-22.44.25:565][  0]LogSlate: FontCache flush requested. Reason: Culture for localization was changed
[2022.01.03-22.44.25:568][  0]LogAssetRegistry: FAssetRegistry took 0.0023 seconds to start up
[2022.01.03-22.44.25:810][  0]LogTextLocalizationManager: Compacting localization data took   0.01ms
[2022.01.03-22.44.25:810][  0]LogPackageLocalizationCache: Processed 27 localized package path(s) for 1 prioritized culture(s) in 0.001427 seconds
[2022.01.03-22.44.25:893][  0]LogInit: Selected Device Profile: [Windows]
[2022.01.03-22.44.25:893][  0]LogInit: Active device profile: [000002190D286D00][00000219064FAE40 49] Windows
[2022.01.03-22.44.25:893][  0]LogInit: Profiles: [000002190D286D00][00000219064FAE40 49] Windows, [000002190D225100][0000021906502FC0 49] WindowsNoEditor, [000002190D285100][00000219086C7140 49] WindowsServer, [000002190D226C00][00000219086CB2C0 49] WindowsClient, [000002190D284F00][00000219086CF440 49] IOS, [000002190D21BF00][00000219064FF580 49] iPadAir, [000002190D227E00][00000219086D36C0 49] iPadAir2, [000002190D1D8A00][00000219086DB900 49] IPadPro, [000002190D1D8B00][00000219086D7940 49] iPadAir3, [000002190D218200][00000219086E3AC0 49] iPadAir4, [000002190D1D9B00][00000219086E60C0 49] iPadMini2, [000002190D219200][00000219086EA240 49] iPadMini3, [000002190D1D8E00][00000219086EE3C0 49] iPadMini4, [000002190D21B900][00000219086F2540 49] iPadMini5, [000002190D287700][00000219086FA800 49] iPhone6, [000002190D284E00][00000219086F6840 49] iPodTouch6, [000002190D226700][0000021908702B00 49] iPhone7, [000002190D226A00][00000219086FEB40 49] iPodTouch7, [000002190D1D9F00][0000021908706CC0 49] iPhone5S, [000002190D225700][000002190870AE40 49] iPhone6Plus, [000002190D1DAA00][000002190870EFC0 49] iPhone6S, [000002190D225B00][0000021908713140 49] iPhone6SPlus, [000002190D1DA900][00000219087172C0 49] iPhone7Plus, [000002190D224B00][000002190871B440 49] iPhoneSE, [000002190D287400][000002190871F5C0 49] iPhone8, [000002190D225400][00000219086DF700 49] iPhone8Plus, [000002190D286600][0000021908723840 49] iPhoneX, [000002190D227F00][0000021908727980 49] iPhoneXS, [000002190D284D00][000002190872BAC0 49] iPhoneXSMax, [000002190D226900][00000219087320C0 49] iPhoneXR, [000002190D284A00][0000021908736240 49] iPhone11, [000002190D226E00][000002190873A3C0 49] iPhone11Pro, [000002190D286B00][000002190873E540 49] iPhone11ProMax, [000002190D227D00][00000219087426C0 49] iPhoneSE2, [000002190D287300][0000021908746840 49] iPhone12Mini, [000002190D225800][000002190874A9C0 49] iPhone12, [000002190D284B00][000002190874EB40 49] iPhone12Pro, [000002190D224700][0000021908752CC0 49] iPhone12ProMax, [000002190D284900][0000021908756E40 49] iPadPro105, [000002190D227100][000002190875AFC0 49] iPadPro129, [000002190D285300][000002190875F140 49] iPadPro97, [000002190D224200][00000219087632C0 49] iPadPro2_129, [000002190D284800][0000021908767440 49] iPad5, [000002190D224E00][000002190876B5C0 49] iPad6, [000002190D284100][000002190876F740 49] iPad7, [000002190D225300][00000219087738C0 49] iPad8, [000002190D287200][000002190872FA00 49] iPadPro11, [000002190D226600][0000021908777B40 49] iPadPro2_11, [000002190D286700][000002190877A100 49] iPadPro3_129, [000002190D224400][000002190DCB4280 49] iPadPro4_129, [000002190D284C00][000002190DCB8400 49] AppleTV, [000002190D225900][000002190DCBC580 49] AppleTV4K, [000002190D286800][000002190DCC0700 49] TVOS, [000002190D225500][000002190DCC4880 49] Mac, [000002190D286100][000002190DCC8A00 49] MacClient, [000002190D227800][000002190DCCCB80 49] MacNoEditor, [000002190D285200][000002190DCD0D00 49] MacServer, [000002190D226B00][000002190DCD4E80 49] Linux, [000002190D285E00][000002190DCD9000 49] LinuxAArch64, [000002190D226F00][000002190DCDD180 49] LinuxNoEditor, [000002190D284600][000002190DCE1300 49] LinuxAArch64NoEditor, [000002190D224A00][000002190DCE5480 49] LinuxClient, [000002190D287500][000002190DCE9600 49] LinuxAArch64Client, [000002190D226200][000002190DCED780 49] LinuxServer, [000002190D284700][000002190DCF1900 49] LinuxAArch64Server, [000002190D226100][000002190DCF5A80 49] Android, [000002190D21A500][000002190DCB1BC0 49] Android_Low, [000002190D1DA400][000002190DCF8180 49] Android_Mid, [000002190D21AA00][000002190DCFC2C0 49] Android_High, [000002190D1D9100][000002190DD04440 49] Android_Default, [000002190D218C00][000002190DD085C0 49] Android_Adreno4xx, [000002190D1DAC00][000002190DD0C740 49] Android_Adreno5xx_Low, [000002190D219C00][000002190DD108C0 49] Android_Adreno5xx, [000002190D1D9400][000002190DD14A40 49] Android_Adreno6xx, [000002190D218E00][000002190DD18BC0 49] Android_Adreno6xx_Vulkan, [000002190D1DBB00][000002190DD1CD40 49] Android_Mali_T6xx, [000002190D21A700][000002190DD20EC0 49] Android_Mali_T7xx, [000002190D1DA800][000002190DD25040 49] Android_Mali_T8xx, [000002190D21B600][000002190DD291C0 49] Android_Mali_G71, [000002190D1DAE00][000002190DD2D340 49] Android_Mali_G72, [000002190D219400][000002190DD314C0 49] Android_Mali_G72_Vulkan, [000002190D1DB900][000002190DD35640 49] Android_Mali_G76, [000002190D219000][000002190DD397C0 49] Android_Mali_G76_Vulkan, [000002190D1DB200][000002190DD3D940 49] Android_Mali_G77, [000002190D21A200][000002190DD41AC0 49] Android_Mali_G77_Vulkan, [000002190D1D9900][000002190DD440C0 49] Android_Mali_G78, [000002190D21B400][000002190DD00200 49] Android_Mali_G78_Vulkan, [000002190D1DA700][000002190DD48340 49] Android_Mali_G710, [000002190D218600][000002190DD4C480 49] Android_Mali_G710_Vulkan, [000002190D1D9200][000002190DD505C0 49] Android_Vulkan_SM5, [000002190D21A000][000002190DD58740 49] Android_PowerVR_G6xxx, [000002190D1D8C00][000002190DD5C8C0 49] Android_PowerVR_GT7xxx, [000002190D21B100][000002190DD60A40 49] Android_PowerVR_GE8xxx, [000002190D1D8600][000002190DD64BC0 49] Android_PowerVR_GM9xxx, [000002190D21AE00][000002190DD68D40 49] Android_PowerVR_GM9xxx_Vulkan, [000002190D226500][000002190DD6CEC0 49] Android_TegraK1, [000002190D218B00][000002190DD71040 49] Android_Unknown_Vulkan, [000002190D225600][000002190DD751C0 49] Lumin, [000002190D219A00][000002190DD79340 49] Lumin_Desktop, [000002190D224D00][000002190DD7D4C0 49] HoloLens, 
[2022.01.03-22.44.26:099][  0]LogMeshReduction: Using QuadricMeshReduction for automatic static mesh reduction
[2022.01.03-22.44.26:099][  0]LogMeshReduction: Using SimplygonMeshReduction for automatic skeletal mesh reduction
[2022.01.03-22.44.26:099][  0]LogMeshReduction: Using ProxyLODMeshReduction for automatic mesh merging
[2022.01.03-22.44.26:099][  0]LogMeshReduction: No distributed automatic mesh merging module available
[2022.01.03-22.44.26:099][  0]LogMeshMerging: No distributed automatic mesh merging module available
[2022.01.03-22.44.26:248][  0]LogNetVersion: Dungeoner 1.0.0, NetCL: 17155196, EngineNetVer: 17, GameNetVer: 0 (Checksum: 1542495505)
[2022.01.03-22.44.26:550][  0]LogTexture: Default maximum texture size for cubemaps generated from long-lat sources has been changed from 512 to unlimited. In order to preserve old behaiour for '/Engine/MapTemplates/Sky/DaylightAmbientCubemap.DaylightAmbientCubemap', its maximum texture size has been explicitly set to 512.
[2022.01.03-22.44.26:627][  0]LogHMD: PokeAHoleMaterial loaded successfully
[2022.01.03-22.44.26:738][  0]LogMoviePlayer: Initializing movie player
[2022.01.03-22.44.26:849][  0]LogPython: Using Python 3.7.7
[2022.01.03-22.44.27:526][  0]LogNiagaraDebuggerClient: Niagara Debugger Client Initialized | Session: 4B22BF1F4609BBB242611EBB20299B00 | Instance: BCC607CD496CDF236FA1A1A4588A5D60 (HOME-PC-6988).
[2022.01.03-22.44.27:549][  0]LogCollectionManager: Loaded 0 collections in 0.000961 seconds
[2022.01.03-22.44.27:552][  0]LogFileCache: Scanning file cache for directory 'E:/Unreal Projects/Dungeoner/Saved/Collections/' took 0.00s
[2022.01.03-22.44.27:552][  0]LogFileCache: Scanning file cache for directory 'E:/Unreal Projects/Dungeoner/Content/Developers/Denis/Collections/' took 0.00s
[2022.01.03-22.44.27:552][  0]LogFileCache: Scanning file cache for directory 'E:/Unreal Projects/Dungeoner/Content/Collections/' took 0.00s
[2022.01.03-22.44.27:552][  0]LogCollectionManager: Fixed up redirectors for 0 collections in 0.000003 seconds (updated 0 objects)
[2022.01.03-22.44.27:710][  0]LogTcpMessaging: Initializing TcpMessaging bridge
[2022.01.03-22.44.27:715][  0]LogUdpMessaging: Initializing bridge on interface 0.0.0.0:0 to multicast group 230.0.0.1:6666.
[2022.01.03-22.44.27:809][  0]SourceControl: Source control is disabled
[2022.01.03-22.44.27:809][  0]SourceControl: Source control is disabled
[2022.01.03-22.44.27:816][  0]SourceControl: Source control is disabled
[2022.01.03-22.44.27:821][  0]LogUProjectInfo: Found projects:
[2022.01.03-22.44.27:913][  0]LogOpenImageDenoise: OIDN starting up
[2022.01.03-22.44.27:956][  0]LogAndroidPermission: UAndroidPermissionCallbackProxy::GetInstance
[2022.01.03-22.44.27:981][  0]LogAudioCaptureCore: Display: No Audio Capture implementations found. Audio input will be silent.
[2022.01.03-22.44.27:981][  0]LogAudioCaptureCore: Display: No Audio Capture implementations found. Audio input will be silent.
[2022.01.03-22.44.28:070][  0]LogOcInput: OculusInput pre-init called
[2022.01.03-22.44.28:081][  0]LogUObjectArray: 22132 objects as part of root set at end of initial load.
[2022.01.03-22.44.28:081][  0]LogUObjectAllocator: 5979488 out of 0 bytes used by permanent object pool.
[2022.01.03-22.44.28:081][  0]LogUObjectArray: CloseDisregardForGC: 0/0 objects in disregard for GC pool
[2022.01.03-22.44.28:139][  0]LogEngine: Initializing Engine...
[2022.01.03-22.44.28:141][  0]LogHMD: Failed to enumerate extensions. Please check that you have a valid OpenXR runtime installed.
[2022.01.03-22.44.28:141][  0]LogHMD: Failed to initialize OpenVR with code 110
[2022.01.03-22.44.28:141][  0]LogMagicLeap: Warning: VR disabled because ZI is not enabled.  To enable, in the editor, Edit -> Project Settings -> Plugins -> Magic Leap Plugin -> Enable Zero Iteration
[2022.01.03-22.44.28:143][  0]LogStats: UGameplayTagsManager::InitializeManager -  0.000 s
[2022.01.03-22.44.28:283][  0]LogInit: Initializing FReadOnlyCVARCache
[2022.01.03-22.44.28:283][  0]LogAudio: Display: Initializing Audio Device Manager...
[2022.01.03-22.44.28:287][  0]LogAudio: Display: Loading Default Audio Settings Objects...
[2022.01.03-22.44.28:288][  0]LogAudio: Display: No default SoundConcurrencyObject specified (or failed to load).
[2022.01.03-22.44.28:289][  0]LogAudio: Display: Audio Device Manager Initialized
[2022.01.03-22.44.28:289][  0]LogAudio: Display: Creating Audio Device:                 Id: 1, Scope: Shared, Realtime: True
[2022.01.03-22.44.28:289][  0]LogAudioMixer: Display: Audio Mixer Platform Settings:
[2022.01.03-22.44.28:289][  0]LogAudioMixer: Display: 	Sample Rate:						  48000
[2022.01.03-22.44.28:289][  0]LogAudioMixer: Display: 	Callback Buffer Frame Size Requested: 1024
[2022.01.03-22.44.28:289][  0]LogAudioMixer: Display: 	Callback Buffer Frame Size To Use:	  1024
[2022.01.03-22.44.28:289][  0]LogAudioMixer: Display: 	Number of buffers to queue:			  2
[2022.01.03-22.44.28:289][  0]LogAudioMixer: Display: 	Max Channels (voices):				  32
[2022.01.03-22.44.28:289][  0]LogAudioMixer: Display: 	Number of Async Source Workers:		  0
[2022.01.03-22.44.28:289][  0]LogAudio: Display: AudioDevice MaxSources: 32
[2022.01.03-22.44.28:290][  0]LogAudio: Display: Audio Spatialization Plugin: None (built-in).
[2022.01.03-22.44.28:290][  0]LogAudio: Display: Audio Reverb Plugin: None (built-in).
[2022.01.03-22.44.28:290][  0]LogAudio: Display: Audio Occlusion Plugin: None (built-in).
[2022.01.03-22.44.28:290][  0]LogAudioMixer: Display: Initializing audio mixer.
[2022.01.03-22.44.28:302][  0]LogAudioMixer: Display: 0: FrontLeft
[2022.01.03-22.44.28:302][  0]LogAudioMixer: Display: 1: FrontRight
[2022.01.03-22.44.28:339][  0]LogAudioMixer: Display: Using Audio Device Динамики (Bloody Gaming Audio Device)
[2022.01.03-22.44.28:347][  0]LogAudioMixer: Display: Initializing Sound Submixes...
[2022.01.03-22.44.28:348][  0]LogAudioMixer: Display: Creating Master Submix 'MasterSubmixDefault'
[2022.01.03-22.44.28:348][  0]LogAudioMixer: Display: Creating Master Submix 'MasterReverbSubmixDefault'
[2022.01.03-22.44.28:350][  0]LogAudioMixer: Display: Creating Master Submix 'MasterEQSubmixDefault'
[2022.01.03-22.44.28:350][  0]LogAudioMixer: FMixerPlatformXAudio2::StartAudioStream() called
[2022.01.03-22.44.28:350][  0]LogAudioMixer: Display: Output buffers initialized: Frames=1024, Channels=2, Samples=2048
[2022.01.03-22.44.28:351][  0]LogAudioMixer: Display: Starting AudioMixerPlatformInterface::RunInternal()
[2022.01.03-22.44.28:351][  0]LogAudioMixer: Display: FMixerPlatformXAudio2::SubmitBuffer() called for the first time
[2022.01.03-22.44.28:351][  0]LogInit: FAudioDevice initialized.
[2022.01.03-22.44.28:352][  0]LogNetVersion: Set ProjectVersion to 1.0.0.0. Version Checksum will be recalculated on next use.
[2022.01.03-22.44.28:353][  0]LogInit: Texture streaming: Enabled
[2022.01.03-22.44.28:433][  0]LogAudio: Display: Audio Device (ID: 1) registered with world 'Untitled'.
[2022.01.03-22.44.28:433][  0]LogSlate: Updating window title bar state: overlay mode, drag disabled, window buttons hidden, title bar hidden
[2022.01.03-22.44.28:435][  0]LogInit: Display: Game Engine Initialized.
[2022.01.03-22.44.28:435][  0]LogNiagaraEditor: GEditor isn't valid! Particle reset commands will not work for Niagara components!
[2022.01.03-22.44.28:575][  0]LogInit: Display: Starting Game.
[2022.01.03-22.44.28:575][  0]LogNet: Browse: /Game/Map/Map?Name=Player
[2022.01.03-22.44.28:575][  0]LogLoad: LoadMap: /Game/Map/Map?Name=Player
[2022.01.03-22.44.28:575][  0]LogWorld: BeginTearingDown for /Temp/Untitled_0
[2022.01.03-22.44.28:577][  0]LogWorld: UWorld::CleanupWorld for Untitled, bSessionEnded=true, bCleanupResources=true
[2022.01.03-22.44.28:577][  0]LogSlate: InvalidateAllWidgets triggered.  All widgets were invalidated
[2022.01.03-22.44.28:584][  0]LogAudio: Display: Audio Device unregistered from world 'None'.
[2022.01.03-22.44.28:587][  0]LogUObjectHash: Compacting FUObjectHashTables data took   1.23ms
[2022.01.03-22.44.29:265][  0]LogAudio: Display: Audio Device (ID: 1) registered with world 'Map'.
[2022.01.03-22.44.29:274][  0]LogAIModule: Creating AISystem for world Map
[2022.01.03-22.44.29:275][  0]LogLoad: Game class is 'BaseGameMode_C'
[2022.01.03-22.44.29:276][  0]LogWorld: Bringing World /Game/Map/Map.Map up for play (max tick rate 0) at 2022.01.04-02.44.29
[2022.01.03-22.44.29:276][  0]LogWorld: Bringing up level for play took: 0.000739
[2022.01.03-22.44.29:277][  0]LogGameMode: FindPlayerStart: PATHS NOT DEFINED or NO PLAYERSTART with positive rating
[2022.01.03-22.44.29:295][  0]LogViewport: Display: Viewport MouseLockMode Changed, LockOnCapture -> DoNotLock
[2022.01.03-22.44.29:295][  0]LogViewport: Display: Viewport MouseCaptureMode Changed, CapturePermanently_IncludingInitialMouseDown -> NoCapture
[2022.01.03-22.44.29:295][  0]r.SetRes = "1920 x 1080f"
[2022.01.03-22.44.29:295][  0]LogLoad: Took 0.719295 seconds to LoadMap(/Game/Map/Map)
[2022.01.03-22.44.30:159][  0]LogSlate: Took 0.000197 seconds to synchronously load lazily loaded font '../../../Engine/Content/Slate/Fonts/Roboto-Regular.ttf' (155K)
[2022.01.03-22.44.30:289][  0]LogRenderer: Reallocating scene render targets to support 1920x1080 Format 10 NumSamples 1 (Frame:1).
[2022.01.03-22.44.30:289][  0]LogInit: Display: Engine is initialized. Leaving FEngineLoop::Init()
[2022.01.03-22.44.30:289][  0]LogLoad: (Engine Initialization) Total time: 8.94 seconds
[2022.01.03-22.44.30:289][  0]LogLoad: (Engine Initialization) Total Blueprint compile time: 0.00 seconds
[2022.01.03-22.44.30:310][  0]LogContentStreaming: Texture pool size now 1000 MB
[2022.01.03-22.44.30:336][  0]LogSlate: InvalidateAllWidgets triggered.  All widgets were invalidated
[2022.01.03-22.44.30:419][  1]LogSlate: Took 0.000203 seconds to synchronously load lazily loaded font '../../../Engine/Content/Slate/Fonts/Roboto-Regular.ttf' (155K)
[2022.01.03-22.47.36:658][654]LogD3D11RHI: Timed out while waiting for GPU to catch up. (0.5 s) (ErrorCode 00000001) (00000000)
[2022.01.03-22.47.38:554][712]LogWindowsDesktop: Alt-F4 pressed!
[2022.01.03-22.47.38:583][712]LogSlate: Window 'Dungeoner (64-bit Development PCD3D_SM5) ' being destroyed
[2022.01.03-22.47.38:780][712]LogWindowsTextInputMethodSystem: Display: IME system deactivated.
[2022.01.03-22.47.38:786][712]LogSlate: Updating window title bar state: overlay mode, drag disabled, window buttons hidden, title bar hidden
[2022.01.03-22.47.38:786][712]LogEngine: All Windows Closed
[2022.01.03-22.47.38:786][712]LogWindows: FPlatformMisc::RequestExit(0)
[2022.01.03-22.47.38:786][712]LogWindows: FPlatformMisc::RequestExitWithStatus(0, 0)
[2022.01.03-22.47.38:786][712]LogCore: Engine exit requested (reason: Win RequestExit)
[2022.01.03-22.47.38:787][713]LogCore: Engine exit requested (reason: EngineExit() was called; note: exit was already requested)
[2022.01.03-22.47.38:787][713]LogInit: Display: PreExit Game.
[2022.01.03-22.47.38:787][713]LogWorld: BeginTearingDown for /Game/Map/Map
[2022.01.03-22.47.38:787][713]LogWorld: UWorld::CleanupWorld for Map, bSessionEnded=true, bCleanupResources=true
[2022.01.03-22.47.38:788][713]LogSlate: InvalidateAllWidgets triggered.  All widgets were invalidated
[2022.01.03-22.47.39:245][713]LogAudio: Display: Beginning Audio Device Manager Shutdown (Module: AudioMixerXAudio2)...
[2022.01.03-22.47.39:245][713]LogAudio: Display: Destroying 1 Remaining Audio Device(s)...
[2022.01.03-22.47.39:245][713]LogAudio: Display: Audio Device unregistered from world 'Map'.
[2022.01.03-22.47.39:248][713]LogAudioMixer: FMixerPlatformXAudio2::StopAudioStream() called
[2022.01.03-22.47.39:249][713]LogAudioMixer: FMixerPlatformXAudio2::StopAudioStream() called
[2022.01.03-22.47.39:255][713]LogAudio: Display: Audio Device Manager Shutdown
[2022.01.03-22.47.39:257][713]LogExit: Preparing to exit.
[2022.01.03-22.47.39:826][713]LogSlate: Updating window title bar state: overlay mode, drag disabled, window buttons hidden, title bar hidden
[2022.01.03-22.47.39:831][713]LogUObjectHash: Compacting FUObjectHashTables data took   1.84ms
[2022.01.03-22.47.39:894][713]LogMoviePlayer: Shutting down movie player
[2022.01.03-22.47.40:021][713]LogExit: Game engine shut down
[2022.01.03-22.47.40:024][713]LogDemo: Cleaned up 0 splitscreen connections with owner deletion
[2022.01.03-22.47.40:087][713]LogExit: Object subsystem successfully closed.
[2022.01.03-22.47.40:096][713]LogShaderCompilers: Display: === FShaderJobCache stats ===
[2022.01.03-22.47.40:096][713]LogShaderCompilers: Display: Total job queries 0, among them cache hits 0 (0.00%)
[2022.01.03-22.47.40:096][713]LogShaderCompilers: Display: Tracking 0 distinct input hashes that result in 0 distinct outputs (0.00%)
[2022.01.03-22.47.40:096][713]LogShaderCompilers: Display: RAM used: 0.00 MB (0.00 GB) of 409.60 MB (0.40 GB) budget. Usage: 0.00%
[2022.01.03-22.47.40:096][713]LogShaderCompilers: Display: ================================================
[2022.01.03-22.47.40:118][713]LogShaderCompilers: Display: Shaders left to compile 0
[2022.01.03-22.47.40:118][713]LogShaderCompilers: Display: Shaders left to compile 0
[2022.01.03-22.47.40:130][713]LogModuleManager: Shutting down and abandoning module SequenceRecorderSections (560)
[2022.01.03-22.47.40:130][713]LogModuleManager: Shutting down and abandoning module SequenceRecorder (558)
[2022.01.03-22.47.40:130][713]LogModuleManager: Shutting down and abandoning module AutomationController (556)
[2022.01.03-22.47.40:130][713]LogModuleManager: Shutting down and abandoning module AutomationWorker (554)
[2022.01.03-22.47.40:130][713]LogModuleManager: Shutting down and abandoning module Voice (552)
[2022.01.03-22.47.40:130][713]LogModuleManager: Shutting down and abandoning module AIModule (550)
[2022.01.03-22.47.40:131][713]LogModuleManager: Shutting down and abandoning module GameplayDebugger (549)
[2022.01.03-22.47.40:131][713]LogModuleManager: Shutting down and abandoning module AITestSuite (547)
[2022.01.03-22.47.40:131][713]LogModuleManager: Shutting down and abandoning module NavigationSystem (545)
[2022.01.03-22.47.40:131][713]LogModuleManager: Shutting down and abandoning module SteamVREditor (542)
[2022.01.03-22.47.40:131][713]LogModuleManager: Shutting down and abandoning module ToolMenus (541)
[2022.01.03-22.47.40:131][713]LogModuleManager: Shutting down and abandoning module OculusMR (538)
[2022.01.03-22.47.40:131][713]LogModuleManager: Shutting down and abandoning module OpenXRInput (536)
[2022.01.03-22.47.40:131][713]LogModuleManager: Shutting down and abandoning module TakeRecorderSources (534)
[2022.01.03-22.47.40:131][713]LogModuleManager: Shutting down and abandoning module TakeRecorder (533)
[2022.01.03-22.47.40:131][713]LogModuleManager: Shutting down and abandoning module TakeTrackRecorders (530)
[2022.01.03-22.47.40:131][713]LogModuleManager: Shutting down and abandoning module TakesCore (528)
[2022.01.03-22.47.40:131][713]LogModuleManager: Shutting down and abandoning module WmfMediaFactory (526)
[2022.01.03-22.47.40:131][713]LogModuleManager: Shutting down and abandoning module WebMMediaFactory (524)
[2022.01.03-22.47.40:131][713]LogModuleManager: Shutting down and abandoning module WebMMedia (522)
[2022.01.03-22.47.40:131][713]LogModuleManager: Shutting down and abandoning module OpenExrWrapper (520)
[2022.01.03-22.47.40:131][713]LogModuleManager: Shutting down and abandoning module ImgMediaFactory (518)
[2022.01.03-22.47.40:131][713]LogModuleManager: Shutting down and abandoning module AvfMediaFactory (516)
[2022.01.03-22.47.40:131][713]LogModuleManager: Shutting down and abandoning module MagicLeapMediaCodecFactory (514)
[2022.01.03-22.47.40:131][713]LogModuleManager: Shutting down and abandoning module MagicLeapMediaFactory (512)
[2022.01.03-22.47.40:131][713]LogModuleManager: Shutting down and abandoning module PlanarCut (510)
[2022.01.03-22.47.40:131][713]LogModuleManager: Shutting down and abandoning module CharacterAI (508)
[2022.01.03-22.47.40:131][713]LogModuleManager: Shutting down and abandoning module SessionServices (506)
[2022.01.03-22.47.40:131][713]LogModuleManager: Shutting down and abandoning module MovieSceneCapture (504)
[2022.01.03-22.47.40:131][713]LogModuleManager: Shutting down and abandoning module LiveCoding (502)
[2022.01.03-22.47.40:131][713]LogModuleManager: Shutting down and abandoning module LevelSequence (500)
[2022.01.03-22.47.40:131][713]LogModuleManager: Shutting down and abandoning module MovieSceneTracks (498)
[2022.01.03-22.47.40:131][713]LogModuleManager: Shutting down and abandoning module MovieScene (496)
[2022.01.03-22.47.40:131][713]LogModuleManager: Shutting down and abandoning module StreamingPauseRendering (494)
[2022.01.03-22.47.40:131][713]LogModuleManager: Shutting down and abandoning module PortalServices (492)
[2022.01.03-22.47.40:131][713]LogModuleManager: Shutting down and abandoning module PortalRpc (490)
[2022.01.03-22.47.40:131][713]LogModuleManager: Shutting down and abandoning module MessagingRpc (488)
[2022.01.03-22.47.40:131][713]LogModuleManager: Shutting down and abandoning module AudioMixerXAudio2 (486)
[2022.01.03-22.47.40:131][713]LogModuleManager: Shutting down and abandoning module AudioMixerCore (485)
[2022.01.03-22.47.40:131][713]LogModuleManager: Shutting down and abandoning module ImageWriteQueue (482)
[2022.01.03-22.47.40:132][713]LogModuleManager: Shutting down and abandoning module ProfilerService (480)
[2022.01.03-22.47.40:238][713]LogModuleManager: Shutting down and abandoning module TaskGraph (478)
[2022.01.03-22.47.40:238][713]LogModuleManager: Shutting down and abandoning module OculusInput (476)
[2022.01.03-22.47.40:238][713]LogModuleManager: Shutting down and abandoning module Synthesis (474)
[2022.01.03-22.47.40:238][713]LogModuleManager: Shutting down and abandoning module ProceduralMeshComponent (472)
[2022.01.03-22.47.40:238][713]LogModuleManager: Shutting down and abandoning module MobilePatchingUtils (470)
[2022.01.03-22.47.40:238][713]LogModuleManager: Shutting down and abandoning module GooglePAD (468)
[2022.01.03-22.47.40:238][713]LogModuleManager: Shutting down and abandoning module EditableMesh (466)
[2022.01.03-22.47.40:238][713]LogModuleManager: Shutting down and abandoning module CustomMeshComponent (464)
[2022.01.03-22.47.40:238][713]LogModuleManager: Shutting down and abandoning module CableComponent (462)
[2022.01.03-22.47.40:238][713]LogModuleManager: Shutting down and abandoning module AudioCapture (460)
[2022.01.03-22.47.40:238][713]LogModuleManager: Shutting down and abandoning module AudioCaptureRtAudio (459)
[2022.01.03-22.47.40:238][713]LogModuleManager: Shutting down and abandoning module AssetTags (456)
[2022.01.03-22.47.40:238][713]LogModuleManager: Shutting down and abandoning module ArchVisCharacter (454)
[2022.01.03-22.47.40:238][713]LogModuleManager: Shutting down and abandoning module AppleImageUtilsBlueprintSupport (452)
[2022.01.03-22.47.40:238][713]LogModuleManager: Shutting down and abandoning module AppleImageUtils (450)
[2022.01.03-22.47.40:238][713]LogModuleManager: Shutting down and abandoning module AndroidPermission (448)
[2022.01.03-22.47.40:238][713]LogModuleManager: Shutting down and abandoning module ActorLayerUtilities (446)
[2022.01.03-22.47.40:238][713]LogModuleManager: Shutting down and abandoning module TakeMovieScene (444)
[2022.01.03-22.47.40:238][713]LogModuleManager: Shutting down and abandoning module TemplateSequence (442)
[2022.01.03-22.47.40:238][713]LogModuleManager: Shutting down and abandoning module MediaCompositing (440)
[2022.01.03-22.47.40:238][713]LogModuleManager: Shutting down and abandoning module ImgMedia (438)
[2022.01.03-22.47.40:238][713]LogModuleManager: Shutting down and abandoning module MagicLeapSharedWorld (436)
[2022.01.03-22.47.40:238][713]LogModuleManager: Shutting down and abandoning module MagicLeapLightEstimation (434)
[2022.01.03-22.47.40:238][713]LogModuleManager: Shutting down and abandoning module MagicLeapHelperVulkan (432)
[2022.01.03-22.47.40:238][713]LogModuleManager: Shutting down and abandoning module MagicLeapHelperOpenGL (430)
[2022.01.03-22.47.40:238][713]LogModuleManager: Shutting down and abandoning module MagicLeapAudio (428)
[2022.01.03-22.47.40:238][713]LogModuleManager: Shutting down and abandoning module OpenImageDenoise (426)
[2022.01.03-22.47.40:238][713]LogOpenImageDenoise: OIDN shutting down
[2022.01.03-22.47.40:238][713]LogModuleManager: Shutting down and abandoning module MotoSynth (424)
[2022.01.03-22.47.40:238][713]LogModuleManager: Shutting down and abandoning module MeshConversion (422)
[2022.01.03-22.47.40:238][713]LogModuleManager: Shutting down and abandoning module DynamicMesh (420)
[2022.01.03-22.47.40:238][713]LogModuleManager: Shutting down and abandoning module GeometryAlgorithms (418)
[2022.01.03-22.47.40:238][713]LogModuleManager: Shutting down and abandoning module GeometricObjects (416)
[2022.01.03-22.47.40:238][713]LogModuleManager: Shutting down and abandoning module GeometryCollectionTracks (414)
[2022.01.03-22.47.40:238][713]LogModuleManager: Shutting down and abandoning module GeometryCollectionSequencer (413)
[2022.01.03-22.47.40:238][713]LogModuleManager: Shutting down and abandoning module GeometryCacheTracks (410)
[2022.01.03-22.47.40:238][713]LogModuleManager: Shutting down and abandoning module GeometryCacheSequencer (409)
[2022.01.03-22.47.40:238][713]LogModuleManager: Shutting down and abandoning module GeometryCache (406)
[2022.01.03-22.47.40:238][713]LogModuleManager: Shutting down and abandoning module GeometryCacheEd (405)
[2022.01.03-22.47.40:238][713]LogModuleManager: Shutting down and abandoning module ChaosNiagara (402)
[2022.01.03-22.47.40:238][713]LogModuleManager: Shutting down and abandoning module FieldSystemEngine (401)
[2022.01.03-22.47.40:238][713]LogModuleManager: Shutting down and abandoning module BackChannel (398)
[2022.01.03-22.47.40:238][713]LogModuleManager: Shutting down and abandoning module AutomationUtils (396)
[2022.01.03-22.47.40:238][713]LogModuleManager: Shutting down and abandoning module VisualStudioSourceCodeAccess (394)
[2022.01.03-22.47.40:238][713]LogModuleManager: Shutting down and abandoning module HotReload (393)
[2022.01.03-22.47.40:239][713]LogModuleManager: Shutting down and abandoning module VisualStudioCodeSourceCodeAccess (390)
[2022.01.03-22.47.40:239][713]LogModuleManager: Shutting down and abandoning module UObjectPlugin (388)
[2022.01.03-22.47.40:239][713]LogModuleManager: Shutting down and abandoning module SubversionSourceControl (386)
[2022.01.03-22.47.40:239][713]LogModuleManager: Shutting down and abandoning module OodleNetworkHandlerComponent (384)
[2022.01.03-22.47.40:239][713]LogModuleManager: Shutting down and abandoning module PerforceSourceControl (382)
[2022.01.03-22.47.40:239][713]LogModuleManager: Shutting down and abandoning module SourceControl (381)
[2022.01.03-22.47.40:239][713]LogModuleManager: Shutting down and abandoning module CLionSourceCodeAccess (378)
[2022.01.03-22.47.40:239][713]LogModuleManager: Shutting down and abandoning module LiveLinkSequencer (376)
[2022.01.03-22.47.40:239][713]LogModuleManager: Shutting down and abandoning module LiveLinkMovieScene (374)
[2022.01.03-22.47.40:239][713]LogModuleManager: Shutting down and abandoning module LiveLinkGraphNode (372)
[2022.01.03-22.47.40:239][713]LogModuleManager: Shutting down and abandoning module LiveLinkComponents (370)
[2022.01.03-22.47.40:239][713]LogModuleManager: Shutting down and abandoning module LiveLink (368)
[2022.01.03-22.47.40:865][713]LogModuleManager: Shutting down and abandoning module Dungeoner (366)
[2022.01.03-22.47.40:865][713]LogModuleManager: Shutting down and abandoning module SoundFields (364)
[2022.01.03-22.47.40:865][713]LogModuleManager: Shutting down and abandoning module SignificanceManager (362)
[2022.01.03-22.47.40:865][713]LogModuleManager: Shutting down and abandoning module RuntimePhysXCooking (360)
[2022.01.03-22.47.40:865][713]LogModuleManager: Shutting down and abandoning module PropertyAccessEditor (358)
[2022.01.03-22.47.40:865][713]LogModuleManager: Shutting down and abandoning module PhysXVehiclesEditor (356)
[2022.01.03-22.47.40:865][713]LogModuleManager: Shutting down and abandoning module LocationServicesBPLibrary (352)
[2022.01.03-22.47.40:865][713]LogModuleManager: Shutting down and abandoning module AudioSynesthesia (350)
[2022.01.03-22.47.40:865][713]LogModuleManager: Shutting down and abandoning module AudioSynesthesiaCore (348)
[2022.01.03-22.47.40:865][713]LogModuleManager: Shutting down and abandoning module UdpMessaging (346)
